[2023-12-31T09:35:23.468-0300] {taskinstance.py:1957} INFO - Dependencies all met for dep_context=non-requeueable deps ti=<TaskInstance: download_rocket_launches.get_pictures scheduled__2023-12-29T00:00:00+00:00 [queued]>
[2023-12-31T09:35:23.491-0300] {taskinstance.py:1957} INFO - Dependencies all met for dep_context=requeueable deps ti=<TaskInstance: download_rocket_launches.get_pictures scheduled__2023-12-29T00:00:00+00:00 [queued]>
[2023-12-31T09:35:23.496-0300] {taskinstance.py:2171} INFO - Starting attempt 1 of 1
[2023-12-31T09:35:23.550-0300] {taskinstance.py:2192} INFO - Executing <Task(PythonOperator): get_pictures> on 2023-12-29 00:00:00+00:00
[2023-12-31T09:35:23.559-0300] {standard_task_runner.py:60} INFO - Started process 31796 to run task
[2023-12-31T09:35:23.568-0300] {standard_task_runner.py:87} INFO - Running: ['airflow', 'tasks', 'run', 'download_rocket_launches', 'get_pictures', 'scheduled__2023-12-29T00:00:00+00:00', '--job-id', '66', '--raw', '--subdir', 'DAGS_FOLDER/00_launch_rocket.py', '--cfg-path', '/tmp/tmpnkdtk3f1']
[2023-12-31T09:35:23.569-0300] {standard_task_runner.py:88} INFO - Job 66: Subtask get_pictures
[2023-12-31T09:35:23.689-0300] {task_command.py:423} INFO - Running <TaskInstance: download_rocket_launches.get_pictures scheduled__2023-12-29T00:00:00+00:00 [running]> on host felipelx.
[2023-12-31T09:35:23.946-0300] {taskinstance.py:2481} INFO - Exporting env vars: AIRFLOW_CTX_DAG_OWNER='airflow' AIRFLOW_CTX_DAG_ID='download_rocket_launches' AIRFLOW_CTX_TASK_ID='get_pictures' AIRFLOW_CTX_EXECUTION_DATE='2023-12-29T00:00:00+00:00' AIRFLOW_CTX_TRY_NUMBER='1' AIRFLOW_CTX_DAG_RUN_ID='scheduled__2023-12-29T00:00:00+00:00'
[2023-12-31T09:35:25.308-0300] {logging_mixin.py:188} INFO - Downloaded https://spacelaunchnow-prod-east.nyc3.digitaloceanspaces.com/media/launch_images/pslv-dl252025_image_20231229181114.jpeg to /tmp/images/pslv-dl252025_image_20231229181114.jpeg
[2023-12-31T09:35:26.678-0300] {logging_mixin.py:188} INFO - Downloaded https://spacelaunchnow-prod-east.nyc3.digitaloceanspaces.com/media/launch_images/falcon2520925_image_20230920071550.png to /tmp/images/falcon2520925_image_20230920071550.png
[2023-12-31T09:35:28.069-0300] {logging_mixin.py:188} INFO - Downloaded https://spacelaunchnow-prod-east.nyc3.digitaloceanspaces.com/media/launcher_images/falcon_9_image_20230807133459.jpeg to /tmp/images/falcon_9_image_20230807133459.jpeg
[2023-12-31T09:35:29.240-0300] {logging_mixin.py:188} INFO - Downloaded https://spacelaunchnow-prod-east.nyc3.digitaloceanspaces.com/media/launcher_images/kuaizhou_image_20191027094423.jpeg to /tmp/images/kuaizhou_image_20191027094423.jpeg
[2023-12-31T09:35:30.630-0300] {logging_mixin.py:188} INFO - Downloaded https://spacelaunchnow-prod-east.nyc3.digitaloceanspaces.com/media/launch_images/vulcan2520vc2s_image_20231014170652.jpeg to /tmp/images/vulcan2520vc2s_image_20231014170652.jpeg
[2023-12-31T09:35:32.237-0300] {logging_mixin.py:188} INFO - Downloaded https://spacelaunchnow-prod-east.nyc3.digitaloceanspaces.com/media/launcher_images/zhongke-1a_image_20220912002218.png to /tmp/images/zhongke-1a_image_20220912002218.png
[2023-12-31T09:35:34.250-0300] {logging_mixin.py:188} INFO - Downloaded https://spacelaunchnow-prod-east.nyc3.digitaloceanspaces.com/media/launcher_images/h-iia2520202_image_20190222031201.jpeg to /tmp/images/h-iia2520202_image_20190222031201.jpeg
[2023-12-31T09:35:36.068-0300] {logging_mixin.py:188} INFO - Downloaded https://spacelaunchnow-prod-east.nyc3.digitaloceanspaces.com/media/launcher_images/gslv2520mk2520ii_image_20190825171642.jpg to /tmp/images/gslv2520mk2520ii_image_20190825171642.jpg
[2023-12-31T09:35:37.467-0300] {logging_mixin.py:188} INFO - Downloaded https://spacelaunchnow-prod-east.nyc3.digitaloceanspaces.com/media/launcher_images/long_march_7_image_20210513083007.jpeg to /tmp/images/long_march_7_image_20210513083007.jpeg
[2023-12-31T09:35:38.790-0300] {logging_mixin.py:188} INFO - Downloaded https://spacelaunchnow-prod-east.nyc3.digitaloceanspaces.com/media/launch_images/falcon2520925_image_20210525171042.jpeg to /tmp/images/falcon2520925_image_20210525171042.jpeg
[2023-12-31T09:35:38.798-0300] {python.py:201} INFO - Done. Returned value was: None
[2023-12-31T09:35:38.818-0300] {taskinstance.py:1138} INFO - Marking task as SUCCESS. dag_id=download_rocket_launches, task_id=get_pictures, execution_date=20231229T000000, start_date=20231231T123523, end_date=20231231T123538
[2023-12-31T09:35:38.886-0300] {local_task_job_runner.py:234} INFO - Task exited with return code 0
[2023-12-31T09:35:38.947-0300] {taskinstance.py:3281} INFO - 1 downstream tasks scheduled from follow-on schedule check
