[2023-12-31T09:37:50.419-0300] {processor.py:161} INFO - Started process (PID=32129) to work on /home/felipe/.local/lib/python3.10/site-packages/airflow/example_dags/example_kubernetes_executor.py
[2023-12-31T09:37:50.420-0300] {processor.py:830} INFO - Processing file /home/felipe/.local/lib/python3.10/site-packages/airflow/example_dags/example_kubernetes_executor.py for tasks to queue
[2023-12-31T09:37:50.427-0300] {logging_mixin.py:188} INFO - [2023-12-31T09:37:50.421-0300] {dagbag.py:538} INFO - Filling up the DagBag from /home/felipe/.local/lib/python3.10/site-packages/airflow/example_dags/example_kubernetes_executor.py
[2023-12-31T09:37:50.436-0300] {logging_mixin.py:188} INFO - [2023-12-31T09:37:50.431-0300] {example_kubernetes_executor.py:38} WARNING - The example_kubernetes_executor example DAG requires the kubernetes provider. Please install it with: pip install apache-airflow[cncf.kubernetes]
[2023-12-31T09:37:50.437-0300] {processor.py:842} WARNING - No viable dags retrieved from /home/felipe/.local/lib/python3.10/site-packages/airflow/example_dags/example_kubernetes_executor.py
[2023-12-31T09:37:50.468-0300] {processor.py:183} INFO - Processing /home/felipe/.local/lib/python3.10/site-packages/airflow/example_dags/example_kubernetes_executor.py took 0.059 seconds
[2023-12-31T09:54:30.407-0300] {processor.py:161} INFO - Started process (PID=32877) to work on /home/felipe/.local/lib/python3.10/site-packages/airflow/example_dags/example_kubernetes_executor.py
[2023-12-31T09:54:30.410-0300] {processor.py:830} INFO - Processing file /home/felipe/.local/lib/python3.10/site-packages/airflow/example_dags/example_kubernetes_executor.py for tasks to queue
[2023-12-31T09:54:30.418-0300] {logging_mixin.py:188} INFO - [2023-12-31T09:54:30.417-0300] {dagbag.py:538} INFO - Filling up the DagBag from /home/felipe/.local/lib/python3.10/site-packages/airflow/example_dags/example_kubernetes_executor.py
[2023-12-31T09:54:30.437-0300] {logging_mixin.py:188} INFO - [2023-12-31T09:54:30.430-0300] {example_kubernetes_executor.py:38} WARNING - The example_kubernetes_executor example DAG requires the kubernetes provider. Please install it with: pip install apache-airflow[cncf.kubernetes]
[2023-12-31T09:54:30.438-0300] {processor.py:842} WARNING - No viable dags retrieved from /home/felipe/.local/lib/python3.10/site-packages/airflow/example_dags/example_kubernetes_executor.py
[2023-12-31T09:54:30.497-0300] {processor.py:183} INFO - Processing /home/felipe/.local/lib/python3.10/site-packages/airflow/example_dags/example_kubernetes_executor.py took 0.107 seconds
[2023-12-31T10:00:46.300-0300] {processor.py:161} INFO - Started process (PID=33201) to work on /home/felipe/.local/lib/python3.10/site-packages/airflow/example_dags/example_kubernetes_executor.py
[2023-12-31T10:00:46.308-0300] {processor.py:830} INFO - Processing file /home/felipe/.local/lib/python3.10/site-packages/airflow/example_dags/example_kubernetes_executor.py for tasks to queue
[2023-12-31T10:00:46.310-0300] {logging_mixin.py:188} INFO - [2023-12-31T10:00:46.309-0300] {dagbag.py:538} INFO - Filling up the DagBag from /home/felipe/.local/lib/python3.10/site-packages/airflow/example_dags/example_kubernetes_executor.py
[2023-12-31T10:00:46.327-0300] {logging_mixin.py:188} INFO - [2023-12-31T10:00:46.327-0300] {example_kubernetes_executor.py:38} WARNING - The example_kubernetes_executor example DAG requires the kubernetes provider. Please install it with: pip install apache-airflow[cncf.kubernetes]
[2023-12-31T10:00:46.328-0300] {processor.py:842} WARNING - No viable dags retrieved from /home/felipe/.local/lib/python3.10/site-packages/airflow/example_dags/example_kubernetes_executor.py
[2023-12-31T10:00:46.377-0300] {processor.py:183} INFO - Processing /home/felipe/.local/lib/python3.10/site-packages/airflow/example_dags/example_kubernetes_executor.py took 0.090 seconds
[2023-12-31T10:03:00.798-0300] {processor.py:161} INFO - Started process (PID=33367) to work on /home/felipe/.local/lib/python3.10/site-packages/airflow/example_dags/example_kubernetes_executor.py
[2023-12-31T10:03:00.808-0300] {processor.py:830} INFO - Processing file /home/felipe/.local/lib/python3.10/site-packages/airflow/example_dags/example_kubernetes_executor.py for tasks to queue
[2023-12-31T10:03:00.816-0300] {logging_mixin.py:188} INFO - [2023-12-31T10:03:00.809-0300] {dagbag.py:538} INFO - Filling up the DagBag from /home/felipe/.local/lib/python3.10/site-packages/airflow/example_dags/example_kubernetes_executor.py
[2023-12-31T10:03:00.828-0300] {logging_mixin.py:188} INFO - [2023-12-31T10:03:00.828-0300] {example_kubernetes_executor.py:38} WARNING - The example_kubernetes_executor example DAG requires the kubernetes provider. Please install it with: pip install apache-airflow[cncf.kubernetes]
[2023-12-31T10:03:00.829-0300] {processor.py:842} WARNING - No viable dags retrieved from /home/felipe/.local/lib/python3.10/site-packages/airflow/example_dags/example_kubernetes_executor.py
[2023-12-31T10:03:00.878-0300] {processor.py:183} INFO - Processing /home/felipe/.local/lib/python3.10/site-packages/airflow/example_dags/example_kubernetes_executor.py took 0.149 seconds
[2023-12-31T10:05:21.016-0300] {processor.py:161} INFO - Started process (PID=33535) to work on /home/felipe/.local/lib/python3.10/site-packages/airflow/example_dags/example_kubernetes_executor.py
[2023-12-31T10:05:21.018-0300] {processor.py:830} INFO - Processing file /home/felipe/.local/lib/python3.10/site-packages/airflow/example_dags/example_kubernetes_executor.py for tasks to queue
[2023-12-31T10:05:21.026-0300] {logging_mixin.py:188} INFO - [2023-12-31T10:05:21.019-0300] {dagbag.py:538} INFO - Filling up the DagBag from /home/felipe/.local/lib/python3.10/site-packages/airflow/example_dags/example_kubernetes_executor.py
[2023-12-31T10:05:21.038-0300] {logging_mixin.py:188} INFO - [2023-12-31T10:05:21.037-0300] {example_kubernetes_executor.py:38} WARNING - The example_kubernetes_executor example DAG requires the kubernetes provider. Please install it with: pip install apache-airflow[cncf.kubernetes]
[2023-12-31T10:05:21.038-0300] {processor.py:842} WARNING - No viable dags retrieved from /home/felipe/.local/lib/python3.10/site-packages/airflow/example_dags/example_kubernetes_executor.py
[2023-12-31T10:05:21.096-0300] {processor.py:183} INFO - Processing /home/felipe/.local/lib/python3.10/site-packages/airflow/example_dags/example_kubernetes_executor.py took 0.097 seconds
[2023-12-31T10:07:43.947-0300] {processor.py:161} INFO - Started process (PID=33728) to work on /home/felipe/.local/lib/python3.10/site-packages/airflow/example_dags/example_kubernetes_executor.py
[2023-12-31T10:07:43.949-0300] {processor.py:830} INFO - Processing file /home/felipe/.local/lib/python3.10/site-packages/airflow/example_dags/example_kubernetes_executor.py for tasks to queue
[2023-12-31T10:07:43.957-0300] {logging_mixin.py:188} INFO - [2023-12-31T10:07:43.949-0300] {dagbag.py:538} INFO - Filling up the DagBag from /home/felipe/.local/lib/python3.10/site-packages/airflow/example_dags/example_kubernetes_executor.py
[2023-12-31T10:07:43.969-0300] {logging_mixin.py:188} INFO - [2023-12-31T10:07:43.968-0300] {example_kubernetes_executor.py:38} WARNING - The example_kubernetes_executor example DAG requires the kubernetes provider. Please install it with: pip install apache-airflow[cncf.kubernetes]
[2023-12-31T10:07:43.969-0300] {processor.py:842} WARNING - No viable dags retrieved from /home/felipe/.local/lib/python3.10/site-packages/airflow/example_dags/example_kubernetes_executor.py
[2023-12-31T10:07:44.019-0300] {processor.py:183} INFO - Processing /home/felipe/.local/lib/python3.10/site-packages/airflow/example_dags/example_kubernetes_executor.py took 0.089 seconds
[2023-12-31T11:30:05.687-0300] {processor.py:161} INFO - Started process (PID=34106) to work on /home/felipe/.local/lib/python3.10/site-packages/airflow/example_dags/example_kubernetes_executor.py
[2023-12-31T11:30:05.704-0300] {processor.py:830} INFO - Processing file /home/felipe/.local/lib/python3.10/site-packages/airflow/example_dags/example_kubernetes_executor.py for tasks to queue
[2023-12-31T11:30:05.705-0300] {logging_mixin.py:188} INFO - [2023-12-31T11:30:05.705-0300] {dagbag.py:538} INFO - Filling up the DagBag from /home/felipe/.local/lib/python3.10/site-packages/airflow/example_dags/example_kubernetes_executor.py
[2023-12-31T11:30:05.725-0300] {logging_mixin.py:188} INFO - [2023-12-31T11:30:05.724-0300] {example_kubernetes_executor.py:38} WARNING - The example_kubernetes_executor example DAG requires the kubernetes provider. Please install it with: pip install apache-airflow[cncf.kubernetes]
[2023-12-31T11:30:05.726-0300] {processor.py:842} WARNING - No viable dags retrieved from /home/felipe/.local/lib/python3.10/site-packages/airflow/example_dags/example_kubernetes_executor.py
[2023-12-31T11:30:05.786-0300] {processor.py:183} INFO - Processing /home/felipe/.local/lib/python3.10/site-packages/airflow/example_dags/example_kubernetes_executor.py took 0.112 seconds
[2023-12-31T11:33:02.515-0300] {processor.py:161} INFO - Started process (PID=34387) to work on /home/felipe/.local/lib/python3.10/site-packages/airflow/example_dags/example_kubernetes_executor.py
[2023-12-31T11:33:02.524-0300] {processor.py:830} INFO - Processing file /home/felipe/.local/lib/python3.10/site-packages/airflow/example_dags/example_kubernetes_executor.py for tasks to queue
[2023-12-31T11:33:02.526-0300] {logging_mixin.py:188} INFO - [2023-12-31T11:33:02.525-0300] {dagbag.py:538} INFO - Filling up the DagBag from /home/felipe/.local/lib/python3.10/site-packages/airflow/example_dags/example_kubernetes_executor.py
[2023-12-31T11:33:02.547-0300] {logging_mixin.py:188} INFO - [2023-12-31T11:33:02.546-0300] {example_kubernetes_executor.py:38} WARNING - The example_kubernetes_executor example DAG requires the kubernetes provider. Please install it with: pip install apache-airflow[cncf.kubernetes]
[2023-12-31T11:33:02.555-0300] {processor.py:842} WARNING - No viable dags retrieved from /home/felipe/.local/lib/python3.10/site-packages/airflow/example_dags/example_kubernetes_executor.py
[2023-12-31T11:33:02.615-0300] {processor.py:183} INFO - Processing /home/felipe/.local/lib/python3.10/site-packages/airflow/example_dags/example_kubernetes_executor.py took 0.121 seconds
[2023-12-31T11:35:56.025-0300] {processor.py:161} INFO - Started process (PID=34605) to work on /home/felipe/.local/lib/python3.10/site-packages/airflow/example_dags/example_kubernetes_executor.py
[2023-12-31T11:35:56.034-0300] {processor.py:830} INFO - Processing file /home/felipe/.local/lib/python3.10/site-packages/airflow/example_dags/example_kubernetes_executor.py for tasks to queue
[2023-12-31T11:35:56.035-0300] {logging_mixin.py:188} INFO - [2023-12-31T11:35:56.035-0300] {dagbag.py:538} INFO - Filling up the DagBag from /home/felipe/.local/lib/python3.10/site-packages/airflow/example_dags/example_kubernetes_executor.py
[2023-12-31T11:35:56.054-0300] {logging_mixin.py:188} INFO - [2023-12-31T11:35:56.046-0300] {example_kubernetes_executor.py:38} WARNING - The example_kubernetes_executor example DAG requires the kubernetes provider. Please install it with: pip install apache-airflow[cncf.kubernetes]
[2023-12-31T11:35:56.054-0300] {processor.py:842} WARNING - No viable dags retrieved from /home/felipe/.local/lib/python3.10/site-packages/airflow/example_dags/example_kubernetes_executor.py
[2023-12-31T11:35:56.106-0300] {processor.py:183} INFO - Processing /home/felipe/.local/lib/python3.10/site-packages/airflow/example_dags/example_kubernetes_executor.py took 0.100 seconds
[2023-12-31T11:38:40.944-0300] {processor.py:161} INFO - Started process (PID=34789) to work on /home/felipe/.local/lib/python3.10/site-packages/airflow/example_dags/example_kubernetes_executor.py
[2023-12-31T11:38:40.954-0300] {processor.py:830} INFO - Processing file /home/felipe/.local/lib/python3.10/site-packages/airflow/example_dags/example_kubernetes_executor.py for tasks to queue
[2023-12-31T11:38:40.955-0300] {logging_mixin.py:188} INFO - [2023-12-31T11:38:40.955-0300] {dagbag.py:538} INFO - Filling up the DagBag from /home/felipe/.local/lib/python3.10/site-packages/airflow/example_dags/example_kubernetes_executor.py
[2023-12-31T11:38:40.984-0300] {logging_mixin.py:188} INFO - [2023-12-31T11:38:40.984-0300] {example_kubernetes_executor.py:38} WARNING - The example_kubernetes_executor example DAG requires the kubernetes provider. Please install it with: pip install apache-airflow[cncf.kubernetes]
[2023-12-31T11:38:40.985-0300] {processor.py:842} WARNING - No viable dags retrieved from /home/felipe/.local/lib/python3.10/site-packages/airflow/example_dags/example_kubernetes_executor.py
[2023-12-31T11:38:41.044-0300] {processor.py:183} INFO - Processing /home/felipe/.local/lib/python3.10/site-packages/airflow/example_dags/example_kubernetes_executor.py took 0.119 seconds
[2023-12-31T11:41:30.826-0300] {processor.py:161} INFO - Started process (PID=34997) to work on /home/felipe/.local/lib/python3.10/site-packages/airflow/example_dags/example_kubernetes_executor.py
[2023-12-31T11:41:30.836-0300] {processor.py:830} INFO - Processing file /home/felipe/.local/lib/python3.10/site-packages/airflow/example_dags/example_kubernetes_executor.py for tasks to queue
[2023-12-31T11:41:30.845-0300] {logging_mixin.py:188} INFO - [2023-12-31T11:41:30.844-0300] {dagbag.py:538} INFO - Filling up the DagBag from /home/felipe/.local/lib/python3.10/site-packages/airflow/example_dags/example_kubernetes_executor.py
[2023-12-31T11:41:30.904-0300] {logging_mixin.py:188} INFO - [2023-12-31T11:41:30.895-0300] {example_kubernetes_executor.py:38} WARNING - The example_kubernetes_executor example DAG requires the kubernetes provider. Please install it with: pip install apache-airflow[cncf.kubernetes]
[2023-12-31T11:41:30.905-0300] {processor.py:842} WARNING - No viable dags retrieved from /home/felipe/.local/lib/python3.10/site-packages/airflow/example_dags/example_kubernetes_executor.py
[2023-12-31T11:41:30.996-0300] {processor.py:183} INFO - Processing /home/felipe/.local/lib/python3.10/site-packages/airflow/example_dags/example_kubernetes_executor.py took 0.202 seconds
[2023-12-31T11:44:48.596-0300] {processor.py:161} INFO - Started process (PID=35223) to work on /home/felipe/.local/lib/python3.10/site-packages/airflow/example_dags/example_kubernetes_executor.py
[2023-12-31T11:44:48.614-0300] {processor.py:830} INFO - Processing file /home/felipe/.local/lib/python3.10/site-packages/airflow/example_dags/example_kubernetes_executor.py for tasks to queue
[2023-12-31T11:44:48.616-0300] {logging_mixin.py:188} INFO - [2023-12-31T11:44:48.615-0300] {dagbag.py:538} INFO - Filling up the DagBag from /home/felipe/.local/lib/python3.10/site-packages/airflow/example_dags/example_kubernetes_executor.py
[2023-12-31T11:44:48.644-0300] {logging_mixin.py:188} INFO - [2023-12-31T11:44:48.636-0300] {example_kubernetes_executor.py:38} WARNING - The example_kubernetes_executor example DAG requires the kubernetes provider. Please install it with: pip install apache-airflow[cncf.kubernetes]
[2023-12-31T11:44:48.645-0300] {processor.py:842} WARNING - No viable dags retrieved from /home/felipe/.local/lib/python3.10/site-packages/airflow/example_dags/example_kubernetes_executor.py
[2023-12-31T11:44:48.725-0300] {processor.py:183} INFO - Processing /home/felipe/.local/lib/python3.10/site-packages/airflow/example_dags/example_kubernetes_executor.py took 0.150 seconds
[2023-12-31T11:48:11.424-0300] {processor.py:161} INFO - Started process (PID=35509) to work on /home/felipe/.local/lib/python3.10/site-packages/airflow/example_dags/example_kubernetes_executor.py
[2023-12-31T11:48:11.436-0300] {processor.py:830} INFO - Processing file /home/felipe/.local/lib/python3.10/site-packages/airflow/example_dags/example_kubernetes_executor.py for tasks to queue
[2023-12-31T11:48:11.465-0300] {logging_mixin.py:188} INFO - [2023-12-31T11:48:11.455-0300] {dagbag.py:538} INFO - Filling up the DagBag from /home/felipe/.local/lib/python3.10/site-packages/airflow/example_dags/example_kubernetes_executor.py
[2023-12-31T11:48:11.536-0300] {logging_mixin.py:188} INFO - [2023-12-31T11:48:11.535-0300] {example_kubernetes_executor.py:38} WARNING - The example_kubernetes_executor example DAG requires the kubernetes provider. Please install it with: pip install apache-airflow[cncf.kubernetes]
[2023-12-31T11:48:11.544-0300] {processor.py:842} WARNING - No viable dags retrieved from /home/felipe/.local/lib/python3.10/site-packages/airflow/example_dags/example_kubernetes_executor.py
[2023-12-31T11:48:12.254-0300] {processor.py:183} INFO - Processing /home/felipe/.local/lib/python3.10/site-packages/airflow/example_dags/example_kubernetes_executor.py took 0.879 seconds
[2023-12-31T11:50:59.055-0300] {processor.py:161} INFO - Started process (PID=35701) to work on /home/felipe/.local/lib/python3.10/site-packages/airflow/example_dags/example_kubernetes_executor.py
[2023-12-31T11:50:59.064-0300] {processor.py:830} INFO - Processing file /home/felipe/.local/lib/python3.10/site-packages/airflow/example_dags/example_kubernetes_executor.py for tasks to queue
[2023-12-31T11:50:59.066-0300] {logging_mixin.py:188} INFO - [2023-12-31T11:50:59.065-0300] {dagbag.py:538} INFO - Filling up the DagBag from /home/felipe/.local/lib/python3.10/site-packages/airflow/example_dags/example_kubernetes_executor.py
[2023-12-31T11:50:59.094-0300] {logging_mixin.py:188} INFO - [2023-12-31T11:50:59.086-0300] {example_kubernetes_executor.py:38} WARNING - The example_kubernetes_executor example DAG requires the kubernetes provider. Please install it with: pip install apache-airflow[cncf.kubernetes]
[2023-12-31T11:50:59.095-0300] {processor.py:842} WARNING - No viable dags retrieved from /home/felipe/.local/lib/python3.10/site-packages/airflow/example_dags/example_kubernetes_executor.py
[2023-12-31T11:50:59.196-0300] {processor.py:183} INFO - Processing /home/felipe/.local/lib/python3.10/site-packages/airflow/example_dags/example_kubernetes_executor.py took 0.170 seconds
[2023-12-31T11:55:44.305-0300] {processor.py:161} INFO - Started process (PID=35977) to work on /home/felipe/.local/lib/python3.10/site-packages/airflow/example_dags/example_kubernetes_executor.py
[2023-12-31T11:55:44.315-0300] {processor.py:830} INFO - Processing file /home/felipe/.local/lib/python3.10/site-packages/airflow/example_dags/example_kubernetes_executor.py for tasks to queue
[2023-12-31T11:55:44.334-0300] {logging_mixin.py:188} INFO - [2023-12-31T11:55:44.326-0300] {dagbag.py:538} INFO - Filling up the DagBag from /home/felipe/.local/lib/python3.10/site-packages/airflow/example_dags/example_kubernetes_executor.py
[2023-12-31T11:55:44.364-0300] {logging_mixin.py:188} INFO - [2023-12-31T11:55:44.355-0300] {example_kubernetes_executor.py:38} WARNING - The example_kubernetes_executor example DAG requires the kubernetes provider. Please install it with: pip install apache-airflow[cncf.kubernetes]
[2023-12-31T11:55:44.365-0300] {processor.py:842} WARNING - No viable dags retrieved from /home/felipe/.local/lib/python3.10/site-packages/airflow/example_dags/example_kubernetes_executor.py
[2023-12-31T11:55:44.455-0300] {processor.py:183} INFO - Processing /home/felipe/.local/lib/python3.10/site-packages/airflow/example_dags/example_kubernetes_executor.py took 0.180 seconds
[2023-12-31T11:59:14.064-0300] {processor.py:161} INFO - Started process (PID=36181) to work on /home/felipe/.local/lib/python3.10/site-packages/airflow/example_dags/example_kubernetes_executor.py
[2023-12-31T11:59:14.075-0300] {processor.py:830} INFO - Processing file /home/felipe/.local/lib/python3.10/site-packages/airflow/example_dags/example_kubernetes_executor.py for tasks to queue
[2023-12-31T11:59:14.085-0300] {logging_mixin.py:188} INFO - [2023-12-31T11:59:14.084-0300] {dagbag.py:538} INFO - Filling up the DagBag from /home/felipe/.local/lib/python3.10/site-packages/airflow/example_dags/example_kubernetes_executor.py
[2023-12-31T11:59:14.124-0300] {logging_mixin.py:188} INFO - [2023-12-31T11:59:14.115-0300] {example_kubernetes_executor.py:38} WARNING - The example_kubernetes_executor example DAG requires the kubernetes provider. Please install it with: pip install apache-airflow[cncf.kubernetes]
[2023-12-31T11:59:14.125-0300] {processor.py:842} WARNING - No viable dags retrieved from /home/felipe/.local/lib/python3.10/site-packages/airflow/example_dags/example_kubernetes_executor.py
[2023-12-31T11:59:14.225-0300] {processor.py:183} INFO - Processing /home/felipe/.local/lib/python3.10/site-packages/airflow/example_dags/example_kubernetes_executor.py took 0.201 seconds
[2023-12-31T12:02:57.325-0300] {processor.py:161} INFO - Started process (PID=36424) to work on /home/felipe/.local/lib/python3.10/site-packages/airflow/example_dags/example_kubernetes_executor.py
[2023-12-31T12:02:57.344-0300] {processor.py:830} INFO - Processing file /home/felipe/.local/lib/python3.10/site-packages/airflow/example_dags/example_kubernetes_executor.py for tasks to queue
[2023-12-31T12:02:57.355-0300] {logging_mixin.py:188} INFO - [2023-12-31T12:02:57.354-0300] {dagbag.py:538} INFO - Filling up the DagBag from /home/felipe/.local/lib/python3.10/site-packages/airflow/example_dags/example_kubernetes_executor.py
[2023-12-31T12:02:57.385-0300] {logging_mixin.py:188} INFO - [2023-12-31T12:02:57.385-0300] {example_kubernetes_executor.py:38} WARNING - The example_kubernetes_executor example DAG requires the kubernetes provider. Please install it with: pip install apache-airflow[cncf.kubernetes]
[2023-12-31T12:02:57.394-0300] {processor.py:842} WARNING - No viable dags retrieved from /home/felipe/.local/lib/python3.10/site-packages/airflow/example_dags/example_kubernetes_executor.py
[2023-12-31T12:02:57.514-0300] {processor.py:183} INFO - Processing /home/felipe/.local/lib/python3.10/site-packages/airflow/example_dags/example_kubernetes_executor.py took 0.228 seconds
