[2023-12-31T09:37:31.070-0300] {processor.py:161} INFO - Started process (PID=32105) to work on /home/felipe/.local/lib/python3.10/site-packages/airflow/example_dags/example_sla_dag.py
[2023-12-31T09:37:31.076-0300] {processor.py:830} INFO - Processing file /home/felipe/.local/lib/python3.10/site-packages/airflow/example_dags/example_sla_dag.py for tasks to queue
[2023-12-31T09:37:31.078-0300] {logging_mixin.py:188} INFO - [2023-12-31T09:37:31.077-0300] {dagbag.py:538} INFO - Filling up the DagBag from /home/felipe/.local/lib/python3.10/site-packages/airflow/example_dags/example_sla_dag.py
[2023-12-31T09:37:31.101-0300] {processor.py:840} INFO - DAG(s) 'example_sla_dag' retrieved from /home/felipe/.local/lib/python3.10/site-packages/airflow/example_dags/example_sla_dag.py
[2023-12-31T09:37:31.500-0300] {logging_mixin.py:188} INFO - [2023-12-31T09:37:31.500-0300] {dag.py:3033} INFO - Sync 1 DAGs
[2023-12-31T09:37:31.580-0300] {logging_mixin.py:188} INFO - [2023-12-31T09:37:31.580-0300] {dag.py:3820} INFO - Setting next_dagrun for example_sla_dag to 2023-12-31T12:34:00+00:00, run_after=2023-12-31T12:36:00+00:00
[2023-12-31T09:37:31.698-0300] {processor.py:183} INFO - Processing /home/felipe/.local/lib/python3.10/site-packages/airflow/example_dags/example_sla_dag.py took 0.637 seconds
[2023-12-31T09:39:31.168-0300] {processor.py:161} INFO - Started process (PID=32227) to work on /home/felipe/.local/lib/python3.10/site-packages/airflow/example_dags/example_sla_dag.py
[2023-12-31T09:39:31.188-0300] {processor.py:830} INFO - Processing file /home/felipe/.local/lib/python3.10/site-packages/airflow/example_dags/example_sla_dag.py for tasks to queue
[2023-12-31T09:39:31.198-0300] {logging_mixin.py:188} INFO - [2023-12-31T09:39:31.197-0300] {dagbag.py:538} INFO - Filling up the DagBag from /home/felipe/.local/lib/python3.10/site-packages/airflow/example_dags/example_sla_dag.py
[2023-12-31T09:39:31.280-0300] {processor.py:840} INFO - DAG(s) 'example_sla_dag' retrieved from /home/felipe/.local/lib/python3.10/site-packages/airflow/example_dags/example_sla_dag.py
[2023-12-31T09:39:31.437-0300] {logging_mixin.py:188} INFO - [2023-12-31T09:39:31.436-0300] {dag.py:3033} INFO - Sync 1 DAGs
[2023-12-31T09:39:31.650-0300] {logging_mixin.py:188} INFO - [2023-12-31T09:39:31.650-0300] {dag.py:3820} INFO - Setting next_dagrun for example_sla_dag to 2023-12-31T12:36:00+00:00, run_after=2023-12-31T12:38:00+00:00
[2023-12-31T09:39:32.030-0300] {processor.py:183} INFO - Processing /home/felipe/.local/lib/python3.10/site-packages/airflow/example_dags/example_sla_dag.py took 0.912 seconds
[2023-12-31T09:54:01.549-0300] {processor.py:161} INFO - Started process (PID=32853) to work on /home/felipe/.local/lib/python3.10/site-packages/airflow/example_dags/example_sla_dag.py
[2023-12-31T09:54:01.558-0300] {processor.py:830} INFO - Processing file /home/felipe/.local/lib/python3.10/site-packages/airflow/example_dags/example_sla_dag.py for tasks to queue
[2023-12-31T09:54:01.560-0300] {logging_mixin.py:188} INFO - [2023-12-31T09:54:01.559-0300] {dagbag.py:538} INFO - Filling up the DagBag from /home/felipe/.local/lib/python3.10/site-packages/airflow/example_dags/example_sla_dag.py
[2023-12-31T09:54:01.659-0300] {processor.py:840} INFO - DAG(s) 'example_sla_dag' retrieved from /home/felipe/.local/lib/python3.10/site-packages/airflow/example_dags/example_sla_dag.py
[2023-12-31T09:54:02.589-0300] {logging_mixin.py:188} INFO - [2023-12-31T09:54:02.588-0300] {dag.py:3033} INFO - Sync 1 DAGs
[2023-12-31T09:54:02.889-0300] {logging_mixin.py:188} INFO - [2023-12-31T09:54:02.889-0300] {dag.py:3820} INFO - Setting next_dagrun for example_sla_dag to 2023-12-31T12:52:00+00:00, run_after=2023-12-31T12:54:00+00:00
[2023-12-31T09:54:03.177-0300] {processor.py:183} INFO - Processing /home/felipe/.local/lib/python3.10/site-packages/airflow/example_dags/example_sla_dag.py took 1.648 seconds
[2023-12-31T09:58:56.628-0300] {processor.py:161} INFO - Started process (PID=33088) to work on /home/felipe/.local/lib/python3.10/site-packages/airflow/example_dags/example_sla_dag.py
[2023-12-31T09:58:56.658-0300] {processor.py:830} INFO - Processing file /home/felipe/.local/lib/python3.10/site-packages/airflow/example_dags/example_sla_dag.py for tasks to queue
[2023-12-31T09:58:56.689-0300] {logging_mixin.py:188} INFO - [2023-12-31T09:58:56.687-0300] {dagbag.py:538} INFO - Filling up the DagBag from /home/felipe/.local/lib/python3.10/site-packages/airflow/example_dags/example_sla_dag.py
[2023-12-31T09:58:56.947-0300] {processor.py:840} INFO - DAG(s) 'example_sla_dag' retrieved from /home/felipe/.local/lib/python3.10/site-packages/airflow/example_dags/example_sla_dag.py
[2023-12-31T09:58:57.589-0300] {logging_mixin.py:188} INFO - [2023-12-31T09:58:57.579-0300] {dag.py:3033} INFO - Sync 1 DAGs
[2023-12-31T09:58:58.748-0300] {logging_mixin.py:188} INFO - [2023-12-31T09:58:58.739-0300] {dag.py:3820} INFO - Setting next_dagrun for example_sla_dag to 2023-12-31T12:56:00+00:00, run_after=2023-12-31T12:58:00+00:00
[2023-12-31T09:59:00.557-0300] {processor.py:183} INFO - Processing /home/felipe/.local/lib/python3.10/site-packages/airflow/example_dags/example_sla_dag.py took 3.983 seconds
[2023-12-31T10:00:41.188-0300] {processor.py:161} INFO - Started process (PID=33198) to work on /home/felipe/.local/lib/python3.10/site-packages/airflow/example_dags/example_sla_dag.py
[2023-12-31T10:00:41.197-0300] {processor.py:830} INFO - Processing file /home/felipe/.local/lib/python3.10/site-packages/airflow/example_dags/example_sla_dag.py for tasks to queue
[2023-12-31T10:00:41.198-0300] {logging_mixin.py:188} INFO - [2023-12-31T10:00:41.198-0300] {dagbag.py:538} INFO - Filling up the DagBag from /home/felipe/.local/lib/python3.10/site-packages/airflow/example_dags/example_sla_dag.py
[2023-12-31T10:00:41.247-0300] {processor.py:840} INFO - DAG(s) 'example_sla_dag' retrieved from /home/felipe/.local/lib/python3.10/site-packages/airflow/example_dags/example_sla_dag.py
[2023-12-31T10:00:41.319-0300] {logging_mixin.py:188} INFO - [2023-12-31T10:00:41.319-0300] {dag.py:3033} INFO - Sync 1 DAGs
[2023-12-31T10:00:41.469-0300] {logging_mixin.py:188} INFO - [2023-12-31T10:00:41.468-0300] {dag.py:3820} INFO - Setting next_dagrun for example_sla_dag to 2023-12-31T12:58:00+00:00, run_after=2023-12-31T13:00:00+00:00
[2023-12-31T10:00:41.627-0300] {processor.py:183} INFO - Processing /home/felipe/.local/lib/python3.10/site-packages/airflow/example_dags/example_sla_dag.py took 0.458 seconds
[2023-12-31T10:02:55.939-0300] {processor.py:161} INFO - Started process (PID=33364) to work on /home/felipe/.local/lib/python3.10/site-packages/airflow/example_dags/example_sla_dag.py
[2023-12-31T10:02:55.948-0300] {processor.py:830} INFO - Processing file /home/felipe/.local/lib/python3.10/site-packages/airflow/example_dags/example_sla_dag.py for tasks to queue
[2023-12-31T10:02:55.950-0300] {logging_mixin.py:188} INFO - [2023-12-31T10:02:55.949-0300] {dagbag.py:538} INFO - Filling up the DagBag from /home/felipe/.local/lib/python3.10/site-packages/airflow/example_dags/example_sla_dag.py
[2023-12-31T10:02:55.989-0300] {processor.py:840} INFO - DAG(s) 'example_sla_dag' retrieved from /home/felipe/.local/lib/python3.10/site-packages/airflow/example_dags/example_sla_dag.py
[2023-12-31T10:02:56.057-0300] {logging_mixin.py:188} INFO - [2023-12-31T10:02:56.057-0300] {dag.py:3033} INFO - Sync 1 DAGs
[2023-12-31T10:02:56.176-0300] {logging_mixin.py:188} INFO - [2023-12-31T10:02:56.169-0300] {dag.py:3820} INFO - Setting next_dagrun for example_sla_dag to 2023-12-31T13:00:00+00:00, run_after=2023-12-31T13:02:00+00:00
[2023-12-31T10:02:56.307-0300] {processor.py:183} INFO - Processing /home/felipe/.local/lib/python3.10/site-packages/airflow/example_dags/example_sla_dag.py took 0.378 seconds
[2023-12-31T10:05:16.168-0300] {processor.py:161} INFO - Started process (PID=33527) to work on /home/felipe/.local/lib/python3.10/site-packages/airflow/example_dags/example_sla_dag.py
[2023-12-31T10:05:16.177-0300] {processor.py:830} INFO - Processing file /home/felipe/.local/lib/python3.10/site-packages/airflow/example_dags/example_sla_dag.py for tasks to queue
[2023-12-31T10:05:16.178-0300] {logging_mixin.py:188} INFO - [2023-12-31T10:05:16.178-0300] {dagbag.py:538} INFO - Filling up the DagBag from /home/felipe/.local/lib/python3.10/site-packages/airflow/example_dags/example_sla_dag.py
[2023-12-31T10:05:16.229-0300] {processor.py:840} INFO - DAG(s) 'example_sla_dag' retrieved from /home/felipe/.local/lib/python3.10/site-packages/airflow/example_dags/example_sla_dag.py
[2023-12-31T10:05:16.318-0300] {logging_mixin.py:188} INFO - [2023-12-31T10:05:16.318-0300] {dag.py:3033} INFO - Sync 1 DAGs
[2023-12-31T10:05:16.458-0300] {logging_mixin.py:188} INFO - [2023-12-31T10:05:16.457-0300] {dag.py:3820} INFO - Setting next_dagrun for example_sla_dag to 2023-12-31T13:02:00+00:00, run_after=2023-12-31T13:04:00+00:00
[2023-12-31T10:05:16.596-0300] {processor.py:183} INFO - Processing /home/felipe/.local/lib/python3.10/site-packages/airflow/example_dags/example_sla_dag.py took 0.447 seconds
[2023-12-31T10:07:38.437-0300] {processor.py:161} INFO - Started process (PID=33719) to work on /home/felipe/.local/lib/python3.10/site-packages/airflow/example_dags/example_sla_dag.py
[2023-12-31T10:07:38.439-0300] {processor.py:830} INFO - Processing file /home/felipe/.local/lib/python3.10/site-packages/airflow/example_dags/example_sla_dag.py for tasks to queue
[2023-12-31T10:07:38.447-0300] {logging_mixin.py:188} INFO - [2023-12-31T10:07:38.447-0300] {dagbag.py:538} INFO - Filling up the DagBag from /home/felipe/.local/lib/python3.10/site-packages/airflow/example_dags/example_sla_dag.py
[2023-12-31T10:07:38.496-0300] {processor.py:840} INFO - DAG(s) 'example_sla_dag' retrieved from /home/felipe/.local/lib/python3.10/site-packages/airflow/example_dags/example_sla_dag.py
[2023-12-31T10:07:38.567-0300] {logging_mixin.py:188} INFO - [2023-12-31T10:07:38.566-0300] {dag.py:3033} INFO - Sync 1 DAGs
[2023-12-31T10:07:38.697-0300] {logging_mixin.py:188} INFO - [2023-12-31T10:07:38.689-0300] {dag.py:3820} INFO - Setting next_dagrun for example_sla_dag to 2023-12-31T13:04:00+00:00, run_after=2023-12-31T13:06:00+00:00
[2023-12-31T10:07:38.846-0300] {processor.py:183} INFO - Processing /home/felipe/.local/lib/python3.10/site-packages/airflow/example_dags/example_sla_dag.py took 0.420 seconds
[2023-12-31T11:29:51.527-0300] {processor.py:161} INFO - Started process (PID=34058) to work on /home/felipe/.local/lib/python3.10/site-packages/airflow/example_dags/example_sla_dag.py
[2023-12-31T11:29:51.536-0300] {processor.py:830} INFO - Processing file /home/felipe/.local/lib/python3.10/site-packages/airflow/example_dags/example_sla_dag.py for tasks to queue
[2023-12-31T11:29:51.546-0300] {logging_mixin.py:188} INFO - [2023-12-31T11:29:51.545-0300] {dagbag.py:538} INFO - Filling up the DagBag from /home/felipe/.local/lib/python3.10/site-packages/airflow/example_dags/example_sla_dag.py
[2023-12-31T11:29:51.606-0300] {processor.py:840} INFO - DAG(s) 'example_sla_dag' retrieved from /home/felipe/.local/lib/python3.10/site-packages/airflow/example_dags/example_sla_dag.py
[2023-12-31T11:29:51.726-0300] {logging_mixin.py:188} INFO - [2023-12-31T11:29:51.725-0300] {dag.py:3033} INFO - Sync 1 DAGs
[2023-12-31T11:29:51.886-0300] {logging_mixin.py:188} INFO - [2023-12-31T11:29:51.886-0300] {dag.py:3820} INFO - Setting next_dagrun for example_sla_dag to 2023-12-31T14:26:00+00:00, run_after=2023-12-31T14:28:00+00:00
[2023-12-31T11:29:52.056-0300] {processor.py:183} INFO - Processing /home/felipe/.local/lib/python3.10/site-packages/airflow/example_dags/example_sla_dag.py took 0.541 seconds
[2023-12-31T11:31:47.905-0300] {processor.py:161} INFO - Started process (PID=34302) to work on /home/felipe/.local/lib/python3.10/site-packages/airflow/example_dags/example_sla_dag.py
[2023-12-31T11:31:47.914-0300] {processor.py:830} INFO - Processing file /home/felipe/.local/lib/python3.10/site-packages/airflow/example_dags/example_sla_dag.py for tasks to queue
[2023-12-31T11:31:47.916-0300] {logging_mixin.py:188} INFO - [2023-12-31T11:31:47.915-0300] {dagbag.py:538} INFO - Filling up the DagBag from /home/felipe/.local/lib/python3.10/site-packages/airflow/example_dags/example_sla_dag.py
[2023-12-31T11:31:47.966-0300] {processor.py:840} INFO - DAG(s) 'example_sla_dag' retrieved from /home/felipe/.local/lib/python3.10/site-packages/airflow/example_dags/example_sla_dag.py
[2023-12-31T11:31:48.074-0300] {logging_mixin.py:188} INFO - [2023-12-31T11:31:48.074-0300] {dag.py:3033} INFO - Sync 1 DAGs
[2023-12-31T11:31:48.216-0300] {logging_mixin.py:188} INFO - [2023-12-31T11:31:48.216-0300] {dag.py:3820} INFO - Setting next_dagrun for example_sla_dag to 2023-12-31T14:28:00+00:00, run_after=2023-12-31T14:30:00+00:00
[2023-12-31T11:31:48.366-0300] {processor.py:183} INFO - Processing /home/felipe/.local/lib/python3.10/site-packages/airflow/example_dags/example_sla_dag.py took 0.480 seconds
[2023-12-31T11:34:38.987-0300] {processor.py:161} INFO - Started process (PID=34492) to work on /home/felipe/.local/lib/python3.10/site-packages/airflow/example_dags/example_sla_dag.py
[2023-12-31T11:34:39.004-0300] {processor.py:830} INFO - Processing file /home/felipe/.local/lib/python3.10/site-packages/airflow/example_dags/example_sla_dag.py for tasks to queue
[2023-12-31T11:34:39.006-0300] {logging_mixin.py:188} INFO - [2023-12-31T11:34:39.005-0300] {dagbag.py:538} INFO - Filling up the DagBag from /home/felipe/.local/lib/python3.10/site-packages/airflow/example_dags/example_sla_dag.py
[2023-12-31T11:34:39.074-0300] {processor.py:840} INFO - DAG(s) 'example_sla_dag' retrieved from /home/felipe/.local/lib/python3.10/site-packages/airflow/example_dags/example_sla_dag.py
[2023-12-31T11:34:39.154-0300] {logging_mixin.py:188} INFO - [2023-12-31T11:34:39.147-0300] {dag.py:3033} INFO - Sync 1 DAGs
[2023-12-31T11:34:39.387-0300] {logging_mixin.py:188} INFO - [2023-12-31T11:34:39.386-0300] {dag.py:3820} INFO - Setting next_dagrun for example_sla_dag to 2023-12-31T14:32:00+00:00, run_after=2023-12-31T14:34:00+00:00
[2023-12-31T11:34:39.596-0300] {processor.py:183} INFO - Processing /home/felipe/.local/lib/python3.10/site-packages/airflow/example_dags/example_sla_dag.py took 0.622 seconds
[2023-12-31T11:37:24.396-0300] {processor.py:161} INFO - Started process (PID=34703) to work on /home/felipe/.local/lib/python3.10/site-packages/airflow/example_dags/example_sla_dag.py
[2023-12-31T11:37:24.414-0300] {processor.py:830} INFO - Processing file /home/felipe/.local/lib/python3.10/site-packages/airflow/example_dags/example_sla_dag.py for tasks to queue
[2023-12-31T11:37:24.415-0300] {logging_mixin.py:188} INFO - [2023-12-31T11:37:24.415-0300] {dagbag.py:538} INFO - Filling up the DagBag from /home/felipe/.local/lib/python3.10/site-packages/airflow/example_dags/example_sla_dag.py
[2023-12-31T11:37:24.465-0300] {processor.py:840} INFO - DAG(s) 'example_sla_dag' retrieved from /home/felipe/.local/lib/python3.10/site-packages/airflow/example_dags/example_sla_dag.py
[2023-12-31T11:37:24.546-0300] {logging_mixin.py:188} INFO - [2023-12-31T11:37:24.546-0300] {dag.py:3033} INFO - Sync 1 DAGs
[2023-12-31T11:37:24.704-0300] {logging_mixin.py:188} INFO - [2023-12-31T11:37:24.704-0300] {dag.py:3820} INFO - Setting next_dagrun for example_sla_dag to 2023-12-31T14:34:00+00:00, run_after=2023-12-31T14:36:00+00:00
[2023-12-31T11:37:24.876-0300] {processor.py:183} INFO - Processing /home/felipe/.local/lib/python3.10/site-packages/airflow/example_dags/example_sla_dag.py took 0.492 seconds
[2023-12-31T11:40:10.295-0300] {processor.py:161} INFO - Started process (PID=34908) to work on /home/felipe/.local/lib/python3.10/site-packages/airflow/example_dags/example_sla_dag.py
[2023-12-31T11:40:10.305-0300] {processor.py:830} INFO - Processing file /home/felipe/.local/lib/python3.10/site-packages/airflow/example_dags/example_sla_dag.py for tasks to queue
[2023-12-31T11:40:10.315-0300] {logging_mixin.py:188} INFO - [2023-12-31T11:40:10.314-0300] {dagbag.py:538} INFO - Filling up the DagBag from /home/felipe/.local/lib/python3.10/site-packages/airflow/example_dags/example_sla_dag.py
[2023-12-31T11:40:10.424-0300] {processor.py:840} INFO - DAG(s) 'example_sla_dag' retrieved from /home/felipe/.local/lib/python3.10/site-packages/airflow/example_dags/example_sla_dag.py
[2023-12-31T11:40:10.535-0300] {logging_mixin.py:188} INFO - [2023-12-31T11:40:10.535-0300] {dag.py:3033} INFO - Sync 1 DAGs
[2023-12-31T11:40:10.716-0300] {logging_mixin.py:188} INFO - [2023-12-31T11:40:10.715-0300] {dag.py:3820} INFO - Setting next_dagrun for example_sla_dag to 2023-12-31T14:38:00+00:00, run_after=2023-12-31T14:40:00+00:00
[2023-12-31T11:40:10.904-0300] {processor.py:183} INFO - Processing /home/felipe/.local/lib/python3.10/site-packages/airflow/example_dags/example_sla_dag.py took 0.628 seconds
[2023-12-31T11:43:12.434-0300] {processor.py:161} INFO - Started process (PID=35111) to work on /home/felipe/.local/lib/python3.10/site-packages/airflow/example_dags/example_sla_dag.py
[2023-12-31T11:43:12.444-0300] {processor.py:830} INFO - Processing file /home/felipe/.local/lib/python3.10/site-packages/airflow/example_dags/example_sla_dag.py for tasks to queue
[2023-12-31T11:43:12.446-0300] {logging_mixin.py:188} INFO - [2023-12-31T11:43:12.445-0300] {dagbag.py:538} INFO - Filling up the DagBag from /home/felipe/.local/lib/python3.10/site-packages/airflow/example_dags/example_sla_dag.py
[2023-12-31T11:43:12.506-0300] {processor.py:840} INFO - DAG(s) 'example_sla_dag' retrieved from /home/felipe/.local/lib/python3.10/site-packages/airflow/example_dags/example_sla_dag.py
[2023-12-31T11:43:12.635-0300] {logging_mixin.py:188} INFO - [2023-12-31T11:43:12.634-0300] {dag.py:3033} INFO - Sync 1 DAGs
[2023-12-31T11:43:12.806-0300] {logging_mixin.py:188} INFO - [2023-12-31T11:43:12.806-0300] {dag.py:3820} INFO - Setting next_dagrun for example_sla_dag to 2023-12-31T14:40:00+00:00, run_after=2023-12-31T14:42:00+00:00
[2023-12-31T11:43:13.014-0300] {processor.py:183} INFO - Processing /home/felipe/.local/lib/python3.10/site-packages/airflow/example_dags/example_sla_dag.py took 0.599 seconds
[2023-12-31T11:46:32.476-0300] {processor.py:161} INFO - Started process (PID=35363) to work on /home/felipe/.local/lib/python3.10/site-packages/airflow/example_dags/example_sla_dag.py
[2023-12-31T11:46:32.486-0300] {processor.py:830} INFO - Processing file /home/felipe/.local/lib/python3.10/site-packages/airflow/example_dags/example_sla_dag.py for tasks to queue
[2023-12-31T11:46:32.496-0300] {logging_mixin.py:188} INFO - [2023-12-31T11:46:32.495-0300] {dagbag.py:538} INFO - Filling up the DagBag from /home/felipe/.local/lib/python3.10/site-packages/airflow/example_dags/example_sla_dag.py
[2023-12-31T11:46:32.575-0300] {processor.py:840} INFO - DAG(s) 'example_sla_dag' retrieved from /home/felipe/.local/lib/python3.10/site-packages/airflow/example_dags/example_sla_dag.py
[2023-12-31T11:46:32.704-0300] {logging_mixin.py:188} INFO - [2023-12-31T11:46:32.696-0300] {dag.py:3033} INFO - Sync 1 DAGs
[2023-12-31T11:46:32.904-0300] {logging_mixin.py:188} INFO - [2023-12-31T11:46:32.904-0300] {dag.py:3820} INFO - Setting next_dagrun for example_sla_dag to 2023-12-31T14:44:00+00:00, run_after=2023-12-31T14:46:00+00:00
[2023-12-31T11:46:33.125-0300] {processor.py:183} INFO - Processing /home/felipe/.local/lib/python3.10/site-packages/airflow/example_dags/example_sla_dag.py took 0.670 seconds
[2023-12-31T11:50:31.625-0300] {processor.py:161} INFO - Started process (PID=35676) to work on /home/felipe/.local/lib/python3.10/site-packages/airflow/example_dags/example_sla_dag.py
[2023-12-31T11:50:31.644-0300] {processor.py:830} INFO - Processing file /home/felipe/.local/lib/python3.10/site-packages/airflow/example_dags/example_sla_dag.py for tasks to queue
[2023-12-31T11:50:31.656-0300] {logging_mixin.py:188} INFO - [2023-12-31T11:50:31.655-0300] {dagbag.py:538} INFO - Filling up the DagBag from /home/felipe/.local/lib/python3.10/site-packages/airflow/example_dags/example_sla_dag.py
[2023-12-31T11:50:31.764-0300] {processor.py:840} INFO - DAG(s) 'example_sla_dag' retrieved from /home/felipe/.local/lib/python3.10/site-packages/airflow/example_dags/example_sla_dag.py
[2023-12-31T11:50:31.914-0300] {logging_mixin.py:188} INFO - [2023-12-31T11:50:31.906-0300] {dag.py:3033} INFO - Sync 1 DAGs
[2023-12-31T11:50:32.264-0300] {logging_mixin.py:188} INFO - [2023-12-31T11:50:32.256-0300] {dag.py:3820} INFO - Setting next_dagrun for example_sla_dag to 2023-12-31T14:48:00+00:00, run_after=2023-12-31T14:50:00+00:00
[2023-12-31T11:50:32.524-0300] {processor.py:183} INFO - Processing /home/felipe/.local/lib/python3.10/site-packages/airflow/example_dags/example_sla_dag.py took 0.938 seconds
[2023-12-31T11:53:22.515-0300] {processor.py:161} INFO - Started process (PID=35817) to work on /home/felipe/.local/lib/python3.10/site-packages/airflow/example_dags/example_sla_dag.py
[2023-12-31T11:53:22.545-0300] {processor.py:830} INFO - Processing file /home/felipe/.local/lib/python3.10/site-packages/airflow/example_dags/example_sla_dag.py for tasks to queue
[2023-12-31T11:53:22.564-0300] {logging_mixin.py:188} INFO - [2023-12-31T11:53:22.555-0300] {dagbag.py:538} INFO - Filling up the DagBag from /home/felipe/.local/lib/python3.10/site-packages/airflow/example_dags/example_sla_dag.py
[2023-12-31T11:53:22.695-0300] {processor.py:840} INFO - DAG(s) 'example_sla_dag' retrieved from /home/felipe/.local/lib/python3.10/site-packages/airflow/example_dags/example_sla_dag.py
[2023-12-31T11:53:22.904-0300] {logging_mixin.py:188} INFO - [2023-12-31T11:53:22.895-0300] {dag.py:3033} INFO - Sync 1 DAGs
[2023-12-31T11:53:23.346-0300] {logging_mixin.py:188} INFO - [2023-12-31T11:53:23.345-0300] {dag.py:3820} INFO - Setting next_dagrun for example_sla_dag to 2023-12-31T14:50:00+00:00, run_after=2023-12-31T14:52:00+00:00
[2023-12-31T11:53:24.036-0300] {processor.py:183} INFO - Processing /home/felipe/.local/lib/python3.10/site-packages/airflow/example_dags/example_sla_dag.py took 1.580 seconds
[2023-12-31T11:57:09.585-0300] {processor.py:161} INFO - Started process (PID=36061) to work on /home/felipe/.local/lib/python3.10/site-packages/airflow/example_dags/example_sla_dag.py
[2023-12-31T11:57:09.595-0300] {processor.py:830} INFO - Processing file /home/felipe/.local/lib/python3.10/site-packages/airflow/example_dags/example_sla_dag.py for tasks to queue
[2023-12-31T11:57:09.604-0300] {logging_mixin.py:188} INFO - [2023-12-31T11:57:09.604-0300] {dagbag.py:538} INFO - Filling up the DagBag from /home/felipe/.local/lib/python3.10/site-packages/airflow/example_dags/example_sla_dag.py
[2023-12-31T11:57:09.695-0300] {processor.py:840} INFO - DAG(s) 'example_sla_dag' retrieved from /home/felipe/.local/lib/python3.10/site-packages/airflow/example_dags/example_sla_dag.py
[2023-12-31T11:57:09.894-0300] {logging_mixin.py:188} INFO - [2023-12-31T11:57:09.885-0300] {dag.py:3033} INFO - Sync 1 DAGs
[2023-12-31T11:57:10.175-0300] {logging_mixin.py:188} INFO - [2023-12-31T11:57:10.175-0300] {dag.py:3820} INFO - Setting next_dagrun for example_sla_dag to 2023-12-31T14:54:00+00:00, run_after=2023-12-31T14:56:00+00:00
[2023-12-31T11:57:10.425-0300] {processor.py:183} INFO - Processing /home/felipe/.local/lib/python3.10/site-packages/airflow/example_dags/example_sla_dag.py took 0.861 seconds
[2023-12-31T12:00:44.244-0300] {processor.py:161} INFO - Started process (PID=36298) to work on /home/felipe/.local/lib/python3.10/site-packages/airflow/example_dags/example_sla_dag.py
[2023-12-31T12:00:44.254-0300] {processor.py:830} INFO - Processing file /home/felipe/.local/lib/python3.10/site-packages/airflow/example_dags/example_sla_dag.py for tasks to queue
[2023-12-31T12:00:44.255-0300] {logging_mixin.py:188} INFO - [2023-12-31T12:00:44.255-0300] {dagbag.py:538} INFO - Filling up the DagBag from /home/felipe/.local/lib/python3.10/site-packages/airflow/example_dags/example_sla_dag.py
[2023-12-31T12:00:44.334-0300] {processor.py:840} INFO - DAG(s) 'example_sla_dag' retrieved from /home/felipe/.local/lib/python3.10/site-packages/airflow/example_dags/example_sla_dag.py
[2023-12-31T12:00:44.515-0300] {logging_mixin.py:188} INFO - [2023-12-31T12:00:44.515-0300] {dag.py:3033} INFO - Sync 1 DAGs
[2023-12-31T12:00:44.745-0300] {logging_mixin.py:188} INFO - [2023-12-31T12:00:44.745-0300] {dag.py:3820} INFO - Setting next_dagrun for example_sla_dag to 2023-12-31T14:58:00+00:00, run_after=2023-12-31T15:00:00+00:00
[2023-12-31T12:00:45.034-0300] {processor.py:183} INFO - Processing /home/felipe/.local/lib/python3.10/site-packages/airflow/example_dags/example_sla_dag.py took 0.810 seconds
[2023-12-31T12:05:20.634-0300] {processor.py:161} INFO - Started process (PID=36599) to work on /home/felipe/.local/lib/python3.10/site-packages/airflow/example_dags/example_sla_dag.py
[2023-12-31T12:05:20.664-0300] {processor.py:830} INFO - Processing file /home/felipe/.local/lib/python3.10/site-packages/airflow/example_dags/example_sla_dag.py for tasks to queue
[2023-12-31T12:05:20.685-0300] {logging_mixin.py:188} INFO - [2023-12-31T12:05:20.675-0300] {dagbag.py:538} INFO - Filling up the DagBag from /home/felipe/.local/lib/python3.10/site-packages/airflow/example_dags/example_sla_dag.py
[2023-12-31T12:05:20.845-0300] {processor.py:840} INFO - DAG(s) 'example_sla_dag' retrieved from /home/felipe/.local/lib/python3.10/site-packages/airflow/example_dags/example_sla_dag.py
[2023-12-31T12:05:21.275-0300] {logging_mixin.py:188} INFO - [2023-12-31T12:05:21.265-0300] {dag.py:3033} INFO - Sync 1 DAGs
[2023-12-31T12:05:21.944-0300] {logging_mixin.py:188} INFO - [2023-12-31T12:05:21.935-0300] {dag.py:3820} INFO - Setting next_dagrun for example_sla_dag to 2023-12-31T15:02:00+00:00, run_after=2023-12-31T15:04:00+00:00
[2023-12-31T12:05:22.424-0300] {processor.py:183} INFO - Processing /home/felipe/.local/lib/python3.10/site-packages/airflow/example_dags/example_sla_dag.py took 1.850 seconds
