[2023-12-31T09:37:51.678-0300] {processor.py:161} INFO - Started process (PID=32130) to work on /home/felipe/.local/lib/python3.10/site-packages/airflow/example_dags/example_external_task_marker_dag.py
[2023-12-31T09:37:51.689-0300] {processor.py:830} INFO - Processing file /home/felipe/.local/lib/python3.10/site-packages/airflow/example_dags/example_external_task_marker_dag.py for tasks to queue
[2023-12-31T09:37:51.696-0300] {logging_mixin.py:188} INFO - [2023-12-31T09:37:51.690-0300] {dagbag.py:538} INFO - Filling up the DagBag from /home/felipe/.local/lib/python3.10/site-packages/airflow/example_dags/example_external_task_marker_dag.py
[2023-12-31T09:37:51.728-0300] {processor.py:840} INFO - DAG(s) 'example_external_task_marker_parent', 'example_external_task_marker_child' retrieved from /home/felipe/.local/lib/python3.10/site-packages/airflow/example_dags/example_external_task_marker_dag.py
[2023-12-31T09:37:52.199-0300] {logging_mixin.py:188} INFO - [2023-12-31T09:37:52.199-0300] {dag.py:3033} INFO - Sync 2 DAGs
[2023-12-31T09:37:52.247-0300] {logging_mixin.py:188} INFO - [2023-12-31T09:37:52.247-0300] {dag.py:3820} INFO - Setting next_dagrun for example_external_task_marker_child to None, run_after=None
[2023-12-31T09:37:52.257-0300] {logging_mixin.py:188} INFO - [2023-12-31T09:37:52.257-0300] {dag.py:3820} INFO - Setting next_dagrun for example_external_task_marker_parent to None, run_after=None
[2023-12-31T09:37:52.351-0300] {processor.py:183} INFO - Processing /home/felipe/.local/lib/python3.10/site-packages/airflow/example_dags/example_external_task_marker_dag.py took 0.691 seconds
[2023-12-31T09:54:31.919-0300] {processor.py:161} INFO - Started process (PID=32881) to work on /home/felipe/.local/lib/python3.10/site-packages/airflow/example_dags/example_external_task_marker_dag.py
[2023-12-31T09:54:31.927-0300] {processor.py:830} INFO - Processing file /home/felipe/.local/lib/python3.10/site-packages/airflow/example_dags/example_external_task_marker_dag.py for tasks to queue
[2023-12-31T09:54:31.928-0300] {logging_mixin.py:188} INFO - [2023-12-31T09:54:31.928-0300] {dagbag.py:538} INFO - Filling up the DagBag from /home/felipe/.local/lib/python3.10/site-packages/airflow/example_dags/example_external_task_marker_dag.py
[2023-12-31T09:54:31.989-0300] {processor.py:840} INFO - DAG(s) 'example_external_task_marker_child', 'example_external_task_marker_parent' retrieved from /home/felipe/.local/lib/python3.10/site-packages/airflow/example_dags/example_external_task_marker_dag.py
[2023-12-31T09:54:32.880-0300] {logging_mixin.py:188} INFO - [2023-12-31T09:54:32.879-0300] {dag.py:3033} INFO - Sync 2 DAGs
[2023-12-31T09:54:32.960-0300] {logging_mixin.py:188} INFO - [2023-12-31T09:54:32.959-0300] {dag.py:3820} INFO - Setting next_dagrun for example_external_task_marker_child to None, run_after=None
[2023-12-31T09:54:32.990-0300] {logging_mixin.py:188} INFO - [2023-12-31T09:54:32.989-0300] {dag.py:3820} INFO - Setting next_dagrun for example_external_task_marker_parent to None, run_after=None
[2023-12-31T09:54:33.159-0300] {processor.py:183} INFO - Processing /home/felipe/.local/lib/python3.10/site-packages/airflow/example_dags/example_external_task_marker_dag.py took 1.252 seconds
[2023-12-31T10:00:46.968-0300] {processor.py:161} INFO - Started process (PID=33205) to work on /home/felipe/.local/lib/python3.10/site-packages/airflow/example_dags/example_external_task_marker_dag.py
[2023-12-31T10:00:46.977-0300] {processor.py:830} INFO - Processing file /home/felipe/.local/lib/python3.10/site-packages/airflow/example_dags/example_external_task_marker_dag.py for tasks to queue
[2023-12-31T10:00:46.987-0300] {logging_mixin.py:188} INFO - [2023-12-31T10:00:46.979-0300] {dagbag.py:538} INFO - Filling up the DagBag from /home/felipe/.local/lib/python3.10/site-packages/airflow/example_dags/example_external_task_marker_dag.py
[2023-12-31T10:00:47.027-0300] {processor.py:840} INFO - DAG(s) 'example_external_task_marker_parent', 'example_external_task_marker_child' retrieved from /home/felipe/.local/lib/python3.10/site-packages/airflow/example_dags/example_external_task_marker_dag.py
[2023-12-31T10:00:47.168-0300] {logging_mixin.py:188} INFO - [2023-12-31T10:00:47.167-0300] {dag.py:3033} INFO - Sync 2 DAGs
[2023-12-31T10:00:47.259-0300] {logging_mixin.py:188} INFO - [2023-12-31T10:00:47.259-0300] {dag.py:3820} INFO - Setting next_dagrun for example_external_task_marker_child to None, run_after=None
[2023-12-31T10:00:47.288-0300] {logging_mixin.py:188} INFO - [2023-12-31T10:00:47.287-0300] {dag.py:3820} INFO - Setting next_dagrun for example_external_task_marker_parent to None, run_after=None
[2023-12-31T10:00:47.458-0300] {processor.py:183} INFO - Processing /home/felipe/.local/lib/python3.10/site-packages/airflow/example_dags/example_external_task_marker_dag.py took 0.509 seconds
[2023-12-31T10:03:01.569-0300] {processor.py:161} INFO - Started process (PID=33368) to work on /home/felipe/.local/lib/python3.10/site-packages/airflow/example_dags/example_external_task_marker_dag.py
[2023-12-31T10:03:01.577-0300] {processor.py:830} INFO - Processing file /home/felipe/.local/lib/python3.10/site-packages/airflow/example_dags/example_external_task_marker_dag.py for tasks to queue
[2023-12-31T10:03:01.579-0300] {logging_mixin.py:188} INFO - [2023-12-31T10:03:01.578-0300] {dagbag.py:538} INFO - Filling up the DagBag from /home/felipe/.local/lib/python3.10/site-packages/airflow/example_dags/example_external_task_marker_dag.py
[2023-12-31T10:03:01.609-0300] {processor.py:840} INFO - DAG(s) 'example_external_task_marker_parent', 'example_external_task_marker_child' retrieved from /home/felipe/.local/lib/python3.10/site-packages/airflow/example_dags/example_external_task_marker_dag.py
[2023-12-31T10:03:01.707-0300] {logging_mixin.py:188} INFO - [2023-12-31T10:03:01.707-0300] {dag.py:3033} INFO - Sync 2 DAGs
[2023-12-31T10:03:01.769-0300] {logging_mixin.py:188} INFO - [2023-12-31T10:03:01.768-0300] {dag.py:3820} INFO - Setting next_dagrun for example_external_task_marker_child to None, run_after=None
[2023-12-31T10:03:01.788-0300] {logging_mixin.py:188} INFO - [2023-12-31T10:03:01.788-0300] {dag.py:3820} INFO - Setting next_dagrun for example_external_task_marker_parent to None, run_after=None
[2023-12-31T10:03:01.920-0300] {processor.py:183} INFO - Processing /home/felipe/.local/lib/python3.10/site-packages/airflow/example_dags/example_external_task_marker_dag.py took 0.361 seconds
[2023-12-31T10:05:21.886-0300] {processor.py:161} INFO - Started process (PID=33536) to work on /home/felipe/.local/lib/python3.10/site-packages/airflow/example_dags/example_external_task_marker_dag.py
[2023-12-31T10:05:21.888-0300] {processor.py:830} INFO - Processing file /home/felipe/.local/lib/python3.10/site-packages/airflow/example_dags/example_external_task_marker_dag.py for tasks to queue
[2023-12-31T10:05:21.890-0300] {logging_mixin.py:188} INFO - [2023-12-31T10:05:21.889-0300] {dagbag.py:538} INFO - Filling up the DagBag from /home/felipe/.local/lib/python3.10/site-packages/airflow/example_dags/example_external_task_marker_dag.py
[2023-12-31T10:05:21.927-0300] {processor.py:840} INFO - DAG(s) 'example_external_task_marker_child', 'example_external_task_marker_parent' retrieved from /home/felipe/.local/lib/python3.10/site-packages/airflow/example_dags/example_external_task_marker_dag.py
[2023-12-31T10:05:22.017-0300] {logging_mixin.py:188} INFO - [2023-12-31T10:05:22.017-0300] {dag.py:3033} INFO - Sync 2 DAGs
[2023-12-31T10:05:22.077-0300] {logging_mixin.py:188} INFO - [2023-12-31T10:05:22.077-0300] {dag.py:3820} INFO - Setting next_dagrun for example_external_task_marker_child to None, run_after=None
[2023-12-31T10:05:22.097-0300] {logging_mixin.py:188} INFO - [2023-12-31T10:05:22.096-0300] {dag.py:3820} INFO - Setting next_dagrun for example_external_task_marker_parent to None, run_after=None
[2023-12-31T10:05:22.217-0300] {processor.py:183} INFO - Processing /home/felipe/.local/lib/python3.10/site-packages/airflow/example_dags/example_external_task_marker_dag.py took 0.348 seconds
[2023-12-31T10:07:45.279-0300] {processor.py:161} INFO - Started process (PID=33729) to work on /home/felipe/.local/lib/python3.10/site-packages/airflow/example_dags/example_external_task_marker_dag.py
[2023-12-31T10:07:45.288-0300] {processor.py:830} INFO - Processing file /home/felipe/.local/lib/python3.10/site-packages/airflow/example_dags/example_external_task_marker_dag.py for tasks to queue
[2023-12-31T10:07:45.289-0300] {logging_mixin.py:188} INFO - [2023-12-31T10:07:45.289-0300] {dagbag.py:538} INFO - Filling up the DagBag from /home/felipe/.local/lib/python3.10/site-packages/airflow/example_dags/example_external_task_marker_dag.py
[2023-12-31T10:07:45.329-0300] {processor.py:840} INFO - DAG(s) 'example_external_task_marker_child', 'example_external_task_marker_parent' retrieved from /home/felipe/.local/lib/python3.10/site-packages/airflow/example_dags/example_external_task_marker_dag.py
[2023-12-31T10:07:45.478-0300] {logging_mixin.py:188} INFO - [2023-12-31T10:07:45.477-0300] {dag.py:3033} INFO - Sync 2 DAGs
[2023-12-31T10:07:45.558-0300] {logging_mixin.py:188} INFO - [2023-12-31T10:07:45.557-0300] {dag.py:3820} INFO - Setting next_dagrun for example_external_task_marker_child to None, run_after=None
[2023-12-31T10:07:45.577-0300] {logging_mixin.py:188} INFO - [2023-12-31T10:07:45.577-0300] {dag.py:3820} INFO - Setting next_dagrun for example_external_task_marker_parent to None, run_after=None
[2023-12-31T10:07:45.697-0300] {processor.py:183} INFO - Processing /home/felipe/.local/lib/python3.10/site-packages/airflow/example_dags/example_external_task_marker_dag.py took 0.428 seconds
[2023-12-31T11:30:07.244-0300] {processor.py:161} INFO - Started process (PID=34116) to work on /home/felipe/.local/lib/python3.10/site-packages/airflow/example_dags/example_external_task_marker_dag.py
[2023-12-31T11:30:07.254-0300] {processor.py:830} INFO - Processing file /home/felipe/.local/lib/python3.10/site-packages/airflow/example_dags/example_external_task_marker_dag.py for tasks to queue
[2023-12-31T11:30:07.256-0300] {logging_mixin.py:188} INFO - [2023-12-31T11:30:07.255-0300] {dagbag.py:538} INFO - Filling up the DagBag from /home/felipe/.local/lib/python3.10/site-packages/airflow/example_dags/example_external_task_marker_dag.py
[2023-12-31T11:30:07.324-0300] {processor.py:840} INFO - DAG(s) 'example_external_task_marker_child', 'example_external_task_marker_parent' retrieved from /home/felipe/.local/lib/python3.10/site-packages/airflow/example_dags/example_external_task_marker_dag.py
[2023-12-31T11:30:07.465-0300] {logging_mixin.py:188} INFO - [2023-12-31T11:30:07.464-0300] {dag.py:3033} INFO - Sync 2 DAGs
[2023-12-31T11:30:07.576-0300] {logging_mixin.py:188} INFO - [2023-12-31T11:30:07.576-0300] {dag.py:3820} INFO - Setting next_dagrun for example_external_task_marker_child to None, run_after=None
[2023-12-31T11:30:07.616-0300] {logging_mixin.py:188} INFO - [2023-12-31T11:30:07.615-0300] {dag.py:3820} INFO - Setting next_dagrun for example_external_task_marker_parent to None, run_after=None
[2023-12-31T11:30:07.815-0300] {processor.py:183} INFO - Processing /home/felipe/.local/lib/python3.10/site-packages/airflow/example_dags/example_external_task_marker_dag.py took 0.599 seconds
[2023-12-31T11:33:03.915-0300] {processor.py:161} INFO - Started process (PID=34388) to work on /home/felipe/.local/lib/python3.10/site-packages/airflow/example_dags/example_external_task_marker_dag.py
[2023-12-31T11:33:03.924-0300] {processor.py:830} INFO - Processing file /home/felipe/.local/lib/python3.10/site-packages/airflow/example_dags/example_external_task_marker_dag.py for tasks to queue
[2023-12-31T11:33:03.926-0300] {logging_mixin.py:188} INFO - [2023-12-31T11:33:03.925-0300] {dagbag.py:538} INFO - Filling up the DagBag from /home/felipe/.local/lib/python3.10/site-packages/airflow/example_dags/example_external_task_marker_dag.py
[2023-12-31T11:33:03.976-0300] {processor.py:840} INFO - DAG(s) 'example_external_task_marker_parent', 'example_external_task_marker_child' retrieved from /home/felipe/.local/lib/python3.10/site-packages/airflow/example_dags/example_external_task_marker_dag.py
[2023-12-31T11:33:04.095-0300] {logging_mixin.py:188} INFO - [2023-12-31T11:33:04.095-0300] {dag.py:3033} INFO - Sync 2 DAGs
[2023-12-31T11:33:04.176-0300] {logging_mixin.py:188} INFO - [2023-12-31T11:33:04.175-0300] {dag.py:3820} INFO - Setting next_dagrun for example_external_task_marker_child to None, run_after=None
[2023-12-31T11:33:04.196-0300] {logging_mixin.py:188} INFO - [2023-12-31T11:33:04.196-0300] {dag.py:3820} INFO - Setting next_dagrun for example_external_task_marker_parent to None, run_after=None
[2023-12-31T11:33:04.344-0300] {processor.py:183} INFO - Processing /home/felipe/.local/lib/python3.10/site-packages/airflow/example_dags/example_external_task_marker_dag.py took 0.448 seconds
[2023-12-31T11:35:57.435-0300] {processor.py:161} INFO - Started process (PID=34606) to work on /home/felipe/.local/lib/python3.10/site-packages/airflow/example_dags/example_external_task_marker_dag.py
[2023-12-31T11:35:57.444-0300] {processor.py:830} INFO - Processing file /home/felipe/.local/lib/python3.10/site-packages/airflow/example_dags/example_external_task_marker_dag.py for tasks to queue
[2023-12-31T11:35:57.446-0300] {logging_mixin.py:188} INFO - [2023-12-31T11:35:57.445-0300] {dagbag.py:538} INFO - Filling up the DagBag from /home/felipe/.local/lib/python3.10/site-packages/airflow/example_dags/example_external_task_marker_dag.py
[2023-12-31T11:35:57.484-0300] {processor.py:840} INFO - DAG(s) 'example_external_task_marker_child', 'example_external_task_marker_parent' retrieved from /home/felipe/.local/lib/python3.10/site-packages/airflow/example_dags/example_external_task_marker_dag.py
[2023-12-31T11:35:57.644-0300] {logging_mixin.py:188} INFO - [2023-12-31T11:35:57.644-0300] {dag.py:3033} INFO - Sync 2 DAGs
[2023-12-31T11:35:57.756-0300] {logging_mixin.py:188} INFO - [2023-12-31T11:35:57.755-0300] {dag.py:3820} INFO - Setting next_dagrun for example_external_task_marker_child to None, run_after=None
[2023-12-31T11:35:57.787-0300] {logging_mixin.py:188} INFO - [2023-12-31T11:35:57.786-0300] {dag.py:3820} INFO - Setting next_dagrun for example_external_task_marker_parent to None, run_after=None
[2023-12-31T11:35:57.945-0300] {processor.py:183} INFO - Processing /home/felipe/.local/lib/python3.10/site-packages/airflow/example_dags/example_external_task_marker_dag.py took 0.521 seconds
[2023-12-31T11:38:42.374-0300] {processor.py:161} INFO - Started process (PID=34790) to work on /home/felipe/.local/lib/python3.10/site-packages/airflow/example_dags/example_external_task_marker_dag.py
[2023-12-31T11:38:42.384-0300] {processor.py:830} INFO - Processing file /home/felipe/.local/lib/python3.10/site-packages/airflow/example_dags/example_external_task_marker_dag.py for tasks to queue
[2023-12-31T11:38:42.385-0300] {logging_mixin.py:188} INFO - [2023-12-31T11:38:42.385-0300] {dagbag.py:538} INFO - Filling up the DagBag from /home/felipe/.local/lib/python3.10/site-packages/airflow/example_dags/example_external_task_marker_dag.py
[2023-12-31T11:38:42.416-0300] {processor.py:840} INFO - DAG(s) 'example_external_task_marker_parent', 'example_external_task_marker_child' retrieved from /home/felipe/.local/lib/python3.10/site-packages/airflow/example_dags/example_external_task_marker_dag.py
[2023-12-31T11:38:42.566-0300] {logging_mixin.py:188} INFO - [2023-12-31T11:38:42.565-0300] {dag.py:3033} INFO - Sync 2 DAGs
[2023-12-31T11:38:42.674-0300] {logging_mixin.py:188} INFO - [2023-12-31T11:38:42.666-0300] {dag.py:3820} INFO - Setting next_dagrun for example_external_task_marker_child to None, run_after=None
[2023-12-31T11:38:42.695-0300] {logging_mixin.py:188} INFO - [2023-12-31T11:38:42.695-0300] {dag.py:3820} INFO - Setting next_dagrun for example_external_task_marker_parent to None, run_after=None
[2023-12-31T11:38:42.845-0300] {processor.py:183} INFO - Processing /home/felipe/.local/lib/python3.10/site-packages/airflow/example_dags/example_external_task_marker_dag.py took 0.490 seconds
[2023-12-31T11:41:32.485-0300] {processor.py:161} INFO - Started process (PID=35004) to work on /home/felipe/.local/lib/python3.10/site-packages/airflow/example_dags/example_external_task_marker_dag.py
[2023-12-31T11:41:32.494-0300] {processor.py:830} INFO - Processing file /home/felipe/.local/lib/python3.10/site-packages/airflow/example_dags/example_external_task_marker_dag.py for tasks to queue
[2023-12-31T11:41:32.496-0300] {logging_mixin.py:188} INFO - [2023-12-31T11:41:32.495-0300] {dagbag.py:538} INFO - Filling up the DagBag from /home/felipe/.local/lib/python3.10/site-packages/airflow/example_dags/example_external_task_marker_dag.py
[2023-12-31T11:41:32.536-0300] {processor.py:840} INFO - DAG(s) 'example_external_task_marker_child', 'example_external_task_marker_parent' retrieved from /home/felipe/.local/lib/python3.10/site-packages/airflow/example_dags/example_external_task_marker_dag.py
[2023-12-31T11:41:32.675-0300] {logging_mixin.py:188} INFO - [2023-12-31T11:41:32.675-0300] {dag.py:3033} INFO - Sync 2 DAGs
[2023-12-31T11:41:32.795-0300] {logging_mixin.py:188} INFO - [2023-12-31T11:41:32.794-0300] {dag.py:3820} INFO - Setting next_dagrun for example_external_task_marker_child to None, run_after=None
[2023-12-31T11:41:32.835-0300] {logging_mixin.py:188} INFO - [2023-12-31T11:41:32.834-0300] {dag.py:3820} INFO - Setting next_dagrun for example_external_task_marker_parent to None, run_after=None
[2023-12-31T11:41:33.056-0300] {processor.py:183} INFO - Processing /home/felipe/.local/lib/python3.10/site-packages/airflow/example_dags/example_external_task_marker_dag.py took 0.591 seconds
[2023-12-31T11:44:50.145-0300] {processor.py:161} INFO - Started process (PID=35224) to work on /home/felipe/.local/lib/python3.10/site-packages/airflow/example_dags/example_external_task_marker_dag.py
[2023-12-31T11:44:50.155-0300] {processor.py:830} INFO - Processing file /home/felipe/.local/lib/python3.10/site-packages/airflow/example_dags/example_external_task_marker_dag.py for tasks to queue
[2023-12-31T11:44:50.164-0300] {logging_mixin.py:188} INFO - [2023-12-31T11:44:50.156-0300] {dagbag.py:538} INFO - Filling up the DagBag from /home/felipe/.local/lib/python3.10/site-packages/airflow/example_dags/example_external_task_marker_dag.py
[2023-12-31T11:44:50.234-0300] {processor.py:840} INFO - DAG(s) 'example_external_task_marker_child', 'example_external_task_marker_parent' retrieved from /home/felipe/.local/lib/python3.10/site-packages/airflow/example_dags/example_external_task_marker_dag.py
[2023-12-31T11:44:50.404-0300] {logging_mixin.py:188} INFO - [2023-12-31T11:44:50.396-0300] {dag.py:3033} INFO - Sync 2 DAGs
[2023-12-31T11:44:50.535-0300] {logging_mixin.py:188} INFO - [2023-12-31T11:44:50.534-0300] {dag.py:3820} INFO - Setting next_dagrun for example_external_task_marker_child to None, run_after=None
[2023-12-31T11:44:50.584-0300] {logging_mixin.py:188} INFO - [2023-12-31T11:44:50.576-0300] {dag.py:3820} INFO - Setting next_dagrun for example_external_task_marker_parent to None, run_after=None
[2023-12-31T11:44:50.776-0300] {processor.py:183} INFO - Processing /home/felipe/.local/lib/python3.10/site-packages/airflow/example_dags/example_external_task_marker_dag.py took 0.660 seconds
[2023-12-31T11:48:18.894-0300] {processor.py:161} INFO - Started process (PID=35516) to work on /home/felipe/.local/lib/python3.10/site-packages/airflow/example_dags/example_external_task_marker_dag.py
[2023-12-31T11:48:18.925-0300] {processor.py:830} INFO - Processing file /home/felipe/.local/lib/python3.10/site-packages/airflow/example_dags/example_external_task_marker_dag.py for tasks to queue
[2023-12-31T11:48:18.946-0300] {logging_mixin.py:188} INFO - [2023-12-31T11:48:18.944-0300] {dagbag.py:538} INFO - Filling up the DagBag from /home/felipe/.local/lib/python3.10/site-packages/airflow/example_dags/example_external_task_marker_dag.py
[2023-12-31T11:48:19.125-0300] {processor.py:840} INFO - DAG(s) 'example_external_task_marker_child', 'example_external_task_marker_parent' retrieved from /home/felipe/.local/lib/python3.10/site-packages/airflow/example_dags/example_external_task_marker_dag.py
[2023-12-31T11:48:19.716-0300] {logging_mixin.py:188} INFO - [2023-12-31T11:48:19.715-0300] {dag.py:3033} INFO - Sync 2 DAGs
[2023-12-31T11:48:20.084-0300] {logging_mixin.py:188} INFO - [2023-12-31T11:48:20.074-0300] {dag.py:3820} INFO - Setting next_dagrun for example_external_task_marker_child to None, run_after=None
[2023-12-31T11:48:20.185-0300] {logging_mixin.py:188} INFO - [2023-12-31T11:48:20.176-0300] {dag.py:3820} INFO - Setting next_dagrun for example_external_task_marker_parent to None, run_after=None
[2023-12-31T11:48:21.086-0300] {processor.py:183} INFO - Processing /home/felipe/.local/lib/python3.10/site-packages/airflow/example_dags/example_external_task_marker_dag.py took 2.259 seconds
[2023-12-31T11:51:00.776-0300] {processor.py:161} INFO - Started process (PID=35702) to work on /home/felipe/.local/lib/python3.10/site-packages/airflow/example_dags/example_external_task_marker_dag.py
[2023-12-31T11:51:00.794-0300] {processor.py:830} INFO - Processing file /home/felipe/.local/lib/python3.10/site-packages/airflow/example_dags/example_external_task_marker_dag.py for tasks to queue
[2023-12-31T11:51:00.796-0300] {logging_mixin.py:188} INFO - [2023-12-31T11:51:00.795-0300] {dagbag.py:538} INFO - Filling up the DagBag from /home/felipe/.local/lib/python3.10/site-packages/airflow/example_dags/example_external_task_marker_dag.py
[2023-12-31T11:51:00.865-0300] {processor.py:840} INFO - DAG(s) 'example_external_task_marker_parent', 'example_external_task_marker_child' retrieved from /home/felipe/.local/lib/python3.10/site-packages/airflow/example_dags/example_external_task_marker_dag.py
[2023-12-31T11:51:01.136-0300] {logging_mixin.py:188} INFO - [2023-12-31T11:51:01.135-0300] {dag.py:3033} INFO - Sync 2 DAGs
[2023-12-31T11:51:01.266-0300] {logging_mixin.py:188} INFO - [2023-12-31T11:51:01.265-0300] {dag.py:3820} INFO - Setting next_dagrun for example_external_task_marker_child to None, run_after=None
[2023-12-31T11:51:01.306-0300] {logging_mixin.py:188} INFO - [2023-12-31T11:51:01.305-0300] {dag.py:3820} INFO - Setting next_dagrun for example_external_task_marker_parent to None, run_after=None
[2023-12-31T11:51:01.575-0300] {processor.py:183} INFO - Processing /home/felipe/.local/lib/python3.10/site-packages/airflow/example_dags/example_external_task_marker_dag.py took 0.849 seconds
[2023-12-31T11:55:45.036-0300] {processor.py:161} INFO - Started process (PID=35978) to work on /home/felipe/.local/lib/python3.10/site-packages/airflow/example_dags/example_external_task_marker_dag.py
[2023-12-31T11:55:45.054-0300] {processor.py:830} INFO - Processing file /home/felipe/.local/lib/python3.10/site-packages/airflow/example_dags/example_external_task_marker_dag.py for tasks to queue
[2023-12-31T11:55:45.064-0300] {logging_mixin.py:188} INFO - [2023-12-31T11:55:45.055-0300] {dagbag.py:538} INFO - Filling up the DagBag from /home/felipe/.local/lib/python3.10/site-packages/airflow/example_dags/example_external_task_marker_dag.py
[2023-12-31T11:55:45.124-0300] {processor.py:840} INFO - DAG(s) 'example_external_task_marker_child', 'example_external_task_marker_parent' retrieved from /home/felipe/.local/lib/python3.10/site-packages/airflow/example_dags/example_external_task_marker_dag.py
[2023-12-31T11:55:45.285-0300] {logging_mixin.py:188} INFO - [2023-12-31T11:55:45.285-0300] {dag.py:3033} INFO - Sync 2 DAGs
[2023-12-31T11:55:45.395-0300] {logging_mixin.py:188} INFO - [2023-12-31T11:55:45.395-0300] {dag.py:3820} INFO - Setting next_dagrun for example_external_task_marker_child to None, run_after=None
[2023-12-31T11:55:45.426-0300] {logging_mixin.py:188} INFO - [2023-12-31T11:55:45.425-0300] {dag.py:3820} INFO - Setting next_dagrun for example_external_task_marker_parent to None, run_after=None
[2023-12-31T11:55:45.724-0300] {processor.py:183} INFO - Processing /home/felipe/.local/lib/python3.10/site-packages/airflow/example_dags/example_external_task_marker_dag.py took 0.718 seconds
[2023-12-31T11:59:15.664-0300] {processor.py:161} INFO - Started process (PID=36185) to work on /home/felipe/.local/lib/python3.10/site-packages/airflow/example_dags/example_external_task_marker_dag.py
[2023-12-31T11:59:15.674-0300] {processor.py:830} INFO - Processing file /home/felipe/.local/lib/python3.10/site-packages/airflow/example_dags/example_external_task_marker_dag.py for tasks to queue
[2023-12-31T11:59:15.684-0300] {logging_mixin.py:188} INFO - [2023-12-31T11:59:15.676-0300] {dagbag.py:538} INFO - Filling up the DagBag from /home/felipe/.local/lib/python3.10/site-packages/airflow/example_dags/example_external_task_marker_dag.py
[2023-12-31T11:59:15.745-0300] {processor.py:840} INFO - DAG(s) 'example_external_task_marker_parent', 'example_external_task_marker_child' retrieved from /home/felipe/.local/lib/python3.10/site-packages/airflow/example_dags/example_external_task_marker_dag.py
[2023-12-31T11:59:15.965-0300] {logging_mixin.py:188} INFO - [2023-12-31T11:59:15.964-0300] {dag.py:3033} INFO - Sync 2 DAGs
[2023-12-31T11:59:16.135-0300] {logging_mixin.py:188} INFO - [2023-12-31T11:59:16.135-0300] {dag.py:3820} INFO - Setting next_dagrun for example_external_task_marker_child to None, run_after=None
[2023-12-31T11:59:16.204-0300] {logging_mixin.py:188} INFO - [2023-12-31T11:59:16.195-0300] {dag.py:3820} INFO - Setting next_dagrun for example_external_task_marker_parent to None, run_after=None
[2023-12-31T11:59:16.524-0300] {processor.py:183} INFO - Processing /home/felipe/.local/lib/python3.10/site-packages/airflow/example_dags/example_external_task_marker_dag.py took 0.889 seconds
[2023-12-31T12:02:59.034-0300] {processor.py:161} INFO - Started process (PID=36425) to work on /home/felipe/.local/lib/python3.10/site-packages/airflow/example_dags/example_external_task_marker_dag.py
[2023-12-31T12:02:59.044-0300] {processor.py:830} INFO - Processing file /home/felipe/.local/lib/python3.10/site-packages/airflow/example_dags/example_external_task_marker_dag.py for tasks to queue
[2023-12-31T12:02:59.054-0300] {logging_mixin.py:188} INFO - [2023-12-31T12:02:59.045-0300] {dagbag.py:538} INFO - Filling up the DagBag from /home/felipe/.local/lib/python3.10/site-packages/airflow/example_dags/example_external_task_marker_dag.py
[2023-12-31T12:02:59.115-0300] {processor.py:840} INFO - DAG(s) 'example_external_task_marker_child', 'example_external_task_marker_parent' retrieved from /home/felipe/.local/lib/python3.10/site-packages/airflow/example_dags/example_external_task_marker_dag.py
[2023-12-31T12:02:59.375-0300] {logging_mixin.py:188} INFO - [2023-12-31T12:02:59.375-0300] {dag.py:3033} INFO - Sync 2 DAGs
[2023-12-31T12:02:59.564-0300] {logging_mixin.py:188} INFO - [2023-12-31T12:02:59.564-0300] {dag.py:3820} INFO - Setting next_dagrun for example_external_task_marker_child to None, run_after=None
[2023-12-31T12:02:59.605-0300] {logging_mixin.py:188} INFO - [2023-12-31T12:02:59.605-0300] {dag.py:3820} INFO - Setting next_dagrun for example_external_task_marker_parent to None, run_after=None
[2023-12-31T12:02:59.905-0300] {processor.py:183} INFO - Processing /home/felipe/.local/lib/python3.10/site-packages/airflow/example_dags/example_external_task_marker_dag.py took 0.902 seconds
