[2023-12-31T09:37:09.121-0300] {processor.py:161} INFO - Started process (PID=32080) to work on /home/felipe/.local/lib/python3.10/site-packages/airflow/example_dags/example_time_delta_sensor_async.py
[2023-12-31T09:37:09.127-0300] {processor.py:830} INFO - Processing file /home/felipe/.local/lib/python3.10/site-packages/airflow/example_dags/example_time_delta_sensor_async.py for tasks to queue
[2023-12-31T09:37:09.129-0300] {logging_mixin.py:188} INFO - [2023-12-31T09:37:09.128-0300] {dagbag.py:538} INFO - Filling up the DagBag from /home/felipe/.local/lib/python3.10/site-packages/airflow/example_dags/example_time_delta_sensor_async.py
[2023-12-31T09:37:09.147-0300] {processor.py:840} INFO - DAG(s) 'example_time_delta_sensor_async' retrieved from /home/felipe/.local/lib/python3.10/site-packages/airflow/example_dags/example_time_delta_sensor_async.py
[2023-12-31T09:37:09.518-0300] {logging_mixin.py:188} INFO - [2023-12-31T09:37:09.518-0300] {dag.py:3033} INFO - Sync 1 DAGs
[2023-12-31T09:37:09.551-0300] {logging_mixin.py:188} INFO - [2023-12-31T09:37:09.550-0300] {dag.py:3820} INFO - Setting next_dagrun for example_time_delta_sensor_async to None, run_after=None
[2023-12-31T09:37:09.649-0300] {processor.py:183} INFO - Processing /home/felipe/.local/lib/python3.10/site-packages/airflow/example_dags/example_time_delta_sensor_async.py took 0.538 seconds
[2023-12-31T09:39:04.748-0300] {processor.py:161} INFO - Started process (PID=32202) to work on /home/felipe/.local/lib/python3.10/site-packages/airflow/example_dags/example_time_delta_sensor_async.py
[2023-12-31T09:39:04.777-0300] {processor.py:830} INFO - Processing file /home/felipe/.local/lib/python3.10/site-packages/airflow/example_dags/example_time_delta_sensor_async.py for tasks to queue
[2023-12-31T09:39:04.808-0300] {logging_mixin.py:188} INFO - [2023-12-31T09:39:04.806-0300] {dagbag.py:538} INFO - Filling up the DagBag from /home/felipe/.local/lib/python3.10/site-packages/airflow/example_dags/example_time_delta_sensor_async.py
[2023-12-31T09:39:04.889-0300] {processor.py:840} INFO - DAG(s) 'example_time_delta_sensor_async' retrieved from /home/felipe/.local/lib/python3.10/site-packages/airflow/example_dags/example_time_delta_sensor_async.py
[2023-12-31T09:39:05.270-0300] {logging_mixin.py:188} INFO - [2023-12-31T09:39:05.269-0300] {dag.py:3033} INFO - Sync 1 DAGs
[2023-12-31T09:39:05.718-0300] {logging_mixin.py:188} INFO - [2023-12-31T09:39:05.717-0300] {dag.py:3820} INFO - Setting next_dagrun for example_time_delta_sensor_async to None, run_after=None
[2023-12-31T09:39:06.559-0300] {processor.py:183} INFO - Processing /home/felipe/.local/lib/python3.10/site-packages/airflow/example_dags/example_time_delta_sensor_async.py took 1.892 seconds
[2023-12-31T09:53:18.516-0300] {processor.py:161} INFO - Started process (PID=32822) to work on /home/felipe/.local/lib/python3.10/site-packages/airflow/example_dags/example_time_delta_sensor_async.py
[2023-12-31T09:53:18.520-0300] {processor.py:830} INFO - Processing file /home/felipe/.local/lib/python3.10/site-packages/airflow/example_dags/example_time_delta_sensor_async.py for tasks to queue
[2023-12-31T09:53:18.528-0300] {logging_mixin.py:188} INFO - [2023-12-31T09:53:18.527-0300] {dagbag.py:538} INFO - Filling up the DagBag from /home/felipe/.local/lib/python3.10/site-packages/airflow/example_dags/example_time_delta_sensor_async.py
[2023-12-31T09:53:18.566-0300] {processor.py:840} INFO - DAG(s) 'example_time_delta_sensor_async' retrieved from /home/felipe/.local/lib/python3.10/site-packages/airflow/example_dags/example_time_delta_sensor_async.py
[2023-12-31T09:53:19.248-0300] {logging_mixin.py:188} INFO - [2023-12-31T09:53:19.248-0300] {dag.py:3033} INFO - Sync 1 DAGs
[2023-12-31T09:53:19.299-0300] {logging_mixin.py:188} INFO - [2023-12-31T09:53:19.298-0300] {dag.py:3820} INFO - Setting next_dagrun for example_time_delta_sensor_async to None, run_after=None
[2023-12-31T09:53:19.448-0300] {processor.py:183} INFO - Processing /home/felipe/.local/lib/python3.10/site-packages/airflow/example_dags/example_time_delta_sensor_async.py took 0.951 seconds
[2023-12-31T09:56:26.196-0300] {processor.py:161} INFO - Started process (PID=33010) to work on /home/felipe/.local/lib/python3.10/site-packages/airflow/example_dags/example_time_delta_sensor_async.py
[2023-12-31T09:56:26.216-0300] {processor.py:830} INFO - Processing file /home/felipe/.local/lib/python3.10/site-packages/airflow/example_dags/example_time_delta_sensor_async.py for tasks to queue
[2023-12-31T09:56:26.227-0300] {logging_mixin.py:188} INFO - [2023-12-31T09:56:26.219-0300] {dagbag.py:538} INFO - Filling up the DagBag from /home/felipe/.local/lib/python3.10/site-packages/airflow/example_dags/example_time_delta_sensor_async.py
[2023-12-31T09:56:26.318-0300] {processor.py:840} INFO - DAG(s) 'example_time_delta_sensor_async' retrieved from /home/felipe/.local/lib/python3.10/site-packages/airflow/example_dags/example_time_delta_sensor_async.py
[2023-12-31T09:56:26.716-0300] {logging_mixin.py:188} INFO - [2023-12-31T09:56:26.707-0300] {dag.py:3033} INFO - Sync 1 DAGs
[2023-12-31T09:56:27.077-0300] {logging_mixin.py:188} INFO - [2023-12-31T09:56:27.068-0300] {dag.py:3820} INFO - Setting next_dagrun for example_time_delta_sensor_async to None, run_after=None
[2023-12-31T09:56:27.798-0300] {processor.py:183} INFO - Processing /home/felipe/.local/lib/python3.10/site-packages/airflow/example_dags/example_time_delta_sensor_async.py took 1.651 seconds
[2023-12-31T10:00:20.749-0300] {processor.py:161} INFO - Started process (PID=33169) to work on /home/felipe/.local/lib/python3.10/site-packages/airflow/example_dags/example_time_delta_sensor_async.py
[2023-12-31T10:00:20.757-0300] {processor.py:830} INFO - Processing file /home/felipe/.local/lib/python3.10/site-packages/airflow/example_dags/example_time_delta_sensor_async.py for tasks to queue
[2023-12-31T10:00:20.758-0300] {logging_mixin.py:188} INFO - [2023-12-31T10:00:20.758-0300] {dagbag.py:538} INFO - Filling up the DagBag from /home/felipe/.local/lib/python3.10/site-packages/airflow/example_dags/example_time_delta_sensor_async.py
[2023-12-31T10:00:20.779-0300] {processor.py:840} INFO - DAG(s) 'example_time_delta_sensor_async' retrieved from /home/felipe/.local/lib/python3.10/site-packages/airflow/example_dags/example_time_delta_sensor_async.py
[2023-12-31T10:00:20.878-0300] {logging_mixin.py:188} INFO - [2023-12-31T10:00:20.878-0300] {dag.py:3033} INFO - Sync 1 DAGs
[2023-12-31T10:00:20.967-0300] {logging_mixin.py:188} INFO - [2023-12-31T10:00:20.967-0300] {dag.py:3820} INFO - Setting next_dagrun for example_time_delta_sensor_async to None, run_after=None
[2023-12-31T10:00:21.146-0300] {processor.py:183} INFO - Processing /home/felipe/.local/lib/python3.10/site-packages/airflow/example_dags/example_time_delta_sensor_async.py took 0.402 seconds
[2023-12-31T10:01:48.007-0300] {processor.py:161} INFO - Started process (PID=33306) to work on /home/felipe/.local/lib/python3.10/site-packages/airflow/example_dags/example_time_delta_sensor_async.py
[2023-12-31T10:01:48.010-0300] {processor.py:830} INFO - Processing file /home/felipe/.local/lib/python3.10/site-packages/airflow/example_dags/example_time_delta_sensor_async.py for tasks to queue
[2023-12-31T10:01:48.017-0300] {logging_mixin.py:188} INFO - [2023-12-31T10:01:48.017-0300] {dagbag.py:538} INFO - Filling up the DagBag from /home/felipe/.local/lib/python3.10/site-packages/airflow/example_dags/example_time_delta_sensor_async.py
[2023-12-31T10:01:48.037-0300] {processor.py:840} INFO - DAG(s) 'example_time_delta_sensor_async' retrieved from /home/felipe/.local/lib/python3.10/site-packages/airflow/example_dags/example_time_delta_sensor_async.py
[2023-12-31T10:01:48.109-0300] {logging_mixin.py:188} INFO - [2023-12-31T10:01:48.109-0300] {dag.py:3033} INFO - Sync 1 DAGs
[2023-12-31T10:01:48.166-0300] {logging_mixin.py:188} INFO - [2023-12-31T10:01:48.166-0300] {dag.py:3820} INFO - Setting next_dagrun for example_time_delta_sensor_async to None, run_after=None
[2023-12-31T10:01:48.280-0300] {processor.py:183} INFO - Processing /home/felipe/.local/lib/python3.10/site-packages/airflow/example_dags/example_time_delta_sensor_async.py took 0.283 seconds
[2023-12-31T10:04:01.638-0300] {processor.py:161} INFO - Started process (PID=33442) to work on /home/felipe/.local/lib/python3.10/site-packages/airflow/example_dags/example_time_delta_sensor_async.py
[2023-12-31T10:04:01.647-0300] {processor.py:830} INFO - Processing file /home/felipe/.local/lib/python3.10/site-packages/airflow/example_dags/example_time_delta_sensor_async.py for tasks to queue
[2023-12-31T10:04:01.648-0300] {logging_mixin.py:188} INFO - [2023-12-31T10:04:01.648-0300] {dagbag.py:538} INFO - Filling up the DagBag from /home/felipe/.local/lib/python3.10/site-packages/airflow/example_dags/example_time_delta_sensor_async.py
[2023-12-31T10:04:01.669-0300] {processor.py:840} INFO - DAG(s) 'example_time_delta_sensor_async' retrieved from /home/felipe/.local/lib/python3.10/site-packages/airflow/example_dags/example_time_delta_sensor_async.py
[2023-12-31T10:04:01.747-0300] {logging_mixin.py:188} INFO - [2023-12-31T10:04:01.747-0300] {dag.py:3033} INFO - Sync 1 DAGs
[2023-12-31T10:04:01.799-0300] {logging_mixin.py:188} INFO - [2023-12-31T10:04:01.798-0300] {dag.py:3820} INFO - Setting next_dagrun for example_time_delta_sensor_async to None, run_after=None
[2023-12-31T10:04:01.937-0300] {processor.py:183} INFO - Processing /home/felipe/.local/lib/python3.10/site-packages/airflow/example_dags/example_time_delta_sensor_async.py took 0.310 seconds
[2023-12-31T10:06:22.519-0300] {processor.py:161} INFO - Started process (PID=33635) to work on /home/felipe/.local/lib/python3.10/site-packages/airflow/example_dags/example_time_delta_sensor_async.py
[2023-12-31T10:06:22.528-0300] {processor.py:830} INFO - Processing file /home/felipe/.local/lib/python3.10/site-packages/airflow/example_dags/example_time_delta_sensor_async.py for tasks to queue
[2023-12-31T10:06:22.529-0300] {logging_mixin.py:188} INFO - [2023-12-31T10:06:22.529-0300] {dagbag.py:538} INFO - Filling up the DagBag from /home/felipe/.local/lib/python3.10/site-packages/airflow/example_dags/example_time_delta_sensor_async.py
[2023-12-31T10:06:22.549-0300] {processor.py:840} INFO - DAG(s) 'example_time_delta_sensor_async' retrieved from /home/felipe/.local/lib/python3.10/site-packages/airflow/example_dags/example_time_delta_sensor_async.py
[2023-12-31T10:06:22.628-0300] {logging_mixin.py:188} INFO - [2023-12-31T10:06:22.628-0300] {dag.py:3033} INFO - Sync 1 DAGs
[2023-12-31T10:06:22.687-0300] {logging_mixin.py:188} INFO - [2023-12-31T10:06:22.687-0300] {dag.py:3820} INFO - Setting next_dagrun for example_time_delta_sensor_async to None, run_after=None
[2023-12-31T10:06:22.819-0300] {processor.py:183} INFO - Processing /home/felipe/.local/lib/python3.10/site-packages/airflow/example_dags/example_time_delta_sensor_async.py took 0.311 seconds
[2023-12-31T10:08:48.406-0300] {processor.py:161} INFO - Started process (PID=33803) to work on /home/felipe/.local/lib/python3.10/site-packages/airflow/example_dags/example_time_delta_sensor_async.py
[2023-12-31T10:08:48.408-0300] {processor.py:830} INFO - Processing file /home/felipe/.local/lib/python3.10/site-packages/airflow/example_dags/example_time_delta_sensor_async.py for tasks to queue
[2023-12-31T10:08:48.416-0300] {logging_mixin.py:188} INFO - [2023-12-31T10:08:48.409-0300] {dagbag.py:538} INFO - Filling up the DagBag from /home/felipe/.local/lib/python3.10/site-packages/airflow/example_dags/example_time_delta_sensor_async.py
[2023-12-31T10:08:48.437-0300] {processor.py:840} INFO - DAG(s) 'example_time_delta_sensor_async' retrieved from /home/felipe/.local/lib/python3.10/site-packages/airflow/example_dags/example_time_delta_sensor_async.py
[2023-12-31T10:08:48.519-0300] {logging_mixin.py:188} INFO - [2023-12-31T10:08:48.518-0300] {dag.py:3033} INFO - Sync 1 DAGs
[2023-12-31T10:08:48.579-0300] {logging_mixin.py:188} INFO - [2023-12-31T10:08:48.579-0300] {dag.py:3820} INFO - Setting next_dagrun for example_time_delta_sensor_async to None, run_after=None
[2023-12-31T10:08:48.726-0300] {processor.py:183} INFO - Processing /home/felipe/.local/lib/python3.10/site-packages/airflow/example_dags/example_time_delta_sensor_async.py took 0.331 seconds
[2023-12-31T11:29:30.046-0300] {processor.py:161} INFO - Started process (PID=34024) to work on /home/felipe/.local/lib/python3.10/site-packages/airflow/example_dags/example_time_delta_sensor_async.py
[2023-12-31T11:29:30.054-0300] {processor.py:830} INFO - Processing file /home/felipe/.local/lib/python3.10/site-packages/airflow/example_dags/example_time_delta_sensor_async.py for tasks to queue
[2023-12-31T11:29:30.056-0300] {logging_mixin.py:188} INFO - [2023-12-31T11:29:30.055-0300] {dagbag.py:538} INFO - Filling up the DagBag from /home/felipe/.local/lib/python3.10/site-packages/airflow/example_dags/example_time_delta_sensor_async.py
[2023-12-31T11:29:30.084-0300] {processor.py:840} INFO - DAG(s) 'example_time_delta_sensor_async' retrieved from /home/felipe/.local/lib/python3.10/site-packages/airflow/example_dags/example_time_delta_sensor_async.py
[2023-12-31T11:29:30.175-0300] {logging_mixin.py:188} INFO - [2023-12-31T11:29:30.174-0300] {dag.py:3033} INFO - Sync 1 DAGs
[2023-12-31T11:29:30.244-0300] {logging_mixin.py:188} INFO - [2023-12-31T11:29:30.244-0300] {dag.py:3820} INFO - Setting next_dagrun for example_time_delta_sensor_async to None, run_after=None
[2023-12-31T11:29:30.395-0300] {processor.py:183} INFO - Processing /home/felipe/.local/lib/python3.10/site-packages/airflow/example_dags/example_time_delta_sensor_async.py took 0.361 seconds
[2023-12-31T11:31:24.164-0300] {processor.py:161} INFO - Started process (PID=34273) to work on /home/felipe/.local/lib/python3.10/site-packages/airflow/example_dags/example_time_delta_sensor_async.py
[2023-12-31T11:31:24.167-0300] {processor.py:830} INFO - Processing file /home/felipe/.local/lib/python3.10/site-packages/airflow/example_dags/example_time_delta_sensor_async.py for tasks to queue
[2023-12-31T11:31:24.176-0300] {logging_mixin.py:188} INFO - [2023-12-31T11:31:24.175-0300] {dagbag.py:538} INFO - Filling up the DagBag from /home/felipe/.local/lib/python3.10/site-packages/airflow/example_dags/example_time_delta_sensor_async.py
[2023-12-31T11:31:24.207-0300] {processor.py:840} INFO - DAG(s) 'example_time_delta_sensor_async' retrieved from /home/felipe/.local/lib/python3.10/site-packages/airflow/example_dags/example_time_delta_sensor_async.py
[2023-12-31T11:31:24.355-0300] {logging_mixin.py:188} INFO - [2023-12-31T11:31:24.355-0300] {dag.py:3033} INFO - Sync 1 DAGs
[2023-12-31T11:31:24.466-0300] {logging_mixin.py:188} INFO - [2023-12-31T11:31:24.466-0300] {dag.py:3820} INFO - Setting next_dagrun for example_time_delta_sensor_async to None, run_after=None
[2023-12-31T11:31:24.676-0300] {processor.py:183} INFO - Processing /home/felipe/.local/lib/python3.10/site-packages/airflow/example_dags/example_time_delta_sensor_async.py took 0.540 seconds
[2023-12-31T11:32:48.055-0300] {processor.py:161} INFO - Started process (PID=34373) to work on /home/felipe/.local/lib/python3.10/site-packages/airflow/example_dags/example_time_delta_sensor_async.py
[2023-12-31T11:32:48.064-0300] {processor.py:830} INFO - Processing file /home/felipe/.local/lib/python3.10/site-packages/airflow/example_dags/example_time_delta_sensor_async.py for tasks to queue
[2023-12-31T11:32:48.065-0300] {logging_mixin.py:188} INFO - [2023-12-31T11:32:48.065-0300] {dagbag.py:538} INFO - Filling up the DagBag from /home/felipe/.local/lib/python3.10/site-packages/airflow/example_dags/example_time_delta_sensor_async.py
[2023-12-31T11:32:48.094-0300] {processor.py:840} INFO - DAG(s) 'example_time_delta_sensor_async' retrieved from /home/felipe/.local/lib/python3.10/site-packages/airflow/example_dags/example_time_delta_sensor_async.py
[2023-12-31T11:32:48.174-0300] {logging_mixin.py:188} INFO - [2023-12-31T11:32:48.167-0300] {dag.py:3033} INFO - Sync 1 DAGs
[2023-12-31T11:32:48.236-0300] {logging_mixin.py:188} INFO - [2023-12-31T11:32:48.236-0300] {dag.py:3820} INFO - Setting next_dagrun for example_time_delta_sensor_async to None, run_after=None
[2023-12-31T11:32:48.415-0300] {processor.py:183} INFO - Processing /home/felipe/.local/lib/python3.10/site-packages/airflow/example_dags/example_time_delta_sensor_async.py took 0.381 seconds
[2023-12-31T11:34:16.134-0300] {processor.py:161} INFO - Started process (PID=34467) to work on /home/felipe/.local/lib/python3.10/site-packages/airflow/example_dags/example_time_delta_sensor_async.py
[2023-12-31T11:34:16.136-0300] {processor.py:830} INFO - Processing file /home/felipe/.local/lib/python3.10/site-packages/airflow/example_dags/example_time_delta_sensor_async.py for tasks to queue
[2023-12-31T11:34:16.145-0300] {logging_mixin.py:188} INFO - [2023-12-31T11:34:16.144-0300] {dagbag.py:538} INFO - Filling up the DagBag from /home/felipe/.local/lib/python3.10/site-packages/airflow/example_dags/example_time_delta_sensor_async.py
[2023-12-31T11:34:16.167-0300] {processor.py:840} INFO - DAG(s) 'example_time_delta_sensor_async' retrieved from /home/felipe/.local/lib/python3.10/site-packages/airflow/example_dags/example_time_delta_sensor_async.py
[2023-12-31T11:34:16.256-0300] {logging_mixin.py:188} INFO - [2023-12-31T11:34:16.256-0300] {dag.py:3033} INFO - Sync 1 DAGs
[2023-12-31T11:34:16.334-0300] {logging_mixin.py:188} INFO - [2023-12-31T11:34:16.327-0300] {dag.py:3820} INFO - Setting next_dagrun for example_time_delta_sensor_async to None, run_after=None
[2023-12-31T11:34:16.495-0300] {processor.py:183} INFO - Processing /home/felipe/.local/lib/python3.10/site-packages/airflow/example_dags/example_time_delta_sensor_async.py took 0.379 seconds
[2023-12-31T11:35:41.685-0300] {processor.py:161} INFO - Started process (PID=34591) to work on /home/felipe/.local/lib/python3.10/site-packages/airflow/example_dags/example_time_delta_sensor_async.py
[2023-12-31T11:35:41.717-0300] {processor.py:830} INFO - Processing file /home/felipe/.local/lib/python3.10/site-packages/airflow/example_dags/example_time_delta_sensor_async.py for tasks to queue
[2023-12-31T11:35:41.725-0300] {logging_mixin.py:188} INFO - [2023-12-31T11:35:41.725-0300] {dagbag.py:538} INFO - Filling up the DagBag from /home/felipe/.local/lib/python3.10/site-packages/airflow/example_dags/example_time_delta_sensor_async.py
[2023-12-31T11:35:41.754-0300] {processor.py:840} INFO - DAG(s) 'example_time_delta_sensor_async' retrieved from /home/felipe/.local/lib/python3.10/site-packages/airflow/example_dags/example_time_delta_sensor_async.py
[2023-12-31T11:35:41.835-0300] {logging_mixin.py:188} INFO - [2023-12-31T11:35:41.835-0300] {dag.py:3033} INFO - Sync 1 DAGs
[2023-12-31T11:35:41.904-0300] {logging_mixin.py:188} INFO - [2023-12-31T11:35:41.904-0300] {dag.py:3820} INFO - Setting next_dagrun for example_time_delta_sensor_async to None, run_after=None
[2023-12-31T11:35:42.094-0300] {processor.py:183} INFO - Processing /home/felipe/.local/lib/python3.10/site-packages/airflow/example_dags/example_time_delta_sensor_async.py took 0.427 seconds
[2023-12-31T11:37:04.485-0300] {processor.py:161} INFO - Started process (PID=34680) to work on /home/felipe/.local/lib/python3.10/site-packages/airflow/example_dags/example_time_delta_sensor_async.py
[2023-12-31T11:37:04.494-0300] {processor.py:830} INFO - Processing file /home/felipe/.local/lib/python3.10/site-packages/airflow/example_dags/example_time_delta_sensor_async.py for tasks to queue
[2023-12-31T11:37:04.496-0300] {logging_mixin.py:188} INFO - [2023-12-31T11:37:04.495-0300] {dagbag.py:538} INFO - Filling up the DagBag from /home/felipe/.local/lib/python3.10/site-packages/airflow/example_dags/example_time_delta_sensor_async.py
[2023-12-31T11:37:04.526-0300] {processor.py:840} INFO - DAG(s) 'example_time_delta_sensor_async' retrieved from /home/felipe/.local/lib/python3.10/site-packages/airflow/example_dags/example_time_delta_sensor_async.py
[2023-12-31T11:37:04.616-0300] {logging_mixin.py:188} INFO - [2023-12-31T11:37:04.616-0300] {dag.py:3033} INFO - Sync 1 DAGs
[2023-12-31T11:37:04.715-0300] {logging_mixin.py:188} INFO - [2023-12-31T11:37:04.715-0300] {dag.py:3820} INFO - Setting next_dagrun for example_time_delta_sensor_async to None, run_after=None
[2023-12-31T11:37:04.904-0300] {processor.py:183} INFO - Processing /home/felipe/.local/lib/python3.10/site-packages/airflow/example_dags/example_time_delta_sensor_async.py took 0.423 seconds
[2023-12-31T11:38:27.376-0300] {processor.py:161} INFO - Started process (PID=34772) to work on /home/felipe/.local/lib/python3.10/site-packages/airflow/example_dags/example_time_delta_sensor_async.py
[2023-12-31T11:38:27.386-0300] {processor.py:830} INFO - Processing file /home/felipe/.local/lib/python3.10/site-packages/airflow/example_dags/example_time_delta_sensor_async.py for tasks to queue
[2023-12-31T11:38:27.394-0300] {logging_mixin.py:188} INFO - [2023-12-31T11:38:27.394-0300] {dagbag.py:538} INFO - Filling up the DagBag from /home/felipe/.local/lib/python3.10/site-packages/airflow/example_dags/example_time_delta_sensor_async.py
[2023-12-31T11:38:27.416-0300] {processor.py:840} INFO - DAG(s) 'example_time_delta_sensor_async' retrieved from /home/felipe/.local/lib/python3.10/site-packages/airflow/example_dags/example_time_delta_sensor_async.py
[2023-12-31T11:38:27.535-0300] {logging_mixin.py:188} INFO - [2023-12-31T11:38:27.534-0300] {dag.py:3033} INFO - Sync 1 DAGs
[2023-12-31T11:38:27.615-0300] {logging_mixin.py:188} INFO - [2023-12-31T11:38:27.614-0300] {dag.py:3820} INFO - Setting next_dagrun for example_time_delta_sensor_async to None, run_after=None
[2023-12-31T11:38:27.806-0300] {processor.py:183} INFO - Processing /home/felipe/.local/lib/python3.10/site-packages/airflow/example_dags/example_time_delta_sensor_async.py took 0.441 seconds
[2023-12-31T11:39:50.554-0300] {processor.py:161} INFO - Started process (PID=34864) to work on /home/felipe/.local/lib/python3.10/site-packages/airflow/example_dags/example_time_delta_sensor_async.py
[2023-12-31T11:39:50.564-0300] {processor.py:830} INFO - Processing file /home/felipe/.local/lib/python3.10/site-packages/airflow/example_dags/example_time_delta_sensor_async.py for tasks to queue
[2023-12-31T11:39:50.565-0300] {logging_mixin.py:188} INFO - [2023-12-31T11:39:50.565-0300] {dagbag.py:538} INFO - Filling up the DagBag from /home/felipe/.local/lib/python3.10/site-packages/airflow/example_dags/example_time_delta_sensor_async.py
[2023-12-31T11:39:50.595-0300] {processor.py:840} INFO - DAG(s) 'example_time_delta_sensor_async' retrieved from /home/felipe/.local/lib/python3.10/site-packages/airflow/example_dags/example_time_delta_sensor_async.py
[2023-12-31T11:39:50.686-0300] {logging_mixin.py:188} INFO - [2023-12-31T11:39:50.685-0300] {dag.py:3033} INFO - Sync 1 DAGs
[2023-12-31T11:39:50.755-0300] {logging_mixin.py:188} INFO - [2023-12-31T11:39:50.755-0300] {dag.py:3820} INFO - Setting next_dagrun for example_time_delta_sensor_async to None, run_after=None
[2023-12-31T11:39:50.944-0300] {processor.py:183} INFO - Processing /home/felipe/.local/lib/python3.10/site-packages/airflow/example_dags/example_time_delta_sensor_async.py took 0.418 seconds
[2023-12-31T11:41:13.775-0300] {processor.py:161} INFO - Started process (PID=34980) to work on /home/felipe/.local/lib/python3.10/site-packages/airflow/example_dags/example_time_delta_sensor_async.py
[2023-12-31T11:41:13.784-0300] {processor.py:830} INFO - Processing file /home/felipe/.local/lib/python3.10/site-packages/airflow/example_dags/example_time_delta_sensor_async.py for tasks to queue
[2023-12-31T11:41:13.786-0300] {logging_mixin.py:188} INFO - [2023-12-31T11:41:13.785-0300] {dagbag.py:538} INFO - Filling up the DagBag from /home/felipe/.local/lib/python3.10/site-packages/airflow/example_dags/example_time_delta_sensor_async.py
[2023-12-31T11:41:13.816-0300] {processor.py:840} INFO - DAG(s) 'example_time_delta_sensor_async' retrieved from /home/felipe/.local/lib/python3.10/site-packages/airflow/example_dags/example_time_delta_sensor_async.py
[2023-12-31T11:41:13.945-0300] {logging_mixin.py:188} INFO - [2023-12-31T11:41:13.944-0300] {dag.py:3033} INFO - Sync 1 DAGs
[2023-12-31T11:41:14.016-0300] {logging_mixin.py:188} INFO - [2023-12-31T11:41:14.016-0300] {dag.py:3820} INFO - Setting next_dagrun for example_time_delta_sensor_async to None, run_after=None
[2023-12-31T11:41:14.215-0300] {processor.py:183} INFO - Processing /home/felipe/.local/lib/python3.10/site-packages/airflow/example_dags/example_time_delta_sensor_async.py took 0.451 seconds
[2023-12-31T11:42:47.476-0300] {processor.py:161} INFO - Started process (PID=35084) to work on /home/felipe/.local/lib/python3.10/site-packages/airflow/example_dags/example_time_delta_sensor_async.py
[2023-12-31T11:42:47.484-0300] {processor.py:830} INFO - Processing file /home/felipe/.local/lib/python3.10/site-packages/airflow/example_dags/example_time_delta_sensor_async.py for tasks to queue
[2023-12-31T11:42:47.486-0300] {logging_mixin.py:188} INFO - [2023-12-31T11:42:47.485-0300] {dagbag.py:538} INFO - Filling up the DagBag from /home/felipe/.local/lib/python3.10/site-packages/airflow/example_dags/example_time_delta_sensor_async.py
[2023-12-31T11:42:47.516-0300] {processor.py:840} INFO - DAG(s) 'example_time_delta_sensor_async' retrieved from /home/felipe/.local/lib/python3.10/site-packages/airflow/example_dags/example_time_delta_sensor_async.py
[2023-12-31T11:42:47.624-0300] {logging_mixin.py:188} INFO - [2023-12-31T11:42:47.616-0300] {dag.py:3033} INFO - Sync 1 DAGs
[2023-12-31T11:42:47.714-0300] {logging_mixin.py:188} INFO - [2023-12-31T11:42:47.706-0300] {dag.py:3820} INFO - Setting next_dagrun for example_time_delta_sensor_async to None, run_after=None
[2023-12-31T11:42:47.914-0300] {processor.py:183} INFO - Processing /home/felipe/.local/lib/python3.10/site-packages/airflow/example_dags/example_time_delta_sensor_async.py took 0.458 seconds
[2023-12-31T11:44:28.194-0300] {processor.py:161} INFO - Started process (PID=35207) to work on /home/felipe/.local/lib/python3.10/site-packages/airflow/example_dags/example_time_delta_sensor_async.py
[2023-12-31T11:44:28.204-0300] {processor.py:830} INFO - Processing file /home/felipe/.local/lib/python3.10/site-packages/airflow/example_dags/example_time_delta_sensor_async.py for tasks to queue
[2023-12-31T11:44:28.205-0300] {logging_mixin.py:188} INFO - [2023-12-31T11:44:28.205-0300] {dagbag.py:538} INFO - Filling up the DagBag from /home/felipe/.local/lib/python3.10/site-packages/airflow/example_dags/example_time_delta_sensor_async.py
[2023-12-31T11:44:28.234-0300] {processor.py:840} INFO - DAG(s) 'example_time_delta_sensor_async' retrieved from /home/felipe/.local/lib/python3.10/site-packages/airflow/example_dags/example_time_delta_sensor_async.py
[2023-12-31T11:44:28.376-0300] {logging_mixin.py:188} INFO - [2023-12-31T11:44:28.375-0300] {dag.py:3033} INFO - Sync 1 DAGs
[2023-12-31T11:44:28.494-0300] {logging_mixin.py:188} INFO - [2023-12-31T11:44:28.486-0300] {dag.py:3820} INFO - Setting next_dagrun for example_time_delta_sensor_async to None, run_after=None
[2023-12-31T11:44:28.685-0300] {processor.py:183} INFO - Processing /home/felipe/.local/lib/python3.10/site-packages/airflow/example_dags/example_time_delta_sensor_async.py took 0.509 seconds
[2023-12-31T11:46:05.736-0300] {processor.py:161} INFO - Started process (PID=35335) to work on /home/felipe/.local/lib/python3.10/site-packages/airflow/example_dags/example_time_delta_sensor_async.py
[2023-12-31T11:46:05.754-0300] {processor.py:830} INFO - Processing file /home/felipe/.local/lib/python3.10/site-packages/airflow/example_dags/example_time_delta_sensor_async.py for tasks to queue
[2023-12-31T11:46:05.756-0300] {logging_mixin.py:188} INFO - [2023-12-31T11:46:05.755-0300] {dagbag.py:538} INFO - Filling up the DagBag from /home/felipe/.local/lib/python3.10/site-packages/airflow/example_dags/example_time_delta_sensor_async.py
[2023-12-31T11:46:05.786-0300] {processor.py:840} INFO - DAG(s) 'example_time_delta_sensor_async' retrieved from /home/felipe/.local/lib/python3.10/site-packages/airflow/example_dags/example_time_delta_sensor_async.py
[2023-12-31T11:46:05.935-0300] {logging_mixin.py:188} INFO - [2023-12-31T11:46:05.935-0300] {dag.py:3033} INFO - Sync 1 DAGs
[2023-12-31T11:46:06.016-0300] {logging_mixin.py:188} INFO - [2023-12-31T11:46:06.016-0300] {dag.py:3820} INFO - Setting next_dagrun for example_time_delta_sensor_async to None, run_after=None
[2023-12-31T11:46:06.225-0300] {processor.py:183} INFO - Processing /home/felipe/.local/lib/python3.10/site-packages/airflow/example_dags/example_time_delta_sensor_async.py took 0.509 seconds
[2023-12-31T11:47:43.635-0300] {processor.py:161} INFO - Started process (PID=35475) to work on /home/felipe/.local/lib/python3.10/site-packages/airflow/example_dags/example_time_delta_sensor_async.py
[2023-12-31T11:47:43.644-0300] {processor.py:830} INFO - Processing file /home/felipe/.local/lib/python3.10/site-packages/airflow/example_dags/example_time_delta_sensor_async.py for tasks to queue
[2023-12-31T11:47:43.646-0300] {logging_mixin.py:188} INFO - [2023-12-31T11:47:43.645-0300] {dagbag.py:538} INFO - Filling up the DagBag from /home/felipe/.local/lib/python3.10/site-packages/airflow/example_dags/example_time_delta_sensor_async.py
[2023-12-31T11:47:43.675-0300] {processor.py:840} INFO - DAG(s) 'example_time_delta_sensor_async' retrieved from /home/felipe/.local/lib/python3.10/site-packages/airflow/example_dags/example_time_delta_sensor_async.py
[2023-12-31T11:47:43.824-0300] {logging_mixin.py:188} INFO - [2023-12-31T11:47:43.824-0300] {dag.py:3033} INFO - Sync 1 DAGs
[2023-12-31T11:47:43.914-0300] {logging_mixin.py:188} INFO - [2023-12-31T11:47:43.906-0300] {dag.py:3820} INFO - Setting next_dagrun for example_time_delta_sensor_async to None, run_after=None
[2023-12-31T11:47:44.136-0300] {processor.py:183} INFO - Processing /home/felipe/.local/lib/python3.10/site-packages/airflow/example_dags/example_time_delta_sensor_async.py took 0.530 seconds
[2023-12-31T11:50:01.395-0300] {processor.py:161} INFO - Started process (PID=35622) to work on /home/felipe/.local/lib/python3.10/site-packages/airflow/example_dags/example_time_delta_sensor_async.py
[2023-12-31T11:50:01.405-0300] {processor.py:830} INFO - Processing file /home/felipe/.local/lib/python3.10/site-packages/airflow/example_dags/example_time_delta_sensor_async.py for tasks to queue
[2023-12-31T11:50:01.414-0300] {logging_mixin.py:188} INFO - [2023-12-31T11:50:01.406-0300] {dagbag.py:538} INFO - Filling up the DagBag from /home/felipe/.local/lib/python3.10/site-packages/airflow/example_dags/example_time_delta_sensor_async.py
[2023-12-31T11:50:01.455-0300] {processor.py:840} INFO - DAG(s) 'example_time_delta_sensor_async' retrieved from /home/felipe/.local/lib/python3.10/site-packages/airflow/example_dags/example_time_delta_sensor_async.py
[2023-12-31T11:50:01.614-0300] {logging_mixin.py:188} INFO - [2023-12-31T11:50:01.606-0300] {dag.py:3033} INFO - Sync 1 DAGs
[2023-12-31T11:50:01.745-0300] {logging_mixin.py:188} INFO - [2023-12-31T11:50:01.745-0300] {dag.py:3820} INFO - Setting next_dagrun for example_time_delta_sensor_async to None, run_after=None
[2023-12-31T11:50:02.065-0300] {processor.py:183} INFO - Processing /home/felipe/.local/lib/python3.10/site-packages/airflow/example_dags/example_time_delta_sensor_async.py took 0.691 seconds
[2023-12-31T11:52:25.134-0300] {processor.py:161} INFO - Started process (PID=35778) to work on /home/felipe/.local/lib/python3.10/site-packages/airflow/example_dags/example_time_delta_sensor_async.py
[2023-12-31T11:52:25.155-0300] {processor.py:830} INFO - Processing file /home/felipe/.local/lib/python3.10/site-packages/airflow/example_dags/example_time_delta_sensor_async.py for tasks to queue
[2023-12-31T11:52:25.184-0300] {logging_mixin.py:188} INFO - [2023-12-31T11:52:25.174-0300] {dagbag.py:538} INFO - Filling up the DagBag from /home/felipe/.local/lib/python3.10/site-packages/airflow/example_dags/example_time_delta_sensor_async.py
[2023-12-31T11:52:25.335-0300] {processor.py:840} INFO - DAG(s) 'example_time_delta_sensor_async' retrieved from /home/felipe/.local/lib/python3.10/site-packages/airflow/example_dags/example_time_delta_sensor_async.py
[2023-12-31T11:52:25.724-0300] {logging_mixin.py:188} INFO - [2023-12-31T11:52:25.715-0300] {dag.py:3033} INFO - Sync 1 DAGs
[2023-12-31T11:52:26.115-0300] {logging_mixin.py:188} INFO - [2023-12-31T11:52:26.106-0300] {dag.py:3820} INFO - Setting next_dagrun for example_time_delta_sensor_async to None, run_after=None
[2023-12-31T11:52:26.615-0300] {processor.py:183} INFO - Processing /home/felipe/.local/lib/python3.10/site-packages/airflow/example_dags/example_time_delta_sensor_async.py took 1.570 seconds
[2023-12-31T11:54:54.966-0300] {processor.py:161} INFO - Started process (PID=35900) to work on /home/felipe/.local/lib/python3.10/site-packages/airflow/example_dags/example_time_delta_sensor_async.py
[2023-12-31T11:54:54.976-0300] {processor.py:830} INFO - Processing file /home/felipe/.local/lib/python3.10/site-packages/airflow/example_dags/example_time_delta_sensor_async.py for tasks to queue
[2023-12-31T11:54:54.985-0300] {logging_mixin.py:188} INFO - [2023-12-31T11:54:54.984-0300] {dagbag.py:538} INFO - Filling up the DagBag from /home/felipe/.local/lib/python3.10/site-packages/airflow/example_dags/example_time_delta_sensor_async.py
[2023-12-31T11:54:55.036-0300] {processor.py:840} INFO - DAG(s) 'example_time_delta_sensor_async' retrieved from /home/felipe/.local/lib/python3.10/site-packages/airflow/example_dags/example_time_delta_sensor_async.py
[2023-12-31T11:54:55.195-0300] {logging_mixin.py:188} INFO - [2023-12-31T11:54:55.194-0300] {dag.py:3033} INFO - Sync 1 DAGs
[2023-12-31T11:54:55.315-0300] {logging_mixin.py:188} INFO - [2023-12-31T11:54:55.314-0300] {dag.py:3820} INFO - Setting next_dagrun for example_time_delta_sensor_async to None, run_after=None
[2023-12-31T11:54:55.574-0300] {processor.py:183} INFO - Processing /home/felipe/.local/lib/python3.10/site-packages/airflow/example_dags/example_time_delta_sensor_async.py took 0.630 seconds
[2023-12-31T11:56:44.835-0300] {processor.py:161} INFO - Started process (PID=36037) to work on /home/felipe/.local/lib/python3.10/site-packages/airflow/example_dags/example_time_delta_sensor_async.py
[2023-12-31T11:56:44.845-0300] {processor.py:830} INFO - Processing file /home/felipe/.local/lib/python3.10/site-packages/airflow/example_dags/example_time_delta_sensor_async.py for tasks to queue
[2023-12-31T11:56:44.854-0300] {logging_mixin.py:188} INFO - [2023-12-31T11:56:44.854-0300] {dagbag.py:538} INFO - Filling up the DagBag from /home/felipe/.local/lib/python3.10/site-packages/airflow/example_dags/example_time_delta_sensor_async.py
[2023-12-31T11:56:44.894-0300] {processor.py:840} INFO - DAG(s) 'example_time_delta_sensor_async' retrieved from /home/felipe/.local/lib/python3.10/site-packages/airflow/example_dags/example_time_delta_sensor_async.py
[2023-12-31T11:56:45.025-0300] {logging_mixin.py:188} INFO - [2023-12-31T11:56:45.025-0300] {dag.py:3033} INFO - Sync 1 DAGs
[2023-12-31T11:56:45.145-0300] {logging_mixin.py:188} INFO - [2023-12-31T11:56:45.145-0300] {dag.py:3820} INFO - Setting next_dagrun for example_time_delta_sensor_async to None, run_after=None
[2023-12-31T11:56:45.425-0300] {processor.py:183} INFO - Processing /home/felipe/.local/lib/python3.10/site-packages/airflow/example_dags/example_time_delta_sensor_async.py took 0.621 seconds
[2023-12-31T11:58:30.674-0300] {processor.py:161} INFO - Started process (PID=36140) to work on /home/felipe/.local/lib/python3.10/site-packages/airflow/example_dags/example_time_delta_sensor_async.py
[2023-12-31T11:58:30.684-0300] {processor.py:830} INFO - Processing file /home/felipe/.local/lib/python3.10/site-packages/airflow/example_dags/example_time_delta_sensor_async.py for tasks to queue
[2023-12-31T11:58:30.686-0300] {logging_mixin.py:188} INFO - [2023-12-31T11:58:30.685-0300] {dagbag.py:538} INFO - Filling up the DagBag from /home/felipe/.local/lib/python3.10/site-packages/airflow/example_dags/example_time_delta_sensor_async.py
[2023-12-31T11:58:30.725-0300] {processor.py:840} INFO - DAG(s) 'example_time_delta_sensor_async' retrieved from /home/felipe/.local/lib/python3.10/site-packages/airflow/example_dags/example_time_delta_sensor_async.py
[2023-12-31T11:58:30.914-0300] {logging_mixin.py:188} INFO - [2023-12-31T11:58:30.905-0300] {dag.py:3033} INFO - Sync 1 DAGs
[2023-12-31T11:58:31.055-0300] {logging_mixin.py:188} INFO - [2023-12-31T11:58:31.054-0300] {dag.py:3820} INFO - Setting next_dagrun for example_time_delta_sensor_async to None, run_after=None
[2023-12-31T11:58:31.395-0300] {processor.py:183} INFO - Processing /home/felipe/.local/lib/python3.10/site-packages/airflow/example_dags/example_time_delta_sensor_async.py took 0.741 seconds
[2023-12-31T12:00:17.645-0300] {processor.py:161} INFO - Started process (PID=36272) to work on /home/felipe/.local/lib/python3.10/site-packages/airflow/example_dags/example_time_delta_sensor_async.py
[2023-12-31T12:00:17.655-0300] {processor.py:830} INFO - Processing file /home/felipe/.local/lib/python3.10/site-packages/airflow/example_dags/example_time_delta_sensor_async.py for tasks to queue
[2023-12-31T12:00:17.665-0300] {logging_mixin.py:188} INFO - [2023-12-31T12:00:17.664-0300] {dagbag.py:538} INFO - Filling up the DagBag from /home/felipe/.local/lib/python3.10/site-packages/airflow/example_dags/example_time_delta_sensor_async.py
[2023-12-31T12:00:17.714-0300] {processor.py:840} INFO - DAG(s) 'example_time_delta_sensor_async' retrieved from /home/felipe/.local/lib/python3.10/site-packages/airflow/example_dags/example_time_delta_sensor_async.py
[2023-12-31T12:00:17.855-0300] {logging_mixin.py:188} INFO - [2023-12-31T12:00:17.854-0300] {dag.py:3033} INFO - Sync 1 DAGs
[2023-12-31T12:00:17.994-0300] {logging_mixin.py:188} INFO - [2023-12-31T12:00:17.994-0300] {dag.py:3820} INFO - Setting next_dagrun for example_time_delta_sensor_async to None, run_after=None
[2023-12-31T12:00:18.275-0300] {processor.py:183} INFO - Processing /home/felipe/.local/lib/python3.10/site-packages/airflow/example_dags/example_time_delta_sensor_async.py took 0.660 seconds
[2023-12-31T12:02:08.494-0300] {processor.py:161} INFO - Started process (PID=36377) to work on /home/felipe/.local/lib/python3.10/site-packages/airflow/example_dags/example_time_delta_sensor_async.py
[2023-12-31T12:02:08.505-0300] {processor.py:830} INFO - Processing file /home/felipe/.local/lib/python3.10/site-packages/airflow/example_dags/example_time_delta_sensor_async.py for tasks to queue
[2023-12-31T12:02:08.525-0300] {logging_mixin.py:188} INFO - [2023-12-31T12:02:08.524-0300] {dagbag.py:538} INFO - Filling up the DagBag from /home/felipe/.local/lib/python3.10/site-packages/airflow/example_dags/example_time_delta_sensor_async.py
[2023-12-31T12:02:08.585-0300] {processor.py:840} INFO - DAG(s) 'example_time_delta_sensor_async' retrieved from /home/felipe/.local/lib/python3.10/site-packages/airflow/example_dags/example_time_delta_sensor_async.py
[2023-12-31T12:02:08.765-0300] {logging_mixin.py:188} INFO - [2023-12-31T12:02:08.764-0300] {dag.py:3033} INFO - Sync 1 DAGs
[2023-12-31T12:02:08.964-0300] {logging_mixin.py:188} INFO - [2023-12-31T12:02:08.964-0300] {dag.py:3820} INFO - Setting next_dagrun for example_time_delta_sensor_async to None, run_after=None
[2023-12-31T12:02:09.315-0300] {processor.py:183} INFO - Processing /home/felipe/.local/lib/python3.10/site-packages/airflow/example_dags/example_time_delta_sensor_async.py took 0.860 seconds
[2023-12-31T12:04:14.764-0300] {processor.py:161} INFO - Started process (PID=36494) to work on /home/felipe/.local/lib/python3.10/site-packages/airflow/example_dags/example_time_delta_sensor_async.py
[2023-12-31T12:04:14.775-0300] {processor.py:830} INFO - Processing file /home/felipe/.local/lib/python3.10/site-packages/airflow/example_dags/example_time_delta_sensor_async.py for tasks to queue
[2023-12-31T12:04:14.794-0300] {logging_mixin.py:188} INFO - [2023-12-31T12:04:14.794-0300] {dagbag.py:538} INFO - Filling up the DagBag from /home/felipe/.local/lib/python3.10/site-packages/airflow/example_dags/example_time_delta_sensor_async.py
[2023-12-31T12:04:14.895-0300] {processor.py:840} INFO - DAG(s) 'example_time_delta_sensor_async' retrieved from /home/felipe/.local/lib/python3.10/site-packages/airflow/example_dags/example_time_delta_sensor_async.py
[2023-12-31T12:04:15.115-0300] {logging_mixin.py:188} INFO - [2023-12-31T12:04:15.115-0300] {dag.py:3033} INFO - Sync 1 DAGs
[2023-12-31T12:04:15.354-0300] {logging_mixin.py:188} INFO - [2023-12-31T12:04:15.345-0300] {dag.py:3820} INFO - Setting next_dagrun for example_time_delta_sensor_async to None, run_after=None
[2023-12-31T12:04:15.805-0300] {processor.py:183} INFO - Processing /home/felipe/.local/lib/python3.10/site-packages/airflow/example_dags/example_time_delta_sensor_async.py took 1.081 seconds
[2023-12-31T12:08:04.304-0300] {processor.py:161} INFO - Started process (PID=36792) to work on /home/felipe/.local/lib/python3.10/site-packages/airflow/example_dags/example_time_delta_sensor_async.py
[2023-12-31T12:08:04.334-0300] {processor.py:830} INFO - Processing file /home/felipe/.local/lib/python3.10/site-packages/airflow/example_dags/example_time_delta_sensor_async.py for tasks to queue
[2023-12-31T12:08:04.365-0300] {logging_mixin.py:188} INFO - [2023-12-31T12:08:04.345-0300] {dagbag.py:538} INFO - Filling up the DagBag from /home/felipe/.local/lib/python3.10/site-packages/airflow/example_dags/example_time_delta_sensor_async.py
[2023-12-31T12:08:04.524-0300] {processor.py:840} INFO - DAG(s) 'example_time_delta_sensor_async' retrieved from /home/felipe/.local/lib/python3.10/site-packages/airflow/example_dags/example_time_delta_sensor_async.py
[2023-12-31T12:08:05.044-0300] {logging_mixin.py:188} INFO - [2023-12-31T12:08:05.035-0300] {dag.py:3033} INFO - Sync 1 DAGs
[2023-12-31T12:08:05.424-0300] {logging_mixin.py:188} INFO - [2023-12-31T12:08:05.415-0300] {dag.py:3820} INFO - Setting next_dagrun for example_time_delta_sensor_async to None, run_after=None
[2023-12-31T12:08:06.735-0300] {processor.py:183} INFO - Processing /home/felipe/.local/lib/python3.10/site-packages/airflow/example_dags/example_time_delta_sensor_async.py took 2.510 seconds
