[2023-12-31T09:38:00.528-0300] {processor.py:161} INFO - Started process (PID=32141) to work on /home/felipe/.local/lib/python3.10/site-packages/airflow/example_dags/example_branch_python_dop_operator_3.py
[2023-12-31T09:38:00.529-0300] {processor.py:830} INFO - Processing file /home/felipe/.local/lib/python3.10/site-packages/airflow/example_dags/example_branch_python_dop_operator_3.py for tasks to queue
[2023-12-31T09:38:00.536-0300] {logging_mixin.py:188} INFO - [2023-12-31T09:38:00.530-0300] {dagbag.py:538} INFO - Filling up the DagBag from /home/felipe/.local/lib/python3.10/site-packages/airflow/example_dags/example_branch_python_dop_operator_3.py
[2023-12-31T09:38:00.571-0300] {processor.py:840} INFO - DAG(s) 'example_branch_dop_operator_v3' retrieved from /home/felipe/.local/lib/python3.10/site-packages/airflow/example_dags/example_branch_python_dop_operator_3.py
[2023-12-31T09:38:01.028-0300] {logging_mixin.py:188} INFO - [2023-12-31T09:38:01.028-0300] {dag.py:3033} INFO - Sync 1 DAGs
[2023-12-31T09:38:01.129-0300] {logging_mixin.py:188} INFO - [2023-12-31T09:38:01.128-0300] {dag.py:3820} INFO - Setting next_dagrun for example_branch_dop_operator_v3 to 2023-12-31T12:37:00+00:00, run_after=2023-12-31T12:38:00+00:00
[2023-12-31T09:38:01.347-0300] {processor.py:183} INFO - Processing /home/felipe/.local/lib/python3.10/site-packages/airflow/example_dags/example_branch_python_dop_operator_3.py took 0.836 seconds
[2023-12-31T09:54:45.120-0300] {processor.py:161} INFO - Started process (PID=32892) to work on /home/felipe/.local/lib/python3.10/site-packages/airflow/example_dags/example_branch_python_dop_operator_3.py
[2023-12-31T09:54:45.130-0300] {processor.py:830} INFO - Processing file /home/felipe/.local/lib/python3.10/site-packages/airflow/example_dags/example_branch_python_dop_operator_3.py for tasks to queue
[2023-12-31T09:54:45.148-0300] {logging_mixin.py:188} INFO - [2023-12-31T09:54:45.146-0300] {dagbag.py:538} INFO - Filling up the DagBag from /home/felipe/.local/lib/python3.10/site-packages/airflow/example_dags/example_branch_python_dop_operator_3.py
[2023-12-31T09:54:45.228-0300] {processor.py:840} INFO - DAG(s) 'example_branch_dop_operator_v3' retrieved from /home/felipe/.local/lib/python3.10/site-packages/airflow/example_dags/example_branch_python_dop_operator_3.py
[2023-12-31T09:54:46.068-0300] {logging_mixin.py:188} INFO - [2023-12-31T09:54:46.067-0300] {dag.py:3033} INFO - Sync 1 DAGs
[2023-12-31T09:54:46.238-0300] {logging_mixin.py:188} INFO - [2023-12-31T09:54:46.238-0300] {dag.py:3820} INFO - Setting next_dagrun for example_branch_dop_operator_v3 to 2023-12-31T12:53:00+00:00, run_after=2023-12-31T12:54:00+00:00
[2023-12-31T09:54:46.427-0300] {processor.py:183} INFO - Processing /home/felipe/.local/lib/python3.10/site-packages/airflow/example_dags/example_branch_python_dop_operator_3.py took 1.338 seconds
[2023-12-31T10:00:55.818-0300] {processor.py:161} INFO - Started process (PID=33215) to work on /home/felipe/.local/lib/python3.10/site-packages/airflow/example_dags/example_branch_python_dop_operator_3.py
[2023-12-31T10:00:55.820-0300] {processor.py:830} INFO - Processing file /home/felipe/.local/lib/python3.10/site-packages/airflow/example_dags/example_branch_python_dop_operator_3.py for tasks to queue
[2023-12-31T10:00:55.827-0300] {logging_mixin.py:188} INFO - [2023-12-31T10:00:55.827-0300] {dagbag.py:538} INFO - Filling up the DagBag from /home/felipe/.local/lib/python3.10/site-packages/airflow/example_dags/example_branch_python_dop_operator_3.py
[2023-12-31T10:00:55.879-0300] {processor.py:840} INFO - DAG(s) 'example_branch_dop_operator_v3' retrieved from /home/felipe/.local/lib/python3.10/site-packages/airflow/example_dags/example_branch_python_dop_operator_3.py
[2023-12-31T10:00:55.949-0300] {logging_mixin.py:188} INFO - [2023-12-31T10:00:55.948-0300] {dag.py:3033} INFO - Sync 1 DAGs
[2023-12-31T10:00:56.076-0300] {logging_mixin.py:188} INFO - [2023-12-31T10:00:56.070-0300] {dag.py:3820} INFO - Setting next_dagrun for example_branch_dop_operator_v3 to 2023-12-31T12:59:00+00:00, run_after=2023-12-31T13:00:00+00:00
[2023-12-31T10:00:56.218-0300] {processor.py:183} INFO - Processing /home/felipe/.local/lib/python3.10/site-packages/airflow/example_dags/example_branch_python_dop_operator_3.py took 0.411 seconds
[2023-12-31T10:03:09.909-0300] {processor.py:161} INFO - Started process (PID=33379) to work on /home/felipe/.local/lib/python3.10/site-packages/airflow/example_dags/example_branch_python_dop_operator_3.py
[2023-12-31T10:03:09.917-0300] {processor.py:830} INFO - Processing file /home/felipe/.local/lib/python3.10/site-packages/airflow/example_dags/example_branch_python_dop_operator_3.py for tasks to queue
[2023-12-31T10:03:09.918-0300] {logging_mixin.py:188} INFO - [2023-12-31T10:03:09.917-0300] {dagbag.py:538} INFO - Filling up the DagBag from /home/felipe/.local/lib/python3.10/site-packages/airflow/example_dags/example_branch_python_dop_operator_3.py
[2023-12-31T10:03:09.958-0300] {processor.py:840} INFO - DAG(s) 'example_branch_dop_operator_v3' retrieved from /home/felipe/.local/lib/python3.10/site-packages/airflow/example_dags/example_branch_python_dop_operator_3.py
[2023-12-31T10:03:10.028-0300] {logging_mixin.py:188} INFO - [2023-12-31T10:03:10.027-0300] {dag.py:3033} INFO - Sync 1 DAGs
[2023-12-31T10:03:10.169-0300] {logging_mixin.py:188} INFO - [2023-12-31T10:03:10.168-0300] {dag.py:3820} INFO - Setting next_dagrun for example_branch_dop_operator_v3 to 2023-12-31T13:02:00+00:00, run_after=2023-12-31T13:03:00+00:00
[2023-12-31T10:03:10.298-0300] {processor.py:183} INFO - Processing /home/felipe/.local/lib/python3.10/site-packages/airflow/example_dags/example_branch_python_dop_operator_3.py took 0.401 seconds
[2023-12-31T10:05:30.449-0300] {processor.py:161} INFO - Started process (PID=33547) to work on /home/felipe/.local/lib/python3.10/site-packages/airflow/example_dags/example_branch_python_dop_operator_3.py
[2023-12-31T10:05:30.458-0300] {processor.py:830} INFO - Processing file /home/felipe/.local/lib/python3.10/site-packages/airflow/example_dags/example_branch_python_dop_operator_3.py for tasks to queue
[2023-12-31T10:05:30.459-0300] {logging_mixin.py:188} INFO - [2023-12-31T10:05:30.459-0300] {dagbag.py:538} INFO - Filling up the DagBag from /home/felipe/.local/lib/python3.10/site-packages/airflow/example_dags/example_branch_python_dop_operator_3.py
[2023-12-31T10:05:30.500-0300] {processor.py:840} INFO - DAG(s) 'example_branch_dop_operator_v3' retrieved from /home/felipe/.local/lib/python3.10/site-packages/airflow/example_dags/example_branch_python_dop_operator_3.py
[2023-12-31T10:05:30.577-0300] {logging_mixin.py:188} INFO - [2023-12-31T10:05:30.576-0300] {dag.py:3033} INFO - Sync 1 DAGs
[2023-12-31T10:05:30.708-0300] {logging_mixin.py:188} INFO - [2023-12-31T10:05:30.708-0300] {dag.py:3820} INFO - Setting next_dagrun for example_branch_dop_operator_v3 to 2023-12-31T13:04:00+00:00, run_after=2023-12-31T13:05:00+00:00
[2023-12-31T10:05:30.839-0300] {processor.py:183} INFO - Processing /home/felipe/.local/lib/python3.10/site-packages/airflow/example_dags/example_branch_python_dop_operator_3.py took 0.402 seconds
[2023-12-31T10:07:54.137-0300] {processor.py:161} INFO - Started process (PID=33740) to work on /home/felipe/.local/lib/python3.10/site-packages/airflow/example_dags/example_branch_python_dop_operator_3.py
[2023-12-31T10:07:54.139-0300] {processor.py:830} INFO - Processing file /home/felipe/.local/lib/python3.10/site-packages/airflow/example_dags/example_branch_python_dop_operator_3.py for tasks to queue
[2023-12-31T10:07:54.148-0300] {logging_mixin.py:188} INFO - [2023-12-31T10:07:54.147-0300] {dagbag.py:538} INFO - Filling up the DagBag from /home/felipe/.local/lib/python3.10/site-packages/airflow/example_dags/example_branch_python_dop_operator_3.py
[2023-12-31T10:07:54.198-0300] {processor.py:840} INFO - DAG(s) 'example_branch_dop_operator_v3' retrieved from /home/felipe/.local/lib/python3.10/site-packages/airflow/example_dags/example_branch_python_dop_operator_3.py
[2023-12-31T10:07:54.278-0300] {logging_mixin.py:188} INFO - [2023-12-31T10:07:54.278-0300] {dag.py:3033} INFO - Sync 1 DAGs
[2023-12-31T10:07:54.408-0300] {logging_mixin.py:188} INFO - [2023-12-31T10:07:54.408-0300] {dag.py:3820} INFO - Setting next_dagrun for example_branch_dop_operator_v3 to 2023-12-31T13:06:00+00:00, run_after=2023-12-31T13:07:00+00:00
[2023-12-31T10:07:54.547-0300] {processor.py:183} INFO - Processing /home/felipe/.local/lib/python3.10/site-packages/airflow/example_dags/example_branch_python_dop_operator_3.py took 0.429 seconds
[2023-12-31T11:30:15.725-0300] {processor.py:161} INFO - Started process (PID=34129) to work on /home/felipe/.local/lib/python3.10/site-packages/airflow/example_dags/example_branch_python_dop_operator_3.py
[2023-12-31T11:30:15.734-0300] {processor.py:830} INFO - Processing file /home/felipe/.local/lib/python3.10/site-packages/airflow/example_dags/example_branch_python_dop_operator_3.py for tasks to queue
[2023-12-31T11:30:15.736-0300] {logging_mixin.py:188} INFO - [2023-12-31T11:30:15.735-0300] {dagbag.py:538} INFO - Filling up the DagBag from /home/felipe/.local/lib/python3.10/site-packages/airflow/example_dags/example_branch_python_dop_operator_3.py
[2023-12-31T11:30:15.805-0300] {processor.py:840} INFO - DAG(s) 'example_branch_dop_operator_v3' retrieved from /home/felipe/.local/lib/python3.10/site-packages/airflow/example_dags/example_branch_python_dop_operator_3.py
[2023-12-31T11:30:15.904-0300] {logging_mixin.py:188} INFO - [2023-12-31T11:30:15.896-0300] {dag.py:3033} INFO - Sync 1 DAGs
[2023-12-31T11:30:16.066-0300] {logging_mixin.py:188} INFO - [2023-12-31T11:30:16.066-0300] {dag.py:3820} INFO - Setting next_dagrun for example_branch_dop_operator_v3 to 2023-12-31T14:29:00+00:00, run_after=2023-12-31T14:30:00+00:00
[2023-12-31T11:30:16.254-0300] {processor.py:183} INFO - Processing /home/felipe/.local/lib/python3.10/site-packages/airflow/example_dags/example_branch_python_dop_operator_3.py took 0.550 seconds
[2023-12-31T11:33:13.324-0300] {processor.py:161} INFO - Started process (PID=34400) to work on /home/felipe/.local/lib/python3.10/site-packages/airflow/example_dags/example_branch_python_dop_operator_3.py
[2023-12-31T11:33:13.334-0300] {processor.py:830} INFO - Processing file /home/felipe/.local/lib/python3.10/site-packages/airflow/example_dags/example_branch_python_dop_operator_3.py for tasks to queue
[2023-12-31T11:33:13.336-0300] {logging_mixin.py:188} INFO - [2023-12-31T11:33:13.335-0300] {dagbag.py:538} INFO - Filling up the DagBag from /home/felipe/.local/lib/python3.10/site-packages/airflow/example_dags/example_branch_python_dop_operator_3.py
[2023-12-31T11:33:13.417-0300] {processor.py:840} INFO - DAG(s) 'example_branch_dop_operator_v3' retrieved from /home/felipe/.local/lib/python3.10/site-packages/airflow/example_dags/example_branch_python_dop_operator_3.py
[2023-12-31T11:33:13.567-0300] {logging_mixin.py:188} INFO - [2023-12-31T11:33:13.566-0300] {dag.py:3033} INFO - Sync 1 DAGs
[2023-12-31T11:33:13.804-0300] {logging_mixin.py:188} INFO - [2023-12-31T11:33:13.804-0300] {dag.py:3820} INFO - Setting next_dagrun for example_branch_dop_operator_v3 to 2023-12-31T14:32:00+00:00, run_after=2023-12-31T14:33:00+00:00
[2023-12-31T11:33:14.046-0300] {processor.py:183} INFO - Processing /home/felipe/.local/lib/python3.10/site-packages/airflow/example_dags/example_branch_python_dop_operator_3.py took 0.742 seconds
[2023-12-31T11:36:06.366-0300] {processor.py:161} INFO - Started process (PID=34617) to work on /home/felipe/.local/lib/python3.10/site-packages/airflow/example_dags/example_branch_python_dop_operator_3.py
[2023-12-31T11:36:06.375-0300] {processor.py:830} INFO - Processing file /home/felipe/.local/lib/python3.10/site-packages/airflow/example_dags/example_branch_python_dop_operator_3.py for tasks to queue
[2023-12-31T11:36:06.384-0300] {logging_mixin.py:188} INFO - [2023-12-31T11:36:06.376-0300] {dagbag.py:538} INFO - Filling up the DagBag from /home/felipe/.local/lib/python3.10/site-packages/airflow/example_dags/example_branch_python_dop_operator_3.py
[2023-12-31T11:36:06.434-0300] {processor.py:840} INFO - DAG(s) 'example_branch_dop_operator_v3' retrieved from /home/felipe/.local/lib/python3.10/site-packages/airflow/example_dags/example_branch_python_dop_operator_3.py
[2023-12-31T11:36:06.606-0300] {logging_mixin.py:188} INFO - [2023-12-31T11:36:06.605-0300] {dag.py:3033} INFO - Sync 1 DAGs
[2023-12-31T11:36:06.805-0300] {logging_mixin.py:188} INFO - [2023-12-31T11:36:06.804-0300] {dag.py:3820} INFO - Setting next_dagrun for example_branch_dop_operator_v3 to 2023-12-31T14:35:00+00:00, run_after=2023-12-31T14:36:00+00:00
[2023-12-31T11:36:06.986-0300] {processor.py:183} INFO - Processing /home/felipe/.local/lib/python3.10/site-packages/airflow/example_dags/example_branch_python_dop_operator_3.py took 0.631 seconds
[2023-12-31T11:38:51.394-0300] {processor.py:161} INFO - Started process (PID=34795) to work on /home/felipe/.local/lib/python3.10/site-packages/airflow/example_dags/example_branch_python_dop_operator_3.py
[2023-12-31T11:38:51.404-0300] {processor.py:830} INFO - Processing file /home/felipe/.local/lib/python3.10/site-packages/airflow/example_dags/example_branch_python_dop_operator_3.py for tasks to queue
[2023-12-31T11:38:51.406-0300] {logging_mixin.py:188} INFO - [2023-12-31T11:38:51.405-0300] {dagbag.py:538} INFO - Filling up the DagBag from /home/felipe/.local/lib/python3.10/site-packages/airflow/example_dags/example_branch_python_dop_operator_3.py
[2023-12-31T11:38:51.456-0300] {processor.py:840} INFO - DAG(s) 'example_branch_dop_operator_v3' retrieved from /home/felipe/.local/lib/python3.10/site-packages/airflow/example_dags/example_branch_python_dop_operator_3.py
[2023-12-31T11:38:51.545-0300] {logging_mixin.py:188} INFO - [2023-12-31T11:38:51.545-0300] {dag.py:3033} INFO - Sync 1 DAGs
[2023-12-31T11:38:51.714-0300] {logging_mixin.py:188} INFO - [2023-12-31T11:38:51.706-0300] {dag.py:3820} INFO - Setting next_dagrun for example_branch_dop_operator_v3 to 2023-12-31T14:37:00+00:00, run_after=2023-12-31T14:38:00+00:00
[2023-12-31T11:38:51.915-0300] {processor.py:183} INFO - Processing /home/felipe/.local/lib/python3.10/site-packages/airflow/example_dags/example_branch_python_dop_operator_3.py took 0.540 seconds
[2023-12-31T11:41:42.474-0300] {processor.py:161} INFO - Started process (PID=35009) to work on /home/felipe/.local/lib/python3.10/site-packages/airflow/example_dags/example_branch_python_dop_operator_3.py
[2023-12-31T11:41:42.484-0300] {processor.py:830} INFO - Processing file /home/felipe/.local/lib/python3.10/site-packages/airflow/example_dags/example_branch_python_dop_operator_3.py for tasks to queue
[2023-12-31T11:41:42.485-0300] {logging_mixin.py:188} INFO - [2023-12-31T11:41:42.485-0300] {dagbag.py:538} INFO - Filling up the DagBag from /home/felipe/.local/lib/python3.10/site-packages/airflow/example_dags/example_branch_python_dop_operator_3.py
[2023-12-31T11:41:42.555-0300] {processor.py:840} INFO - DAG(s) 'example_branch_dop_operator_v3' retrieved from /home/felipe/.local/lib/python3.10/site-packages/airflow/example_dags/example_branch_python_dop_operator_3.py
[2023-12-31T11:41:42.665-0300] {logging_mixin.py:188} INFO - [2023-12-31T11:41:42.665-0300] {dag.py:3033} INFO - Sync 1 DAGs
[2023-12-31T11:41:42.925-0300] {logging_mixin.py:188} INFO - [2023-12-31T11:41:42.925-0300] {dag.py:3820} INFO - Setting next_dagrun for example_branch_dop_operator_v3 to 2023-12-31T14:40:00+00:00, run_after=2023-12-31T14:41:00+00:00
[2023-12-31T11:41:43.176-0300] {processor.py:183} INFO - Processing /home/felipe/.local/lib/python3.10/site-packages/airflow/example_dags/example_branch_python_dop_operator_3.py took 0.721 seconds
[2023-12-31T11:45:00.766-0300] {processor.py:161} INFO - Started process (PID=35235) to work on /home/felipe/.local/lib/python3.10/site-packages/airflow/example_dags/example_branch_python_dop_operator_3.py
[2023-12-31T11:45:00.784-0300] {processor.py:830} INFO - Processing file /home/felipe/.local/lib/python3.10/site-packages/airflow/example_dags/example_branch_python_dop_operator_3.py for tasks to queue
[2023-12-31T11:45:00.786-0300] {logging_mixin.py:188} INFO - [2023-12-31T11:45:00.785-0300] {dagbag.py:538} INFO - Filling up the DagBag from /home/felipe/.local/lib/python3.10/site-packages/airflow/example_dags/example_branch_python_dop_operator_3.py
[2023-12-31T11:45:00.854-0300] {processor.py:840} INFO - DAG(s) 'example_branch_dop_operator_v3' retrieved from /home/felipe/.local/lib/python3.10/site-packages/airflow/example_dags/example_branch_python_dop_operator_3.py
[2023-12-31T11:45:00.965-0300] {logging_mixin.py:188} INFO - [2023-12-31T11:45:00.964-0300] {dag.py:3033} INFO - Sync 1 DAGs
[2023-12-31T11:45:01.165-0300] {logging_mixin.py:188} INFO - [2023-12-31T11:45:01.164-0300] {dag.py:3820} INFO - Setting next_dagrun for example_branch_dop_operator_v3 to 2023-12-31T14:44:00+00:00, run_after=2023-12-31T14:45:00+00:00
[2023-12-31T11:45:01.394-0300] {processor.py:183} INFO - Processing /home/felipe/.local/lib/python3.10/site-packages/airflow/example_dags/example_branch_python_dop_operator_3.py took 0.649 seconds
[2023-12-31T11:48:41.475-0300] {processor.py:161} INFO - Started process (PID=35537) to work on /home/felipe/.local/lib/python3.10/site-packages/airflow/example_dags/example_branch_python_dop_operator_3.py
[2023-12-31T11:48:41.485-0300] {processor.py:830} INFO - Processing file /home/felipe/.local/lib/python3.10/site-packages/airflow/example_dags/example_branch_python_dop_operator_3.py for tasks to queue
[2023-12-31T11:48:41.495-0300] {logging_mixin.py:188} INFO - [2023-12-31T11:48:41.494-0300] {dagbag.py:538} INFO - Filling up the DagBag from /home/felipe/.local/lib/python3.10/site-packages/airflow/example_dags/example_branch_python_dop_operator_3.py
[2023-12-31T11:48:41.604-0300] {processor.py:840} INFO - DAG(s) 'example_branch_dop_operator_v3' retrieved from /home/felipe/.local/lib/python3.10/site-packages/airflow/example_dags/example_branch_python_dop_operator_3.py
[2023-12-31T11:48:41.774-0300] {logging_mixin.py:188} INFO - [2023-12-31T11:48:41.766-0300] {dag.py:3033} INFO - Sync 1 DAGs
[2023-12-31T11:48:42.104-0300] {logging_mixin.py:188} INFO - [2023-12-31T11:48:42.096-0300] {dag.py:3820} INFO - Setting next_dagrun for example_branch_dop_operator_v3 to 2023-12-31T14:47:00+00:00, run_after=2023-12-31T14:48:00+00:00
[2023-12-31T11:48:42.426-0300] {processor.py:183} INFO - Processing /home/felipe/.local/lib/python3.10/site-packages/airflow/example_dags/example_branch_python_dop_operator_3.py took 0.981 seconds
[2023-12-31T11:53:34.035-0300] {processor.py:161} INFO - Started process (PID=35821) to work on /home/felipe/.local/lib/python3.10/site-packages/airflow/example_dags/example_branch_python_dop_operator_3.py
[2023-12-31T11:53:34.046-0300] {processor.py:830} INFO - Processing file /home/felipe/.local/lib/python3.10/site-packages/airflow/example_dags/example_branch_python_dop_operator_3.py for tasks to queue
[2023-12-31T11:53:34.055-0300] {logging_mixin.py:188} INFO - [2023-12-31T11:53:34.054-0300] {dagbag.py:538} INFO - Filling up the DagBag from /home/felipe/.local/lib/python3.10/site-packages/airflow/example_dags/example_branch_python_dop_operator_3.py
[2023-12-31T11:53:34.176-0300] {processor.py:840} INFO - DAG(s) 'example_branch_dop_operator_v3' retrieved from /home/felipe/.local/lib/python3.10/site-packages/airflow/example_dags/example_branch_python_dop_operator_3.py
[2023-12-31T11:53:34.395-0300] {logging_mixin.py:188} INFO - [2023-12-31T11:53:34.394-0300] {dag.py:3033} INFO - Sync 1 DAGs
[2023-12-31T11:53:34.874-0300] {logging_mixin.py:188} INFO - [2023-12-31T11:53:34.874-0300] {dag.py:3820} INFO - Setting next_dagrun for example_branch_dop_operator_v3 to 2023-12-31T14:52:00+00:00, run_after=2023-12-31T14:53:00+00:00
[2023-12-31T11:53:35.345-0300] {processor.py:183} INFO - Processing /home/felipe/.local/lib/python3.10/site-packages/airflow/example_dags/example_branch_python_dop_operator_3.py took 1.331 seconds
[2023-12-31T11:57:20.614-0300] {processor.py:161} INFO - Started process (PID=36071) to work on /home/felipe/.local/lib/python3.10/site-packages/airflow/example_dags/example_branch_python_dop_operator_3.py
[2023-12-31T11:57:20.624-0300] {processor.py:830} INFO - Processing file /home/felipe/.local/lib/python3.10/site-packages/airflow/example_dags/example_branch_python_dop_operator_3.py for tasks to queue
[2023-12-31T11:57:20.626-0300] {logging_mixin.py:188} INFO - [2023-12-31T11:57:20.625-0300] {dagbag.py:538} INFO - Filling up the DagBag from /home/felipe/.local/lib/python3.10/site-packages/airflow/example_dags/example_branch_python_dop_operator_3.py
[2023-12-31T11:57:20.705-0300] {processor.py:840} INFO - DAG(s) 'example_branch_dop_operator_v3' retrieved from /home/felipe/.local/lib/python3.10/site-packages/airflow/example_dags/example_branch_python_dop_operator_3.py
[2023-12-31T11:57:20.855-0300] {logging_mixin.py:188} INFO - [2023-12-31T11:57:20.854-0300] {dag.py:3033} INFO - Sync 1 DAGs
[2023-12-31T11:57:21.174-0300] {logging_mixin.py:188} INFO - [2023-12-31T11:57:21.166-0300] {dag.py:3820} INFO - Setting next_dagrun for example_branch_dop_operator_v3 to 2023-12-31T14:56:00+00:00, run_after=2023-12-31T14:57:00+00:00
[2023-12-31T11:57:21.475-0300] {processor.py:183} INFO - Processing /home/felipe/.local/lib/python3.10/site-packages/airflow/example_dags/example_branch_python_dop_operator_3.py took 0.890 seconds
[2023-12-31T12:00:53.065-0300] {processor.py:161} INFO - Started process (PID=36308) to work on /home/felipe/.local/lib/python3.10/site-packages/airflow/example_dags/example_branch_python_dop_operator_3.py
[2023-12-31T12:00:53.084-0300] {processor.py:830} INFO - Processing file /home/felipe/.local/lib/python3.10/site-packages/airflow/example_dags/example_branch_python_dop_operator_3.py for tasks to queue
[2023-12-31T12:00:53.085-0300] {logging_mixin.py:188} INFO - [2023-12-31T12:00:53.085-0300] {dagbag.py:538} INFO - Filling up the DagBag from /home/felipe/.local/lib/python3.10/site-packages/airflow/example_dags/example_branch_python_dop_operator_3.py
[2023-12-31T12:00:53.184-0300] {processor.py:840} INFO - DAG(s) 'example_branch_dop_operator_v3' retrieved from /home/felipe/.local/lib/python3.10/site-packages/airflow/example_dags/example_branch_python_dop_operator_3.py
[2023-12-31T12:00:53.465-0300] {logging_mixin.py:188} INFO - [2023-12-31T12:00:53.465-0300] {dag.py:3033} INFO - Sync 1 DAGs
[2023-12-31T12:00:53.895-0300] {logging_mixin.py:188} INFO - [2023-12-31T12:00:53.895-0300] {dag.py:3820} INFO - Setting next_dagrun for example_branch_dop_operator_v3 to 2023-12-31T14:59:00+00:00, run_after=2023-12-31T15:00:00+00:00
[2023-12-31T12:00:54.274-0300] {processor.py:183} INFO - Processing /home/felipe/.local/lib/python3.10/site-packages/airflow/example_dags/example_branch_python_dop_operator_3.py took 1.221 seconds
[2023-12-31T12:05:44.674-0300] {processor.py:161} INFO - Started process (PID=36623) to work on /home/felipe/.local/lib/python3.10/site-packages/airflow/example_dags/example_branch_python_dop_operator_3.py
[2023-12-31T12:05:44.694-0300] {processor.py:830} INFO - Processing file /home/felipe/.local/lib/python3.10/site-packages/airflow/example_dags/example_branch_python_dop_operator_3.py for tasks to queue
[2023-12-31T12:05:44.724-0300] {logging_mixin.py:188} INFO - [2023-12-31T12:05:44.705-0300] {dagbag.py:538} INFO - Filling up the DagBag from /home/felipe/.local/lib/python3.10/site-packages/airflow/example_dags/example_branch_python_dop_operator_3.py
[2023-12-31T12:05:44.944-0300] {processor.py:840} INFO - DAG(s) 'example_branch_dop_operator_v3' retrieved from /home/felipe/.local/lib/python3.10/site-packages/airflow/example_dags/example_branch_python_dop_operator_3.py
[2023-12-31T12:05:45.235-0300] {logging_mixin.py:188} INFO - [2023-12-31T12:05:45.235-0300] {dag.py:3033} INFO - Sync 1 DAGs
[2023-12-31T12:05:46.085-0300] {logging_mixin.py:188} INFO - [2023-12-31T12:05:46.084-0300] {dag.py:3820} INFO - Setting next_dagrun for example_branch_dop_operator_v3 to 2023-12-31T15:04:00+00:00, run_after=2023-12-31T15:05:00+00:00
[2023-12-31T12:05:46.715-0300] {processor.py:183} INFO - Processing /home/felipe/.local/lib/python3.10/site-packages/airflow/example_dags/example_branch_python_dop_operator_3.py took 2.131 seconds
