[2023-12-31T09:37:11.779-0300] {processor.py:161} INFO - Started process (PID=32088) to work on /home/felipe/.local/lib/python3.10/site-packages/airflow/example_dags/example_subdag_operator.py
[2023-12-31T09:37:11.781-0300] {processor.py:830} INFO - Processing file /home/felipe/.local/lib/python3.10/site-packages/airflow/example_dags/example_subdag_operator.py for tasks to queue
[2023-12-31T09:37:11.787-0300] {logging_mixin.py:188} INFO - [2023-12-31T09:37:11.787-0300] {dagbag.py:538} INFO - Filling up the DagBag from /home/felipe/.local/lib/python3.10/site-packages/airflow/example_dags/example_subdag_operator.py
[2023-12-31T09:37:11.860-0300] {processor.py:840} INFO - DAG(s) 'example_subdag_operator.section-1', 'example_subdag_operator.section-2', 'example_subdag_operator' retrieved from /home/felipe/.local/lib/python3.10/site-packages/airflow/example_dags/example_subdag_operator.py
[2023-12-31T09:37:12.217-0300] {logging_mixin.py:188} INFO - [2023-12-31T09:37:12.217-0300] {dag.py:3033} INFO - Sync 3 DAGs
[2023-12-31T09:37:12.270-0300] {logging_mixin.py:188} INFO - [2023-12-31T09:37:12.270-0300] {dag.py:3820} INFO - Setting next_dagrun for example_subdag_operator to 2022-01-01T00:00:00+00:00, run_after=2022-01-01T00:00:00+00:00
[2023-12-31T09:37:12.288-0300] {logging_mixin.py:188} INFO - [2023-12-31T09:37:12.288-0300] {dag.py:3820} INFO - Setting next_dagrun for example_subdag_operator.section-1 to None, run_after=None
[2023-12-31T09:37:12.290-0300] {logging_mixin.py:188} INFO - [2023-12-31T09:37:12.290-0300] {dag.py:3820} INFO - Setting next_dagrun for example_subdag_operator.section-2 to None, run_after=None
[2023-12-31T09:37:12.319-0300] {logging_mixin.py:188} INFO - [2023-12-31T09:37:12.318-0300] {dag.py:3033} INFO - Sync 2 DAGs
[2023-12-31T09:37:12.337-0300] {logging_mixin.py:188} INFO - [2023-12-31T09:37:12.337-0300] {dag.py:3820} INFO - Setting next_dagrun for example_subdag_operator.section-1 to None, run_after=None
[2023-12-31T09:37:12.338-0300] {logging_mixin.py:188} INFO - [2023-12-31T09:37:12.337-0300] {dag.py:3820} INFO - Setting next_dagrun for example_subdag_operator.section-2 to None, run_after=None
[2023-12-31T09:37:12.408-0300] {processor.py:183} INFO - Processing /home/felipe/.local/lib/python3.10/site-packages/airflow/example_dags/example_subdag_operator.py took 0.638 seconds
[2023-12-31T09:39:11.248-0300] {processor.py:161} INFO - Started process (PID=32210) to work on /home/felipe/.local/lib/python3.10/site-packages/airflow/example_dags/example_subdag_operator.py
[2023-12-31T09:39:11.258-0300] {processor.py:830} INFO - Processing file /home/felipe/.local/lib/python3.10/site-packages/airflow/example_dags/example_subdag_operator.py for tasks to queue
[2023-12-31T09:39:11.276-0300] {logging_mixin.py:188} INFO - [2023-12-31T09:39:11.259-0300] {dagbag.py:538} INFO - Filling up the DagBag from /home/felipe/.local/lib/python3.10/site-packages/airflow/example_dags/example_subdag_operator.py
[2023-12-31T09:39:11.448-0300] {processor.py:840} INFO - DAG(s) 'example_subdag_operator.section-1', 'example_subdag_operator.section-2', 'example_subdag_operator' retrieved from /home/felipe/.local/lib/python3.10/site-packages/airflow/example_dags/example_subdag_operator.py
[2023-12-31T09:39:11.621-0300] {logging_mixin.py:188} INFO - [2023-12-31T09:39:11.619-0300] {dag.py:3033} INFO - Sync 3 DAGs
[2023-12-31T09:39:11.780-0300] {logging_mixin.py:188} INFO - [2023-12-31T09:39:11.779-0300] {dag.py:3820} INFO - Setting next_dagrun for example_subdag_operator to 2022-01-01T00:00:00+00:00, run_after=2022-01-01T00:00:00+00:00
[2023-12-31T09:39:11.807-0300] {logging_mixin.py:188} INFO - [2023-12-31T09:39:11.801-0300] {dag.py:3820} INFO - Setting next_dagrun for example_subdag_operator.section-1 to None, run_after=None
[2023-12-31T09:39:11.811-0300] {logging_mixin.py:188} INFO - [2023-12-31T09:39:11.810-0300] {dag.py:3820} INFO - Setting next_dagrun for example_subdag_operator.section-2 to None, run_after=None
[2023-12-31T09:39:11.850-0300] {logging_mixin.py:188} INFO - [2023-12-31T09:39:11.849-0300] {dag.py:3033} INFO - Sync 2 DAGs
[2023-12-31T09:39:11.880-0300] {logging_mixin.py:188} INFO - [2023-12-31T09:39:11.880-0300] {dag.py:3820} INFO - Setting next_dagrun for example_subdag_operator.section-1 to None, run_after=None
[2023-12-31T09:39:11.886-0300] {logging_mixin.py:188} INFO - [2023-12-31T09:39:11.881-0300] {dag.py:3820} INFO - Setting next_dagrun for example_subdag_operator.section-2 to None, run_after=None
[2023-12-31T09:39:12.010-0300] {processor.py:183} INFO - Processing /home/felipe/.local/lib/python3.10/site-packages/airflow/example_dags/example_subdag_operator.py took 0.791 seconds
[2023-12-31T09:53:22.897-0300] {processor.py:161} INFO - Started process (PID=32824) to work on /home/felipe/.local/lib/python3.10/site-packages/airflow/example_dags/example_subdag_operator.py
[2023-12-31T09:53:22.899-0300] {processor.py:830} INFO - Processing file /home/felipe/.local/lib/python3.10/site-packages/airflow/example_dags/example_subdag_operator.py for tasks to queue
[2023-12-31T09:53:22.907-0300] {logging_mixin.py:188} INFO - [2023-12-31T09:53:22.906-0300] {dagbag.py:538} INFO - Filling up the DagBag from /home/felipe/.local/lib/python3.10/site-packages/airflow/example_dags/example_subdag_operator.py
[2023-12-31T09:53:23.018-0300] {processor.py:840} INFO - DAG(s) 'example_subdag_operator.section-1', 'example_subdag_operator.section-2', 'example_subdag_operator' retrieved from /home/felipe/.local/lib/python3.10/site-packages/airflow/example_dags/example_subdag_operator.py
[2023-12-31T09:53:23.678-0300] {logging_mixin.py:188} INFO - [2023-12-31T09:53:23.677-0300] {dag.py:3033} INFO - Sync 3 DAGs
[2023-12-31T09:53:23.808-0300] {logging_mixin.py:188} INFO - [2023-12-31T09:53:23.808-0300] {dag.py:3820} INFO - Setting next_dagrun for example_subdag_operator to 2022-01-01T00:00:00+00:00, run_after=2022-01-01T00:00:00+00:00
[2023-12-31T09:53:23.830-0300] {logging_mixin.py:188} INFO - [2023-12-31T09:53:23.829-0300] {dag.py:3820} INFO - Setting next_dagrun for example_subdag_operator.section-1 to None, run_after=None
[2023-12-31T09:53:23.848-0300] {logging_mixin.py:188} INFO - [2023-12-31T09:53:23.847-0300] {dag.py:3820} INFO - Setting next_dagrun for example_subdag_operator.section-2 to None, run_after=None
[2023-12-31T09:53:23.940-0300] {logging_mixin.py:188} INFO - [2023-12-31T09:53:23.939-0300] {dag.py:3033} INFO - Sync 2 DAGs
[2023-12-31T09:53:23.987-0300] {logging_mixin.py:188} INFO - [2023-12-31T09:53:23.980-0300] {dag.py:3820} INFO - Setting next_dagrun for example_subdag_operator.section-1 to None, run_after=None
[2023-12-31T09:53:23.990-0300] {logging_mixin.py:188} INFO - [2023-12-31T09:53:23.989-0300] {dag.py:3820} INFO - Setting next_dagrun for example_subdag_operator.section-2 to None, run_after=None
[2023-12-31T09:53:24.168-0300] {processor.py:183} INFO - Processing /home/felipe/.local/lib/python3.10/site-packages/airflow/example_dags/example_subdag_operator.py took 1.299 seconds
[2023-12-31T09:56:35.008-0300] {processor.py:161} INFO - Started process (PID=33021) to work on /home/felipe/.local/lib/python3.10/site-packages/airflow/example_dags/example_subdag_operator.py
[2023-12-31T09:56:35.029-0300] {processor.py:830} INFO - Processing file /home/felipe/.local/lib/python3.10/site-packages/airflow/example_dags/example_subdag_operator.py for tasks to queue
[2023-12-31T09:56:35.059-0300] {logging_mixin.py:188} INFO - [2023-12-31T09:56:35.049-0300] {dagbag.py:538} INFO - Filling up the DagBag from /home/felipe/.local/lib/python3.10/site-packages/airflow/example_dags/example_subdag_operator.py
[2023-12-31T09:56:35.700-0300] {processor.py:840} INFO - DAG(s) 'example_subdag_operator.section-1', 'example_subdag_operator.section-2', 'example_subdag_operator' retrieved from /home/felipe/.local/lib/python3.10/site-packages/airflow/example_dags/example_subdag_operator.py
[2023-12-31T09:56:36.347-0300] {logging_mixin.py:188} INFO - [2023-12-31T09:56:36.339-0300] {dag.py:3033} INFO - Sync 3 DAGs
[2023-12-31T09:56:37.079-0300] {logging_mixin.py:188} INFO - [2023-12-31T09:56:37.070-0300] {dag.py:3820} INFO - Setting next_dagrun for example_subdag_operator to 2022-01-01T00:00:00+00:00, run_after=2022-01-01T00:00:00+00:00
[2023-12-31T09:56:37.216-0300] {logging_mixin.py:188} INFO - [2023-12-31T09:56:37.209-0300] {dag.py:3820} INFO - Setting next_dagrun for example_subdag_operator.section-1 to None, run_after=None
[2023-12-31T09:56:37.248-0300] {logging_mixin.py:188} INFO - [2023-12-31T09:56:37.246-0300] {dag.py:3820} INFO - Setting next_dagrun for example_subdag_operator.section-2 to None, run_after=None
[2023-12-31T09:56:37.478-0300] {logging_mixin.py:188} INFO - [2023-12-31T09:56:37.476-0300] {dag.py:3033} INFO - Sync 2 DAGs
[2023-12-31T09:56:37.709-0300] {logging_mixin.py:188} INFO - [2023-12-31T09:56:37.689-0300] {dag.py:3820} INFO - Setting next_dagrun for example_subdag_operator.section-1 to None, run_after=None
[2023-12-31T09:56:37.730-0300] {logging_mixin.py:188} INFO - [2023-12-31T09:56:37.728-0300] {dag.py:3820} INFO - Setting next_dagrun for example_subdag_operator.section-2 to None, run_after=None
[2023-12-31T09:56:38.398-0300] {processor.py:183} INFO - Processing /home/felipe/.local/lib/python3.10/site-packages/airflow/example_dags/example_subdag_operator.py took 3.489 seconds
[2023-12-31T10:00:23.206-0300] {processor.py:161} INFO - Started process (PID=33177) to work on /home/felipe/.local/lib/python3.10/site-packages/airflow/example_dags/example_subdag_operator.py
[2023-12-31T10:00:23.208-0300] {processor.py:830} INFO - Processing file /home/felipe/.local/lib/python3.10/site-packages/airflow/example_dags/example_subdag_operator.py for tasks to queue
[2023-12-31T10:00:23.217-0300] {logging_mixin.py:188} INFO - [2023-12-31T10:00:23.217-0300] {dagbag.py:538} INFO - Filling up the DagBag from /home/felipe/.local/lib/python3.10/site-packages/airflow/example_dags/example_subdag_operator.py
[2023-12-31T10:00:23.358-0300] {processor.py:840} INFO - DAG(s) 'example_subdag_operator.section-1', 'example_subdag_operator.section-2', 'example_subdag_operator' retrieved from /home/felipe/.local/lib/python3.10/site-packages/airflow/example_dags/example_subdag_operator.py
[2023-12-31T10:00:23.477-0300] {logging_mixin.py:188} INFO - [2023-12-31T10:00:23.476-0300] {dag.py:3033} INFO - Sync 3 DAGs
[2023-12-31T10:00:23.638-0300] {logging_mixin.py:188} INFO - [2023-12-31T10:00:23.637-0300] {dag.py:3820} INFO - Setting next_dagrun for example_subdag_operator to 2022-01-01T00:00:00+00:00, run_after=2022-01-01T00:00:00+00:00
[2023-12-31T10:00:23.668-0300] {logging_mixin.py:188} INFO - [2023-12-31T10:00:23.668-0300] {dag.py:3820} INFO - Setting next_dagrun for example_subdag_operator.section-1 to None, run_after=None
[2023-12-31T10:00:23.678-0300] {logging_mixin.py:188} INFO - [2023-12-31T10:00:23.677-0300] {dag.py:3820} INFO - Setting next_dagrun for example_subdag_operator.section-2 to None, run_after=None
[2023-12-31T10:00:23.728-0300] {logging_mixin.py:188} INFO - [2023-12-31T10:00:23.728-0300] {dag.py:3033} INFO - Sync 2 DAGs
[2023-12-31T10:00:23.757-0300] {logging_mixin.py:188} INFO - [2023-12-31T10:00:23.750-0300] {dag.py:3820} INFO - Setting next_dagrun for example_subdag_operator.section-1 to None, run_after=None
[2023-12-31T10:00:23.758-0300] {logging_mixin.py:188} INFO - [2023-12-31T10:00:23.757-0300] {dag.py:3820} INFO - Setting next_dagrun for example_subdag_operator.section-2 to None, run_after=None
[2023-12-31T10:00:23.869-0300] {processor.py:183} INFO - Processing /home/felipe/.local/lib/python3.10/site-packages/airflow/example_dags/example_subdag_operator.py took 0.681 seconds
[2023-12-31T10:01:51.090-0300] {processor.py:161} INFO - Started process (PID=33310) to work on /home/felipe/.local/lib/python3.10/site-packages/airflow/example_dags/example_subdag_operator.py
[2023-12-31T10:01:51.098-0300] {processor.py:830} INFO - Processing file /home/felipe/.local/lib/python3.10/site-packages/airflow/example_dags/example_subdag_operator.py for tasks to queue
[2023-12-31T10:01:51.107-0300] {logging_mixin.py:188} INFO - [2023-12-31T10:01:51.100-0300] {dagbag.py:538} INFO - Filling up the DagBag from /home/felipe/.local/lib/python3.10/site-packages/airflow/example_dags/example_subdag_operator.py
[2023-12-31T10:01:51.219-0300] {processor.py:840} INFO - DAG(s) 'example_subdag_operator.section-1', 'example_subdag_operator.section-2', 'example_subdag_operator' retrieved from /home/felipe/.local/lib/python3.10/site-packages/airflow/example_dags/example_subdag_operator.py
[2023-12-31T10:01:51.307-0300] {logging_mixin.py:188} INFO - [2023-12-31T10:01:51.306-0300] {dag.py:3033} INFO - Sync 3 DAGs
[2023-12-31T10:01:51.406-0300] {logging_mixin.py:188} INFO - [2023-12-31T10:01:51.399-0300] {dag.py:3820} INFO - Setting next_dagrun for example_subdag_operator to 2022-01-01T00:00:00+00:00, run_after=2022-01-01T00:00:00+00:00
[2023-12-31T10:01:51.419-0300] {logging_mixin.py:188} INFO - [2023-12-31T10:01:51.419-0300] {dag.py:3820} INFO - Setting next_dagrun for example_subdag_operator.section-1 to None, run_after=None
[2023-12-31T10:01:51.428-0300] {logging_mixin.py:188} INFO - [2023-12-31T10:01:51.427-0300] {dag.py:3820} INFO - Setting next_dagrun for example_subdag_operator.section-2 to None, run_after=None
[2023-12-31T10:01:51.458-0300] {logging_mixin.py:188} INFO - [2023-12-31T10:01:51.458-0300] {dag.py:3033} INFO - Sync 2 DAGs
[2023-12-31T10:01:51.479-0300] {logging_mixin.py:188} INFO - [2023-12-31T10:01:51.479-0300] {dag.py:3820} INFO - Setting next_dagrun for example_subdag_operator.section-1 to None, run_after=None
[2023-12-31T10:01:51.480-0300] {logging_mixin.py:188} INFO - [2023-12-31T10:01:51.480-0300] {dag.py:3820} INFO - Setting next_dagrun for example_subdag_operator.section-2 to None, run_after=None
[2023-12-31T10:01:51.598-0300] {processor.py:183} INFO - Processing /home/felipe/.local/lib/python3.10/site-packages/airflow/example_dags/example_subdag_operator.py took 0.521 seconds
[2023-12-31T10:04:04.087-0300] {processor.py:161} INFO - Started process (PID=33444) to work on /home/felipe/.local/lib/python3.10/site-packages/airflow/example_dags/example_subdag_operator.py
[2023-12-31T10:04:04.089-0300] {processor.py:830} INFO - Processing file /home/felipe/.local/lib/python3.10/site-packages/airflow/example_dags/example_subdag_operator.py for tasks to queue
[2023-12-31T10:04:04.097-0300] {logging_mixin.py:188} INFO - [2023-12-31T10:04:04.097-0300] {dagbag.py:538} INFO - Filling up the DagBag from /home/felipe/.local/lib/python3.10/site-packages/airflow/example_dags/example_subdag_operator.py
[2023-12-31T10:04:04.198-0300] {processor.py:840} INFO - DAG(s) 'example_subdag_operator.section-1', 'example_subdag_operator.section-2', 'example_subdag_operator' retrieved from /home/felipe/.local/lib/python3.10/site-packages/airflow/example_dags/example_subdag_operator.py
[2023-12-31T10:04:04.299-0300] {logging_mixin.py:188} INFO - [2023-12-31T10:04:04.298-0300] {dag.py:3033} INFO - Sync 3 DAGs
[2023-12-31T10:04:04.399-0300] {logging_mixin.py:188} INFO - [2023-12-31T10:04:04.399-0300] {dag.py:3820} INFO - Setting next_dagrun for example_subdag_operator to 2022-01-01T00:00:00+00:00, run_after=2022-01-01T00:00:00+00:00
[2023-12-31T10:04:04.419-0300] {logging_mixin.py:188} INFO - [2023-12-31T10:04:04.419-0300] {dag.py:3820} INFO - Setting next_dagrun for example_subdag_operator.section-1 to None, run_after=None
[2023-12-31T10:04:04.428-0300] {logging_mixin.py:188} INFO - [2023-12-31T10:04:04.427-0300] {dag.py:3820} INFO - Setting next_dagrun for example_subdag_operator.section-2 to None, run_after=None
[2023-12-31T10:04:04.459-0300] {logging_mixin.py:188} INFO - [2023-12-31T10:04:04.458-0300] {dag.py:3033} INFO - Sync 2 DAGs
[2023-12-31T10:04:04.488-0300] {logging_mixin.py:188} INFO - [2023-12-31T10:04:04.487-0300] {dag.py:3820} INFO - Setting next_dagrun for example_subdag_operator.section-1 to None, run_after=None
[2023-12-31T10:04:04.489-0300] {logging_mixin.py:188} INFO - [2023-12-31T10:04:04.489-0300] {dag.py:3820} INFO - Setting next_dagrun for example_subdag_operator.section-2 to None, run_after=None
[2023-12-31T10:04:04.606-0300] {processor.py:183} INFO - Processing /home/felipe/.local/lib/python3.10/site-packages/airflow/example_dags/example_subdag_operator.py took 0.536 seconds
[2023-12-31T10:06:25.727-0300] {processor.py:161} INFO - Started process (PID=33637) to work on /home/felipe/.local/lib/python3.10/site-packages/airflow/example_dags/example_subdag_operator.py
[2023-12-31T10:06:25.729-0300] {processor.py:830} INFO - Processing file /home/felipe/.local/lib/python3.10/site-packages/airflow/example_dags/example_subdag_operator.py for tasks to queue
[2023-12-31T10:06:25.737-0300] {logging_mixin.py:188} INFO - [2023-12-31T10:06:25.736-0300] {dagbag.py:538} INFO - Filling up the DagBag from /home/felipe/.local/lib/python3.10/site-packages/airflow/example_dags/example_subdag_operator.py
[2023-12-31T10:06:25.838-0300] {processor.py:840} INFO - DAG(s) 'example_subdag_operator.section-1', 'example_subdag_operator.section-2', 'example_subdag_operator' retrieved from /home/felipe/.local/lib/python3.10/site-packages/airflow/example_dags/example_subdag_operator.py
[2023-12-31T10:06:25.926-0300] {logging_mixin.py:188} INFO - [2023-12-31T10:06:25.919-0300] {dag.py:3033} INFO - Sync 3 DAGs
[2023-12-31T10:06:26.029-0300] {logging_mixin.py:188} INFO - [2023-12-31T10:06:26.028-0300] {dag.py:3820} INFO - Setting next_dagrun for example_subdag_operator to 2022-01-01T00:00:00+00:00, run_after=2022-01-01T00:00:00+00:00
[2023-12-31T10:06:26.049-0300] {logging_mixin.py:188} INFO - [2023-12-31T10:06:26.048-0300] {dag.py:3820} INFO - Setting next_dagrun for example_subdag_operator.section-1 to None, run_after=None
[2023-12-31T10:06:26.067-0300] {logging_mixin.py:188} INFO - [2023-12-31T10:06:26.066-0300] {dag.py:3820} INFO - Setting next_dagrun for example_subdag_operator.section-2 to None, run_after=None
[2023-12-31T10:06:26.099-0300] {logging_mixin.py:188} INFO - [2023-12-31T10:06:26.098-0300] {dag.py:3033} INFO - Sync 2 DAGs
[2023-12-31T10:06:26.128-0300] {logging_mixin.py:188} INFO - [2023-12-31T10:06:26.128-0300] {dag.py:3820} INFO - Setting next_dagrun for example_subdag_operator.section-1 to None, run_after=None
[2023-12-31T10:06:26.129-0300] {logging_mixin.py:188} INFO - [2023-12-31T10:06:26.129-0300] {dag.py:3820} INFO - Setting next_dagrun for example_subdag_operator.section-2 to None, run_after=None
[2023-12-31T10:06:26.236-0300] {processor.py:183} INFO - Processing /home/felipe/.local/lib/python3.10/site-packages/airflow/example_dags/example_subdag_operator.py took 0.520 seconds
[2023-12-31T10:08:51.699-0300] {processor.py:161} INFO - Started process (PID=33805) to work on /home/felipe/.local/lib/python3.10/site-packages/airflow/example_dags/example_subdag_operator.py
[2023-12-31T10:08:51.708-0300] {processor.py:830} INFO - Processing file /home/felipe/.local/lib/python3.10/site-packages/airflow/example_dags/example_subdag_operator.py for tasks to queue
[2023-12-31T10:08:51.709-0300] {logging_mixin.py:188} INFO - [2023-12-31T10:08:51.709-0300] {dagbag.py:538} INFO - Filling up the DagBag from /home/felipe/.local/lib/python3.10/site-packages/airflow/example_dags/example_subdag_operator.py
[2023-12-31T10:08:51.886-0300] {processor.py:840} INFO - DAG(s) 'example_subdag_operator.section-1', 'example_subdag_operator.section-2', 'example_subdag_operator' retrieved from /home/felipe/.local/lib/python3.10/site-packages/airflow/example_dags/example_subdag_operator.py
[2023-12-31T10:08:51.999-0300] {logging_mixin.py:188} INFO - [2023-12-31T10:08:51.999-0300] {dag.py:3033} INFO - Sync 3 DAGs
[2023-12-31T10:08:52.149-0300] {logging_mixin.py:188} INFO - [2023-12-31T10:08:52.148-0300] {dag.py:3820} INFO - Setting next_dagrun for example_subdag_operator to 2022-01-01T00:00:00+00:00, run_after=2022-01-01T00:00:00+00:00
[2023-12-31T10:08:52.188-0300] {logging_mixin.py:188} INFO - [2023-12-31T10:08:52.187-0300] {dag.py:3820} INFO - Setting next_dagrun for example_subdag_operator.section-1 to None, run_after=None
[2023-12-31T10:08:52.198-0300] {logging_mixin.py:188} INFO - [2023-12-31T10:08:52.198-0300] {dag.py:3820} INFO - Setting next_dagrun for example_subdag_operator.section-2 to None, run_after=None
[2023-12-31T10:08:52.239-0300] {logging_mixin.py:188} INFO - [2023-12-31T10:08:52.239-0300] {dag.py:3033} INFO - Sync 2 DAGs
[2023-12-31T10:08:52.268-0300] {logging_mixin.py:188} INFO - [2023-12-31T10:08:52.267-0300] {dag.py:3820} INFO - Setting next_dagrun for example_subdag_operator.section-1 to None, run_after=None
[2023-12-31T10:08:52.268-0300] {logging_mixin.py:188} INFO - [2023-12-31T10:08:52.268-0300] {dag.py:3820} INFO - Setting next_dagrun for example_subdag_operator.section-2 to None, run_after=None
[2023-12-31T10:08:52.419-0300] {processor.py:183} INFO - Processing /home/felipe/.local/lib/python3.10/site-packages/airflow/example_dags/example_subdag_operator.py took 0.731 seconds
[2023-12-31T11:29:32.946-0300] {processor.py:161} INFO - Started process (PID=34029) to work on /home/felipe/.local/lib/python3.10/site-packages/airflow/example_dags/example_subdag_operator.py
[2023-12-31T11:29:32.964-0300] {processor.py:830} INFO - Processing file /home/felipe/.local/lib/python3.10/site-packages/airflow/example_dags/example_subdag_operator.py for tasks to queue
[2023-12-31T11:29:32.966-0300] {logging_mixin.py:188} INFO - [2023-12-31T11:29:32.965-0300] {dagbag.py:538} INFO - Filling up the DagBag from /home/felipe/.local/lib/python3.10/site-packages/airflow/example_dags/example_subdag_operator.py
[2023-12-31T11:29:33.086-0300] {processor.py:840} INFO - DAG(s) 'example_subdag_operator.section-1', 'example_subdag_operator.section-2', 'example_subdag_operator' retrieved from /home/felipe/.local/lib/python3.10/site-packages/airflow/example_dags/example_subdag_operator.py
[2023-12-31T11:29:33.177-0300] {logging_mixin.py:188} INFO - [2023-12-31T11:29:33.176-0300] {dag.py:3033} INFO - Sync 3 DAGs
[2023-12-31T11:29:33.295-0300] {logging_mixin.py:188} INFO - [2023-12-31T11:29:33.294-0300] {dag.py:3820} INFO - Setting next_dagrun for example_subdag_operator to 2022-01-01T00:00:00+00:00, run_after=2022-01-01T00:00:00+00:00
[2023-12-31T11:29:33.326-0300] {logging_mixin.py:188} INFO - [2023-12-31T11:29:33.326-0300] {dag.py:3820} INFO - Setting next_dagrun for example_subdag_operator.section-1 to None, run_after=None
[2023-12-31T11:29:33.336-0300] {logging_mixin.py:188} INFO - [2023-12-31T11:29:33.335-0300] {dag.py:3820} INFO - Setting next_dagrun for example_subdag_operator.section-2 to None, run_after=None
[2023-12-31T11:29:33.376-0300] {logging_mixin.py:188} INFO - [2023-12-31T11:29:33.375-0300] {dag.py:3033} INFO - Sync 2 DAGs
[2023-12-31T11:29:33.405-0300] {logging_mixin.py:188} INFO - [2023-12-31T11:29:33.405-0300] {dag.py:3820} INFO - Setting next_dagrun for example_subdag_operator.section-1 to None, run_after=None
[2023-12-31T11:29:33.406-0300] {logging_mixin.py:188} INFO - [2023-12-31T11:29:33.406-0300] {dag.py:3820} INFO - Setting next_dagrun for example_subdag_operator.section-2 to None, run_after=None
[2023-12-31T11:29:33.524-0300] {processor.py:183} INFO - Processing /home/felipe/.local/lib/python3.10/site-packages/airflow/example_dags/example_subdag_operator.py took 0.591 seconds
[2023-12-31T11:31:26.447-0300] {processor.py:161} INFO - Started process (PID=34281) to work on /home/felipe/.local/lib/python3.10/site-packages/airflow/example_dags/example_subdag_operator.py
[2023-12-31T11:31:26.455-0300] {processor.py:830} INFO - Processing file /home/felipe/.local/lib/python3.10/site-packages/airflow/example_dags/example_subdag_operator.py for tasks to queue
[2023-12-31T11:31:26.464-0300] {logging_mixin.py:188} INFO - [2023-12-31T11:31:26.456-0300] {dagbag.py:538} INFO - Filling up the DagBag from /home/felipe/.local/lib/python3.10/site-packages/airflow/example_dags/example_subdag_operator.py
[2023-12-31T11:31:26.596-0300] {processor.py:840} INFO - DAG(s) 'example_subdag_operator.section-1', 'example_subdag_operator.section-2', 'example_subdag_operator' retrieved from /home/felipe/.local/lib/python3.10/site-packages/airflow/example_dags/example_subdag_operator.py
[2023-12-31T11:31:26.744-0300] {logging_mixin.py:188} INFO - [2023-12-31T11:31:26.737-0300] {dag.py:3033} INFO - Sync 3 DAGs
[2023-12-31T11:31:26.877-0300] {logging_mixin.py:188} INFO - [2023-12-31T11:31:26.876-0300] {dag.py:3820} INFO - Setting next_dagrun for example_subdag_operator to 2022-01-01T00:00:00+00:00, run_after=2022-01-01T00:00:00+00:00
[2023-12-31T11:31:26.916-0300] {logging_mixin.py:188} INFO - [2023-12-31T11:31:26.915-0300] {dag.py:3820} INFO - Setting next_dagrun for example_subdag_operator.section-1 to None, run_after=None
[2023-12-31T11:31:26.926-0300] {logging_mixin.py:188} INFO - [2023-12-31T11:31:26.926-0300] {dag.py:3820} INFO - Setting next_dagrun for example_subdag_operator.section-2 to None, run_after=None
[2023-12-31T11:31:26.966-0300] {logging_mixin.py:188} INFO - [2023-12-31T11:31:26.966-0300] {dag.py:3033} INFO - Sync 2 DAGs
[2023-12-31T11:31:26.996-0300] {logging_mixin.py:188} INFO - [2023-12-31T11:31:26.996-0300] {dag.py:3820} INFO - Setting next_dagrun for example_subdag_operator.section-1 to None, run_after=None
[2023-12-31T11:31:26.997-0300] {logging_mixin.py:188} INFO - [2023-12-31T11:31:26.996-0300] {dag.py:3820} INFO - Setting next_dagrun for example_subdag_operator.section-2 to None, run_after=None
[2023-12-31T11:31:27.135-0300] {processor.py:183} INFO - Processing /home/felipe/.local/lib/python3.10/site-packages/airflow/example_dags/example_subdag_operator.py took 0.709 seconds
[2023-12-31T11:32:51.446-0300] {processor.py:161} INFO - Started process (PID=34375) to work on /home/felipe/.local/lib/python3.10/site-packages/airflow/example_dags/example_subdag_operator.py
[2023-12-31T11:32:51.455-0300] {processor.py:830} INFO - Processing file /home/felipe/.local/lib/python3.10/site-packages/airflow/example_dags/example_subdag_operator.py for tasks to queue
[2023-12-31T11:32:51.457-0300] {logging_mixin.py:188} INFO - [2023-12-31T11:32:51.456-0300] {dagbag.py:538} INFO - Filling up the DagBag from /home/felipe/.local/lib/python3.10/site-packages/airflow/example_dags/example_subdag_operator.py
[2023-12-31T11:32:51.604-0300] {processor.py:840} INFO - DAG(s) 'example_subdag_operator.section-1', 'example_subdag_operator.section-2', 'example_subdag_operator' retrieved from /home/felipe/.local/lib/python3.10/site-packages/airflow/example_dags/example_subdag_operator.py
[2023-12-31T11:32:51.734-0300] {logging_mixin.py:188} INFO - [2023-12-31T11:32:51.726-0300] {dag.py:3033} INFO - Sync 3 DAGs
[2023-12-31T11:32:51.884-0300] {logging_mixin.py:188} INFO - [2023-12-31T11:32:51.876-0300] {dag.py:3820} INFO - Setting next_dagrun for example_subdag_operator to 2022-01-01T00:00:00+00:00, run_after=2022-01-01T00:00:00+00:00
[2023-12-31T11:32:51.976-0300] {logging_mixin.py:188} INFO - [2023-12-31T11:32:51.976-0300] {dag.py:3820} INFO - Setting next_dagrun for example_subdag_operator.section-1 to None, run_after=None
[2023-12-31T11:32:51.986-0300] {logging_mixin.py:188} INFO - [2023-12-31T11:32:51.986-0300] {dag.py:3820} INFO - Setting next_dagrun for example_subdag_operator.section-2 to None, run_after=None
[2023-12-31T11:32:52.046-0300] {logging_mixin.py:188} INFO - [2023-12-31T11:32:52.046-0300] {dag.py:3033} INFO - Sync 2 DAGs
[2023-12-31T11:32:52.106-0300] {logging_mixin.py:188} INFO - [2023-12-31T11:32:52.105-0300] {dag.py:3820} INFO - Setting next_dagrun for example_subdag_operator.section-1 to None, run_after=None
[2023-12-31T11:32:52.114-0300] {logging_mixin.py:188} INFO - [2023-12-31T11:32:52.106-0300] {dag.py:3820} INFO - Setting next_dagrun for example_subdag_operator.section-2 to None, run_after=None
[2023-12-31T11:32:52.216-0300] {processor.py:183} INFO - Processing /home/felipe/.local/lib/python3.10/site-packages/airflow/example_dags/example_subdag_operator.py took 0.780 seconds
[2023-12-31T11:34:19.184-0300] {processor.py:161} INFO - Started process (PID=34475) to work on /home/felipe/.local/lib/python3.10/site-packages/airflow/example_dags/example_subdag_operator.py
[2023-12-31T11:34:19.186-0300] {processor.py:830} INFO - Processing file /home/felipe/.local/lib/python3.10/site-packages/airflow/example_dags/example_subdag_operator.py for tasks to queue
[2023-12-31T11:34:19.195-0300] {logging_mixin.py:188} INFO - [2023-12-31T11:34:19.194-0300] {dagbag.py:538} INFO - Filling up the DagBag from /home/felipe/.local/lib/python3.10/site-packages/airflow/example_dags/example_subdag_operator.py
[2023-12-31T11:34:19.317-0300] {processor.py:840} INFO - DAG(s) 'example_subdag_operator.section-1', 'example_subdag_operator.section-2', 'example_subdag_operator' retrieved from /home/felipe/.local/lib/python3.10/site-packages/airflow/example_dags/example_subdag_operator.py
[2023-12-31T11:34:19.415-0300] {logging_mixin.py:188} INFO - [2023-12-31T11:34:19.414-0300] {dag.py:3033} INFO - Sync 3 DAGs
[2023-12-31T11:34:19.564-0300] {logging_mixin.py:188} INFO - [2023-12-31T11:34:19.564-0300] {dag.py:3820} INFO - Setting next_dagrun for example_subdag_operator to 2022-01-01T00:00:00+00:00, run_after=2022-01-01T00:00:00+00:00
[2023-12-31T11:34:19.585-0300] {logging_mixin.py:188} INFO - [2023-12-31T11:34:19.585-0300] {dag.py:3820} INFO - Setting next_dagrun for example_subdag_operator.section-1 to None, run_after=None
[2023-12-31T11:34:19.594-0300] {logging_mixin.py:188} INFO - [2023-12-31T11:34:19.587-0300] {dag.py:3820} INFO - Setting next_dagrun for example_subdag_operator.section-2 to None, run_after=None
[2023-12-31T11:34:19.627-0300] {logging_mixin.py:188} INFO - [2023-12-31T11:34:19.626-0300] {dag.py:3033} INFO - Sync 2 DAGs
[2023-12-31T11:34:19.656-0300] {logging_mixin.py:188} INFO - [2023-12-31T11:34:19.656-0300] {dag.py:3820} INFO - Setting next_dagrun for example_subdag_operator.section-1 to None, run_after=None
[2023-12-31T11:34:19.664-0300] {logging_mixin.py:188} INFO - [2023-12-31T11:34:19.664-0300] {dag.py:3820} INFO - Setting next_dagrun for example_subdag_operator.section-2 to None, run_after=None
[2023-12-31T11:34:19.774-0300] {processor.py:183} INFO - Processing /home/felipe/.local/lib/python3.10/site-packages/airflow/example_dags/example_subdag_operator.py took 0.608 seconds
[2023-12-31T11:35:44.585-0300] {processor.py:161} INFO - Started process (PID=34593) to work on /home/felipe/.local/lib/python3.10/site-packages/airflow/example_dags/example_subdag_operator.py
[2023-12-31T11:35:44.594-0300] {processor.py:830} INFO - Processing file /home/felipe/.local/lib/python3.10/site-packages/airflow/example_dags/example_subdag_operator.py for tasks to queue
[2023-12-31T11:35:44.596-0300] {logging_mixin.py:188} INFO - [2023-12-31T11:35:44.595-0300] {dagbag.py:538} INFO - Filling up the DagBag from /home/felipe/.local/lib/python3.10/site-packages/airflow/example_dags/example_subdag_operator.py
[2023-12-31T11:35:44.766-0300] {processor.py:840} INFO - DAG(s) 'example_subdag_operator.section-1', 'example_subdag_operator.section-2', 'example_subdag_operator' retrieved from /home/felipe/.local/lib/python3.10/site-packages/airflow/example_dags/example_subdag_operator.py
[2023-12-31T11:35:44.865-0300] {logging_mixin.py:188} INFO - [2023-12-31T11:35:44.865-0300] {dag.py:3033} INFO - Sync 3 DAGs
[2023-12-31T11:35:45.026-0300] {logging_mixin.py:188} INFO - [2023-12-31T11:35:45.025-0300] {dag.py:3820} INFO - Setting next_dagrun for example_subdag_operator to 2022-01-01T00:00:00+00:00, run_after=2022-01-01T00:00:00+00:00
[2023-12-31T11:35:45.046-0300] {logging_mixin.py:188} INFO - [2023-12-31T11:35:45.046-0300] {dag.py:3820} INFO - Setting next_dagrun for example_subdag_operator.section-1 to None, run_after=None
[2023-12-31T11:35:45.056-0300] {logging_mixin.py:188} INFO - [2023-12-31T11:35:45.055-0300] {dag.py:3820} INFO - Setting next_dagrun for example_subdag_operator.section-2 to None, run_after=None
[2023-12-31T11:35:45.095-0300] {logging_mixin.py:188} INFO - [2023-12-31T11:35:45.095-0300] {dag.py:3033} INFO - Sync 2 DAGs
[2023-12-31T11:35:45.134-0300] {logging_mixin.py:188} INFO - [2023-12-31T11:35:45.134-0300] {dag.py:3820} INFO - Setting next_dagrun for example_subdag_operator.section-1 to None, run_after=None
[2023-12-31T11:35:45.135-0300] {logging_mixin.py:188} INFO - [2023-12-31T11:35:45.134-0300] {dag.py:3820} INFO - Setting next_dagrun for example_subdag_operator.section-2 to None, run_after=None
[2023-12-31T11:35:45.256-0300] {processor.py:183} INFO - Processing /home/felipe/.local/lib/python3.10/site-packages/airflow/example_dags/example_subdag_operator.py took 0.691 seconds
[2023-12-31T11:37:08.025-0300] {processor.py:161} INFO - Started process (PID=34682) to work on /home/felipe/.local/lib/python3.10/site-packages/airflow/example_dags/example_subdag_operator.py
[2023-12-31T11:37:08.034-0300] {processor.py:830} INFO - Processing file /home/felipe/.local/lib/python3.10/site-packages/airflow/example_dags/example_subdag_operator.py for tasks to queue
[2023-12-31T11:37:08.036-0300] {logging_mixin.py:188} INFO - [2023-12-31T11:37:08.035-0300] {dagbag.py:538} INFO - Filling up the DagBag from /home/felipe/.local/lib/python3.10/site-packages/airflow/example_dags/example_subdag_operator.py
[2023-12-31T11:37:08.174-0300] {processor.py:840} INFO - DAG(s) 'example_subdag_operator.section-1', 'example_subdag_operator.section-2', 'example_subdag_operator' retrieved from /home/felipe/.local/lib/python3.10/site-packages/airflow/example_dags/example_subdag_operator.py
[2023-12-31T11:37:08.274-0300] {logging_mixin.py:188} INFO - [2023-12-31T11:37:08.267-0300] {dag.py:3033} INFO - Sync 3 DAGs
[2023-12-31T11:37:08.405-0300] {logging_mixin.py:188} INFO - [2023-12-31T11:37:08.404-0300] {dag.py:3820} INFO - Setting next_dagrun for example_subdag_operator to 2022-01-01T00:00:00+00:00, run_after=2022-01-01T00:00:00+00:00
[2023-12-31T11:37:08.435-0300] {logging_mixin.py:188} INFO - [2023-12-31T11:37:08.435-0300] {dag.py:3820} INFO - Setting next_dagrun for example_subdag_operator.section-1 to None, run_after=None
[2023-12-31T11:37:08.445-0300] {logging_mixin.py:188} INFO - [2023-12-31T11:37:08.444-0300] {dag.py:3820} INFO - Setting next_dagrun for example_subdag_operator.section-2 to None, run_after=None
[2023-12-31T11:37:08.514-0300] {logging_mixin.py:188} INFO - [2023-12-31T11:37:08.506-0300] {dag.py:3033} INFO - Sync 2 DAGs
[2023-12-31T11:37:08.556-0300] {logging_mixin.py:188} INFO - [2023-12-31T11:37:08.555-0300] {dag.py:3820} INFO - Setting next_dagrun for example_subdag_operator.section-1 to None, run_after=None
[2023-12-31T11:37:08.556-0300] {logging_mixin.py:188} INFO - [2023-12-31T11:37:08.556-0300] {dag.py:3820} INFO - Setting next_dagrun for example_subdag_operator.section-2 to None, run_after=None
[2023-12-31T11:37:08.696-0300] {processor.py:183} INFO - Processing /home/felipe/.local/lib/python3.10/site-packages/airflow/example_dags/example_subdag_operator.py took 0.682 seconds
[2023-12-31T11:38:29.906-0300] {processor.py:161} INFO - Started process (PID=34777) to work on /home/felipe/.local/lib/python3.10/site-packages/airflow/example_dags/example_subdag_operator.py
[2023-12-31T11:38:29.924-0300] {processor.py:830} INFO - Processing file /home/felipe/.local/lib/python3.10/site-packages/airflow/example_dags/example_subdag_operator.py for tasks to queue
[2023-12-31T11:38:29.925-0300] {logging_mixin.py:188} INFO - [2023-12-31T11:38:29.925-0300] {dagbag.py:538} INFO - Filling up the DagBag from /home/felipe/.local/lib/python3.10/site-packages/airflow/example_dags/example_subdag_operator.py
[2023-12-31T11:38:30.054-0300] {processor.py:840} INFO - DAG(s) 'example_subdag_operator.section-1', 'example_subdag_operator.section-2', 'example_subdag_operator' retrieved from /home/felipe/.local/lib/python3.10/site-packages/airflow/example_dags/example_subdag_operator.py
[2023-12-31T11:38:30.165-0300] {logging_mixin.py:188} INFO - [2023-12-31T11:38:30.164-0300] {dag.py:3033} INFO - Sync 3 DAGs
[2023-12-31T11:38:30.327-0300] {logging_mixin.py:188} INFO - [2023-12-31T11:38:30.326-0300] {dag.py:3820} INFO - Setting next_dagrun for example_subdag_operator to 2022-01-01T00:00:00+00:00, run_after=2022-01-01T00:00:00+00:00
[2023-12-31T11:38:30.366-0300] {logging_mixin.py:188} INFO - [2023-12-31T11:38:30.365-0300] {dag.py:3820} INFO - Setting next_dagrun for example_subdag_operator.section-1 to None, run_after=None
[2023-12-31T11:38:30.376-0300] {logging_mixin.py:188} INFO - [2023-12-31T11:38:30.376-0300] {dag.py:3820} INFO - Setting next_dagrun for example_subdag_operator.section-2 to None, run_after=None
[2023-12-31T11:38:30.436-0300] {logging_mixin.py:188} INFO - [2023-12-31T11:38:30.436-0300] {dag.py:3033} INFO - Sync 2 DAGs
[2023-12-31T11:38:30.486-0300] {logging_mixin.py:188} INFO - [2023-12-31T11:38:30.486-0300] {dag.py:3820} INFO - Setting next_dagrun for example_subdag_operator.section-1 to None, run_after=None
[2023-12-31T11:38:30.494-0300] {logging_mixin.py:188} INFO - [2023-12-31T11:38:30.486-0300] {dag.py:3820} INFO - Setting next_dagrun for example_subdag_operator.section-2 to None, run_after=None
[2023-12-31T11:38:30.615-0300] {processor.py:183} INFO - Processing /home/felipe/.local/lib/python3.10/site-packages/airflow/example_dags/example_subdag_operator.py took 0.721 seconds
[2023-12-31T11:39:54.044-0300] {processor.py:161} INFO - Started process (PID=34866) to work on /home/felipe/.local/lib/python3.10/site-packages/airflow/example_dags/example_subdag_operator.py
[2023-12-31T11:39:54.054-0300] {processor.py:830} INFO - Processing file /home/felipe/.local/lib/python3.10/site-packages/airflow/example_dags/example_subdag_operator.py for tasks to queue
[2023-12-31T11:39:54.055-0300] {logging_mixin.py:188} INFO - [2023-12-31T11:39:54.055-0300] {dagbag.py:538} INFO - Filling up the DagBag from /home/felipe/.local/lib/python3.10/site-packages/airflow/example_dags/example_subdag_operator.py
[2023-12-31T11:39:54.176-0300] {processor.py:840} INFO - DAG(s) 'example_subdag_operator.section-1', 'example_subdag_operator.section-2', 'example_subdag_operator' retrieved from /home/felipe/.local/lib/python3.10/site-packages/airflow/example_dags/example_subdag_operator.py
[2023-12-31T11:39:54.286-0300] {logging_mixin.py:188} INFO - [2023-12-31T11:39:54.285-0300] {dag.py:3033} INFO - Sync 3 DAGs
[2023-12-31T11:39:54.416-0300] {logging_mixin.py:188} INFO - [2023-12-31T11:39:54.416-0300] {dag.py:3820} INFO - Setting next_dagrun for example_subdag_operator to 2022-01-01T00:00:00+00:00, run_after=2022-01-01T00:00:00+00:00
[2023-12-31T11:39:54.444-0300] {logging_mixin.py:188} INFO - [2023-12-31T11:39:54.444-0300] {dag.py:3820} INFO - Setting next_dagrun for example_subdag_operator.section-1 to None, run_after=None
[2023-12-31T11:39:54.446-0300] {logging_mixin.py:188} INFO - [2023-12-31T11:39:54.446-0300] {dag.py:3820} INFO - Setting next_dagrun for example_subdag_operator.section-2 to None, run_after=None
[2023-12-31T11:39:54.486-0300] {logging_mixin.py:188} INFO - [2023-12-31T11:39:54.486-0300] {dag.py:3033} INFO - Sync 2 DAGs
[2023-12-31T11:39:54.524-0300] {logging_mixin.py:188} INFO - [2023-12-31T11:39:54.516-0300] {dag.py:3820} INFO - Setting next_dagrun for example_subdag_operator.section-1 to None, run_after=None
[2023-12-31T11:39:54.524-0300] {logging_mixin.py:188} INFO - [2023-12-31T11:39:54.524-0300] {dag.py:3820} INFO - Setting next_dagrun for example_subdag_operator.section-2 to None, run_after=None
[2023-12-31T11:39:54.656-0300] {processor.py:183} INFO - Processing /home/felipe/.local/lib/python3.10/site-packages/airflow/example_dags/example_subdag_operator.py took 0.630 seconds
[2023-12-31T11:41:17.355-0300] {processor.py:161} INFO - Started process (PID=34982) to work on /home/felipe/.local/lib/python3.10/site-packages/airflow/example_dags/example_subdag_operator.py
[2023-12-31T11:41:17.365-0300] {processor.py:830} INFO - Processing file /home/felipe/.local/lib/python3.10/site-packages/airflow/example_dags/example_subdag_operator.py for tasks to queue
[2023-12-31T11:41:17.366-0300] {logging_mixin.py:188} INFO - [2023-12-31T11:41:17.366-0300] {dagbag.py:538} INFO - Filling up the DagBag from /home/felipe/.local/lib/python3.10/site-packages/airflow/example_dags/example_subdag_operator.py
[2023-12-31T11:41:17.524-0300] {processor.py:840} INFO - DAG(s) 'example_subdag_operator.section-1', 'example_subdag_operator.section-2', 'example_subdag_operator' retrieved from /home/felipe/.local/lib/python3.10/site-packages/airflow/example_dags/example_subdag_operator.py
[2023-12-31T11:41:17.685-0300] {logging_mixin.py:188} INFO - [2023-12-31T11:41:17.685-0300] {dag.py:3033} INFO - Sync 3 DAGs
[2023-12-31T11:41:17.824-0300] {logging_mixin.py:188} INFO - [2023-12-31T11:41:17.816-0300] {dag.py:3820} INFO - Setting next_dagrun for example_subdag_operator to 2022-01-01T00:00:00+00:00, run_after=2022-01-01T00:00:00+00:00
[2023-12-31T11:41:17.845-0300] {logging_mixin.py:188} INFO - [2023-12-31T11:41:17.845-0300] {dag.py:3820} INFO - Setting next_dagrun for example_subdag_operator.section-1 to None, run_after=None
[2023-12-31T11:41:17.855-0300] {logging_mixin.py:188} INFO - [2023-12-31T11:41:17.855-0300] {dag.py:3820} INFO - Setting next_dagrun for example_subdag_operator.section-2 to None, run_after=None
[2023-12-31T11:41:17.925-0300] {logging_mixin.py:188} INFO - [2023-12-31T11:41:17.924-0300] {dag.py:3033} INFO - Sync 2 DAGs
[2023-12-31T11:41:17.975-0300] {logging_mixin.py:188} INFO - [2023-12-31T11:41:17.974-0300] {dag.py:3820} INFO - Setting next_dagrun for example_subdag_operator.section-1 to None, run_after=None
[2023-12-31T11:41:17.976-0300] {logging_mixin.py:188} INFO - [2023-12-31T11:41:17.975-0300] {dag.py:3820} INFO - Setting next_dagrun for example_subdag_operator.section-2 to None, run_after=None
[2023-12-31T11:41:18.146-0300] {processor.py:183} INFO - Processing /home/felipe/.local/lib/python3.10/site-packages/airflow/example_dags/example_subdag_operator.py took 0.810 seconds
[2023-12-31T11:42:51.164-0300] {processor.py:161} INFO - Started process (PID=35086) to work on /home/felipe/.local/lib/python3.10/site-packages/airflow/example_dags/example_subdag_operator.py
[2023-12-31T11:42:51.174-0300] {processor.py:830} INFO - Processing file /home/felipe/.local/lib/python3.10/site-packages/airflow/example_dags/example_subdag_operator.py for tasks to queue
[2023-12-31T11:42:51.175-0300] {logging_mixin.py:188} INFO - [2023-12-31T11:42:51.175-0300] {dagbag.py:538} INFO - Filling up the DagBag from /home/felipe/.local/lib/python3.10/site-packages/airflow/example_dags/example_subdag_operator.py
[2023-12-31T11:42:51.325-0300] {processor.py:840} INFO - DAG(s) 'example_subdag_operator.section-1', 'example_subdag_operator.section-2', 'example_subdag_operator' retrieved from /home/felipe/.local/lib/python3.10/site-packages/airflow/example_dags/example_subdag_operator.py
[2023-12-31T11:42:51.484-0300] {logging_mixin.py:188} INFO - [2023-12-31T11:42:51.476-0300] {dag.py:3033} INFO - Sync 3 DAGs
[2023-12-31T11:42:51.684-0300] {logging_mixin.py:188} INFO - [2023-12-31T11:42:51.676-0300] {dag.py:3820} INFO - Setting next_dagrun for example_subdag_operator to 2022-01-01T00:00:00+00:00, run_after=2022-01-01T00:00:00+00:00
[2023-12-31T11:42:51.714-0300] {logging_mixin.py:188} INFO - [2023-12-31T11:42:51.714-0300] {dag.py:3820} INFO - Setting next_dagrun for example_subdag_operator.section-1 to None, run_after=None
[2023-12-31T11:42:51.725-0300] {logging_mixin.py:188} INFO - [2023-12-31T11:42:51.724-0300] {dag.py:3820} INFO - Setting next_dagrun for example_subdag_operator.section-2 to None, run_after=None
[2023-12-31T11:42:51.775-0300] {logging_mixin.py:188} INFO - [2023-12-31T11:42:51.775-0300] {dag.py:3033} INFO - Sync 2 DAGs
[2023-12-31T11:42:51.825-0300] {logging_mixin.py:188} INFO - [2023-12-31T11:42:51.825-0300] {dag.py:3820} INFO - Setting next_dagrun for example_subdag_operator.section-1 to None, run_after=None
[2023-12-31T11:42:51.834-0300] {logging_mixin.py:188} INFO - [2023-12-31T11:42:51.826-0300] {dag.py:3820} INFO - Setting next_dagrun for example_subdag_operator.section-2 to None, run_after=None
[2023-12-31T11:42:51.976-0300] {processor.py:183} INFO - Processing /home/felipe/.local/lib/python3.10/site-packages/airflow/example_dags/example_subdag_operator.py took 0.832 seconds
[2023-12-31T11:44:31.965-0300] {processor.py:161} INFO - Started process (PID=35209) to work on /home/felipe/.local/lib/python3.10/site-packages/airflow/example_dags/example_subdag_operator.py
[2023-12-31T11:44:31.974-0300] {processor.py:830} INFO - Processing file /home/felipe/.local/lib/python3.10/site-packages/airflow/example_dags/example_subdag_operator.py for tasks to queue
[2023-12-31T11:44:31.976-0300] {logging_mixin.py:188} INFO - [2023-12-31T11:44:31.975-0300] {dagbag.py:538} INFO - Filling up the DagBag from /home/felipe/.local/lib/python3.10/site-packages/airflow/example_dags/example_subdag_operator.py
[2023-12-31T11:44:32.176-0300] {processor.py:840} INFO - DAG(s) 'example_subdag_operator.section-1', 'example_subdag_operator.section-2', 'example_subdag_operator' retrieved from /home/felipe/.local/lib/python3.10/site-packages/airflow/example_dags/example_subdag_operator.py
[2023-12-31T11:44:32.316-0300] {logging_mixin.py:188} INFO - [2023-12-31T11:44:32.315-0300] {dag.py:3033} INFO - Sync 3 DAGs
[2023-12-31T11:44:32.534-0300] {logging_mixin.py:188} INFO - [2023-12-31T11:44:32.526-0300] {dag.py:3820} INFO - Setting next_dagrun for example_subdag_operator to 2022-01-01T00:00:00+00:00, run_after=2022-01-01T00:00:00+00:00
[2023-12-31T11:44:32.576-0300] {logging_mixin.py:188} INFO - [2023-12-31T11:44:32.575-0300] {dag.py:3820} INFO - Setting next_dagrun for example_subdag_operator.section-1 to None, run_after=None
[2023-12-31T11:44:32.595-0300] {logging_mixin.py:188} INFO - [2023-12-31T11:44:32.594-0300] {dag.py:3820} INFO - Setting next_dagrun for example_subdag_operator.section-2 to None, run_after=None
[2023-12-31T11:44:32.695-0300] {logging_mixin.py:188} INFO - [2023-12-31T11:44:32.694-0300] {dag.py:3033} INFO - Sync 2 DAGs
[2023-12-31T11:44:32.795-0300] {logging_mixin.py:188} INFO - [2023-12-31T11:44:32.795-0300] {dag.py:3820} INFO - Setting next_dagrun for example_subdag_operator.section-1 to None, run_after=None
[2023-12-31T11:44:32.796-0300] {logging_mixin.py:188} INFO - [2023-12-31T11:44:32.796-0300] {dag.py:3820} INFO - Setting next_dagrun for example_subdag_operator.section-2 to None, run_after=None
[2023-12-31T11:44:32.985-0300] {processor.py:183} INFO - Processing /home/felipe/.local/lib/python3.10/site-packages/airflow/example_dags/example_subdag_operator.py took 1.039 seconds
[2023-12-31T11:46:09.415-0300] {processor.py:161} INFO - Started process (PID=35337) to work on /home/felipe/.local/lib/python3.10/site-packages/airflow/example_dags/example_subdag_operator.py
[2023-12-31T11:46:09.425-0300] {processor.py:830} INFO - Processing file /home/felipe/.local/lib/python3.10/site-packages/airflow/example_dags/example_subdag_operator.py for tasks to queue
[2023-12-31T11:46:09.435-0300] {logging_mixin.py:188} INFO - [2023-12-31T11:46:09.434-0300] {dagbag.py:538} INFO - Filling up the DagBag from /home/felipe/.local/lib/python3.10/site-packages/airflow/example_dags/example_subdag_operator.py
[2023-12-31T11:46:09.596-0300] {processor.py:840} INFO - DAG(s) 'example_subdag_operator.section-1', 'example_subdag_operator.section-2', 'example_subdag_operator' retrieved from /home/felipe/.local/lib/python3.10/site-packages/airflow/example_dags/example_subdag_operator.py
[2023-12-31T11:46:09.724-0300] {logging_mixin.py:188} INFO - [2023-12-31T11:46:09.716-0300] {dag.py:3033} INFO - Sync 3 DAGs
[2023-12-31T11:46:09.884-0300] {logging_mixin.py:188} INFO - [2023-12-31T11:46:09.876-0300] {dag.py:3820} INFO - Setting next_dagrun for example_subdag_operator to 2022-01-01T00:00:00+00:00, run_after=2022-01-01T00:00:00+00:00
[2023-12-31T11:46:09.915-0300] {logging_mixin.py:188} INFO - [2023-12-31T11:46:09.914-0300] {dag.py:3820} INFO - Setting next_dagrun for example_subdag_operator.section-1 to None, run_after=None
[2023-12-31T11:46:09.925-0300] {logging_mixin.py:188} INFO - [2023-12-31T11:46:09.924-0300] {dag.py:3820} INFO - Setting next_dagrun for example_subdag_operator.section-2 to None, run_after=None
[2023-12-31T11:46:09.974-0300] {logging_mixin.py:188} INFO - [2023-12-31T11:46:09.974-0300] {dag.py:3033} INFO - Sync 2 DAGs
[2023-12-31T11:46:10.014-0300] {logging_mixin.py:188} INFO - [2023-12-31T11:46:10.006-0300] {dag.py:3820} INFO - Setting next_dagrun for example_subdag_operator.section-1 to None, run_after=None
[2023-12-31T11:46:10.015-0300] {logging_mixin.py:188} INFO - [2023-12-31T11:46:10.014-0300] {dag.py:3820} INFO - Setting next_dagrun for example_subdag_operator.section-2 to None, run_after=None
[2023-12-31T11:46:10.145-0300] {processor.py:183} INFO - Processing /home/felipe/.local/lib/python3.10/site-packages/airflow/example_dags/example_subdag_operator.py took 0.748 seconds
[2023-12-31T11:47:47.104-0300] {processor.py:161} INFO - Started process (PID=35486) to work on /home/felipe/.local/lib/python3.10/site-packages/airflow/example_dags/example_subdag_operator.py
[2023-12-31T11:47:47.114-0300] {processor.py:830} INFO - Processing file /home/felipe/.local/lib/python3.10/site-packages/airflow/example_dags/example_subdag_operator.py for tasks to queue
[2023-12-31T11:47:47.124-0300] {logging_mixin.py:188} INFO - [2023-12-31T11:47:47.116-0300] {dagbag.py:538} INFO - Filling up the DagBag from /home/felipe/.local/lib/python3.10/site-packages/airflow/example_dags/example_subdag_operator.py
[2023-12-31T11:47:47.284-0300] {processor.py:840} INFO - DAG(s) 'example_subdag_operator.section-1', 'example_subdag_operator.section-2', 'example_subdag_operator' retrieved from /home/felipe/.local/lib/python3.10/site-packages/airflow/example_dags/example_subdag_operator.py
[2023-12-31T11:47:47.474-0300] {logging_mixin.py:188} INFO - [2023-12-31T11:47:47.465-0300] {dag.py:3033} INFO - Sync 3 DAGs
[2023-12-31T11:47:47.775-0300] {logging_mixin.py:188} INFO - [2023-12-31T11:47:47.775-0300] {dag.py:3820} INFO - Setting next_dagrun for example_subdag_operator to 2022-01-01T00:00:00+00:00, run_after=2022-01-01T00:00:00+00:00
[2023-12-31T11:47:47.836-0300] {logging_mixin.py:188} INFO - [2023-12-31T11:47:47.836-0300] {dag.py:3820} INFO - Setting next_dagrun for example_subdag_operator.section-1 to None, run_after=None
[2023-12-31T11:47:47.856-0300] {logging_mixin.py:188} INFO - [2023-12-31T11:47:47.855-0300] {dag.py:3820} INFO - Setting next_dagrun for example_subdag_operator.section-2 to None, run_after=None
[2023-12-31T11:47:47.956-0300] {logging_mixin.py:188} INFO - [2023-12-31T11:47:47.955-0300] {dag.py:3033} INFO - Sync 2 DAGs
[2023-12-31T11:47:48.036-0300] {logging_mixin.py:188} INFO - [2023-12-31T11:47:48.035-0300] {dag.py:3820} INFO - Setting next_dagrun for example_subdag_operator.section-1 to None, run_after=None
[2023-12-31T11:47:48.044-0300] {logging_mixin.py:188} INFO - [2023-12-31T11:47:48.044-0300] {dag.py:3820} INFO - Setting next_dagrun for example_subdag_operator.section-2 to None, run_after=None
[2023-12-31T11:47:48.276-0300] {processor.py:183} INFO - Processing /home/felipe/.local/lib/python3.10/site-packages/airflow/example_dags/example_subdag_operator.py took 1.200 seconds
[2023-12-31T11:50:05.866-0300] {processor.py:161} INFO - Started process (PID=35630) to work on /home/felipe/.local/lib/python3.10/site-packages/airflow/example_dags/example_subdag_operator.py
[2023-12-31T11:50:05.885-0300] {processor.py:830} INFO - Processing file /home/felipe/.local/lib/python3.10/site-packages/airflow/example_dags/example_subdag_operator.py for tasks to queue
[2023-12-31T11:50:05.895-0300] {logging_mixin.py:188} INFO - [2023-12-31T11:50:05.895-0300] {dagbag.py:538} INFO - Filling up the DagBag from /home/felipe/.local/lib/python3.10/site-packages/airflow/example_dags/example_subdag_operator.py
[2023-12-31T11:50:06.115-0300] {processor.py:840} INFO - DAG(s) 'example_subdag_operator.section-1', 'example_subdag_operator.section-2', 'example_subdag_operator' retrieved from /home/felipe/.local/lib/python3.10/site-packages/airflow/example_dags/example_subdag_operator.py
[2023-12-31T11:50:06.344-0300] {logging_mixin.py:188} INFO - [2023-12-31T11:50:06.336-0300] {dag.py:3033} INFO - Sync 3 DAGs
[2023-12-31T11:50:06.585-0300] {logging_mixin.py:188} INFO - [2023-12-31T11:50:06.584-0300] {dag.py:3820} INFO - Setting next_dagrun for example_subdag_operator to 2022-01-01T00:00:00+00:00, run_after=2022-01-01T00:00:00+00:00
[2023-12-31T11:50:06.634-0300] {logging_mixin.py:188} INFO - [2023-12-31T11:50:06.626-0300] {dag.py:3820} INFO - Setting next_dagrun for example_subdag_operator.section-1 to None, run_after=None
[2023-12-31T11:50:06.646-0300] {logging_mixin.py:188} INFO - [2023-12-31T11:50:06.645-0300] {dag.py:3820} INFO - Setting next_dagrun for example_subdag_operator.section-2 to None, run_after=None
[2023-12-31T11:50:06.716-0300] {logging_mixin.py:188} INFO - [2023-12-31T11:50:06.715-0300] {dag.py:3033} INFO - Sync 2 DAGs
[2023-12-31T11:50:06.786-0300] {logging_mixin.py:188} INFO - [2023-12-31T11:50:06.785-0300] {dag.py:3820} INFO - Setting next_dagrun for example_subdag_operator.section-1 to None, run_after=None
[2023-12-31T11:50:06.795-0300] {logging_mixin.py:188} INFO - [2023-12-31T11:50:06.795-0300] {dag.py:3820} INFO - Setting next_dagrun for example_subdag_operator.section-2 to None, run_after=None
[2023-12-31T11:50:06.985-0300] {processor.py:183} INFO - Processing /home/felipe/.local/lib/python3.10/site-packages/airflow/example_dags/example_subdag_operator.py took 1.142 seconds
[2023-12-31T11:52:32.664-0300] {processor.py:161} INFO - Started process (PID=35780) to work on /home/felipe/.local/lib/python3.10/site-packages/airflow/example_dags/example_subdag_operator.py
[2023-12-31T11:52:32.675-0300] {processor.py:830} INFO - Processing file /home/felipe/.local/lib/python3.10/site-packages/airflow/example_dags/example_subdag_operator.py for tasks to queue
[2023-12-31T11:52:32.686-0300] {logging_mixin.py:188} INFO - [2023-12-31T11:52:32.685-0300] {dagbag.py:538} INFO - Filling up the DagBag from /home/felipe/.local/lib/python3.10/site-packages/airflow/example_dags/example_subdag_operator.py
[2023-12-31T11:52:33.075-0300] {processor.py:840} INFO - DAG(s) 'example_subdag_operator.section-1', 'example_subdag_operator.section-2', 'example_subdag_operator' retrieved from /home/felipe/.local/lib/python3.10/site-packages/airflow/example_dags/example_subdag_operator.py
[2023-12-31T11:52:33.435-0300] {logging_mixin.py:188} INFO - [2023-12-31T11:52:33.434-0300] {dag.py:3033} INFO - Sync 3 DAGs
[2023-12-31T11:52:34.144-0300] {logging_mixin.py:188} INFO - [2023-12-31T11:52:34.135-0300] {dag.py:3820} INFO - Setting next_dagrun for example_subdag_operator to 2022-01-01T00:00:00+00:00, run_after=2022-01-01T00:00:00+00:00
[2023-12-31T11:52:34.294-0300] {logging_mixin.py:188} INFO - [2023-12-31T11:52:34.285-0300] {dag.py:3820} INFO - Setting next_dagrun for example_subdag_operator.section-1 to None, run_after=None
[2023-12-31T11:52:34.325-0300] {logging_mixin.py:188} INFO - [2023-12-31T11:52:34.324-0300] {dag.py:3820} INFO - Setting next_dagrun for example_subdag_operator.section-2 to None, run_after=None
[2023-12-31T11:52:34.554-0300] {logging_mixin.py:188} INFO - [2023-12-31T11:52:34.545-0300] {dag.py:3033} INFO - Sync 2 DAGs
[2023-12-31T11:52:34.704-0300] {logging_mixin.py:188} INFO - [2023-12-31T11:52:34.696-0300] {dag.py:3820} INFO - Setting next_dagrun for example_subdag_operator.section-1 to None, run_after=None
[2023-12-31T11:52:34.714-0300] {logging_mixin.py:188} INFO - [2023-12-31T11:52:34.706-0300] {dag.py:3820} INFO - Setting next_dagrun for example_subdag_operator.section-2 to None, run_after=None
[2023-12-31T11:52:35.286-0300] {processor.py:183} INFO - Processing /home/felipe/.local/lib/python3.10/site-packages/airflow/example_dags/example_subdag_operator.py took 2.680 seconds
[2023-12-31T11:54:59.235-0300] {processor.py:161} INFO - Started process (PID=35908) to work on /home/felipe/.local/lib/python3.10/site-packages/airflow/example_dags/example_subdag_operator.py
[2023-12-31T11:54:59.254-0300] {processor.py:830} INFO - Processing file /home/felipe/.local/lib/python3.10/site-packages/airflow/example_dags/example_subdag_operator.py for tasks to queue
[2023-12-31T11:54:59.264-0300] {logging_mixin.py:188} INFO - [2023-12-31T11:54:59.255-0300] {dagbag.py:538} INFO - Filling up the DagBag from /home/felipe/.local/lib/python3.10/site-packages/airflow/example_dags/example_subdag_operator.py
[2023-12-31T11:54:59.505-0300] {processor.py:840} INFO - DAG(s) 'example_subdag_operator.section-1', 'example_subdag_operator.section-2', 'example_subdag_operator' retrieved from /home/felipe/.local/lib/python3.10/site-packages/airflow/example_dags/example_subdag_operator.py
[2023-12-31T11:54:59.655-0300] {logging_mixin.py:188} INFO - [2023-12-31T11:54:59.655-0300] {dag.py:3033} INFO - Sync 3 DAGs
[2023-12-31T11:54:59.835-0300] {logging_mixin.py:188} INFO - [2023-12-31T11:54:59.835-0300] {dag.py:3820} INFO - Setting next_dagrun for example_subdag_operator to 2022-01-01T00:00:00+00:00, run_after=2022-01-01T00:00:00+00:00
[2023-12-31T11:54:59.875-0300] {logging_mixin.py:188} INFO - [2023-12-31T11:54:59.874-0300] {dag.py:3820} INFO - Setting next_dagrun for example_subdag_operator.section-1 to None, run_after=None
[2023-12-31T11:54:59.894-0300] {logging_mixin.py:188} INFO - [2023-12-31T11:54:59.894-0300] {dag.py:3820} INFO - Setting next_dagrun for example_subdag_operator.section-2 to None, run_after=None
[2023-12-31T11:54:59.984-0300] {logging_mixin.py:188} INFO - [2023-12-31T11:54:59.975-0300] {dag.py:3033} INFO - Sync 2 DAGs
[2023-12-31T11:55:00.075-0300] {logging_mixin.py:188} INFO - [2023-12-31T11:55:00.074-0300] {dag.py:3820} INFO - Setting next_dagrun for example_subdag_operator.section-1 to None, run_after=None
[2023-12-31T11:55:00.084-0300] {logging_mixin.py:188} INFO - [2023-12-31T11:55:00.076-0300] {dag.py:3820} INFO - Setting next_dagrun for example_subdag_operator.section-2 to None, run_after=None
[2023-12-31T11:55:00.284-0300] {processor.py:183} INFO - Processing /home/felipe/.local/lib/python3.10/site-packages/airflow/example_dags/example_subdag_operator.py took 1.078 seconds
[2023-12-31T11:56:48.015-0300] {processor.py:161} INFO - Started process (PID=36045) to work on /home/felipe/.local/lib/python3.10/site-packages/airflow/example_dags/example_subdag_operator.py
[2023-12-31T11:56:48.024-0300] {processor.py:830} INFO - Processing file /home/felipe/.local/lib/python3.10/site-packages/airflow/example_dags/example_subdag_operator.py for tasks to queue
[2023-12-31T11:56:48.035-0300] {logging_mixin.py:188} INFO - [2023-12-31T11:56:48.026-0300] {dagbag.py:538} INFO - Filling up the DagBag from /home/felipe/.local/lib/python3.10/site-packages/airflow/example_dags/example_subdag_operator.py
[2023-12-31T11:56:48.314-0300] {processor.py:840} INFO - DAG(s) 'example_subdag_operator.section-1', 'example_subdag_operator.section-2', 'example_subdag_operator' retrieved from /home/felipe/.local/lib/python3.10/site-packages/airflow/example_dags/example_subdag_operator.py
[2023-12-31T11:56:48.564-0300] {logging_mixin.py:188} INFO - [2023-12-31T11:56:48.555-0300] {dag.py:3033} INFO - Sync 3 DAGs
[2023-12-31T11:56:48.824-0300] {logging_mixin.py:188} INFO - [2023-12-31T11:56:48.816-0300] {dag.py:3820} INFO - Setting next_dagrun for example_subdag_operator to 2022-01-01T00:00:00+00:00, run_after=2022-01-01T00:00:00+00:00
[2023-12-31T11:56:48.884-0300] {logging_mixin.py:188} INFO - [2023-12-31T11:56:48.876-0300] {dag.py:3820} INFO - Setting next_dagrun for example_subdag_operator.section-1 to None, run_after=None
[2023-12-31T11:56:48.895-0300] {logging_mixin.py:188} INFO - [2023-12-31T11:56:48.895-0300] {dag.py:3820} INFO - Setting next_dagrun for example_subdag_operator.section-2 to None, run_after=None
[2023-12-31T11:56:48.985-0300] {logging_mixin.py:188} INFO - [2023-12-31T11:56:48.985-0300] {dag.py:3033} INFO - Sync 2 DAGs
[2023-12-31T11:56:49.034-0300] {logging_mixin.py:188} INFO - [2023-12-31T11:56:49.034-0300] {dag.py:3820} INFO - Setting next_dagrun for example_subdag_operator.section-1 to None, run_after=None
[2023-12-31T11:56:49.035-0300] {logging_mixin.py:188} INFO - [2023-12-31T11:56:49.035-0300] {dag.py:3820} INFO - Setting next_dagrun for example_subdag_operator.section-2 to None, run_after=None
[2023-12-31T11:56:49.235-0300] {processor.py:183} INFO - Processing /home/felipe/.local/lib/python3.10/site-packages/airflow/example_dags/example_subdag_operator.py took 1.241 seconds
[2023-12-31T11:58:34.974-0300] {processor.py:161} INFO - Started process (PID=36145) to work on /home/felipe/.local/lib/python3.10/site-packages/airflow/example_dags/example_subdag_operator.py
[2023-12-31T11:58:34.984-0300] {processor.py:830} INFO - Processing file /home/felipe/.local/lib/python3.10/site-packages/airflow/example_dags/example_subdag_operator.py for tasks to queue
[2023-12-31T11:58:34.994-0300] {logging_mixin.py:188} INFO - [2023-12-31T11:58:34.986-0300] {dagbag.py:538} INFO - Filling up the DagBag from /home/felipe/.local/lib/python3.10/site-packages/airflow/example_dags/example_subdag_operator.py
[2023-12-31T11:58:35.214-0300] {processor.py:840} INFO - DAG(s) 'example_subdag_operator.section-1', 'example_subdag_operator.section-2', 'example_subdag_operator' retrieved from /home/felipe/.local/lib/python3.10/site-packages/airflow/example_dags/example_subdag_operator.py
[2023-12-31T11:58:35.425-0300] {logging_mixin.py:188} INFO - [2023-12-31T11:58:35.424-0300] {dag.py:3033} INFO - Sync 3 DAGs
[2023-12-31T11:58:35.645-0300] {logging_mixin.py:188} INFO - [2023-12-31T11:58:35.645-0300] {dag.py:3820} INFO - Setting next_dagrun for example_subdag_operator to 2022-01-01T00:00:00+00:00, run_after=2022-01-01T00:00:00+00:00
[2023-12-31T11:58:35.684-0300] {logging_mixin.py:188} INFO - [2023-12-31T11:58:35.676-0300] {dag.py:3820} INFO - Setting next_dagrun for example_subdag_operator.section-1 to None, run_after=None
[2023-12-31T11:58:35.694-0300] {logging_mixin.py:188} INFO - [2023-12-31T11:58:35.694-0300] {dag.py:3820} INFO - Setting next_dagrun for example_subdag_operator.section-2 to None, run_after=None
[2023-12-31T11:58:35.754-0300] {logging_mixin.py:188} INFO - [2023-12-31T11:58:35.754-0300] {dag.py:3033} INFO - Sync 2 DAGs
[2023-12-31T11:58:35.816-0300] {logging_mixin.py:188} INFO - [2023-12-31T11:58:35.815-0300] {dag.py:3820} INFO - Setting next_dagrun for example_subdag_operator.section-1 to None, run_after=None
[2023-12-31T11:58:35.825-0300] {logging_mixin.py:188} INFO - [2023-12-31T11:58:35.824-0300] {dag.py:3820} INFO - Setting next_dagrun for example_subdag_operator.section-2 to None, run_after=None
[2023-12-31T11:58:36.025-0300] {processor.py:183} INFO - Processing /home/felipe/.local/lib/python3.10/site-packages/airflow/example_dags/example_subdag_operator.py took 1.089 seconds
[2023-12-31T12:00:21.935-0300] {processor.py:161} INFO - Started process (PID=36274) to work on /home/felipe/.local/lib/python3.10/site-packages/airflow/example_dags/example_subdag_operator.py
[2023-12-31T12:00:21.954-0300] {processor.py:830} INFO - Processing file /home/felipe/.local/lib/python3.10/site-packages/airflow/example_dags/example_subdag_operator.py for tasks to queue
[2023-12-31T12:00:21.955-0300] {logging_mixin.py:188} INFO - [2023-12-31T12:00:21.955-0300] {dagbag.py:538} INFO - Filling up the DagBag from /home/felipe/.local/lib/python3.10/site-packages/airflow/example_dags/example_subdag_operator.py
[2023-12-31T12:00:22.184-0300] {processor.py:840} INFO - DAG(s) 'example_subdag_operator.section-1', 'example_subdag_operator.section-2', 'example_subdag_operator' retrieved from /home/felipe/.local/lib/python3.10/site-packages/airflow/example_dags/example_subdag_operator.py
[2023-12-31T12:00:22.395-0300] {logging_mixin.py:188} INFO - [2023-12-31T12:00:22.394-0300] {dag.py:3033} INFO - Sync 3 DAGs
[2023-12-31T12:00:22.625-0300] {logging_mixin.py:188} INFO - [2023-12-31T12:00:22.625-0300] {dag.py:3820} INFO - Setting next_dagrun for example_subdag_operator to 2022-01-01T00:00:00+00:00, run_after=2022-01-01T00:00:00+00:00
[2023-12-31T12:00:22.665-0300] {logging_mixin.py:188} INFO - [2023-12-31T12:00:22.664-0300] {dag.py:3820} INFO - Setting next_dagrun for example_subdag_operator.section-1 to None, run_after=None
[2023-12-31T12:00:22.675-0300] {logging_mixin.py:188} INFO - [2023-12-31T12:00:22.675-0300] {dag.py:3820} INFO - Setting next_dagrun for example_subdag_operator.section-2 to None, run_after=None
[2023-12-31T12:00:22.765-0300] {logging_mixin.py:188} INFO - [2023-12-31T12:00:22.765-0300] {dag.py:3033} INFO - Sync 2 DAGs
[2023-12-31T12:00:22.844-0300] {logging_mixin.py:188} INFO - [2023-12-31T12:00:22.835-0300] {dag.py:3820} INFO - Setting next_dagrun for example_subdag_operator.section-1 to None, run_after=None
[2023-12-31T12:00:22.845-0300] {logging_mixin.py:188} INFO - [2023-12-31T12:00:22.845-0300] {dag.py:3820} INFO - Setting next_dagrun for example_subdag_operator.section-2 to None, run_after=None
[2023-12-31T12:00:23.074-0300] {processor.py:183} INFO - Processing /home/felipe/.local/lib/python3.10/site-packages/airflow/example_dags/example_subdag_operator.py took 1.168 seconds
[2023-12-31T12:02:12.494-0300] {processor.py:161} INFO - Started process (PID=36383) to work on /home/felipe/.local/lib/python3.10/site-packages/airflow/example_dags/example_subdag_operator.py
[2023-12-31T12:02:12.504-0300] {processor.py:830} INFO - Processing file /home/felipe/.local/lib/python3.10/site-packages/airflow/example_dags/example_subdag_operator.py for tasks to queue
[2023-12-31T12:02:12.514-0300] {logging_mixin.py:188} INFO - [2023-12-31T12:02:12.505-0300] {dagbag.py:538} INFO - Filling up the DagBag from /home/felipe/.local/lib/python3.10/site-packages/airflow/example_dags/example_subdag_operator.py
[2023-12-31T12:02:12.764-0300] {processor.py:840} INFO - DAG(s) 'example_subdag_operator.section-1', 'example_subdag_operator.section-2', 'example_subdag_operator' retrieved from /home/felipe/.local/lib/python3.10/site-packages/airflow/example_dags/example_subdag_operator.py
[2023-12-31T12:02:13.014-0300] {logging_mixin.py:188} INFO - [2023-12-31T12:02:13.005-0300] {dag.py:3033} INFO - Sync 3 DAGs
[2023-12-31T12:02:13.264-0300] {logging_mixin.py:188} INFO - [2023-12-31T12:02:13.264-0300] {dag.py:3820} INFO - Setting next_dagrun for example_subdag_operator to 2022-01-01T00:00:00+00:00, run_after=2022-01-01T00:00:00+00:00
[2023-12-31T12:02:13.314-0300] {logging_mixin.py:188} INFO - [2023-12-31T12:02:13.314-0300] {dag.py:3820} INFO - Setting next_dagrun for example_subdag_operator.section-1 to None, run_after=None
[2023-12-31T12:02:13.334-0300] {logging_mixin.py:188} INFO - [2023-12-31T12:02:13.325-0300] {dag.py:3820} INFO - Setting next_dagrun for example_subdag_operator.section-2 to None, run_after=None
[2023-12-31T12:02:13.425-0300] {logging_mixin.py:188} INFO - [2023-12-31T12:02:13.424-0300] {dag.py:3033} INFO - Sync 2 DAGs
[2023-12-31T12:02:13.494-0300] {logging_mixin.py:188} INFO - [2023-12-31T12:02:13.485-0300] {dag.py:3820} INFO - Setting next_dagrun for example_subdag_operator.section-1 to None, run_after=None
[2023-12-31T12:02:13.495-0300] {logging_mixin.py:188} INFO - [2023-12-31T12:02:13.495-0300] {dag.py:3820} INFO - Setting next_dagrun for example_subdag_operator.section-2 to None, run_after=None
[2023-12-31T12:02:13.725-0300] {processor.py:183} INFO - Processing /home/felipe/.local/lib/python3.10/site-packages/airflow/example_dags/example_subdag_operator.py took 1.261 seconds
[2023-12-31T12:04:21.334-0300] {processor.py:161} INFO - Started process (PID=36502) to work on /home/felipe/.local/lib/python3.10/site-packages/airflow/example_dags/example_subdag_operator.py
[2023-12-31T12:04:21.345-0300] {processor.py:830} INFO - Processing file /home/felipe/.local/lib/python3.10/site-packages/airflow/example_dags/example_subdag_operator.py for tasks to queue
[2023-12-31T12:04:21.374-0300] {logging_mixin.py:188} INFO - [2023-12-31T12:04:21.365-0300] {dagbag.py:538} INFO - Filling up the DagBag from /home/felipe/.local/lib/python3.10/site-packages/airflow/example_dags/example_subdag_operator.py
[2023-12-31T12:04:23.165-0300] {processor.py:840} INFO - DAG(s) 'example_subdag_operator.section-1', 'example_subdag_operator.section-2', 'example_subdag_operator' retrieved from /home/felipe/.local/lib/python3.10/site-packages/airflow/example_dags/example_subdag_operator.py
[2023-12-31T12:04:24.975-0300] {logging_mixin.py:188} INFO - [2023-12-31T12:04:24.974-0300] {dag.py:3033} INFO - Sync 3 DAGs
[2023-12-31T12:04:26.325-0300] {logging_mixin.py:188} INFO - [2023-12-31T12:04:26.315-0300] {dag.py:3820} INFO - Setting next_dagrun for example_subdag_operator to 2022-01-01T00:00:00+00:00, run_after=2022-01-01T00:00:00+00:00
[2023-12-31T12:04:26.545-0300] {logging_mixin.py:188} INFO - [2023-12-31T12:04:26.534-0300] {dag.py:3820} INFO - Setting next_dagrun for example_subdag_operator.section-1 to None, run_after=None
[2023-12-31T12:04:26.604-0300] {logging_mixin.py:188} INFO - [2023-12-31T12:04:26.595-0300] {dag.py:3820} INFO - Setting next_dagrun for example_subdag_operator.section-2 to None, run_after=None
[2023-12-31T12:04:26.914-0300] {logging_mixin.py:188} INFO - [2023-12-31T12:04:26.905-0300] {dag.py:3033} INFO - Sync 2 DAGs
[2023-12-31T12:04:27.094-0300] {logging_mixin.py:188} INFO - [2023-12-31T12:04:27.085-0300] {dag.py:3820} INFO - Setting next_dagrun for example_subdag_operator.section-1 to None, run_after=None
[2023-12-31T12:04:27.104-0300] {logging_mixin.py:188} INFO - [2023-12-31T12:04:27.095-0300] {dag.py:3820} INFO - Setting next_dagrun for example_subdag_operator.section-2 to None, run_after=None
[2023-12-31T12:04:27.625-0300] {processor.py:183} INFO - Processing /home/felipe/.local/lib/python3.10/site-packages/airflow/example_dags/example_subdag_operator.py took 6.361 seconds
