[2023-12-31T09:37:17.639-0300] {processor.py:161} INFO - Started process (PID=32092) to work on /home/felipe/.local/lib/python3.10/site-packages/airflow/example_dags/example_xcom.py
[2023-12-31T09:37:17.641-0300] {processor.py:830} INFO - Processing file /home/felipe/.local/lib/python3.10/site-packages/airflow/example_dags/example_xcom.py for tasks to queue
[2023-12-31T09:37:17.647-0300] {logging_mixin.py:188} INFO - [2023-12-31T09:37:17.647-0300] {dagbag.py:538} INFO - Filling up the DagBag from /home/felipe/.local/lib/python3.10/site-packages/airflow/example_dags/example_xcom.py
[2023-12-31T09:37:17.668-0300] {processor.py:840} INFO - DAG(s) 'example_xcom' retrieved from /home/felipe/.local/lib/python3.10/site-packages/airflow/example_dags/example_xcom.py
[2023-12-31T09:37:18.088-0300] {logging_mixin.py:188} INFO - [2023-12-31T09:37:18.087-0300] {dag.py:3033} INFO - Sync 1 DAGs
[2023-12-31T09:37:18.157-0300] {logging_mixin.py:188} INFO - [2023-12-31T09:37:18.156-0300] {dag.py:3820} INFO - Setting next_dagrun for example_xcom to 2021-01-01T00:00:00+00:00, run_after=2021-01-01T00:00:00+00:00
[2023-12-31T09:37:18.259-0300] {processor.py:183} INFO - Processing /home/felipe/.local/lib/python3.10/site-packages/airflow/example_dags/example_xcom.py took 0.629 seconds
[2023-12-31T09:39:18.026-0300] {processor.py:161} INFO - Started process (PID=32214) to work on /home/felipe/.local/lib/python3.10/site-packages/airflow/example_dags/example_xcom.py
[2023-12-31T09:39:18.029-0300] {processor.py:830} INFO - Processing file /home/felipe/.local/lib/python3.10/site-packages/airflow/example_dags/example_xcom.py for tasks to queue
[2023-12-31T09:39:18.031-0300] {logging_mixin.py:188} INFO - [2023-12-31T09:39:18.030-0300] {dagbag.py:538} INFO - Filling up the DagBag from /home/felipe/.local/lib/python3.10/site-packages/airflow/example_dags/example_xcom.py
[2023-12-31T09:39:18.077-0300] {processor.py:840} INFO - DAG(s) 'example_xcom' retrieved from /home/felipe/.local/lib/python3.10/site-packages/airflow/example_dags/example_xcom.py
[2023-12-31T09:39:18.140-0300] {logging_mixin.py:188} INFO - [2023-12-31T09:39:18.139-0300] {dag.py:3033} INFO - Sync 1 DAGs
[2023-12-31T09:39:18.278-0300] {logging_mixin.py:188} INFO - [2023-12-31T09:39:18.277-0300] {dag.py:3820} INFO - Setting next_dagrun for example_xcom to 2021-01-01T00:00:00+00:00, run_after=2021-01-01T00:00:00+00:00
[2023-12-31T09:39:18.478-0300] {processor.py:183} INFO - Processing /home/felipe/.local/lib/python3.10/site-packages/airflow/example_dags/example_xcom.py took 0.468 seconds
[2023-12-31T09:53:39.398-0300] {processor.py:161} INFO - Started process (PID=32840) to work on /home/felipe/.local/lib/python3.10/site-packages/airflow/example_dags/example_xcom.py
[2023-12-31T09:53:39.409-0300] {processor.py:830} INFO - Processing file /home/felipe/.local/lib/python3.10/site-packages/airflow/example_dags/example_xcom.py for tasks to queue
[2023-12-31T09:53:39.419-0300] {logging_mixin.py:188} INFO - [2023-12-31T09:53:39.418-0300] {dagbag.py:538} INFO - Filling up the DagBag from /home/felipe/.local/lib/python3.10/site-packages/airflow/example_dags/example_xcom.py
[2023-12-31T09:53:39.527-0300] {processor.py:840} INFO - DAG(s) 'example_xcom' retrieved from /home/felipe/.local/lib/python3.10/site-packages/airflow/example_dags/example_xcom.py
[2023-12-31T09:53:40.829-0300] {logging_mixin.py:188} INFO - [2023-12-31T09:53:40.828-0300] {dag.py:3033} INFO - Sync 1 DAGs
[2023-12-31T09:53:41.029-0300] {logging_mixin.py:188} INFO - [2023-12-31T09:53:41.028-0300] {dag.py:3820} INFO - Setting next_dagrun for example_xcom to 2021-01-01T00:00:00+00:00, run_after=2021-01-01T00:00:00+00:00
[2023-12-31T09:53:41.337-0300] {processor.py:183} INFO - Processing /home/felipe/.local/lib/python3.10/site-packages/airflow/example_dags/example_xcom.py took 1.968 seconds
[2023-12-31T09:57:31.139-0300] {processor.py:161} INFO - Started process (PID=33047) to work on /home/felipe/.local/lib/python3.10/site-packages/airflow/example_dags/example_xcom.py
[2023-12-31T09:57:31.268-0300] {processor.py:830} INFO - Processing file /home/felipe/.local/lib/python3.10/site-packages/airflow/example_dags/example_xcom.py for tasks to queue
[2023-12-31T09:57:31.399-0300] {logging_mixin.py:188} INFO - [2023-12-31T09:57:31.348-0300] {dagbag.py:538} INFO - Filling up the DagBag from /home/felipe/.local/lib/python3.10/site-packages/airflow/example_dags/example_xcom.py
[2023-12-31T09:57:32.339-0300] {processor.py:840} INFO - DAG(s) 'example_xcom' retrieved from /home/felipe/.local/lib/python3.10/site-packages/airflow/example_dags/example_xcom.py
[2023-12-31T09:57:33.729-0300] {logging_mixin.py:188} INFO - [2023-12-31T09:57:33.698-0300] {dag.py:3033} INFO - Sync 1 DAGs
[2023-12-31T09:57:35.749-0300] {logging_mixin.py:188} INFO - [2023-12-31T09:57:35.737-0300] {dag.py:3820} INFO - Setting next_dagrun for example_xcom to 2021-01-01T00:00:00+00:00, run_after=2021-01-01T00:00:00+00:00
[2023-12-31T09:57:38.116-0300] {processor.py:183} INFO - Processing /home/felipe/.local/lib/python3.10/site-packages/airflow/example_dags/example_xcom.py took 7.253 seconds
[2023-12-31T10:00:29.137-0300] {processor.py:161} INFO - Started process (PID=33183) to work on /home/felipe/.local/lib/python3.10/site-packages/airflow/example_dags/example_xcom.py
[2023-12-31T10:00:29.139-0300] {processor.py:830} INFO - Processing file /home/felipe/.local/lib/python3.10/site-packages/airflow/example_dags/example_xcom.py for tasks to queue
[2023-12-31T10:00:29.147-0300] {logging_mixin.py:188} INFO - [2023-12-31T10:00:29.146-0300] {dagbag.py:538} INFO - Filling up the DagBag from /home/felipe/.local/lib/python3.10/site-packages/airflow/example_dags/example_xcom.py
[2023-12-31T10:00:29.197-0300] {processor.py:840} INFO - DAG(s) 'example_xcom' retrieved from /home/felipe/.local/lib/python3.10/site-packages/airflow/example_dags/example_xcom.py
[2023-12-31T10:00:29.289-0300] {logging_mixin.py:188} INFO - [2023-12-31T10:00:29.289-0300] {dag.py:3033} INFO - Sync 1 DAGs
[2023-12-31T10:00:29.447-0300] {logging_mixin.py:188} INFO - [2023-12-31T10:00:29.440-0300] {dag.py:3820} INFO - Setting next_dagrun for example_xcom to 2021-01-01T00:00:00+00:00, run_after=2021-01-01T00:00:00+00:00
[2023-12-31T10:00:29.590-0300] {processor.py:183} INFO - Processing /home/felipe/.local/lib/python3.10/site-packages/airflow/example_dags/example_xcom.py took 0.470 seconds
[2023-12-31T10:01:56.808-0300] {processor.py:161} INFO - Started process (PID=33314) to work on /home/felipe/.local/lib/python3.10/site-packages/airflow/example_dags/example_xcom.py
[2023-12-31T10:01:56.817-0300] {processor.py:830} INFO - Processing file /home/felipe/.local/lib/python3.10/site-packages/airflow/example_dags/example_xcom.py for tasks to queue
[2023-12-31T10:01:56.818-0300] {logging_mixin.py:188} INFO - [2023-12-31T10:01:56.818-0300] {dagbag.py:538} INFO - Filling up the DagBag from /home/felipe/.local/lib/python3.10/site-packages/airflow/example_dags/example_xcom.py
[2023-12-31T10:01:56.850-0300] {processor.py:840} INFO - DAG(s) 'example_xcom' retrieved from /home/felipe/.local/lib/python3.10/site-packages/airflow/example_dags/example_xcom.py
[2023-12-31T10:01:56.926-0300] {logging_mixin.py:188} INFO - [2023-12-31T10:01:56.920-0300] {dag.py:3033} INFO - Sync 1 DAGs
[2023-12-31T10:01:57.026-0300] {logging_mixin.py:188} INFO - [2023-12-31T10:01:57.019-0300] {dag.py:3820} INFO - Setting next_dagrun for example_xcom to 2021-01-01T00:00:00+00:00, run_after=2021-01-01T00:00:00+00:00
[2023-12-31T10:01:57.169-0300] {processor.py:183} INFO - Processing /home/felipe/.local/lib/python3.10/site-packages/airflow/example_dags/example_xcom.py took 0.379 seconds
[2023-12-31T10:04:09.778-0300] {processor.py:161} INFO - Started process (PID=33448) to work on /home/felipe/.local/lib/python3.10/site-packages/airflow/example_dags/example_xcom.py
[2023-12-31T10:04:09.787-0300] {processor.py:830} INFO - Processing file /home/felipe/.local/lib/python3.10/site-packages/airflow/example_dags/example_xcom.py for tasks to queue
[2023-12-31T10:04:09.789-0300] {logging_mixin.py:188} INFO - [2023-12-31T10:04:09.788-0300] {dagbag.py:538} INFO - Filling up the DagBag from /home/felipe/.local/lib/python3.10/site-packages/airflow/example_dags/example_xcom.py
[2023-12-31T10:04:09.847-0300] {processor.py:840} INFO - DAG(s) 'example_xcom' retrieved from /home/felipe/.local/lib/python3.10/site-packages/airflow/example_dags/example_xcom.py
[2023-12-31T10:04:09.947-0300] {logging_mixin.py:188} INFO - [2023-12-31T10:04:09.946-0300] {dag.py:3033} INFO - Sync 1 DAGs
[2023-12-31T10:04:10.069-0300] {logging_mixin.py:188} INFO - [2023-12-31T10:04:10.069-0300] {dag.py:3820} INFO - Setting next_dagrun for example_xcom to 2021-01-01T00:00:00+00:00, run_after=2021-01-01T00:00:00+00:00
[2023-12-31T10:04:10.208-0300] {processor.py:183} INFO - Processing /home/felipe/.local/lib/python3.10/site-packages/airflow/example_dags/example_xcom.py took 0.441 seconds
[2023-12-31T10:06:32.258-0300] {processor.py:161} INFO - Started process (PID=33641) to work on /home/felipe/.local/lib/python3.10/site-packages/airflow/example_dags/example_xcom.py
[2023-12-31T10:06:32.267-0300] {processor.py:830} INFO - Processing file /home/felipe/.local/lib/python3.10/site-packages/airflow/example_dags/example_xcom.py for tasks to queue
[2023-12-31T10:06:32.269-0300] {logging_mixin.py:188} INFO - [2023-12-31T10:06:32.268-0300] {dagbag.py:538} INFO - Filling up the DagBag from /home/felipe/.local/lib/python3.10/site-packages/airflow/example_dags/example_xcom.py
[2023-12-31T10:06:32.308-0300] {processor.py:840} INFO - DAG(s) 'example_xcom' retrieved from /home/felipe/.local/lib/python3.10/site-packages/airflow/example_dags/example_xcom.py
[2023-12-31T10:06:32.399-0300] {logging_mixin.py:188} INFO - [2023-12-31T10:06:32.398-0300] {dag.py:3033} INFO - Sync 1 DAGs
[2023-12-31T10:06:32.499-0300] {logging_mixin.py:188} INFO - [2023-12-31T10:06:32.499-0300] {dag.py:3820} INFO - Setting next_dagrun for example_xcom to 2021-01-01T00:00:00+00:00, run_after=2021-01-01T00:00:00+00:00
[2023-12-31T10:06:32.629-0300] {processor.py:183} INFO - Processing /home/felipe/.local/lib/python3.10/site-packages/airflow/example_dags/example_xcom.py took 0.382 seconds
[2023-12-31T10:08:58.277-0300] {processor.py:161} INFO - Started process (PID=33812) to work on /home/felipe/.local/lib/python3.10/site-packages/airflow/example_dags/example_xcom.py
[2023-12-31T10:08:58.279-0300] {processor.py:830} INFO - Processing file /home/felipe/.local/lib/python3.10/site-packages/airflow/example_dags/example_xcom.py for tasks to queue
[2023-12-31T10:08:58.287-0300] {logging_mixin.py:188} INFO - [2023-12-31T10:08:58.286-0300] {dagbag.py:538} INFO - Filling up the DagBag from /home/felipe/.local/lib/python3.10/site-packages/airflow/example_dags/example_xcom.py
[2023-12-31T10:08:58.328-0300] {processor.py:840} INFO - DAG(s) 'example_xcom' retrieved from /home/felipe/.local/lib/python3.10/site-packages/airflow/example_dags/example_xcom.py
[2023-12-31T10:08:58.439-0300] {logging_mixin.py:188} INFO - [2023-12-31T10:08:58.438-0300] {dag.py:3033} INFO - Sync 1 DAGs
[2023-12-31T10:08:58.579-0300] {logging_mixin.py:188} INFO - [2023-12-31T10:08:58.578-0300] {dag.py:3820} INFO - Setting next_dagrun for example_xcom to 2021-01-01T00:00:00+00:00, run_after=2021-01-01T00:00:00+00:00
[2023-12-31T10:08:58.748-0300] {processor.py:183} INFO - Processing /home/felipe/.local/lib/python3.10/site-packages/airflow/example_dags/example_xcom.py took 0.489 seconds
[2023-12-31T11:29:39.844-0300] {processor.py:161} INFO - Started process (PID=34036) to work on /home/felipe/.local/lib/python3.10/site-packages/airflow/example_dags/example_xcom.py
[2023-12-31T11:29:39.854-0300] {processor.py:830} INFO - Processing file /home/felipe/.local/lib/python3.10/site-packages/airflow/example_dags/example_xcom.py for tasks to queue
[2023-12-31T11:29:39.856-0300] {logging_mixin.py:188} INFO - [2023-12-31T11:29:39.855-0300] {dagbag.py:538} INFO - Filling up the DagBag from /home/felipe/.local/lib/python3.10/site-packages/airflow/example_dags/example_xcom.py
[2023-12-31T11:29:39.927-0300] {processor.py:840} INFO - DAG(s) 'example_xcom' retrieved from /home/felipe/.local/lib/python3.10/site-packages/airflow/example_dags/example_xcom.py
[2023-12-31T11:29:40.024-0300] {logging_mixin.py:188} INFO - [2023-12-31T11:29:40.017-0300] {dag.py:3033} INFO - Sync 1 DAGs
[2023-12-31T11:29:40.157-0300] {logging_mixin.py:188} INFO - [2023-12-31T11:29:40.156-0300] {dag.py:3820} INFO - Setting next_dagrun for example_xcom to 2021-01-01T00:00:00+00:00, run_after=2021-01-01T00:00:00+00:00
[2023-12-31T11:29:40.334-0300] {processor.py:183} INFO - Processing /home/felipe/.local/lib/python3.10/site-packages/airflow/example_dags/example_xcom.py took 0.517 seconds
[2023-12-31T11:31:32.506-0300] {processor.py:161} INFO - Started process (PID=34285) to work on /home/felipe/.local/lib/python3.10/site-packages/airflow/example_dags/example_xcom.py
[2023-12-31T11:31:32.515-0300] {processor.py:830} INFO - Processing file /home/felipe/.local/lib/python3.10/site-packages/airflow/example_dags/example_xcom.py for tasks to queue
[2023-12-31T11:31:32.517-0300] {logging_mixin.py:188} INFO - [2023-12-31T11:31:32.516-0300] {dagbag.py:538} INFO - Filling up the DagBag from /home/felipe/.local/lib/python3.10/site-packages/airflow/example_dags/example_xcom.py
[2023-12-31T11:31:32.565-0300] {processor.py:840} INFO - DAG(s) 'example_xcom' retrieved from /home/felipe/.local/lib/python3.10/site-packages/airflow/example_dags/example_xcom.py
[2023-12-31T11:31:32.664-0300] {logging_mixin.py:188} INFO - [2023-12-31T11:31:32.664-0300] {dag.py:3033} INFO - Sync 1 DAGs
[2023-12-31T11:31:32.796-0300] {logging_mixin.py:188} INFO - [2023-12-31T11:31:32.795-0300] {dag.py:3820} INFO - Setting next_dagrun for example_xcom to 2021-01-01T00:00:00+00:00, run_after=2021-01-01T00:00:00+00:00
[2023-12-31T11:31:32.975-0300] {processor.py:183} INFO - Processing /home/felipe/.local/lib/python3.10/site-packages/airflow/example_dags/example_xcom.py took 0.480 seconds
[2023-12-31T11:34:26.294-0300] {processor.py:161} INFO - Started process (PID=34479) to work on /home/felipe/.local/lib/python3.10/site-packages/airflow/example_dags/example_xcom.py
[2023-12-31T11:34:26.297-0300] {processor.py:830} INFO - Processing file /home/felipe/.local/lib/python3.10/site-packages/airflow/example_dags/example_xcom.py for tasks to queue
[2023-12-31T11:34:26.305-0300] {logging_mixin.py:188} INFO - [2023-12-31T11:34:26.304-0300] {dagbag.py:538} INFO - Filling up the DagBag from /home/felipe/.local/lib/python3.10/site-packages/airflow/example_dags/example_xcom.py
[2023-12-31T11:34:26.345-0300] {processor.py:840} INFO - DAG(s) 'example_xcom' retrieved from /home/felipe/.local/lib/python3.10/site-packages/airflow/example_dags/example_xcom.py
[2023-12-31T11:34:26.435-0300] {logging_mixin.py:188} INFO - [2023-12-31T11:34:26.435-0300] {dag.py:3033} INFO - Sync 1 DAGs
[2023-12-31T11:34:26.575-0300] {logging_mixin.py:188} INFO - [2023-12-31T11:34:26.575-0300] {dag.py:3820} INFO - Setting next_dagrun for example_xcom to 2021-01-01T00:00:00+00:00, run_after=2021-01-01T00:00:00+00:00
[2023-12-31T11:34:26.736-0300] {processor.py:183} INFO - Processing /home/felipe/.local/lib/python3.10/site-packages/airflow/example_dags/example_xcom.py took 0.470 seconds
[2023-12-31T11:37:11.684-0300] {processor.py:161} INFO - Started process (PID=34690) to work on /home/felipe/.local/lib/python3.10/site-packages/airflow/example_dags/example_xcom.py
[2023-12-31T11:37:11.694-0300] {processor.py:830} INFO - Processing file /home/felipe/.local/lib/python3.10/site-packages/airflow/example_dags/example_xcom.py for tasks to queue
[2023-12-31T11:37:11.695-0300] {logging_mixin.py:188} INFO - [2023-12-31T11:37:11.695-0300] {dagbag.py:538} INFO - Filling up the DagBag from /home/felipe/.local/lib/python3.10/site-packages/airflow/example_dags/example_xcom.py
[2023-12-31T11:37:11.736-0300] {processor.py:840} INFO - DAG(s) 'example_xcom' retrieved from /home/felipe/.local/lib/python3.10/site-packages/airflow/example_dags/example_xcom.py
[2023-12-31T11:37:11.834-0300] {logging_mixin.py:188} INFO - [2023-12-31T11:37:11.834-0300] {dag.py:3033} INFO - Sync 1 DAGs
[2023-12-31T11:37:11.964-0300] {logging_mixin.py:188} INFO - [2023-12-31T11:37:11.956-0300] {dag.py:3820} INFO - Setting next_dagrun for example_xcom to 2021-01-01T00:00:00+00:00, run_after=2021-01-01T00:00:00+00:00
[2023-12-31T11:37:12.186-0300] {processor.py:183} INFO - Processing /home/felipe/.local/lib/python3.10/site-packages/airflow/example_dags/example_xcom.py took 0.520 seconds
[2023-12-31T11:39:57.214-0300] {processor.py:161} INFO - Started process (PID=34868) to work on /home/felipe/.local/lib/python3.10/site-packages/airflow/example_dags/example_xcom.py
[2023-12-31T11:39:57.216-0300] {processor.py:830} INFO - Processing file /home/felipe/.local/lib/python3.10/site-packages/airflow/example_dags/example_xcom.py for tasks to queue
[2023-12-31T11:39:57.225-0300] {logging_mixin.py:188} INFO - [2023-12-31T11:39:57.224-0300] {dagbag.py:538} INFO - Filling up the DagBag from /home/felipe/.local/lib/python3.10/site-packages/airflow/example_dags/example_xcom.py
[2023-12-31T11:39:57.285-0300] {processor.py:840} INFO - DAG(s) 'example_xcom' retrieved from /home/felipe/.local/lib/python3.10/site-packages/airflow/example_dags/example_xcom.py
[2023-12-31T11:39:57.416-0300] {logging_mixin.py:188} INFO - [2023-12-31T11:39:57.416-0300] {dag.py:3033} INFO - Sync 1 DAGs
[2023-12-31T11:39:57.554-0300] {logging_mixin.py:188} INFO - [2023-12-31T11:39:57.546-0300] {dag.py:3820} INFO - Setting next_dagrun for example_xcom to 2021-01-01T00:00:00+00:00, run_after=2021-01-01T00:00:00+00:00
[2023-12-31T11:39:57.736-0300] {processor.py:183} INFO - Processing /home/felipe/.local/lib/python3.10/site-packages/airflow/example_dags/example_xcom.py took 0.549 seconds
[2023-12-31T11:42:58.286-0300] {processor.py:161} INFO - Started process (PID=35096) to work on /home/felipe/.local/lib/python3.10/site-packages/airflow/example_dags/example_xcom.py
[2023-12-31T11:42:58.296-0300] {processor.py:830} INFO - Processing file /home/felipe/.local/lib/python3.10/site-packages/airflow/example_dags/example_xcom.py for tasks to queue
[2023-12-31T11:42:58.305-0300] {logging_mixin.py:188} INFO - [2023-12-31T11:42:58.304-0300] {dagbag.py:538} INFO - Filling up the DagBag from /home/felipe/.local/lib/python3.10/site-packages/airflow/example_dags/example_xcom.py
[2023-12-31T11:42:58.355-0300] {processor.py:840} INFO - DAG(s) 'example_xcom' retrieved from /home/felipe/.local/lib/python3.10/site-packages/airflow/example_dags/example_xcom.py
[2023-12-31T11:42:58.484-0300] {logging_mixin.py:188} INFO - [2023-12-31T11:42:58.476-0300] {dag.py:3033} INFO - Sync 1 DAGs
[2023-12-31T11:42:58.645-0300] {logging_mixin.py:188} INFO - [2023-12-31T11:42:58.644-0300] {dag.py:3820} INFO - Setting next_dagrun for example_xcom to 2021-01-01T00:00:00+00:00, run_after=2021-01-01T00:00:00+00:00
[2023-12-31T11:42:58.825-0300] {processor.py:183} INFO - Processing /home/felipe/.local/lib/python3.10/site-packages/airflow/example_dags/example_xcom.py took 0.551 seconds
[2023-12-31T11:44:39.625-0300] {processor.py:161} INFO - Started process (PID=35216) to work on /home/felipe/.local/lib/python3.10/site-packages/airflow/example_dags/example_xcom.py
[2023-12-31T11:44:39.636-0300] {processor.py:830} INFO - Processing file /home/felipe/.local/lib/python3.10/site-packages/airflow/example_dags/example_xcom.py for tasks to queue
[2023-12-31T11:44:39.646-0300] {logging_mixin.py:188} INFO - [2023-12-31T11:44:39.645-0300] {dagbag.py:538} INFO - Filling up the DagBag from /home/felipe/.local/lib/python3.10/site-packages/airflow/example_dags/example_xcom.py
[2023-12-31T11:44:39.745-0300] {processor.py:840} INFO - DAG(s) 'example_xcom' retrieved from /home/felipe/.local/lib/python3.10/site-packages/airflow/example_dags/example_xcom.py
[2023-12-31T11:44:39.926-0300] {logging_mixin.py:188} INFO - [2023-12-31T11:44:39.925-0300] {dag.py:3033} INFO - Sync 1 DAGs
[2023-12-31T11:44:40.165-0300] {logging_mixin.py:188} INFO - [2023-12-31T11:44:40.164-0300] {dag.py:3820} INFO - Setting next_dagrun for example_xcom to 2021-01-01T00:00:00+00:00, run_after=2021-01-01T00:00:00+00:00
[2023-12-31T11:44:40.414-0300] {processor.py:183} INFO - Processing /home/felipe/.local/lib/python3.10/site-packages/airflow/example_dags/example_xcom.py took 0.810 seconds
[2023-12-31T11:46:17.264-0300] {processor.py:161} INFO - Started process (PID=35347) to work on /home/felipe/.local/lib/python3.10/site-packages/airflow/example_dags/example_xcom.py
[2023-12-31T11:46:17.266-0300] {processor.py:830} INFO - Processing file /home/felipe/.local/lib/python3.10/site-packages/airflow/example_dags/example_xcom.py for tasks to queue
[2023-12-31T11:46:17.275-0300] {logging_mixin.py:188} INFO - [2023-12-31T11:46:17.274-0300] {dagbag.py:538} INFO - Filling up the DagBag from /home/felipe/.local/lib/python3.10/site-packages/airflow/example_dags/example_xcom.py
[2023-12-31T11:46:17.326-0300] {processor.py:840} INFO - DAG(s) 'example_xcom' retrieved from /home/felipe/.local/lib/python3.10/site-packages/airflow/example_dags/example_xcom.py
[2023-12-31T11:46:17.446-0300] {logging_mixin.py:188} INFO - [2023-12-31T11:46:17.445-0300] {dag.py:3033} INFO - Sync 1 DAGs
[2023-12-31T11:46:17.616-0300] {logging_mixin.py:188} INFO - [2023-12-31T11:46:17.615-0300] {dag.py:3820} INFO - Setting next_dagrun for example_xcom to 2021-01-01T00:00:00+00:00, run_after=2021-01-01T00:00:00+00:00
[2023-12-31T11:46:17.865-0300] {processor.py:183} INFO - Processing /home/felipe/.local/lib/python3.10/site-packages/airflow/example_dags/example_xcom.py took 0.630 seconds
[2023-12-31T11:47:56.365-0300] {processor.py:161} INFO - Started process (PID=35493) to work on /home/felipe/.local/lib/python3.10/site-packages/airflow/example_dags/example_xcom.py
[2023-12-31T11:47:56.384-0300] {processor.py:830} INFO - Processing file /home/felipe/.local/lib/python3.10/site-packages/airflow/example_dags/example_xcom.py for tasks to queue
[2023-12-31T11:47:56.394-0300] {logging_mixin.py:188} INFO - [2023-12-31T11:47:56.386-0300] {dagbag.py:538} INFO - Filling up the DagBag from /home/felipe/.local/lib/python3.10/site-packages/airflow/example_dags/example_xcom.py
[2023-12-31T11:47:56.455-0300] {processor.py:840} INFO - DAG(s) 'example_xcom' retrieved from /home/felipe/.local/lib/python3.10/site-packages/airflow/example_dags/example_xcom.py
[2023-12-31T11:47:56.606-0300] {logging_mixin.py:188} INFO - [2023-12-31T11:47:56.606-0300] {dag.py:3033} INFO - Sync 1 DAGs
[2023-12-31T11:47:56.766-0300] {logging_mixin.py:188} INFO - [2023-12-31T11:47:56.765-0300] {dag.py:3820} INFO - Setting next_dagrun for example_xcom to 2021-01-01T00:00:00+00:00, run_after=2021-01-01T00:00:00+00:00
[2023-12-31T11:47:57.075-0300] {processor.py:183} INFO - Processing /home/felipe/.local/lib/python3.10/site-packages/airflow/example_dags/example_xcom.py took 0.741 seconds
[2023-12-31T11:50:14.076-0300] {processor.py:161} INFO - Started process (PID=35663) to work on /home/felipe/.local/lib/python3.10/site-packages/airflow/example_dags/example_xcom.py
[2023-12-31T11:50:14.086-0300] {processor.py:830} INFO - Processing file /home/felipe/.local/lib/python3.10/site-packages/airflow/example_dags/example_xcom.py for tasks to queue
[2023-12-31T11:50:14.095-0300] {logging_mixin.py:188} INFO - [2023-12-31T11:50:14.094-0300] {dagbag.py:538} INFO - Filling up the DagBag from /home/felipe/.local/lib/python3.10/site-packages/airflow/example_dags/example_xcom.py
[2023-12-31T11:50:14.195-0300] {processor.py:840} INFO - DAG(s) 'example_xcom' retrieved from /home/felipe/.local/lib/python3.10/site-packages/airflow/example_dags/example_xcom.py
[2023-12-31T11:50:14.356-0300] {logging_mixin.py:188} INFO - [2023-12-31T11:50:14.356-0300] {dag.py:3033} INFO - Sync 1 DAGs
[2023-12-31T11:50:14.564-0300] {logging_mixin.py:188} INFO - [2023-12-31T11:50:14.556-0300] {dag.py:3820} INFO - Setting next_dagrun for example_xcom to 2021-01-01T00:00:00+00:00, run_after=2021-01-01T00:00:00+00:00
[2023-12-31T11:50:14.784-0300] {processor.py:183} INFO - Processing /home/felipe/.local/lib/python3.10/site-packages/airflow/example_dags/example_xcom.py took 0.738 seconds
[2023-12-31T11:52:49.805-0300] {processor.py:161} INFO - Started process (PID=35793) to work on /home/felipe/.local/lib/python3.10/site-packages/airflow/example_dags/example_xcom.py
[2023-12-31T11:52:49.834-0300] {processor.py:830} INFO - Processing file /home/felipe/.local/lib/python3.10/site-packages/airflow/example_dags/example_xcom.py for tasks to queue
[2023-12-31T11:52:49.854-0300] {logging_mixin.py:188} INFO - [2023-12-31T11:52:49.845-0300] {dagbag.py:538} INFO - Filling up the DagBag from /home/felipe/.local/lib/python3.10/site-packages/airflow/example_dags/example_xcom.py
[2023-12-31T11:52:50.055-0300] {processor.py:840} INFO - DAG(s) 'example_xcom' retrieved from /home/felipe/.local/lib/python3.10/site-packages/airflow/example_dags/example_xcom.py
[2023-12-31T11:52:50.605-0300] {logging_mixin.py:188} INFO - [2023-12-31T11:52:50.595-0300] {dag.py:3033} INFO - Sync 1 DAGs
[2023-12-31T11:52:51.266-0300] {logging_mixin.py:188} INFO - [2023-12-31T11:52:51.265-0300] {dag.py:3820} INFO - Setting next_dagrun for example_xcom to 2021-01-01T00:00:00+00:00, run_after=2021-01-01T00:00:00+00:00
[2023-12-31T11:52:52.024-0300] {processor.py:183} INFO - Processing /home/felipe/.local/lib/python3.10/site-packages/airflow/example_dags/example_xcom.py took 2.271 seconds
[2023-12-31T11:55:07.124-0300] {processor.py:161} INFO - Started process (PID=35917) to work on /home/felipe/.local/lib/python3.10/site-packages/airflow/example_dags/example_xcom.py
[2023-12-31T11:55:07.134-0300] {processor.py:830} INFO - Processing file /home/felipe/.local/lib/python3.10/site-packages/airflow/example_dags/example_xcom.py for tasks to queue
[2023-12-31T11:55:07.136-0300] {logging_mixin.py:188} INFO - [2023-12-31T11:55:07.135-0300] {dagbag.py:538} INFO - Filling up the DagBag from /home/felipe/.local/lib/python3.10/site-packages/airflow/example_dags/example_xcom.py
[2023-12-31T11:55:07.254-0300] {processor.py:840} INFO - DAG(s) 'example_xcom' retrieved from /home/felipe/.local/lib/python3.10/site-packages/airflow/example_dags/example_xcom.py
[2023-12-31T11:55:07.424-0300] {logging_mixin.py:188} INFO - [2023-12-31T11:55:07.424-0300] {dag.py:3033} INFO - Sync 1 DAGs
[2023-12-31T11:55:07.644-0300] {logging_mixin.py:188} INFO - [2023-12-31T11:55:07.635-0300] {dag.py:3820} INFO - Setting next_dagrun for example_xcom to 2021-01-01T00:00:00+00:00, run_after=2021-01-01T00:00:00+00:00
[2023-12-31T11:55:07.895-0300] {processor.py:183} INFO - Processing /home/felipe/.local/lib/python3.10/site-packages/airflow/example_dags/example_xcom.py took 0.801 seconds
[2023-12-31T11:56:56.906-0300] {processor.py:161} INFO - Started process (PID=36049) to work on /home/felipe/.local/lib/python3.10/site-packages/airflow/example_dags/example_xcom.py
[2023-12-31T11:56:56.924-0300] {processor.py:830} INFO - Processing file /home/felipe/.local/lib/python3.10/site-packages/airflow/example_dags/example_xcom.py for tasks to queue
[2023-12-31T11:56:56.926-0300] {logging_mixin.py:188} INFO - [2023-12-31T11:56:56.925-0300] {dagbag.py:538} INFO - Filling up the DagBag from /home/felipe/.local/lib/python3.10/site-packages/airflow/example_dags/example_xcom.py
[2023-12-31T11:56:57.015-0300] {processor.py:840} INFO - DAG(s) 'example_xcom' retrieved from /home/felipe/.local/lib/python3.10/site-packages/airflow/example_dags/example_xcom.py
[2023-12-31T11:56:57.194-0300] {logging_mixin.py:188} INFO - [2023-12-31T11:56:57.194-0300] {dag.py:3033} INFO - Sync 1 DAGs
[2023-12-31T11:56:57.414-0300] {logging_mixin.py:188} INFO - [2023-12-31T11:56:57.405-0300] {dag.py:3820} INFO - Setting next_dagrun for example_xcom to 2021-01-01T00:00:00+00:00, run_after=2021-01-01T00:00:00+00:00
[2023-12-31T11:56:57.694-0300] {processor.py:183} INFO - Processing /home/felipe/.local/lib/python3.10/site-packages/airflow/example_dags/example_xcom.py took 0.809 seconds
[2023-12-31T11:58:43.455-0300] {processor.py:161} INFO - Started process (PID=36152) to work on /home/felipe/.local/lib/python3.10/site-packages/airflow/example_dags/example_xcom.py
[2023-12-31T11:58:43.465-0300] {processor.py:830} INFO - Processing file /home/felipe/.local/lib/python3.10/site-packages/airflow/example_dags/example_xcom.py for tasks to queue
[2023-12-31T11:58:43.474-0300] {logging_mixin.py:188} INFO - [2023-12-31T11:58:43.474-0300] {dagbag.py:538} INFO - Filling up the DagBag from /home/felipe/.local/lib/python3.10/site-packages/airflow/example_dags/example_xcom.py
[2023-12-31T11:58:43.554-0300] {processor.py:840} INFO - DAG(s) 'example_xcom' retrieved from /home/felipe/.local/lib/python3.10/site-packages/airflow/example_dags/example_xcom.py
[2023-12-31T11:58:43.765-0300] {logging_mixin.py:188} INFO - [2023-12-31T11:58:43.765-0300] {dag.py:3033} INFO - Sync 1 DAGs
[2023-12-31T11:58:44.064-0300] {logging_mixin.py:188} INFO - [2023-12-31T11:58:44.056-0300] {dag.py:3820} INFO - Setting next_dagrun for example_xcom to 2021-01-01T00:00:00+00:00, run_after=2021-01-01T00:00:00+00:00
[2023-12-31T11:58:44.324-0300] {processor.py:183} INFO - Processing /home/felipe/.local/lib/python3.10/site-packages/airflow/example_dags/example_xcom.py took 0.899 seconds
[2023-12-31T12:00:29.695-0300] {processor.py:161} INFO - Started process (PID=36286) to work on /home/felipe/.local/lib/python3.10/site-packages/airflow/example_dags/example_xcom.py
[2023-12-31T12:00:29.714-0300] {processor.py:830} INFO - Processing file /home/felipe/.local/lib/python3.10/site-packages/airflow/example_dags/example_xcom.py for tasks to queue
[2023-12-31T12:00:29.725-0300] {logging_mixin.py:188} INFO - [2023-12-31T12:00:29.724-0300] {dagbag.py:538} INFO - Filling up the DagBag from /home/felipe/.local/lib/python3.10/site-packages/airflow/example_dags/example_xcom.py
[2023-12-31T12:00:29.835-0300] {processor.py:840} INFO - DAG(s) 'example_xcom' retrieved from /home/felipe/.local/lib/python3.10/site-packages/airflow/example_dags/example_xcom.py
[2023-12-31T12:00:30.025-0300] {logging_mixin.py:188} INFO - [2023-12-31T12:00:30.025-0300] {dag.py:3033} INFO - Sync 1 DAGs
[2023-12-31T12:00:30.296-0300] {logging_mixin.py:188} INFO - [2023-12-31T12:00:30.295-0300] {dag.py:3820} INFO - Setting next_dagrun for example_xcom to 2021-01-01T00:00:00+00:00, run_after=2021-01-01T00:00:00+00:00
[2023-12-31T12:00:30.594-0300] {processor.py:183} INFO - Processing /home/felipe/.local/lib/python3.10/site-packages/airflow/example_dags/example_xcom.py took 0.929 seconds
[2023-12-31T12:02:21.814-0300] {processor.py:161} INFO - Started process (PID=36389) to work on /home/felipe/.local/lib/python3.10/site-packages/airflow/example_dags/example_xcom.py
[2023-12-31T12:02:21.824-0300] {processor.py:830} INFO - Processing file /home/felipe/.local/lib/python3.10/site-packages/airflow/example_dags/example_xcom.py for tasks to queue
[2023-12-31T12:02:21.834-0300] {logging_mixin.py:188} INFO - [2023-12-31T12:02:21.825-0300] {dagbag.py:538} INFO - Filling up the DagBag from /home/felipe/.local/lib/python3.10/site-packages/airflow/example_dags/example_xcom.py
[2023-12-31T12:02:21.915-0300] {processor.py:840} INFO - DAG(s) 'example_xcom' retrieved from /home/felipe/.local/lib/python3.10/site-packages/airflow/example_dags/example_xcom.py
[2023-12-31T12:02:22.104-0300] {logging_mixin.py:188} INFO - [2023-12-31T12:02:22.095-0300] {dag.py:3033} INFO - Sync 1 DAGs
[2023-12-31T12:02:22.374-0300] {logging_mixin.py:188} INFO - [2023-12-31T12:02:22.365-0300] {dag.py:3820} INFO - Setting next_dagrun for example_xcom to 2021-01-01T00:00:00+00:00, run_after=2021-01-01T00:00:00+00:00
[2023-12-31T12:02:22.674-0300] {processor.py:183} INFO - Processing /home/felipe/.local/lib/python3.10/site-packages/airflow/example_dags/example_xcom.py took 0.910 seconds
[2023-12-31T12:04:42.794-0300] {processor.py:161} INFO - Started process (PID=36523) to work on /home/felipe/.local/lib/python3.10/site-packages/airflow/example_dags/example_xcom.py
[2023-12-31T12:04:42.815-0300] {processor.py:830} INFO - Processing file /home/felipe/.local/lib/python3.10/site-packages/airflow/example_dags/example_xcom.py for tasks to queue
[2023-12-31T12:04:42.885-0300] {logging_mixin.py:188} INFO - [2023-12-31T12:04:42.874-0300] {dagbag.py:538} INFO - Filling up the DagBag from /home/felipe/.local/lib/python3.10/site-packages/airflow/example_dags/example_xcom.py
[2023-12-31T12:04:43.225-0300] {processor.py:840} INFO - DAG(s) 'example_xcom' retrieved from /home/felipe/.local/lib/python3.10/site-packages/airflow/example_dags/example_xcom.py
[2023-12-31T12:04:43.875-0300] {logging_mixin.py:188} INFO - [2023-12-31T12:04:43.865-0300] {dag.py:3033} INFO - Sync 1 DAGs
[2023-12-31T12:04:44.864-0300] {logging_mixin.py:188} INFO - [2023-12-31T12:04:44.854-0300] {dag.py:3820} INFO - Setting next_dagrun for example_xcom to 2021-01-01T00:00:00+00:00, run_after=2021-01-01T00:00:00+00:00
[2023-12-31T12:04:45.624-0300] {processor.py:183} INFO - Processing /home/felipe/.local/lib/python3.10/site-packages/airflow/example_dags/example_xcom.py took 2.931 seconds
