[2023-12-31T09:36:54.500-0300] {processor.py:161} INFO - Started process (PID=32029) to work on /home/felipe/.local/lib/python3.10/site-packages/airflow/example_dags/example_trigger_controller_dag.py
[2023-12-31T09:36:54.507-0300] {processor.py:830} INFO - Processing file /home/felipe/.local/lib/python3.10/site-packages/airflow/example_dags/example_trigger_controller_dag.py for tasks to queue
[2023-12-31T09:36:54.509-0300] {logging_mixin.py:188} INFO - [2023-12-31T09:36:54.508-0300] {dagbag.py:538} INFO - Filling up the DagBag from /home/felipe/.local/lib/python3.10/site-packages/airflow/example_dags/example_trigger_controller_dag.py
[2023-12-31T09:36:54.527-0300] {processor.py:840} INFO - DAG(s) 'example_trigger_controller_dag' retrieved from /home/felipe/.local/lib/python3.10/site-packages/airflow/example_dags/example_trigger_controller_dag.py
[2023-12-31T09:36:54.899-0300] {logging_mixin.py:188} INFO - [2023-12-31T09:36:54.899-0300] {dag.py:3033} INFO - Sync 1 DAGs
[2023-12-31T09:36:54.950-0300] {logging_mixin.py:188} INFO - [2023-12-31T09:36:54.950-0300] {dag.py:3820} INFO - Setting next_dagrun for example_trigger_controller_dag to 2021-01-01T00:00:00+00:00, run_after=2021-01-01T00:00:00+00:00
[2023-12-31T09:36:55.049-0300] {processor.py:183} INFO - Processing /home/felipe/.local/lib/python3.10/site-packages/airflow/example_dags/example_trigger_controller_dag.py took 0.559 seconds
[2023-12-31T09:38:48.251-0300] {processor.py:161} INFO - Started process (PID=32188) to work on /home/felipe/.local/lib/python3.10/site-packages/airflow/example_dags/example_trigger_controller_dag.py
[2023-12-31T09:38:48.260-0300] {processor.py:830} INFO - Processing file /home/felipe/.local/lib/python3.10/site-packages/airflow/example_dags/example_trigger_controller_dag.py for tasks to queue
[2023-12-31T09:38:48.267-0300] {logging_mixin.py:188} INFO - [2023-12-31T09:38:48.266-0300] {dagbag.py:538} INFO - Filling up the DagBag from /home/felipe/.local/lib/python3.10/site-packages/airflow/example_dags/example_trigger_controller_dag.py
[2023-12-31T09:38:48.296-0300] {processor.py:840} INFO - DAG(s) 'example_trigger_controller_dag' retrieved from /home/felipe/.local/lib/python3.10/site-packages/airflow/example_dags/example_trigger_controller_dag.py
[2023-12-31T09:38:48.398-0300] {logging_mixin.py:188} INFO - [2023-12-31T09:38:48.397-0300] {dag.py:3033} INFO - Sync 1 DAGs
[2023-12-31T09:38:48.560-0300] {logging_mixin.py:188} INFO - [2023-12-31T09:38:48.559-0300] {dag.py:3820} INFO - Setting next_dagrun for example_trigger_controller_dag to 2021-01-01T00:00:00+00:00, run_after=2021-01-01T00:00:00+00:00
[2023-12-31T09:38:48.810-0300] {processor.py:183} INFO - Processing /home/felipe/.local/lib/python3.10/site-packages/airflow/example_dags/example_trigger_controller_dag.py took 0.580 seconds
[2023-12-31T09:52:32.539-0300] {processor.py:161} INFO - Started process (PID=32794) to work on /home/felipe/.local/lib/python3.10/site-packages/airflow/example_dags/example_trigger_controller_dag.py
[2023-12-31T09:52:32.558-0300] {processor.py:830} INFO - Processing file /home/felipe/.local/lib/python3.10/site-packages/airflow/example_dags/example_trigger_controller_dag.py for tasks to queue
[2023-12-31T09:52:32.569-0300] {logging_mixin.py:188} INFO - [2023-12-31T09:52:32.567-0300] {dagbag.py:538} INFO - Filling up the DagBag from /home/felipe/.local/lib/python3.10/site-packages/airflow/example_dags/example_trigger_controller_dag.py
[2023-12-31T09:52:32.869-0300] {processor.py:840} INFO - DAG(s) 'example_trigger_controller_dag' retrieved from /home/felipe/.local/lib/python3.10/site-packages/airflow/example_dags/example_trigger_controller_dag.py
[2023-12-31T09:52:35.177-0300] {logging_mixin.py:188} INFO - [2023-12-31T09:52:35.169-0300] {dag.py:3033} INFO - Sync 1 DAGs
[2023-12-31T09:52:35.850-0300] {logging_mixin.py:188} INFO - [2023-12-31T09:52:35.848-0300] {dag.py:3820} INFO - Setting next_dagrun for example_trigger_controller_dag to 2021-01-01T00:00:00+00:00, run_after=2021-01-01T00:00:00+00:00
[2023-12-31T09:52:37.049-0300] {processor.py:183} INFO - Processing /home/felipe/.local/lib/python3.10/site-packages/airflow/example_dags/example_trigger_controller_dag.py took 4.561 seconds
[2023-12-31T09:55:40.088-0300] {processor.py:161} INFO - Started process (PID=32950) to work on /home/felipe/.local/lib/python3.10/site-packages/airflow/example_dags/example_trigger_controller_dag.py
[2023-12-31T09:55:40.099-0300] {processor.py:830} INFO - Processing file /home/felipe/.local/lib/python3.10/site-packages/airflow/example_dags/example_trigger_controller_dag.py for tasks to queue
[2023-12-31T09:55:40.109-0300] {logging_mixin.py:188} INFO - [2023-12-31T09:55:40.108-0300] {dagbag.py:538} INFO - Filling up the DagBag from /home/felipe/.local/lib/python3.10/site-packages/airflow/example_dags/example_trigger_controller_dag.py
[2023-12-31T09:55:40.209-0300] {processor.py:840} INFO - DAG(s) 'example_trigger_controller_dag' retrieved from /home/felipe/.local/lib/python3.10/site-packages/airflow/example_dags/example_trigger_controller_dag.py
[2023-12-31T09:55:40.977-0300] {logging_mixin.py:188} INFO - [2023-12-31T09:55:40.947-0300] {dag.py:3033} INFO - Sync 1 DAGs
[2023-12-31T09:55:42.476-0300] {logging_mixin.py:188} INFO - [2023-12-31T09:55:42.458-0300] {dag.py:3820} INFO - Setting next_dagrun for example_trigger_controller_dag to 2021-01-01T00:00:00+00:00, run_after=2021-01-01T00:00:00+00:00
[2023-12-31T09:55:43.389-0300] {processor.py:183} INFO - Processing /home/felipe/.local/lib/python3.10/site-packages/airflow/example_dags/example_trigger_controller_dag.py took 3.331 seconds
[2023-12-31T10:00:09.238-0300] {processor.py:161} INFO - Started process (PID=33161) to work on /home/felipe/.local/lib/python3.10/site-packages/airflow/example_dags/example_trigger_controller_dag.py
[2023-12-31T10:00:09.247-0300] {processor.py:830} INFO - Processing file /home/felipe/.local/lib/python3.10/site-packages/airflow/example_dags/example_trigger_controller_dag.py for tasks to queue
[2023-12-31T10:00:09.248-0300] {logging_mixin.py:188} INFO - [2023-12-31T10:00:09.248-0300] {dagbag.py:538} INFO - Filling up the DagBag from /home/felipe/.local/lib/python3.10/site-packages/airflow/example_dags/example_trigger_controller_dag.py
[2023-12-31T10:00:09.269-0300] {processor.py:840} INFO - DAG(s) 'example_trigger_controller_dag' retrieved from /home/felipe/.local/lib/python3.10/site-packages/airflow/example_dags/example_trigger_controller_dag.py
[2023-12-31T10:00:09.338-0300] {logging_mixin.py:188} INFO - [2023-12-31T10:00:09.337-0300] {dag.py:3033} INFO - Sync 1 DAGs
[2023-12-31T10:00:09.456-0300] {logging_mixin.py:188} INFO - [2023-12-31T10:00:09.450-0300] {dag.py:3820} INFO - Setting next_dagrun for example_trigger_controller_dag to 2021-01-01T00:00:00+00:00, run_after=2021-01-01T00:00:00+00:00
[2023-12-31T10:00:09.588-0300] {processor.py:183} INFO - Processing /home/felipe/.local/lib/python3.10/site-packages/airflow/example_dags/example_trigger_controller_dag.py took 0.360 seconds
[2023-12-31T10:01:35.759-0300] {processor.py:161} INFO - Started process (PID=33292) to work on /home/felipe/.local/lib/python3.10/site-packages/airflow/example_dags/example_trigger_controller_dag.py
[2023-12-31T10:01:35.767-0300] {processor.py:830} INFO - Processing file /home/felipe/.local/lib/python3.10/site-packages/airflow/example_dags/example_trigger_controller_dag.py for tasks to queue
[2023-12-31T10:01:35.768-0300] {logging_mixin.py:188} INFO - [2023-12-31T10:01:35.768-0300] {dagbag.py:538} INFO - Filling up the DagBag from /home/felipe/.local/lib/python3.10/site-packages/airflow/example_dags/example_trigger_controller_dag.py
[2023-12-31T10:01:35.790-0300] {processor.py:840} INFO - DAG(s) 'example_trigger_controller_dag' retrieved from /home/felipe/.local/lib/python3.10/site-packages/airflow/example_dags/example_trigger_controller_dag.py
[2023-12-31T10:01:35.860-0300] {logging_mixin.py:188} INFO - [2023-12-31T10:01:35.859-0300] {dag.py:3033} INFO - Sync 1 DAGs
[2023-12-31T10:01:35.957-0300] {logging_mixin.py:188} INFO - [2023-12-31T10:01:35.956-0300] {dag.py:3820} INFO - Setting next_dagrun for example_trigger_controller_dag to 2021-01-01T00:00:00+00:00, run_after=2021-01-01T00:00:00+00:00
[2023-12-31T10:01:36.069-0300] {processor.py:183} INFO - Processing /home/felipe/.local/lib/python3.10/site-packages/airflow/example_dags/example_trigger_controller_dag.py took 0.322 seconds
[2023-12-31T10:02:43.159-0300] {processor.py:161} INFO - Started process (PID=33350) to work on /home/felipe/.local/lib/python3.10/site-packages/airflow/example_dags/example_trigger_controller_dag.py
[2023-12-31T10:02:43.168-0300] {processor.py:830} INFO - Processing file /home/felipe/.local/lib/python3.10/site-packages/airflow/example_dags/example_trigger_controller_dag.py for tasks to queue
[2023-12-31T10:02:43.177-0300] {logging_mixin.py:188} INFO - [2023-12-31T10:02:43.176-0300] {dagbag.py:538} INFO - Filling up the DagBag from /home/felipe/.local/lib/python3.10/site-packages/airflow/example_dags/example_trigger_controller_dag.py
[2023-12-31T10:02:43.198-0300] {processor.py:840} INFO - DAG(s) 'example_trigger_controller_dag' retrieved from /home/felipe/.local/lib/python3.10/site-packages/airflow/example_dags/example_trigger_controller_dag.py
[2023-12-31T10:02:43.269-0300] {logging_mixin.py:188} INFO - [2023-12-31T10:02:43.269-0300] {dag.py:3033} INFO - Sync 1 DAGs
[2023-12-31T10:02:43.386-0300] {logging_mixin.py:188} INFO - [2023-12-31T10:02:43.379-0300] {dag.py:3820} INFO - Setting next_dagrun for example_trigger_controller_dag to 2021-01-01T00:00:00+00:00, run_after=2021-01-01T00:00:00+00:00
[2023-12-31T10:02:43.548-0300] {processor.py:183} INFO - Processing /home/felipe/.local/lib/python3.10/site-packages/airflow/example_dags/example_trigger_controller_dag.py took 0.400 seconds
[2023-12-31T10:03:49.446-0300] {processor.py:161} INFO - Started process (PID=33428) to work on /home/felipe/.local/lib/python3.10/site-packages/airflow/example_dags/example_trigger_controller_dag.py
[2023-12-31T10:03:49.448-0300] {processor.py:830} INFO - Processing file /home/felipe/.local/lib/python3.10/site-packages/airflow/example_dags/example_trigger_controller_dag.py for tasks to queue
[2023-12-31T10:03:49.456-0300] {logging_mixin.py:188} INFO - [2023-12-31T10:03:49.449-0300] {dagbag.py:538} INFO - Filling up the DagBag from /home/felipe/.local/lib/python3.10/site-packages/airflow/example_dags/example_trigger_controller_dag.py
[2023-12-31T10:03:49.476-0300] {processor.py:840} INFO - DAG(s) 'example_trigger_controller_dag' retrieved from /home/felipe/.local/lib/python3.10/site-packages/airflow/example_dags/example_trigger_controller_dag.py
[2023-12-31T10:03:49.558-0300] {logging_mixin.py:188} INFO - [2023-12-31T10:03:49.557-0300] {dag.py:3033} INFO - Sync 1 DAGs
[2023-12-31T10:03:49.668-0300] {logging_mixin.py:188} INFO - [2023-12-31T10:03:49.667-0300] {dag.py:3820} INFO - Setting next_dagrun for example_trigger_controller_dag to 2021-01-01T00:00:00+00:00, run_after=2021-01-01T00:00:00+00:00
[2023-12-31T10:03:49.817-0300] {processor.py:183} INFO - Processing /home/felipe/.local/lib/python3.10/site-packages/airflow/example_dags/example_trigger_controller_dag.py took 0.388 seconds
[2023-12-31T10:05:01.287-0300] {processor.py:161} INFO - Started process (PID=33508) to work on /home/felipe/.local/lib/python3.10/site-packages/airflow/example_dags/example_trigger_controller_dag.py
[2023-12-31T10:05:01.289-0300] {processor.py:830} INFO - Processing file /home/felipe/.local/lib/python3.10/site-packages/airflow/example_dags/example_trigger_controller_dag.py for tasks to queue
[2023-12-31T10:05:01.296-0300] {logging_mixin.py:188} INFO - [2023-12-31T10:05:01.290-0300] {dagbag.py:538} INFO - Filling up the DagBag from /home/felipe/.local/lib/python3.10/site-packages/airflow/example_dags/example_trigger_controller_dag.py
[2023-12-31T10:05:01.317-0300] {processor.py:840} INFO - DAG(s) 'example_trigger_controller_dag' retrieved from /home/felipe/.local/lib/python3.10/site-packages/airflow/example_dags/example_trigger_controller_dag.py
[2023-12-31T10:05:01.389-0300] {logging_mixin.py:188} INFO - [2023-12-31T10:05:01.389-0300] {dag.py:3033} INFO - Sync 1 DAGs
[2023-12-31T10:05:01.489-0300] {logging_mixin.py:188} INFO - [2023-12-31T10:05:01.488-0300] {dag.py:3820} INFO - Setting next_dagrun for example_trigger_controller_dag to 2021-01-01T00:00:00+00:00, run_after=2021-01-01T00:00:00+00:00
[2023-12-31T10:05:01.619-0300] {processor.py:183} INFO - Processing /home/felipe/.local/lib/python3.10/site-packages/airflow/example_dags/example_trigger_controller_dag.py took 0.349 seconds
[2023-12-31T10:06:11.078-0300] {processor.py:161} INFO - Started process (PID=33594) to work on /home/felipe/.local/lib/python3.10/site-packages/airflow/example_dags/example_trigger_controller_dag.py
[2023-12-31T10:06:11.086-0300] {processor.py:830} INFO - Processing file /home/felipe/.local/lib/python3.10/site-packages/airflow/example_dags/example_trigger_controller_dag.py for tasks to queue
[2023-12-31T10:06:11.088-0300] {logging_mixin.py:188} INFO - [2023-12-31T10:06:11.087-0300] {dagbag.py:538} INFO - Filling up the DagBag from /home/felipe/.local/lib/python3.10/site-packages/airflow/example_dags/example_trigger_controller_dag.py
[2023-12-31T10:06:11.108-0300] {processor.py:840} INFO - DAG(s) 'example_trigger_controller_dag' retrieved from /home/felipe/.local/lib/python3.10/site-packages/airflow/example_dags/example_trigger_controller_dag.py
[2023-12-31T10:06:11.187-0300] {logging_mixin.py:188} INFO - [2023-12-31T10:06:11.187-0300] {dag.py:3033} INFO - Sync 1 DAGs
[2023-12-31T10:06:11.290-0300] {logging_mixin.py:188} INFO - [2023-12-31T10:06:11.289-0300] {dag.py:3820} INFO - Setting next_dagrun for example_trigger_controller_dag to 2021-01-01T00:00:00+00:00, run_after=2021-01-01T00:00:00+00:00
[2023-12-31T10:06:11.436-0300] {processor.py:183} INFO - Processing /home/felipe/.local/lib/python3.10/site-packages/airflow/example_dags/example_trigger_controller_dag.py took 0.377 seconds
[2023-12-31T10:07:23.479-0300] {processor.py:161} INFO - Started process (PID=33703) to work on /home/felipe/.local/lib/python3.10/site-packages/airflow/example_dags/example_trigger_controller_dag.py
[2023-12-31T10:07:23.487-0300] {processor.py:830} INFO - Processing file /home/felipe/.local/lib/python3.10/site-packages/airflow/example_dags/example_trigger_controller_dag.py for tasks to queue
[2023-12-31T10:07:23.489-0300] {logging_mixin.py:188} INFO - [2023-12-31T10:07:23.488-0300] {dagbag.py:538} INFO - Filling up the DagBag from /home/felipe/.local/lib/python3.10/site-packages/airflow/example_dags/example_trigger_controller_dag.py
[2023-12-31T10:07:23.510-0300] {processor.py:840} INFO - DAG(s) 'example_trigger_controller_dag' retrieved from /home/felipe/.local/lib/python3.10/site-packages/airflow/example_dags/example_trigger_controller_dag.py
[2023-12-31T10:07:23.587-0300] {logging_mixin.py:188} INFO - [2023-12-31T10:07:23.587-0300] {dag.py:3033} INFO - Sync 1 DAGs
[2023-12-31T10:07:23.689-0300] {logging_mixin.py:188} INFO - [2023-12-31T10:07:23.688-0300] {dag.py:3820} INFO - Setting next_dagrun for example_trigger_controller_dag to 2021-01-01T00:00:00+00:00, run_after=2021-01-01T00:00:00+00:00
[2023-12-31T10:07:23.838-0300] {processor.py:183} INFO - Processing /home/felipe/.local/lib/python3.10/site-packages/airflow/example_dags/example_trigger_controller_dag.py took 0.370 seconds
[2023-12-31T10:08:35.937-0300] {processor.py:161} INFO - Started process (PID=33789) to work on /home/felipe/.local/lib/python3.10/site-packages/airflow/example_dags/example_trigger_controller_dag.py
[2023-12-31T10:08:35.939-0300] {processor.py:830} INFO - Processing file /home/felipe/.local/lib/python3.10/site-packages/airflow/example_dags/example_trigger_controller_dag.py for tasks to queue
[2023-12-31T10:08:35.947-0300] {logging_mixin.py:188} INFO - [2023-12-31T10:08:35.946-0300] {dagbag.py:538} INFO - Filling up the DagBag from /home/felipe/.local/lib/python3.10/site-packages/airflow/example_dags/example_trigger_controller_dag.py
[2023-12-31T10:08:35.969-0300] {processor.py:840} INFO - DAG(s) 'example_trigger_controller_dag' retrieved from /home/felipe/.local/lib/python3.10/site-packages/airflow/example_dags/example_trigger_controller_dag.py
[2023-12-31T10:08:36.056-0300] {logging_mixin.py:188} INFO - [2023-12-31T10:08:36.049-0300] {dag.py:3033} INFO - Sync 1 DAGs
[2023-12-31T10:08:36.159-0300] {logging_mixin.py:188} INFO - [2023-12-31T10:08:36.159-0300] {dag.py:3820} INFO - Setting next_dagrun for example_trigger_controller_dag to 2021-01-01T00:00:00+00:00, run_after=2021-01-01T00:00:00+00:00
[2023-12-31T10:08:36.298-0300] {processor.py:183} INFO - Processing /home/felipe/.local/lib/python3.10/site-packages/airflow/example_dags/example_trigger_controller_dag.py took 0.380 seconds
[2023-12-31T11:29:15.675-0300] {processor.py:161} INFO - Started process (PID=33998) to work on /home/felipe/.local/lib/python3.10/site-packages/airflow/example_dags/example_trigger_controller_dag.py
[2023-12-31T11:29:15.684-0300] {processor.py:830} INFO - Processing file /home/felipe/.local/lib/python3.10/site-packages/airflow/example_dags/example_trigger_controller_dag.py for tasks to queue
[2023-12-31T11:29:15.686-0300] {logging_mixin.py:188} INFO - [2023-12-31T11:29:15.686-0300] {dagbag.py:538} INFO - Filling up the DagBag from /home/felipe/.local/lib/python3.10/site-packages/airflow/example_dags/example_trigger_controller_dag.py
[2023-12-31T11:29:15.716-0300] {processor.py:840} INFO - DAG(s) 'example_trigger_controller_dag' retrieved from /home/felipe/.local/lib/python3.10/site-packages/airflow/example_dags/example_trigger_controller_dag.py
[2023-12-31T11:29:15.805-0300] {logging_mixin.py:188} INFO - [2023-12-31T11:29:15.804-0300] {dag.py:3033} INFO - Sync 1 DAGs
[2023-12-31T11:29:15.947-0300] {logging_mixin.py:188} INFO - [2023-12-31T11:29:15.946-0300] {dag.py:3820} INFO - Setting next_dagrun for example_trigger_controller_dag to 2021-01-01T00:00:00+00:00, run_after=2021-01-01T00:00:00+00:00
[2023-12-31T11:29:16.114-0300] {processor.py:183} INFO - Processing /home/felipe/.local/lib/python3.10/site-packages/airflow/example_dags/example_trigger_controller_dag.py took 0.450 seconds
[2023-12-31T11:31:07.994-0300] {processor.py:161} INFO - Started process (PID=34255) to work on /home/felipe/.local/lib/python3.10/site-packages/airflow/example_dags/example_trigger_controller_dag.py
[2023-12-31T11:31:08.004-0300] {processor.py:830} INFO - Processing file /home/felipe/.local/lib/python3.10/site-packages/airflow/example_dags/example_trigger_controller_dag.py for tasks to queue
[2023-12-31T11:31:08.006-0300] {logging_mixin.py:188} INFO - [2023-12-31T11:31:08.005-0300] {dagbag.py:538} INFO - Filling up the DagBag from /home/felipe/.local/lib/python3.10/site-packages/airflow/example_dags/example_trigger_controller_dag.py
[2023-12-31T11:31:08.067-0300] {processor.py:840} INFO - DAG(s) 'example_trigger_controller_dag' retrieved from /home/felipe/.local/lib/python3.10/site-packages/airflow/example_dags/example_trigger_controller_dag.py
[2023-12-31T11:31:08.256-0300] {logging_mixin.py:188} INFO - [2023-12-31T11:31:08.255-0300] {dag.py:3033} INFO - Sync 1 DAGs
[2023-12-31T11:31:08.595-0300] {logging_mixin.py:188} INFO - [2023-12-31T11:31:08.594-0300] {dag.py:3820} INFO - Setting next_dagrun for example_trigger_controller_dag to 2021-01-01T00:00:00+00:00, run_after=2021-01-01T00:00:00+00:00
[2023-12-31T11:31:09.145-0300] {processor.py:183} INFO - Processing /home/felipe/.local/lib/python3.10/site-packages/airflow/example_dags/example_trigger_controller_dag.py took 1.180 seconds
[2023-12-31T11:32:33.836-0300] {processor.py:161} INFO - Started process (PID=34357) to work on /home/felipe/.local/lib/python3.10/site-packages/airflow/example_dags/example_trigger_controller_dag.py
[2023-12-31T11:32:33.845-0300] {processor.py:830} INFO - Processing file /home/felipe/.local/lib/python3.10/site-packages/airflow/example_dags/example_trigger_controller_dag.py for tasks to queue
[2023-12-31T11:32:33.846-0300] {logging_mixin.py:188} INFO - [2023-12-31T11:32:33.846-0300] {dagbag.py:538} INFO - Filling up the DagBag from /home/felipe/.local/lib/python3.10/site-packages/airflow/example_dags/example_trigger_controller_dag.py
[2023-12-31T11:32:33.877-0300] {processor.py:840} INFO - DAG(s) 'example_trigger_controller_dag' retrieved from /home/felipe/.local/lib/python3.10/site-packages/airflow/example_dags/example_trigger_controller_dag.py
[2023-12-31T11:32:33.987-0300] {logging_mixin.py:188} INFO - [2023-12-31T11:32:33.986-0300] {dag.py:3033} INFO - Sync 1 DAGs
[2023-12-31T11:32:34.116-0300] {logging_mixin.py:188} INFO - [2023-12-31T11:32:34.115-0300] {dag.py:3820} INFO - Setting next_dagrun for example_trigger_controller_dag to 2021-01-01T00:00:00+00:00, run_after=2021-01-01T00:00:00+00:00
[2023-12-31T11:32:34.314-0300] {processor.py:183} INFO - Processing /home/felipe/.local/lib/python3.10/site-packages/airflow/example_dags/example_trigger_controller_dag.py took 0.489 seconds
[2023-12-31T11:34:03.906-0300] {processor.py:161} INFO - Started process (PID=34453) to work on /home/felipe/.local/lib/python3.10/site-packages/airflow/example_dags/example_trigger_controller_dag.py
[2023-12-31T11:34:03.915-0300] {processor.py:830} INFO - Processing file /home/felipe/.local/lib/python3.10/site-packages/airflow/example_dags/example_trigger_controller_dag.py for tasks to queue
[2023-12-31T11:34:03.917-0300] {logging_mixin.py:188} INFO - [2023-12-31T11:34:03.916-0300] {dagbag.py:538} INFO - Filling up the DagBag from /home/felipe/.local/lib/python3.10/site-packages/airflow/example_dags/example_trigger_controller_dag.py
[2023-12-31T11:34:03.945-0300] {processor.py:840} INFO - DAG(s) 'example_trigger_controller_dag' retrieved from /home/felipe/.local/lib/python3.10/site-packages/airflow/example_dags/example_trigger_controller_dag.py
[2023-12-31T11:34:04.046-0300] {logging_mixin.py:188} INFO - [2023-12-31T11:34:04.045-0300] {dag.py:3033} INFO - Sync 1 DAGs
[2023-12-31T11:34:04.184-0300] {logging_mixin.py:188} INFO - [2023-12-31T11:34:04.184-0300] {dag.py:3820} INFO - Setting next_dagrun for example_trigger_controller_dag to 2021-01-01T00:00:00+00:00, run_after=2021-01-01T00:00:00+00:00
[2023-12-31T11:34:04.335-0300] {processor.py:183} INFO - Processing /home/felipe/.local/lib/python3.10/site-packages/airflow/example_dags/example_trigger_controller_dag.py took 0.442 seconds
[2023-12-31T11:35:26.575-0300] {processor.py:161} INFO - Started process (PID=34577) to work on /home/felipe/.local/lib/python3.10/site-packages/airflow/example_dags/example_trigger_controller_dag.py
[2023-12-31T11:35:26.584-0300] {processor.py:830} INFO - Processing file /home/felipe/.local/lib/python3.10/site-packages/airflow/example_dags/example_trigger_controller_dag.py for tasks to queue
[2023-12-31T11:35:26.586-0300] {logging_mixin.py:188} INFO - [2023-12-31T11:35:26.585-0300] {dagbag.py:538} INFO - Filling up the DagBag from /home/felipe/.local/lib/python3.10/site-packages/airflow/example_dags/example_trigger_controller_dag.py
[2023-12-31T11:35:26.614-0300] {processor.py:840} INFO - DAG(s) 'example_trigger_controller_dag' retrieved from /home/felipe/.local/lib/python3.10/site-packages/airflow/example_dags/example_trigger_controller_dag.py
[2023-12-31T11:35:26.694-0300] {logging_mixin.py:188} INFO - [2023-12-31T11:35:26.686-0300] {dag.py:3033} INFO - Sync 1 DAGs
[2023-12-31T11:35:26.857-0300] {logging_mixin.py:188} INFO - [2023-12-31T11:35:26.856-0300] {dag.py:3820} INFO - Setting next_dagrun for example_trigger_controller_dag to 2021-01-01T00:00:00+00:00, run_after=2021-01-01T00:00:00+00:00
[2023-12-31T11:35:27.016-0300] {processor.py:183} INFO - Processing /home/felipe/.local/lib/python3.10/site-packages/airflow/example_dags/example_trigger_controller_dag.py took 0.462 seconds
[2023-12-31T11:36:50.376-0300] {processor.py:161} INFO - Started process (PID=34666) to work on /home/felipe/.local/lib/python3.10/site-packages/airflow/example_dags/example_trigger_controller_dag.py
[2023-12-31T11:36:50.385-0300] {processor.py:830} INFO - Processing file /home/felipe/.local/lib/python3.10/site-packages/airflow/example_dags/example_trigger_controller_dag.py for tasks to queue
[2023-12-31T11:36:50.387-0300] {logging_mixin.py:188} INFO - [2023-12-31T11:36:50.386-0300] {dagbag.py:538} INFO - Filling up the DagBag from /home/felipe/.local/lib/python3.10/site-packages/airflow/example_dags/example_trigger_controller_dag.py
[2023-12-31T11:36:50.426-0300] {processor.py:840} INFO - DAG(s) 'example_trigger_controller_dag' retrieved from /home/felipe/.local/lib/python3.10/site-packages/airflow/example_dags/example_trigger_controller_dag.py
[2023-12-31T11:36:50.516-0300] {logging_mixin.py:188} INFO - [2023-12-31T11:36:50.516-0300] {dag.py:3033} INFO - Sync 1 DAGs
[2023-12-31T11:36:50.645-0300] {logging_mixin.py:188} INFO - [2023-12-31T11:36:50.645-0300] {dag.py:3820} INFO - Setting next_dagrun for example_trigger_controller_dag to 2021-01-01T00:00:00+00:00, run_after=2021-01-01T00:00:00+00:00
[2023-12-31T11:36:50.835-0300] {processor.py:183} INFO - Processing /home/felipe/.local/lib/python3.10/site-packages/airflow/example_dags/example_trigger_controller_dag.py took 0.470 seconds
[2023-12-31T11:38:14.135-0300] {processor.py:161} INFO - Started process (PID=34758) to work on /home/felipe/.local/lib/python3.10/site-packages/airflow/example_dags/example_trigger_controller_dag.py
[2023-12-31T11:38:14.144-0300] {processor.py:830} INFO - Processing file /home/felipe/.local/lib/python3.10/site-packages/airflow/example_dags/example_trigger_controller_dag.py for tasks to queue
[2023-12-31T11:38:14.146-0300] {logging_mixin.py:188} INFO - [2023-12-31T11:38:14.145-0300] {dagbag.py:538} INFO - Filling up the DagBag from /home/felipe/.local/lib/python3.10/site-packages/airflow/example_dags/example_trigger_controller_dag.py
[2023-12-31T11:38:14.185-0300] {processor.py:840} INFO - DAG(s) 'example_trigger_controller_dag' retrieved from /home/felipe/.local/lib/python3.10/site-packages/airflow/example_dags/example_trigger_controller_dag.py
[2023-12-31T11:38:14.284-0300] {logging_mixin.py:188} INFO - [2023-12-31T11:38:14.276-0300] {dag.py:3033} INFO - Sync 1 DAGs
[2023-12-31T11:38:14.425-0300] {logging_mixin.py:188} INFO - [2023-12-31T11:38:14.425-0300] {dag.py:3820} INFO - Setting next_dagrun for example_trigger_controller_dag to 2021-01-01T00:00:00+00:00, run_after=2021-01-01T00:00:00+00:00
[2023-12-31T11:38:14.655-0300] {processor.py:183} INFO - Processing /home/felipe/.local/lib/python3.10/site-packages/airflow/example_dags/example_trigger_controller_dag.py took 0.539 seconds
[2023-12-31T11:39:36.116-0300] {processor.py:161} INFO - Started process (PID=34850) to work on /home/felipe/.local/lib/python3.10/site-packages/airflow/example_dags/example_trigger_controller_dag.py
[2023-12-31T11:39:36.125-0300] {processor.py:830} INFO - Processing file /home/felipe/.local/lib/python3.10/site-packages/airflow/example_dags/example_trigger_controller_dag.py for tasks to queue
[2023-12-31T11:39:36.134-0300] {logging_mixin.py:188} INFO - [2023-12-31T11:39:36.127-0300] {dagbag.py:538} INFO - Filling up the DagBag from /home/felipe/.local/lib/python3.10/site-packages/airflow/example_dags/example_trigger_controller_dag.py
[2023-12-31T11:39:36.164-0300] {processor.py:840} INFO - DAG(s) 'example_trigger_controller_dag' retrieved from /home/felipe/.local/lib/python3.10/site-packages/airflow/example_dags/example_trigger_controller_dag.py
[2023-12-31T11:39:36.246-0300] {logging_mixin.py:188} INFO - [2023-12-31T11:39:36.246-0300] {dag.py:3033} INFO - Sync 1 DAGs
[2023-12-31T11:39:36.395-0300] {logging_mixin.py:188} INFO - [2023-12-31T11:39:36.394-0300] {dag.py:3820} INFO - Setting next_dagrun for example_trigger_controller_dag to 2021-01-01T00:00:00+00:00, run_after=2021-01-01T00:00:00+00:00
[2023-12-31T11:39:36.565-0300] {processor.py:183} INFO - Processing /home/felipe/.local/lib/python3.10/site-packages/airflow/example_dags/example_trigger_controller_dag.py took 0.469 seconds
[2023-12-31T11:40:59.774-0300] {processor.py:161} INFO - Started process (PID=34966) to work on /home/felipe/.local/lib/python3.10/site-packages/airflow/example_dags/example_trigger_controller_dag.py
[2023-12-31T11:40:59.776-0300] {processor.py:830} INFO - Processing file /home/felipe/.local/lib/python3.10/site-packages/airflow/example_dags/example_trigger_controller_dag.py for tasks to queue
[2023-12-31T11:40:59.785-0300] {logging_mixin.py:188} INFO - [2023-12-31T11:40:59.784-0300] {dagbag.py:538} INFO - Filling up the DagBag from /home/felipe/.local/lib/python3.10/site-packages/airflow/example_dags/example_trigger_controller_dag.py
[2023-12-31T11:40:59.816-0300] {processor.py:840} INFO - DAG(s) 'example_trigger_controller_dag' retrieved from /home/felipe/.local/lib/python3.10/site-packages/airflow/example_dags/example_trigger_controller_dag.py
[2023-12-31T11:40:59.915-0300] {logging_mixin.py:188} INFO - [2023-12-31T11:40:59.915-0300] {dag.py:3033} INFO - Sync 1 DAGs
[2023-12-31T11:41:00.064-0300] {logging_mixin.py:188} INFO - [2023-12-31T11:41:00.056-0300] {dag.py:3820} INFO - Setting next_dagrun for example_trigger_controller_dag to 2021-01-01T00:00:00+00:00, run_after=2021-01-01T00:00:00+00:00
[2023-12-31T11:41:00.255-0300] {processor.py:183} INFO - Processing /home/felipe/.local/lib/python3.10/site-packages/airflow/example_dags/example_trigger_controller_dag.py took 0.499 seconds
[2023-12-31T11:42:33.566-0300] {processor.py:161} INFO - Started process (PID=35070) to work on /home/felipe/.local/lib/python3.10/site-packages/airflow/example_dags/example_trigger_controller_dag.py
[2023-12-31T11:42:33.576-0300] {processor.py:830} INFO - Processing file /home/felipe/.local/lib/python3.10/site-packages/airflow/example_dags/example_trigger_controller_dag.py for tasks to queue
[2023-12-31T11:42:33.585-0300] {logging_mixin.py:188} INFO - [2023-12-31T11:42:33.584-0300] {dagbag.py:538} INFO - Filling up the DagBag from /home/felipe/.local/lib/python3.10/site-packages/airflow/example_dags/example_trigger_controller_dag.py
[2023-12-31T11:42:33.616-0300] {processor.py:840} INFO - DAG(s) 'example_trigger_controller_dag' retrieved from /home/felipe/.local/lib/python3.10/site-packages/airflow/example_dags/example_trigger_controller_dag.py
[2023-12-31T11:42:33.755-0300] {logging_mixin.py:188} INFO - [2023-12-31T11:42:33.755-0300] {dag.py:3033} INFO - Sync 1 DAGs
[2023-12-31T11:42:33.906-0300] {logging_mixin.py:188} INFO - [2023-12-31T11:42:33.905-0300] {dag.py:3820} INFO - Setting next_dagrun for example_trigger_controller_dag to 2021-01-01T00:00:00+00:00, run_after=2021-01-01T00:00:00+00:00
[2023-12-31T11:42:34.096-0300] {processor.py:183} INFO - Processing /home/felipe/.local/lib/python3.10/site-packages/airflow/example_dags/example_trigger_controller_dag.py took 0.550 seconds
[2023-12-31T11:44:10.275-0300] {processor.py:161} INFO - Started process (PID=35183) to work on /home/felipe/.local/lib/python3.10/site-packages/airflow/example_dags/example_trigger_controller_dag.py
[2023-12-31T11:44:10.285-0300] {processor.py:830} INFO - Processing file /home/felipe/.local/lib/python3.10/site-packages/airflow/example_dags/example_trigger_controller_dag.py for tasks to queue
[2023-12-31T11:44:10.294-0300] {logging_mixin.py:188} INFO - [2023-12-31T11:44:10.286-0300] {dagbag.py:538} INFO - Filling up the DagBag from /home/felipe/.local/lib/python3.10/site-packages/airflow/example_dags/example_trigger_controller_dag.py
[2023-12-31T11:44:10.336-0300] {processor.py:840} INFO - DAG(s) 'example_trigger_controller_dag' retrieved from /home/felipe/.local/lib/python3.10/site-packages/airflow/example_dags/example_trigger_controller_dag.py
[2023-12-31T11:44:10.476-0300] {logging_mixin.py:188} INFO - [2023-12-31T11:44:10.475-0300] {dag.py:3033} INFO - Sync 1 DAGs
[2023-12-31T11:44:10.725-0300] {logging_mixin.py:188} INFO - [2023-12-31T11:44:10.725-0300] {dag.py:3820} INFO - Setting next_dagrun for example_trigger_controller_dag to 2021-01-01T00:00:00+00:00, run_after=2021-01-01T00:00:00+00:00
[2023-12-31T11:44:10.985-0300] {processor.py:183} INFO - Processing /home/felipe/.local/lib/python3.10/site-packages/airflow/example_dags/example_trigger_controller_dag.py took 0.729 seconds
[2023-12-31T11:45:51.664-0300] {processor.py:161} INFO - Started process (PID=35319) to work on /home/felipe/.local/lib/python3.10/site-packages/airflow/example_dags/example_trigger_controller_dag.py
[2023-12-31T11:45:51.666-0300] {processor.py:830} INFO - Processing file /home/felipe/.local/lib/python3.10/site-packages/airflow/example_dags/example_trigger_controller_dag.py for tasks to queue
[2023-12-31T11:45:51.675-0300] {logging_mixin.py:188} INFO - [2023-12-31T11:45:51.674-0300] {dagbag.py:538} INFO - Filling up the DagBag from /home/felipe/.local/lib/python3.10/site-packages/airflow/example_dags/example_trigger_controller_dag.py
[2023-12-31T11:45:51.716-0300] {processor.py:840} INFO - DAG(s) 'example_trigger_controller_dag' retrieved from /home/felipe/.local/lib/python3.10/site-packages/airflow/example_dags/example_trigger_controller_dag.py
[2023-12-31T11:45:51.864-0300] {logging_mixin.py:188} INFO - [2023-12-31T11:45:51.856-0300] {dag.py:3033} INFO - Sync 1 DAGs
[2023-12-31T11:45:52.064-0300] {logging_mixin.py:188} INFO - [2023-12-31T11:45:52.064-0300] {dag.py:3820} INFO - Setting next_dagrun for example_trigger_controller_dag to 2021-01-01T00:00:00+00:00, run_after=2021-01-01T00:00:00+00:00
[2023-12-31T11:45:52.266-0300] {processor.py:183} INFO - Processing /home/felipe/.local/lib/python3.10/site-packages/airflow/example_dags/example_trigger_controller_dag.py took 0.630 seconds
[2023-12-31T11:47:29.004-0300] {processor.py:161} INFO - Started process (PID=35452) to work on /home/felipe/.local/lib/python3.10/site-packages/airflow/example_dags/example_trigger_controller_dag.py
[2023-12-31T11:47:29.014-0300] {processor.py:830} INFO - Processing file /home/felipe/.local/lib/python3.10/site-packages/airflow/example_dags/example_trigger_controller_dag.py for tasks to queue
[2023-12-31T11:47:29.016-0300] {logging_mixin.py:188} INFO - [2023-12-31T11:47:29.015-0300] {dagbag.py:538} INFO - Filling up the DagBag from /home/felipe/.local/lib/python3.10/site-packages/airflow/example_dags/example_trigger_controller_dag.py
[2023-12-31T11:47:29.046-0300] {processor.py:840} INFO - DAG(s) 'example_trigger_controller_dag' retrieved from /home/felipe/.local/lib/python3.10/site-packages/airflow/example_dags/example_trigger_controller_dag.py
[2023-12-31T11:47:29.165-0300] {logging_mixin.py:188} INFO - [2023-12-31T11:47:29.164-0300] {dag.py:3033} INFO - Sync 1 DAGs
[2023-12-31T11:47:29.326-0300] {logging_mixin.py:188} INFO - [2023-12-31T11:47:29.325-0300] {dag.py:3820} INFO - Setting next_dagrun for example_trigger_controller_dag to 2021-01-01T00:00:00+00:00, run_after=2021-01-01T00:00:00+00:00
[2023-12-31T11:47:29.665-0300] {processor.py:183} INFO - Processing /home/felipe/.local/lib/python3.10/site-packages/airflow/example_dags/example_trigger_controller_dag.py took 0.680 seconds
[2023-12-31T11:49:43.565-0300] {processor.py:161} INFO - Started process (PID=35605) to work on /home/felipe/.local/lib/python3.10/site-packages/airflow/example_dags/example_trigger_controller_dag.py
[2023-12-31T11:49:43.584-0300] {processor.py:830} INFO - Processing file /home/felipe/.local/lib/python3.10/site-packages/airflow/example_dags/example_trigger_controller_dag.py for tasks to queue
[2023-12-31T11:49:43.596-0300] {logging_mixin.py:188} INFO - [2023-12-31T11:49:43.594-0300] {dagbag.py:538} INFO - Filling up the DagBag from /home/felipe/.local/lib/python3.10/site-packages/airflow/example_dags/example_trigger_controller_dag.py
[2023-12-31T11:49:43.654-0300] {processor.py:840} INFO - DAG(s) 'example_trigger_controller_dag' retrieved from /home/felipe/.local/lib/python3.10/site-packages/airflow/example_dags/example_trigger_controller_dag.py
[2023-12-31T11:49:43.826-0300] {logging_mixin.py:188} INFO - [2023-12-31T11:49:43.825-0300] {dag.py:3033} INFO - Sync 1 DAGs
[2023-12-31T11:49:44.104-0300] {logging_mixin.py:188} INFO - [2023-12-31T11:49:44.096-0300] {dag.py:3820} INFO - Setting next_dagrun for example_trigger_controller_dag to 2021-01-01T00:00:00+00:00, run_after=2021-01-01T00:00:00+00:00
[2023-12-31T11:49:44.435-0300] {processor.py:183} INFO - Processing /home/felipe/.local/lib/python3.10/site-packages/airflow/example_dags/example_trigger_controller_dag.py took 0.891 seconds
[2023-12-31T11:51:57.194-0300] {processor.py:161} INFO - Started process (PID=35756) to work on /home/felipe/.local/lib/python3.10/site-packages/airflow/example_dags/example_trigger_controller_dag.py
[2023-12-31T11:51:57.204-0300] {processor.py:830} INFO - Processing file /home/felipe/.local/lib/python3.10/site-packages/airflow/example_dags/example_trigger_controller_dag.py for tasks to queue
[2023-12-31T11:51:57.215-0300] {logging_mixin.py:188} INFO - [2023-12-31T11:51:57.206-0300] {dagbag.py:538} INFO - Filling up the DagBag from /home/felipe/.local/lib/python3.10/site-packages/airflow/example_dags/example_trigger_controller_dag.py
[2023-12-31T11:51:57.284-0300] {processor.py:840} INFO - DAG(s) 'example_trigger_controller_dag' retrieved from /home/felipe/.local/lib/python3.10/site-packages/airflow/example_dags/example_trigger_controller_dag.py
[2023-12-31T11:51:57.454-0300] {logging_mixin.py:188} INFO - [2023-12-31T11:51:57.454-0300] {dag.py:3033} INFO - Sync 1 DAGs
[2023-12-31T11:51:57.745-0300] {logging_mixin.py:188} INFO - [2023-12-31T11:51:57.744-0300] {dag.py:3820} INFO - Setting next_dagrun for example_trigger_controller_dag to 2021-01-01T00:00:00+00:00, run_after=2021-01-01T00:00:00+00:00
[2023-12-31T11:51:58.075-0300] {processor.py:183} INFO - Processing /home/felipe/.local/lib/python3.10/site-packages/airflow/example_dags/example_trigger_controller_dag.py took 0.901 seconds
[2023-12-31T11:54:37.435-0300] {processor.py:161} INFO - Started process (PID=35886) to work on /home/felipe/.local/lib/python3.10/site-packages/airflow/example_dags/example_trigger_controller_dag.py
[2023-12-31T11:54:37.454-0300] {processor.py:830} INFO - Processing file /home/felipe/.local/lib/python3.10/site-packages/airflow/example_dags/example_trigger_controller_dag.py for tasks to queue
[2023-12-31T11:54:37.456-0300] {logging_mixin.py:188} INFO - [2023-12-31T11:54:37.455-0300] {dagbag.py:538} INFO - Filling up the DagBag from /home/felipe/.local/lib/python3.10/site-packages/airflow/example_dags/example_trigger_controller_dag.py
[2023-12-31T11:54:37.496-0300] {processor.py:840} INFO - DAG(s) 'example_trigger_controller_dag' retrieved from /home/felipe/.local/lib/python3.10/site-packages/airflow/example_dags/example_trigger_controller_dag.py
[2023-12-31T11:54:37.615-0300] {logging_mixin.py:188} INFO - [2023-12-31T11:54:37.615-0300] {dag.py:3033} INFO - Sync 1 DAGs
[2023-12-31T11:54:37.786-0300] {logging_mixin.py:188} INFO - [2023-12-31T11:54:37.785-0300] {dag.py:3820} INFO - Setting next_dagrun for example_trigger_controller_dag to 2021-01-01T00:00:00+00:00, run_after=2021-01-01T00:00:00+00:00
[2023-12-31T11:54:38.086-0300] {processor.py:183} INFO - Processing /home/felipe/.local/lib/python3.10/site-packages/airflow/example_dags/example_trigger_controller_dag.py took 0.681 seconds
[2023-12-31T11:56:28.034-0300] {processor.py:161} INFO - Started process (PID=36021) to work on /home/felipe/.local/lib/python3.10/site-packages/airflow/example_dags/example_trigger_controller_dag.py
[2023-12-31T11:56:28.044-0300] {processor.py:830} INFO - Processing file /home/felipe/.local/lib/python3.10/site-packages/airflow/example_dags/example_trigger_controller_dag.py for tasks to queue
[2023-12-31T11:56:28.045-0300] {logging_mixin.py:188} INFO - [2023-12-31T11:56:28.045-0300] {dagbag.py:538} INFO - Filling up the DagBag from /home/felipe/.local/lib/python3.10/site-packages/airflow/example_dags/example_trigger_controller_dag.py
[2023-12-31T11:56:28.095-0300] {processor.py:840} INFO - DAG(s) 'example_trigger_controller_dag' retrieved from /home/felipe/.local/lib/python3.10/site-packages/airflow/example_dags/example_trigger_controller_dag.py
[2023-12-31T11:56:28.274-0300] {logging_mixin.py:188} INFO - [2023-12-31T11:56:28.265-0300] {dag.py:3033} INFO - Sync 1 DAGs
[2023-12-31T11:56:28.465-0300] {logging_mixin.py:188} INFO - [2023-12-31T11:56:28.464-0300] {dag.py:3820} INFO - Setting next_dagrun for example_trigger_controller_dag to 2021-01-01T00:00:00+00:00, run_after=2021-01-01T00:00:00+00:00
[2023-12-31T11:56:28.745-0300] {processor.py:183} INFO - Processing /home/felipe/.local/lib/python3.10/site-packages/airflow/example_dags/example_trigger_controller_dag.py took 0.740 seconds
[2023-12-31T11:58:14.155-0300] {processor.py:161} INFO - Started process (PID=36126) to work on /home/felipe/.local/lib/python3.10/site-packages/airflow/example_dags/example_trigger_controller_dag.py
[2023-12-31T11:58:14.165-0300] {processor.py:830} INFO - Processing file /home/felipe/.local/lib/python3.10/site-packages/airflow/example_dags/example_trigger_controller_dag.py for tasks to queue
[2023-12-31T11:58:14.175-0300] {logging_mixin.py:188} INFO - [2023-12-31T11:58:14.174-0300] {dagbag.py:538} INFO - Filling up the DagBag from /home/felipe/.local/lib/python3.10/site-packages/airflow/example_dags/example_trigger_controller_dag.py
[2023-12-31T11:58:14.215-0300] {processor.py:840} INFO - DAG(s) 'example_trigger_controller_dag' retrieved from /home/felipe/.local/lib/python3.10/site-packages/airflow/example_dags/example_trigger_controller_dag.py
[2023-12-31T11:58:14.375-0300] {logging_mixin.py:188} INFO - [2023-12-31T11:58:14.374-0300] {dag.py:3033} INFO - Sync 1 DAGs
[2023-12-31T11:58:14.584-0300] {logging_mixin.py:188} INFO - [2023-12-31T11:58:14.584-0300] {dag.py:3820} INFO - Setting next_dagrun for example_trigger_controller_dag to 2021-01-01T00:00:00+00:00, run_after=2021-01-01T00:00:00+00:00
[2023-12-31T11:58:14.844-0300] {processor.py:183} INFO - Processing /home/felipe/.local/lib/python3.10/site-packages/airflow/example_dags/example_trigger_controller_dag.py took 0.709 seconds
[2023-12-31T12:00:01.035-0300] {processor.py:161} INFO - Started process (PID=36231) to work on /home/felipe/.local/lib/python3.10/site-packages/airflow/example_dags/example_trigger_controller_dag.py
[2023-12-31T12:00:01.055-0300] {processor.py:830} INFO - Processing file /home/felipe/.local/lib/python3.10/site-packages/airflow/example_dags/example_trigger_controller_dag.py for tasks to queue
[2023-12-31T12:00:01.064-0300] {logging_mixin.py:188} INFO - [2023-12-31T12:00:01.064-0300] {dagbag.py:538} INFO - Filling up the DagBag from /home/felipe/.local/lib/python3.10/site-packages/airflow/example_dags/example_trigger_controller_dag.py
[2023-12-31T12:00:01.124-0300] {processor.py:840} INFO - DAG(s) 'example_trigger_controller_dag' retrieved from /home/felipe/.local/lib/python3.10/site-packages/airflow/example_dags/example_trigger_controller_dag.py
[2023-12-31T12:00:01.295-0300] {logging_mixin.py:188} INFO - [2023-12-31T12:00:01.294-0300] {dag.py:3033} INFO - Sync 1 DAGs
[2023-12-31T12:00:01.555-0300] {logging_mixin.py:188} INFO - [2023-12-31T12:00:01.554-0300] {dag.py:3820} INFO - Setting next_dagrun for example_trigger_controller_dag to 2021-01-01T00:00:00+00:00, run_after=2021-01-01T00:00:00+00:00
[2023-12-31T12:00:01.824-0300] {processor.py:183} INFO - Processing /home/felipe/.local/lib/python3.10/site-packages/airflow/example_dags/example_trigger_controller_dag.py took 0.809 seconds
[2023-12-31T12:01:50.374-0300] {processor.py:161} INFO - Started process (PID=36363) to work on /home/felipe/.local/lib/python3.10/site-packages/airflow/example_dags/example_trigger_controller_dag.py
[2023-12-31T12:01:50.385-0300] {processor.py:830} INFO - Processing file /home/felipe/.local/lib/python3.10/site-packages/airflow/example_dags/example_trigger_controller_dag.py for tasks to queue
[2023-12-31T12:01:50.395-0300] {logging_mixin.py:188} INFO - [2023-12-31T12:01:50.395-0300] {dagbag.py:538} INFO - Filling up the DagBag from /home/felipe/.local/lib/python3.10/site-packages/airflow/example_dags/example_trigger_controller_dag.py
[2023-12-31T12:01:50.465-0300] {processor.py:840} INFO - DAG(s) 'example_trigger_controller_dag' retrieved from /home/felipe/.local/lib/python3.10/site-packages/airflow/example_dags/example_trigger_controller_dag.py
[2023-12-31T12:01:50.664-0300] {logging_mixin.py:188} INFO - [2023-12-31T12:01:50.655-0300] {dag.py:3033} INFO - Sync 1 DAGs
[2023-12-31T12:01:50.935-0300] {logging_mixin.py:188} INFO - [2023-12-31T12:01:50.934-0300] {dag.py:3820} INFO - Setting next_dagrun for example_trigger_controller_dag to 2021-01-01T00:00:00+00:00, run_after=2021-01-01T00:00:00+00:00
[2023-12-31T12:01:51.235-0300] {processor.py:183} INFO - Processing /home/felipe/.local/lib/python3.10/site-packages/airflow/example_dags/example_trigger_controller_dag.py took 0.891 seconds
[2023-12-31T12:03:52.085-0300] {processor.py:161} INFO - Started process (PID=36476) to work on /home/felipe/.local/lib/python3.10/site-packages/airflow/example_dags/example_trigger_controller_dag.py
[2023-12-31T12:03:52.094-0300] {processor.py:830} INFO - Processing file /home/felipe/.local/lib/python3.10/site-packages/airflow/example_dags/example_trigger_controller_dag.py for tasks to queue
[2023-12-31T12:03:52.104-0300] {logging_mixin.py:188} INFO - [2023-12-31T12:03:52.095-0300] {dagbag.py:538} INFO - Filling up the DagBag from /home/felipe/.local/lib/python3.10/site-packages/airflow/example_dags/example_trigger_controller_dag.py
[2023-12-31T12:03:52.165-0300] {processor.py:840} INFO - DAG(s) 'example_trigger_controller_dag' retrieved from /home/felipe/.local/lib/python3.10/site-packages/airflow/example_dags/example_trigger_controller_dag.py
[2023-12-31T12:03:52.385-0300] {logging_mixin.py:188} INFO - [2023-12-31T12:03:52.385-0300] {dag.py:3033} INFO - Sync 1 DAGs
[2023-12-31T12:03:52.774-0300] {logging_mixin.py:188} INFO - [2023-12-31T12:03:52.765-0300] {dag.py:3820} INFO - Setting next_dagrun for example_trigger_controller_dag to 2021-01-01T00:00:00+00:00, run_after=2021-01-01T00:00:00+00:00
[2023-12-31T12:03:53.174-0300] {processor.py:183} INFO - Processing /home/felipe/.local/lib/python3.10/site-packages/airflow/example_dags/example_trigger_controller_dag.py took 1.129 seconds
[2023-12-31T12:07:29.155-0300] {processor.py:161} INFO - Started process (PID=36752) to work on /home/felipe/.local/lib/python3.10/site-packages/airflow/example_dags/example_trigger_controller_dag.py
[2023-12-31T12:07:29.184-0300] {processor.py:830} INFO - Processing file /home/felipe/.local/lib/python3.10/site-packages/airflow/example_dags/example_trigger_controller_dag.py for tasks to queue
[2023-12-31T12:07:29.204-0300] {logging_mixin.py:188} INFO - [2023-12-31T12:07:29.195-0300] {dagbag.py:538} INFO - Filling up the DagBag from /home/felipe/.local/lib/python3.10/site-packages/airflow/example_dags/example_trigger_controller_dag.py
[2023-12-31T12:07:29.315-0300] {processor.py:840} INFO - DAG(s) 'example_trigger_controller_dag' retrieved from /home/felipe/.local/lib/python3.10/site-packages/airflow/example_dags/example_trigger_controller_dag.py
[2023-12-31T12:07:29.944-0300] {logging_mixin.py:188} INFO - [2023-12-31T12:07:29.925-0300] {dag.py:3033} INFO - Sync 1 DAGs
[2023-12-31T12:07:31.254-0300] {logging_mixin.py:188} INFO - [2023-12-31T12:07:31.235-0300] {dag.py:3820} INFO - Setting next_dagrun for example_trigger_controller_dag to 2021-01-01T00:00:00+00:00, run_after=2021-01-01T00:00:00+00:00
[2023-12-31T12:07:32.065-0300] {processor.py:183} INFO - Processing /home/felipe/.local/lib/python3.10/site-packages/airflow/example_dags/example_trigger_controller_dag.py took 2.960 seconds
