[2023-12-31T09:37:58.690-0300] {processor.py:161} INFO - Started process (PID=32134) to work on /home/felipe/.local/lib/python3.10/site-packages/airflow/example_dags/example_latest_only_with_trigger.py
[2023-12-31T09:37:58.691-0300] {processor.py:830} INFO - Processing file /home/felipe/.local/lib/python3.10/site-packages/airflow/example_dags/example_latest_only_with_trigger.py for tasks to queue
[2023-12-31T09:37:58.697-0300] {logging_mixin.py:188} INFO - [2023-12-31T09:37:58.697-0300] {dagbag.py:538} INFO - Filling up the DagBag from /home/felipe/.local/lib/python3.10/site-packages/airflow/example_dags/example_latest_only_with_trigger.py
[2023-12-31T09:37:58.716-0300] {processor.py:840} INFO - DAG(s) 'latest_only_with_trigger' retrieved from /home/felipe/.local/lib/python3.10/site-packages/airflow/example_dags/example_latest_only_with_trigger.py
[2023-12-31T09:37:59.100-0300] {logging_mixin.py:188} INFO - [2023-12-31T09:37:59.100-0300] {dag.py:3033} INFO - Sync 1 DAGs
[2023-12-31T09:37:59.159-0300] {logging_mixin.py:188} INFO - [2023-12-31T09:37:59.159-0300] {dag.py:3820} INFO - Setting next_dagrun for latest_only_with_trigger to 2023-12-31T08:00:00+00:00, run_after=2023-12-31T12:00:00+00:00
[2023-12-31T09:37:59.277-0300] {processor.py:183} INFO - Processing /home/felipe/.local/lib/python3.10/site-packages/airflow/example_dags/example_latest_only_with_trigger.py took 0.597 seconds
[2023-12-31T09:54:43.688-0300] {processor.py:161} INFO - Started process (PID=32888) to work on /home/felipe/.local/lib/python3.10/site-packages/airflow/example_dags/example_latest_only_with_trigger.py
[2023-12-31T09:54:43.690-0300] {processor.py:830} INFO - Processing file /home/felipe/.local/lib/python3.10/site-packages/airflow/example_dags/example_latest_only_with_trigger.py for tasks to queue
[2023-12-31T09:54:43.699-0300] {logging_mixin.py:188} INFO - [2023-12-31T09:54:43.698-0300] {dagbag.py:538} INFO - Filling up the DagBag from /home/felipe/.local/lib/python3.10/site-packages/airflow/example_dags/example_latest_only_with_trigger.py
[2023-12-31T09:54:43.728-0300] {processor.py:840} INFO - DAG(s) 'latest_only_with_trigger' retrieved from /home/felipe/.local/lib/python3.10/site-packages/airflow/example_dags/example_latest_only_with_trigger.py
[2023-12-31T09:54:44.318-0300] {logging_mixin.py:188} INFO - [2023-12-31T09:54:44.317-0300] {dag.py:3033} INFO - Sync 1 DAGs
[2023-12-31T09:54:44.467-0300] {logging_mixin.py:188} INFO - [2023-12-31T09:54:44.467-0300] {dag.py:3820} INFO - Setting next_dagrun for latest_only_with_trigger to 2023-12-31T08:00:00+00:00, run_after=2023-12-31T12:00:00+00:00
[2023-12-31T09:54:44.678-0300] {processor.py:183} INFO - Processing /home/felipe/.local/lib/python3.10/site-packages/airflow/example_dags/example_latest_only_with_trigger.py took 1.001 seconds
[2023-12-31T10:00:54.179-0300] {processor.py:161} INFO - Started process (PID=33214) to work on /home/felipe/.local/lib/python3.10/site-packages/airflow/example_dags/example_latest_only_with_trigger.py
[2023-12-31T10:00:54.188-0300] {processor.py:830} INFO - Processing file /home/felipe/.local/lib/python3.10/site-packages/airflow/example_dags/example_latest_only_with_trigger.py for tasks to queue
[2023-12-31T10:00:54.189-0300] {logging_mixin.py:188} INFO - [2023-12-31T10:00:54.189-0300] {dagbag.py:538} INFO - Filling up the DagBag from /home/felipe/.local/lib/python3.10/site-packages/airflow/example_dags/example_latest_only_with_trigger.py
[2023-12-31T10:00:54.217-0300] {processor.py:840} INFO - DAG(s) 'latest_only_with_trigger' retrieved from /home/felipe/.local/lib/python3.10/site-packages/airflow/example_dags/example_latest_only_with_trigger.py
[2023-12-31T10:00:54.289-0300] {logging_mixin.py:188} INFO - [2023-12-31T10:00:54.288-0300] {dag.py:3033} INFO - Sync 1 DAGs
[2023-12-31T10:00:54.388-0300] {logging_mixin.py:188} INFO - [2023-12-31T10:00:54.387-0300] {dag.py:3820} INFO - Setting next_dagrun for latest_only_with_trigger to 2023-12-31T08:00:00+00:00, run_after=2023-12-31T12:00:00+00:00
[2023-12-31T10:00:54.519-0300] {processor.py:183} INFO - Processing /home/felipe/.local/lib/python3.10/site-packages/airflow/example_dags/example_latest_only_with_trigger.py took 0.352 seconds
[2023-12-31T10:03:08.349-0300] {processor.py:161} INFO - Started process (PID=33378) to work on /home/felipe/.local/lib/python3.10/site-packages/airflow/example_dags/example_latest_only_with_trigger.py
[2023-12-31T10:03:08.357-0300] {processor.py:830} INFO - Processing file /home/felipe/.local/lib/python3.10/site-packages/airflow/example_dags/example_latest_only_with_trigger.py for tasks to queue
[2023-12-31T10:03:08.358-0300] {logging_mixin.py:188} INFO - [2023-12-31T10:03:08.357-0300] {dagbag.py:538} INFO - Filling up the DagBag from /home/felipe/.local/lib/python3.10/site-packages/airflow/example_dags/example_latest_only_with_trigger.py
[2023-12-31T10:03:08.386-0300] {processor.py:840} INFO - DAG(s) 'latest_only_with_trigger' retrieved from /home/felipe/.local/lib/python3.10/site-packages/airflow/example_dags/example_latest_only_with_trigger.py
[2023-12-31T10:03:08.466-0300] {logging_mixin.py:188} INFO - [2023-12-31T10:03:08.459-0300] {dag.py:3033} INFO - Sync 1 DAGs
[2023-12-31T10:03:08.567-0300] {logging_mixin.py:188} INFO - [2023-12-31T10:03:08.567-0300] {dag.py:3820} INFO - Setting next_dagrun for latest_only_with_trigger to 2023-12-31T08:00:00+00:00, run_after=2023-12-31T12:00:00+00:00
[2023-12-31T10:03:08.699-0300] {processor.py:183} INFO - Processing /home/felipe/.local/lib/python3.10/site-packages/airflow/example_dags/example_latest_only_with_trigger.py took 0.361 seconds
[2023-12-31T10:05:28.789-0300] {processor.py:161} INFO - Started process (PID=33540) to work on /home/felipe/.local/lib/python3.10/site-packages/airflow/example_dags/example_latest_only_with_trigger.py
[2023-12-31T10:05:28.798-0300] {processor.py:830} INFO - Processing file /home/felipe/.local/lib/python3.10/site-packages/airflow/example_dags/example_latest_only_with_trigger.py for tasks to queue
[2023-12-31T10:05:28.806-0300] {logging_mixin.py:188} INFO - [2023-12-31T10:05:28.799-0300] {dagbag.py:538} INFO - Filling up the DagBag from /home/felipe/.local/lib/python3.10/site-packages/airflow/example_dags/example_latest_only_with_trigger.py
[2023-12-31T10:05:28.829-0300] {processor.py:840} INFO - DAG(s) 'latest_only_with_trigger' retrieved from /home/felipe/.local/lib/python3.10/site-packages/airflow/example_dags/example_latest_only_with_trigger.py
[2023-12-31T10:05:28.908-0300] {logging_mixin.py:188} INFO - [2023-12-31T10:05:28.907-0300] {dag.py:3033} INFO - Sync 1 DAGs
[2023-12-31T10:05:29.017-0300] {logging_mixin.py:188} INFO - [2023-12-31T10:05:29.016-0300] {dag.py:3820} INFO - Setting next_dagrun for latest_only_with_trigger to 2023-12-31T08:00:00+00:00, run_after=2023-12-31T12:00:00+00:00
[2023-12-31T10:05:29.208-0300] {processor.py:183} INFO - Processing /home/felipe/.local/lib/python3.10/site-packages/airflow/example_dags/example_latest_only_with_trigger.py took 0.438 seconds
[2023-12-31T10:07:52.438-0300] {processor.py:161} INFO - Started process (PID=33733) to work on /home/felipe/.local/lib/python3.10/site-packages/airflow/example_dags/example_latest_only_with_trigger.py
[2023-12-31T10:07:52.447-0300] {processor.py:830} INFO - Processing file /home/felipe/.local/lib/python3.10/site-packages/airflow/example_dags/example_latest_only_with_trigger.py for tasks to queue
[2023-12-31T10:07:52.449-0300] {logging_mixin.py:188} INFO - [2023-12-31T10:07:52.448-0300] {dagbag.py:538} INFO - Filling up the DagBag from /home/felipe/.local/lib/python3.10/site-packages/airflow/example_dags/example_latest_only_with_trigger.py
[2023-12-31T10:07:52.518-0300] {processor.py:840} INFO - DAG(s) 'latest_only_with_trigger' retrieved from /home/felipe/.local/lib/python3.10/site-packages/airflow/example_dags/example_latest_only_with_trigger.py
[2023-12-31T10:07:52.626-0300] {logging_mixin.py:188} INFO - [2023-12-31T10:07:52.619-0300] {dag.py:3033} INFO - Sync 1 DAGs
[2023-12-31T10:07:52.739-0300] {logging_mixin.py:188} INFO - [2023-12-31T10:07:52.739-0300] {dag.py:3820} INFO - Setting next_dagrun for latest_only_with_trigger to 2023-12-31T08:00:00+00:00, run_after=2023-12-31T12:00:00+00:00
[2023-12-31T10:07:52.887-0300] {processor.py:183} INFO - Processing /home/felipe/.local/lib/python3.10/site-packages/airflow/example_dags/example_latest_only_with_trigger.py took 0.468 seconds
[2023-12-31T11:30:14.637-0300] {processor.py:161} INFO - Started process (PID=34128) to work on /home/felipe/.local/lib/python3.10/site-packages/airflow/example_dags/example_latest_only_with_trigger.py
[2023-12-31T11:30:14.646-0300] {processor.py:830} INFO - Processing file /home/felipe/.local/lib/python3.10/site-packages/airflow/example_dags/example_latest_only_with_trigger.py for tasks to queue
[2023-12-31T11:30:14.656-0300] {logging_mixin.py:188} INFO - [2023-12-31T11:30:14.655-0300] {dagbag.py:538} INFO - Filling up the DagBag from /home/felipe/.local/lib/python3.10/site-packages/airflow/example_dags/example_latest_only_with_trigger.py
[2023-12-31T11:30:14.695-0300] {processor.py:840} INFO - DAG(s) 'latest_only_with_trigger' retrieved from /home/felipe/.local/lib/python3.10/site-packages/airflow/example_dags/example_latest_only_with_trigger.py
[2023-12-31T11:30:14.814-0300] {logging_mixin.py:188} INFO - [2023-12-31T11:30:14.806-0300] {dag.py:3033} INFO - Sync 1 DAGs
[2023-12-31T11:30:14.986-0300] {logging_mixin.py:188} INFO - [2023-12-31T11:30:14.986-0300] {dag.py:3820} INFO - Setting next_dagrun for latest_only_with_trigger to 2023-12-31T08:00:00+00:00, run_after=2023-12-31T12:00:00+00:00
[2023-12-31T11:30:15.235-0300] {processor.py:183} INFO - Processing /home/felipe/.local/lib/python3.10/site-packages/airflow/example_dags/example_latest_only_with_trigger.py took 0.610 seconds
[2023-12-31T11:33:11.616-0300] {processor.py:161} INFO - Started process (PID=34396) to work on /home/felipe/.local/lib/python3.10/site-packages/airflow/example_dags/example_latest_only_with_trigger.py
[2023-12-31T11:33:11.635-0300] {processor.py:830} INFO - Processing file /home/felipe/.local/lib/python3.10/site-packages/airflow/example_dags/example_latest_only_with_trigger.py for tasks to queue
[2023-12-31T11:33:11.646-0300] {logging_mixin.py:188} INFO - [2023-12-31T11:33:11.644-0300] {dagbag.py:538} INFO - Filling up the DagBag from /home/felipe/.local/lib/python3.10/site-packages/airflow/example_dags/example_latest_only_with_trigger.py
[2023-12-31T11:33:11.715-0300] {processor.py:840} INFO - DAG(s) 'latest_only_with_trigger' retrieved from /home/felipe/.local/lib/python3.10/site-packages/airflow/example_dags/example_latest_only_with_trigger.py
[2023-12-31T11:33:11.944-0300] {logging_mixin.py:188} INFO - [2023-12-31T11:33:11.936-0300] {dag.py:3033} INFO - Sync 1 DAGs
[2023-12-31T11:33:12.274-0300] {logging_mixin.py:188} INFO - [2023-12-31T11:33:12.265-0300] {dag.py:3820} INFO - Setting next_dagrun for latest_only_with_trigger to 2023-12-31T08:00:00+00:00, run_after=2023-12-31T12:00:00+00:00
[2023-12-31T11:33:12.617-0300] {processor.py:183} INFO - Processing /home/felipe/.local/lib/python3.10/site-packages/airflow/example_dags/example_latest_only_with_trigger.py took 1.050 seconds
[2023-12-31T11:36:04.584-0300] {processor.py:161} INFO - Started process (PID=34616) to work on /home/felipe/.local/lib/python3.10/site-packages/airflow/example_dags/example_latest_only_with_trigger.py
[2023-12-31T11:36:04.586-0300] {processor.py:830} INFO - Processing file /home/felipe/.local/lib/python3.10/site-packages/airflow/example_dags/example_latest_only_with_trigger.py for tasks to queue
[2023-12-31T11:36:04.594-0300] {logging_mixin.py:188} INFO - [2023-12-31T11:36:04.594-0300] {dagbag.py:538} INFO - Filling up the DagBag from /home/felipe/.local/lib/python3.10/site-packages/airflow/example_dags/example_latest_only_with_trigger.py
[2023-12-31T11:36:04.636-0300] {processor.py:840} INFO - DAG(s) 'latest_only_with_trigger' retrieved from /home/felipe/.local/lib/python3.10/site-packages/airflow/example_dags/example_latest_only_with_trigger.py
[2023-12-31T11:36:04.745-0300] {logging_mixin.py:188} INFO - [2023-12-31T11:36:04.744-0300] {dag.py:3033} INFO - Sync 1 DAGs
[2023-12-31T11:36:04.896-0300] {logging_mixin.py:188} INFO - [2023-12-31T11:36:04.896-0300] {dag.py:3820} INFO - Setting next_dagrun for latest_only_with_trigger to 2023-12-31T08:00:00+00:00, run_after=2023-12-31T12:00:00+00:00
[2023-12-31T11:36:05.064-0300] {processor.py:183} INFO - Processing /home/felipe/.local/lib/python3.10/site-packages/airflow/example_dags/example_latest_only_with_trigger.py took 0.498 seconds
[2023-12-31T11:38:50.105-0300] {processor.py:161} INFO - Started process (PID=34794) to work on /home/felipe/.local/lib/python3.10/site-packages/airflow/example_dags/example_latest_only_with_trigger.py
[2023-12-31T11:38:50.114-0300] {processor.py:830} INFO - Processing file /home/felipe/.local/lib/python3.10/site-packages/airflow/example_dags/example_latest_only_with_trigger.py for tasks to queue
[2023-12-31T11:38:50.116-0300] {logging_mixin.py:188} INFO - [2023-12-31T11:38:50.115-0300] {dagbag.py:538} INFO - Filling up the DagBag from /home/felipe/.local/lib/python3.10/site-packages/airflow/example_dags/example_latest_only_with_trigger.py
[2023-12-31T11:38:50.146-0300] {processor.py:840} INFO - DAG(s) 'latest_only_with_trigger' retrieved from /home/felipe/.local/lib/python3.10/site-packages/airflow/example_dags/example_latest_only_with_trigger.py
[2023-12-31T11:38:50.244-0300] {logging_mixin.py:188} INFO - [2023-12-31T11:38:50.244-0300] {dag.py:3033} INFO - Sync 1 DAGs
[2023-12-31T11:38:50.386-0300] {logging_mixin.py:188} INFO - [2023-12-31T11:38:50.385-0300] {dag.py:3820} INFO - Setting next_dagrun for latest_only_with_trigger to 2023-12-31T08:00:00+00:00, run_after=2023-12-31T12:00:00+00:00
[2023-12-31T11:38:50.566-0300] {processor.py:183} INFO - Processing /home/felipe/.local/lib/python3.10/site-packages/airflow/example_dags/example_latest_only_with_trigger.py took 0.480 seconds
[2023-12-31T11:41:40.446-0300] {processor.py:161} INFO - Started process (PID=35008) to work on /home/felipe/.local/lib/python3.10/site-packages/airflow/example_dags/example_latest_only_with_trigger.py
[2023-12-31T11:41:40.455-0300] {processor.py:830} INFO - Processing file /home/felipe/.local/lib/python3.10/site-packages/airflow/example_dags/example_latest_only_with_trigger.py for tasks to queue
[2023-12-31T11:41:40.464-0300] {logging_mixin.py:188} INFO - [2023-12-31T11:41:40.456-0300] {dagbag.py:538} INFO - Filling up the DagBag from /home/felipe/.local/lib/python3.10/site-packages/airflow/example_dags/example_latest_only_with_trigger.py
[2023-12-31T11:41:40.495-0300] {processor.py:840} INFO - DAG(s) 'latest_only_with_trigger' retrieved from /home/felipe/.local/lib/python3.10/site-packages/airflow/example_dags/example_latest_only_with_trigger.py
[2023-12-31T11:41:40.605-0300] {logging_mixin.py:188} INFO - [2023-12-31T11:41:40.605-0300] {dag.py:3033} INFO - Sync 1 DAGs
[2023-12-31T11:41:40.844-0300] {logging_mixin.py:188} INFO - [2023-12-31T11:41:40.844-0300] {dag.py:3820} INFO - Setting next_dagrun for latest_only_with_trigger to 2023-12-31T08:00:00+00:00, run_after=2023-12-31T12:00:00+00:00
[2023-12-31T11:41:41.084-0300] {processor.py:183} INFO - Processing /home/felipe/.local/lib/python3.10/site-packages/airflow/example_dags/example_latest_only_with_trigger.py took 0.659 seconds
[2023-12-31T11:44:58.516-0300] {processor.py:161} INFO - Started process (PID=35234) to work on /home/felipe/.local/lib/python3.10/site-packages/airflow/example_dags/example_latest_only_with_trigger.py
[2023-12-31T11:44:58.525-0300] {processor.py:830} INFO - Processing file /home/felipe/.local/lib/python3.10/site-packages/airflow/example_dags/example_latest_only_with_trigger.py for tasks to queue
[2023-12-31T11:44:58.535-0300] {logging_mixin.py:188} INFO - [2023-12-31T11:44:58.534-0300] {dagbag.py:538} INFO - Filling up the DagBag from /home/felipe/.local/lib/python3.10/site-packages/airflow/example_dags/example_latest_only_with_trigger.py
[2023-12-31T11:44:58.604-0300] {processor.py:840} INFO - DAG(s) 'latest_only_with_trigger' retrieved from /home/felipe/.local/lib/python3.10/site-packages/airflow/example_dags/example_latest_only_with_trigger.py
[2023-12-31T11:44:58.736-0300] {logging_mixin.py:188} INFO - [2023-12-31T11:44:58.735-0300] {dag.py:3033} INFO - Sync 1 DAGs
[2023-12-31T11:44:58.954-0300] {logging_mixin.py:188} INFO - [2023-12-31T11:44:58.954-0300] {dag.py:3820} INFO - Setting next_dagrun for latest_only_with_trigger to 2023-12-31T08:00:00+00:00, run_after=2023-12-31T12:00:00+00:00
[2023-12-31T11:44:59.196-0300] {processor.py:183} INFO - Processing /home/felipe/.local/lib/python3.10/site-packages/airflow/example_dags/example_latest_only_with_trigger.py took 0.692 seconds
[2023-12-31T11:48:39.406-0300] {processor.py:161} INFO - Started process (PID=35536) to work on /home/felipe/.local/lib/python3.10/site-packages/airflow/example_dags/example_latest_only_with_trigger.py
[2023-12-31T11:48:39.425-0300] {processor.py:830} INFO - Processing file /home/felipe/.local/lib/python3.10/site-packages/airflow/example_dags/example_latest_only_with_trigger.py for tasks to queue
[2023-12-31T11:48:39.434-0300] {logging_mixin.py:188} INFO - [2023-12-31T11:48:39.426-0300] {dagbag.py:538} INFO - Filling up the DagBag from /home/felipe/.local/lib/python3.10/site-packages/airflow/example_dags/example_latest_only_with_trigger.py
[2023-12-31T11:48:39.506-0300] {processor.py:840} INFO - DAG(s) 'latest_only_with_trigger' retrieved from /home/felipe/.local/lib/python3.10/site-packages/airflow/example_dags/example_latest_only_with_trigger.py
[2023-12-31T11:48:39.716-0300] {logging_mixin.py:188} INFO - [2023-12-31T11:48:39.715-0300] {dag.py:3033} INFO - Sync 1 DAGs
[2023-12-31T11:48:39.984-0300] {logging_mixin.py:188} INFO - [2023-12-31T11:48:39.975-0300] {dag.py:3820} INFO - Setting next_dagrun for latest_only_with_trigger to 2023-12-31T08:00:00+00:00, run_after=2023-12-31T12:00:00+00:00
[2023-12-31T11:48:40.305-0300] {processor.py:183} INFO - Processing /home/felipe/.local/lib/python3.10/site-packages/airflow/example_dags/example_latest_only_with_trigger.py took 0.939 seconds
[2023-12-31T11:53:31.644-0300] {processor.py:161} INFO - Started process (PID=35820) to work on /home/felipe/.local/lib/python3.10/site-packages/airflow/example_dags/example_latest_only_with_trigger.py
[2023-12-31T11:53:31.656-0300] {processor.py:830} INFO - Processing file /home/felipe/.local/lib/python3.10/site-packages/airflow/example_dags/example_latest_only_with_trigger.py for tasks to queue
[2023-12-31T11:53:31.674-0300] {logging_mixin.py:188} INFO - [2023-12-31T11:53:31.665-0300] {dagbag.py:538} INFO - Filling up the DagBag from /home/felipe/.local/lib/python3.10/site-packages/airflow/example_dags/example_latest_only_with_trigger.py
[2023-12-31T11:53:31.735-0300] {processor.py:840} INFO - DAG(s) 'latest_only_with_trigger' retrieved from /home/felipe/.local/lib/python3.10/site-packages/airflow/example_dags/example_latest_only_with_trigger.py
[2023-12-31T11:53:31.965-0300] {logging_mixin.py:188} INFO - [2023-12-31T11:53:31.965-0300] {dag.py:3033} INFO - Sync 1 DAGs
[2023-12-31T11:53:32.195-0300] {logging_mixin.py:188} INFO - [2023-12-31T11:53:32.194-0300] {dag.py:3820} INFO - Setting next_dagrun for latest_only_with_trigger to 2023-12-31T08:00:00+00:00, run_after=2023-12-31T12:00:00+00:00
[2023-12-31T11:53:32.494-0300] {processor.py:183} INFO - Processing /home/felipe/.local/lib/python3.10/site-packages/airflow/example_dags/example_latest_only_with_trigger.py took 0.899 seconds
[2023-12-31T11:57:18.184-0300] {processor.py:161} INFO - Started process (PID=36070) to work on /home/felipe/.local/lib/python3.10/site-packages/airflow/example_dags/example_latest_only_with_trigger.py
[2023-12-31T11:57:18.195-0300] {processor.py:830} INFO - Processing file /home/felipe/.local/lib/python3.10/site-packages/airflow/example_dags/example_latest_only_with_trigger.py for tasks to queue
[2023-12-31T11:57:18.205-0300] {logging_mixin.py:188} INFO - [2023-12-31T11:57:18.204-0300] {dagbag.py:538} INFO - Filling up the DagBag from /home/felipe/.local/lib/python3.10/site-packages/airflow/example_dags/example_latest_only_with_trigger.py
[2023-12-31T11:57:18.274-0300] {processor.py:840} INFO - DAG(s) 'latest_only_with_trigger' retrieved from /home/felipe/.local/lib/python3.10/site-packages/airflow/example_dags/example_latest_only_with_trigger.py
[2023-12-31T11:57:18.524-0300] {logging_mixin.py:188} INFO - [2023-12-31T11:57:18.524-0300] {dag.py:3033} INFO - Sync 1 DAGs
[2023-12-31T11:57:18.784-0300] {logging_mixin.py:188} INFO - [2023-12-31T11:57:18.776-0300] {dag.py:3820} INFO - Setting next_dagrun for latest_only_with_trigger to 2023-12-31T08:00:00+00:00, run_after=2023-12-31T12:00:00+00:00
[2023-12-31T11:57:19.094-0300] {processor.py:183} INFO - Processing /home/felipe/.local/lib/python3.10/site-packages/airflow/example_dags/example_latest_only_with_trigger.py took 0.948 seconds
[2023-12-31T12:00:50.804-0300] {processor.py:161} INFO - Started process (PID=36304) to work on /home/felipe/.local/lib/python3.10/site-packages/airflow/example_dags/example_latest_only_with_trigger.py
[2023-12-31T12:00:50.815-0300] {processor.py:830} INFO - Processing file /home/felipe/.local/lib/python3.10/site-packages/airflow/example_dags/example_latest_only_with_trigger.py for tasks to queue
[2023-12-31T12:00:50.825-0300] {logging_mixin.py:188} INFO - [2023-12-31T12:00:50.824-0300] {dagbag.py:538} INFO - Filling up the DagBag from /home/felipe/.local/lib/python3.10/site-packages/airflow/example_dags/example_latest_only_with_trigger.py
[2023-12-31T12:00:50.895-0300] {processor.py:840} INFO - DAG(s) 'latest_only_with_trigger' retrieved from /home/felipe/.local/lib/python3.10/site-packages/airflow/example_dags/example_latest_only_with_trigger.py
[2023-12-31T12:00:51.095-0300] {logging_mixin.py:188} INFO - [2023-12-31T12:00:51.095-0300] {dag.py:3033} INFO - Sync 1 DAGs
[2023-12-31T12:00:51.345-0300] {logging_mixin.py:188} INFO - [2023-12-31T12:00:51.345-0300] {dag.py:3820} INFO - Setting next_dagrun for latest_only_with_trigger to 2023-12-31T08:00:00+00:00, run_after=2023-12-31T12:00:00+00:00
[2023-12-31T12:00:51.636-0300] {processor.py:183} INFO - Processing /home/felipe/.local/lib/python3.10/site-packages/airflow/example_dags/example_latest_only_with_trigger.py took 0.871 seconds
[2023-12-31T12:05:40.605-0300] {processor.py:161} INFO - Started process (PID=36619) to work on /home/felipe/.local/lib/python3.10/site-packages/airflow/example_dags/example_latest_only_with_trigger.py
[2023-12-31T12:05:40.664-0300] {processor.py:830} INFO - Processing file /home/felipe/.local/lib/python3.10/site-packages/airflow/example_dags/example_latest_only_with_trigger.py for tasks to queue
[2023-12-31T12:05:40.724-0300] {logging_mixin.py:188} INFO - [2023-12-31T12:05:40.685-0300] {dagbag.py:538} INFO - Filling up the DagBag from /home/felipe/.local/lib/python3.10/site-packages/airflow/example_dags/example_latest_only_with_trigger.py
[2023-12-31T12:05:40.934-0300] {processor.py:840} INFO - DAG(s) 'latest_only_with_trigger' retrieved from /home/felipe/.local/lib/python3.10/site-packages/airflow/example_dags/example_latest_only_with_trigger.py
[2023-12-31T12:05:41.305-0300] {logging_mixin.py:188} INFO - [2023-12-31T12:05:41.304-0300] {dag.py:3033} INFO - Sync 1 DAGs
[2023-12-31T12:05:42.045-0300] {logging_mixin.py:188} INFO - [2023-12-31T12:05:42.044-0300] {dag.py:3820} INFO - Setting next_dagrun for latest_only_with_trigger to 2023-12-31T08:00:00+00:00, run_after=2023-12-31T12:00:00+00:00
[2023-12-31T12:05:43.035-0300] {processor.py:183} INFO - Processing /home/felipe/.local/lib/python3.10/site-packages/airflow/example_dags/example_latest_only_with_trigger.py took 2.511 seconds
