[2023-12-31T09:37:14.598-0300] {processor.py:161} INFO - Started process (PID=32090) to work on /home/felipe/.local/lib/python3.10/site-packages/airflow/example_dags/example_sensors.py
[2023-12-31T09:37:14.599-0300] {processor.py:830} INFO - Processing file /home/felipe/.local/lib/python3.10/site-packages/airflow/example_dags/example_sensors.py for tasks to queue
[2023-12-31T09:37:14.606-0300] {logging_mixin.py:188} INFO - [2023-12-31T09:37:14.600-0300] {dagbag.py:538} INFO - Filling up the DagBag from /home/felipe/.local/lib/python3.10/site-packages/airflow/example_dags/example_sensors.py
[2023-12-31T09:37:14.649-0300] {processor.py:840} INFO - DAG(s) 'example_sensors' retrieved from /home/felipe/.local/lib/python3.10/site-packages/airflow/example_dags/example_sensors.py
[2023-12-31T09:37:15.039-0300] {logging_mixin.py:188} INFO - [2023-12-31T09:37:15.039-0300] {dag.py:3033} INFO - Sync 1 DAGs
[2023-12-31T09:37:15.079-0300] {logging_mixin.py:188} INFO - [2023-12-31T09:37:15.079-0300] {dag.py:3820} INFO - Setting next_dagrun for example_sensors to None, run_after=None
[2023-12-31T09:37:15.168-0300] {processor.py:183} INFO - Processing /home/felipe/.local/lib/python3.10/site-packages/airflow/example_dags/example_sensors.py took 0.580 seconds
[2023-12-31T09:39:14.728-0300] {processor.py:161} INFO - Started process (PID=32212) to work on /home/felipe/.local/lib/python3.10/site-packages/airflow/example_dags/example_sensors.py
[2023-12-31T09:39:14.737-0300] {processor.py:830} INFO - Processing file /home/felipe/.local/lib/python3.10/site-packages/airflow/example_dags/example_sensors.py for tasks to queue
[2023-12-31T09:39:14.741-0300] {logging_mixin.py:188} INFO - [2023-12-31T09:39:14.739-0300] {dagbag.py:538} INFO - Filling up the DagBag from /home/felipe/.local/lib/python3.10/site-packages/airflow/example_dags/example_sensors.py
[2023-12-31T09:39:14.836-0300] {processor.py:840} INFO - DAG(s) 'example_sensors' retrieved from /home/felipe/.local/lib/python3.10/site-packages/airflow/example_dags/example_sensors.py
[2023-12-31T09:39:14.970-0300] {logging_mixin.py:188} INFO - [2023-12-31T09:39:14.969-0300] {dag.py:3033} INFO - Sync 1 DAGs
[2023-12-31T09:39:15.027-0300] {logging_mixin.py:188} INFO - [2023-12-31T09:39:15.026-0300] {dag.py:3820} INFO - Setting next_dagrun for example_sensors to None, run_after=None
[2023-12-31T09:39:15.220-0300] {processor.py:183} INFO - Processing /home/felipe/.local/lib/python3.10/site-packages/airflow/example_dags/example_sensors.py took 0.530 seconds
[2023-12-31T09:53:30.606-0300] {processor.py:161} INFO - Started process (PID=32832) to work on /home/felipe/.local/lib/python3.10/site-packages/airflow/example_dags/example_sensors.py
[2023-12-31T09:53:30.609-0300] {processor.py:830} INFO - Processing file /home/felipe/.local/lib/python3.10/site-packages/airflow/example_dags/example_sensors.py for tasks to queue
[2023-12-31T09:53:30.618-0300] {logging_mixin.py:188} INFO - [2023-12-31T09:53:30.617-0300] {dagbag.py:538} INFO - Filling up the DagBag from /home/felipe/.local/lib/python3.10/site-packages/airflow/example_dags/example_sensors.py
[2023-12-31T09:53:30.757-0300] {processor.py:840} INFO - DAG(s) 'example_sensors' retrieved from /home/felipe/.local/lib/python3.10/site-packages/airflow/example_dags/example_sensors.py
[2023-12-31T09:53:32.308-0300] {logging_mixin.py:188} INFO - [2023-12-31T09:53:32.307-0300] {dag.py:3033} INFO - Sync 1 DAGs
[2023-12-31T09:53:32.379-0300] {logging_mixin.py:188} INFO - [2023-12-31T09:53:32.378-0300] {dag.py:3820} INFO - Setting next_dagrun for example_sensors to None, run_after=None
[2023-12-31T09:53:32.596-0300] {processor.py:183} INFO - Processing /home/felipe/.local/lib/python3.10/site-packages/airflow/example_dags/example_sensors.py took 2.016 seconds
[2023-12-31T09:57:02.947-0300] {processor.py:161} INFO - Started process (PID=33036) to work on /home/felipe/.local/lib/python3.10/site-packages/airflow/example_dags/example_sensors.py
[2023-12-31T09:57:03.029-0300] {processor.py:830} INFO - Processing file /home/felipe/.local/lib/python3.10/site-packages/airflow/example_dags/example_sensors.py for tasks to queue
[2023-12-31T09:57:03.127-0300] {logging_mixin.py:188} INFO - [2023-12-31T09:57:03.080-0300] {dagbag.py:538} INFO - Filling up the DagBag from /home/felipe/.local/lib/python3.10/site-packages/airflow/example_dags/example_sensors.py
[2023-12-31T09:57:04.339-0300] {processor.py:840} INFO - DAG(s) 'example_sensors' retrieved from /home/felipe/.local/lib/python3.10/site-packages/airflow/example_dags/example_sensors.py
[2023-12-31T09:57:06.507-0300] {logging_mixin.py:188} INFO - [2023-12-31T09:57:06.449-0300] {dag.py:3033} INFO - Sync 1 DAGs
[2023-12-31T09:57:07.719-0300] {logging_mixin.py:188} INFO - [2023-12-31T09:57:07.708-0300] {dag.py:3820} INFO - Setting next_dagrun for example_sensors to None, run_after=None
[2023-12-31T09:57:09.750-0300] {processor.py:183} INFO - Processing /home/felipe/.local/lib/python3.10/site-packages/airflow/example_dags/example_sensors.py took 7.110 seconds
[2023-12-31T10:00:26.359-0300] {processor.py:161} INFO - Started process (PID=33181) to work on /home/felipe/.local/lib/python3.10/site-packages/airflow/example_dags/example_sensors.py
[2023-12-31T10:00:26.368-0300] {processor.py:830} INFO - Processing file /home/felipe/.local/lib/python3.10/site-packages/airflow/example_dags/example_sensors.py for tasks to queue
[2023-12-31T10:00:26.369-0300] {logging_mixin.py:188} INFO - [2023-12-31T10:00:26.369-0300] {dagbag.py:538} INFO - Filling up the DagBag from /home/felipe/.local/lib/python3.10/site-packages/airflow/example_dags/example_sensors.py
[2023-12-31T10:00:26.417-0300] {processor.py:840} INFO - DAG(s) 'example_sensors' retrieved from /home/felipe/.local/lib/python3.10/site-packages/airflow/example_dags/example_sensors.py
[2023-12-31T10:00:26.516-0300] {logging_mixin.py:188} INFO - [2023-12-31T10:00:26.509-0300] {dag.py:3033} INFO - Sync 1 DAGs
[2023-12-31T10:00:26.568-0300] {logging_mixin.py:188} INFO - [2023-12-31T10:00:26.567-0300] {dag.py:3820} INFO - Setting next_dagrun for example_sensors to None, run_after=None
[2023-12-31T10:00:26.699-0300] {processor.py:183} INFO - Processing /home/felipe/.local/lib/python3.10/site-packages/airflow/example_dags/example_sensors.py took 0.350 seconds
[2023-12-31T10:01:53.638-0300] {processor.py:161} INFO - Started process (PID=33312) to work on /home/felipe/.local/lib/python3.10/site-packages/airflow/example_dags/example_sensors.py
[2023-12-31T10:01:53.647-0300] {processor.py:830} INFO - Processing file /home/felipe/.local/lib/python3.10/site-packages/airflow/example_dags/example_sensors.py for tasks to queue
[2023-12-31T10:01:53.648-0300] {logging_mixin.py:188} INFO - [2023-12-31T10:01:53.648-0300] {dagbag.py:538} INFO - Filling up the DagBag from /home/felipe/.local/lib/python3.10/site-packages/airflow/example_dags/example_sensors.py
[2023-12-31T10:01:53.697-0300] {processor.py:840} INFO - DAG(s) 'example_sensors' retrieved from /home/felipe/.local/lib/python3.10/site-packages/airflow/example_dags/example_sensors.py
[2023-12-31T10:01:53.797-0300] {logging_mixin.py:188} INFO - [2023-12-31T10:01:53.797-0300] {dag.py:3033} INFO - Sync 1 DAGs
[2023-12-31T10:01:53.849-0300] {logging_mixin.py:188} INFO - [2023-12-31T10:01:53.849-0300] {dag.py:3820} INFO - Setting next_dagrun for example_sensors to None, run_after=None
[2023-12-31T10:01:53.970-0300] {processor.py:183} INFO - Processing /home/felipe/.local/lib/python3.10/site-packages/airflow/example_dags/example_sensors.py took 0.343 seconds
[2023-12-31T10:04:06.548-0300] {processor.py:161} INFO - Started process (PID=33446) to work on /home/felipe/.local/lib/python3.10/site-packages/airflow/example_dags/example_sensors.py
[2023-12-31T10:04:06.557-0300] {processor.py:830} INFO - Processing file /home/felipe/.local/lib/python3.10/site-packages/airflow/example_dags/example_sensors.py for tasks to queue
[2023-12-31T10:04:06.558-0300] {logging_mixin.py:188} INFO - [2023-12-31T10:04:06.558-0300] {dagbag.py:538} INFO - Filling up the DagBag from /home/felipe/.local/lib/python3.10/site-packages/airflow/example_dags/example_sensors.py
[2023-12-31T10:04:06.618-0300] {processor.py:840} INFO - DAG(s) 'example_sensors' retrieved from /home/felipe/.local/lib/python3.10/site-packages/airflow/example_dags/example_sensors.py
[2023-12-31T10:04:06.727-0300] {logging_mixin.py:188} INFO - [2023-12-31T10:04:06.726-0300] {dag.py:3033} INFO - Sync 1 DAGs
[2023-12-31T10:04:06.780-0300] {logging_mixin.py:188} INFO - [2023-12-31T10:04:06.779-0300] {dag.py:3820} INFO - Setting next_dagrun for example_sensors to None, run_after=None
[2023-12-31T10:04:06.919-0300] {processor.py:183} INFO - Processing /home/felipe/.local/lib/python3.10/site-packages/airflow/example_dags/example_sensors.py took 0.382 seconds
[2023-12-31T10:06:29.218-0300] {processor.py:161} INFO - Started process (PID=33639) to work on /home/felipe/.local/lib/python3.10/site-packages/airflow/example_dags/example_sensors.py
[2023-12-31T10:06:29.220-0300] {processor.py:830} INFO - Processing file /home/felipe/.local/lib/python3.10/site-packages/airflow/example_dags/example_sensors.py for tasks to queue
[2023-12-31T10:06:29.228-0300] {logging_mixin.py:188} INFO - [2023-12-31T10:06:29.227-0300] {dagbag.py:538} INFO - Filling up the DagBag from /home/felipe/.local/lib/python3.10/site-packages/airflow/example_dags/example_sensors.py
[2023-12-31T10:06:29.287-0300] {processor.py:840} INFO - DAG(s) 'example_sensors' retrieved from /home/felipe/.local/lib/python3.10/site-packages/airflow/example_dags/example_sensors.py
[2023-12-31T10:06:29.397-0300] {logging_mixin.py:188} INFO - [2023-12-31T10:06:29.396-0300] {dag.py:3033} INFO - Sync 1 DAGs
[2023-12-31T10:06:29.450-0300] {logging_mixin.py:188} INFO - [2023-12-31T10:06:29.449-0300] {dag.py:3820} INFO - Setting next_dagrun for example_sensors to None, run_after=None
[2023-12-31T10:06:29.577-0300] {processor.py:183} INFO - Processing /home/felipe/.local/lib/python3.10/site-packages/airflow/example_dags/example_sensors.py took 0.378 seconds
[2023-12-31T10:08:54.998-0300] {processor.py:161} INFO - Started process (PID=33807) to work on /home/felipe/.local/lib/python3.10/site-packages/airflow/example_dags/example_sensors.py
[2023-12-31T10:08:55.008-0300] {processor.py:830} INFO - Processing file /home/felipe/.local/lib/python3.10/site-packages/airflow/example_dags/example_sensors.py for tasks to queue
[2023-12-31T10:08:55.017-0300] {logging_mixin.py:188} INFO - [2023-12-31T10:08:55.016-0300] {dagbag.py:538} INFO - Filling up the DagBag from /home/felipe/.local/lib/python3.10/site-packages/airflow/example_dags/example_sensors.py
[2023-12-31T10:08:55.067-0300] {processor.py:840} INFO - DAG(s) 'example_sensors' retrieved from /home/felipe/.local/lib/python3.10/site-packages/airflow/example_dags/example_sensors.py
[2023-12-31T10:08:55.168-0300] {logging_mixin.py:188} INFO - [2023-12-31T10:08:55.168-0300] {dag.py:3033} INFO - Sync 1 DAGs
[2023-12-31T10:08:55.237-0300] {logging_mixin.py:188} INFO - [2023-12-31T10:08:55.237-0300] {dag.py:3820} INFO - Setting next_dagrun for example_sensors to None, run_after=None
[2023-12-31T10:08:55.369-0300] {processor.py:183} INFO - Processing /home/felipe/.local/lib/python3.10/site-packages/airflow/example_dags/example_sensors.py took 0.391 seconds
[2023-12-31T11:29:36.446-0300] {processor.py:161} INFO - Started process (PID=34034) to work on /home/felipe/.local/lib/python3.10/site-packages/airflow/example_dags/example_sensors.py
[2023-12-31T11:29:36.454-0300] {processor.py:830} INFO - Processing file /home/felipe/.local/lib/python3.10/site-packages/airflow/example_dags/example_sensors.py for tasks to queue
[2023-12-31T11:29:36.456-0300] {logging_mixin.py:188} INFO - [2023-12-31T11:29:36.455-0300] {dagbag.py:538} INFO - Filling up the DagBag from /home/felipe/.local/lib/python3.10/site-packages/airflow/example_dags/example_sensors.py
[2023-12-31T11:29:36.516-0300] {processor.py:840} INFO - DAG(s) 'example_sensors' retrieved from /home/felipe/.local/lib/python3.10/site-packages/airflow/example_dags/example_sensors.py
[2023-12-31T11:29:36.665-0300] {logging_mixin.py:188} INFO - [2023-12-31T11:29:36.665-0300] {dag.py:3033} INFO - Sync 1 DAGs
[2023-12-31T11:29:36.726-0300] {logging_mixin.py:188} INFO - [2023-12-31T11:29:36.725-0300] {dag.py:3820} INFO - Setting next_dagrun for example_sensors to None, run_after=None
[2023-12-31T11:29:36.894-0300] {processor.py:183} INFO - Processing /home/felipe/.local/lib/python3.10/site-packages/airflow/example_dags/example_sensors.py took 0.459 seconds
[2023-12-31T11:31:29.495-0300] {processor.py:161} INFO - Started process (PID=34283) to work on /home/felipe/.local/lib/python3.10/site-packages/airflow/example_dags/example_sensors.py
[2023-12-31T11:31:29.504-0300] {processor.py:830} INFO - Processing file /home/felipe/.local/lib/python3.10/site-packages/airflow/example_dags/example_sensors.py for tasks to queue
[2023-12-31T11:31:29.505-0300] {logging_mixin.py:188} INFO - [2023-12-31T11:31:29.505-0300] {dagbag.py:538} INFO - Filling up the DagBag from /home/felipe/.local/lib/python3.10/site-packages/airflow/example_dags/example_sensors.py
[2023-12-31T11:31:29.565-0300] {processor.py:840} INFO - DAG(s) 'example_sensors' retrieved from /home/felipe/.local/lib/python3.10/site-packages/airflow/example_dags/example_sensors.py
[2023-12-31T11:31:29.744-0300] {logging_mixin.py:188} INFO - [2023-12-31T11:31:29.737-0300] {dag.py:3033} INFO - Sync 1 DAGs
[2023-12-31T11:31:29.834-0300] {logging_mixin.py:188} INFO - [2023-12-31T11:31:29.834-0300] {dag.py:3820} INFO - Setting next_dagrun for example_sensors to None, run_after=None
[2023-12-31T11:31:30.026-0300] {processor.py:183} INFO - Processing /home/felipe/.local/lib/python3.10/site-packages/airflow/example_dags/example_sensors.py took 0.550 seconds
[2023-12-31T11:34:22.874-0300] {processor.py:161} INFO - Started process (PID=34477) to work on /home/felipe/.local/lib/python3.10/site-packages/airflow/example_dags/example_sensors.py
[2023-12-31T11:34:22.876-0300] {processor.py:830} INFO - Processing file /home/felipe/.local/lib/python3.10/site-packages/airflow/example_dags/example_sensors.py for tasks to queue
[2023-12-31T11:34:22.884-0300] {logging_mixin.py:188} INFO - [2023-12-31T11:34:22.884-0300] {dagbag.py:538} INFO - Filling up the DagBag from /home/felipe/.local/lib/python3.10/site-packages/airflow/example_dags/example_sensors.py
[2023-12-31T11:34:22.944-0300] {processor.py:840} INFO - DAG(s) 'example_sensors' retrieved from /home/felipe/.local/lib/python3.10/site-packages/airflow/example_dags/example_sensors.py
[2023-12-31T11:34:23.094-0300] {logging_mixin.py:188} INFO - [2023-12-31T11:34:23.087-0300] {dag.py:3033} INFO - Sync 1 DAGs
[2023-12-31T11:34:23.164-0300] {logging_mixin.py:188} INFO - [2023-12-31T11:34:23.164-0300] {dag.py:3820} INFO - Setting next_dagrun for example_sensors to None, run_after=None
[2023-12-31T11:34:23.335-0300] {processor.py:183} INFO - Processing /home/felipe/.local/lib/python3.10/site-packages/airflow/example_dags/example_sensors.py took 0.479 seconds
[2023-12-31T11:35:47.996-0300] {processor.py:161} INFO - Started process (PID=34595) to work on /home/felipe/.local/lib/python3.10/site-packages/airflow/example_dags/example_sensors.py
[2023-12-31T11:35:48.014-0300] {processor.py:830} INFO - Processing file /home/felipe/.local/lib/python3.10/site-packages/airflow/example_dags/example_sensors.py for tasks to queue
[2023-12-31T11:35:48.016-0300] {logging_mixin.py:188} INFO - [2023-12-31T11:35:48.016-0300] {dagbag.py:538} INFO - Filling up the DagBag from /home/felipe/.local/lib/python3.10/site-packages/airflow/example_dags/example_sensors.py
[2023-12-31T11:35:48.094-0300] {processor.py:840} INFO - DAG(s) 'example_sensors' retrieved from /home/felipe/.local/lib/python3.10/site-packages/airflow/example_dags/example_sensors.py
[2023-12-31T11:35:48.206-0300] {logging_mixin.py:188} INFO - [2023-12-31T11:35:48.205-0300] {dag.py:3033} INFO - Sync 1 DAGs
[2023-12-31T11:35:48.284-0300] {logging_mixin.py:188} INFO - [2023-12-31T11:35:48.276-0300] {dag.py:3820} INFO - Setting next_dagrun for example_sensors to None, run_after=None
[2023-12-31T11:35:48.465-0300] {processor.py:183} INFO - Processing /home/felipe/.local/lib/python3.10/site-packages/airflow/example_dags/example_sensors.py took 0.490 seconds
[2023-12-31T11:38:33.254-0300] {processor.py:161} INFO - Started process (PID=34779) to work on /home/felipe/.local/lib/python3.10/site-packages/airflow/example_dags/example_sensors.py
[2023-12-31T11:38:33.256-0300] {processor.py:830} INFO - Processing file /home/felipe/.local/lib/python3.10/site-packages/airflow/example_dags/example_sensors.py for tasks to queue
[2023-12-31T11:38:33.265-0300] {logging_mixin.py:188} INFO - [2023-12-31T11:38:33.264-0300] {dagbag.py:538} INFO - Filling up the DagBag from /home/felipe/.local/lib/python3.10/site-packages/airflow/example_dags/example_sensors.py
[2023-12-31T11:38:33.336-0300] {processor.py:840} INFO - DAG(s) 'example_sensors' retrieved from /home/felipe/.local/lib/python3.10/site-packages/airflow/example_dags/example_sensors.py
[2023-12-31T11:38:33.475-0300] {logging_mixin.py:188} INFO - [2023-12-31T11:38:33.474-0300] {dag.py:3033} INFO - Sync 1 DAGs
[2023-12-31T11:38:33.554-0300] {logging_mixin.py:188} INFO - [2023-12-31T11:38:33.546-0300] {dag.py:3820} INFO - Setting next_dagrun for example_sensors to None, run_after=None
[2023-12-31T11:38:33.724-0300] {processor.py:183} INFO - Processing /home/felipe/.local/lib/python3.10/site-packages/airflow/example_dags/example_sensors.py took 0.488 seconds
[2023-12-31T11:41:21.595-0300] {processor.py:161} INFO - Started process (PID=34992) to work on /home/felipe/.local/lib/python3.10/site-packages/airflow/example_dags/example_sensors.py
[2023-12-31T11:41:21.604-0300] {processor.py:830} INFO - Processing file /home/felipe/.local/lib/python3.10/site-packages/airflow/example_dags/example_sensors.py for tasks to queue
[2023-12-31T11:41:21.606-0300] {logging_mixin.py:188} INFO - [2023-12-31T11:41:21.605-0300] {dagbag.py:538} INFO - Filling up the DagBag from /home/felipe/.local/lib/python3.10/site-packages/airflow/example_dags/example_sensors.py
[2023-12-31T11:41:21.666-0300] {processor.py:840} INFO - DAG(s) 'example_sensors' retrieved from /home/felipe/.local/lib/python3.10/site-packages/airflow/example_dags/example_sensors.py
[2023-12-31T11:41:21.846-0300] {logging_mixin.py:188} INFO - [2023-12-31T11:41:21.846-0300] {dag.py:3033} INFO - Sync 1 DAGs
[2023-12-31T11:41:21.974-0300] {logging_mixin.py:188} INFO - [2023-12-31T11:41:21.966-0300] {dag.py:3820} INFO - Setting next_dagrun for example_sensors to None, run_after=None
[2023-12-31T11:41:22.214-0300] {processor.py:183} INFO - Processing /home/felipe/.local/lib/python3.10/site-packages/airflow/example_dags/example_sensors.py took 0.639 seconds
[2023-12-31T11:42:55.125-0300] {processor.py:161} INFO - Started process (PID=35094) to work on /home/felipe/.local/lib/python3.10/site-packages/airflow/example_dags/example_sensors.py
[2023-12-31T11:42:55.134-0300] {processor.py:830} INFO - Processing file /home/felipe/.local/lib/python3.10/site-packages/airflow/example_dags/example_sensors.py for tasks to queue
[2023-12-31T11:42:55.136-0300] {logging_mixin.py:188} INFO - [2023-12-31T11:42:55.135-0300] {dagbag.py:538} INFO - Filling up the DagBag from /home/felipe/.local/lib/python3.10/site-packages/airflow/example_dags/example_sensors.py
[2023-12-31T11:42:55.214-0300] {processor.py:840} INFO - DAG(s) 'example_sensors' retrieved from /home/felipe/.local/lib/python3.10/site-packages/airflow/example_dags/example_sensors.py
[2023-12-31T11:42:55.384-0300] {logging_mixin.py:188} INFO - [2023-12-31T11:42:55.376-0300] {dag.py:3033} INFO - Sync 1 DAGs
[2023-12-31T11:42:55.476-0300] {logging_mixin.py:188} INFO - [2023-12-31T11:42:55.475-0300] {dag.py:3820} INFO - Setting next_dagrun for example_sensors to None, run_after=None
[2023-12-31T11:42:55.686-0300] {processor.py:183} INFO - Processing /home/felipe/.local/lib/python3.10/site-packages/airflow/example_dags/example_sensors.py took 0.582 seconds
[2023-12-31T11:44:36.015-0300] {processor.py:161} INFO - Started process (PID=35211) to work on /home/felipe/.local/lib/python3.10/site-packages/airflow/example_dags/example_sensors.py
[2023-12-31T11:44:36.025-0300] {processor.py:830} INFO - Processing file /home/felipe/.local/lib/python3.10/site-packages/airflow/example_dags/example_sensors.py for tasks to queue
[2023-12-31T11:44:36.035-0300] {logging_mixin.py:188} INFO - [2023-12-31T11:44:36.034-0300] {dagbag.py:538} INFO - Filling up the DagBag from /home/felipe/.local/lib/python3.10/site-packages/airflow/example_dags/example_sensors.py
[2023-12-31T11:44:36.146-0300] {processor.py:840} INFO - DAG(s) 'example_sensors' retrieved from /home/felipe/.local/lib/python3.10/site-packages/airflow/example_dags/example_sensors.py
[2023-12-31T11:44:36.305-0300] {logging_mixin.py:188} INFO - [2023-12-31T11:44:36.305-0300] {dag.py:3033} INFO - Sync 1 DAGs
[2023-12-31T11:44:36.434-0300] {logging_mixin.py:188} INFO - [2023-12-31T11:44:36.434-0300] {dag.py:3820} INFO - Setting next_dagrun for example_sensors to None, run_after=None
[2023-12-31T11:44:36.634-0300] {processor.py:183} INFO - Processing /home/felipe/.local/lib/python3.10/site-packages/airflow/example_dags/example_sensors.py took 0.640 seconds
[2023-12-31T11:46:13.504-0300] {processor.py:161} INFO - Started process (PID=35345) to work on /home/felipe/.local/lib/python3.10/site-packages/airflow/example_dags/example_sensors.py
[2023-12-31T11:46:13.514-0300] {processor.py:830} INFO - Processing file /home/felipe/.local/lib/python3.10/site-packages/airflow/example_dags/example_sensors.py for tasks to queue
[2023-12-31T11:46:13.515-0300] {logging_mixin.py:188} INFO - [2023-12-31T11:46:13.515-0300] {dagbag.py:538} INFO - Filling up the DagBag from /home/felipe/.local/lib/python3.10/site-packages/airflow/example_dags/example_sensors.py
[2023-12-31T11:46:13.586-0300] {processor.py:840} INFO - DAG(s) 'example_sensors' retrieved from /home/felipe/.local/lib/python3.10/site-packages/airflow/example_dags/example_sensors.py
[2023-12-31T11:46:13.754-0300] {logging_mixin.py:188} INFO - [2023-12-31T11:46:13.746-0300] {dag.py:3033} INFO - Sync 1 DAGs
[2023-12-31T11:46:13.854-0300] {logging_mixin.py:188} INFO - [2023-12-31T11:46:13.854-0300] {dag.py:3820} INFO - Setting next_dagrun for example_sensors to None, run_after=None
[2023-12-31T11:46:14.046-0300] {processor.py:183} INFO - Processing /home/felipe/.local/lib/python3.10/site-packages/airflow/example_dags/example_sensors.py took 0.561 seconds
[2023-12-31T11:47:51.334-0300] {processor.py:161} INFO - Started process (PID=35488) to work on /home/felipe/.local/lib/python3.10/site-packages/airflow/example_dags/example_sensors.py
[2023-12-31T11:47:51.355-0300] {processor.py:830} INFO - Processing file /home/felipe/.local/lib/python3.10/site-packages/airflow/example_dags/example_sensors.py for tasks to queue
[2023-12-31T11:47:51.375-0300] {logging_mixin.py:188} INFO - [2023-12-31T11:47:51.365-0300] {dagbag.py:538} INFO - Filling up the DagBag from /home/felipe/.local/lib/python3.10/site-packages/airflow/example_dags/example_sensors.py
[2023-12-31T11:47:51.536-0300] {processor.py:840} INFO - DAG(s) 'example_sensors' retrieved from /home/felipe/.local/lib/python3.10/site-packages/airflow/example_dags/example_sensors.py
[2023-12-31T11:47:51.945-0300] {logging_mixin.py:188} INFO - [2023-12-31T11:47:51.944-0300] {dag.py:3033} INFO - Sync 1 DAGs
[2023-12-31T11:47:52.115-0300] {logging_mixin.py:188} INFO - [2023-12-31T11:47:52.114-0300] {dag.py:3820} INFO - Setting next_dagrun for example_sensors to None, run_after=None
[2023-12-31T11:47:52.475-0300] {processor.py:183} INFO - Processing /home/felipe/.local/lib/python3.10/site-packages/airflow/example_dags/example_sensors.py took 1.200 seconds
[2023-12-31T11:50:09.786-0300] {processor.py:161} INFO - Started process (PID=35655) to work on /home/felipe/.local/lib/python3.10/site-packages/airflow/example_dags/example_sensors.py
[2023-12-31T11:50:09.796-0300] {processor.py:830} INFO - Processing file /home/felipe/.local/lib/python3.10/site-packages/airflow/example_dags/example_sensors.py for tasks to queue
[2023-12-31T11:50:09.805-0300] {logging_mixin.py:188} INFO - [2023-12-31T11:50:09.804-0300] {dagbag.py:538} INFO - Filling up the DagBag from /home/felipe/.local/lib/python3.10/site-packages/airflow/example_dags/example_sensors.py
[2023-12-31T11:50:09.894-0300] {processor.py:840} INFO - DAG(s) 'example_sensors' retrieved from /home/felipe/.local/lib/python3.10/site-packages/airflow/example_dags/example_sensors.py
[2023-12-31T11:50:10.084-0300] {logging_mixin.py:188} INFO - [2023-12-31T11:50:10.084-0300] {dag.py:3033} INFO - Sync 1 DAGs
[2023-12-31T11:50:10.216-0300] {logging_mixin.py:188} INFO - [2023-12-31T11:50:10.215-0300] {dag.py:3820} INFO - Setting next_dagrun for example_sensors to None, run_after=None
[2023-12-31T11:50:10.536-0300] {processor.py:183} INFO - Processing /home/felipe/.local/lib/python3.10/site-packages/airflow/example_dags/example_sensors.py took 0.771 seconds
[2023-12-31T11:52:41.754-0300] {processor.py:161} INFO - Started process (PID=35788) to work on /home/felipe/.local/lib/python3.10/site-packages/airflow/example_dags/example_sensors.py
[2023-12-31T11:52:41.775-0300] {processor.py:830} INFO - Processing file /home/felipe/.local/lib/python3.10/site-packages/airflow/example_dags/example_sensors.py for tasks to queue
[2023-12-31T11:52:41.795-0300] {logging_mixin.py:188} INFO - [2023-12-31T11:52:41.785-0300] {dagbag.py:538} INFO - Filling up the DagBag from /home/felipe/.local/lib/python3.10/site-packages/airflow/example_dags/example_sensors.py
[2023-12-31T11:52:42.045-0300] {processor.py:840} INFO - DAG(s) 'example_sensors' retrieved from /home/felipe/.local/lib/python3.10/site-packages/airflow/example_dags/example_sensors.py
[2023-12-31T11:52:42.754-0300] {logging_mixin.py:188} INFO - [2023-12-31T11:52:42.745-0300] {dag.py:3033} INFO - Sync 1 DAGs
[2023-12-31T11:52:43.094-0300] {logging_mixin.py:188} INFO - [2023-12-31T11:52:43.085-0300] {dag.py:3820} INFO - Setting next_dagrun for example_sensors to None, run_after=None
[2023-12-31T11:52:43.676-0300] {processor.py:183} INFO - Processing /home/felipe/.local/lib/python3.10/site-packages/airflow/example_dags/example_sensors.py took 1.990 seconds
[2023-12-31T11:55:03.294-0300] {processor.py:161} INFO - Started process (PID=35910) to work on /home/felipe/.local/lib/python3.10/site-packages/airflow/example_dags/example_sensors.py
[2023-12-31T11:55:03.305-0300] {processor.py:830} INFO - Processing file /home/felipe/.local/lib/python3.10/site-packages/airflow/example_dags/example_sensors.py for tasks to queue
[2023-12-31T11:55:03.315-0300] {logging_mixin.py:188} INFO - [2023-12-31T11:55:03.314-0300] {dagbag.py:538} INFO - Filling up the DagBag from /home/felipe/.local/lib/python3.10/site-packages/airflow/example_dags/example_sensors.py
[2023-12-31T11:55:03.454-0300] {processor.py:840} INFO - DAG(s) 'example_sensors' retrieved from /home/felipe/.local/lib/python3.10/site-packages/airflow/example_dags/example_sensors.py
[2023-12-31T11:55:03.645-0300] {logging_mixin.py:188} INFO - [2023-12-31T11:55:03.644-0300] {dag.py:3033} INFO - Sync 1 DAGs
[2023-12-31T11:55:03.744-0300] {logging_mixin.py:188} INFO - [2023-12-31T11:55:03.736-0300] {dag.py:3820} INFO - Setting next_dagrun for example_sensors to None, run_after=None
[2023-12-31T11:55:04.005-0300] {processor.py:183} INFO - Processing /home/felipe/.local/lib/python3.10/site-packages/airflow/example_dags/example_sensors.py took 0.741 seconds
[2023-12-31T11:56:52.924-0300] {processor.py:161} INFO - Started process (PID=36047) to work on /home/felipe/.local/lib/python3.10/site-packages/airflow/example_dags/example_sensors.py
[2023-12-31T11:56:52.934-0300] {processor.py:830} INFO - Processing file /home/felipe/.local/lib/python3.10/site-packages/airflow/example_dags/example_sensors.py for tasks to queue
[2023-12-31T11:56:52.944-0300] {logging_mixin.py:188} INFO - [2023-12-31T11:56:52.936-0300] {dagbag.py:538} INFO - Filling up the DagBag from /home/felipe/.local/lib/python3.10/site-packages/airflow/example_dags/example_sensors.py
[2023-12-31T11:56:53.055-0300] {processor.py:840} INFO - DAG(s) 'example_sensors' retrieved from /home/felipe/.local/lib/python3.10/site-packages/airflow/example_dags/example_sensors.py
[2023-12-31T11:56:53.304-0300] {logging_mixin.py:188} INFO - [2023-12-31T11:56:53.295-0300] {dag.py:3033} INFO - Sync 1 DAGs
[2023-12-31T11:56:53.454-0300] {logging_mixin.py:188} INFO - [2023-12-31T11:56:53.446-0300] {dag.py:3820} INFO - Setting next_dagrun for example_sensors to None, run_after=None
[2023-12-31T11:56:53.726-0300] {processor.py:183} INFO - Processing /home/felipe/.local/lib/python3.10/site-packages/airflow/example_dags/example_sensors.py took 0.831 seconds
[2023-12-31T11:58:38.954-0300] {processor.py:161} INFO - Started process (PID=36150) to work on /home/felipe/.local/lib/python3.10/site-packages/airflow/example_dags/example_sensors.py
[2023-12-31T11:58:38.964-0300] {processor.py:830} INFO - Processing file /home/felipe/.local/lib/python3.10/site-packages/airflow/example_dags/example_sensors.py for tasks to queue
[2023-12-31T11:58:38.966-0300] {logging_mixin.py:188} INFO - [2023-12-31T11:58:38.965-0300] {dagbag.py:538} INFO - Filling up the DagBag from /home/felipe/.local/lib/python3.10/site-packages/airflow/example_dags/example_sensors.py
[2023-12-31T11:58:39.055-0300] {processor.py:840} INFO - DAG(s) 'example_sensors' retrieved from /home/felipe/.local/lib/python3.10/site-packages/airflow/example_dags/example_sensors.py
[2023-12-31T11:58:39.255-0300] {logging_mixin.py:188} INFO - [2023-12-31T11:58:39.255-0300] {dag.py:3033} INFO - Sync 1 DAGs
[2023-12-31T11:58:39.364-0300] {logging_mixin.py:188} INFO - [2023-12-31T11:58:39.364-0300] {dag.py:3820} INFO - Setting next_dagrun for example_sensors to None, run_after=None
[2023-12-31T11:58:39.755-0300] {processor.py:183} INFO - Processing /home/felipe/.local/lib/python3.10/site-packages/airflow/example_dags/example_sensors.py took 0.821 seconds
[2023-12-31T12:00:26.225-0300] {processor.py:161} INFO - Started process (PID=36284) to work on /home/felipe/.local/lib/python3.10/site-packages/airflow/example_dags/example_sensors.py
[2023-12-31T12:00:26.235-0300] {processor.py:830} INFO - Processing file /home/felipe/.local/lib/python3.10/site-packages/airflow/example_dags/example_sensors.py for tasks to queue
[2023-12-31T12:00:26.245-0300] {logging_mixin.py:188} INFO - [2023-12-31T12:00:26.244-0300] {dagbag.py:538} INFO - Filling up the DagBag from /home/felipe/.local/lib/python3.10/site-packages/airflow/example_dags/example_sensors.py
[2023-12-31T12:00:26.355-0300] {processor.py:840} INFO - DAG(s) 'example_sensors' retrieved from /home/felipe/.local/lib/python3.10/site-packages/airflow/example_dags/example_sensors.py
[2023-12-31T12:00:26.594-0300] {logging_mixin.py:188} INFO - [2023-12-31T12:00:26.594-0300] {dag.py:3033} INFO - Sync 1 DAGs
[2023-12-31T12:00:26.714-0300] {logging_mixin.py:188} INFO - [2023-12-31T12:00:26.714-0300] {dag.py:3820} INFO - Setting next_dagrun for example_sensors to None, run_after=None
[2023-12-31T12:00:26.995-0300] {processor.py:183} INFO - Processing /home/felipe/.local/lib/python3.10/site-packages/airflow/example_dags/example_sensors.py took 0.800 seconds
[2023-12-31T12:02:17.854-0300] {processor.py:161} INFO - Started process (PID=36387) to work on /home/felipe/.local/lib/python3.10/site-packages/airflow/example_dags/example_sensors.py
[2023-12-31T12:02:17.864-0300] {processor.py:830} INFO - Processing file /home/felipe/.local/lib/python3.10/site-packages/airflow/example_dags/example_sensors.py for tasks to queue
[2023-12-31T12:02:17.874-0300] {logging_mixin.py:188} INFO - [2023-12-31T12:02:17.865-0300] {dagbag.py:538} INFO - Filling up the DagBag from /home/felipe/.local/lib/python3.10/site-packages/airflow/example_dags/example_sensors.py
[2023-12-31T12:02:17.965-0300] {processor.py:840} INFO - DAG(s) 'example_sensors' retrieved from /home/felipe/.local/lib/python3.10/site-packages/airflow/example_dags/example_sensors.py
[2023-12-31T12:02:18.214-0300] {logging_mixin.py:188} INFO - [2023-12-31T12:02:18.205-0300] {dag.py:3033} INFO - Sync 1 DAGs
[2023-12-31T12:02:18.374-0300] {logging_mixin.py:188} INFO - [2023-12-31T12:02:18.355-0300] {dag.py:3820} INFO - Setting next_dagrun for example_sensors to None, run_after=None
[2023-12-31T12:02:18.755-0300] {processor.py:183} INFO - Processing /home/felipe/.local/lib/python3.10/site-packages/airflow/example_dags/example_sensors.py took 0.930 seconds
[2023-12-31T12:04:35.005-0300] {processor.py:161} INFO - Started process (PID=36514) to work on /home/felipe/.local/lib/python3.10/site-packages/airflow/example_dags/example_sensors.py
[2023-12-31T12:04:35.024-0300] {processor.py:830} INFO - Processing file /home/felipe/.local/lib/python3.10/site-packages/airflow/example_dags/example_sensors.py for tasks to queue
[2023-12-31T12:04:35.044-0300] {logging_mixin.py:188} INFO - [2023-12-31T12:04:35.034-0300] {dagbag.py:538} INFO - Filling up the DagBag from /home/felipe/.local/lib/python3.10/site-packages/airflow/example_dags/example_sensors.py
[2023-12-31T12:04:35.204-0300] {processor.py:840} INFO - DAG(s) 'example_sensors' retrieved from /home/felipe/.local/lib/python3.10/site-packages/airflow/example_dags/example_sensors.py
[2023-12-31T12:04:35.634-0300] {logging_mixin.py:188} INFO - [2023-12-31T12:04:35.625-0300] {dag.py:3033} INFO - Sync 1 DAGs
[2023-12-31T12:04:36.025-0300] {logging_mixin.py:188} INFO - [2023-12-31T12:04:36.015-0300] {dag.py:3820} INFO - Setting next_dagrun for example_sensors to None, run_after=None
[2023-12-31T12:04:36.815-0300] {processor.py:183} INFO - Processing /home/felipe/.local/lib/python3.10/site-packages/airflow/example_dags/example_sensors.py took 1.880 seconds
