[2023-12-31T09:37:42.378-0300] {processor.py:161} INFO - Started process (PID=32119) to work on /home/felipe/.local/lib/python3.10/site-packages/airflow/example_dags/example_branch_labels.py
[2023-12-31T09:37:42.379-0300] {processor.py:830} INFO - Processing file /home/felipe/.local/lib/python3.10/site-packages/airflow/example_dags/example_branch_labels.py for tasks to queue
[2023-12-31T09:37:42.387-0300] {logging_mixin.py:188} INFO - [2023-12-31T09:37:42.381-0300] {dagbag.py:538} INFO - Filling up the DagBag from /home/felipe/.local/lib/python3.10/site-packages/airflow/example_dags/example_branch_labels.py
[2023-12-31T09:37:42.420-0300] {processor.py:840} INFO - DAG(s) 'example_branch_labels' retrieved from /home/felipe/.local/lib/python3.10/site-packages/airflow/example_dags/example_branch_labels.py
[2023-12-31T09:37:42.840-0300] {logging_mixin.py:188} INFO - [2023-12-31T09:37:42.840-0300] {dag.py:3033} INFO - Sync 1 DAGs
[2023-12-31T09:37:42.908-0300] {logging_mixin.py:188} INFO - [2023-12-31T09:37:42.908-0300] {dag.py:3820} INFO - Setting next_dagrun for example_branch_labels to 2023-12-30T00:00:00+00:00, run_after=2023-12-31T00:00:00+00:00
[2023-12-31T09:37:43.000-0300] {processor.py:183} INFO - Processing /home/felipe/.local/lib/python3.10/site-packages/airflow/example_dags/example_branch_labels.py took 0.641 seconds
[2023-12-31T09:54:21.347-0300] {processor.py:161} INFO - Started process (PID=32873) to work on /home/felipe/.local/lib/python3.10/site-packages/airflow/example_dags/example_branch_labels.py
[2023-12-31T09:54:21.357-0300] {processor.py:830} INFO - Processing file /home/felipe/.local/lib/python3.10/site-packages/airflow/example_dags/example_branch_labels.py for tasks to queue
[2023-12-31T09:54:21.359-0300] {logging_mixin.py:188} INFO - [2023-12-31T09:54:21.358-0300] {dagbag.py:538} INFO - Filling up the DagBag from /home/felipe/.local/lib/python3.10/site-packages/airflow/example_dags/example_branch_labels.py
[2023-12-31T09:54:21.417-0300] {processor.py:840} INFO - DAG(s) 'example_branch_labels' retrieved from /home/felipe/.local/lib/python3.10/site-packages/airflow/example_dags/example_branch_labels.py
[2023-12-31T09:54:22.186-0300] {logging_mixin.py:188} INFO - [2023-12-31T09:54:22.180-0300] {dag.py:3033} INFO - Sync 1 DAGs
[2023-12-31T09:54:22.357-0300] {logging_mixin.py:188} INFO - [2023-12-31T09:54:22.350-0300] {dag.py:3820} INFO - Setting next_dagrun for example_branch_labels to 2023-12-30T00:00:00+00:00, run_after=2023-12-31T00:00:00+00:00
[2023-12-31T09:54:22.547-0300] {processor.py:183} INFO - Processing /home/felipe/.local/lib/python3.10/site-packages/airflow/example_dags/example_branch_labels.py took 1.227 seconds
[2023-12-31T09:59:33.729-0300] {processor.py:161} INFO - Started process (PID=33115) to work on /home/felipe/.local/lib/python3.10/site-packages/airflow/example_dags/example_branch_labels.py
[2023-12-31T09:59:33.737-0300] {processor.py:830} INFO - Processing file /home/felipe/.local/lib/python3.10/site-packages/airflow/example_dags/example_branch_labels.py for tasks to queue
[2023-12-31T09:59:33.739-0300] {logging_mixin.py:188} INFO - [2023-12-31T09:59:33.738-0300] {dagbag.py:538} INFO - Filling up the DagBag from /home/felipe/.local/lib/python3.10/site-packages/airflow/example_dags/example_branch_labels.py
[2023-12-31T09:59:33.800-0300] {processor.py:840} INFO - DAG(s) 'example_branch_labels' retrieved from /home/felipe/.local/lib/python3.10/site-packages/airflow/example_dags/example_branch_labels.py
[2023-12-31T09:59:33.896-0300] {logging_mixin.py:188} INFO - [2023-12-31T09:59:33.889-0300] {dag.py:3033} INFO - Sync 1 DAGs
[2023-12-31T09:59:34.027-0300] {logging_mixin.py:188} INFO - [2023-12-31T09:59:34.020-0300] {dag.py:3820} INFO - Setting next_dagrun for example_branch_labels to 2023-12-30T00:00:00+00:00, run_after=2023-12-31T00:00:00+00:00
[2023-12-31T09:59:34.186-0300] {processor.py:183} INFO - Processing /home/felipe/.local/lib/python3.10/site-packages/airflow/example_dags/example_branch_labels.py took 0.478 seconds
[2023-12-31T10:02:09.458-0300] {processor.py:161} INFO - Started process (PID=33324) to work on /home/felipe/.local/lib/python3.10/site-packages/airflow/example_dags/example_branch_labels.py
[2023-12-31T10:02:09.460-0300] {processor.py:830} INFO - Processing file /home/felipe/.local/lib/python3.10/site-packages/airflow/example_dags/example_branch_labels.py for tasks to queue
[2023-12-31T10:02:09.467-0300] {logging_mixin.py:188} INFO - [2023-12-31T10:02:09.467-0300] {dagbag.py:538} INFO - Filling up the DagBag from /home/felipe/.local/lib/python3.10/site-packages/airflow/example_dags/example_branch_labels.py
[2023-12-31T10:02:09.500-0300] {processor.py:840} INFO - DAG(s) 'example_branch_labels' retrieved from /home/felipe/.local/lib/python3.10/site-packages/airflow/example_dags/example_branch_labels.py
[2023-12-31T10:02:09.577-0300] {logging_mixin.py:188} INFO - [2023-12-31T10:02:09.577-0300] {dag.py:3033} INFO - Sync 1 DAGs
[2023-12-31T10:02:09.679-0300] {logging_mixin.py:188} INFO - [2023-12-31T10:02:09.679-0300] {dag.py:3820} INFO - Setting next_dagrun for example_branch_labels to 2023-12-30T00:00:00+00:00, run_after=2023-12-31T00:00:00+00:00
[2023-12-31T10:02:09.807-0300] {processor.py:183} INFO - Processing /home/felipe/.local/lib/python3.10/site-packages/airflow/example_dags/example_branch_labels.py took 0.359 seconds
[2023-12-31T10:04:25.578-0300] {processor.py:161} INFO - Started process (PID=33470) to work on /home/felipe/.local/lib/python3.10/site-packages/airflow/example_dags/example_branch_labels.py
[2023-12-31T10:04:25.587-0300] {processor.py:830} INFO - Processing file /home/felipe/.local/lib/python3.10/site-packages/airflow/example_dags/example_branch_labels.py for tasks to queue
[2023-12-31T10:04:25.588-0300] {logging_mixin.py:188} INFO - [2023-12-31T10:04:25.587-0300] {dagbag.py:538} INFO - Filling up the DagBag from /home/felipe/.local/lib/python3.10/site-packages/airflow/example_dags/example_branch_labels.py
[2023-12-31T10:04:25.638-0300] {processor.py:840} INFO - DAG(s) 'example_branch_labels' retrieved from /home/felipe/.local/lib/python3.10/site-packages/airflow/example_dags/example_branch_labels.py
[2023-12-31T10:04:25.720-0300] {logging_mixin.py:188} INFO - [2023-12-31T10:04:25.719-0300] {dag.py:3033} INFO - Sync 1 DAGs
[2023-12-31T10:04:25.878-0300] {logging_mixin.py:188} INFO - [2023-12-31T10:04:25.878-0300] {dag.py:3820} INFO - Setting next_dagrun for example_branch_labels to 2023-12-30T00:00:00+00:00, run_after=2023-12-31T00:00:00+00:00
[2023-12-31T10:04:26.019-0300] {processor.py:183} INFO - Processing /home/felipe/.local/lib/python3.10/site-packages/airflow/example_dags/example_branch_labels.py took 0.451 seconds
[2023-12-31T10:06:47.379-0300] {processor.py:161} INFO - Started process (PID=33660) to work on /home/felipe/.local/lib/python3.10/site-packages/airflow/example_dags/example_branch_labels.py
[2023-12-31T10:06:47.387-0300] {processor.py:830} INFO - Processing file /home/felipe/.local/lib/python3.10/site-packages/airflow/example_dags/example_branch_labels.py for tasks to queue
[2023-12-31T10:06:47.388-0300] {logging_mixin.py:188} INFO - [2023-12-31T10:06:47.388-0300] {dagbag.py:538} INFO - Filling up the DagBag from /home/felipe/.local/lib/python3.10/site-packages/airflow/example_dags/example_branch_labels.py
[2023-12-31T10:06:47.437-0300] {processor.py:840} INFO - DAG(s) 'example_branch_labels' retrieved from /home/felipe/.local/lib/python3.10/site-packages/airflow/example_dags/example_branch_labels.py
[2023-12-31T10:06:47.520-0300] {logging_mixin.py:188} INFO - [2023-12-31T10:06:47.519-0300] {dag.py:3033} INFO - Sync 1 DAGs
[2023-12-31T10:06:47.639-0300] {logging_mixin.py:188} INFO - [2023-12-31T10:06:47.638-0300] {dag.py:3820} INFO - Setting next_dagrun for example_branch_labels to 2023-12-30T00:00:00+00:00, run_after=2023-12-31T00:00:00+00:00
[2023-12-31T10:06:47.777-0300] {processor.py:183} INFO - Processing /home/felipe/.local/lib/python3.10/site-packages/airflow/example_dags/example_branch_labels.py took 0.409 seconds
[2023-12-31T10:09:18.068-0300] {processor.py:161} INFO - Started process (PID=33837) to work on /home/felipe/.local/lib/python3.10/site-packages/airflow/example_dags/example_branch_labels.py
[2023-12-31T10:09:18.277-0300] {processor.py:830} INFO - Processing file /home/felipe/.local/lib/python3.10/site-packages/airflow/example_dags/example_branch_labels.py for tasks to queue
[2023-12-31T10:09:18.296-0300] {logging_mixin.py:188} INFO - [2023-12-31T10:09:18.279-0300] {dagbag.py:538} INFO - Filling up the DagBag from /home/felipe/.local/lib/python3.10/site-packages/airflow/example_dags/example_branch_labels.py
[2023-12-31T10:09:18.456-0300] {processor.py:840} INFO - DAG(s) 'example_branch_labels' retrieved from /home/felipe/.local/lib/python3.10/site-packages/airflow/example_dags/example_branch_labels.py
[2023-12-31T10:09:18.939-0300] {logging_mixin.py:188} INFO - [2023-12-31T10:09:18.928-0300] {dag.py:3033} INFO - Sync 1 DAGs
[2023-12-31T10:09:19.557-0300] {logging_mixin.py:188} INFO - [2023-12-31T10:09:19.556-0300] {dag.py:3820} INFO - Setting next_dagrun for example_branch_labels to 2023-12-30T00:00:00+00:00, run_after=2023-12-31T00:00:00+00:00
[2023-12-31T11:28:09.716-0300] {processor.py:183} INFO - Processing /home/felipe/.local/lib/python3.10/site-packages/airflow/example_dags/example_branch_labels.py took 4.891 seconds
[2023-12-31T11:31:54.397-0300] {processor.py:161} INFO - Started process (PID=34313) to work on /home/felipe/.local/lib/python3.10/site-packages/airflow/example_dags/example_branch_labels.py
[2023-12-31T11:31:54.405-0300] {processor.py:830} INFO - Processing file /home/felipe/.local/lib/python3.10/site-packages/airflow/example_dags/example_branch_labels.py for tasks to queue
[2023-12-31T11:31:54.414-0300] {logging_mixin.py:188} INFO - [2023-12-31T11:31:54.406-0300] {dagbag.py:538} INFO - Filling up the DagBag from /home/felipe/.local/lib/python3.10/site-packages/airflow/example_dags/example_branch_labels.py
[2023-12-31T11:31:54.456-0300] {processor.py:840} INFO - DAG(s) 'example_branch_labels' retrieved from /home/felipe/.local/lib/python3.10/site-packages/airflow/example_dags/example_branch_labels.py
[2023-12-31T11:31:55.184-0300] {logging_mixin.py:188} INFO - [2023-12-31T11:31:55.184-0300] {dag.py:3033} INFO - Sync 1 DAGs
[2023-12-31T11:31:55.335-0300] {logging_mixin.py:188} INFO - [2023-12-31T11:31:55.335-0300] {dag.py:3820} INFO - Setting next_dagrun for example_branch_labels to 2023-12-30T00:00:00+00:00, run_after=2023-12-31T00:00:00+00:00
[2023-12-31T11:31:55.514-0300] {processor.py:183} INFO - Processing /home/felipe/.local/lib/python3.10/site-packages/airflow/example_dags/example_branch_labels.py took 1.129 seconds
[2023-12-31T11:34:47.995-0300] {processor.py:161} INFO - Started process (PID=34504) to work on /home/felipe/.local/lib/python3.10/site-packages/airflow/example_dags/example_branch_labels.py
[2023-12-31T11:34:48.005-0300] {processor.py:830} INFO - Processing file /home/felipe/.local/lib/python3.10/site-packages/airflow/example_dags/example_branch_labels.py for tasks to queue
[2023-12-31T11:34:48.014-0300] {logging_mixin.py:188} INFO - [2023-12-31T11:34:48.006-0300] {dagbag.py:538} INFO - Filling up the DagBag from /home/felipe/.local/lib/python3.10/site-packages/airflow/example_dags/example_branch_labels.py
[2023-12-31T11:34:48.066-0300] {processor.py:840} INFO - DAG(s) 'example_branch_labels' retrieved from /home/felipe/.local/lib/python3.10/site-packages/airflow/example_dags/example_branch_labels.py
[2023-12-31T11:34:48.176-0300] {logging_mixin.py:188} INFO - [2023-12-31T11:34:48.175-0300] {dag.py:3033} INFO - Sync 1 DAGs
[2023-12-31T11:34:48.314-0300] {logging_mixin.py:188} INFO - [2023-12-31T11:34:48.306-0300] {dag.py:3820} INFO - Setting next_dagrun for example_branch_labels to 2023-12-30T00:00:00+00:00, run_after=2023-12-31T00:00:00+00:00
[2023-12-31T11:34:48.486-0300] {processor.py:183} INFO - Processing /home/felipe/.local/lib/python3.10/site-packages/airflow/example_dags/example_branch_labels.py took 0.510 seconds
[2023-12-31T11:37:33.806-0300] {processor.py:161} INFO - Started process (PID=34709) to work on /home/felipe/.local/lib/python3.10/site-packages/airflow/example_dags/example_branch_labels.py
[2023-12-31T11:37:33.824-0300] {processor.py:830} INFO - Processing file /home/felipe/.local/lib/python3.10/site-packages/airflow/example_dags/example_branch_labels.py for tasks to queue
[2023-12-31T11:37:33.826-0300] {logging_mixin.py:188} INFO - [2023-12-31T11:37:33.825-0300] {dagbag.py:538} INFO - Filling up the DagBag from /home/felipe/.local/lib/python3.10/site-packages/airflow/example_dags/example_branch_labels.py
[2023-12-31T11:37:33.874-0300] {processor.py:840} INFO - DAG(s) 'example_branch_labels' retrieved from /home/felipe/.local/lib/python3.10/site-packages/airflow/example_dags/example_branch_labels.py
[2023-12-31T11:37:33.985-0300] {logging_mixin.py:188} INFO - [2023-12-31T11:37:33.984-0300] {dag.py:3033} INFO - Sync 1 DAGs
[2023-12-31T11:37:34.124-0300] {logging_mixin.py:188} INFO - [2023-12-31T11:37:34.124-0300] {dag.py:3820} INFO - Setting next_dagrun for example_branch_labels to 2023-12-30T00:00:00+00:00, run_after=2023-12-31T00:00:00+00:00
[2023-12-31T11:37:34.294-0300] {processor.py:183} INFO - Processing /home/felipe/.local/lib/python3.10/site-packages/airflow/example_dags/example_branch_labels.py took 0.499 seconds
[2023-12-31T11:40:19.475-0300] {processor.py:161} INFO - Started process (PID=34920) to work on /home/felipe/.local/lib/python3.10/site-packages/airflow/example_dags/example_branch_labels.py
[2023-12-31T11:40:19.484-0300] {processor.py:830} INFO - Processing file /home/felipe/.local/lib/python3.10/site-packages/airflow/example_dags/example_branch_labels.py for tasks to queue
[2023-12-31T11:40:19.494-0300] {logging_mixin.py:188} INFO - [2023-12-31T11:40:19.486-0300] {dagbag.py:538} INFO - Filling up the DagBag from /home/felipe/.local/lib/python3.10/site-packages/airflow/example_dags/example_branch_labels.py
[2023-12-31T11:40:19.564-0300] {processor.py:840} INFO - DAG(s) 'example_branch_labels' retrieved from /home/felipe/.local/lib/python3.10/site-packages/airflow/example_dags/example_branch_labels.py
[2023-12-31T11:40:19.725-0300] {logging_mixin.py:188} INFO - [2023-12-31T11:40:19.725-0300] {dag.py:3033} INFO - Sync 1 DAGs
[2023-12-31T11:40:19.894-0300] {logging_mixin.py:188} INFO - [2023-12-31T11:40:19.894-0300] {dag.py:3820} INFO - Setting next_dagrun for example_branch_labels to 2023-12-30T00:00:00+00:00, run_after=2023-12-31T00:00:00+00:00
[2023-12-31T11:40:20.074-0300] {processor.py:183} INFO - Processing /home/felipe/.local/lib/python3.10/site-packages/airflow/example_dags/example_branch_labels.py took 0.618 seconds
[2023-12-31T11:43:24.855-0300] {processor.py:161} INFO - Started process (PID=35130) to work on /home/felipe/.local/lib/python3.10/site-packages/airflow/example_dags/example_branch_labels.py
[2023-12-31T11:43:24.864-0300] {processor.py:830} INFO - Processing file /home/felipe/.local/lib/python3.10/site-packages/airflow/example_dags/example_branch_labels.py for tasks to queue
[2023-12-31T11:43:24.866-0300] {logging_mixin.py:188} INFO - [2023-12-31T11:43:24.865-0300] {dagbag.py:538} INFO - Filling up the DagBag from /home/felipe/.local/lib/python3.10/site-packages/airflow/example_dags/example_branch_labels.py
[2023-12-31T11:43:24.925-0300] {processor.py:840} INFO - DAG(s) 'example_branch_labels' retrieved from /home/felipe/.local/lib/python3.10/site-packages/airflow/example_dags/example_branch_labels.py
[2023-12-31T11:43:25.075-0300] {logging_mixin.py:188} INFO - [2023-12-31T11:43:25.075-0300] {dag.py:3033} INFO - Sync 1 DAGs
[2023-12-31T11:43:25.254-0300] {logging_mixin.py:188} INFO - [2023-12-31T11:43:25.254-0300] {dag.py:3820} INFO - Setting next_dagrun for example_branch_labels to 2023-12-30T00:00:00+00:00, run_after=2023-12-31T00:00:00+00:00
[2023-12-31T11:43:25.476-0300] {processor.py:183} INFO - Processing /home/felipe/.local/lib/python3.10/site-packages/airflow/example_dags/example_branch_labels.py took 0.651 seconds
[2023-12-31T11:46:44.254-0300] {processor.py:161} INFO - Started process (PID=35382) to work on /home/felipe/.local/lib/python3.10/site-packages/airflow/example_dags/example_branch_labels.py
[2023-12-31T11:46:44.264-0300] {processor.py:830} INFO - Processing file /home/felipe/.local/lib/python3.10/site-packages/airflow/example_dags/example_branch_labels.py for tasks to queue
[2023-12-31T11:46:44.266-0300] {logging_mixin.py:188} INFO - [2023-12-31T11:46:44.265-0300] {dagbag.py:538} INFO - Filling up the DagBag from /home/felipe/.local/lib/python3.10/site-packages/airflow/example_dags/example_branch_labels.py
[2023-12-31T11:46:44.344-0300] {processor.py:840} INFO - DAG(s) 'example_branch_labels' retrieved from /home/felipe/.local/lib/python3.10/site-packages/airflow/example_dags/example_branch_labels.py
[2023-12-31T11:46:44.534-0300] {logging_mixin.py:188} INFO - [2023-12-31T11:46:44.526-0300] {dag.py:3033} INFO - Sync 1 DAGs
[2023-12-31T11:46:44.764-0300] {logging_mixin.py:188} INFO - [2023-12-31T11:46:44.764-0300] {dag.py:3820} INFO - Setting next_dagrun for example_branch_labels to 2023-12-30T00:00:00+00:00, run_after=2023-12-31T00:00:00+00:00
[2023-12-31T11:46:45.025-0300] {processor.py:183} INFO - Processing /home/felipe/.local/lib/python3.10/site-packages/airflow/example_dags/example_branch_labels.py took 0.791 seconds
[2023-12-31T11:50:48.954-0300] {processor.py:161} INFO - Started process (PID=35691) to work on /home/felipe/.local/lib/python3.10/site-packages/airflow/example_dags/example_branch_labels.py
[2023-12-31T11:50:48.964-0300] {processor.py:830} INFO - Processing file /home/felipe/.local/lib/python3.10/site-packages/airflow/example_dags/example_branch_labels.py for tasks to queue
[2023-12-31T11:50:48.966-0300] {logging_mixin.py:188} INFO - [2023-12-31T11:50:48.965-0300] {dagbag.py:538} INFO - Filling up the DagBag from /home/felipe/.local/lib/python3.10/site-packages/airflow/example_dags/example_branch_labels.py
[2023-12-31T11:50:49.084-0300] {processor.py:840} INFO - DAG(s) 'example_branch_labels' retrieved from /home/felipe/.local/lib/python3.10/site-packages/airflow/example_dags/example_branch_labels.py
[2023-12-31T11:50:49.224-0300] {logging_mixin.py:188} INFO - [2023-12-31T11:50:49.216-0300] {dag.py:3033} INFO - Sync 1 DAGs
[2023-12-31T11:50:49.435-0300] {logging_mixin.py:188} INFO - [2023-12-31T11:50:49.434-0300] {dag.py:3820} INFO - Setting next_dagrun for example_branch_labels to 2023-12-30T00:00:00+00:00, run_after=2023-12-31T00:00:00+00:00
[2023-12-31T11:50:49.735-0300] {processor.py:183} INFO - Processing /home/felipe/.local/lib/python3.10/site-packages/airflow/example_dags/example_branch_labels.py took 0.810 seconds
[2023-12-31T11:55:34.514-0300] {processor.py:161} INFO - Started process (PID=35967) to work on /home/felipe/.local/lib/python3.10/site-packages/airflow/example_dags/example_branch_labels.py
[2023-12-31T11:55:34.524-0300] {processor.py:830} INFO - Processing file /home/felipe/.local/lib/python3.10/site-packages/airflow/example_dags/example_branch_labels.py for tasks to queue
[2023-12-31T11:55:34.534-0300] {logging_mixin.py:188} INFO - [2023-12-31T11:55:34.525-0300] {dagbag.py:538} INFO - Filling up the DagBag from /home/felipe/.local/lib/python3.10/site-packages/airflow/example_dags/example_branch_labels.py
[2023-12-31T11:55:34.634-0300] {processor.py:840} INFO - DAG(s) 'example_branch_labels' retrieved from /home/felipe/.local/lib/python3.10/site-packages/airflow/example_dags/example_branch_labels.py
[2023-12-31T11:55:34.795-0300] {logging_mixin.py:188} INFO - [2023-12-31T11:55:34.795-0300] {dag.py:3033} INFO - Sync 1 DAGs
[2023-12-31T11:55:34.985-0300] {logging_mixin.py:188} INFO - [2023-12-31T11:55:34.985-0300] {dag.py:3820} INFO - Setting next_dagrun for example_branch_labels to 2023-12-30T00:00:00+00:00, run_after=2023-12-31T00:00:00+00:00
[2023-12-31T11:55:35.255-0300] {processor.py:183} INFO - Processing /home/felipe/.local/lib/python3.10/site-packages/airflow/example_dags/example_branch_labels.py took 0.780 seconds
[2023-12-31T11:59:03.725-0300] {processor.py:161} INFO - Started process (PID=36175) to work on /home/felipe/.local/lib/python3.10/site-packages/airflow/example_dags/example_branch_labels.py
[2023-12-31T11:59:03.735-0300] {processor.py:830} INFO - Processing file /home/felipe/.local/lib/python3.10/site-packages/airflow/example_dags/example_branch_labels.py for tasks to queue
[2023-12-31T11:59:03.745-0300] {logging_mixin.py:188} INFO - [2023-12-31T11:59:03.744-0300] {dagbag.py:538} INFO - Filling up the DagBag from /home/felipe/.local/lib/python3.10/site-packages/airflow/example_dags/example_branch_labels.py
[2023-12-31T11:59:03.825-0300] {processor.py:840} INFO - DAG(s) 'example_branch_labels' retrieved from /home/felipe/.local/lib/python3.10/site-packages/airflow/example_dags/example_branch_labels.py
[2023-12-31T11:59:03.975-0300] {logging_mixin.py:188} INFO - [2023-12-31T11:59:03.974-0300] {dag.py:3033} INFO - Sync 1 DAGs
[2023-12-31T11:59:04.175-0300] {logging_mixin.py:188} INFO - [2023-12-31T11:59:04.174-0300] {dag.py:3820} INFO - Setting next_dagrun for example_branch_labels to 2023-12-30T00:00:00+00:00, run_after=2023-12-31T00:00:00+00:00
[2023-12-31T11:59:04.444-0300] {processor.py:183} INFO - Processing /home/felipe/.local/lib/python3.10/site-packages/airflow/example_dags/example_branch_labels.py took 0.739 seconds
[2023-12-31T12:02:45.684-0300] {processor.py:161} INFO - Started process (PID=36412) to work on /home/felipe/.local/lib/python3.10/site-packages/airflow/example_dags/example_branch_labels.py
[2023-12-31T12:02:45.695-0300] {processor.py:830} INFO - Processing file /home/felipe/.local/lib/python3.10/site-packages/airflow/example_dags/example_branch_labels.py for tasks to queue
[2023-12-31T12:02:45.705-0300] {logging_mixin.py:188} INFO - [2023-12-31T12:02:45.704-0300] {dagbag.py:538} INFO - Filling up the DagBag from /home/felipe/.local/lib/python3.10/site-packages/airflow/example_dags/example_branch_labels.py
[2023-12-31T12:02:45.815-0300] {processor.py:840} INFO - DAG(s) 'example_branch_labels' retrieved from /home/felipe/.local/lib/python3.10/site-packages/airflow/example_dags/example_branch_labels.py
[2023-12-31T12:02:46.055-0300] {logging_mixin.py:188} INFO - [2023-12-31T12:02:46.054-0300] {dag.py:3033} INFO - Sync 1 DAGs
[2023-12-31T12:02:46.384-0300] {logging_mixin.py:188} INFO - [2023-12-31T12:02:46.375-0300] {dag.py:3820} INFO - Setting next_dagrun for example_branch_labels to 2023-12-30T00:00:00+00:00, run_after=2023-12-31T00:00:00+00:00
[2023-12-31T12:02:46.735-0300] {processor.py:183} INFO - Processing /home/felipe/.local/lib/python3.10/site-packages/airflow/example_dags/example_branch_labels.py took 1.080 seconds
