[2023-12-31T09:38:04.761-0300] {processor.py:161} INFO - Started process (PID=32143) to work on /home/felipe/.local/lib/python3.10/site-packages/airflow/example_dags/example_branch_datetime_operator.py
[2023-12-31T09:38:04.768-0300] {processor.py:830} INFO - Processing file /home/felipe/.local/lib/python3.10/site-packages/airflow/example_dags/example_branch_datetime_operator.py for tasks to queue
[2023-12-31T09:38:04.770-0300] {logging_mixin.py:188} INFO - [2023-12-31T09:38:04.769-0300] {dagbag.py:538} INFO - Filling up the DagBag from /home/felipe/.local/lib/python3.10/site-packages/airflow/example_dags/example_branch_datetime_operator.py
[2023-12-31T09:38:04.819-0300] {processor.py:840} INFO - DAG(s) 'example_branch_datetime_operator_3', 'example_branch_datetime_operator', 'example_branch_datetime_operator_2' retrieved from /home/felipe/.local/lib/python3.10/site-packages/airflow/example_dags/example_branch_datetime_operator.py
[2023-12-31T09:38:05.387-0300] {logging_mixin.py:188} INFO - [2023-12-31T09:38:05.381-0300] {dag.py:3033} INFO - Sync 3 DAGs
[2023-12-31T09:38:05.458-0300] {logging_mixin.py:188} INFO - [2023-12-31T09:38:05.458-0300] {dag.py:3820} INFO - Setting next_dagrun for example_branch_datetime_operator to 2023-12-30T00:00:00+00:00, run_after=2023-12-31T00:00:00+00:00
[2023-12-31T09:38:05.478-0300] {logging_mixin.py:188} INFO - [2023-12-31T09:38:05.477-0300] {dag.py:3820} INFO - Setting next_dagrun for example_branch_datetime_operator_2 to 2023-12-30T00:00:00+00:00, run_after=2023-12-31T00:00:00+00:00
[2023-12-31T09:38:05.497-0300] {logging_mixin.py:188} INFO - [2023-12-31T09:38:05.491-0300] {dag.py:3820} INFO - Setting next_dagrun for example_branch_datetime_operator_3 to 2023-12-30T00:00:00+00:00, run_after=2023-12-31T00:00:00+00:00
[2023-12-31T09:38:05.600-0300] {processor.py:183} INFO - Processing /home/felipe/.local/lib/python3.10/site-packages/airflow/example_dags/example_branch_datetime_operator.py took 0.850 seconds
[2023-12-31T09:54:50.107-0300] {processor.py:161} INFO - Started process (PID=32897) to work on /home/felipe/.local/lib/python3.10/site-packages/airflow/example_dags/example_branch_datetime_operator.py
[2023-12-31T09:54:50.110-0300] {processor.py:830} INFO - Processing file /home/felipe/.local/lib/python3.10/site-packages/airflow/example_dags/example_branch_datetime_operator.py for tasks to queue
[2023-12-31T09:54:50.118-0300] {logging_mixin.py:188} INFO - [2023-12-31T09:54:50.117-0300] {dagbag.py:538} INFO - Filling up the DagBag from /home/felipe/.local/lib/python3.10/site-packages/airflow/example_dags/example_branch_datetime_operator.py
[2023-12-31T09:54:50.178-0300] {processor.py:840} INFO - DAG(s) 'example_branch_datetime_operator', 'example_branch_datetime_operator_2', 'example_branch_datetime_operator_3' retrieved from /home/felipe/.local/lib/python3.10/site-packages/airflow/example_dags/example_branch_datetime_operator.py
[2023-12-31T09:54:50.848-0300] {logging_mixin.py:188} INFO - [2023-12-31T09:54:50.848-0300] {dag.py:3033} INFO - Sync 3 DAGs
[2023-12-31T09:54:50.967-0300] {logging_mixin.py:188} INFO - [2023-12-31T09:54:50.967-0300] {dag.py:3820} INFO - Setting next_dagrun for example_branch_datetime_operator to 2023-12-30T00:00:00+00:00, run_after=2023-12-31T00:00:00+00:00
[2023-12-31T09:54:50.988-0300] {logging_mixin.py:188} INFO - [2023-12-31T09:54:50.987-0300] {dag.py:3820} INFO - Setting next_dagrun for example_branch_datetime_operator_2 to 2023-12-30T00:00:00+00:00, run_after=2023-12-31T00:00:00+00:00
[2023-12-31T09:54:50.999-0300] {logging_mixin.py:188} INFO - [2023-12-31T09:54:50.998-0300] {dag.py:3820} INFO - Setting next_dagrun for example_branch_datetime_operator_3 to 2023-12-30T00:00:00+00:00, run_after=2023-12-31T00:00:00+00:00
[2023-12-31T09:54:51.139-0300] {processor.py:183} INFO - Processing /home/felipe/.local/lib/python3.10/site-packages/airflow/example_dags/example_branch_datetime_operator.py took 1.043 seconds
[2023-12-31T10:00:59.208-0300] {processor.py:161} INFO - Started process (PID=33217) to work on /home/felipe/.local/lib/python3.10/site-packages/airflow/example_dags/example_branch_datetime_operator.py
[2023-12-31T10:00:59.217-0300] {processor.py:830} INFO - Processing file /home/felipe/.local/lib/python3.10/site-packages/airflow/example_dags/example_branch_datetime_operator.py for tasks to queue
[2023-12-31T10:00:59.218-0300] {logging_mixin.py:188} INFO - [2023-12-31T10:00:59.217-0300] {dagbag.py:538} INFO - Filling up the DagBag from /home/felipe/.local/lib/python3.10/site-packages/airflow/example_dags/example_branch_datetime_operator.py
[2023-12-31T10:00:59.269-0300] {processor.py:840} INFO - DAG(s) 'example_branch_datetime_operator', 'example_branch_datetime_operator_2', 'example_branch_datetime_operator_3' retrieved from /home/felipe/.local/lib/python3.10/site-packages/airflow/example_dags/example_branch_datetime_operator.py
[2023-12-31T10:00:59.387-0300] {logging_mixin.py:188} INFO - [2023-12-31T10:00:59.386-0300] {dag.py:3033} INFO - Sync 3 DAGs
[2023-12-31T10:00:59.499-0300] {logging_mixin.py:188} INFO - [2023-12-31T10:00:59.499-0300] {dag.py:3820} INFO - Setting next_dagrun for example_branch_datetime_operator to 2023-12-30T00:00:00+00:00, run_after=2023-12-31T00:00:00+00:00
[2023-12-31T10:00:59.528-0300] {logging_mixin.py:188} INFO - [2023-12-31T10:00:59.527-0300] {dag.py:3820} INFO - Setting next_dagrun for example_branch_datetime_operator_2 to 2023-12-30T00:00:00+00:00, run_after=2023-12-31T00:00:00+00:00
[2023-12-31T10:00:59.539-0300] {logging_mixin.py:188} INFO - [2023-12-31T10:00:59.538-0300] {dag.py:3820} INFO - Setting next_dagrun for example_branch_datetime_operator_3 to 2023-12-30T00:00:00+00:00, run_after=2023-12-31T00:00:00+00:00
[2023-12-31T10:00:59.647-0300] {processor.py:183} INFO - Processing /home/felipe/.local/lib/python3.10/site-packages/airflow/example_dags/example_branch_datetime_operator.py took 0.451 seconds
[2023-12-31T10:03:13.427-0300] {processor.py:161} INFO - Started process (PID=33381) to work on /home/felipe/.local/lib/python3.10/site-packages/airflow/example_dags/example_branch_datetime_operator.py
[2023-12-31T10:03:13.429-0300] {processor.py:830} INFO - Processing file /home/felipe/.local/lib/python3.10/site-packages/airflow/example_dags/example_branch_datetime_operator.py for tasks to queue
[2023-12-31T10:03:13.437-0300] {logging_mixin.py:188} INFO - [2023-12-31T10:03:13.436-0300] {dagbag.py:538} INFO - Filling up the DagBag from /home/felipe/.local/lib/python3.10/site-packages/airflow/example_dags/example_branch_datetime_operator.py
[2023-12-31T10:03:13.479-0300] {processor.py:840} INFO - DAG(s) 'example_branch_datetime_operator_3', 'example_branch_datetime_operator_2', 'example_branch_datetime_operator' retrieved from /home/felipe/.local/lib/python3.10/site-packages/airflow/example_dags/example_branch_datetime_operator.py
[2023-12-31T10:03:13.597-0300] {logging_mixin.py:188} INFO - [2023-12-31T10:03:13.597-0300] {dag.py:3033} INFO - Sync 3 DAGs
[2023-12-31T10:03:13.707-0300] {logging_mixin.py:188} INFO - [2023-12-31T10:03:13.706-0300] {dag.py:3820} INFO - Setting next_dagrun for example_branch_datetime_operator to 2023-12-30T00:00:00+00:00, run_after=2023-12-31T00:00:00+00:00
[2023-12-31T10:03:13.729-0300] {logging_mixin.py:188} INFO - [2023-12-31T10:03:13.729-0300] {dag.py:3820} INFO - Setting next_dagrun for example_branch_datetime_operator_2 to 2023-12-30T00:00:00+00:00, run_after=2023-12-31T00:00:00+00:00
[2023-12-31T10:03:13.747-0300] {logging_mixin.py:188} INFO - [2023-12-31T10:03:13.746-0300] {dag.py:3820} INFO - Setting next_dagrun for example_branch_datetime_operator_3 to 2023-12-30T00:00:00+00:00, run_after=2023-12-31T00:00:00+00:00
[2023-12-31T10:03:13.876-0300] {processor.py:183} INFO - Processing /home/felipe/.local/lib/python3.10/site-packages/airflow/example_dags/example_branch_datetime_operator.py took 0.460 seconds
[2023-12-31T10:05:34.107-0300] {processor.py:161} INFO - Started process (PID=33549) to work on /home/felipe/.local/lib/python3.10/site-packages/airflow/example_dags/example_branch_datetime_operator.py
[2023-12-31T10:05:34.109-0300] {processor.py:830} INFO - Processing file /home/felipe/.local/lib/python3.10/site-packages/airflow/example_dags/example_branch_datetime_operator.py for tasks to queue
[2023-12-31T10:05:34.118-0300] {logging_mixin.py:188} INFO - [2023-12-31T10:05:34.117-0300] {dagbag.py:538} INFO - Filling up the DagBag from /home/felipe/.local/lib/python3.10/site-packages/airflow/example_dags/example_branch_datetime_operator.py
[2023-12-31T10:05:34.188-0300] {processor.py:840} INFO - DAG(s) 'example_branch_datetime_operator_2', 'example_branch_datetime_operator', 'example_branch_datetime_operator_3' retrieved from /home/felipe/.local/lib/python3.10/site-packages/airflow/example_dags/example_branch_datetime_operator.py
[2023-12-31T10:05:34.309-0300] {logging_mixin.py:188} INFO - [2023-12-31T10:05:34.308-0300] {dag.py:3033} INFO - Sync 3 DAGs
[2023-12-31T10:05:34.419-0300] {logging_mixin.py:188} INFO - [2023-12-31T10:05:34.419-0300] {dag.py:3820} INFO - Setting next_dagrun for example_branch_datetime_operator to 2023-12-30T00:00:00+00:00, run_after=2023-12-31T00:00:00+00:00
[2023-12-31T10:05:34.448-0300] {logging_mixin.py:188} INFO - [2023-12-31T10:05:34.448-0300] {dag.py:3820} INFO - Setting next_dagrun for example_branch_datetime_operator_2 to 2023-12-30T00:00:00+00:00, run_after=2023-12-31T00:00:00+00:00
[2023-12-31T10:05:34.460-0300] {logging_mixin.py:188} INFO - [2023-12-31T10:05:34.459-0300] {dag.py:3820} INFO - Setting next_dagrun for example_branch_datetime_operator_3 to 2023-12-30T00:00:00+00:00, run_after=2023-12-31T00:00:00+00:00
[2023-12-31T10:05:34.608-0300] {processor.py:183} INFO - Processing /home/felipe/.local/lib/python3.10/site-packages/airflow/example_dags/example_branch_datetime_operator.py took 0.520 seconds
[2023-12-31T10:07:57.639-0300] {processor.py:161} INFO - Started process (PID=33742) to work on /home/felipe/.local/lib/python3.10/site-packages/airflow/example_dags/example_branch_datetime_operator.py
[2023-12-31T10:07:57.648-0300] {processor.py:830} INFO - Processing file /home/felipe/.local/lib/python3.10/site-packages/airflow/example_dags/example_branch_datetime_operator.py for tasks to queue
[2023-12-31T10:07:57.649-0300] {logging_mixin.py:188} INFO - [2023-12-31T10:07:57.649-0300] {dagbag.py:538} INFO - Filling up the DagBag from /home/felipe/.local/lib/python3.10/site-packages/airflow/example_dags/example_branch_datetime_operator.py
[2023-12-31T10:07:57.748-0300] {processor.py:840} INFO - DAG(s) 'example_branch_datetime_operator_3', 'example_branch_datetime_operator', 'example_branch_datetime_operator_2' retrieved from /home/felipe/.local/lib/python3.10/site-packages/airflow/example_dags/example_branch_datetime_operator.py
[2023-12-31T10:07:57.899-0300] {logging_mixin.py:188} INFO - [2023-12-31T10:07:57.898-0300] {dag.py:3033} INFO - Sync 3 DAGs
[2023-12-31T10:07:58.049-0300] {logging_mixin.py:188} INFO - [2023-12-31T10:07:58.049-0300] {dag.py:3820} INFO - Setting next_dagrun for example_branch_datetime_operator to 2023-12-30T00:00:00+00:00, run_after=2023-12-31T00:00:00+00:00
[2023-12-31T10:07:58.078-0300] {logging_mixin.py:188} INFO - [2023-12-31T10:07:58.078-0300] {dag.py:3820} INFO - Setting next_dagrun for example_branch_datetime_operator_2 to 2023-12-30T00:00:00+00:00, run_after=2023-12-31T00:00:00+00:00
[2023-12-31T10:07:58.090-0300] {logging_mixin.py:188} INFO - [2023-12-31T10:07:58.089-0300] {dag.py:3820} INFO - Setting next_dagrun for example_branch_datetime_operator_3 to 2023-12-30T00:00:00+00:00, run_after=2023-12-31T00:00:00+00:00
[2023-12-31T10:07:58.236-0300] {processor.py:183} INFO - Processing /home/felipe/.local/lib/python3.10/site-packages/airflow/example_dags/example_branch_datetime_operator.py took 0.609 seconds
[2023-12-31T11:30:19.864-0300] {processor.py:161} INFO - Started process (PID=34143) to work on /home/felipe/.local/lib/python3.10/site-packages/airflow/example_dags/example_branch_datetime_operator.py
[2023-12-31T11:30:19.874-0300] {processor.py:830} INFO - Processing file /home/felipe/.local/lib/python3.10/site-packages/airflow/example_dags/example_branch_datetime_operator.py for tasks to queue
[2023-12-31T11:30:19.876-0300] {logging_mixin.py:188} INFO - [2023-12-31T11:30:19.875-0300] {dagbag.py:538} INFO - Filling up the DagBag from /home/felipe/.local/lib/python3.10/site-packages/airflow/example_dags/example_branch_datetime_operator.py
[2023-12-31T11:30:19.967-0300] {processor.py:840} INFO - DAG(s) 'example_branch_datetime_operator_2', 'example_branch_datetime_operator_3', 'example_branch_datetime_operator' retrieved from /home/felipe/.local/lib/python3.10/site-packages/airflow/example_dags/example_branch_datetime_operator.py
[2023-12-31T11:30:20.175-0300] {logging_mixin.py:188} INFO - [2023-12-31T11:30:20.175-0300] {dag.py:3033} INFO - Sync 3 DAGs
[2023-12-31T11:30:20.376-0300] {logging_mixin.py:188} INFO - [2023-12-31T11:30:20.376-0300] {dag.py:3820} INFO - Setting next_dagrun for example_branch_datetime_operator to 2023-12-30T00:00:00+00:00, run_after=2023-12-31T00:00:00+00:00
[2023-12-31T11:30:20.435-0300] {logging_mixin.py:188} INFO - [2023-12-31T11:30:20.435-0300] {dag.py:3820} INFO - Setting next_dagrun for example_branch_datetime_operator_2 to 2023-12-30T00:00:00+00:00, run_after=2023-12-31T00:00:00+00:00
[2023-12-31T11:30:20.455-0300] {logging_mixin.py:188} INFO - [2023-12-31T11:30:20.455-0300] {dag.py:3820} INFO - Setting next_dagrun for example_branch_datetime_operator_3 to 2023-12-30T00:00:00+00:00, run_after=2023-12-31T00:00:00+00:00
[2023-12-31T11:30:20.625-0300] {processor.py:183} INFO - Processing /home/felipe/.local/lib/python3.10/site-packages/airflow/example_dags/example_branch_datetime_operator.py took 0.780 seconds
[2023-12-31T11:33:18.225-0300] {processor.py:161} INFO - Started process (PID=34402) to work on /home/felipe/.local/lib/python3.10/site-packages/airflow/example_dags/example_branch_datetime_operator.py
[2023-12-31T11:33:18.254-0300] {processor.py:830} INFO - Processing file /home/felipe/.local/lib/python3.10/site-packages/airflow/example_dags/example_branch_datetime_operator.py for tasks to queue
[2023-12-31T11:33:18.256-0300] {logging_mixin.py:188} INFO - [2023-12-31T11:33:18.255-0300] {dagbag.py:538} INFO - Filling up the DagBag from /home/felipe/.local/lib/python3.10/site-packages/airflow/example_dags/example_branch_datetime_operator.py
[2023-12-31T11:33:18.334-0300] {processor.py:840} INFO - DAG(s) 'example_branch_datetime_operator', 'example_branch_datetime_operator_2', 'example_branch_datetime_operator_3' retrieved from /home/felipe/.local/lib/python3.10/site-packages/airflow/example_dags/example_branch_datetime_operator.py
[2023-12-31T11:33:18.516-0300] {logging_mixin.py:188} INFO - [2023-12-31T11:33:18.515-0300] {dag.py:3033} INFO - Sync 3 DAGs
[2023-12-31T11:33:18.765-0300] {logging_mixin.py:188} INFO - [2023-12-31T11:33:18.764-0300] {dag.py:3820} INFO - Setting next_dagrun for example_branch_datetime_operator to 2023-12-30T00:00:00+00:00, run_after=2023-12-31T00:00:00+00:00
[2023-12-31T11:33:18.835-0300] {logging_mixin.py:188} INFO - [2023-12-31T11:33:18.835-0300] {dag.py:3820} INFO - Setting next_dagrun for example_branch_datetime_operator_2 to 2023-12-30T00:00:00+00:00, run_after=2023-12-31T00:00:00+00:00
[2023-12-31T11:33:18.884-0300] {logging_mixin.py:188} INFO - [2023-12-31T11:33:18.876-0300] {dag.py:3820} INFO - Setting next_dagrun for example_branch_datetime_operator_3 to 2023-12-30T00:00:00+00:00, run_after=2023-12-31T00:00:00+00:00
[2023-12-31T11:33:19.195-0300] {processor.py:183} INFO - Processing /home/felipe/.local/lib/python3.10/site-packages/airflow/example_dags/example_branch_datetime_operator.py took 0.988 seconds
[2023-12-31T11:36:10.245-0300] {processor.py:161} INFO - Started process (PID=34619) to work on /home/felipe/.local/lib/python3.10/site-packages/airflow/example_dags/example_branch_datetime_operator.py
[2023-12-31T11:36:10.254-0300] {processor.py:830} INFO - Processing file /home/felipe/.local/lib/python3.10/site-packages/airflow/example_dags/example_branch_datetime_operator.py for tasks to queue
[2023-12-31T11:36:10.255-0300] {logging_mixin.py:188} INFO - [2023-12-31T11:36:10.255-0300] {dagbag.py:538} INFO - Filling up the DagBag from /home/felipe/.local/lib/python3.10/site-packages/airflow/example_dags/example_branch_datetime_operator.py
[2023-12-31T11:36:10.315-0300] {processor.py:840} INFO - DAG(s) 'example_branch_datetime_operator_3', 'example_branch_datetime_operator', 'example_branch_datetime_operator_2' retrieved from /home/felipe/.local/lib/python3.10/site-packages/airflow/example_dags/example_branch_datetime_operator.py
[2023-12-31T11:36:10.455-0300] {logging_mixin.py:188} INFO - [2023-12-31T11:36:10.454-0300] {dag.py:3033} INFO - Sync 3 DAGs
[2023-12-31T11:36:10.636-0300] {logging_mixin.py:188} INFO - [2023-12-31T11:36:10.636-0300] {dag.py:3820} INFO - Setting next_dagrun for example_branch_datetime_operator to 2023-12-30T00:00:00+00:00, run_after=2023-12-31T00:00:00+00:00
[2023-12-31T11:36:10.675-0300] {logging_mixin.py:188} INFO - [2023-12-31T11:36:10.674-0300] {dag.py:3820} INFO - Setting next_dagrun for example_branch_datetime_operator_2 to 2023-12-30T00:00:00+00:00, run_after=2023-12-31T00:00:00+00:00
[2023-12-31T11:36:10.695-0300] {logging_mixin.py:188} INFO - [2023-12-31T11:36:10.694-0300] {dag.py:3820} INFO - Setting next_dagrun for example_branch_datetime_operator_3 to 2023-12-30T00:00:00+00:00, run_after=2023-12-31T00:00:00+00:00
[2023-12-31T11:36:10.876-0300] {processor.py:183} INFO - Processing /home/felipe/.local/lib/python3.10/site-packages/airflow/example_dags/example_branch_datetime_operator.py took 0.642 seconds
[2023-12-31T11:38:54.114-0300] {processor.py:161} INFO - Started process (PID=34803) to work on /home/felipe/.local/lib/python3.10/site-packages/airflow/example_dags/example_branch_datetime_operator.py
[2023-12-31T11:38:54.116-0300] {processor.py:830} INFO - Processing file /home/felipe/.local/lib/python3.10/site-packages/airflow/example_dags/example_branch_datetime_operator.py for tasks to queue
[2023-12-31T11:38:54.124-0300] {logging_mixin.py:188} INFO - [2023-12-31T11:38:54.124-0300] {dagbag.py:538} INFO - Filling up the DagBag from /home/felipe/.local/lib/python3.10/site-packages/airflow/example_dags/example_branch_datetime_operator.py
[2023-12-31T11:38:54.184-0300] {processor.py:840} INFO - DAG(s) 'example_branch_datetime_operator', 'example_branch_datetime_operator_2', 'example_branch_datetime_operator_3' retrieved from /home/felipe/.local/lib/python3.10/site-packages/airflow/example_dags/example_branch_datetime_operator.py
[2023-12-31T11:38:54.326-0300] {logging_mixin.py:188} INFO - [2023-12-31T11:38:54.326-0300] {dag.py:3033} INFO - Sync 3 DAGs
[2023-12-31T11:38:54.465-0300] {logging_mixin.py:188} INFO - [2023-12-31T11:38:54.465-0300] {dag.py:3820} INFO - Setting next_dagrun for example_branch_datetime_operator to 2023-12-30T00:00:00+00:00, run_after=2023-12-31T00:00:00+00:00
[2023-12-31T11:38:54.496-0300] {logging_mixin.py:188} INFO - [2023-12-31T11:38:54.496-0300] {dag.py:3820} INFO - Setting next_dagrun for example_branch_datetime_operator_2 to 2023-12-30T00:00:00+00:00, run_after=2023-12-31T00:00:00+00:00
[2023-12-31T11:38:54.516-0300] {logging_mixin.py:188} INFO - [2023-12-31T11:38:54.515-0300] {dag.py:3820} INFO - Setting next_dagrun for example_branch_datetime_operator_3 to 2023-12-30T00:00:00+00:00, run_after=2023-12-31T00:00:00+00:00
[2023-12-31T11:38:54.665-0300] {processor.py:183} INFO - Processing /home/felipe/.local/lib/python3.10/site-packages/airflow/example_dags/example_branch_datetime_operator.py took 0.571 seconds
[2023-12-31T11:41:46.484-0300] {processor.py:161} INFO - Started process (PID=35017) to work on /home/felipe/.local/lib/python3.10/site-packages/airflow/example_dags/example_branch_datetime_operator.py
[2023-12-31T11:41:46.494-0300] {processor.py:830} INFO - Processing file /home/felipe/.local/lib/python3.10/site-packages/airflow/example_dags/example_branch_datetime_operator.py for tasks to queue
[2023-12-31T11:41:46.496-0300] {logging_mixin.py:188} INFO - [2023-12-31T11:41:46.495-0300] {dagbag.py:538} INFO - Filling up the DagBag from /home/felipe/.local/lib/python3.10/site-packages/airflow/example_dags/example_branch_datetime_operator.py
[2023-12-31T11:41:46.574-0300] {processor.py:840} INFO - DAG(s) 'example_branch_datetime_operator_3', 'example_branch_datetime_operator_2', 'example_branch_datetime_operator' retrieved from /home/felipe/.local/lib/python3.10/site-packages/airflow/example_dags/example_branch_datetime_operator.py
[2023-12-31T11:41:46.744-0300] {logging_mixin.py:188} INFO - [2023-12-31T11:41:46.744-0300] {dag.py:3033} INFO - Sync 3 DAGs
[2023-12-31T11:41:46.965-0300] {logging_mixin.py:188} INFO - [2023-12-31T11:41:46.965-0300] {dag.py:3820} INFO - Setting next_dagrun for example_branch_datetime_operator to 2023-12-30T00:00:00+00:00, run_after=2023-12-31T00:00:00+00:00
[2023-12-31T11:41:47.015-0300] {logging_mixin.py:188} INFO - [2023-12-31T11:41:47.014-0300] {dag.py:3820} INFO - Setting next_dagrun for example_branch_datetime_operator_2 to 2023-12-30T00:00:00+00:00, run_after=2023-12-31T00:00:00+00:00
[2023-12-31T11:41:47.045-0300] {logging_mixin.py:188} INFO - [2023-12-31T11:41:47.044-0300] {dag.py:3820} INFO - Setting next_dagrun for example_branch_datetime_operator_3 to 2023-12-30T00:00:00+00:00, run_after=2023-12-31T00:00:00+00:00
[2023-12-31T11:41:47.306-0300] {processor.py:183} INFO - Processing /home/felipe/.local/lib/python3.10/site-packages/airflow/example_dags/example_branch_datetime_operator.py took 0.841 seconds
[2023-12-31T11:45:04.745-0300] {processor.py:161} INFO - Started process (PID=35239) to work on /home/felipe/.local/lib/python3.10/site-packages/airflow/example_dags/example_branch_datetime_operator.py
[2023-12-31T11:45:04.754-0300] {processor.py:830} INFO - Processing file /home/felipe/.local/lib/python3.10/site-packages/airflow/example_dags/example_branch_datetime_operator.py for tasks to queue
[2023-12-31T11:45:04.756-0300] {logging_mixin.py:188} INFO - [2023-12-31T11:45:04.755-0300] {dagbag.py:538} INFO - Filling up the DagBag from /home/felipe/.local/lib/python3.10/site-packages/airflow/example_dags/example_branch_datetime_operator.py
[2023-12-31T11:45:04.836-0300] {processor.py:840} INFO - DAG(s) 'example_branch_datetime_operator_2', 'example_branch_datetime_operator', 'example_branch_datetime_operator_3' retrieved from /home/felipe/.local/lib/python3.10/site-packages/airflow/example_dags/example_branch_datetime_operator.py
[2023-12-31T11:45:05.045-0300] {logging_mixin.py:188} INFO - [2023-12-31T11:45:05.045-0300] {dag.py:3033} INFO - Sync 3 DAGs
[2023-12-31T11:45:05.265-0300] {logging_mixin.py:188} INFO - [2023-12-31T11:45:05.265-0300] {dag.py:3820} INFO - Setting next_dagrun for example_branch_datetime_operator to 2023-12-30T00:00:00+00:00, run_after=2023-12-31T00:00:00+00:00
[2023-12-31T11:45:05.315-0300] {logging_mixin.py:188} INFO - [2023-12-31T11:45:05.315-0300] {dag.py:3820} INFO - Setting next_dagrun for example_branch_datetime_operator_2 to 2023-12-30T00:00:00+00:00, run_after=2023-12-31T00:00:00+00:00
[2023-12-31T11:45:05.336-0300] {logging_mixin.py:188} INFO - [2023-12-31T11:45:05.335-0300] {dag.py:3820} INFO - Setting next_dagrun for example_branch_datetime_operator_3 to 2023-12-30T00:00:00+00:00, run_after=2023-12-31T00:00:00+00:00
[2023-12-31T11:45:05.574-0300] {processor.py:183} INFO - Processing /home/felipe/.local/lib/python3.10/site-packages/airflow/example_dags/example_branch_datetime_operator.py took 0.849 seconds
[2023-12-31T11:48:46.074-0300] {processor.py:161} INFO - Started process (PID=35542) to work on /home/felipe/.local/lib/python3.10/site-packages/airflow/example_dags/example_branch_datetime_operator.py
[2023-12-31T11:48:46.084-0300] {processor.py:830} INFO - Processing file /home/felipe/.local/lib/python3.10/site-packages/airflow/example_dags/example_branch_datetime_operator.py for tasks to queue
[2023-12-31T11:48:46.086-0300] {logging_mixin.py:188} INFO - [2023-12-31T11:48:46.085-0300] {dagbag.py:538} INFO - Filling up the DagBag from /home/felipe/.local/lib/python3.10/site-packages/airflow/example_dags/example_branch_datetime_operator.py
[2023-12-31T11:48:46.214-0300] {processor.py:840} INFO - DAG(s) 'example_branch_datetime_operator_3', 'example_branch_datetime_operator_2', 'example_branch_datetime_operator' retrieved from /home/felipe/.local/lib/python3.10/site-packages/airflow/example_dags/example_branch_datetime_operator.py
[2023-12-31T11:48:46.435-0300] {logging_mixin.py:188} INFO - [2023-12-31T11:48:46.435-0300] {dag.py:3033} INFO - Sync 3 DAGs
[2023-12-31T11:48:46.665-0300] {logging_mixin.py:188} INFO - [2023-12-31T11:48:46.665-0300] {dag.py:3820} INFO - Setting next_dagrun for example_branch_datetime_operator to 2023-12-30T00:00:00+00:00, run_after=2023-12-31T00:00:00+00:00
[2023-12-31T11:48:46.725-0300] {logging_mixin.py:188} INFO - [2023-12-31T11:48:46.724-0300] {dag.py:3820} INFO - Setting next_dagrun for example_branch_datetime_operator_2 to 2023-12-30T00:00:00+00:00, run_after=2023-12-31T00:00:00+00:00
[2023-12-31T11:48:46.745-0300] {logging_mixin.py:188} INFO - [2023-12-31T11:48:46.745-0300] {dag.py:3820} INFO - Setting next_dagrun for example_branch_datetime_operator_3 to 2023-12-30T00:00:00+00:00, run_after=2023-12-31T00:00:00+00:00
[2023-12-31T11:48:47.036-0300] {processor.py:183} INFO - Processing /home/felipe/.local/lib/python3.10/site-packages/airflow/example_dags/example_branch_datetime_operator.py took 0.981 seconds
[2023-12-31T11:53:39.935-0300] {processor.py:161} INFO - Started process (PID=35829) to work on /home/felipe/.local/lib/python3.10/site-packages/airflow/example_dags/example_branch_datetime_operator.py
[2023-12-31T11:53:39.954-0300] {processor.py:830} INFO - Processing file /home/felipe/.local/lib/python3.10/site-packages/airflow/example_dags/example_branch_datetime_operator.py for tasks to queue
[2023-12-31T11:53:39.956-0300] {logging_mixin.py:188} INFO - [2023-12-31T11:53:39.955-0300] {dagbag.py:538} INFO - Filling up the DagBag from /home/felipe/.local/lib/python3.10/site-packages/airflow/example_dags/example_branch_datetime_operator.py
[2023-12-31T11:53:40.105-0300] {processor.py:840} INFO - DAG(s) 'example_branch_datetime_operator_2', 'example_branch_datetime_operator_3', 'example_branch_datetime_operator' retrieved from /home/felipe/.local/lib/python3.10/site-packages/airflow/example_dags/example_branch_datetime_operator.py
[2023-12-31T11:53:40.435-0300] {logging_mixin.py:188} INFO - [2023-12-31T11:53:40.435-0300] {dag.py:3033} INFO - Sync 3 DAGs
[2023-12-31T11:53:40.845-0300] {logging_mixin.py:188} INFO - [2023-12-31T11:53:40.844-0300] {dag.py:3820} INFO - Setting next_dagrun for example_branch_datetime_operator to 2023-12-30T00:00:00+00:00, run_after=2023-12-31T00:00:00+00:00
[2023-12-31T11:53:40.926-0300] {logging_mixin.py:188} INFO - [2023-12-31T11:53:40.925-0300] {dag.py:3820} INFO - Setting next_dagrun for example_branch_datetime_operator_2 to 2023-12-30T00:00:00+00:00, run_after=2023-12-31T00:00:00+00:00
[2023-12-31T11:53:40.975-0300] {logging_mixin.py:188} INFO - [2023-12-31T11:53:40.966-0300] {dag.py:3820} INFO - Setting next_dagrun for example_branch_datetime_operator_3 to 2023-12-30T00:00:00+00:00, run_after=2023-12-31T00:00:00+00:00
[2023-12-31T11:53:41.285-0300] {processor.py:183} INFO - Processing /home/felipe/.local/lib/python3.10/site-packages/airflow/example_dags/example_branch_datetime_operator.py took 1.381 seconds
[2023-12-31T11:57:25.074-0300] {processor.py:161} INFO - Started process (PID=36073) to work on /home/felipe/.local/lib/python3.10/site-packages/airflow/example_dags/example_branch_datetime_operator.py
[2023-12-31T11:57:25.085-0300] {processor.py:830} INFO - Processing file /home/felipe/.local/lib/python3.10/site-packages/airflow/example_dags/example_branch_datetime_operator.py for tasks to queue
[2023-12-31T11:57:25.104-0300] {logging_mixin.py:188} INFO - [2023-12-31T11:57:25.095-0300] {dagbag.py:538} INFO - Filling up the DagBag from /home/felipe/.local/lib/python3.10/site-packages/airflow/example_dags/example_branch_datetime_operator.py
[2023-12-31T11:57:25.235-0300] {processor.py:840} INFO - DAG(s) 'example_branch_datetime_operator_2', 'example_branch_datetime_operator_3', 'example_branch_datetime_operator' retrieved from /home/felipe/.local/lib/python3.10/site-packages/airflow/example_dags/example_branch_datetime_operator.py
[2023-12-31T11:57:25.514-0300] {logging_mixin.py:188} INFO - [2023-12-31T11:57:25.506-0300] {dag.py:3033} INFO - Sync 3 DAGs
[2023-12-31T11:57:25.834-0300] {logging_mixin.py:188} INFO - [2023-12-31T11:57:25.826-0300] {dag.py:3820} INFO - Setting next_dagrun for example_branch_datetime_operator to 2023-12-30T00:00:00+00:00, run_after=2023-12-31T00:00:00+00:00
[2023-12-31T11:57:25.894-0300] {logging_mixin.py:188} INFO - [2023-12-31T11:57:25.885-0300] {dag.py:3820} INFO - Setting next_dagrun for example_branch_datetime_operator_2 to 2023-12-30T00:00:00+00:00, run_after=2023-12-31T00:00:00+00:00
[2023-12-31T11:57:25.915-0300] {logging_mixin.py:188} INFO - [2023-12-31T11:57:25.915-0300] {dag.py:3820} INFO - Setting next_dagrun for example_branch_datetime_operator_3 to 2023-12-30T00:00:00+00:00, run_after=2023-12-31T00:00:00+00:00
[2023-12-31T11:57:26.154-0300] {processor.py:183} INFO - Processing /home/felipe/.local/lib/python3.10/site-packages/airflow/example_dags/example_branch_datetime_operator.py took 1.100 seconds
[2023-12-31T12:00:57.794-0300] {processor.py:161} INFO - Started process (PID=36310) to work on /home/felipe/.local/lib/python3.10/site-packages/airflow/example_dags/example_branch_datetime_operator.py
[2023-12-31T12:00:57.804-0300] {processor.py:830} INFO - Processing file /home/felipe/.local/lib/python3.10/site-packages/airflow/example_dags/example_branch_datetime_operator.py for tasks to queue
[2023-12-31T12:00:57.815-0300] {logging_mixin.py:188} INFO - [2023-12-31T12:00:57.814-0300] {dagbag.py:538} INFO - Filling up the DagBag from /home/felipe/.local/lib/python3.10/site-packages/airflow/example_dags/example_branch_datetime_operator.py
[2023-12-31T12:00:57.944-0300] {processor.py:840} INFO - DAG(s) 'example_branch_datetime_operator_2', 'example_branch_datetime_operator', 'example_branch_datetime_operator_3' retrieved from /home/felipe/.local/lib/python3.10/site-packages/airflow/example_dags/example_branch_datetime_operator.py
[2023-12-31T12:00:58.255-0300] {logging_mixin.py:188} INFO - [2023-12-31T12:00:58.254-0300] {dag.py:3033} INFO - Sync 3 DAGs
[2023-12-31T12:00:58.614-0300] {logging_mixin.py:188} INFO - [2023-12-31T12:00:58.605-0300] {dag.py:3820} INFO - Setting next_dagrun for example_branch_datetime_operator to 2023-12-30T00:00:00+00:00, run_after=2023-12-31T00:00:00+00:00
[2023-12-31T12:00:58.705-0300] {logging_mixin.py:188} INFO - [2023-12-31T12:00:58.695-0300] {dag.py:3820} INFO - Setting next_dagrun for example_branch_datetime_operator_2 to 2023-12-30T00:00:00+00:00, run_after=2023-12-31T00:00:00+00:00
[2023-12-31T12:00:58.755-0300] {logging_mixin.py:188} INFO - [2023-12-31T12:00:58.754-0300] {dag.py:3820} INFO - Setting next_dagrun for example_branch_datetime_operator_3 to 2023-12-30T00:00:00+00:00, run_after=2023-12-31T00:00:00+00:00
[2023-12-31T12:00:59.075-0300] {processor.py:183} INFO - Processing /home/felipe/.local/lib/python3.10/site-packages/airflow/example_dags/example_branch_datetime_operator.py took 1.311 seconds
[2023-12-31T12:05:53.114-0300] {processor.py:161} INFO - Started process (PID=36635) to work on /home/felipe/.local/lib/python3.10/site-packages/airflow/example_dags/example_branch_datetime_operator.py
[2023-12-31T12:05:53.125-0300] {processor.py:830} INFO - Processing file /home/felipe/.local/lib/python3.10/site-packages/airflow/example_dags/example_branch_datetime_operator.py for tasks to queue
[2023-12-31T12:05:53.144-0300] {logging_mixin.py:188} INFO - [2023-12-31T12:05:53.135-0300] {dagbag.py:538} INFO - Filling up the DagBag from /home/felipe/.local/lib/python3.10/site-packages/airflow/example_dags/example_branch_datetime_operator.py
[2023-12-31T12:05:53.385-0300] {processor.py:840} INFO - DAG(s) 'example_branch_datetime_operator_3', 'example_branch_datetime_operator', 'example_branch_datetime_operator_2' retrieved from /home/felipe/.local/lib/python3.10/site-packages/airflow/example_dags/example_branch_datetime_operator.py
[2023-12-31T12:05:54.114-0300] {logging_mixin.py:188} INFO - [2023-12-31T12:05:54.104-0300] {dag.py:3033} INFO - Sync 3 DAGs
[2023-12-31T12:05:54.964-0300] {logging_mixin.py:188} INFO - [2023-12-31T12:05:54.955-0300] {dag.py:3820} INFO - Setting next_dagrun for example_branch_datetime_operator to 2023-12-30T00:00:00+00:00, run_after=2023-12-31T00:00:00+00:00
[2023-12-31T12:05:55.125-0300] {logging_mixin.py:188} INFO - [2023-12-31T12:05:55.124-0300] {dag.py:3820} INFO - Setting next_dagrun for example_branch_datetime_operator_2 to 2023-12-30T00:00:00+00:00, run_after=2023-12-31T00:00:00+00:00
[2023-12-31T12:05:55.195-0300] {logging_mixin.py:188} INFO - [2023-12-31T12:05:55.194-0300] {dag.py:3820} INFO - Setting next_dagrun for example_branch_datetime_operator_3 to 2023-12-30T00:00:00+00:00, run_after=2023-12-31T00:00:00+00:00
[2023-12-31T12:05:55.785-0300] {processor.py:183} INFO - Processing /home/felipe/.local/lib/python3.10/site-packages/airflow/example_dags/example_branch_datetime_operator.py took 2.730 seconds
