[2023-12-31T09:37:39.069-0300] {processor.py:161} INFO - Started process (PID=32117) to work on /home/felipe/.local/lib/python3.10/site-packages/airflow/example_dags/example_branch_day_of_week_operator.py
[2023-12-31T09:37:39.070-0300] {processor.py:830} INFO - Processing file /home/felipe/.local/lib/python3.10/site-packages/airflow/example_dags/example_branch_day_of_week_operator.py for tasks to queue
[2023-12-31T09:37:39.076-0300] {logging_mixin.py:188} INFO - [2023-12-31T09:37:39.070-0300] {dagbag.py:538} INFO - Filling up the DagBag from /home/felipe/.local/lib/python3.10/site-packages/airflow/example_dags/example_branch_day_of_week_operator.py
[2023-12-31T09:37:39.097-0300] {processor.py:840} INFO - DAG(s) 'example_weekday_branch_operator' retrieved from /home/felipe/.local/lib/python3.10/site-packages/airflow/example_dags/example_branch_day_of_week_operator.py
[2023-12-31T09:37:39.550-0300] {logging_mixin.py:188} INFO - [2023-12-31T09:37:39.550-0300] {dag.py:3033} INFO - Sync 1 DAGs
[2023-12-31T09:37:39.621-0300] {logging_mixin.py:188} INFO - [2023-12-31T09:37:39.620-0300] {dag.py:3820} INFO - Setting next_dagrun for example_weekday_branch_operator to 2023-12-30T00:00:00+00:00, run_after=2023-12-31T00:00:00+00:00
[2023-12-31T09:37:39.730-0300] {processor.py:183} INFO - Processing /home/felipe/.local/lib/python3.10/site-packages/airflow/example_dags/example_branch_day_of_week_operator.py took 0.670 seconds
[2023-12-31T09:39:41.610-0300] {processor.py:161} INFO - Started process (PID=32239) to work on /home/felipe/.local/lib/python3.10/site-packages/airflow/example_dags/example_branch_day_of_week_operator.py
[2023-12-31T09:39:41.619-0300] {processor.py:830} INFO - Processing file /home/felipe/.local/lib/python3.10/site-packages/airflow/example_dags/example_branch_day_of_week_operator.py for tasks to queue
[2023-12-31T09:39:41.628-0300] {logging_mixin.py:188} INFO - [2023-12-31T09:39:41.626-0300] {dagbag.py:538} INFO - Filling up the DagBag from /home/felipe/.local/lib/python3.10/site-packages/airflow/example_dags/example_branch_day_of_week_operator.py
[2023-12-31T09:39:41.688-0300] {processor.py:840} INFO - DAG(s) 'example_weekday_branch_operator' retrieved from /home/felipe/.local/lib/python3.10/site-packages/airflow/example_dags/example_branch_day_of_week_operator.py
[2023-12-31T09:39:41.789-0300] {logging_mixin.py:188} INFO - [2023-12-31T09:39:41.789-0300] {dag.py:3033} INFO - Sync 1 DAGs
[2023-12-31T09:39:41.908-0300] {logging_mixin.py:188} INFO - [2023-12-31T09:39:41.907-0300] {dag.py:3820} INFO - Setting next_dagrun for example_weekday_branch_operator to 2023-12-30T00:00:00+00:00, run_after=2023-12-31T00:00:00+00:00
[2023-12-31T09:39:42.067-0300] {processor.py:183} INFO - Processing /home/felipe/.local/lib/python3.10/site-packages/airflow/example_dags/example_branch_day_of_week_operator.py took 0.470 seconds
[2023-12-31T09:54:14.078-0300] {processor.py:161} INFO - Started process (PID=32865) to work on /home/felipe/.local/lib/python3.10/site-packages/airflow/example_dags/example_branch_day_of_week_operator.py
[2023-12-31T09:54:14.087-0300] {processor.py:830} INFO - Processing file /home/felipe/.local/lib/python3.10/site-packages/airflow/example_dags/example_branch_day_of_week_operator.py for tasks to queue
[2023-12-31T09:54:14.090-0300] {logging_mixin.py:188} INFO - [2023-12-31T09:54:14.089-0300] {dagbag.py:538} INFO - Filling up the DagBag from /home/felipe/.local/lib/python3.10/site-packages/airflow/example_dags/example_branch_day_of_week_operator.py
[2023-12-31T09:54:14.168-0300] {processor.py:840} INFO - DAG(s) 'example_weekday_branch_operator' retrieved from /home/felipe/.local/lib/python3.10/site-packages/airflow/example_dags/example_branch_day_of_week_operator.py
[2023-12-31T09:54:15.538-0300] {logging_mixin.py:188} INFO - [2023-12-31T09:54:15.530-0300] {dag.py:3033} INFO - Sync 1 DAGs
[2023-12-31T09:54:15.849-0300] {logging_mixin.py:188} INFO - [2023-12-31T09:54:15.848-0300] {dag.py:3820} INFO - Setting next_dagrun for example_weekday_branch_operator to 2023-12-30T00:00:00+00:00, run_after=2023-12-31T00:00:00+00:00
[2023-12-31T09:54:16.050-0300] {processor.py:183} INFO - Processing /home/felipe/.local/lib/python3.10/site-packages/airflow/example_dags/example_branch_day_of_week_operator.py took 2.002 seconds
[2023-12-31T09:59:29.856-0300] {processor.py:161} INFO - Started process (PID=33113) to work on /home/felipe/.local/lib/python3.10/site-packages/airflow/example_dags/example_branch_day_of_week_operator.py
[2023-12-31T09:59:29.859-0300] {processor.py:830} INFO - Processing file /home/felipe/.local/lib/python3.10/site-packages/airflow/example_dags/example_branch_day_of_week_operator.py for tasks to queue
[2023-12-31T09:59:29.869-0300] {logging_mixin.py:188} INFO - [2023-12-31T09:59:29.867-0300] {dagbag.py:538} INFO - Filling up the DagBag from /home/felipe/.local/lib/python3.10/site-packages/airflow/example_dags/example_branch_day_of_week_operator.py
[2023-12-31T09:59:29.936-0300] {processor.py:840} INFO - DAG(s) 'example_weekday_branch_operator' retrieved from /home/felipe/.local/lib/python3.10/site-packages/airflow/example_dags/example_branch_day_of_week_operator.py
[2023-12-31T09:59:30.046-0300] {logging_mixin.py:188} INFO - [2023-12-31T09:59:30.040-0300] {dag.py:3033} INFO - Sync 1 DAGs
[2023-12-31T09:59:30.287-0300] {logging_mixin.py:188} INFO - [2023-12-31T09:59:30.280-0300] {dag.py:3820} INFO - Setting next_dagrun for example_weekday_branch_operator to 2023-12-30T00:00:00+00:00, run_after=2023-12-31T00:00:00+00:00
[2023-12-31T09:59:30.557-0300] {processor.py:183} INFO - Processing /home/felipe/.local/lib/python3.10/site-packages/airflow/example_dags/example_branch_day_of_week_operator.py took 0.728 seconds
[2023-12-31T10:02:07.669-0300] {processor.py:161} INFO - Started process (PID=33322) to work on /home/felipe/.local/lib/python3.10/site-packages/airflow/example_dags/example_branch_day_of_week_operator.py
[2023-12-31T10:02:07.677-0300] {processor.py:830} INFO - Processing file /home/felipe/.local/lib/python3.10/site-packages/airflow/example_dags/example_branch_day_of_week_operator.py for tasks to queue
[2023-12-31T10:02:07.678-0300] {logging_mixin.py:188} INFO - [2023-12-31T10:02:07.678-0300] {dagbag.py:538} INFO - Filling up the DagBag from /home/felipe/.local/lib/python3.10/site-packages/airflow/example_dags/example_branch_day_of_week_operator.py
[2023-12-31T10:02:07.716-0300] {processor.py:840} INFO - DAG(s) 'example_weekday_branch_operator' retrieved from /home/felipe/.local/lib/python3.10/site-packages/airflow/example_dags/example_branch_day_of_week_operator.py
[2023-12-31T10:02:07.788-0300] {logging_mixin.py:188} INFO - [2023-12-31T10:02:07.788-0300] {dag.py:3033} INFO - Sync 1 DAGs
[2023-12-31T10:02:07.908-0300] {logging_mixin.py:188} INFO - [2023-12-31T10:02:07.907-0300] {dag.py:3820} INFO - Setting next_dagrun for example_weekday_branch_operator to 2023-12-30T00:00:00+00:00, run_after=2023-12-31T00:00:00+00:00
[2023-12-31T10:02:08.028-0300] {processor.py:183} INFO - Processing /home/felipe/.local/lib/python3.10/site-packages/airflow/example_dags/example_branch_day_of_week_operator.py took 0.369 seconds
[2023-12-31T10:04:22.147-0300] {processor.py:161} INFO - Started process (PID=33462) to work on /home/felipe/.local/lib/python3.10/site-packages/airflow/example_dags/example_branch_day_of_week_operator.py
[2023-12-31T10:04:22.149-0300] {processor.py:830} INFO - Processing file /home/felipe/.local/lib/python3.10/site-packages/airflow/example_dags/example_branch_day_of_week_operator.py for tasks to queue
[2023-12-31T10:04:22.157-0300] {logging_mixin.py:188} INFO - [2023-12-31T10:04:22.150-0300] {dagbag.py:538} INFO - Filling up the DagBag from /home/felipe/.local/lib/python3.10/site-packages/airflow/example_dags/example_branch_day_of_week_operator.py
[2023-12-31T10:04:22.189-0300] {processor.py:840} INFO - DAG(s) 'example_weekday_branch_operator' retrieved from /home/felipe/.local/lib/python3.10/site-packages/airflow/example_dags/example_branch_day_of_week_operator.py
[2023-12-31T10:04:22.278-0300] {logging_mixin.py:188} INFO - [2023-12-31T10:04:22.278-0300] {dag.py:3033} INFO - Sync 1 DAGs
[2023-12-31T10:04:22.386-0300] {logging_mixin.py:188} INFO - [2023-12-31T10:04:22.379-0300] {dag.py:3820} INFO - Setting next_dagrun for example_weekday_branch_operator to 2023-12-30T00:00:00+00:00, run_after=2023-12-31T00:00:00+00:00
[2023-12-31T10:04:22.509-0300] {processor.py:183} INFO - Processing /home/felipe/.local/lib/python3.10/site-packages/airflow/example_dags/example_branch_day_of_week_operator.py took 0.380 seconds
[2023-12-31T10:06:43.987-0300] {processor.py:161} INFO - Started process (PID=33655) to work on /home/felipe/.local/lib/python3.10/site-packages/airflow/example_dags/example_branch_day_of_week_operator.py
[2023-12-31T10:06:43.996-0300] {processor.py:830} INFO - Processing file /home/felipe/.local/lib/python3.10/site-packages/airflow/example_dags/example_branch_day_of_week_operator.py for tasks to queue
[2023-12-31T10:06:43.998-0300] {logging_mixin.py:188} INFO - [2023-12-31T10:06:43.997-0300] {dagbag.py:538} INFO - Filling up the DagBag from /home/felipe/.local/lib/python3.10/site-packages/airflow/example_dags/example_branch_day_of_week_operator.py
[2023-12-31T10:06:44.037-0300] {processor.py:840} INFO - DAG(s) 'example_weekday_branch_operator' retrieved from /home/felipe/.local/lib/python3.10/site-packages/airflow/example_dags/example_branch_day_of_week_operator.py
[2023-12-31T10:06:44.129-0300] {logging_mixin.py:188} INFO - [2023-12-31T10:06:44.129-0300] {dag.py:3033} INFO - Sync 1 DAGs
[2023-12-31T10:06:44.246-0300] {logging_mixin.py:188} INFO - [2023-12-31T10:06:44.239-0300] {dag.py:3820} INFO - Setting next_dagrun for example_weekday_branch_operator to 2023-12-30T00:00:00+00:00, run_after=2023-12-31T00:00:00+00:00
[2023-12-31T10:06:44.379-0300] {processor.py:183} INFO - Processing /home/felipe/.local/lib/python3.10/site-packages/airflow/example_dags/example_branch_day_of_week_operator.py took 0.402 seconds
[2023-12-31T10:09:11.648-0300] {processor.py:161} INFO - Started process (PID=33830) to work on /home/felipe/.local/lib/python3.10/site-packages/airflow/example_dags/example_branch_day_of_week_operator.py
[2023-12-31T10:09:11.659-0300] {processor.py:830} INFO - Processing file /home/felipe/.local/lib/python3.10/site-packages/airflow/example_dags/example_branch_day_of_week_operator.py for tasks to queue
[2023-12-31T10:09:11.667-0300] {logging_mixin.py:188} INFO - [2023-12-31T10:09:11.667-0300] {dagbag.py:538} INFO - Filling up the DagBag from /home/felipe/.local/lib/python3.10/site-packages/airflow/example_dags/example_branch_day_of_week_operator.py
[2023-12-31T10:09:11.709-0300] {processor.py:840} INFO - DAG(s) 'example_weekday_branch_operator' retrieved from /home/felipe/.local/lib/python3.10/site-packages/airflow/example_dags/example_branch_day_of_week_operator.py
[2023-12-31T10:09:11.798-0300] {logging_mixin.py:188} INFO - [2023-12-31T10:09:11.798-0300] {dag.py:3033} INFO - Sync 1 DAGs
[2023-12-31T10:09:11.927-0300] {logging_mixin.py:188} INFO - [2023-12-31T10:09:11.927-0300] {dag.py:3820} INFO - Setting next_dagrun for example_weekday_branch_operator to 2023-12-30T00:00:00+00:00, run_after=2023-12-31T00:00:00+00:00
[2023-12-31T10:09:12.269-0300] {processor.py:183} INFO - Processing /home/felipe/.local/lib/python3.10/site-packages/airflow/example_dags/example_branch_day_of_week_operator.py took 0.633 seconds
[2023-12-31T11:29:59.816-0300] {processor.py:161} INFO - Started process (PID=34073) to work on /home/felipe/.local/lib/python3.10/site-packages/airflow/example_dags/example_branch_day_of_week_operator.py
[2023-12-31T11:29:59.825-0300] {processor.py:830} INFO - Processing file /home/felipe/.local/lib/python3.10/site-packages/airflow/example_dags/example_branch_day_of_week_operator.py for tasks to queue
[2023-12-31T11:29:59.834-0300] {logging_mixin.py:188} INFO - [2023-12-31T11:29:59.826-0300] {dagbag.py:538} INFO - Filling up the DagBag from /home/felipe/.local/lib/python3.10/site-packages/airflow/example_dags/example_branch_day_of_week_operator.py
[2023-12-31T11:29:59.896-0300] {processor.py:840} INFO - DAG(s) 'example_weekday_branch_operator' retrieved from /home/felipe/.local/lib/python3.10/site-packages/airflow/example_dags/example_branch_day_of_week_operator.py
[2023-12-31T11:29:59.997-0300] {logging_mixin.py:188} INFO - [2023-12-31T11:29:59.996-0300] {dag.py:3033} INFO - Sync 1 DAGs
[2023-12-31T11:30:00.166-0300] {logging_mixin.py:188} INFO - [2023-12-31T11:30:00.166-0300] {dag.py:3820} INFO - Setting next_dagrun for example_weekday_branch_operator to 2023-12-30T00:00:00+00:00, run_after=2023-12-31T00:00:00+00:00
[2023-12-31T11:30:00.325-0300] {processor.py:183} INFO - Processing /home/felipe/.local/lib/python3.10/site-packages/airflow/example_dags/example_branch_day_of_week_operator.py took 0.531 seconds
[2023-12-31T11:32:57.446-0300] {processor.py:161} INFO - Started process (PID=34378) to work on /home/felipe/.local/lib/python3.10/site-packages/airflow/example_dags/example_branch_day_of_week_operator.py
[2023-12-31T11:32:57.465-0300] {processor.py:830} INFO - Processing file /home/felipe/.local/lib/python3.10/site-packages/airflow/example_dags/example_branch_day_of_week_operator.py for tasks to queue
[2023-12-31T11:32:57.466-0300] {logging_mixin.py:188} INFO - [2023-12-31T11:32:57.466-0300] {dagbag.py:538} INFO - Filling up the DagBag from /home/felipe/.local/lib/python3.10/site-packages/airflow/example_dags/example_branch_day_of_week_operator.py
[2023-12-31T11:32:57.516-0300] {processor.py:840} INFO - DAG(s) 'example_weekday_branch_operator' retrieved from /home/felipe/.local/lib/python3.10/site-packages/airflow/example_dags/example_branch_day_of_week_operator.py
[2023-12-31T11:32:57.635-0300] {logging_mixin.py:188} INFO - [2023-12-31T11:32:57.635-0300] {dag.py:3033} INFO - Sync 1 DAGs
[2023-12-31T11:32:57.804-0300] {logging_mixin.py:188} INFO - [2023-12-31T11:32:57.796-0300] {dag.py:3820} INFO - Setting next_dagrun for example_weekday_branch_operator to 2023-12-30T00:00:00+00:00, run_after=2023-12-31T00:00:00+00:00
[2023-12-31T11:32:57.985-0300] {processor.py:183} INFO - Processing /home/felipe/.local/lib/python3.10/site-packages/airflow/example_dags/example_branch_day_of_week_operator.py took 0.550 seconds
[2023-12-31T11:35:49.866-0300] {processor.py:161} INFO - Started process (PID=34599) to work on /home/felipe/.local/lib/python3.10/site-packages/airflow/example_dags/example_branch_day_of_week_operator.py
[2023-12-31T11:35:49.876-0300] {processor.py:830} INFO - Processing file /home/felipe/.local/lib/python3.10/site-packages/airflow/example_dags/example_branch_day_of_week_operator.py for tasks to queue
[2023-12-31T11:35:49.886-0300] {logging_mixin.py:188} INFO - [2023-12-31T11:35:49.884-0300] {dagbag.py:538} INFO - Filling up the DagBag from /home/felipe/.local/lib/python3.10/site-packages/airflow/example_dags/example_branch_day_of_week_operator.py
[2023-12-31T11:35:49.966-0300] {processor.py:840} INFO - DAG(s) 'example_weekday_branch_operator' retrieved from /home/felipe/.local/lib/python3.10/site-packages/airflow/example_dags/example_branch_day_of_week_operator.py
[2023-12-31T11:35:50.084-0300] {logging_mixin.py:188} INFO - [2023-12-31T11:35:50.076-0300] {dag.py:3033} INFO - Sync 1 DAGs
[2023-12-31T11:35:50.286-0300] {logging_mixin.py:188} INFO - [2023-12-31T11:35:50.285-0300] {dag.py:3820} INFO - Setting next_dagrun for example_weekday_branch_operator to 2023-12-30T00:00:00+00:00, run_after=2023-12-31T00:00:00+00:00
[2023-12-31T11:35:50.515-0300] {processor.py:183} INFO - Processing /home/felipe/.local/lib/python3.10/site-packages/airflow/example_dags/example_branch_day_of_week_operator.py took 0.679 seconds
[2023-12-31T11:38:34.975-0300] {processor.py:161} INFO - Started process (PID=34780) to work on /home/felipe/.local/lib/python3.10/site-packages/airflow/example_dags/example_branch_day_of_week_operator.py
[2023-12-31T11:38:34.984-0300] {processor.py:830} INFO - Processing file /home/felipe/.local/lib/python3.10/site-packages/airflow/example_dags/example_branch_day_of_week_operator.py for tasks to queue
[2023-12-31T11:38:34.985-0300] {logging_mixin.py:188} INFO - [2023-12-31T11:38:34.985-0300] {dagbag.py:538} INFO - Filling up the DagBag from /home/felipe/.local/lib/python3.10/site-packages/airflow/example_dags/example_branch_day_of_week_operator.py
[2023-12-31T11:38:35.027-0300] {processor.py:840} INFO - DAG(s) 'example_weekday_branch_operator' retrieved from /home/felipe/.local/lib/python3.10/site-packages/airflow/example_dags/example_branch_day_of_week_operator.py
[2023-12-31T11:38:35.164-0300] {logging_mixin.py:188} INFO - [2023-12-31T11:38:35.156-0300] {dag.py:3033} INFO - Sync 1 DAGs
[2023-12-31T11:38:35.305-0300] {logging_mixin.py:188} INFO - [2023-12-31T11:38:35.305-0300] {dag.py:3820} INFO - Setting next_dagrun for example_weekday_branch_operator to 2023-12-30T00:00:00+00:00, run_after=2023-12-31T00:00:00+00:00
[2023-12-31T11:38:35.475-0300] {processor.py:183} INFO - Processing /home/felipe/.local/lib/python3.10/site-packages/airflow/example_dags/example_branch_day_of_week_operator.py took 0.519 seconds
[2023-12-31T11:41:23.595-0300] {processor.py:161} INFO - Started process (PID=34994) to work on /home/felipe/.local/lib/python3.10/site-packages/airflow/example_dags/example_branch_day_of_week_operator.py
[2023-12-31T11:41:23.604-0300] {processor.py:830} INFO - Processing file /home/felipe/.local/lib/python3.10/site-packages/airflow/example_dags/example_branch_day_of_week_operator.py for tasks to queue
[2023-12-31T11:41:23.606-0300] {logging_mixin.py:188} INFO - [2023-12-31T11:41:23.606-0300] {dagbag.py:538} INFO - Filling up the DagBag from /home/felipe/.local/lib/python3.10/site-packages/airflow/example_dags/example_branch_day_of_week_operator.py
[2023-12-31T11:41:23.656-0300] {processor.py:840} INFO - DAG(s) 'example_weekday_branch_operator' retrieved from /home/felipe/.local/lib/python3.10/site-packages/airflow/example_dags/example_branch_day_of_week_operator.py
[2023-12-31T11:41:23.786-0300] {logging_mixin.py:188} INFO - [2023-12-31T11:41:23.785-0300] {dag.py:3033} INFO - Sync 1 DAGs
[2023-12-31T11:41:23.956-0300] {logging_mixin.py:188} INFO - [2023-12-31T11:41:23.956-0300] {dag.py:3820} INFO - Setting next_dagrun for example_weekday_branch_operator to 2023-12-30T00:00:00+00:00, run_after=2023-12-31T00:00:00+00:00
[2023-12-31T11:41:24.195-0300] {processor.py:183} INFO - Processing /home/felipe/.local/lib/python3.10/site-packages/airflow/example_dags/example_branch_day_of_week_operator.py took 0.611 seconds
[2023-12-31T11:43:22.686-0300] {processor.py:161} INFO - Started process (PID=35126) to work on /home/felipe/.local/lib/python3.10/site-packages/airflow/example_dags/example_branch_day_of_week_operator.py
[2023-12-31T11:43:22.695-0300] {processor.py:830} INFO - Processing file /home/felipe/.local/lib/python3.10/site-packages/airflow/example_dags/example_branch_day_of_week_operator.py for tasks to queue
[2023-12-31T11:43:22.704-0300] {logging_mixin.py:188} INFO - [2023-12-31T11:43:22.696-0300] {dagbag.py:538} INFO - Filling up the DagBag from /home/felipe/.local/lib/python3.10/site-packages/airflow/example_dags/example_branch_day_of_week_operator.py
[2023-12-31T11:43:22.766-0300] {processor.py:840} INFO - DAG(s) 'example_weekday_branch_operator' retrieved from /home/felipe/.local/lib/python3.10/site-packages/airflow/example_dags/example_branch_day_of_week_operator.py
[2023-12-31T11:43:22.935-0300] {logging_mixin.py:188} INFO - [2023-12-31T11:43:22.934-0300] {dag.py:3033} INFO - Sync 1 DAGs
[2023-12-31T11:43:23.174-0300] {logging_mixin.py:188} INFO - [2023-12-31T11:43:23.166-0300] {dag.py:3820} INFO - Setting next_dagrun for example_weekday_branch_operator to 2023-12-30T00:00:00+00:00, run_after=2023-12-31T00:00:00+00:00
[2023-12-31T11:43:23.435-0300] {processor.py:183} INFO - Processing /home/felipe/.local/lib/python3.10/site-packages/airflow/example_dags/example_branch_day_of_week_operator.py took 0.769 seconds
[2023-12-31T11:46:42.256-0300] {processor.py:161} INFO - Started process (PID=35378) to work on /home/felipe/.local/lib/python3.10/site-packages/airflow/example_dags/example_branch_day_of_week_operator.py
[2023-12-31T11:46:42.266-0300] {processor.py:830} INFO - Processing file /home/felipe/.local/lib/python3.10/site-packages/airflow/example_dags/example_branch_day_of_week_operator.py for tasks to queue
[2023-12-31T11:46:42.275-0300] {logging_mixin.py:188} INFO - [2023-12-31T11:46:42.274-0300] {dagbag.py:538} INFO - Filling up the DagBag from /home/felipe/.local/lib/python3.10/site-packages/airflow/example_dags/example_branch_day_of_week_operator.py
[2023-12-31T11:46:42.345-0300] {processor.py:840} INFO - DAG(s) 'example_weekday_branch_operator' retrieved from /home/felipe/.local/lib/python3.10/site-packages/airflow/example_dags/example_branch_day_of_week_operator.py
[2023-12-31T11:46:42.484-0300] {logging_mixin.py:188} INFO - [2023-12-31T11:46:42.476-0300] {dag.py:3033} INFO - Sync 1 DAGs
[2023-12-31T11:46:42.666-0300] {logging_mixin.py:188} INFO - [2023-12-31T11:46:42.665-0300] {dag.py:3820} INFO - Setting next_dagrun for example_weekday_branch_operator to 2023-12-30T00:00:00+00:00, run_after=2023-12-31T00:00:00+00:00
[2023-12-31T11:46:42.865-0300] {processor.py:183} INFO - Processing /home/felipe/.local/lib/python3.10/site-packages/airflow/example_dags/example_branch_day_of_week_operator.py took 0.629 seconds
[2023-12-31T11:50:43.594-0300] {processor.py:161} INFO - Started process (PID=35689) to work on /home/felipe/.local/lib/python3.10/site-packages/airflow/example_dags/example_branch_day_of_week_operator.py
[2023-12-31T11:50:43.596-0300] {processor.py:830} INFO - Processing file /home/felipe/.local/lib/python3.10/site-packages/airflow/example_dags/example_branch_day_of_week_operator.py for tasks to queue
[2023-12-31T11:50:43.605-0300] {logging_mixin.py:188} INFO - [2023-12-31T11:50:43.605-0300] {dagbag.py:538} INFO - Filling up the DagBag from /home/felipe/.local/lib/python3.10/site-packages/airflow/example_dags/example_branch_day_of_week_operator.py
[2023-12-31T11:50:43.695-0300] {processor.py:840} INFO - DAG(s) 'example_weekday_branch_operator' retrieved from /home/felipe/.local/lib/python3.10/site-packages/airflow/example_dags/example_branch_day_of_week_operator.py
[2023-12-31T11:50:43.855-0300] {logging_mixin.py:188} INFO - [2023-12-31T11:50:43.854-0300] {dag.py:3033} INFO - Sync 1 DAGs
[2023-12-31T11:50:44.565-0300] {logging_mixin.py:188} INFO - [2023-12-31T11:50:44.564-0300] {dag.py:3820} INFO - Setting next_dagrun for example_weekday_branch_operator to 2023-12-30T00:00:00+00:00, run_after=2023-12-31T00:00:00+00:00
[2023-12-31T11:50:44.894-0300] {processor.py:183} INFO - Processing /home/felipe/.local/lib/python3.10/site-packages/airflow/example_dags/example_branch_day_of_week_operator.py took 1.328 seconds
[2023-12-31T11:55:30.075-0300] {processor.py:161} INFO - Started process (PID=35965) to work on /home/felipe/.local/lib/python3.10/site-packages/airflow/example_dags/example_branch_day_of_week_operator.py
[2023-12-31T11:55:30.084-0300] {processor.py:830} INFO - Processing file /home/felipe/.local/lib/python3.10/site-packages/airflow/example_dags/example_branch_day_of_week_operator.py for tasks to queue
[2023-12-31T11:55:30.086-0300] {logging_mixin.py:188} INFO - [2023-12-31T11:55:30.085-0300] {dagbag.py:538} INFO - Filling up the DagBag from /home/felipe/.local/lib/python3.10/site-packages/airflow/example_dags/example_branch_day_of_week_operator.py
[2023-12-31T11:55:30.164-0300] {processor.py:840} INFO - DAG(s) 'example_weekday_branch_operator' retrieved from /home/felipe/.local/lib/python3.10/site-packages/airflow/example_dags/example_branch_day_of_week_operator.py
[2023-12-31T11:55:30.354-0300] {logging_mixin.py:188} INFO - [2023-12-31T11:55:30.354-0300] {dag.py:3033} INFO - Sync 1 DAGs
[2023-12-31T11:55:30.905-0300] {logging_mixin.py:188} INFO - [2023-12-31T11:55:30.905-0300] {dag.py:3820} INFO - Setting next_dagrun for example_weekday_branch_operator to 2023-12-30T00:00:00+00:00, run_after=2023-12-31T00:00:00+00:00
[2023-12-31T11:55:31.245-0300] {processor.py:183} INFO - Processing /home/felipe/.local/lib/python3.10/site-packages/airflow/example_dags/example_branch_day_of_week_operator.py took 1.199 seconds
[2023-12-31T11:58:59.745-0300] {processor.py:161} INFO - Started process (PID=36167) to work on /home/felipe/.local/lib/python3.10/site-packages/airflow/example_dags/example_branch_day_of_week_operator.py
[2023-12-31T11:58:59.764-0300] {processor.py:830} INFO - Processing file /home/felipe/.local/lib/python3.10/site-packages/airflow/example_dags/example_branch_day_of_week_operator.py for tasks to queue
[2023-12-31T11:58:59.765-0300] {logging_mixin.py:188} INFO - [2023-12-31T11:58:59.765-0300] {dagbag.py:538} INFO - Filling up the DagBag from /home/felipe/.local/lib/python3.10/site-packages/airflow/example_dags/example_branch_day_of_week_operator.py
[2023-12-31T11:58:59.835-0300] {processor.py:840} INFO - DAG(s) 'example_weekday_branch_operator' retrieved from /home/felipe/.local/lib/python3.10/site-packages/airflow/example_dags/example_branch_day_of_week_operator.py
[2023-12-31T11:58:59.986-0300] {logging_mixin.py:188} INFO - [2023-12-31T11:58:59.985-0300] {dag.py:3033} INFO - Sync 1 DAGs
[2023-12-31T11:59:00.324-0300] {logging_mixin.py:188} INFO - [2023-12-31T11:59:00.315-0300] {dag.py:3820} INFO - Setting next_dagrun for example_weekday_branch_operator to 2023-12-30T00:00:00+00:00, run_after=2023-12-31T00:00:00+00:00
[2023-12-31T11:59:00.634-0300] {processor.py:183} INFO - Processing /home/felipe/.local/lib/python3.10/site-packages/airflow/example_dags/example_branch_day_of_week_operator.py took 0.911 seconds
[2023-12-31T12:02:40.604-0300] {processor.py:161} INFO - Started process (PID=36410) to work on /home/felipe/.local/lib/python3.10/site-packages/airflow/example_dags/example_branch_day_of_week_operator.py
[2023-12-31T12:02:40.614-0300] {processor.py:830} INFO - Processing file /home/felipe/.local/lib/python3.10/site-packages/airflow/example_dags/example_branch_day_of_week_operator.py for tasks to queue
[2023-12-31T12:02:40.625-0300] {logging_mixin.py:188} INFO - [2023-12-31T12:02:40.624-0300] {dagbag.py:538} INFO - Filling up the DagBag from /home/felipe/.local/lib/python3.10/site-packages/airflow/example_dags/example_branch_day_of_week_operator.py
[2023-12-31T12:02:40.744-0300] {processor.py:840} INFO - DAG(s) 'example_weekday_branch_operator' retrieved from /home/felipe/.local/lib/python3.10/site-packages/airflow/example_dags/example_branch_day_of_week_operator.py
[2023-12-31T12:02:40.955-0300] {logging_mixin.py:188} INFO - [2023-12-31T12:02:40.954-0300] {dag.py:3033} INFO - Sync 1 DAGs
[2023-12-31T12:02:41.284-0300] {logging_mixin.py:188} INFO - [2023-12-31T12:02:41.284-0300] {dag.py:3820} INFO - Setting next_dagrun for example_weekday_branch_operator to 2023-12-30T00:00:00+00:00, run_after=2023-12-31T00:00:00+00:00
[2023-12-31T12:02:41.615-0300] {processor.py:183} INFO - Processing /home/felipe/.local/lib/python3.10/site-packages/airflow/example_dags/example_branch_day_of_week_operator.py took 1.041 seconds
