[2023-12-31T09:37:44.211-0300] {processor.py:161} INFO - Started process (PID=32120) to work on /home/felipe/.local/lib/python3.10/site-packages/airflow/example_dags/example_complex.py
[2023-12-31T09:37:44.217-0300] {processor.py:830} INFO - Processing file /home/felipe/.local/lib/python3.10/site-packages/airflow/example_dags/example_complex.py for tasks to queue
[2023-12-31T09:37:44.218-0300] {logging_mixin.py:188} INFO - [2023-12-31T09:37:44.218-0300] {dagbag.py:538} INFO - Filling up the DagBag from /home/felipe/.local/lib/python3.10/site-packages/airflow/example_dags/example_complex.py
[2023-12-31T09:37:44.268-0300] {processor.py:840} INFO - DAG(s) 'example_complex' retrieved from /home/felipe/.local/lib/python3.10/site-packages/airflow/example_dags/example_complex.py
[2023-12-31T09:37:44.770-0300] {logging_mixin.py:188} INFO - [2023-12-31T09:37:44.770-0300] {dag.py:3033} INFO - Sync 1 DAGs
[2023-12-31T09:37:44.819-0300] {logging_mixin.py:188} INFO - [2023-12-31T09:37:44.819-0300] {dag.py:3820} INFO - Setting next_dagrun for example_complex to None, run_after=None
[2023-12-31T09:37:44.931-0300] {processor.py:183} INFO - Processing /home/felipe/.local/lib/python3.10/site-packages/airflow/example_dags/example_complex.py took 0.724 seconds
[2023-12-31T09:54:23.878-0300] {processor.py:161} INFO - Started process (PID=32874) to work on /home/felipe/.local/lib/python3.10/site-packages/airflow/example_dags/example_complex.py
[2023-12-31T09:54:23.887-0300] {processor.py:830} INFO - Processing file /home/felipe/.local/lib/python3.10/site-packages/airflow/example_dags/example_complex.py for tasks to queue
[2023-12-31T09:54:23.888-0300] {logging_mixin.py:188} INFO - [2023-12-31T09:54:23.888-0300] {dagbag.py:538} INFO - Filling up the DagBag from /home/felipe/.local/lib/python3.10/site-packages/airflow/example_dags/example_complex.py
[2023-12-31T09:54:23.949-0300] {processor.py:840} INFO - DAG(s) 'example_complex' retrieved from /home/felipe/.local/lib/python3.10/site-packages/airflow/example_dags/example_complex.py
[2023-12-31T09:54:24.677-0300] {logging_mixin.py:188} INFO - [2023-12-31T09:54:24.669-0300] {dag.py:3033} INFO - Sync 1 DAGs
[2023-12-31T09:54:24.798-0300] {logging_mixin.py:188} INFO - [2023-12-31T09:54:24.797-0300] {dag.py:3820} INFO - Setting next_dagrun for example_complex to None, run_after=None
[2023-12-31T09:54:24.979-0300] {processor.py:183} INFO - Processing /home/felipe/.local/lib/python3.10/site-packages/airflow/example_dags/example_complex.py took 1.112 seconds
[2023-12-31T09:59:35.468-0300] {processor.py:161} INFO - Started process (PID=33118) to work on /home/felipe/.local/lib/python3.10/site-packages/airflow/example_dags/example_complex.py
[2023-12-31T09:59:35.477-0300] {processor.py:830} INFO - Processing file /home/felipe/.local/lib/python3.10/site-packages/airflow/example_dags/example_complex.py for tasks to queue
[2023-12-31T09:59:35.478-0300] {logging_mixin.py:188} INFO - [2023-12-31T09:59:35.478-0300] {dagbag.py:538} INFO - Filling up the DagBag from /home/felipe/.local/lib/python3.10/site-packages/airflow/example_dags/example_complex.py
[2023-12-31T09:59:35.538-0300] {processor.py:840} INFO - DAG(s) 'example_complex' retrieved from /home/felipe/.local/lib/python3.10/site-packages/airflow/example_dags/example_complex.py
[2023-12-31T09:59:35.686-0300] {logging_mixin.py:188} INFO - [2023-12-31T09:59:35.680-0300] {dag.py:3033} INFO - Sync 1 DAGs
[2023-12-31T09:59:35.767-0300] {logging_mixin.py:188} INFO - [2023-12-31T09:59:35.766-0300] {dag.py:3820} INFO - Setting next_dagrun for example_complex to None, run_after=None
[2023-12-31T09:59:35.929-0300] {processor.py:183} INFO - Processing /home/felipe/.local/lib/python3.10/site-packages/airflow/example_dags/example_complex.py took 0.471 seconds
[2023-12-31T10:02:11.029-0300] {processor.py:161} INFO - Started process (PID=33325) to work on /home/felipe/.local/lib/python3.10/site-packages/airflow/example_dags/example_complex.py
[2023-12-31T10:02:11.048-0300] {processor.py:830} INFO - Processing file /home/felipe/.local/lib/python3.10/site-packages/airflow/example_dags/example_complex.py for tasks to queue
[2023-12-31T10:02:11.056-0300] {logging_mixin.py:188} INFO - [2023-12-31T10:02:11.049-0300] {dagbag.py:538} INFO - Filling up the DagBag from /home/felipe/.local/lib/python3.10/site-packages/airflow/example_dags/example_complex.py
[2023-12-31T10:02:11.107-0300] {processor.py:840} INFO - DAG(s) 'example_complex' retrieved from /home/felipe/.local/lib/python3.10/site-packages/airflow/example_dags/example_complex.py
[2023-12-31T10:02:11.228-0300] {logging_mixin.py:188} INFO - [2023-12-31T10:02:11.228-0300] {dag.py:3033} INFO - Sync 1 DAGs
[2023-12-31T10:02:11.286-0300] {logging_mixin.py:188} INFO - [2023-12-31T10:02:11.280-0300] {dag.py:3820} INFO - Setting next_dagrun for example_complex to None, run_after=None
[2023-12-31T10:02:11.418-0300] {processor.py:183} INFO - Processing /home/felipe/.local/lib/python3.10/site-packages/airflow/example_dags/example_complex.py took 0.399 seconds
[2023-12-31T10:04:26.820-0300] {processor.py:161} INFO - Started process (PID=33471) to work on /home/felipe/.local/lib/python3.10/site-packages/airflow/example_dags/example_complex.py
[2023-12-31T10:04:26.828-0300] {processor.py:830} INFO - Processing file /home/felipe/.local/lib/python3.10/site-packages/airflow/example_dags/example_complex.py for tasks to queue
[2023-12-31T10:04:26.830-0300] {logging_mixin.py:188} INFO - [2023-12-31T10:04:26.829-0300] {dagbag.py:538} INFO - Filling up the DagBag from /home/felipe/.local/lib/python3.10/site-packages/airflow/example_dags/example_complex.py
[2023-12-31T10:04:26.889-0300] {processor.py:840} INFO - DAG(s) 'example_complex' retrieved from /home/felipe/.local/lib/python3.10/site-packages/airflow/example_dags/example_complex.py
[2023-12-31T10:04:27.019-0300] {logging_mixin.py:188} INFO - [2023-12-31T10:04:27.019-0300] {dag.py:3033} INFO - Sync 1 DAGs
[2023-12-31T10:04:27.078-0300] {logging_mixin.py:188} INFO - [2023-12-31T10:04:27.077-0300] {dag.py:3820} INFO - Setting next_dagrun for example_complex to None, run_after=None
[2023-12-31T10:04:27.219-0300] {processor.py:183} INFO - Processing /home/felipe/.local/lib/python3.10/site-packages/airflow/example_dags/example_complex.py took 0.421 seconds
[2023-12-31T10:06:49.036-0300] {processor.py:161} INFO - Started process (PID=33666) to work on /home/felipe/.local/lib/python3.10/site-packages/airflow/example_dags/example_complex.py
[2023-12-31T10:06:49.038-0300] {processor.py:830} INFO - Processing file /home/felipe/.local/lib/python3.10/site-packages/airflow/example_dags/example_complex.py for tasks to queue
[2023-12-31T10:06:49.046-0300] {logging_mixin.py:188} INFO - [2023-12-31T10:06:49.039-0300] {dagbag.py:538} INFO - Filling up the DagBag from /home/felipe/.local/lib/python3.10/site-packages/airflow/example_dags/example_complex.py
[2023-12-31T10:06:49.099-0300] {processor.py:840} INFO - DAG(s) 'example_complex' retrieved from /home/felipe/.local/lib/python3.10/site-packages/airflow/example_dags/example_complex.py
[2023-12-31T10:06:49.249-0300] {logging_mixin.py:188} INFO - [2023-12-31T10:06:49.249-0300] {dag.py:3033} INFO - Sync 1 DAGs
[2023-12-31T10:06:49.329-0300] {logging_mixin.py:188} INFO - [2023-12-31T10:06:49.329-0300] {dag.py:3820} INFO - Setting next_dagrun for example_complex to None, run_after=None
[2023-12-31T10:06:49.478-0300] {processor.py:183} INFO - Processing /home/felipe/.local/lib/python3.10/site-packages/airflow/example_dags/example_complex.py took 0.459 seconds
[2023-12-31T11:28:15.327-0300] {processor.py:161} INFO - Started process (PID=33885) to work on /home/felipe/.local/lib/python3.10/site-packages/airflow/example_dags/example_complex.py
[2023-12-31T11:28:15.374-0300] {processor.py:830} INFO - Processing file /home/felipe/.local/lib/python3.10/site-packages/airflow/example_dags/example_complex.py for tasks to queue
[2023-12-31T11:28:15.406-0300] {logging_mixin.py:188} INFO - [2023-12-31T11:28:15.405-0300] {dagbag.py:538} INFO - Filling up the DagBag from /home/felipe/.local/lib/python3.10/site-packages/airflow/example_dags/example_complex.py
[2023-12-31T11:28:15.887-0300] {processor.py:840} INFO - DAG(s) 'example_complex' retrieved from /home/felipe/.local/lib/python3.10/site-packages/airflow/example_dags/example_complex.py
[2023-12-31T11:28:16.926-0300] {logging_mixin.py:188} INFO - [2023-12-31T11:28:16.925-0300] {dag.py:3033} INFO - Sync 1 DAGs
[2023-12-31T11:28:17.417-0300] {logging_mixin.py:188} INFO - [2023-12-31T11:28:17.405-0300] {dag.py:3820} INFO - Setting next_dagrun for example_complex to None, run_after=None
[2023-12-31T11:28:18.634-0300] {processor.py:183} INFO - Processing /home/felipe/.local/lib/python3.10/site-packages/airflow/example_dags/example_complex.py took 3.380 seconds
[2023-12-31T11:31:56.864-0300] {processor.py:161} INFO - Started process (PID=34314) to work on /home/felipe/.local/lib/python3.10/site-packages/airflow/example_dags/example_complex.py
[2023-12-31T11:31:56.874-0300] {processor.py:830} INFO - Processing file /home/felipe/.local/lib/python3.10/site-packages/airflow/example_dags/example_complex.py for tasks to queue
[2023-12-31T11:31:56.876-0300] {logging_mixin.py:188} INFO - [2023-12-31T11:31:56.875-0300] {dagbag.py:538} INFO - Filling up the DagBag from /home/felipe/.local/lib/python3.10/site-packages/airflow/example_dags/example_complex.py
[2023-12-31T11:31:56.954-0300] {processor.py:840} INFO - DAG(s) 'example_complex' retrieved from /home/felipe/.local/lib/python3.10/site-packages/airflow/example_dags/example_complex.py
[2023-12-31T11:31:57.115-0300] {logging_mixin.py:188} INFO - [2023-12-31T11:31:57.114-0300] {dag.py:3033} INFO - Sync 1 DAGs
[2023-12-31T11:31:57.186-0300] {logging_mixin.py:188} INFO - [2023-12-31T11:31:57.177-0300] {dag.py:3820} INFO - Setting next_dagrun for example_complex to None, run_after=None
[2023-12-31T11:31:57.345-0300] {processor.py:183} INFO - Processing /home/felipe/.local/lib/python3.10/site-packages/airflow/example_dags/example_complex.py took 0.500 seconds
[2023-12-31T11:34:50.016-0300] {processor.py:161} INFO - Started process (PID=34505) to work on /home/felipe/.local/lib/python3.10/site-packages/airflow/example_dags/example_complex.py
[2023-12-31T11:34:50.025-0300] {processor.py:830} INFO - Processing file /home/felipe/.local/lib/python3.10/site-packages/airflow/example_dags/example_complex.py for tasks to queue
[2023-12-31T11:34:50.034-0300] {logging_mixin.py:188} INFO - [2023-12-31T11:34:50.026-0300] {dagbag.py:538} INFO - Filling up the DagBag from /home/felipe/.local/lib/python3.10/site-packages/airflow/example_dags/example_complex.py
[2023-12-31T11:34:50.235-0300] {processor.py:840} INFO - DAG(s) 'example_complex' retrieved from /home/felipe/.local/lib/python3.10/site-packages/airflow/example_dags/example_complex.py
[2023-12-31T11:34:50.455-0300] {logging_mixin.py:188} INFO - [2023-12-31T11:34:50.454-0300] {dag.py:3033} INFO - Sync 1 DAGs
[2023-12-31T11:34:50.525-0300] {logging_mixin.py:188} INFO - [2023-12-31T11:34:50.525-0300] {dag.py:3820} INFO - Setting next_dagrun for example_complex to None, run_after=None
[2023-12-31T11:34:50.704-0300] {processor.py:183} INFO - Processing /home/felipe/.local/lib/python3.10/site-packages/airflow/example_dags/example_complex.py took 0.719 seconds
[2023-12-31T11:37:35.606-0300] {processor.py:161} INFO - Started process (PID=34716) to work on /home/felipe/.local/lib/python3.10/site-packages/airflow/example_dags/example_complex.py
[2023-12-31T11:37:35.615-0300] {processor.py:830} INFO - Processing file /home/felipe/.local/lib/python3.10/site-packages/airflow/example_dags/example_complex.py for tasks to queue
[2023-12-31T11:37:35.616-0300] {logging_mixin.py:188} INFO - [2023-12-31T11:37:35.616-0300] {dagbag.py:538} INFO - Filling up the DagBag from /home/felipe/.local/lib/python3.10/site-packages/airflow/example_dags/example_complex.py
[2023-12-31T11:37:35.686-0300] {processor.py:840} INFO - DAG(s) 'example_complex' retrieved from /home/felipe/.local/lib/python3.10/site-packages/airflow/example_dags/example_complex.py
[2023-12-31T11:37:35.855-0300] {logging_mixin.py:188} INFO - [2023-12-31T11:37:35.855-0300] {dag.py:3033} INFO - Sync 1 DAGs
[2023-12-31T11:37:35.965-0300] {logging_mixin.py:188} INFO - [2023-12-31T11:37:35.965-0300] {dag.py:3820} INFO - Setting next_dagrun for example_complex to None, run_after=None
[2023-12-31T11:37:36.184-0300] {processor.py:183} INFO - Processing /home/felipe/.local/lib/python3.10/site-packages/airflow/example_dags/example_complex.py took 0.590 seconds
[2023-12-31T11:40:21.376-0300] {processor.py:161} INFO - Started process (PID=34921) to work on /home/felipe/.local/lib/python3.10/site-packages/airflow/example_dags/example_complex.py
[2023-12-31T11:40:21.385-0300] {processor.py:830} INFO - Processing file /home/felipe/.local/lib/python3.10/site-packages/airflow/example_dags/example_complex.py for tasks to queue
[2023-12-31T11:40:21.394-0300] {logging_mixin.py:188} INFO - [2023-12-31T11:40:21.386-0300] {dagbag.py:538} INFO - Filling up the DagBag from /home/felipe/.local/lib/python3.10/site-packages/airflow/example_dags/example_complex.py
[2023-12-31T11:40:21.486-0300] {processor.py:840} INFO - DAG(s) 'example_complex' retrieved from /home/felipe/.local/lib/python3.10/site-packages/airflow/example_dags/example_complex.py
[2023-12-31T11:40:21.674-0300] {logging_mixin.py:188} INFO - [2023-12-31T11:40:21.674-0300] {dag.py:3033} INFO - Sync 1 DAGs
[2023-12-31T11:40:21.756-0300] {logging_mixin.py:188} INFO - [2023-12-31T11:40:21.755-0300] {dag.py:3820} INFO - Setting next_dagrun for example_complex to None, run_after=None
[2023-12-31T11:40:21.984-0300] {processor.py:183} INFO - Processing /home/felipe/.local/lib/python3.10/site-packages/airflow/example_dags/example_complex.py took 0.620 seconds
[2023-12-31T11:43:26.775-0300] {processor.py:161} INFO - Started process (PID=35131) to work on /home/felipe/.local/lib/python3.10/site-packages/airflow/example_dags/example_complex.py
[2023-12-31T11:43:26.784-0300] {processor.py:830} INFO - Processing file /home/felipe/.local/lib/python3.10/site-packages/airflow/example_dags/example_complex.py for tasks to queue
[2023-12-31T11:43:26.794-0300] {logging_mixin.py:188} INFO - [2023-12-31T11:43:26.786-0300] {dagbag.py:538} INFO - Filling up the DagBag from /home/felipe/.local/lib/python3.10/site-packages/airflow/example_dags/example_complex.py
[2023-12-31T11:43:26.904-0300] {processor.py:840} INFO - DAG(s) 'example_complex' retrieved from /home/felipe/.local/lib/python3.10/site-packages/airflow/example_dags/example_complex.py
[2023-12-31T11:43:27.145-0300] {logging_mixin.py:188} INFO - [2023-12-31T11:43:27.144-0300] {dag.py:3033} INFO - Sync 1 DAGs
[2023-12-31T11:43:27.305-0300] {logging_mixin.py:188} INFO - [2023-12-31T11:43:27.305-0300] {dag.py:3820} INFO - Setting next_dagrun for example_complex to None, run_after=None
[2023-12-31T11:43:27.595-0300] {processor.py:183} INFO - Processing /home/felipe/.local/lib/python3.10/site-packages/airflow/example_dags/example_complex.py took 0.840 seconds
[2023-12-31T11:46:46.274-0300] {processor.py:161} INFO - Started process (PID=35383) to work on /home/felipe/.local/lib/python3.10/site-packages/airflow/example_dags/example_complex.py
[2023-12-31T11:46:46.276-0300] {processor.py:830} INFO - Processing file /home/felipe/.local/lib/python3.10/site-packages/airflow/example_dags/example_complex.py for tasks to queue
[2023-12-31T11:46:46.285-0300] {logging_mixin.py:188} INFO - [2023-12-31T11:46:46.284-0300] {dagbag.py:538} INFO - Filling up the DagBag from /home/felipe/.local/lib/python3.10/site-packages/airflow/example_dags/example_complex.py
[2023-12-31T11:46:46.396-0300] {processor.py:840} INFO - DAG(s) 'example_complex' retrieved from /home/felipe/.local/lib/python3.10/site-packages/airflow/example_dags/example_complex.py
[2023-12-31T11:46:46.674-0300] {logging_mixin.py:188} INFO - [2023-12-31T11:46:46.674-0300] {dag.py:3033} INFO - Sync 1 DAGs
[2023-12-31T11:46:46.794-0300] {logging_mixin.py:188} INFO - [2023-12-31T11:46:46.794-0300] {dag.py:3820} INFO - Setting next_dagrun for example_complex to None, run_after=None
[2023-12-31T11:46:47.015-0300] {processor.py:183} INFO - Processing /home/felipe/.local/lib/python3.10/site-packages/airflow/example_dags/example_complex.py took 0.760 seconds
[2023-12-31T11:50:50.605-0300] {processor.py:161} INFO - Started process (PID=35692) to work on /home/felipe/.local/lib/python3.10/site-packages/airflow/example_dags/example_complex.py
[2023-12-31T11:50:50.615-0300] {processor.py:830} INFO - Processing file /home/felipe/.local/lib/python3.10/site-packages/airflow/example_dags/example_complex.py for tasks to queue
[2023-12-31T11:50:50.624-0300] {logging_mixin.py:188} INFO - [2023-12-31T11:50:50.624-0300] {dagbag.py:538} INFO - Filling up the DagBag from /home/felipe/.local/lib/python3.10/site-packages/airflow/example_dags/example_complex.py
[2023-12-31T11:50:50.716-0300] {processor.py:840} INFO - DAG(s) 'example_complex' retrieved from /home/felipe/.local/lib/python3.10/site-packages/airflow/example_dags/example_complex.py
[2023-12-31T11:50:50.926-0300] {logging_mixin.py:188} INFO - [2023-12-31T11:50:50.925-0300] {dag.py:3033} INFO - Sync 1 DAGs
[2023-12-31T11:50:51.055-0300] {logging_mixin.py:188} INFO - [2023-12-31T11:50:51.054-0300] {dag.py:3820} INFO - Setting next_dagrun for example_complex to None, run_after=None
[2023-12-31T11:50:51.344-0300] {processor.py:183} INFO - Processing /home/felipe/.local/lib/python3.10/site-packages/airflow/example_dags/example_complex.py took 0.758 seconds
[2023-12-31T11:55:36.675-0300] {processor.py:161} INFO - Started process (PID=35968) to work on /home/felipe/.local/lib/python3.10/site-packages/airflow/example_dags/example_complex.py
[2023-12-31T11:55:36.685-0300] {processor.py:830} INFO - Processing file /home/felipe/.local/lib/python3.10/site-packages/airflow/example_dags/example_complex.py for tasks to queue
[2023-12-31T11:55:36.694-0300] {logging_mixin.py:188} INFO - [2023-12-31T11:55:36.694-0300] {dagbag.py:538} INFO - Filling up the DagBag from /home/felipe/.local/lib/python3.10/site-packages/airflow/example_dags/example_complex.py
[2023-12-31T11:55:36.785-0300] {processor.py:840} INFO - DAG(s) 'example_complex' retrieved from /home/felipe/.local/lib/python3.10/site-packages/airflow/example_dags/example_complex.py
[2023-12-31T11:55:37.075-0300] {logging_mixin.py:188} INFO - [2023-12-31T11:55:37.075-0300] {dag.py:3033} INFO - Sync 1 DAGs
[2023-12-31T11:55:37.184-0300] {logging_mixin.py:188} INFO - [2023-12-31T11:55:37.175-0300] {dag.py:3820} INFO - Setting next_dagrun for example_complex to None, run_after=None
[2023-12-31T11:55:37.455-0300] {processor.py:183} INFO - Processing /home/felipe/.local/lib/python3.10/site-packages/airflow/example_dags/example_complex.py took 0.800 seconds
[2023-12-31T11:59:05.945-0300] {processor.py:161} INFO - Started process (PID=36178) to work on /home/felipe/.local/lib/python3.10/site-packages/airflow/example_dags/example_complex.py
[2023-12-31T11:59:05.965-0300] {processor.py:830} INFO - Processing file /home/felipe/.local/lib/python3.10/site-packages/airflow/example_dags/example_complex.py for tasks to queue
[2023-12-31T11:59:05.975-0300] {logging_mixin.py:188} INFO - [2023-12-31T11:59:05.974-0300] {dagbag.py:538} INFO - Filling up the DagBag from /home/felipe/.local/lib/python3.10/site-packages/airflow/example_dags/example_complex.py
[2023-12-31T11:59:06.074-0300] {processor.py:840} INFO - DAG(s) 'example_complex' retrieved from /home/felipe/.local/lib/python3.10/site-packages/airflow/example_dags/example_complex.py
[2023-12-31T11:59:06.314-0300] {logging_mixin.py:188} INFO - [2023-12-31T11:59:06.314-0300] {dag.py:3033} INFO - Sync 1 DAGs
[2023-12-31T11:59:06.425-0300] {logging_mixin.py:188} INFO - [2023-12-31T11:59:06.425-0300] {dag.py:3820} INFO - Setting next_dagrun for example_complex to None, run_after=None
[2023-12-31T11:59:06.664-0300] {processor.py:183} INFO - Processing /home/felipe/.local/lib/python3.10/site-packages/airflow/example_dags/example_complex.py took 0.739 seconds
[2023-12-31T12:02:48.275-0300] {processor.py:161} INFO - Started process (PID=36415) to work on /home/felipe/.local/lib/python3.10/site-packages/airflow/example_dags/example_complex.py
[2023-12-31T12:02:48.285-0300] {processor.py:830} INFO - Processing file /home/felipe/.local/lib/python3.10/site-packages/airflow/example_dags/example_complex.py for tasks to queue
[2023-12-31T12:02:48.295-0300] {logging_mixin.py:188} INFO - [2023-12-31T12:02:48.294-0300] {dagbag.py:538} INFO - Filling up the DagBag from /home/felipe/.local/lib/python3.10/site-packages/airflow/example_dags/example_complex.py
[2023-12-31T12:02:48.454-0300] {processor.py:840} INFO - DAG(s) 'example_complex' retrieved from /home/felipe/.local/lib/python3.10/site-packages/airflow/example_dags/example_complex.py
[2023-12-31T12:02:48.765-0300] {logging_mixin.py:188} INFO - [2023-12-31T12:02:48.764-0300] {dag.py:3033} INFO - Sync 1 DAGs
[2023-12-31T12:02:48.954-0300] {logging_mixin.py:188} INFO - [2023-12-31T12:02:48.954-0300] {dag.py:3820} INFO - Setting next_dagrun for example_complex to None, run_after=None
[2023-12-31T12:02:49.265-0300] {processor.py:183} INFO - Processing /home/felipe/.local/lib/python3.10/site-packages/airflow/example_dags/example_complex.py took 1.020 seconds
