[2023-12-31T09:36:56.278-0300] {processor.py:161} INFO - Started process (PID=32040) to work on /home/felipe/.local/lib/python3.10/site-packages/airflow/example_dags/example_short_circuit_operator.py
[2023-12-31T09:36:56.280-0300] {processor.py:830} INFO - Processing file /home/felipe/.local/lib/python3.10/site-packages/airflow/example_dags/example_short_circuit_operator.py for tasks to queue
[2023-12-31T09:36:56.281-0300] {logging_mixin.py:188} INFO - [2023-12-31T09:36:56.280-0300] {dagbag.py:538} INFO - Filling up the DagBag from /home/felipe/.local/lib/python3.10/site-packages/airflow/example_dags/example_short_circuit_operator.py
[2023-12-31T09:36:56.308-0300] {processor.py:840} INFO - DAG(s) 'example_short_circuit_operator' retrieved from /home/felipe/.local/lib/python3.10/site-packages/airflow/example_dags/example_short_circuit_operator.py
[2023-12-31T09:36:56.740-0300] {logging_mixin.py:188} INFO - [2023-12-31T09:36:56.739-0300] {dag.py:3033} INFO - Sync 1 DAGs
[2023-12-31T09:36:56.811-0300] {logging_mixin.py:188} INFO - [2023-12-31T09:36:56.810-0300] {dag.py:3820} INFO - Setting next_dagrun for example_short_circuit_operator to 2023-12-30T00:00:00+00:00, run_after=2023-12-31T00:00:00+00:00
[2023-12-31T09:36:56.909-0300] {processor.py:183} INFO - Processing /home/felipe/.local/lib/python3.10/site-packages/airflow/example_dags/example_short_circuit_operator.py took 0.641 seconds
[2023-12-31T09:38:50.100-0300] {processor.py:161} INFO - Started process (PID=32189) to work on /home/felipe/.local/lib/python3.10/site-packages/airflow/example_dags/example_short_circuit_operator.py
[2023-12-31T09:38:50.109-0300] {processor.py:830} INFO - Processing file /home/felipe/.local/lib/python3.10/site-packages/airflow/example_dags/example_short_circuit_operator.py for tasks to queue
[2023-12-31T09:38:50.116-0300] {logging_mixin.py:188} INFO - [2023-12-31T09:38:50.110-0300] {dagbag.py:538} INFO - Filling up the DagBag from /home/felipe/.local/lib/python3.10/site-packages/airflow/example_dags/example_short_circuit_operator.py
[2023-12-31T09:38:50.167-0300] {processor.py:840} INFO - DAG(s) 'example_short_circuit_operator' retrieved from /home/felipe/.local/lib/python3.10/site-packages/airflow/example_dags/example_short_circuit_operator.py
[2023-12-31T09:38:50.290-0300] {logging_mixin.py:188} INFO - [2023-12-31T09:38:50.289-0300] {dag.py:3033} INFO - Sync 1 DAGs
[2023-12-31T09:38:50.420-0300] {logging_mixin.py:188} INFO - [2023-12-31T09:38:50.420-0300] {dag.py:3820} INFO - Setting next_dagrun for example_short_circuit_operator to 2023-12-30T00:00:00+00:00, run_after=2023-12-31T00:00:00+00:00
[2023-12-31T09:38:50.647-0300] {processor.py:183} INFO - Processing /home/felipe/.local/lib/python3.10/site-packages/airflow/example_dags/example_short_circuit_operator.py took 0.557 seconds
[2023-12-31T09:52:39.627-0300] {processor.py:161} INFO - Started process (PID=32795) to work on /home/felipe/.local/lib/python3.10/site-packages/airflow/example_dags/example_short_circuit_operator.py
[2023-12-31T09:52:39.648-0300] {processor.py:830} INFO - Processing file /home/felipe/.local/lib/python3.10/site-packages/airflow/example_dags/example_short_circuit_operator.py for tasks to queue
[2023-12-31T09:52:39.670-0300] {logging_mixin.py:188} INFO - [2023-12-31T09:52:39.668-0300] {dagbag.py:538} INFO - Filling up the DagBag from /home/felipe/.local/lib/python3.10/site-packages/airflow/example_dags/example_short_circuit_operator.py
[2023-12-31T09:52:39.968-0300] {processor.py:840} INFO - DAG(s) 'example_short_circuit_operator' retrieved from /home/felipe/.local/lib/python3.10/site-packages/airflow/example_dags/example_short_circuit_operator.py
[2023-12-31T09:52:44.389-0300] {logging_mixin.py:188} INFO - [2023-12-31T09:52:44.387-0300] {dag.py:3033} INFO - Sync 1 DAGs
[2023-12-31T09:52:45.120-0300] {logging_mixin.py:188} INFO - [2023-12-31T09:52:45.100-0300] {dag.py:3820} INFO - Setting next_dagrun for example_short_circuit_operator to 2023-12-30T00:00:00+00:00, run_after=2023-12-31T00:00:00+00:00
[2023-12-31T09:52:46.137-0300] {processor.py:183} INFO - Processing /home/felipe/.local/lib/python3.10/site-packages/airflow/example_dags/example_short_circuit_operator.py took 6.561 seconds
[2023-12-31T09:55:45.418-0300] {processor.py:161} INFO - Started process (PID=32954) to work on /home/felipe/.local/lib/python3.10/site-packages/airflow/example_dags/example_short_circuit_operator.py
[2023-12-31T09:55:45.429-0300] {processor.py:830} INFO - Processing file /home/felipe/.local/lib/python3.10/site-packages/airflow/example_dags/example_short_circuit_operator.py for tasks to queue
[2023-12-31T09:55:45.440-0300] {logging_mixin.py:188} INFO - [2023-12-31T09:55:45.438-0300] {dagbag.py:538} INFO - Filling up the DagBag from /home/felipe/.local/lib/python3.10/site-packages/airflow/example_dags/example_short_circuit_operator.py
[2023-12-31T09:55:45.550-0300] {processor.py:840} INFO - DAG(s) 'example_short_circuit_operator' retrieved from /home/felipe/.local/lib/python3.10/site-packages/airflow/example_dags/example_short_circuit_operator.py
[2023-12-31T09:55:45.919-0300] {logging_mixin.py:188} INFO - [2023-12-31T09:55:45.918-0300] {dag.py:3033} INFO - Sync 1 DAGs
[2023-12-31T09:55:46.380-0300] {logging_mixin.py:188} INFO - [2023-12-31T09:55:46.378-0300] {dag.py:3820} INFO - Setting next_dagrun for example_short_circuit_operator to 2023-12-30T00:00:00+00:00, run_after=2023-12-31T00:00:00+00:00
[2023-12-31T09:55:48.020-0300] {processor.py:183} INFO - Processing /home/felipe/.local/lib/python3.10/site-packages/airflow/example_dags/example_short_circuit_operator.py took 2.640 seconds
[2023-12-31T10:00:10.819-0300] {processor.py:161} INFO - Started process (PID=33162) to work on /home/felipe/.local/lib/python3.10/site-packages/airflow/example_dags/example_short_circuit_operator.py
[2023-12-31T10:00:10.836-0300] {processor.py:830} INFO - Processing file /home/felipe/.local/lib/python3.10/site-packages/airflow/example_dags/example_short_circuit_operator.py for tasks to queue
[2023-12-31T10:00:10.838-0300] {logging_mixin.py:188} INFO - [2023-12-31T10:00:10.838-0300] {dagbag.py:538} INFO - Filling up the DagBag from /home/felipe/.local/lib/python3.10/site-packages/airflow/example_dags/example_short_circuit_operator.py
[2023-12-31T10:00:10.889-0300] {processor.py:840} INFO - DAG(s) 'example_short_circuit_operator' retrieved from /home/felipe/.local/lib/python3.10/site-packages/airflow/example_dags/example_short_circuit_operator.py
[2023-12-31T10:00:10.989-0300] {logging_mixin.py:188} INFO - [2023-12-31T10:00:10.988-0300] {dag.py:3033} INFO - Sync 1 DAGs
[2023-12-31T10:00:11.099-0300] {logging_mixin.py:188} INFO - [2023-12-31T10:00:11.098-0300] {dag.py:3820} INFO - Setting next_dagrun for example_short_circuit_operator to 2023-12-30T00:00:00+00:00, run_after=2023-12-31T00:00:00+00:00
[2023-12-31T10:00:11.239-0300] {processor.py:183} INFO - Processing /home/felipe/.local/lib/python3.10/site-packages/airflow/example_dags/example_short_circuit_operator.py took 0.432 seconds
[2023-12-31T10:01:37.389-0300] {processor.py:161} INFO - Started process (PID=33293) to work on /home/felipe/.local/lib/python3.10/site-packages/airflow/example_dags/example_short_circuit_operator.py
[2023-12-31T10:01:37.397-0300] {processor.py:830} INFO - Processing file /home/felipe/.local/lib/python3.10/site-packages/airflow/example_dags/example_short_circuit_operator.py for tasks to queue
[2023-12-31T10:01:37.399-0300] {logging_mixin.py:188} INFO - [2023-12-31T10:01:37.398-0300] {dagbag.py:538} INFO - Filling up the DagBag from /home/felipe/.local/lib/python3.10/site-packages/airflow/example_dags/example_short_circuit_operator.py
[2023-12-31T10:01:37.437-0300] {processor.py:840} INFO - DAG(s) 'example_short_circuit_operator' retrieved from /home/felipe/.local/lib/python3.10/site-packages/airflow/example_dags/example_short_circuit_operator.py
[2023-12-31T10:01:37.518-0300] {logging_mixin.py:188} INFO - [2023-12-31T10:01:37.517-0300] {dag.py:3033} INFO - Sync 1 DAGs
[2023-12-31T10:01:37.617-0300] {logging_mixin.py:188} INFO - [2023-12-31T10:01:37.617-0300] {dag.py:3820} INFO - Setting next_dagrun for example_short_circuit_operator to 2023-12-30T00:00:00+00:00, run_after=2023-12-31T00:00:00+00:00
[2023-12-31T10:01:37.788-0300] {processor.py:183} INFO - Processing /home/felipe/.local/lib/python3.10/site-packages/airflow/example_dags/example_short_circuit_operator.py took 0.410 seconds
[2023-12-31T10:02:44.818-0300] {processor.py:161} INFO - Started process (PID=33351) to work on /home/felipe/.local/lib/python3.10/site-packages/airflow/example_dags/example_short_circuit_operator.py
[2023-12-31T10:02:44.827-0300] {processor.py:830} INFO - Processing file /home/felipe/.local/lib/python3.10/site-packages/airflow/example_dags/example_short_circuit_operator.py for tasks to queue
[2023-12-31T10:02:44.828-0300] {logging_mixin.py:188} INFO - [2023-12-31T10:02:44.827-0300] {dagbag.py:538} INFO - Filling up the DagBag from /home/felipe/.local/lib/python3.10/site-packages/airflow/example_dags/example_short_circuit_operator.py
[2023-12-31T10:02:44.860-0300] {processor.py:840} INFO - DAG(s) 'example_short_circuit_operator' retrieved from /home/felipe/.local/lib/python3.10/site-packages/airflow/example_dags/example_short_circuit_operator.py
[2023-12-31T10:02:44.948-0300] {logging_mixin.py:188} INFO - [2023-12-31T10:02:44.947-0300] {dag.py:3033} INFO - Sync 1 DAGs
[2023-12-31T10:02:45.058-0300] {logging_mixin.py:188} INFO - [2023-12-31T10:02:45.057-0300] {dag.py:3820} INFO - Setting next_dagrun for example_short_circuit_operator to 2023-12-30T00:00:00+00:00, run_after=2023-12-31T00:00:00+00:00
[2023-12-31T10:02:45.199-0300] {processor.py:183} INFO - Processing /home/felipe/.local/lib/python3.10/site-packages/airflow/example_dags/example_short_circuit_operator.py took 0.392 seconds
[2023-12-31T10:03:51.027-0300] {processor.py:161} INFO - Started process (PID=33429) to work on /home/felipe/.local/lib/python3.10/site-packages/airflow/example_dags/example_short_circuit_operator.py
[2023-12-31T10:03:51.030-0300] {processor.py:830} INFO - Processing file /home/felipe/.local/lib/python3.10/site-packages/airflow/example_dags/example_short_circuit_operator.py for tasks to queue
[2023-12-31T10:03:51.037-0300] {logging_mixin.py:188} INFO - [2023-12-31T10:03:51.037-0300] {dagbag.py:538} INFO - Filling up the DagBag from /home/felipe/.local/lib/python3.10/site-packages/airflow/example_dags/example_short_circuit_operator.py
[2023-12-31T10:03:51.069-0300] {processor.py:840} INFO - DAG(s) 'example_short_circuit_operator' retrieved from /home/felipe/.local/lib/python3.10/site-packages/airflow/example_dags/example_short_circuit_operator.py
[2023-12-31T10:03:51.177-0300] {logging_mixin.py:188} INFO - [2023-12-31T10:03:51.177-0300] {dag.py:3033} INFO - Sync 1 DAGs
[2023-12-31T10:03:51.308-0300] {logging_mixin.py:188} INFO - [2023-12-31T10:03:51.308-0300] {dag.py:3820} INFO - Setting next_dagrun for example_short_circuit_operator to 2023-12-30T00:00:00+00:00, run_after=2023-12-31T00:00:00+00:00
[2023-12-31T10:03:51.436-0300] {processor.py:183} INFO - Processing /home/felipe/.local/lib/python3.10/site-packages/airflow/example_dags/example_short_circuit_operator.py took 0.427 seconds
[2023-12-31T10:05:02.847-0300] {processor.py:161} INFO - Started process (PID=33509) to work on /home/felipe/.local/lib/python3.10/site-packages/airflow/example_dags/example_short_circuit_operator.py
[2023-12-31T10:05:02.849-0300] {processor.py:830} INFO - Processing file /home/felipe/.local/lib/python3.10/site-packages/airflow/example_dags/example_short_circuit_operator.py for tasks to queue
[2023-12-31T10:05:02.857-0300] {logging_mixin.py:188} INFO - [2023-12-31T10:05:02.850-0300] {dagbag.py:538} INFO - Filling up the DagBag from /home/felipe/.local/lib/python3.10/site-packages/airflow/example_dags/example_short_circuit_operator.py
[2023-12-31T10:05:02.889-0300] {processor.py:840} INFO - DAG(s) 'example_short_circuit_operator' retrieved from /home/felipe/.local/lib/python3.10/site-packages/airflow/example_dags/example_short_circuit_operator.py
[2023-12-31T10:05:02.977-0300] {logging_mixin.py:188} INFO - [2023-12-31T10:05:02.976-0300] {dag.py:3033} INFO - Sync 1 DAGs
[2023-12-31T10:05:03.089-0300] {logging_mixin.py:188} INFO - [2023-12-31T10:05:03.089-0300] {dag.py:3820} INFO - Setting next_dagrun for example_short_circuit_operator to 2023-12-30T00:00:00+00:00, run_after=2023-12-31T00:00:00+00:00
[2023-12-31T10:05:03.258-0300] {processor.py:183} INFO - Processing /home/felipe/.local/lib/python3.10/site-packages/airflow/example_dags/example_short_circuit_operator.py took 0.428 seconds
[2023-12-31T10:06:12.698-0300] {processor.py:161} INFO - Started process (PID=33595) to work on /home/felipe/.local/lib/python3.10/site-packages/airflow/example_dags/example_short_circuit_operator.py
[2023-12-31T10:06:12.706-0300] {processor.py:830} INFO - Processing file /home/felipe/.local/lib/python3.10/site-packages/airflow/example_dags/example_short_circuit_operator.py for tasks to queue
[2023-12-31T10:06:12.708-0300] {logging_mixin.py:188} INFO - [2023-12-31T10:06:12.707-0300] {dagbag.py:538} INFO - Filling up the DagBag from /home/felipe/.local/lib/python3.10/site-packages/airflow/example_dags/example_short_circuit_operator.py
[2023-12-31T10:06:12.749-0300] {processor.py:840} INFO - DAG(s) 'example_short_circuit_operator' retrieved from /home/felipe/.local/lib/python3.10/site-packages/airflow/example_dags/example_short_circuit_operator.py
[2023-12-31T10:06:12.849-0300] {logging_mixin.py:188} INFO - [2023-12-31T10:06:12.849-0300] {dag.py:3033} INFO - Sync 1 DAGs
[2023-12-31T10:06:12.958-0300] {logging_mixin.py:188} INFO - [2023-12-31T10:06:12.958-0300] {dag.py:3820} INFO - Setting next_dagrun for example_short_circuit_operator to 2023-12-30T00:00:00+00:00, run_after=2023-12-31T00:00:00+00:00
[2023-12-31T10:06:13.098-0300] {processor.py:183} INFO - Processing /home/felipe/.local/lib/python3.10/site-packages/airflow/example_dags/example_short_circuit_operator.py took 0.411 seconds
[2023-12-31T10:07:25.057-0300] {processor.py:161} INFO - Started process (PID=33704) to work on /home/felipe/.local/lib/python3.10/site-packages/airflow/example_dags/example_short_circuit_operator.py
[2023-12-31T10:07:25.059-0300] {processor.py:830} INFO - Processing file /home/felipe/.local/lib/python3.10/site-packages/airflow/example_dags/example_short_circuit_operator.py for tasks to queue
[2023-12-31T10:07:25.067-0300] {logging_mixin.py:188} INFO - [2023-12-31T10:07:25.067-0300] {dagbag.py:538} INFO - Filling up the DagBag from /home/felipe/.local/lib/python3.10/site-packages/airflow/example_dags/example_short_circuit_operator.py
[2023-12-31T10:07:25.118-0300] {processor.py:840} INFO - DAG(s) 'example_short_circuit_operator' retrieved from /home/felipe/.local/lib/python3.10/site-packages/airflow/example_dags/example_short_circuit_operator.py
[2023-12-31T10:07:25.209-0300] {logging_mixin.py:188} INFO - [2023-12-31T10:07:25.208-0300] {dag.py:3033} INFO - Sync 1 DAGs
[2023-12-31T10:07:25.317-0300] {logging_mixin.py:188} INFO - [2023-12-31T10:07:25.317-0300] {dag.py:3820} INFO - Setting next_dagrun for example_short_circuit_operator to 2023-12-30T00:00:00+00:00, run_after=2023-12-31T00:00:00+00:00
[2023-12-31T10:07:25.466-0300] {processor.py:183} INFO - Processing /home/felipe/.local/lib/python3.10/site-packages/airflow/example_dags/example_short_circuit_operator.py took 0.427 seconds
[2023-12-31T10:08:37.457-0300] {processor.py:161} INFO - Started process (PID=33790) to work on /home/felipe/.local/lib/python3.10/site-packages/airflow/example_dags/example_short_circuit_operator.py
[2023-12-31T10:08:37.459-0300] {processor.py:830} INFO - Processing file /home/felipe/.local/lib/python3.10/site-packages/airflow/example_dags/example_short_circuit_operator.py for tasks to queue
[2023-12-31T10:08:37.467-0300] {logging_mixin.py:188} INFO - [2023-12-31T10:08:37.467-0300] {dagbag.py:538} INFO - Filling up the DagBag from /home/felipe/.local/lib/python3.10/site-packages/airflow/example_dags/example_short_circuit_operator.py
[2023-12-31T10:08:37.507-0300] {processor.py:840} INFO - DAG(s) 'example_short_circuit_operator' retrieved from /home/felipe/.local/lib/python3.10/site-packages/airflow/example_dags/example_short_circuit_operator.py
[2023-12-31T10:08:37.598-0300] {logging_mixin.py:188} INFO - [2023-12-31T10:08:37.597-0300] {dag.py:3033} INFO - Sync 1 DAGs
[2023-12-31T10:08:37.709-0300] {logging_mixin.py:188} INFO - [2023-12-31T10:08:37.708-0300] {dag.py:3820} INFO - Setting next_dagrun for example_short_circuit_operator to 2023-12-30T00:00:00+00:00, run_after=2023-12-31T00:00:00+00:00
[2023-12-31T10:08:37.858-0300] {processor.py:183} INFO - Processing /home/felipe/.local/lib/python3.10/site-packages/airflow/example_dags/example_short_circuit_operator.py took 0.411 seconds
[2023-12-31T11:29:17.364-0300] {processor.py:161} INFO - Started process (PID=33999) to work on /home/felipe/.local/lib/python3.10/site-packages/airflow/example_dags/example_short_circuit_operator.py
[2023-12-31T11:29:17.367-0300] {processor.py:830} INFO - Processing file /home/felipe/.local/lib/python3.10/site-packages/airflow/example_dags/example_short_circuit_operator.py for tasks to queue
[2023-12-31T11:29:17.375-0300] {logging_mixin.py:188} INFO - [2023-12-31T11:29:17.375-0300] {dagbag.py:538} INFO - Filling up the DagBag from /home/felipe/.local/lib/python3.10/site-packages/airflow/example_dags/example_short_circuit_operator.py
[2023-12-31T11:29:17.426-0300] {processor.py:840} INFO - DAG(s) 'example_short_circuit_operator' retrieved from /home/felipe/.local/lib/python3.10/site-packages/airflow/example_dags/example_short_circuit_operator.py
[2023-12-31T11:29:17.566-0300] {logging_mixin.py:188} INFO - [2023-12-31T11:29:17.566-0300] {dag.py:3033} INFO - Sync 1 DAGs
[2023-12-31T11:29:17.706-0300] {logging_mixin.py:188} INFO - [2023-12-31T11:29:17.705-0300] {dag.py:3820} INFO - Setting next_dagrun for example_short_circuit_operator to 2023-12-30T00:00:00+00:00, run_after=2023-12-31T00:00:00+00:00
[2023-12-31T11:29:17.885-0300] {processor.py:183} INFO - Processing /home/felipe/.local/lib/python3.10/site-packages/airflow/example_dags/example_short_circuit_operator.py took 0.540 seconds
[2023-12-31T11:31:11.086-0300] {processor.py:161} INFO - Started process (PID=34256) to work on /home/felipe/.local/lib/python3.10/site-packages/airflow/example_dags/example_short_circuit_operator.py
[2023-12-31T11:31:11.106-0300] {processor.py:830} INFO - Processing file /home/felipe/.local/lib/python3.10/site-packages/airflow/example_dags/example_short_circuit_operator.py for tasks to queue
[2023-12-31T11:31:11.115-0300] {logging_mixin.py:188} INFO - [2023-12-31T11:31:11.114-0300] {dagbag.py:538} INFO - Filling up the DagBag from /home/felipe/.local/lib/python3.10/site-packages/airflow/example_dags/example_short_circuit_operator.py
[2023-12-31T11:31:11.185-0300] {processor.py:840} INFO - DAG(s) 'example_short_circuit_operator' retrieved from /home/felipe/.local/lib/python3.10/site-packages/airflow/example_dags/example_short_circuit_operator.py
[2023-12-31T11:31:11.375-0300] {logging_mixin.py:188} INFO - [2023-12-31T11:31:11.367-0300] {dag.py:3033} INFO - Sync 1 DAGs
[2023-12-31T11:31:11.627-0300] {logging_mixin.py:188} INFO - [2023-12-31T11:31:11.626-0300] {dag.py:3820} INFO - Setting next_dagrun for example_short_circuit_operator to 2023-12-30T00:00:00+00:00, run_after=2023-12-31T00:00:00+00:00
[2023-12-31T11:31:11.935-0300] {processor.py:183} INFO - Processing /home/felipe/.local/lib/python3.10/site-packages/airflow/example_dags/example_short_circuit_operator.py took 0.869 seconds
[2023-12-31T11:32:35.634-0300] {processor.py:161} INFO - Started process (PID=34360) to work on /home/felipe/.local/lib/python3.10/site-packages/airflow/example_dags/example_short_circuit_operator.py
[2023-12-31T11:32:35.636-0300] {processor.py:830} INFO - Processing file /home/felipe/.local/lib/python3.10/site-packages/airflow/example_dags/example_short_circuit_operator.py for tasks to queue
[2023-12-31T11:32:35.645-0300] {logging_mixin.py:188} INFO - [2023-12-31T11:32:35.644-0300] {dagbag.py:538} INFO - Filling up the DagBag from /home/felipe/.local/lib/python3.10/site-packages/airflow/example_dags/example_short_circuit_operator.py
[2023-12-31T11:32:35.695-0300] {processor.py:840} INFO - DAG(s) 'example_short_circuit_operator' retrieved from /home/felipe/.local/lib/python3.10/site-packages/airflow/example_dags/example_short_circuit_operator.py
[2023-12-31T11:32:35.866-0300] {logging_mixin.py:188} INFO - [2023-12-31T11:32:35.866-0300] {dag.py:3033} INFO - Sync 1 DAGs
[2023-12-31T11:32:35.996-0300] {logging_mixin.py:188} INFO - [2023-12-31T11:32:35.996-0300] {dag.py:3820} INFO - Setting next_dagrun for example_short_circuit_operator to 2023-12-30T00:00:00+00:00, run_after=2023-12-31T00:00:00+00:00
[2023-12-31T11:32:36.165-0300] {processor.py:183} INFO - Processing /home/felipe/.local/lib/python3.10/site-packages/airflow/example_dags/example_short_circuit_operator.py took 0.549 seconds
[2023-12-31T11:34:05.636-0300] {processor.py:161} INFO - Started process (PID=34460) to work on /home/felipe/.local/lib/python3.10/site-packages/airflow/example_dags/example_short_circuit_operator.py
[2023-12-31T11:34:05.644-0300] {processor.py:830} INFO - Processing file /home/felipe/.local/lib/python3.10/site-packages/airflow/example_dags/example_short_circuit_operator.py for tasks to queue
[2023-12-31T11:34:05.646-0300] {logging_mixin.py:188} INFO - [2023-12-31T11:34:05.645-0300] {dagbag.py:538} INFO - Filling up the DagBag from /home/felipe/.local/lib/python3.10/site-packages/airflow/example_dags/example_short_circuit_operator.py
[2023-12-31T11:34:05.687-0300] {processor.py:840} INFO - DAG(s) 'example_short_circuit_operator' retrieved from /home/felipe/.local/lib/python3.10/site-packages/airflow/example_dags/example_short_circuit_operator.py
[2023-12-31T11:34:05.835-0300] {logging_mixin.py:188} INFO - [2023-12-31T11:34:05.834-0300] {dag.py:3033} INFO - Sync 1 DAGs
[2023-12-31T11:34:05.975-0300] {logging_mixin.py:188} INFO - [2023-12-31T11:34:05.975-0300] {dag.py:3820} INFO - Setting next_dagrun for example_short_circuit_operator to 2023-12-30T00:00:00+00:00, run_after=2023-12-31T00:00:00+00:00
[2023-12-31T11:34:06.125-0300] {processor.py:183} INFO - Processing /home/felipe/.local/lib/python3.10/site-packages/airflow/example_dags/example_short_circuit_operator.py took 0.501 seconds
[2023-12-31T11:35:28.294-0300] {processor.py:161} INFO - Started process (PID=34578) to work on /home/felipe/.local/lib/python3.10/site-packages/airflow/example_dags/example_short_circuit_operator.py
[2023-12-31T11:35:28.304-0300] {processor.py:830} INFO - Processing file /home/felipe/.local/lib/python3.10/site-packages/airflow/example_dags/example_short_circuit_operator.py for tasks to queue
[2023-12-31T11:35:28.314-0300] {logging_mixin.py:188} INFO - [2023-12-31T11:35:28.306-0300] {dagbag.py:538} INFO - Filling up the DagBag from /home/felipe/.local/lib/python3.10/site-packages/airflow/example_dags/example_short_circuit_operator.py
[2023-12-31T11:35:28.365-0300] {processor.py:840} INFO - DAG(s) 'example_short_circuit_operator' retrieved from /home/felipe/.local/lib/python3.10/site-packages/airflow/example_dags/example_short_circuit_operator.py
[2023-12-31T11:35:28.514-0300] {logging_mixin.py:188} INFO - [2023-12-31T11:35:28.514-0300] {dag.py:3033} INFO - Sync 1 DAGs
[2023-12-31T11:35:28.794-0300] {logging_mixin.py:188} INFO - [2023-12-31T11:35:28.786-0300] {dag.py:3820} INFO - Setting next_dagrun for example_short_circuit_operator to 2023-12-30T00:00:00+00:00, run_after=2023-12-31T00:00:00+00:00
[2023-12-31T11:35:29.086-0300] {processor.py:183} INFO - Processing /home/felipe/.local/lib/python3.10/site-packages/airflow/example_dags/example_short_circuit_operator.py took 0.810 seconds
[2023-12-31T11:36:52.106-0300] {processor.py:161} INFO - Started process (PID=34667) to work on /home/felipe/.local/lib/python3.10/site-packages/airflow/example_dags/example_short_circuit_operator.py
[2023-12-31T11:36:52.116-0300] {processor.py:830} INFO - Processing file /home/felipe/.local/lib/python3.10/site-packages/airflow/example_dags/example_short_circuit_operator.py for tasks to queue
[2023-12-31T11:36:52.124-0300] {logging_mixin.py:188} INFO - [2023-12-31T11:36:52.117-0300] {dagbag.py:538} INFO - Filling up the DagBag from /home/felipe/.local/lib/python3.10/site-packages/airflow/example_dags/example_short_circuit_operator.py
[2023-12-31T11:36:52.165-0300] {processor.py:840} INFO - DAG(s) 'example_short_circuit_operator' retrieved from /home/felipe/.local/lib/python3.10/site-packages/airflow/example_dags/example_short_circuit_operator.py
[2023-12-31T11:36:52.296-0300] {logging_mixin.py:188} INFO - [2023-12-31T11:36:52.295-0300] {dag.py:3033} INFO - Sync 1 DAGs
[2023-12-31T11:36:52.466-0300] {logging_mixin.py:188} INFO - [2023-12-31T11:36:52.466-0300] {dag.py:3820} INFO - Setting next_dagrun for example_short_circuit_operator to 2023-12-30T00:00:00+00:00, run_after=2023-12-31T00:00:00+00:00
[2023-12-31T11:36:52.645-0300] {processor.py:183} INFO - Processing /home/felipe/.local/lib/python3.10/site-packages/airflow/example_dags/example_short_circuit_operator.py took 0.550 seconds
[2023-12-31T11:38:16.275-0300] {processor.py:161} INFO - Started process (PID=34762) to work on /home/felipe/.local/lib/python3.10/site-packages/airflow/example_dags/example_short_circuit_operator.py
[2023-12-31T11:38:16.284-0300] {processor.py:830} INFO - Processing file /home/felipe/.local/lib/python3.10/site-packages/airflow/example_dags/example_short_circuit_operator.py for tasks to queue
[2023-12-31T11:38:16.285-0300] {logging_mixin.py:188} INFO - [2023-12-31T11:38:16.285-0300] {dagbag.py:538} INFO - Filling up the DagBag from /home/felipe/.local/lib/python3.10/site-packages/airflow/example_dags/example_short_circuit_operator.py
[2023-12-31T11:38:16.334-0300] {processor.py:840} INFO - DAG(s) 'example_short_circuit_operator' retrieved from /home/felipe/.local/lib/python3.10/site-packages/airflow/example_dags/example_short_circuit_operator.py
[2023-12-31T11:38:16.465-0300] {logging_mixin.py:188} INFO - [2023-12-31T11:38:16.465-0300] {dag.py:3033} INFO - Sync 1 DAGs
[2023-12-31T11:38:16.615-0300] {logging_mixin.py:188} INFO - [2023-12-31T11:38:16.614-0300] {dag.py:3820} INFO - Setting next_dagrun for example_short_circuit_operator to 2023-12-30T00:00:00+00:00, run_after=2023-12-31T00:00:00+00:00
[2023-12-31T11:38:16.807-0300] {processor.py:183} INFO - Processing /home/felipe/.local/lib/python3.10/site-packages/airflow/example_dags/example_short_circuit_operator.py took 0.551 seconds
[2023-12-31T11:39:37.834-0300] {processor.py:161} INFO - Started process (PID=34851) to work on /home/felipe/.local/lib/python3.10/site-packages/airflow/example_dags/example_short_circuit_operator.py
[2023-12-31T11:39:37.844-0300] {processor.py:830} INFO - Processing file /home/felipe/.local/lib/python3.10/site-packages/airflow/example_dags/example_short_circuit_operator.py for tasks to queue
[2023-12-31T11:39:37.845-0300] {logging_mixin.py:188} INFO - [2023-12-31T11:39:37.845-0300] {dagbag.py:538} INFO - Filling up the DagBag from /home/felipe/.local/lib/python3.10/site-packages/airflow/example_dags/example_short_circuit_operator.py
[2023-12-31T11:39:37.895-0300] {processor.py:840} INFO - DAG(s) 'example_short_circuit_operator' retrieved from /home/felipe/.local/lib/python3.10/site-packages/airflow/example_dags/example_short_circuit_operator.py
[2023-12-31T11:39:38.006-0300] {logging_mixin.py:188} INFO - [2023-12-31T11:39:38.005-0300] {dag.py:3033} INFO - Sync 1 DAGs
[2023-12-31T11:39:38.165-0300] {logging_mixin.py:188} INFO - [2023-12-31T11:39:38.164-0300] {dag.py:3820} INFO - Setting next_dagrun for example_short_circuit_operator to 2023-12-30T00:00:00+00:00, run_after=2023-12-31T00:00:00+00:00
[2023-12-31T11:39:38.346-0300] {processor.py:183} INFO - Processing /home/felipe/.local/lib/python3.10/site-packages/airflow/example_dags/example_short_circuit_operator.py took 0.541 seconds
[2023-12-31T11:41:01.604-0300] {processor.py:161} INFO - Started process (PID=34967) to work on /home/felipe/.local/lib/python3.10/site-packages/airflow/example_dags/example_short_circuit_operator.py
[2023-12-31T11:41:01.614-0300] {processor.py:830} INFO - Processing file /home/felipe/.local/lib/python3.10/site-packages/airflow/example_dags/example_short_circuit_operator.py for tasks to queue
[2023-12-31T11:41:01.615-0300] {logging_mixin.py:188} INFO - [2023-12-31T11:41:01.615-0300] {dagbag.py:538} INFO - Filling up the DagBag from /home/felipe/.local/lib/python3.10/site-packages/airflow/example_dags/example_short_circuit_operator.py
[2023-12-31T11:41:01.675-0300] {processor.py:840} INFO - DAG(s) 'example_short_circuit_operator' retrieved from /home/felipe/.local/lib/python3.10/site-packages/airflow/example_dags/example_short_circuit_operator.py
[2023-12-31T11:41:01.835-0300] {logging_mixin.py:188} INFO - [2023-12-31T11:41:01.835-0300] {dag.py:3033} INFO - Sync 1 DAGs
[2023-12-31T11:41:01.996-0300] {logging_mixin.py:188} INFO - [2023-12-31T11:41:01.996-0300] {dag.py:3820} INFO - Setting next_dagrun for example_short_circuit_operator to 2023-12-30T00:00:00+00:00, run_after=2023-12-31T00:00:00+00:00
[2023-12-31T11:41:02.195-0300] {processor.py:183} INFO - Processing /home/felipe/.local/lib/python3.10/site-packages/airflow/example_dags/example_short_circuit_operator.py took 0.609 seconds
[2023-12-31T11:42:35.404-0300] {processor.py:161} INFO - Started process (PID=35071) to work on /home/felipe/.local/lib/python3.10/site-packages/airflow/example_dags/example_short_circuit_operator.py
[2023-12-31T11:42:35.406-0300] {processor.py:830} INFO - Processing file /home/felipe/.local/lib/python3.10/site-packages/airflow/example_dags/example_short_circuit_operator.py for tasks to queue
[2023-12-31T11:42:35.415-0300] {logging_mixin.py:188} INFO - [2023-12-31T11:42:35.414-0300] {dagbag.py:538} INFO - Filling up the DagBag from /home/felipe/.local/lib/python3.10/site-packages/airflow/example_dags/example_short_circuit_operator.py
[2023-12-31T11:42:35.474-0300] {processor.py:840} INFO - DAG(s) 'example_short_circuit_operator' retrieved from /home/felipe/.local/lib/python3.10/site-packages/airflow/example_dags/example_short_circuit_operator.py
[2023-12-31T11:42:35.614-0300] {logging_mixin.py:188} INFO - [2023-12-31T11:42:35.606-0300] {dag.py:3033} INFO - Sync 1 DAGs
[2023-12-31T11:42:35.774-0300] {logging_mixin.py:188} INFO - [2023-12-31T11:42:35.774-0300] {dag.py:3820} INFO - Setting next_dagrun for example_short_circuit_operator to 2023-12-30T00:00:00+00:00, run_after=2023-12-31T00:00:00+00:00
[2023-12-31T11:42:35.946-0300] {processor.py:183} INFO - Processing /home/felipe/.local/lib/python3.10/site-packages/airflow/example_dags/example_short_circuit_operator.py took 0.561 seconds
[2023-12-31T11:44:12.396-0300] {processor.py:161} INFO - Started process (PID=35188) to work on /home/felipe/.local/lib/python3.10/site-packages/airflow/example_dags/example_short_circuit_operator.py
[2023-12-31T11:44:12.414-0300] {processor.py:830} INFO - Processing file /home/felipe/.local/lib/python3.10/site-packages/airflow/example_dags/example_short_circuit_operator.py for tasks to queue
[2023-12-31T11:44:12.416-0300] {logging_mixin.py:188} INFO - [2023-12-31T11:44:12.415-0300] {dagbag.py:538} INFO - Filling up the DagBag from /home/felipe/.local/lib/python3.10/site-packages/airflow/example_dags/example_short_circuit_operator.py
[2023-12-31T11:44:12.516-0300] {processor.py:840} INFO - DAG(s) 'example_short_circuit_operator' retrieved from /home/felipe/.local/lib/python3.10/site-packages/airflow/example_dags/example_short_circuit_operator.py
[2023-12-31T11:44:12.716-0300] {logging_mixin.py:188} INFO - [2023-12-31T11:44:12.715-0300] {dag.py:3033} INFO - Sync 1 DAGs
[2023-12-31T11:44:12.975-0300] {logging_mixin.py:188} INFO - [2023-12-31T11:44:12.974-0300] {dag.py:3820} INFO - Setting next_dagrun for example_short_circuit_operator to 2023-12-30T00:00:00+00:00, run_after=2023-12-31T00:00:00+00:00
[2023-12-31T11:44:13.294-0300] {processor.py:183} INFO - Processing /home/felipe/.local/lib/python3.10/site-packages/airflow/example_dags/example_short_circuit_operator.py took 0.920 seconds
[2023-12-31T11:45:53.714-0300] {processor.py:161} INFO - Started process (PID=35320) to work on /home/felipe/.local/lib/python3.10/site-packages/airflow/example_dags/example_short_circuit_operator.py
[2023-12-31T11:45:53.716-0300] {processor.py:830} INFO - Processing file /home/felipe/.local/lib/python3.10/site-packages/airflow/example_dags/example_short_circuit_operator.py for tasks to queue
[2023-12-31T11:45:53.725-0300] {logging_mixin.py:188} INFO - [2023-12-31T11:45:53.724-0300] {dagbag.py:538} INFO - Filling up the DagBag from /home/felipe/.local/lib/python3.10/site-packages/airflow/example_dags/example_short_circuit_operator.py
[2023-12-31T11:45:53.784-0300] {processor.py:840} INFO - DAG(s) 'example_short_circuit_operator' retrieved from /home/felipe/.local/lib/python3.10/site-packages/airflow/example_dags/example_short_circuit_operator.py
[2023-12-31T11:45:53.934-0300] {logging_mixin.py:188} INFO - [2023-12-31T11:45:53.934-0300] {dag.py:3033} INFO - Sync 1 DAGs
[2023-12-31T11:45:54.176-0300] {logging_mixin.py:188} INFO - [2023-12-31T11:45:54.175-0300] {dag.py:3820} INFO - Setting next_dagrun for example_short_circuit_operator to 2023-12-30T00:00:00+00:00, run_after=2023-12-31T00:00:00+00:00
[2023-12-31T11:45:54.474-0300] {processor.py:183} INFO - Processing /home/felipe/.local/lib/python3.10/site-packages/airflow/example_dags/example_short_circuit_operator.py took 0.788 seconds
[2023-12-31T11:47:31.055-0300] {processor.py:161} INFO - Started process (PID=35456) to work on /home/felipe/.local/lib/python3.10/site-packages/airflow/example_dags/example_short_circuit_operator.py
[2023-12-31T11:47:31.066-0300] {processor.py:830} INFO - Processing file /home/felipe/.local/lib/python3.10/site-packages/airflow/example_dags/example_short_circuit_operator.py for tasks to queue
[2023-12-31T11:47:31.075-0300] {logging_mixin.py:188} INFO - [2023-12-31T11:47:31.074-0300] {dagbag.py:538} INFO - Filling up the DagBag from /home/felipe/.local/lib/python3.10/site-packages/airflow/example_dags/example_short_circuit_operator.py
[2023-12-31T11:47:31.164-0300] {processor.py:840} INFO - DAG(s) 'example_short_circuit_operator' retrieved from /home/felipe/.local/lib/python3.10/site-packages/airflow/example_dags/example_short_circuit_operator.py
[2023-12-31T11:47:31.314-0300] {logging_mixin.py:188} INFO - [2023-12-31T11:47:31.306-0300] {dag.py:3033} INFO - Sync 1 DAGs
[2023-12-31T11:47:31.495-0300] {logging_mixin.py:188} INFO - [2023-12-31T11:47:31.495-0300] {dag.py:3820} INFO - Setting next_dagrun for example_short_circuit_operator to 2023-12-30T00:00:00+00:00, run_after=2023-12-31T00:00:00+00:00
[2023-12-31T11:47:31.714-0300] {processor.py:183} INFO - Processing /home/felipe/.local/lib/python3.10/site-packages/airflow/example_dags/example_short_circuit_operator.py took 0.698 seconds
[2023-12-31T11:49:46.034-0300] {processor.py:161} INFO - Started process (PID=35609) to work on /home/felipe/.local/lib/python3.10/site-packages/airflow/example_dags/example_short_circuit_operator.py
[2023-12-31T11:49:46.044-0300] {processor.py:830} INFO - Processing file /home/felipe/.local/lib/python3.10/site-packages/airflow/example_dags/example_short_circuit_operator.py for tasks to queue
[2023-12-31T11:49:46.046-0300] {logging_mixin.py:188} INFO - [2023-12-31T11:49:46.045-0300] {dagbag.py:538} INFO - Filling up the DagBag from /home/felipe/.local/lib/python3.10/site-packages/airflow/example_dags/example_short_circuit_operator.py
[2023-12-31T11:49:46.125-0300] {processor.py:840} INFO - DAG(s) 'example_short_circuit_operator' retrieved from /home/felipe/.local/lib/python3.10/site-packages/airflow/example_dags/example_short_circuit_operator.py
[2023-12-31T11:49:46.335-0300] {logging_mixin.py:188} INFO - [2023-12-31T11:49:46.334-0300] {dag.py:3033} INFO - Sync 1 DAGs
[2023-12-31T11:49:46.565-0300] {logging_mixin.py:188} INFO - [2023-12-31T11:49:46.565-0300] {dag.py:3820} INFO - Setting next_dagrun for example_short_circuit_operator to 2023-12-30T00:00:00+00:00, run_after=2023-12-31T00:00:00+00:00
[2023-12-31T11:49:46.846-0300] {processor.py:183} INFO - Processing /home/felipe/.local/lib/python3.10/site-packages/airflow/example_dags/example_short_circuit_operator.py took 0.840 seconds
[2023-12-31T11:51:59.724-0300] {processor.py:161} INFO - Started process (PID=35757) to work on /home/felipe/.local/lib/python3.10/site-packages/airflow/example_dags/example_short_circuit_operator.py
[2023-12-31T11:51:59.734-0300] {processor.py:830} INFO - Processing file /home/felipe/.local/lib/python3.10/site-packages/airflow/example_dags/example_short_circuit_operator.py for tasks to queue
[2023-12-31T11:51:59.746-0300] {logging_mixin.py:188} INFO - [2023-12-31T11:51:59.744-0300] {dagbag.py:538} INFO - Filling up the DagBag from /home/felipe/.local/lib/python3.10/site-packages/airflow/example_dags/example_short_circuit_operator.py
[2023-12-31T11:51:59.854-0300] {processor.py:840} INFO - DAG(s) 'example_short_circuit_operator' retrieved from /home/felipe/.local/lib/python3.10/site-packages/airflow/example_dags/example_short_circuit_operator.py
[2023-12-31T11:52:00.124-0300] {logging_mixin.py:188} INFO - [2023-12-31T11:52:00.115-0300] {dag.py:3033} INFO - Sync 1 DAGs
[2023-12-31T11:52:00.536-0300] {logging_mixin.py:188} INFO - [2023-12-31T11:52:00.535-0300] {dag.py:3820} INFO - Setting next_dagrun for example_short_circuit_operator to 2023-12-30T00:00:00+00:00, run_after=2023-12-31T00:00:00+00:00
[2023-12-31T11:52:00.876-0300] {processor.py:183} INFO - Processing /home/felipe/.local/lib/python3.10/site-packages/airflow/example_dags/example_short_circuit_operator.py took 1.180 seconds
[2023-12-31T11:54:39.594-0300] {processor.py:161} INFO - Started process (PID=35887) to work on /home/felipe/.local/lib/python3.10/site-packages/airflow/example_dags/example_short_circuit_operator.py
[2023-12-31T11:54:39.605-0300] {processor.py:830} INFO - Processing file /home/felipe/.local/lib/python3.10/site-packages/airflow/example_dags/example_short_circuit_operator.py for tasks to queue
[2023-12-31T11:54:39.615-0300] {logging_mixin.py:188} INFO - [2023-12-31T11:54:39.614-0300] {dagbag.py:538} INFO - Filling up the DagBag from /home/felipe/.local/lib/python3.10/site-packages/airflow/example_dags/example_short_circuit_operator.py
[2023-12-31T11:54:39.705-0300] {processor.py:840} INFO - DAG(s) 'example_short_circuit_operator' retrieved from /home/felipe/.local/lib/python3.10/site-packages/airflow/example_dags/example_short_circuit_operator.py
[2023-12-31T11:54:39.894-0300] {logging_mixin.py:188} INFO - [2023-12-31T11:54:39.894-0300] {dag.py:3033} INFO - Sync 1 DAGs
[2023-12-31T11:54:40.204-0300] {logging_mixin.py:188} INFO - [2023-12-31T11:54:40.195-0300] {dag.py:3820} INFO - Setting next_dagrun for example_short_circuit_operator to 2023-12-30T00:00:00+00:00, run_after=2023-12-31T00:00:00+00:00
[2023-12-31T11:54:40.504-0300] {processor.py:183} INFO - Processing /home/felipe/.local/lib/python3.10/site-packages/airflow/example_dags/example_short_circuit_operator.py took 0.939 seconds
[2023-12-31T11:56:30.155-0300] {processor.py:161} INFO - Started process (PID=36022) to work on /home/felipe/.local/lib/python3.10/site-packages/airflow/example_dags/example_short_circuit_operator.py
[2023-12-31T11:56:30.164-0300] {processor.py:830} INFO - Processing file /home/felipe/.local/lib/python3.10/site-packages/airflow/example_dags/example_short_circuit_operator.py for tasks to queue
[2023-12-31T11:56:30.165-0300] {logging_mixin.py:188} INFO - [2023-12-31T11:56:30.165-0300] {dagbag.py:538} INFO - Filling up the DagBag from /home/felipe/.local/lib/python3.10/site-packages/airflow/example_dags/example_short_circuit_operator.py
[2023-12-31T11:56:30.235-0300] {processor.py:840} INFO - DAG(s) 'example_short_circuit_operator' retrieved from /home/felipe/.local/lib/python3.10/site-packages/airflow/example_dags/example_short_circuit_operator.py
[2023-12-31T11:56:30.395-0300] {logging_mixin.py:188} INFO - [2023-12-31T11:56:30.394-0300] {dag.py:3033} INFO - Sync 1 DAGs
[2023-12-31T11:56:30.594-0300] {logging_mixin.py:188} INFO - [2023-12-31T11:56:30.585-0300] {dag.py:3820} INFO - Setting next_dagrun for example_short_circuit_operator to 2023-12-30T00:00:00+00:00, run_after=2023-12-31T00:00:00+00:00
[2023-12-31T11:56:30.875-0300] {processor.py:183} INFO - Processing /home/felipe/.local/lib/python3.10/site-packages/airflow/example_dags/example_short_circuit_operator.py took 0.741 seconds
[2023-12-31T11:58:16.365-0300] {processor.py:161} INFO - Started process (PID=36127) to work on /home/felipe/.local/lib/python3.10/site-packages/airflow/example_dags/example_short_circuit_operator.py
[2023-12-31T11:58:16.375-0300] {processor.py:830} INFO - Processing file /home/felipe/.local/lib/python3.10/site-packages/airflow/example_dags/example_short_circuit_operator.py for tasks to queue
[2023-12-31T11:58:16.385-0300] {logging_mixin.py:188} INFO - [2023-12-31T11:58:16.384-0300] {dagbag.py:538} INFO - Filling up the DagBag from /home/felipe/.local/lib/python3.10/site-packages/airflow/example_dags/example_short_circuit_operator.py
[2023-12-31T11:58:16.484-0300] {processor.py:840} INFO - DAG(s) 'example_short_circuit_operator' retrieved from /home/felipe/.local/lib/python3.10/site-packages/airflow/example_dags/example_short_circuit_operator.py
[2023-12-31T11:58:16.665-0300] {logging_mixin.py:188} INFO - [2023-12-31T11:58:16.664-0300] {dag.py:3033} INFO - Sync 1 DAGs
[2023-12-31T11:58:16.894-0300] {logging_mixin.py:188} INFO - [2023-12-31T11:58:16.894-0300] {dag.py:3820} INFO - Setting next_dagrun for example_short_circuit_operator to 2023-12-30T00:00:00+00:00, run_after=2023-12-31T00:00:00+00:00
[2023-12-31T11:58:17.175-0300] {processor.py:183} INFO - Processing /home/felipe/.local/lib/python3.10/site-packages/airflow/example_dags/example_short_circuit_operator.py took 0.830 seconds
[2023-12-31T12:00:03.255-0300] {processor.py:161} INFO - Started process (PID=36232) to work on /home/felipe/.local/lib/python3.10/site-packages/airflow/example_dags/example_short_circuit_operator.py
[2023-12-31T12:00:03.274-0300] {processor.py:830} INFO - Processing file /home/felipe/.local/lib/python3.10/site-packages/airflow/example_dags/example_short_circuit_operator.py for tasks to queue
[2023-12-31T12:00:03.276-0300] {logging_mixin.py:188} INFO - [2023-12-31T12:00:03.275-0300] {dagbag.py:538} INFO - Filling up the DagBag from /home/felipe/.local/lib/python3.10/site-packages/airflow/example_dags/example_short_circuit_operator.py
[2023-12-31T12:00:03.375-0300] {processor.py:840} INFO - DAG(s) 'example_short_circuit_operator' retrieved from /home/felipe/.local/lib/python3.10/site-packages/airflow/example_dags/example_short_circuit_operator.py
[2023-12-31T12:00:03.566-0300] {logging_mixin.py:188} INFO - [2023-12-31T12:00:03.565-0300] {dag.py:3033} INFO - Sync 1 DAGs
[2023-12-31T12:00:03.814-0300] {logging_mixin.py:188} INFO - [2023-12-31T12:00:03.805-0300] {dag.py:3820} INFO - Setting next_dagrun for example_short_circuit_operator to 2023-12-30T00:00:00+00:00, run_after=2023-12-31T00:00:00+00:00
[2023-12-31T12:00:04.114-0300] {processor.py:183} INFO - Processing /home/felipe/.local/lib/python3.10/site-packages/airflow/example_dags/example_short_circuit_operator.py took 0.881 seconds
[2023-12-31T12:01:52.755-0300] {processor.py:161} INFO - Started process (PID=36364) to work on /home/felipe/.local/lib/python3.10/site-packages/airflow/example_dags/example_short_circuit_operator.py
[2023-12-31T12:01:52.774-0300] {processor.py:830} INFO - Processing file /home/felipe/.local/lib/python3.10/site-packages/airflow/example_dags/example_short_circuit_operator.py for tasks to queue
[2023-12-31T12:01:52.785-0300] {logging_mixin.py:188} INFO - [2023-12-31T12:01:52.775-0300] {dagbag.py:538} INFO - Filling up the DagBag from /home/felipe/.local/lib/python3.10/site-packages/airflow/example_dags/example_short_circuit_operator.py
[2023-12-31T12:01:52.885-0300] {processor.py:840} INFO - DAG(s) 'example_short_circuit_operator' retrieved from /home/felipe/.local/lib/python3.10/site-packages/airflow/example_dags/example_short_circuit_operator.py
[2023-12-31T12:01:53.085-0300] {logging_mixin.py:188} INFO - [2023-12-31T12:01:53.084-0300] {dag.py:3033} INFO - Sync 1 DAGs
[2023-12-31T12:01:53.345-0300] {logging_mixin.py:188} INFO - [2023-12-31T12:01:53.344-0300] {dag.py:3820} INFO - Setting next_dagrun for example_short_circuit_operator to 2023-12-30T00:00:00+00:00, run_after=2023-12-31T00:00:00+00:00
[2023-12-31T12:01:53.654-0300] {processor.py:183} INFO - Processing /home/felipe/.local/lib/python3.10/site-packages/airflow/example_dags/example_short_circuit_operator.py took 0.939 seconds
[2023-12-31T12:03:54.174-0300] {processor.py:161} INFO - Started process (PID=36479) to work on /home/felipe/.local/lib/python3.10/site-packages/airflow/example_dags/example_short_circuit_operator.py
[2023-12-31T12:03:54.194-0300] {processor.py:830} INFO - Processing file /home/felipe/.local/lib/python3.10/site-packages/airflow/example_dags/example_short_circuit_operator.py for tasks to queue
[2023-12-31T12:03:54.214-0300] {logging_mixin.py:188} INFO - [2023-12-31T12:03:54.205-0300] {dagbag.py:538} INFO - Filling up the DagBag from /home/felipe/.local/lib/python3.10/site-packages/airflow/example_dags/example_short_circuit_operator.py
[2023-12-31T12:03:54.365-0300] {processor.py:840} INFO - DAG(s) 'example_short_circuit_operator' retrieved from /home/felipe/.local/lib/python3.10/site-packages/airflow/example_dags/example_short_circuit_operator.py
[2023-12-31T12:03:54.675-0300] {logging_mixin.py:188} INFO - [2023-12-31T12:03:54.674-0300] {dag.py:3033} INFO - Sync 1 DAGs
[2023-12-31T12:03:55.014-0300] {logging_mixin.py:188} INFO - [2023-12-31T12:03:55.005-0300] {dag.py:3820} INFO - Setting next_dagrun for example_short_circuit_operator to 2023-12-30T00:00:00+00:00, run_after=2023-12-31T00:00:00+00:00
[2023-12-31T12:03:55.355-0300] {processor.py:183} INFO - Processing /home/felipe/.local/lib/python3.10/site-packages/airflow/example_dags/example_short_circuit_operator.py took 1.221 seconds
[2023-12-31T12:07:35.294-0300] {processor.py:161} INFO - Started process (PID=36756) to work on /home/felipe/.local/lib/python3.10/site-packages/airflow/example_dags/example_short_circuit_operator.py
[2023-12-31T12:07:35.315-0300] {processor.py:830} INFO - Processing file /home/felipe/.local/lib/python3.10/site-packages/airflow/example_dags/example_short_circuit_operator.py for tasks to queue
[2023-12-31T12:07:35.345-0300] {logging_mixin.py:188} INFO - [2023-12-31T12:07:35.335-0300] {dagbag.py:538} INFO - Filling up the DagBag from /home/felipe/.local/lib/python3.10/site-packages/airflow/example_dags/example_short_circuit_operator.py
[2023-12-31T12:07:35.534-0300] {processor.py:840} INFO - DAG(s) 'example_short_circuit_operator' retrieved from /home/felipe/.local/lib/python3.10/site-packages/airflow/example_dags/example_short_circuit_operator.py
[2023-12-31T12:07:36.085-0300] {logging_mixin.py:188} INFO - [2023-12-31T12:07:36.084-0300] {dag.py:3033} INFO - Sync 1 DAGs
[2023-12-31T12:07:36.744-0300] {logging_mixin.py:188} INFO - [2023-12-31T12:07:36.734-0300] {dag.py:3820} INFO - Setting next_dagrun for example_short_circuit_operator to 2023-12-30T00:00:00+00:00, run_after=2023-12-31T00:00:00+00:00
[2023-12-31T12:07:37.505-0300] {processor.py:183} INFO - Processing /home/felipe/.local/lib/python3.10/site-packages/airflow/example_dags/example_short_circuit_operator.py took 2.320 seconds
