[2023-12-31T09:38:02.561-0300] {processor.py:161} INFO - Started process (PID=32142) to work on /home/felipe/.local/lib/python3.10/site-packages/airflow/example_dags/example_params_trigger_ui.py
[2023-12-31T09:38:02.567-0300] {processor.py:830} INFO - Processing file /home/felipe/.local/lib/python3.10/site-packages/airflow/example_dags/example_params_trigger_ui.py for tasks to queue
[2023-12-31T09:38:02.569-0300] {logging_mixin.py:188} INFO - [2023-12-31T09:38:02.568-0300] {dagbag.py:538} INFO - Filling up the DagBag from /home/felipe/.local/lib/python3.10/site-packages/airflow/example_dags/example_params_trigger_ui.py
[2023-12-31T09:38:02.640-0300] {processor.py:840} INFO - DAG(s) 'example_params_trigger_ui' retrieved from /home/felipe/.local/lib/python3.10/site-packages/airflow/example_dags/example_params_trigger_ui.py
[2023-12-31T09:38:03.251-0300] {logging_mixin.py:188} INFO - [2023-12-31T09:38:03.250-0300] {dag.py:3033} INFO - Sync 1 DAGs
[2023-12-31T09:38:03.290-0300] {logging_mixin.py:188} INFO - [2023-12-31T09:38:03.290-0300] {dag.py:3820} INFO - Setting next_dagrun for example_params_trigger_ui to None, run_after=None
[2023-12-31T09:38:03.408-0300] {processor.py:183} INFO - Processing /home/felipe/.local/lib/python3.10/site-packages/airflow/example_dags/example_params_trigger_ui.py took 0.852 seconds
[2023-12-31T09:54:47.700-0300] {processor.py:161} INFO - Started process (PID=32896) to work on /home/felipe/.local/lib/python3.10/site-packages/airflow/example_dags/example_params_trigger_ui.py
[2023-12-31T09:54:47.708-0300] {processor.py:830} INFO - Processing file /home/felipe/.local/lib/python3.10/site-packages/airflow/example_dags/example_params_trigger_ui.py for tasks to queue
[2023-12-31T09:54:47.709-0300] {logging_mixin.py:188} INFO - [2023-12-31T09:54:47.709-0300] {dagbag.py:538} INFO - Filling up the DagBag from /home/felipe/.local/lib/python3.10/site-packages/airflow/example_dags/example_params_trigger_ui.py
[2023-12-31T09:54:47.796-0300] {processor.py:840} INFO - DAG(s) 'example_params_trigger_ui' retrieved from /home/felipe/.local/lib/python3.10/site-packages/airflow/example_dags/example_params_trigger_ui.py
[2023-12-31T09:54:48.556-0300] {logging_mixin.py:188} INFO - [2023-12-31T09:54:48.550-0300] {dag.py:3033} INFO - Sync 1 DAGs
[2023-12-31T09:54:48.609-0300] {logging_mixin.py:188} INFO - [2023-12-31T09:54:48.609-0300] {dag.py:3820} INFO - Setting next_dagrun for example_params_trigger_ui to None, run_after=None
[2023-12-31T09:54:48.768-0300] {processor.py:183} INFO - Processing /home/felipe/.local/lib/python3.10/site-packages/airflow/example_dags/example_params_trigger_ui.py took 1.088 seconds
[2023-12-31T10:00:57.478-0300] {processor.py:161} INFO - Started process (PID=33216) to work on /home/felipe/.local/lib/python3.10/site-packages/airflow/example_dags/example_params_trigger_ui.py
[2023-12-31T10:00:57.480-0300] {processor.py:830} INFO - Processing file /home/felipe/.local/lib/python3.10/site-packages/airflow/example_dags/example_params_trigger_ui.py for tasks to queue
[2023-12-31T10:00:57.487-0300] {logging_mixin.py:188} INFO - [2023-12-31T10:00:57.487-0300] {dagbag.py:538} INFO - Filling up the DagBag from /home/felipe/.local/lib/python3.10/site-packages/airflow/example_dags/example_params_trigger_ui.py
[2023-12-31T10:00:57.547-0300] {processor.py:840} INFO - DAG(s) 'example_params_trigger_ui' retrieved from /home/felipe/.local/lib/python3.10/site-packages/airflow/example_dags/example_params_trigger_ui.py
[2023-12-31T10:00:57.767-0300] {logging_mixin.py:188} INFO - [2023-12-31T10:00:57.767-0300] {dag.py:3033} INFO - Sync 1 DAGs
[2023-12-31T10:00:57.827-0300] {logging_mixin.py:188} INFO - [2023-12-31T10:00:57.827-0300] {dag.py:3820} INFO - Setting next_dagrun for example_params_trigger_ui to None, run_after=None
[2023-12-31T10:00:57.958-0300] {processor.py:183} INFO - Processing /home/felipe/.local/lib/python3.10/site-packages/airflow/example_dags/example_params_trigger_ui.py took 0.491 seconds
[2023-12-31T10:03:11.618-0300] {processor.py:161} INFO - Started process (PID=33380) to work on /home/felipe/.local/lib/python3.10/site-packages/airflow/example_dags/example_params_trigger_ui.py
[2023-12-31T10:03:11.626-0300] {processor.py:830} INFO - Processing file /home/felipe/.local/lib/python3.10/site-packages/airflow/example_dags/example_params_trigger_ui.py for tasks to queue
[2023-12-31T10:03:11.628-0300] {logging_mixin.py:188} INFO - [2023-12-31T10:03:11.627-0300] {dagbag.py:538} INFO - Filling up the DagBag from /home/felipe/.local/lib/python3.10/site-packages/airflow/example_dags/example_params_trigger_ui.py
[2023-12-31T10:03:11.697-0300] {processor.py:840} INFO - DAG(s) 'example_params_trigger_ui' retrieved from /home/felipe/.local/lib/python3.10/site-packages/airflow/example_dags/example_params_trigger_ui.py
[2023-12-31T10:03:11.929-0300] {logging_mixin.py:188} INFO - [2023-12-31T10:03:11.929-0300] {dag.py:3033} INFO - Sync 1 DAGs
[2023-12-31T10:03:11.988-0300] {logging_mixin.py:188} INFO - [2023-12-31T10:03:11.988-0300] {dag.py:3820} INFO - Setting next_dagrun for example_params_trigger_ui to None, run_after=None
[2023-12-31T10:03:12.108-0300] {processor.py:183} INFO - Processing /home/felipe/.local/lib/python3.10/site-packages/airflow/example_dags/example_params_trigger_ui.py took 0.501 seconds
[2023-12-31T10:05:32.118-0300] {processor.py:161} INFO - Started process (PID=33548) to work on /home/felipe/.local/lib/python3.10/site-packages/airflow/example_dags/example_params_trigger_ui.py
[2023-12-31T10:05:32.127-0300] {processor.py:830} INFO - Processing file /home/felipe/.local/lib/python3.10/site-packages/airflow/example_dags/example_params_trigger_ui.py for tasks to queue
[2023-12-31T10:05:32.129-0300] {logging_mixin.py:188} INFO - [2023-12-31T10:05:32.128-0300] {dagbag.py:538} INFO - Filling up the DagBag from /home/felipe/.local/lib/python3.10/site-packages/airflow/example_dags/example_params_trigger_ui.py
[2023-12-31T10:05:32.226-0300] {processor.py:840} INFO - DAG(s) 'example_params_trigger_ui' retrieved from /home/felipe/.local/lib/python3.10/site-packages/airflow/example_dags/example_params_trigger_ui.py
[2023-12-31T10:05:32.499-0300] {logging_mixin.py:188} INFO - [2023-12-31T10:05:32.499-0300] {dag.py:3033} INFO - Sync 1 DAGs
[2023-12-31T10:05:32.568-0300] {logging_mixin.py:188} INFO - [2023-12-31T10:05:32.567-0300] {dag.py:3820} INFO - Setting next_dagrun for example_params_trigger_ui to None, run_after=None
[2023-12-31T10:05:32.698-0300] {processor.py:183} INFO - Processing /home/felipe/.local/lib/python3.10/site-packages/airflow/example_dags/example_params_trigger_ui.py took 0.598 seconds
[2023-12-31T10:07:55.879-0300] {processor.py:161} INFO - Started process (PID=33741) to work on /home/felipe/.local/lib/python3.10/site-packages/airflow/example_dags/example_params_trigger_ui.py
[2023-12-31T10:07:55.888-0300] {processor.py:830} INFO - Processing file /home/felipe/.local/lib/python3.10/site-packages/airflow/example_dags/example_params_trigger_ui.py for tasks to queue
[2023-12-31T10:07:55.889-0300] {logging_mixin.py:188} INFO - [2023-12-31T10:07:55.889-0300] {dagbag.py:538} INFO - Filling up the DagBag from /home/felipe/.local/lib/python3.10/site-packages/airflow/example_dags/example_params_trigger_ui.py
[2023-12-31T10:07:55.959-0300] {processor.py:840} INFO - DAG(s) 'example_params_trigger_ui' retrieved from /home/felipe/.local/lib/python3.10/site-packages/airflow/example_dags/example_params_trigger_ui.py
[2023-12-31T10:07:56.209-0300] {logging_mixin.py:188} INFO - [2023-12-31T10:07:56.209-0300] {dag.py:3033} INFO - Sync 1 DAGs
[2023-12-31T10:07:56.278-0300] {logging_mixin.py:188} INFO - [2023-12-31T10:07:56.278-0300] {dag.py:3820} INFO - Setting next_dagrun for example_params_trigger_ui to None, run_after=None
[2023-12-31T10:07:56.418-0300] {processor.py:183} INFO - Processing /home/felipe/.local/lib/python3.10/site-packages/airflow/example_dags/example_params_trigger_ui.py took 0.551 seconds
[2023-12-31T11:30:17.217-0300] {processor.py:161} INFO - Started process (PID=34131) to work on /home/felipe/.local/lib/python3.10/site-packages/airflow/example_dags/example_params_trigger_ui.py
[2023-12-31T11:30:17.227-0300] {processor.py:830} INFO - Processing file /home/felipe/.local/lib/python3.10/site-packages/airflow/example_dags/example_params_trigger_ui.py for tasks to queue
[2023-12-31T11:30:17.245-0300] {logging_mixin.py:188} INFO - [2023-12-31T11:30:17.236-0300] {dagbag.py:538} INFO - Filling up the DagBag from /home/felipe/.local/lib/python3.10/site-packages/airflow/example_dags/example_params_trigger_ui.py
[2023-12-31T11:30:17.374-0300] {processor.py:840} INFO - DAG(s) 'example_params_trigger_ui' retrieved from /home/felipe/.local/lib/python3.10/site-packages/airflow/example_dags/example_params_trigger_ui.py
[2023-12-31T11:30:17.895-0300] {logging_mixin.py:188} INFO - [2023-12-31T11:30:17.886-0300] {dag.py:3033} INFO - Sync 1 DAGs
[2023-12-31T11:30:18.056-0300] {logging_mixin.py:188} INFO - [2023-12-31T11:30:18.055-0300] {dag.py:3820} INFO - Setting next_dagrun for example_params_trigger_ui to None, run_after=None
[2023-12-31T11:30:18.346-0300] {processor.py:183} INFO - Processing /home/felipe/.local/lib/python3.10/site-packages/airflow/example_dags/example_params_trigger_ui.py took 1.152 seconds
[2023-12-31T11:33:15.786-0300] {processor.py:161} INFO - Started process (PID=34401) to work on /home/felipe/.local/lib/python3.10/site-packages/airflow/example_dags/example_params_trigger_ui.py
[2023-12-31T11:33:15.964-0300] {processor.py:830} INFO - Processing file /home/felipe/.local/lib/python3.10/site-packages/airflow/example_dags/example_params_trigger_ui.py for tasks to queue
[2023-12-31T11:33:15.966-0300] {logging_mixin.py:188} INFO - [2023-12-31T11:33:15.965-0300] {dagbag.py:538} INFO - Filling up the DagBag from /home/felipe/.local/lib/python3.10/site-packages/airflow/example_dags/example_params_trigger_ui.py
[2023-12-31T11:33:16.046-0300] {processor.py:840} INFO - DAG(s) 'example_params_trigger_ui' retrieved from /home/felipe/.local/lib/python3.10/site-packages/airflow/example_dags/example_params_trigger_ui.py
[2023-12-31T11:33:16.386-0300] {logging_mixin.py:188} INFO - [2023-12-31T11:33:16.386-0300] {dag.py:3033} INFO - Sync 1 DAGs
[2023-12-31T11:33:16.464-0300] {logging_mixin.py:188} INFO - [2023-12-31T11:33:16.457-0300] {dag.py:3820} INFO - Setting next_dagrun for example_params_trigger_ui to None, run_after=None
[2023-12-31T11:33:16.864-0300] {processor.py:183} INFO - Processing /home/felipe/.local/lib/python3.10/site-packages/airflow/example_dags/example_params_trigger_ui.py took 1.097 seconds
[2023-12-31T11:36:08.256-0300] {processor.py:161} INFO - Started process (PID=34618) to work on /home/felipe/.local/lib/python3.10/site-packages/airflow/example_dags/example_params_trigger_ui.py
[2023-12-31T11:36:08.264-0300] {processor.py:830} INFO - Processing file /home/felipe/.local/lib/python3.10/site-packages/airflow/example_dags/example_params_trigger_ui.py for tasks to queue
[2023-12-31T11:36:08.266-0300] {logging_mixin.py:188} INFO - [2023-12-31T11:36:08.265-0300] {dagbag.py:538} INFO - Filling up the DagBag from /home/felipe/.local/lib/python3.10/site-packages/airflow/example_dags/example_params_trigger_ui.py
[2023-12-31T11:36:08.345-0300] {processor.py:840} INFO - DAG(s) 'example_params_trigger_ui' retrieved from /home/felipe/.local/lib/python3.10/site-packages/airflow/example_dags/example_params_trigger_ui.py
[2023-12-31T11:36:08.625-0300] {logging_mixin.py:188} INFO - [2023-12-31T11:36:08.624-0300] {dag.py:3033} INFO - Sync 1 DAGs
[2023-12-31T11:36:08.694-0300] {logging_mixin.py:188} INFO - [2023-12-31T11:36:08.687-0300] {dag.py:3820} INFO - Setting next_dagrun for example_params_trigger_ui to None, run_after=None
[2023-12-31T11:36:08.864-0300] {processor.py:183} INFO - Processing /home/felipe/.local/lib/python3.10/site-packages/airflow/example_dags/example_params_trigger_ui.py took 0.620 seconds
[2023-12-31T11:38:52.355-0300] {processor.py:161} INFO - Started process (PID=34796) to work on /home/felipe/.local/lib/python3.10/site-packages/airflow/example_dags/example_params_trigger_ui.py
[2023-12-31T11:38:52.364-0300] {processor.py:830} INFO - Processing file /home/felipe/.local/lib/python3.10/site-packages/airflow/example_dags/example_params_trigger_ui.py for tasks to queue
[2023-12-31T11:38:52.365-0300] {logging_mixin.py:188} INFO - [2023-12-31T11:38:52.365-0300] {dagbag.py:538} INFO - Filling up the DagBag from /home/felipe/.local/lib/python3.10/site-packages/airflow/example_dags/example_params_trigger_ui.py
[2023-12-31T11:38:52.464-0300] {processor.py:840} INFO - DAG(s) 'example_params_trigger_ui' retrieved from /home/felipe/.local/lib/python3.10/site-packages/airflow/example_dags/example_params_trigger_ui.py
[2023-12-31T11:38:52.824-0300] {logging_mixin.py:188} INFO - [2023-12-31T11:38:52.816-0300] {dag.py:3033} INFO - Sync 1 DAGs
[2023-12-31T11:38:52.894-0300] {logging_mixin.py:188} INFO - [2023-12-31T11:38:52.894-0300] {dag.py:3820} INFO - Setting next_dagrun for example_params_trigger_ui to None, run_after=None
[2023-12-31T11:38:53.064-0300] {processor.py:183} INFO - Processing /home/felipe/.local/lib/python3.10/site-packages/airflow/example_dags/example_params_trigger_ui.py took 0.728 seconds
[2023-12-31T11:41:44.586-0300] {processor.py:161} INFO - Started process (PID=35010) to work on /home/felipe/.local/lib/python3.10/site-packages/airflow/example_dags/example_params_trigger_ui.py
[2023-12-31T11:41:44.595-0300] {processor.py:830} INFO - Processing file /home/felipe/.local/lib/python3.10/site-packages/airflow/example_dags/example_params_trigger_ui.py for tasks to queue
[2023-12-31T11:41:44.604-0300] {logging_mixin.py:188} INFO - [2023-12-31T11:41:44.596-0300] {dagbag.py:538} INFO - Filling up the DagBag from /home/felipe/.local/lib/python3.10/site-packages/airflow/example_dags/example_params_trigger_ui.py
[2023-12-31T11:41:44.695-0300] {processor.py:840} INFO - DAG(s) 'example_params_trigger_ui' retrieved from /home/felipe/.local/lib/python3.10/site-packages/airflow/example_dags/example_params_trigger_ui.py
[2023-12-31T11:41:45.076-0300] {logging_mixin.py:188} INFO - [2023-12-31T11:41:45.076-0300] {dag.py:3033} INFO - Sync 1 DAGs
[2023-12-31T11:41:45.185-0300] {logging_mixin.py:188} INFO - [2023-12-31T11:41:45.185-0300] {dag.py:3820} INFO - Setting next_dagrun for example_params_trigger_ui to None, run_after=None
[2023-12-31T11:41:45.426-0300] {processor.py:183} INFO - Processing /home/felipe/.local/lib/python3.10/site-packages/airflow/example_dags/example_params_trigger_ui.py took 0.861 seconds
[2023-12-31T11:45:02.774-0300] {processor.py:161} INFO - Started process (PID=35236) to work on /home/felipe/.local/lib/python3.10/site-packages/airflow/example_dags/example_params_trigger_ui.py
[2023-12-31T11:45:02.784-0300] {processor.py:830} INFO - Processing file /home/felipe/.local/lib/python3.10/site-packages/airflow/example_dags/example_params_trigger_ui.py for tasks to queue
[2023-12-31T11:45:02.785-0300] {logging_mixin.py:188} INFO - [2023-12-31T11:45:02.785-0300] {dagbag.py:538} INFO - Filling up the DagBag from /home/felipe/.local/lib/python3.10/site-packages/airflow/example_dags/example_params_trigger_ui.py
[2023-12-31T11:45:02.896-0300] {processor.py:840} INFO - DAG(s) 'example_params_trigger_ui' retrieved from /home/felipe/.local/lib/python3.10/site-packages/airflow/example_dags/example_params_trigger_ui.py
[2023-12-31T11:45:03.396-0300] {logging_mixin.py:188} INFO - [2023-12-31T11:45:03.396-0300] {dag.py:3033} INFO - Sync 1 DAGs
[2023-12-31T11:45:03.504-0300] {logging_mixin.py:188} INFO - [2023-12-31T11:45:03.504-0300] {dag.py:3820} INFO - Setting next_dagrun for example_params_trigger_ui to None, run_after=None
[2023-12-31T11:45:03.736-0300] {processor.py:183} INFO - Processing /home/felipe/.local/lib/python3.10/site-packages/airflow/example_dags/example_params_trigger_ui.py took 0.981 seconds
[2023-12-31T11:48:43.395-0300] {processor.py:161} INFO - Started process (PID=35541) to work on /home/felipe/.local/lib/python3.10/site-packages/airflow/example_dags/example_params_trigger_ui.py
[2023-12-31T11:48:43.415-0300] {processor.py:830} INFO - Processing file /home/felipe/.local/lib/python3.10/site-packages/airflow/example_dags/example_params_trigger_ui.py for tasks to queue
[2023-12-31T11:48:43.425-0300] {logging_mixin.py:188} INFO - [2023-12-31T11:48:43.424-0300] {dagbag.py:538} INFO - Filling up the DagBag from /home/felipe/.local/lib/python3.10/site-packages/airflow/example_dags/example_params_trigger_ui.py
[2023-12-31T11:48:43.555-0300] {processor.py:840} INFO - DAG(s) 'example_params_trigger_ui' retrieved from /home/felipe/.local/lib/python3.10/site-packages/airflow/example_dags/example_params_trigger_ui.py
[2023-12-31T11:48:44.044-0300] {logging_mixin.py:188} INFO - [2023-12-31T11:48:44.044-0300] {dag.py:3033} INFO - Sync 1 DAGs
[2023-12-31T11:48:44.204-0300] {logging_mixin.py:188} INFO - [2023-12-31T11:48:44.196-0300] {dag.py:3820} INFO - Setting next_dagrun for example_params_trigger_ui to None, run_after=None
[2023-12-31T11:48:44.544-0300] {processor.py:183} INFO - Processing /home/felipe/.local/lib/python3.10/site-packages/airflow/example_dags/example_params_trigger_ui.py took 1.170 seconds
[2023-12-31T11:53:37.335-0300] {processor.py:161} INFO - Started process (PID=35828) to work on /home/felipe/.local/lib/python3.10/site-packages/airflow/example_dags/example_params_trigger_ui.py
[2023-12-31T11:53:37.345-0300] {processor.py:830} INFO - Processing file /home/felipe/.local/lib/python3.10/site-packages/airflow/example_dags/example_params_trigger_ui.py for tasks to queue
[2023-12-31T11:53:37.355-0300] {logging_mixin.py:188} INFO - [2023-12-31T11:53:37.354-0300] {dagbag.py:538} INFO - Filling up the DagBag from /home/felipe/.local/lib/python3.10/site-packages/airflow/example_dags/example_params_trigger_ui.py
[2023-12-31T11:53:37.545-0300] {processor.py:840} INFO - DAG(s) 'example_params_trigger_ui' retrieved from /home/felipe/.local/lib/python3.10/site-packages/airflow/example_dags/example_params_trigger_ui.py
[2023-12-31T11:53:38.064-0300] {logging_mixin.py:188} INFO - [2023-12-31T11:53:38.056-0300] {dag.py:3033} INFO - Sync 1 DAGs
[2023-12-31T11:53:38.205-0300] {logging_mixin.py:188} INFO - [2023-12-31T11:53:38.204-0300] {dag.py:3820} INFO - Setting next_dagrun for example_params_trigger_ui to None, run_after=None
[2023-12-31T11:53:38.545-0300] {processor.py:183} INFO - Processing /home/felipe/.local/lib/python3.10/site-packages/airflow/example_dags/example_params_trigger_ui.py took 1.240 seconds
[2023-12-31T11:57:22.254-0300] {processor.py:161} INFO - Started process (PID=36072) to work on /home/felipe/.local/lib/python3.10/site-packages/airflow/example_dags/example_params_trigger_ui.py
[2023-12-31T11:57:22.264-0300] {processor.py:830} INFO - Processing file /home/felipe/.local/lib/python3.10/site-packages/airflow/example_dags/example_params_trigger_ui.py for tasks to queue
[2023-12-31T11:57:22.275-0300] {logging_mixin.py:188} INFO - [2023-12-31T11:57:22.266-0300] {dagbag.py:538} INFO - Filling up the DagBag from /home/felipe/.local/lib/python3.10/site-packages/airflow/example_dags/example_params_trigger_ui.py
[2023-12-31T11:57:22.465-0300] {processor.py:840} INFO - DAG(s) 'example_params_trigger_ui' retrieved from /home/felipe/.local/lib/python3.10/site-packages/airflow/example_dags/example_params_trigger_ui.py
[2023-12-31T11:57:22.955-0300] {logging_mixin.py:188} INFO - [2023-12-31T11:57:22.954-0300] {dag.py:3033} INFO - Sync 1 DAGs
[2023-12-31T11:57:23.114-0300] {logging_mixin.py:188} INFO - [2023-12-31T11:57:23.105-0300] {dag.py:3820} INFO - Setting next_dagrun for example_params_trigger_ui to None, run_after=None
[2023-12-31T11:57:23.494-0300] {processor.py:183} INFO - Processing /home/felipe/.local/lib/python3.10/site-packages/airflow/example_dags/example_params_trigger_ui.py took 1.289 seconds
[2023-12-31T12:00:55.935-0300] {processor.py:161} INFO - Started process (PID=36309) to work on /home/felipe/.local/lib/python3.10/site-packages/airflow/example_dags/example_params_trigger_ui.py
[2023-12-31T12:00:55.945-0300] {processor.py:830} INFO - Processing file /home/felipe/.local/lib/python3.10/site-packages/airflow/example_dags/example_params_trigger_ui.py for tasks to queue
[2023-12-31T12:00:55.955-0300] {logging_mixin.py:188} INFO - [2023-12-31T12:00:55.954-0300] {dagbag.py:538} INFO - Filling up the DagBag from /home/felipe/.local/lib/python3.10/site-packages/airflow/example_dags/example_params_trigger_ui.py
[2023-12-31T12:00:56.125-0300] {processor.py:840} INFO - DAG(s) 'example_params_trigger_ui' retrieved from /home/felipe/.local/lib/python3.10/site-packages/airflow/example_dags/example_params_trigger_ui.py
[2023-12-31T12:00:56.735-0300] {logging_mixin.py:188} INFO - [2023-12-31T12:00:56.735-0300] {dag.py:3033} INFO - Sync 1 DAGs
[2023-12-31T12:00:56.885-0300] {logging_mixin.py:188} INFO - [2023-12-31T12:00:56.885-0300] {dag.py:3820} INFO - Setting next_dagrun for example_params_trigger_ui to None, run_after=None
[2023-12-31T12:00:57.174-0300] {processor.py:183} INFO - Processing /home/felipe/.local/lib/python3.10/site-packages/airflow/example_dags/example_params_trigger_ui.py took 1.260 seconds
[2023-12-31T12:05:49.085-0300] {processor.py:161} INFO - Started process (PID=36633) to work on /home/felipe/.local/lib/python3.10/site-packages/airflow/example_dags/example_params_trigger_ui.py
[2023-12-31T12:05:49.115-0300] {processor.py:830} INFO - Processing file /home/felipe/.local/lib/python3.10/site-packages/airflow/example_dags/example_params_trigger_ui.py for tasks to queue
[2023-12-31T12:05:49.154-0300] {logging_mixin.py:188} INFO - [2023-12-31T12:05:49.135-0300] {dagbag.py:538} INFO - Filling up the DagBag from /home/felipe/.local/lib/python3.10/site-packages/airflow/example_dags/example_params_trigger_ui.py
[2023-12-31T12:05:49.634-0300] {processor.py:840} INFO - DAG(s) 'example_params_trigger_ui' retrieved from /home/felipe/.local/lib/python3.10/site-packages/airflow/example_dags/example_params_trigger_ui.py
[2023-12-31T12:05:51.104-0300] {logging_mixin.py:188} INFO - [2023-12-31T12:05:51.095-0300] {dag.py:3033} INFO - Sync 1 DAGs
[2023-12-31T12:05:51.264-0300] {logging_mixin.py:188} INFO - [2023-12-31T12:05:51.255-0300] {dag.py:3820} INFO - Setting next_dagrun for example_params_trigger_ui to None, run_after=None
[2023-12-31T12:05:51.695-0300] {processor.py:183} INFO - Processing /home/felipe/.local/lib/python3.10/site-packages/airflow/example_dags/example_params_trigger_ui.py took 2.670 seconds
