[2023-12-31T09:37:29.091-0300] {processor.py:161} INFO - Started process (PID=32104) to work on /home/felipe/.local/lib/python3.10/site-packages/airflow/example_dags/example_short_circuit_decorator.py
[2023-12-31T09:37:29.098-0300] {processor.py:830} INFO - Processing file /home/felipe/.local/lib/python3.10/site-packages/airflow/example_dags/example_short_circuit_decorator.py for tasks to queue
[2023-12-31T09:37:29.099-0300] {logging_mixin.py:188} INFO - [2023-12-31T09:37:29.099-0300] {dagbag.py:538} INFO - Filling up the DagBag from /home/felipe/.local/lib/python3.10/site-packages/airflow/example_dags/example_short_circuit_decorator.py
[2023-12-31T09:37:29.140-0300] {processor.py:840} INFO - DAG(s) 'example_short_circuit_decorator' retrieved from /home/felipe/.local/lib/python3.10/site-packages/airflow/example_dags/example_short_circuit_decorator.py
[2023-12-31T09:37:29.670-0300] {logging_mixin.py:188} INFO - [2023-12-31T09:37:29.669-0300] {dag.py:3033} INFO - Sync 1 DAGs
[2023-12-31T09:37:29.747-0300] {logging_mixin.py:188} INFO - [2023-12-31T09:37:29.746-0300] {dag.py:3820} INFO - Setting next_dagrun for example_short_circuit_decorator to 2023-12-30T00:00:00+00:00, run_after=2023-12-31T00:00:00+00:00
[2023-12-31T09:37:29.846-0300] {processor.py:183} INFO - Processing /home/felipe/.local/lib/python3.10/site-packages/airflow/example_dags/example_short_circuit_decorator.py took 0.765 seconds
[2023-12-31T09:39:29.077-0300] {processor.py:161} INFO - Started process (PID=32226) to work on /home/felipe/.local/lib/python3.10/site-packages/airflow/example_dags/example_short_circuit_decorator.py
[2023-12-31T09:39:29.087-0300] {processor.py:830} INFO - Processing file /home/felipe/.local/lib/python3.10/site-packages/airflow/example_dags/example_short_circuit_decorator.py for tasks to queue
[2023-12-31T09:39:29.089-0300] {logging_mixin.py:188} INFO - [2023-12-31T09:39:29.088-0300] {dagbag.py:538} INFO - Filling up the DagBag from /home/felipe/.local/lib/python3.10/site-packages/airflow/example_dags/example_short_circuit_decorator.py
[2023-12-31T09:39:29.177-0300] {processor.py:840} INFO - DAG(s) 'example_short_circuit_decorator' retrieved from /home/felipe/.local/lib/python3.10/site-packages/airflow/example_dags/example_short_circuit_decorator.py
[2023-12-31T09:39:29.306-0300] {logging_mixin.py:188} INFO - [2023-12-31T09:39:29.300-0300] {dag.py:3033} INFO - Sync 1 DAGs
[2023-12-31T09:39:29.439-0300] {logging_mixin.py:188} INFO - [2023-12-31T09:39:29.438-0300] {dag.py:3820} INFO - Setting next_dagrun for example_short_circuit_decorator to 2023-12-30T00:00:00+00:00, run_after=2023-12-31T00:00:00+00:00
[2023-12-31T09:39:29.628-0300] {processor.py:183} INFO - Processing /home/felipe/.local/lib/python3.10/site-packages/airflow/example_dags/example_short_circuit_decorator.py took 0.570 seconds
[2023-12-31T09:53:58.489-0300] {processor.py:161} INFO - Started process (PID=32852) to work on /home/felipe/.local/lib/python3.10/site-packages/airflow/example_dags/example_short_circuit_decorator.py
[2023-12-31T09:53:58.498-0300] {processor.py:830} INFO - Processing file /home/felipe/.local/lib/python3.10/site-packages/airflow/example_dags/example_short_circuit_decorator.py for tasks to queue
[2023-12-31T09:53:58.508-0300] {logging_mixin.py:188} INFO - [2023-12-31T09:53:58.500-0300] {dagbag.py:538} INFO - Filling up the DagBag from /home/felipe/.local/lib/python3.10/site-packages/airflow/example_dags/example_short_circuit_decorator.py
[2023-12-31T09:53:58.618-0300] {processor.py:840} INFO - DAG(s) 'example_short_circuit_decorator' retrieved from /home/felipe/.local/lib/python3.10/site-packages/airflow/example_dags/example_short_circuit_decorator.py
[2023-12-31T09:53:59.646-0300] {logging_mixin.py:188} INFO - [2023-12-31T09:53:59.640-0300] {dag.py:3033} INFO - Sync 1 DAGs
[2023-12-31T09:53:59.847-0300] {logging_mixin.py:188} INFO - [2023-12-31T09:53:59.840-0300] {dag.py:3820} INFO - Setting next_dagrun for example_short_circuit_decorator to 2023-12-30T00:00:00+00:00, run_after=2023-12-31T00:00:00+00:00
[2023-12-31T09:54:00.069-0300] {processor.py:183} INFO - Processing /home/felipe/.local/lib/python3.10/site-packages/airflow/example_dags/example_short_circuit_decorator.py took 1.602 seconds
[2023-12-31T09:58:49.760-0300] {processor.py:161} INFO - Started process (PID=33082) to work on /home/felipe/.local/lib/python3.10/site-packages/airflow/example_dags/example_short_circuit_decorator.py
[2023-12-31T09:58:49.848-0300] {processor.py:830} INFO - Processing file /home/felipe/.local/lib/python3.10/site-packages/airflow/example_dags/example_short_circuit_decorator.py for tasks to queue
[2023-12-31T09:58:49.937-0300] {logging_mixin.py:188} INFO - [2023-12-31T09:58:49.917-0300] {dagbag.py:538} INFO - Filling up the DagBag from /home/felipe/.local/lib/python3.10/site-packages/airflow/example_dags/example_short_circuit_decorator.py
[2023-12-31T09:58:51.096-0300] {processor.py:840} INFO - DAG(s) 'example_short_circuit_decorator' retrieved from /home/felipe/.local/lib/python3.10/site-packages/airflow/example_dags/example_short_circuit_decorator.py
[2023-12-31T09:58:52.358-0300] {logging_mixin.py:188} INFO - [2023-12-31T09:58:52.348-0300] {dag.py:3033} INFO - Sync 1 DAGs
[2023-12-31T09:58:53.180-0300] {logging_mixin.py:188} INFO - [2023-12-31T09:58:53.179-0300] {dag.py:3820} INFO - Setting next_dagrun for example_short_circuit_decorator to 2023-12-30T00:00:00+00:00, run_after=2023-12-31T00:00:00+00:00
[2023-12-31T09:58:53.898-0300] {processor.py:183} INFO - Processing /home/felipe/.local/lib/python3.10/site-packages/airflow/example_dags/example_short_circuit_decorator.py took 4.308 seconds
[2023-12-31T10:00:39.489-0300] {processor.py:161} INFO - Started process (PID=33197) to work on /home/felipe/.local/lib/python3.10/site-packages/airflow/example_dags/example_short_circuit_decorator.py
[2023-12-31T10:00:39.497-0300] {processor.py:830} INFO - Processing file /home/felipe/.local/lib/python3.10/site-packages/airflow/example_dags/example_short_circuit_decorator.py for tasks to queue
[2023-12-31T10:00:39.498-0300] {logging_mixin.py:188} INFO - [2023-12-31T10:00:39.498-0300] {dagbag.py:538} INFO - Filling up the DagBag from /home/felipe/.local/lib/python3.10/site-packages/airflow/example_dags/example_short_circuit_decorator.py
[2023-12-31T10:00:39.540-0300] {processor.py:840} INFO - DAG(s) 'example_short_circuit_decorator' retrieved from /home/felipe/.local/lib/python3.10/site-packages/airflow/example_dags/example_short_circuit_decorator.py
[2023-12-31T10:00:39.648-0300] {logging_mixin.py:188} INFO - [2023-12-31T10:00:39.647-0300] {dag.py:3033} INFO - Sync 1 DAGs
[2023-12-31T10:00:39.839-0300] {logging_mixin.py:188} INFO - [2023-12-31T10:00:39.839-0300] {dag.py:3820} INFO - Setting next_dagrun for example_short_circuit_decorator to 2023-12-30T00:00:00+00:00, run_after=2023-12-31T00:00:00+00:00
[2023-12-31T10:00:39.979-0300] {processor.py:183} INFO - Processing /home/felipe/.local/lib/python3.10/site-packages/airflow/example_dags/example_short_circuit_decorator.py took 0.500 seconds
[2023-12-31T10:02:54.320-0300] {processor.py:161} INFO - Started process (PID=33363) to work on /home/felipe/.local/lib/python3.10/site-packages/airflow/example_dags/example_short_circuit_decorator.py
[2023-12-31T10:02:54.328-0300] {processor.py:830} INFO - Processing file /home/felipe/.local/lib/python3.10/site-packages/airflow/example_dags/example_short_circuit_decorator.py for tasks to queue
[2023-12-31T10:02:54.329-0300] {logging_mixin.py:188} INFO - [2023-12-31T10:02:54.329-0300] {dagbag.py:538} INFO - Filling up the DagBag from /home/felipe/.local/lib/python3.10/site-packages/airflow/example_dags/example_short_circuit_decorator.py
[2023-12-31T10:02:54.378-0300] {processor.py:840} INFO - DAG(s) 'example_short_circuit_decorator' retrieved from /home/felipe/.local/lib/python3.10/site-packages/airflow/example_dags/example_short_circuit_decorator.py
[2023-12-31T10:02:54.460-0300] {logging_mixin.py:188} INFO - [2023-12-31T10:02:54.459-0300] {dag.py:3033} INFO - Sync 1 DAGs
[2023-12-31T10:02:54.567-0300] {logging_mixin.py:188} INFO - [2023-12-31T10:02:54.567-0300] {dag.py:3820} INFO - Setting next_dagrun for example_short_circuit_decorator to 2023-12-30T00:00:00+00:00, run_after=2023-12-31T00:00:00+00:00
[2023-12-31T10:02:54.699-0300] {processor.py:183} INFO - Processing /home/felipe/.local/lib/python3.10/site-packages/airflow/example_dags/example_short_circuit_decorator.py took 0.391 seconds
[2023-12-31T10:05:14.498-0300] {processor.py:161} INFO - Started process (PID=33525) to work on /home/felipe/.local/lib/python3.10/site-packages/airflow/example_dags/example_short_circuit_decorator.py
[2023-12-31T10:05:14.507-0300] {processor.py:830} INFO - Processing file /home/felipe/.local/lib/python3.10/site-packages/airflow/example_dags/example_short_circuit_decorator.py for tasks to queue
[2023-12-31T10:05:14.508-0300] {logging_mixin.py:188} INFO - [2023-12-31T10:05:14.508-0300] {dagbag.py:538} INFO - Filling up the DagBag from /home/felipe/.local/lib/python3.10/site-packages/airflow/example_dags/example_short_circuit_decorator.py
[2023-12-31T10:05:14.558-0300] {processor.py:840} INFO - DAG(s) 'example_short_circuit_decorator' retrieved from /home/felipe/.local/lib/python3.10/site-packages/airflow/example_dags/example_short_circuit_decorator.py
[2023-12-31T10:05:14.647-0300] {logging_mixin.py:188} INFO - [2023-12-31T10:05:14.646-0300] {dag.py:3033} INFO - Sync 1 DAGs
[2023-12-31T10:05:14.748-0300] {logging_mixin.py:188} INFO - [2023-12-31T10:05:14.747-0300] {dag.py:3820} INFO - Setting next_dagrun for example_short_circuit_decorator to 2023-12-30T00:00:00+00:00, run_after=2023-12-31T00:00:00+00:00
[2023-12-31T10:05:14.879-0300] {processor.py:183} INFO - Processing /home/felipe/.local/lib/python3.10/site-packages/airflow/example_dags/example_short_circuit_decorator.py took 0.391 seconds
[2023-12-31T10:07:37.429-0300] {processor.py:161} INFO - Started process (PID=33718) to work on /home/felipe/.local/lib/python3.10/site-packages/airflow/example_dags/example_short_circuit_decorator.py
[2023-12-31T10:07:37.438-0300] {processor.py:830} INFO - Processing file /home/felipe/.local/lib/python3.10/site-packages/airflow/example_dags/example_short_circuit_decorator.py for tasks to queue
[2023-12-31T10:07:37.447-0300] {logging_mixin.py:188} INFO - [2023-12-31T10:07:37.439-0300] {dagbag.py:538} INFO - Filling up the DagBag from /home/felipe/.local/lib/python3.10/site-packages/airflow/example_dags/example_short_circuit_decorator.py
[2023-12-31T10:07:37.506-0300] {processor.py:840} INFO - DAG(s) 'example_short_circuit_decorator' retrieved from /home/felipe/.local/lib/python3.10/site-packages/airflow/example_dags/example_short_circuit_decorator.py
[2023-12-31T10:07:37.627-0300] {logging_mixin.py:188} INFO - [2023-12-31T10:07:37.626-0300] {dag.py:3033} INFO - Sync 1 DAGs
[2023-12-31T10:07:37.766-0300] {logging_mixin.py:188} INFO - [2023-12-31T10:07:37.759-0300] {dag.py:3820} INFO - Setting next_dagrun for example_short_circuit_decorator to 2023-12-30T00:00:00+00:00, run_after=2023-12-31T00:00:00+00:00
[2023-12-31T10:07:37.906-0300] {processor.py:183} INFO - Processing /home/felipe/.local/lib/python3.10/site-packages/airflow/example_dags/example_short_circuit_decorator.py took 0.497 seconds
[2023-12-31T11:29:50.306-0300] {processor.py:161} INFO - Started process (PID=34054) to work on /home/felipe/.local/lib/python3.10/site-packages/airflow/example_dags/example_short_circuit_decorator.py
[2023-12-31T11:29:50.314-0300] {processor.py:830} INFO - Processing file /home/felipe/.local/lib/python3.10/site-packages/airflow/example_dags/example_short_circuit_decorator.py for tasks to queue
[2023-12-31T11:29:50.316-0300] {logging_mixin.py:188} INFO - [2023-12-31T11:29:50.315-0300] {dagbag.py:538} INFO - Filling up the DagBag from /home/felipe/.local/lib/python3.10/site-packages/airflow/example_dags/example_short_circuit_decorator.py
[2023-12-31T11:29:50.374-0300] {processor.py:840} INFO - DAG(s) 'example_short_circuit_decorator' retrieved from /home/felipe/.local/lib/python3.10/site-packages/airflow/example_dags/example_short_circuit_decorator.py
[2023-12-31T11:29:50.466-0300] {logging_mixin.py:188} INFO - [2023-12-31T11:29:50.466-0300] {dag.py:3033} INFO - Sync 1 DAGs
[2023-12-31T11:29:50.597-0300] {logging_mixin.py:188} INFO - [2023-12-31T11:29:50.596-0300] {dag.py:3820} INFO - Setting next_dagrun for example_short_circuit_decorator to 2023-12-30T00:00:00+00:00, run_after=2023-12-31T00:00:00+00:00
[2023-12-31T11:29:50.746-0300] {processor.py:183} INFO - Processing /home/felipe/.local/lib/python3.10/site-packages/airflow/example_dags/example_short_circuit_decorator.py took 0.452 seconds
[2023-12-31T11:31:46.207-0300] {processor.py:161} INFO - Started process (PID=34301) to work on /home/felipe/.local/lib/python3.10/site-packages/airflow/example_dags/example_short_circuit_decorator.py
[2023-12-31T11:31:46.216-0300] {processor.py:830} INFO - Processing file /home/felipe/.local/lib/python3.10/site-packages/airflow/example_dags/example_short_circuit_decorator.py for tasks to queue
[2023-12-31T11:31:46.225-0300] {logging_mixin.py:188} INFO - [2023-12-31T11:31:46.224-0300] {dagbag.py:538} INFO - Filling up the DagBag from /home/felipe/.local/lib/python3.10/site-packages/airflow/example_dags/example_short_circuit_decorator.py
[2023-12-31T11:31:46.285-0300] {processor.py:840} INFO - DAG(s) 'example_short_circuit_decorator' retrieved from /home/felipe/.local/lib/python3.10/site-packages/airflow/example_dags/example_short_circuit_decorator.py
[2023-12-31T11:31:46.384-0300] {logging_mixin.py:188} INFO - [2023-12-31T11:31:46.384-0300] {dag.py:3033} INFO - Sync 1 DAGs
[2023-12-31T11:31:46.506-0300] {logging_mixin.py:188} INFO - [2023-12-31T11:31:46.505-0300] {dag.py:3820} INFO - Setting next_dagrun for example_short_circuit_decorator to 2023-12-30T00:00:00+00:00, run_after=2023-12-31T00:00:00+00:00
[2023-12-31T11:31:46.654-0300] {processor.py:183} INFO - Processing /home/felipe/.local/lib/python3.10/site-packages/airflow/example_dags/example_short_circuit_decorator.py took 0.460 seconds
[2023-12-31T11:34:37.085-0300] {processor.py:161} INFO - Started process (PID=34491) to work on /home/felipe/.local/lib/python3.10/site-packages/airflow/example_dags/example_short_circuit_decorator.py
[2023-12-31T11:34:37.105-0300] {processor.py:830} INFO - Processing file /home/felipe/.local/lib/python3.10/site-packages/airflow/example_dags/example_short_circuit_decorator.py for tasks to queue
[2023-12-31T11:34:37.115-0300] {logging_mixin.py:188} INFO - [2023-12-31T11:34:37.106-0300] {dagbag.py:538} INFO - Filling up the DagBag from /home/felipe/.local/lib/python3.10/site-packages/airflow/example_dags/example_short_circuit_decorator.py
[2023-12-31T11:34:37.207-0300] {processor.py:840} INFO - DAG(s) 'example_short_circuit_decorator' retrieved from /home/felipe/.local/lib/python3.10/site-packages/airflow/example_dags/example_short_circuit_decorator.py
[2023-12-31T11:34:37.346-0300] {logging_mixin.py:188} INFO - [2023-12-31T11:34:37.346-0300] {dag.py:3033} INFO - Sync 1 DAGs
[2023-12-31T11:34:37.476-0300] {logging_mixin.py:188} INFO - [2023-12-31T11:34:37.475-0300] {dag.py:3820} INFO - Setting next_dagrun for example_short_circuit_decorator to 2023-12-30T00:00:00+00:00, run_after=2023-12-31T00:00:00+00:00
[2023-12-31T11:34:37.696-0300] {processor.py:183} INFO - Processing /home/felipe/.local/lib/python3.10/site-packages/airflow/example_dags/example_short_circuit_decorator.py took 0.640 seconds
[2023-12-31T11:37:22.536-0300] {processor.py:161} INFO - Started process (PID=34702) to work on /home/felipe/.local/lib/python3.10/site-packages/airflow/example_dags/example_short_circuit_decorator.py
[2023-12-31T11:37:22.554-0300] {processor.py:830} INFO - Processing file /home/felipe/.local/lib/python3.10/site-packages/airflow/example_dags/example_short_circuit_decorator.py for tasks to queue
[2023-12-31T11:37:22.556-0300] {logging_mixin.py:188} INFO - [2023-12-31T11:37:22.555-0300] {dagbag.py:538} INFO - Filling up the DagBag from /home/felipe/.local/lib/python3.10/site-packages/airflow/example_dags/example_short_circuit_decorator.py
[2023-12-31T11:37:22.615-0300] {processor.py:840} INFO - DAG(s) 'example_short_circuit_decorator' retrieved from /home/felipe/.local/lib/python3.10/site-packages/airflow/example_dags/example_short_circuit_decorator.py
[2023-12-31T11:37:22.716-0300] {logging_mixin.py:188} INFO - [2023-12-31T11:37:22.716-0300] {dag.py:3033} INFO - Sync 1 DAGs
[2023-12-31T11:37:22.865-0300] {logging_mixin.py:188} INFO - [2023-12-31T11:37:22.864-0300] {dag.py:3820} INFO - Setting next_dagrun for example_short_circuit_decorator to 2023-12-30T00:00:00+00:00, run_after=2023-12-31T00:00:00+00:00
[2023-12-31T11:37:23.074-0300] {processor.py:183} INFO - Processing /home/felipe/.local/lib/python3.10/site-packages/airflow/example_dags/example_short_circuit_decorator.py took 0.550 seconds
[2023-12-31T11:40:08.355-0300] {processor.py:161} INFO - Started process (PID=34907) to work on /home/felipe/.local/lib/python3.10/site-packages/airflow/example_dags/example_short_circuit_decorator.py
[2023-12-31T11:40:08.364-0300] {processor.py:830} INFO - Processing file /home/felipe/.local/lib/python3.10/site-packages/airflow/example_dags/example_short_circuit_decorator.py for tasks to queue
[2023-12-31T11:40:08.365-0300] {logging_mixin.py:188} INFO - [2023-12-31T11:40:08.365-0300] {dagbag.py:538} INFO - Filling up the DagBag from /home/felipe/.local/lib/python3.10/site-packages/airflow/example_dags/example_short_circuit_decorator.py
[2023-12-31T11:40:08.424-0300] {processor.py:840} INFO - DAG(s) 'example_short_circuit_decorator' retrieved from /home/felipe/.local/lib/python3.10/site-packages/airflow/example_dags/example_short_circuit_decorator.py
[2023-12-31T11:40:08.586-0300] {logging_mixin.py:188} INFO - [2023-12-31T11:40:08.585-0300] {dag.py:3033} INFO - Sync 1 DAGs
[2023-12-31T11:40:08.755-0300] {logging_mixin.py:188} INFO - [2023-12-31T11:40:08.754-0300] {dag.py:3820} INFO - Setting next_dagrun for example_short_circuit_decorator to 2023-12-30T00:00:00+00:00, run_after=2023-12-31T00:00:00+00:00
[2023-12-31T11:40:08.955-0300] {processor.py:183} INFO - Processing /home/felipe/.local/lib/python3.10/site-packages/airflow/example_dags/example_short_circuit_decorator.py took 0.611 seconds
[2023-12-31T11:43:10.335-0300] {processor.py:161} INFO - Started process (PID=35110) to work on /home/felipe/.local/lib/python3.10/site-packages/airflow/example_dags/example_short_circuit_decorator.py
[2023-12-31T11:43:10.344-0300] {processor.py:830} INFO - Processing file /home/felipe/.local/lib/python3.10/site-packages/airflow/example_dags/example_short_circuit_decorator.py for tasks to queue
[2023-12-31T11:43:10.346-0300] {logging_mixin.py:188} INFO - [2023-12-31T11:43:10.345-0300] {dagbag.py:538} INFO - Filling up the DagBag from /home/felipe/.local/lib/python3.10/site-packages/airflow/example_dags/example_short_circuit_decorator.py
[2023-12-31T11:43:10.446-0300] {processor.py:840} INFO - DAG(s) 'example_short_circuit_decorator' retrieved from /home/felipe/.local/lib/python3.10/site-packages/airflow/example_dags/example_short_circuit_decorator.py
[2023-12-31T11:43:10.625-0300] {logging_mixin.py:188} INFO - [2023-12-31T11:43:10.624-0300] {dag.py:3033} INFO - Sync 1 DAGs
[2023-12-31T11:43:10.786-0300] {logging_mixin.py:188} INFO - [2023-12-31T11:43:10.786-0300] {dag.py:3820} INFO - Setting next_dagrun for example_short_circuit_decorator to 2023-12-30T00:00:00+00:00, run_after=2023-12-31T00:00:00+00:00
[2023-12-31T11:43:11.005-0300] {processor.py:183} INFO - Processing /home/felipe/.local/lib/python3.10/site-packages/airflow/example_dags/example_short_circuit_decorator.py took 0.689 seconds
[2023-12-31T11:46:30.434-0300] {processor.py:161} INFO - Started process (PID=35362) to work on /home/felipe/.local/lib/python3.10/site-packages/airflow/example_dags/example_short_circuit_decorator.py
[2023-12-31T11:46:30.444-0300] {processor.py:830} INFO - Processing file /home/felipe/.local/lib/python3.10/site-packages/airflow/example_dags/example_short_circuit_decorator.py for tasks to queue
[2023-12-31T11:46:30.446-0300] {logging_mixin.py:188} INFO - [2023-12-31T11:46:30.445-0300] {dagbag.py:538} INFO - Filling up the DagBag from /home/felipe/.local/lib/python3.10/site-packages/airflow/example_dags/example_short_circuit_decorator.py
[2023-12-31T11:46:30.525-0300] {processor.py:840} INFO - DAG(s) 'example_short_circuit_decorator' retrieved from /home/felipe/.local/lib/python3.10/site-packages/airflow/example_dags/example_short_circuit_decorator.py
[2023-12-31T11:46:30.665-0300] {logging_mixin.py:188} INFO - [2023-12-31T11:46:30.664-0300] {dag.py:3033} INFO - Sync 1 DAGs
[2023-12-31T11:46:30.844-0300] {logging_mixin.py:188} INFO - [2023-12-31T11:46:30.836-0300] {dag.py:3820} INFO - Setting next_dagrun for example_short_circuit_decorator to 2023-12-30T00:00:00+00:00, run_after=2023-12-31T00:00:00+00:00
[2023-12-31T11:46:31.085-0300] {processor.py:183} INFO - Processing /home/felipe/.local/lib/python3.10/site-packages/airflow/example_dags/example_short_circuit_decorator.py took 0.671 seconds
[2023-12-31T11:50:28.765-0300] {processor.py:161} INFO - Started process (PID=35675) to work on /home/felipe/.local/lib/python3.10/site-packages/airflow/example_dags/example_short_circuit_decorator.py
[2023-12-31T11:50:28.774-0300] {processor.py:830} INFO - Processing file /home/felipe/.local/lib/python3.10/site-packages/airflow/example_dags/example_short_circuit_decorator.py for tasks to queue
[2023-12-31T11:50:28.784-0300] {logging_mixin.py:188} INFO - [2023-12-31T11:50:28.776-0300] {dagbag.py:538} INFO - Filling up the DagBag from /home/felipe/.local/lib/python3.10/site-packages/airflow/example_dags/example_short_circuit_decorator.py
[2023-12-31T11:50:28.865-0300] {processor.py:840} INFO - DAG(s) 'example_short_circuit_decorator' retrieved from /home/felipe/.local/lib/python3.10/site-packages/airflow/example_dags/example_short_circuit_decorator.py
[2023-12-31T11:50:29.054-0300] {logging_mixin.py:188} INFO - [2023-12-31T11:50:29.054-0300] {dag.py:3033} INFO - Sync 1 DAGs
[2023-12-31T11:50:29.265-0300] {logging_mixin.py:188} INFO - [2023-12-31T11:50:29.264-0300] {dag.py:3820} INFO - Setting next_dagrun for example_short_circuit_decorator to 2023-12-30T00:00:00+00:00, run_after=2023-12-31T00:00:00+00:00
[2023-12-31T11:50:29.506-0300] {processor.py:183} INFO - Processing /home/felipe/.local/lib/python3.10/site-packages/airflow/example_dags/example_short_circuit_decorator.py took 0.761 seconds
[2023-12-31T11:53:19.415-0300] {processor.py:161} INFO - Started process (PID=35810) to work on /home/felipe/.local/lib/python3.10/site-packages/airflow/example_dags/example_short_circuit_decorator.py
[2023-12-31T11:53:19.435-0300] {processor.py:830} INFO - Processing file /home/felipe/.local/lib/python3.10/site-packages/airflow/example_dags/example_short_circuit_decorator.py for tasks to queue
[2023-12-31T11:53:19.454-0300] {logging_mixin.py:188} INFO - [2023-12-31T11:53:19.445-0300] {dagbag.py:538} INFO - Filling up the DagBag from /home/felipe/.local/lib/python3.10/site-packages/airflow/example_dags/example_short_circuit_decorator.py
[2023-12-31T11:53:19.645-0300] {processor.py:840} INFO - DAG(s) 'example_short_circuit_decorator' retrieved from /home/felipe/.local/lib/python3.10/site-packages/airflow/example_dags/example_short_circuit_decorator.py
[2023-12-31T11:53:19.905-0300] {logging_mixin.py:188} INFO - [2023-12-31T11:53:19.896-0300] {dag.py:3033} INFO - Sync 1 DAGs
[2023-12-31T11:53:20.364-0300] {logging_mixin.py:188} INFO - [2023-12-31T11:53:20.355-0300] {dag.py:3820} INFO - Setting next_dagrun for example_short_circuit_decorator to 2023-12-30T00:00:00+00:00, run_after=2023-12-31T00:00:00+00:00
[2023-12-31T11:53:20.886-0300] {processor.py:183} INFO - Processing /home/felipe/.local/lib/python3.10/site-packages/airflow/example_dags/example_short_circuit_decorator.py took 1.501 seconds
[2023-12-31T11:55:20.485-0300] {processor.py:161} INFO - Started process (PID=35951) to work on /home/felipe/.local/lib/python3.10/site-packages/airflow/example_dags/example_short_circuit_decorator.py
[2023-12-31T11:55:20.495-0300] {processor.py:830} INFO - Processing file /home/felipe/.local/lib/python3.10/site-packages/airflow/example_dags/example_short_circuit_decorator.py for tasks to queue
[2023-12-31T11:55:20.505-0300] {logging_mixin.py:188} INFO - [2023-12-31T11:55:20.504-0300] {dagbag.py:538} INFO - Filling up the DagBag from /home/felipe/.local/lib/python3.10/site-packages/airflow/example_dags/example_short_circuit_decorator.py
[2023-12-31T11:55:20.586-0300] {processor.py:840} INFO - DAG(s) 'example_short_circuit_decorator' retrieved from /home/felipe/.local/lib/python3.10/site-packages/airflow/example_dags/example_short_circuit_decorator.py
[2023-12-31T11:55:20.746-0300] {logging_mixin.py:188} INFO - [2023-12-31T11:55:20.745-0300] {dag.py:3033} INFO - Sync 1 DAGs
[2023-12-31T11:55:20.944-0300] {logging_mixin.py:188} INFO - [2023-12-31T11:55:20.944-0300] {dag.py:3820} INFO - Setting next_dagrun for example_short_circuit_decorator to 2023-12-30T00:00:00+00:00, run_after=2023-12-31T00:00:00+00:00
[2023-12-31T11:55:21.175-0300] {processor.py:183} INFO - Processing /home/felipe/.local/lib/python3.10/site-packages/airflow/example_dags/example_short_circuit_decorator.py took 0.710 seconds
[2023-12-31T11:58:49.544-0300] {processor.py:161} INFO - Started process (PID=36161) to work on /home/felipe/.local/lib/python3.10/site-packages/airflow/example_dags/example_short_circuit_decorator.py
[2023-12-31T11:58:49.554-0300] {processor.py:830} INFO - Processing file /home/felipe/.local/lib/python3.10/site-packages/airflow/example_dags/example_short_circuit_decorator.py for tasks to queue
[2023-12-31T11:58:49.565-0300] {logging_mixin.py:188} INFO - [2023-12-31T11:58:49.564-0300] {dagbag.py:538} INFO - Filling up the DagBag from /home/felipe/.local/lib/python3.10/site-packages/airflow/example_dags/example_short_circuit_decorator.py
[2023-12-31T11:58:49.694-0300] {processor.py:840} INFO - DAG(s) 'example_short_circuit_decorator' retrieved from /home/felipe/.local/lib/python3.10/site-packages/airflow/example_dags/example_short_circuit_decorator.py
[2023-12-31T11:58:49.885-0300] {logging_mixin.py:188} INFO - [2023-12-31T11:58:49.885-0300] {dag.py:3033} INFO - Sync 1 DAGs
[2023-12-31T11:58:50.125-0300] {logging_mixin.py:188} INFO - [2023-12-31T11:58:50.125-0300] {dag.py:3820} INFO - Setting next_dagrun for example_short_circuit_decorator to 2023-12-30T00:00:00+00:00, run_after=2023-12-31T00:00:00+00:00
[2023-12-31T11:58:50.454-0300] {processor.py:183} INFO - Processing /home/felipe/.local/lib/python3.10/site-packages/airflow/example_dags/example_short_circuit_decorator.py took 0.949 seconds
[2023-12-31T12:02:29.025-0300] {processor.py:161} INFO - Started process (PID=36398) to work on /home/felipe/.local/lib/python3.10/site-packages/airflow/example_dags/example_short_circuit_decorator.py
[2023-12-31T12:02:29.044-0300] {processor.py:830} INFO - Processing file /home/felipe/.local/lib/python3.10/site-packages/airflow/example_dags/example_short_circuit_decorator.py for tasks to queue
[2023-12-31T12:02:29.055-0300] {logging_mixin.py:188} INFO - [2023-12-31T12:02:29.054-0300] {dagbag.py:538} INFO - Filling up the DagBag from /home/felipe/.local/lib/python3.10/site-packages/airflow/example_dags/example_short_circuit_decorator.py
[2023-12-31T12:02:29.225-0300] {processor.py:840} INFO - DAG(s) 'example_short_circuit_decorator' retrieved from /home/felipe/.local/lib/python3.10/site-packages/airflow/example_dags/example_short_circuit_decorator.py
[2023-12-31T12:02:29.475-0300] {logging_mixin.py:188} INFO - [2023-12-31T12:02:29.474-0300] {dag.py:3033} INFO - Sync 1 DAGs
[2023-12-31T12:02:29.815-0300] {logging_mixin.py:188} INFO - [2023-12-31T12:02:29.815-0300] {dag.py:3820} INFO - Setting next_dagrun for example_short_circuit_decorator to 2023-12-30T00:00:00+00:00, run_after=2023-12-31T00:00:00+00:00
[2023-12-31T12:02:30.134-0300] {processor.py:183} INFO - Processing /home/felipe/.local/lib/python3.10/site-packages/airflow/example_dags/example_short_circuit_decorator.py took 1.129 seconds
[2023-12-31T12:05:15.625-0300] {processor.py:161} INFO - Started process (PID=36592) to work on /home/felipe/.local/lib/python3.10/site-packages/airflow/example_dags/example_short_circuit_decorator.py
[2023-12-31T12:05:15.645-0300] {processor.py:830} INFO - Processing file /home/felipe/.local/lib/python3.10/site-packages/airflow/example_dags/example_short_circuit_decorator.py for tasks to queue
[2023-12-31T12:05:15.685-0300] {logging_mixin.py:188} INFO - [2023-12-31T12:05:15.675-0300] {dagbag.py:538} INFO - Filling up the DagBag from /home/felipe/.local/lib/python3.10/site-packages/airflow/example_dags/example_short_circuit_decorator.py
[2023-12-31T12:05:16.064-0300] {processor.py:840} INFO - DAG(s) 'example_short_circuit_decorator' retrieved from /home/felipe/.local/lib/python3.10/site-packages/airflow/example_dags/example_short_circuit_decorator.py
[2023-12-31T12:05:16.765-0300] {logging_mixin.py:188} INFO - [2023-12-31T12:05:16.764-0300] {dag.py:3033} INFO - Sync 1 DAGs
[2023-12-31T12:05:17.495-0300] {logging_mixin.py:188} INFO - [2023-12-31T12:05:17.485-0300] {dag.py:3820} INFO - Setting next_dagrun for example_short_circuit_decorator to 2023-12-30T00:00:00+00:00, run_after=2023-12-31T00:00:00+00:00
[2023-12-31T12:05:18.125-0300] {processor.py:183} INFO - Processing /home/felipe/.local/lib/python3.10/site-packages/airflow/example_dags/example_short_circuit_decorator.py took 2.620 seconds
