[2023-12-31T09:37:40.389-0300] {processor.py:161} INFO - Started process (PID=32118) to work on /home/felipe/.local/lib/python3.10/site-packages/airflow/example_dags/example_bash_operator.py
[2023-12-31T09:37:40.390-0300] {processor.py:830} INFO - Processing file /home/felipe/.local/lib/python3.10/site-packages/airflow/example_dags/example_bash_operator.py for tasks to queue
[2023-12-31T09:37:40.400-0300] {logging_mixin.py:188} INFO - [2023-12-31T09:37:40.391-0300] {dagbag.py:538} INFO - Filling up the DagBag from /home/felipe/.local/lib/python3.10/site-packages/airflow/example_dags/example_bash_operator.py
[2023-12-31T09:37:40.438-0300] {processor.py:840} INFO - DAG(s) 'example_bash_operator' retrieved from /home/felipe/.local/lib/python3.10/site-packages/airflow/example_dags/example_bash_operator.py
[2023-12-31T09:37:40.906-0300] {logging_mixin.py:188} INFO - [2023-12-31T09:37:40.901-0300] {dag.py:3033} INFO - Sync 1 DAGs
[2023-12-31T09:37:40.969-0300] {logging_mixin.py:188} INFO - [2023-12-31T09:37:40.969-0300] {dag.py:3820} INFO - Setting next_dagrun for example_bash_operator to 2023-12-30T00:00:00+00:00, run_after=2023-12-31T00:00:00+00:00
[2023-12-31T09:37:41.098-0300] {processor.py:183} INFO - Processing /home/felipe/.local/lib/python3.10/site-packages/airflow/example_dags/example_bash_operator.py took 0.719 seconds
[2023-12-31T09:54:17.569-0300] {processor.py:161} INFO - Started process (PID=32866) to work on /home/felipe/.local/lib/python3.10/site-packages/airflow/example_dags/example_bash_operator.py
[2023-12-31T09:54:17.577-0300] {processor.py:830} INFO - Processing file /home/felipe/.local/lib/python3.10/site-packages/airflow/example_dags/example_bash_operator.py for tasks to queue
[2023-12-31T09:54:17.579-0300] {logging_mixin.py:188} INFO - [2023-12-31T09:54:17.578-0300] {dagbag.py:538} INFO - Filling up the DagBag from /home/felipe/.local/lib/python3.10/site-packages/airflow/example_dags/example_bash_operator.py
[2023-12-31T09:54:17.669-0300] {processor.py:840} INFO - DAG(s) 'example_bash_operator' retrieved from /home/felipe/.local/lib/python3.10/site-packages/airflow/example_dags/example_bash_operator.py
[2023-12-31T09:54:19.189-0300] {logging_mixin.py:188} INFO - [2023-12-31T09:54:19.186-0300] {dag.py:3033} INFO - Sync 1 DAGs
[2023-12-31T09:54:19.527-0300] {logging_mixin.py:188} INFO - [2023-12-31T09:54:19.520-0300] {dag.py:3820} INFO - Setting next_dagrun for example_bash_operator to 2023-12-30T00:00:00+00:00, run_after=2023-12-31T00:00:00+00:00
[2023-12-31T09:54:19.878-0300] {processor.py:183} INFO - Processing /home/felipe/.local/lib/python3.10/site-packages/airflow/example_dags/example_bash_operator.py took 2.320 seconds
[2023-12-31T09:59:31.889-0300] {processor.py:161} INFO - Started process (PID=33114) to work on /home/felipe/.local/lib/python3.10/site-packages/airflow/example_dags/example_bash_operator.py
[2023-12-31T09:59:31.898-0300] {processor.py:830} INFO - Processing file /home/felipe/.local/lib/python3.10/site-packages/airflow/example_dags/example_bash_operator.py for tasks to queue
[2023-12-31T09:59:31.899-0300] {logging_mixin.py:188} INFO - [2023-12-31T09:59:31.899-0300] {dagbag.py:538} INFO - Filling up the DagBag from /home/felipe/.local/lib/python3.10/site-packages/airflow/example_dags/example_bash_operator.py
[2023-12-31T09:59:31.957-0300] {processor.py:840} INFO - DAG(s) 'example_bash_operator' retrieved from /home/felipe/.local/lib/python3.10/site-packages/airflow/example_dags/example_bash_operator.py
[2023-12-31T09:59:32.108-0300] {logging_mixin.py:188} INFO - [2023-12-31T09:59:32.108-0300] {dag.py:3033} INFO - Sync 1 DAGs
[2023-12-31T09:59:32.217-0300] {logging_mixin.py:188} INFO - [2023-12-31T09:59:32.216-0300] {dag.py:3820} INFO - Setting next_dagrun for example_bash_operator to 2023-12-30T00:00:00+00:00, run_after=2023-12-31T00:00:00+00:00
[2023-12-31T09:59:32.390-0300] {processor.py:183} INFO - Processing /home/felipe/.local/lib/python3.10/site-packages/airflow/example_dags/example_bash_operator.py took 0.511 seconds
[2023-12-31T10:02:08.637-0300] {processor.py:161} INFO - Started process (PID=33323) to work on /home/felipe/.local/lib/python3.10/site-packages/airflow/example_dags/example_bash_operator.py
[2023-12-31T10:02:08.638-0300] {processor.py:830} INFO - Processing file /home/felipe/.local/lib/python3.10/site-packages/airflow/example_dags/example_bash_operator.py for tasks to queue
[2023-12-31T10:02:08.640-0300] {logging_mixin.py:188} INFO - [2023-12-31T10:02:08.639-0300] {dagbag.py:538} INFO - Filling up the DagBag from /home/felipe/.local/lib/python3.10/site-packages/airflow/example_dags/example_bash_operator.py
[2023-12-31T10:02:08.700-0300] {processor.py:840} INFO - DAG(s) 'example_bash_operator' retrieved from /home/felipe/.local/lib/python3.10/site-packages/airflow/example_dags/example_bash_operator.py
[2023-12-31T10:02:08.838-0300] {logging_mixin.py:188} INFO - [2023-12-31T10:02:08.838-0300] {dag.py:3033} INFO - Sync 1 DAGs
[2023-12-31T10:02:08.939-0300] {logging_mixin.py:188} INFO - [2023-12-31T10:02:08.939-0300] {dag.py:3820} INFO - Setting next_dagrun for example_bash_operator to 2023-12-30T00:00:00+00:00, run_after=2023-12-31T00:00:00+00:00
[2023-12-31T10:02:09.069-0300] {processor.py:183} INFO - Processing /home/felipe/.local/lib/python3.10/site-packages/airflow/example_dags/example_bash_operator.py took 0.450 seconds
[2023-12-31T10:04:23.728-0300] {processor.py:161} INFO - Started process (PID=33463) to work on /home/felipe/.local/lib/python3.10/site-packages/airflow/example_dags/example_bash_operator.py
[2023-12-31T10:04:23.737-0300] {processor.py:830} INFO - Processing file /home/felipe/.local/lib/python3.10/site-packages/airflow/example_dags/example_bash_operator.py for tasks to queue
[2023-12-31T10:04:23.738-0300] {logging_mixin.py:188} INFO - [2023-12-31T10:04:23.738-0300] {dagbag.py:538} INFO - Filling up the DagBag from /home/felipe/.local/lib/python3.10/site-packages/airflow/example_dags/example_bash_operator.py
[2023-12-31T10:04:23.797-0300] {processor.py:840} INFO - DAG(s) 'example_bash_operator' retrieved from /home/felipe/.local/lib/python3.10/site-packages/airflow/example_dags/example_bash_operator.py
[2023-12-31T10:04:23.978-0300] {logging_mixin.py:188} INFO - [2023-12-31T10:04:23.977-0300] {dag.py:3033} INFO - Sync 1 DAGs
[2023-12-31T10:04:24.158-0300] {logging_mixin.py:188} INFO - [2023-12-31T10:04:24.157-0300] {dag.py:3820} INFO - Setting next_dagrun for example_bash_operator to 2023-12-30T00:00:00+00:00, run_after=2023-12-31T00:00:00+00:00
[2023-12-31T10:04:24.307-0300] {processor.py:183} INFO - Processing /home/felipe/.local/lib/python3.10/site-packages/airflow/example_dags/example_bash_operator.py took 0.599 seconds
[2023-12-31T10:06:45.706-0300] {processor.py:161} INFO - Started process (PID=33656) to work on /home/felipe/.local/lib/python3.10/site-packages/airflow/example_dags/example_bash_operator.py
[2023-12-31T10:06:45.708-0300] {processor.py:830} INFO - Processing file /home/felipe/.local/lib/python3.10/site-packages/airflow/example_dags/example_bash_operator.py for tasks to queue
[2023-12-31T10:06:45.716-0300] {logging_mixin.py:188} INFO - [2023-12-31T10:06:45.709-0300] {dagbag.py:538} INFO - Filling up the DagBag from /home/felipe/.local/lib/python3.10/site-packages/airflow/example_dags/example_bash_operator.py
[2023-12-31T10:06:45.776-0300] {processor.py:840} INFO - DAG(s) 'example_bash_operator' retrieved from /home/felipe/.local/lib/python3.10/site-packages/airflow/example_dags/example_bash_operator.py
[2023-12-31T10:06:45.907-0300] {logging_mixin.py:188} INFO - [2023-12-31T10:06:45.907-0300] {dag.py:3033} INFO - Sync 1 DAGs
[2023-12-31T10:06:46.017-0300] {logging_mixin.py:188} INFO - [2023-12-31T10:06:46.017-0300] {dag.py:3820} INFO - Setting next_dagrun for example_bash_operator to 2023-12-30T00:00:00+00:00, run_after=2023-12-31T00:00:00+00:00
[2023-12-31T10:06:46.149-0300] {processor.py:183} INFO - Processing /home/felipe/.local/lib/python3.10/site-packages/airflow/example_dags/example_bash_operator.py took 0.460 seconds
[2023-12-31T10:09:13.539-0300] {processor.py:161} INFO - Started process (PID=33834) to work on /home/felipe/.local/lib/python3.10/site-packages/airflow/example_dags/example_bash_operator.py
[2023-12-31T10:09:13.549-0300] {processor.py:830} INFO - Processing file /home/felipe/.local/lib/python3.10/site-packages/airflow/example_dags/example_bash_operator.py for tasks to queue
[2023-12-31T10:09:13.566-0300] {logging_mixin.py:188} INFO - [2023-12-31T10:09:13.558-0300] {dagbag.py:538} INFO - Filling up the DagBag from /home/felipe/.local/lib/python3.10/site-packages/airflow/example_dags/example_bash_operator.py
[2023-12-31T10:09:13.697-0300] {processor.py:840} INFO - DAG(s) 'example_bash_operator' retrieved from /home/felipe/.local/lib/python3.10/site-packages/airflow/example_dags/example_bash_operator.py
[2023-12-31T10:09:13.869-0300] {logging_mixin.py:188} INFO - [2023-12-31T10:09:13.868-0300] {dag.py:3033} INFO - Sync 1 DAGs
[2023-12-31T10:09:14.017-0300] {logging_mixin.py:188} INFO - [2023-12-31T10:09:14.017-0300] {dag.py:3820} INFO - Setting next_dagrun for example_bash_operator to 2023-12-30T00:00:00+00:00, run_after=2023-12-31T00:00:00+00:00
[2023-12-31T10:09:14.167-0300] {processor.py:183} INFO - Processing /home/felipe/.local/lib/python3.10/site-packages/airflow/example_dags/example_bash_operator.py took 0.648 seconds
[2023-12-31T11:30:01.736-0300] {processor.py:161} INFO - Started process (PID=34074) to work on /home/felipe/.local/lib/python3.10/site-packages/airflow/example_dags/example_bash_operator.py
[2023-12-31T11:30:01.745-0300] {processor.py:830} INFO - Processing file /home/felipe/.local/lib/python3.10/site-packages/airflow/example_dags/example_bash_operator.py for tasks to queue
[2023-12-31T11:30:01.755-0300] {logging_mixin.py:188} INFO - [2023-12-31T11:30:01.754-0300] {dagbag.py:538} INFO - Filling up the DagBag from /home/felipe/.local/lib/python3.10/site-packages/airflow/example_dags/example_bash_operator.py
[2023-12-31T11:30:01.834-0300] {processor.py:840} INFO - DAG(s) 'example_bash_operator' retrieved from /home/felipe/.local/lib/python3.10/site-packages/airflow/example_dags/example_bash_operator.py
[2023-12-31T11:30:02.035-0300] {logging_mixin.py:188} INFO - [2023-12-31T11:30:02.027-0300] {dag.py:3033} INFO - Sync 1 DAGs
[2023-12-31T11:30:02.206-0300] {logging_mixin.py:188} INFO - [2023-12-31T11:30:02.205-0300] {dag.py:3820} INFO - Setting next_dagrun for example_bash_operator to 2023-12-30T00:00:00+00:00, run_after=2023-12-31T00:00:00+00:00
[2023-12-31T11:30:02.377-0300] {processor.py:183} INFO - Processing /home/felipe/.local/lib/python3.10/site-packages/airflow/example_dags/example_bash_operator.py took 0.661 seconds
[2023-12-31T11:32:59.237-0300] {processor.py:161} INFO - Started process (PID=34385) to work on /home/felipe/.local/lib/python3.10/site-packages/airflow/example_dags/example_bash_operator.py
[2023-12-31T11:32:59.245-0300] {processor.py:830} INFO - Processing file /home/felipe/.local/lib/python3.10/site-packages/airflow/example_dags/example_bash_operator.py for tasks to queue
[2023-12-31T11:32:59.254-0300] {logging_mixin.py:188} INFO - [2023-12-31T11:32:59.246-0300] {dagbag.py:538} INFO - Filling up the DagBag from /home/felipe/.local/lib/python3.10/site-packages/airflow/example_dags/example_bash_operator.py
[2023-12-31T11:32:59.317-0300] {processor.py:840} INFO - DAG(s) 'example_bash_operator' retrieved from /home/felipe/.local/lib/python3.10/site-packages/airflow/example_dags/example_bash_operator.py
[2023-12-31T11:32:59.497-0300] {logging_mixin.py:188} INFO - [2023-12-31T11:32:59.496-0300] {dag.py:3033} INFO - Sync 1 DAGs
[2023-12-31T11:32:59.636-0300] {logging_mixin.py:188} INFO - [2023-12-31T11:32:59.636-0300] {dag.py:3820} INFO - Setting next_dagrun for example_bash_operator to 2023-12-30T00:00:00+00:00, run_after=2023-12-31T00:00:00+00:00
[2023-12-31T11:32:59.815-0300] {processor.py:183} INFO - Processing /home/felipe/.local/lib/python3.10/site-packages/airflow/example_dags/example_bash_operator.py took 0.582 seconds
[2023-12-31T11:35:51.826-0300] {processor.py:161} INFO - Started process (PID=34603) to work on /home/felipe/.local/lib/python3.10/site-packages/airflow/example_dags/example_bash_operator.py
[2023-12-31T11:35:51.835-0300] {processor.py:830} INFO - Processing file /home/felipe/.local/lib/python3.10/site-packages/airflow/example_dags/example_bash_operator.py for tasks to queue
[2023-12-31T11:35:51.836-0300] {logging_mixin.py:188} INFO - [2023-12-31T11:35:51.836-0300] {dagbag.py:538} INFO - Filling up the DagBag from /home/felipe/.local/lib/python3.10/site-packages/airflow/example_dags/example_bash_operator.py
[2023-12-31T11:35:51.905-0300] {processor.py:840} INFO - DAG(s) 'example_bash_operator' retrieved from /home/felipe/.local/lib/python3.10/site-packages/airflow/example_dags/example_bash_operator.py
[2023-12-31T11:35:52.056-0300] {logging_mixin.py:188} INFO - [2023-12-31T11:35:52.055-0300] {dag.py:3033} INFO - Sync 1 DAGs
[2023-12-31T11:35:52.187-0300] {logging_mixin.py:188} INFO - [2023-12-31T11:35:52.186-0300] {dag.py:3820} INFO - Setting next_dagrun for example_bash_operator to 2023-12-30T00:00:00+00:00, run_after=2023-12-31T00:00:00+00:00
[2023-12-31T11:35:52.374-0300] {processor.py:183} INFO - Processing /home/felipe/.local/lib/python3.10/site-packages/airflow/example_dags/example_bash_operator.py took 0.560 seconds
[2023-12-31T11:38:36.475-0300] {processor.py:161} INFO - Started process (PID=34781) to work on /home/felipe/.local/lib/python3.10/site-packages/airflow/example_dags/example_bash_operator.py
[2023-12-31T11:38:36.484-0300] {processor.py:830} INFO - Processing file /home/felipe/.local/lib/python3.10/site-packages/airflow/example_dags/example_bash_operator.py for tasks to queue
[2023-12-31T11:38:36.486-0300] {logging_mixin.py:188} INFO - [2023-12-31T11:38:36.485-0300] {dagbag.py:538} INFO - Filling up the DagBag from /home/felipe/.local/lib/python3.10/site-packages/airflow/example_dags/example_bash_operator.py
[2023-12-31T11:38:36.556-0300] {processor.py:840} INFO - DAG(s) 'example_bash_operator' retrieved from /home/felipe/.local/lib/python3.10/site-packages/airflow/example_dags/example_bash_operator.py
[2023-12-31T11:38:36.706-0300] {logging_mixin.py:188} INFO - [2023-12-31T11:38:36.706-0300] {dag.py:3033} INFO - Sync 1 DAGs
[2023-12-31T11:38:36.844-0300] {logging_mixin.py:188} INFO - [2023-12-31T11:38:36.844-0300] {dag.py:3820} INFO - Setting next_dagrun for example_bash_operator to 2023-12-30T00:00:00+00:00, run_after=2023-12-31T00:00:00+00:00
[2023-12-31T11:38:37.025-0300] {processor.py:183} INFO - Processing /home/felipe/.local/lib/python3.10/site-packages/airflow/example_dags/example_bash_operator.py took 0.570 seconds
[2023-12-31T11:41:25.636-0300] {processor.py:161} INFO - Started process (PID=34995) to work on /home/felipe/.local/lib/python3.10/site-packages/airflow/example_dags/example_bash_operator.py
[2023-12-31T11:41:25.646-0300] {processor.py:830} INFO - Processing file /home/felipe/.local/lib/python3.10/site-packages/airflow/example_dags/example_bash_operator.py for tasks to queue
[2023-12-31T11:41:25.655-0300] {logging_mixin.py:188} INFO - [2023-12-31T11:41:25.654-0300] {dagbag.py:538} INFO - Filling up the DagBag from /home/felipe/.local/lib/python3.10/site-packages/airflow/example_dags/example_bash_operator.py
[2023-12-31T11:41:25.764-0300] {processor.py:840} INFO - DAG(s) 'example_bash_operator' retrieved from /home/felipe/.local/lib/python3.10/site-packages/airflow/example_dags/example_bash_operator.py
[2023-12-31T11:41:25.976-0300] {logging_mixin.py:188} INFO - [2023-12-31T11:41:25.976-0300] {dag.py:3033} INFO - Sync 1 DAGs
[2023-12-31T11:41:26.216-0300] {logging_mixin.py:188} INFO - [2023-12-31T11:41:26.216-0300] {dag.py:3820} INFO - Setting next_dagrun for example_bash_operator to 2023-12-30T00:00:00+00:00, run_after=2023-12-31T00:00:00+00:00
[2023-12-31T11:41:26.484-0300] {processor.py:183} INFO - Processing /home/felipe/.local/lib/python3.10/site-packages/airflow/example_dags/example_bash_operator.py took 0.860 seconds
[2023-12-31T11:44:43.834-0300] {processor.py:161} INFO - Started process (PID=35221) to work on /home/felipe/.local/lib/python3.10/site-packages/airflow/example_dags/example_bash_operator.py
[2023-12-31T11:44:43.836-0300] {processor.py:830} INFO - Processing file /home/felipe/.local/lib/python3.10/site-packages/airflow/example_dags/example_bash_operator.py for tasks to queue
[2023-12-31T11:44:43.846-0300] {logging_mixin.py:188} INFO - [2023-12-31T11:44:43.845-0300] {dagbag.py:538} INFO - Filling up the DagBag from /home/felipe/.local/lib/python3.10/site-packages/airflow/example_dags/example_bash_operator.py
[2023-12-31T11:44:43.936-0300] {processor.py:840} INFO - DAG(s) 'example_bash_operator' retrieved from /home/felipe/.local/lib/python3.10/site-packages/airflow/example_dags/example_bash_operator.py
[2023-12-31T11:44:44.154-0300] {logging_mixin.py:188} INFO - [2023-12-31T11:44:44.154-0300] {dag.py:3033} INFO - Sync 1 DAGs
[2023-12-31T11:44:44.385-0300] {logging_mixin.py:188} INFO - [2023-12-31T11:44:44.384-0300] {dag.py:3820} INFO - Setting next_dagrun for example_bash_operator to 2023-12-30T00:00:00+00:00, run_after=2023-12-31T00:00:00+00:00
[2023-12-31T11:44:44.635-0300] {processor.py:183} INFO - Processing /home/felipe/.local/lib/python3.10/site-packages/airflow/example_dags/example_bash_operator.py took 0.821 seconds
[2023-12-31T11:48:01.785-0300] {processor.py:161} INFO - Started process (PID=35504) to work on /home/felipe/.local/lib/python3.10/site-packages/airflow/example_dags/example_bash_operator.py
[2023-12-31T11:48:01.794-0300] {processor.py:830} INFO - Processing file /home/felipe/.local/lib/python3.10/site-packages/airflow/example_dags/example_bash_operator.py for tasks to queue
[2023-12-31T11:48:01.805-0300] {logging_mixin.py:188} INFO - [2023-12-31T11:48:01.796-0300] {dagbag.py:538} INFO - Filling up the DagBag from /home/felipe/.local/lib/python3.10/site-packages/airflow/example_dags/example_bash_operator.py
[2023-12-31T11:48:01.934-0300] {processor.py:840} INFO - DAG(s) 'example_bash_operator' retrieved from /home/felipe/.local/lib/python3.10/site-packages/airflow/example_dags/example_bash_operator.py
[2023-12-31T11:48:02.214-0300] {logging_mixin.py:188} INFO - [2023-12-31T11:48:02.206-0300] {dag.py:3033} INFO - Sync 1 DAGs
[2023-12-31T11:48:02.444-0300] {logging_mixin.py:188} INFO - [2023-12-31T11:48:02.436-0300] {dag.py:3820} INFO - Setting next_dagrun for example_bash_operator to 2023-12-30T00:00:00+00:00, run_after=2023-12-31T00:00:00+00:00
[2023-12-31T11:48:02.795-0300] {processor.py:183} INFO - Processing /home/felipe/.local/lib/python3.10/site-packages/airflow/example_dags/example_bash_operator.py took 1.041 seconds
[2023-12-31T11:50:46.314-0300] {processor.py:161} INFO - Started process (PID=35690) to work on /home/felipe/.local/lib/python3.10/site-packages/airflow/example_dags/example_bash_operator.py
[2023-12-31T11:50:46.326-0300] {processor.py:830} INFO - Processing file /home/felipe/.local/lib/python3.10/site-packages/airflow/example_dags/example_bash_operator.py for tasks to queue
[2023-12-31T11:50:46.344-0300] {logging_mixin.py:188} INFO - [2023-12-31T11:50:46.335-0300] {dagbag.py:538} INFO - Filling up the DagBag from /home/felipe/.local/lib/python3.10/site-packages/airflow/example_dags/example_bash_operator.py
[2023-12-31T11:50:46.484-0300] {processor.py:840} INFO - DAG(s) 'example_bash_operator' retrieved from /home/felipe/.local/lib/python3.10/site-packages/airflow/example_dags/example_bash_operator.py
[2023-12-31T11:50:46.786-0300] {logging_mixin.py:188} INFO - [2023-12-31T11:50:46.785-0300] {dag.py:3033} INFO - Sync 1 DAGs
[2023-12-31T11:50:47.014-0300] {logging_mixin.py:188} INFO - [2023-12-31T11:50:47.006-0300] {dag.py:3820} INFO - Setting next_dagrun for example_bash_operator to 2023-12-30T00:00:00+00:00, run_after=2023-12-31T00:00:00+00:00
[2023-12-31T11:50:47.375-0300] {processor.py:183} INFO - Processing /home/felipe/.local/lib/python3.10/site-packages/airflow/example_dags/example_bash_operator.py took 1.090 seconds
[2023-12-31T11:55:32.765-0300] {processor.py:161} INFO - Started process (PID=35966) to work on /home/felipe/.local/lib/python3.10/site-packages/airflow/example_dags/example_bash_operator.py
[2023-12-31T11:55:32.774-0300] {processor.py:830} INFO - Processing file /home/felipe/.local/lib/python3.10/site-packages/airflow/example_dags/example_bash_operator.py for tasks to queue
[2023-12-31T11:55:32.784-0300] {logging_mixin.py:188} INFO - [2023-12-31T11:55:32.775-0300] {dagbag.py:538} INFO - Filling up the DagBag from /home/felipe/.local/lib/python3.10/site-packages/airflow/example_dags/example_bash_operator.py
[2023-12-31T11:55:32.875-0300] {processor.py:840} INFO - DAG(s) 'example_bash_operator' retrieved from /home/felipe/.local/lib/python3.10/site-packages/airflow/example_dags/example_bash_operator.py
[2023-12-31T11:55:33.174-0300] {logging_mixin.py:188} INFO - [2023-12-31T11:55:33.166-0300] {dag.py:3033} INFO - Sync 1 DAGs
[2023-12-31T11:55:33.444-0300] {logging_mixin.py:188} INFO - [2023-12-31T11:55:33.436-0300] {dag.py:3820} INFO - Setting next_dagrun for example_bash_operator to 2023-12-30T00:00:00+00:00, run_after=2023-12-31T00:00:00+00:00
[2023-12-31T11:55:33.775-0300] {processor.py:183} INFO - Processing /home/felipe/.local/lib/python3.10/site-packages/airflow/example_dags/example_bash_operator.py took 1.030 seconds
[2023-12-31T11:59:02.065-0300] {processor.py:161} INFO - Started process (PID=36171) to work on /home/felipe/.local/lib/python3.10/site-packages/airflow/example_dags/example_bash_operator.py
[2023-12-31T11:59:02.075-0300] {processor.py:830} INFO - Processing file /home/felipe/.local/lib/python3.10/site-packages/airflow/example_dags/example_bash_operator.py for tasks to queue
[2023-12-31T11:59:02.085-0300] {logging_mixin.py:188} INFO - [2023-12-31T11:59:02.084-0300] {dagbag.py:538} INFO - Filling up the DagBag from /home/felipe/.local/lib/python3.10/site-packages/airflow/example_dags/example_bash_operator.py
[2023-12-31T11:59:02.215-0300] {processor.py:840} INFO - DAG(s) 'example_bash_operator' retrieved from /home/felipe/.local/lib/python3.10/site-packages/airflow/example_dags/example_bash_operator.py
[2023-12-31T11:59:02.475-0300] {logging_mixin.py:188} INFO - [2023-12-31T11:59:02.475-0300] {dag.py:3033} INFO - Sync 1 DAGs
[2023-12-31T11:59:02.754-0300] {logging_mixin.py:188} INFO - [2023-12-31T11:59:02.745-0300] {dag.py:3820} INFO - Setting next_dagrun for example_bash_operator to 2023-12-30T00:00:00+00:00, run_after=2023-12-31T00:00:00+00:00
[2023-12-31T11:59:03.035-0300] {processor.py:183} INFO - Processing /home/felipe/.local/lib/python3.10/site-packages/airflow/example_dags/example_bash_operator.py took 0.991 seconds
[2023-12-31T12:02:43.024-0300] {processor.py:161} INFO - Started process (PID=36411) to work on /home/felipe/.local/lib/python3.10/site-packages/airflow/example_dags/example_bash_operator.py
[2023-12-31T12:02:43.034-0300] {processor.py:830} INFO - Processing file /home/felipe/.local/lib/python3.10/site-packages/airflow/example_dags/example_bash_operator.py for tasks to queue
[2023-12-31T12:02:43.044-0300] {logging_mixin.py:188} INFO - [2023-12-31T12:02:43.035-0300] {dagbag.py:538} INFO - Filling up the DagBag from /home/felipe/.local/lib/python3.10/site-packages/airflow/example_dags/example_bash_operator.py
[2023-12-31T12:02:43.185-0300] {processor.py:840} INFO - DAG(s) 'example_bash_operator' retrieved from /home/felipe/.local/lib/python3.10/site-packages/airflow/example_dags/example_bash_operator.py
[2023-12-31T12:02:43.464-0300] {logging_mixin.py:188} INFO - [2023-12-31T12:02:43.464-0300] {dag.py:3033} INFO - Sync 1 DAGs
[2023-12-31T12:02:43.735-0300] {logging_mixin.py:188} INFO - [2023-12-31T12:02:43.735-0300] {dag.py:3820} INFO - Setting next_dagrun for example_bash_operator to 2023-12-30T00:00:00+00:00, run_after=2023-12-31T00:00:00+00:00
[2023-12-31T12:02:44.055-0300] {processor.py:183} INFO - Processing /home/felipe/.local/lib/python3.10/site-packages/airflow/example_dags/example_bash_operator.py took 1.061 seconds
