[2023-12-31T09:37:53.620-0300] {processor.py:161} INFO - Started process (PID=32131) to work on /home/felipe/.local/lib/python3.10/site-packages/airflow/example_dags/example_latest_only.py
[2023-12-31T09:37:53.627-0300] {processor.py:830} INFO - Processing file /home/felipe/.local/lib/python3.10/site-packages/airflow/example_dags/example_latest_only.py for tasks to queue
[2023-12-31T09:37:53.628-0300] {logging_mixin.py:188} INFO - [2023-12-31T09:37:53.628-0300] {dagbag.py:538} INFO - Filling up the DagBag from /home/felipe/.local/lib/python3.10/site-packages/airflow/example_dags/example_latest_only.py
[2023-12-31T09:37:53.650-0300] {processor.py:840} INFO - DAG(s) 'latest_only' retrieved from /home/felipe/.local/lib/python3.10/site-packages/airflow/example_dags/example_latest_only.py
[2023-12-31T09:37:54.068-0300] {logging_mixin.py:188} INFO - [2023-12-31T09:37:54.067-0300] {dag.py:3033} INFO - Sync 1 DAGs
[2023-12-31T09:37:54.131-0300] {logging_mixin.py:188} INFO - [2023-12-31T09:37:54.130-0300] {dag.py:3820} INFO - Setting next_dagrun for latest_only to 2023-12-31T08:00:00+00:00, run_after=2023-12-31T12:00:00+00:00
[2023-12-31T09:37:54.230-0300] {processor.py:183} INFO - Processing /home/felipe/.local/lib/python3.10/site-packages/airflow/example_dags/example_latest_only.py took 0.629 seconds
[2023-12-31T09:54:34.430-0300] {processor.py:161} INFO - Started process (PID=32885) to work on /home/felipe/.local/lib/python3.10/site-packages/airflow/example_dags/example_latest_only.py
[2023-12-31T09:54:34.439-0300] {processor.py:830} INFO - Processing file /home/felipe/.local/lib/python3.10/site-packages/airflow/example_dags/example_latest_only.py for tasks to queue
[2023-12-31T09:54:34.449-0300] {logging_mixin.py:188} INFO - [2023-12-31T09:54:34.447-0300] {dagbag.py:538} INFO - Filling up the DagBag from /home/felipe/.local/lib/python3.10/site-packages/airflow/example_dags/example_latest_only.py
[2023-12-31T09:54:34.487-0300] {processor.py:840} INFO - DAG(s) 'latest_only' retrieved from /home/felipe/.local/lib/python3.10/site-packages/airflow/example_dags/example_latest_only.py
[2023-12-31T09:54:35.388-0300] {logging_mixin.py:188} INFO - [2023-12-31T09:54:35.388-0300] {dag.py:3033} INFO - Sync 1 DAGs
[2023-12-31T09:54:35.586-0300] {logging_mixin.py:188} INFO - [2023-12-31T09:54:35.579-0300] {dag.py:3820} INFO - Setting next_dagrun for latest_only to 2023-12-31T08:00:00+00:00, run_after=2023-12-31T12:00:00+00:00
[2023-12-31T09:54:36.106-0300] {processor.py:183} INFO - Processing /home/felipe/.local/lib/python3.10/site-packages/airflow/example_dags/example_latest_only.py took 1.681 seconds
[2023-12-31T10:00:48.790-0300] {processor.py:161} INFO - Started process (PID=33209) to work on /home/felipe/.local/lib/python3.10/site-packages/airflow/example_dags/example_latest_only.py
[2023-12-31T10:00:48.798-0300] {processor.py:830} INFO - Processing file /home/felipe/.local/lib/python3.10/site-packages/airflow/example_dags/example_latest_only.py for tasks to queue
[2023-12-31T10:00:48.807-0300] {logging_mixin.py:188} INFO - [2023-12-31T10:00:48.800-0300] {dagbag.py:538} INFO - Filling up the DagBag from /home/felipe/.local/lib/python3.10/site-packages/airflow/example_dags/example_latest_only.py
[2023-12-31T10:00:48.837-0300] {processor.py:840} INFO - DAG(s) 'latest_only' retrieved from /home/felipe/.local/lib/python3.10/site-packages/airflow/example_dags/example_latest_only.py
[2023-12-31T10:00:48.919-0300] {logging_mixin.py:188} INFO - [2023-12-31T10:00:48.918-0300] {dag.py:3033} INFO - Sync 1 DAGs
[2023-12-31T10:00:49.038-0300] {logging_mixin.py:188} INFO - [2023-12-31T10:00:49.037-0300] {dag.py:3820} INFO - Setting next_dagrun for latest_only to 2023-12-31T08:00:00+00:00, run_after=2023-12-31T12:00:00+00:00
[2023-12-31T10:00:49.169-0300] {processor.py:183} INFO - Processing /home/felipe/.local/lib/python3.10/site-packages/airflow/example_dags/example_latest_only.py took 0.391 seconds
[2023-12-31T10:03:03.159-0300] {processor.py:161} INFO - Started process (PID=33369) to work on /home/felipe/.local/lib/python3.10/site-packages/airflow/example_dags/example_latest_only.py
[2023-12-31T10:03:03.167-0300] {processor.py:830} INFO - Processing file /home/felipe/.local/lib/python3.10/site-packages/airflow/example_dags/example_latest_only.py for tasks to queue
[2023-12-31T10:03:03.168-0300] {logging_mixin.py:188} INFO - [2023-12-31T10:03:03.168-0300] {dagbag.py:538} INFO - Filling up the DagBag from /home/felipe/.local/lib/python3.10/site-packages/airflow/example_dags/example_latest_only.py
[2023-12-31T10:03:03.190-0300] {processor.py:840} INFO - DAG(s) 'latest_only' retrieved from /home/felipe/.local/lib/python3.10/site-packages/airflow/example_dags/example_latest_only.py
[2023-12-31T10:03:03.259-0300] {logging_mixin.py:188} INFO - [2023-12-31T10:03:03.259-0300] {dag.py:3033} INFO - Sync 1 DAGs
[2023-12-31T10:03:03.366-0300] {logging_mixin.py:188} INFO - [2023-12-31T10:03:03.366-0300] {dag.py:3820} INFO - Setting next_dagrun for latest_only to 2023-12-31T08:00:00+00:00, run_after=2023-12-31T12:00:00+00:00
[2023-12-31T10:03:03.489-0300] {processor.py:183} INFO - Processing /home/felipe/.local/lib/python3.10/site-packages/airflow/example_dags/example_latest_only.py took 0.341 seconds
[2023-12-31T10:05:23.508-0300] {processor.py:161} INFO - Started process (PID=33537) to work on /home/felipe/.local/lib/python3.10/site-packages/airflow/example_dags/example_latest_only.py
[2023-12-31T10:05:23.516-0300] {processor.py:830} INFO - Processing file /home/felipe/.local/lib/python3.10/site-packages/airflow/example_dags/example_latest_only.py for tasks to queue
[2023-12-31T10:05:23.518-0300] {logging_mixin.py:188} INFO - [2023-12-31T10:05:23.517-0300] {dagbag.py:538} INFO - Filling up the DagBag from /home/felipe/.local/lib/python3.10/site-packages/airflow/example_dags/example_latest_only.py
[2023-12-31T10:05:23.539-0300] {processor.py:840} INFO - DAG(s) 'latest_only' retrieved from /home/felipe/.local/lib/python3.10/site-packages/airflow/example_dags/example_latest_only.py
[2023-12-31T10:05:23.616-0300] {logging_mixin.py:188} INFO - [2023-12-31T10:05:23.610-0300] {dag.py:3033} INFO - Sync 1 DAGs
[2023-12-31T10:05:23.718-0300] {logging_mixin.py:188} INFO - [2023-12-31T10:05:23.718-0300] {dag.py:3820} INFO - Setting next_dagrun for latest_only to 2023-12-31T08:00:00+00:00, run_after=2023-12-31T12:00:00+00:00
[2023-12-31T10:05:23.856-0300] {processor.py:183} INFO - Processing /home/felipe/.local/lib/python3.10/site-packages/airflow/example_dags/example_latest_only.py took 0.359 seconds
[2023-12-31T10:07:47.057-0300] {processor.py:161} INFO - Started process (PID=33730) to work on /home/felipe/.local/lib/python3.10/site-packages/airflow/example_dags/example_latest_only.py
[2023-12-31T10:07:47.059-0300] {processor.py:830} INFO - Processing file /home/felipe/.local/lib/python3.10/site-packages/airflow/example_dags/example_latest_only.py for tasks to queue
[2023-12-31T10:07:47.067-0300] {logging_mixin.py:188} INFO - [2023-12-31T10:07:47.066-0300] {dagbag.py:538} INFO - Filling up the DagBag from /home/felipe/.local/lib/python3.10/site-packages/airflow/example_dags/example_latest_only.py
[2023-12-31T10:07:47.088-0300] {processor.py:840} INFO - DAG(s) 'latest_only' retrieved from /home/felipe/.local/lib/python3.10/site-packages/airflow/example_dags/example_latest_only.py
[2023-12-31T10:07:47.169-0300] {logging_mixin.py:188} INFO - [2023-12-31T10:07:47.169-0300] {dag.py:3033} INFO - Sync 1 DAGs
[2023-12-31T10:07:47.277-0300] {logging_mixin.py:188} INFO - [2023-12-31T10:07:47.277-0300] {dag.py:3820} INFO - Setting next_dagrun for latest_only to 2023-12-31T08:00:00+00:00, run_after=2023-12-31T12:00:00+00:00
[2023-12-31T10:07:47.428-0300] {processor.py:183} INFO - Processing /home/felipe/.local/lib/python3.10/site-packages/airflow/example_dags/example_latest_only.py took 0.389 seconds
[2023-12-31T11:30:09.174-0300] {processor.py:161} INFO - Started process (PID=34117) to work on /home/felipe/.local/lib/python3.10/site-packages/airflow/example_dags/example_latest_only.py
[2023-12-31T11:30:09.176-0300] {processor.py:830} INFO - Processing file /home/felipe/.local/lib/python3.10/site-packages/airflow/example_dags/example_latest_only.py for tasks to queue
[2023-12-31T11:30:09.185-0300] {logging_mixin.py:188} INFO - [2023-12-31T11:30:09.184-0300] {dagbag.py:538} INFO - Filling up the DagBag from /home/felipe/.local/lib/python3.10/site-packages/airflow/example_dags/example_latest_only.py
[2023-12-31T11:30:09.225-0300] {processor.py:840} INFO - DAG(s) 'latest_only' retrieved from /home/felipe/.local/lib/python3.10/site-packages/airflow/example_dags/example_latest_only.py
[2023-12-31T11:30:09.335-0300] {logging_mixin.py:188} INFO - [2023-12-31T11:30:09.334-0300] {dag.py:3033} INFO - Sync 1 DAGs
[2023-12-31T11:30:09.495-0300] {logging_mixin.py:188} INFO - [2023-12-31T11:30:09.494-0300] {dag.py:3820} INFO - Setting next_dagrun for latest_only to 2023-12-31T08:00:00+00:00, run_after=2023-12-31T12:00:00+00:00
[2023-12-31T11:30:09.665-0300] {processor.py:183} INFO - Processing /home/felipe/.local/lib/python3.10/site-packages/airflow/example_dags/example_latest_only.py took 0.510 seconds
[2023-12-31T11:33:05.606-0300] {processor.py:161} INFO - Started process (PID=34389) to work on /home/felipe/.local/lib/python3.10/site-packages/airflow/example_dags/example_latest_only.py
[2023-12-31T11:33:05.614-0300] {processor.py:830} INFO - Processing file /home/felipe/.local/lib/python3.10/site-packages/airflow/example_dags/example_latest_only.py for tasks to queue
[2023-12-31T11:33:05.616-0300] {logging_mixin.py:188} INFO - [2023-12-31T11:33:05.615-0300] {dagbag.py:538} INFO - Filling up the DagBag from /home/felipe/.local/lib/python3.10/site-packages/airflow/example_dags/example_latest_only.py
[2023-12-31T11:33:05.645-0300] {processor.py:840} INFO - DAG(s) 'latest_only' retrieved from /home/felipe/.local/lib/python3.10/site-packages/airflow/example_dags/example_latest_only.py
[2023-12-31T11:33:05.737-0300] {logging_mixin.py:188} INFO - [2023-12-31T11:33:05.736-0300] {dag.py:3033} INFO - Sync 1 DAGs
[2023-12-31T11:33:05.905-0300] {logging_mixin.py:188} INFO - [2023-12-31T11:33:05.904-0300] {dag.py:3820} INFO - Setting next_dagrun for latest_only to 2023-12-31T08:00:00+00:00, run_after=2023-12-31T12:00:00+00:00
[2023-12-31T11:33:06.085-0300] {processor.py:183} INFO - Processing /home/felipe/.local/lib/python3.10/site-packages/airflow/example_dags/example_latest_only.py took 0.500 seconds
[2023-12-31T11:35:59.314-0300] {processor.py:161} INFO - Started process (PID=34607) to work on /home/felipe/.local/lib/python3.10/site-packages/airflow/example_dags/example_latest_only.py
[2023-12-31T11:35:59.324-0300] {processor.py:830} INFO - Processing file /home/felipe/.local/lib/python3.10/site-packages/airflow/example_dags/example_latest_only.py for tasks to queue
[2023-12-31T11:35:59.325-0300] {logging_mixin.py:188} INFO - [2023-12-31T11:35:59.325-0300] {dagbag.py:538} INFO - Filling up the DagBag from /home/felipe/.local/lib/python3.10/site-packages/airflow/example_dags/example_latest_only.py
[2023-12-31T11:35:59.355-0300] {processor.py:840} INFO - DAG(s) 'latest_only' retrieved from /home/felipe/.local/lib/python3.10/site-packages/airflow/example_dags/example_latest_only.py
[2023-12-31T11:35:59.465-0300] {logging_mixin.py:188} INFO - [2023-12-31T11:35:59.464-0300] {dag.py:3033} INFO - Sync 1 DAGs
[2023-12-31T11:35:59.586-0300] {logging_mixin.py:188} INFO - [2023-12-31T11:35:59.586-0300] {dag.py:3820} INFO - Setting next_dagrun for latest_only to 2023-12-31T08:00:00+00:00, run_after=2023-12-31T12:00:00+00:00
[2023-12-31T11:35:59.776-0300] {processor.py:183} INFO - Processing /home/felipe/.local/lib/python3.10/site-packages/airflow/example_dags/example_latest_only.py took 0.480 seconds
[2023-12-31T11:38:44.255-0300] {processor.py:161} INFO - Started process (PID=34791) to work on /home/felipe/.local/lib/python3.10/site-packages/airflow/example_dags/example_latest_only.py
[2023-12-31T11:38:44.264-0300] {processor.py:830} INFO - Processing file /home/felipe/.local/lib/python3.10/site-packages/airflow/example_dags/example_latest_only.py for tasks to queue
[2023-12-31T11:38:44.266-0300] {logging_mixin.py:188} INFO - [2023-12-31T11:38:44.265-0300] {dagbag.py:538} INFO - Filling up the DagBag from /home/felipe/.local/lib/python3.10/site-packages/airflow/example_dags/example_latest_only.py
[2023-12-31T11:38:44.295-0300] {processor.py:840} INFO - DAG(s) 'latest_only' retrieved from /home/felipe/.local/lib/python3.10/site-packages/airflow/example_dags/example_latest_only.py
[2023-12-31T11:38:44.394-0300] {logging_mixin.py:188} INFO - [2023-12-31T11:38:44.394-0300] {dag.py:3033} INFO - Sync 1 DAGs
[2023-12-31T11:38:44.534-0300] {logging_mixin.py:188} INFO - [2023-12-31T11:38:44.526-0300] {dag.py:3820} INFO - Setting next_dagrun for latest_only to 2023-12-31T08:00:00+00:00, run_after=2023-12-31T12:00:00+00:00
[2023-12-31T11:38:44.714-0300] {processor.py:183} INFO - Processing /home/felipe/.local/lib/python3.10/site-packages/airflow/example_dags/example_latest_only.py took 0.470 seconds
[2023-12-31T11:41:34.445-0300] {processor.py:161} INFO - Started process (PID=35005) to work on /home/felipe/.local/lib/python3.10/site-packages/airflow/example_dags/example_latest_only.py
[2023-12-31T11:41:34.454-0300] {processor.py:830} INFO - Processing file /home/felipe/.local/lib/python3.10/site-packages/airflow/example_dags/example_latest_only.py for tasks to queue
[2023-12-31T11:41:34.456-0300] {logging_mixin.py:188} INFO - [2023-12-31T11:41:34.455-0300] {dagbag.py:538} INFO - Filling up the DagBag from /home/felipe/.local/lib/python3.10/site-packages/airflow/example_dags/example_latest_only.py
[2023-12-31T11:41:34.486-0300] {processor.py:840} INFO - DAG(s) 'latest_only' retrieved from /home/felipe/.local/lib/python3.10/site-packages/airflow/example_dags/example_latest_only.py
[2023-12-31T11:41:34.614-0300] {logging_mixin.py:188} INFO - [2023-12-31T11:41:34.606-0300] {dag.py:3033} INFO - Sync 1 DAGs
[2023-12-31T11:41:34.784-0300] {logging_mixin.py:188} INFO - [2023-12-31T11:41:34.784-0300] {dag.py:3820} INFO - Setting next_dagrun for latest_only to 2023-12-31T08:00:00+00:00, run_after=2023-12-31T12:00:00+00:00
[2023-12-31T11:41:35.006-0300] {processor.py:183} INFO - Processing /home/felipe/.local/lib/python3.10/site-packages/airflow/example_dags/example_latest_only.py took 0.581 seconds
[2023-12-31T11:44:52.146-0300] {processor.py:161} INFO - Started process (PID=35225) to work on /home/felipe/.local/lib/python3.10/site-packages/airflow/example_dags/example_latest_only.py
[2023-12-31T11:44:52.165-0300] {processor.py:830} INFO - Processing file /home/felipe/.local/lib/python3.10/site-packages/airflow/example_dags/example_latest_only.py for tasks to queue
[2023-12-31T11:44:52.175-0300] {logging_mixin.py:188} INFO - [2023-12-31T11:44:52.174-0300] {dagbag.py:538} INFO - Filling up the DagBag from /home/felipe/.local/lib/python3.10/site-packages/airflow/example_dags/example_latest_only.py
[2023-12-31T11:44:52.234-0300] {processor.py:840} INFO - DAG(s) 'latest_only' retrieved from /home/felipe/.local/lib/python3.10/site-packages/airflow/example_dags/example_latest_only.py
[2023-12-31T11:44:52.395-0300] {logging_mixin.py:188} INFO - [2023-12-31T11:44:52.395-0300] {dag.py:3033} INFO - Sync 1 DAGs
[2023-12-31T11:44:52.605-0300] {logging_mixin.py:188} INFO - [2023-12-31T11:44:52.604-0300] {dag.py:3820} INFO - Setting next_dagrun for latest_only to 2023-12-31T08:00:00+00:00, run_after=2023-12-31T12:00:00+00:00
[2023-12-31T11:44:52.936-0300] {processor.py:183} INFO - Processing /home/felipe/.local/lib/python3.10/site-packages/airflow/example_dags/example_latest_only.py took 0.819 seconds
[2023-12-31T11:48:24.525-0300] {processor.py:161} INFO - Started process (PID=35517) to work on /home/felipe/.local/lib/python3.10/site-packages/airflow/example_dags/example_latest_only.py
[2023-12-31T11:48:24.605-0300] {processor.py:830} INFO - Processing file /home/felipe/.local/lib/python3.10/site-packages/airflow/example_dags/example_latest_only.py for tasks to queue
[2023-12-31T11:48:24.635-0300] {logging_mixin.py:188} INFO - [2023-12-31T11:48:24.625-0300] {dagbag.py:538} INFO - Filling up the DagBag from /home/felipe/.local/lib/python3.10/site-packages/airflow/example_dags/example_latest_only.py
[2023-12-31T11:48:24.846-0300] {processor.py:840} INFO - DAG(s) 'latest_only' retrieved from /home/felipe/.local/lib/python3.10/site-packages/airflow/example_dags/example_latest_only.py
[2023-12-31T11:48:25.266-0300] {logging_mixin.py:188} INFO - [2023-12-31T11:48:25.265-0300] {dag.py:3033} INFO - Sync 1 DAGs
[2023-12-31T11:48:26.156-0300] {logging_mixin.py:188} INFO - [2023-12-31T11:48:26.146-0300] {dag.py:3820} INFO - Setting next_dagrun for latest_only to 2023-12-31T08:00:00+00:00, run_after=2023-12-31T12:00:00+00:00
[2023-12-31T11:48:27.716-0300] {processor.py:183} INFO - Processing /home/felipe/.local/lib/python3.10/site-packages/airflow/example_dags/example_latest_only.py took 3.360 seconds
[2023-12-31T11:51:03.004-0300] {processor.py:161} INFO - Started process (PID=35703) to work on /home/felipe/.local/lib/python3.10/site-packages/airflow/example_dags/example_latest_only.py
[2023-12-31T11:51:03.015-0300] {processor.py:830} INFO - Processing file /home/felipe/.local/lib/python3.10/site-packages/airflow/example_dags/example_latest_only.py for tasks to queue
[2023-12-31T11:51:03.025-0300] {logging_mixin.py:188} INFO - [2023-12-31T11:51:03.024-0300] {dagbag.py:538} INFO - Filling up the DagBag from /home/felipe/.local/lib/python3.10/site-packages/airflow/example_dags/example_latest_only.py
[2023-12-31T11:51:03.114-0300] {processor.py:840} INFO - DAG(s) 'latest_only' retrieved from /home/felipe/.local/lib/python3.10/site-packages/airflow/example_dags/example_latest_only.py
[2023-12-31T11:51:03.335-0300] {logging_mixin.py:188} INFO - [2023-12-31T11:51:03.326-0300] {dag.py:3033} INFO - Sync 1 DAGs
[2023-12-31T11:51:03.584-0300] {logging_mixin.py:188} INFO - [2023-12-31T11:51:03.576-0300] {dag.py:3820} INFO - Setting next_dagrun for latest_only to 2023-12-31T08:00:00+00:00, run_after=2023-12-31T12:00:00+00:00
[2023-12-31T11:51:03.925-0300] {processor.py:183} INFO - Processing /home/felipe/.local/lib/python3.10/site-packages/airflow/example_dags/example_latest_only.py took 0.950 seconds
[2023-12-31T11:55:47.275-0300] {processor.py:161} INFO - Started process (PID=35979) to work on /home/felipe/.local/lib/python3.10/site-packages/airflow/example_dags/example_latest_only.py
[2023-12-31T11:55:47.284-0300] {processor.py:830} INFO - Processing file /home/felipe/.local/lib/python3.10/site-packages/airflow/example_dags/example_latest_only.py for tasks to queue
[2023-12-31T11:55:47.286-0300] {logging_mixin.py:188} INFO - [2023-12-31T11:55:47.285-0300] {dagbag.py:538} INFO - Filling up the DagBag from /home/felipe/.local/lib/python3.10/site-packages/airflow/example_dags/example_latest_only.py
[2023-12-31T11:55:47.325-0300] {processor.py:840} INFO - DAG(s) 'latest_only' retrieved from /home/felipe/.local/lib/python3.10/site-packages/airflow/example_dags/example_latest_only.py
[2023-12-31T11:55:47.514-0300] {logging_mixin.py:188} INFO - [2023-12-31T11:55:47.505-0300] {dag.py:3033} INFO - Sync 1 DAGs
[2023-12-31T11:55:47.735-0300] {logging_mixin.py:188} INFO - [2023-12-31T11:55:47.734-0300] {dag.py:3820} INFO - Setting next_dagrun for latest_only to 2023-12-31T08:00:00+00:00, run_after=2023-12-31T12:00:00+00:00
[2023-12-31T11:55:47.995-0300] {processor.py:183} INFO - Processing /home/felipe/.local/lib/python3.10/site-packages/airflow/example_dags/example_latest_only.py took 0.741 seconds
[2023-12-31T11:59:18.006-0300] {processor.py:161} INFO - Started process (PID=36189) to work on /home/felipe/.local/lib/python3.10/site-packages/airflow/example_dags/example_latest_only.py
[2023-12-31T11:59:18.015-0300] {processor.py:830} INFO - Processing file /home/felipe/.local/lib/python3.10/site-packages/airflow/example_dags/example_latest_only.py for tasks to queue
[2023-12-31T11:59:18.025-0300] {logging_mixin.py:188} INFO - [2023-12-31T11:59:18.024-0300] {dagbag.py:538} INFO - Filling up the DagBag from /home/felipe/.local/lib/python3.10/site-packages/airflow/example_dags/example_latest_only.py
[2023-12-31T11:59:18.065-0300] {processor.py:840} INFO - DAG(s) 'latest_only' retrieved from /home/felipe/.local/lib/python3.10/site-packages/airflow/example_dags/example_latest_only.py
[2023-12-31T11:59:18.225-0300] {logging_mixin.py:188} INFO - [2023-12-31T11:59:18.224-0300] {dag.py:3033} INFO - Sync 1 DAGs
[2023-12-31T11:59:18.485-0300] {logging_mixin.py:188} INFO - [2023-12-31T11:59:18.484-0300] {dag.py:3820} INFO - Setting next_dagrun for latest_only to 2023-12-31T08:00:00+00:00, run_after=2023-12-31T12:00:00+00:00
[2023-12-31T11:59:18.795-0300] {processor.py:183} INFO - Processing /home/felipe/.local/lib/python3.10/site-packages/airflow/example_dags/example_latest_only.py took 0.810 seconds
[2023-12-31T12:03:01.505-0300] {processor.py:161} INFO - Started process (PID=36426) to work on /home/felipe/.local/lib/python3.10/site-packages/airflow/example_dags/example_latest_only.py
[2023-12-31T12:03:01.515-0300] {processor.py:830} INFO - Processing file /home/felipe/.local/lib/python3.10/site-packages/airflow/example_dags/example_latest_only.py for tasks to queue
[2023-12-31T12:03:01.525-0300] {logging_mixin.py:188} INFO - [2023-12-31T12:03:01.524-0300] {dagbag.py:538} INFO - Filling up the DagBag from /home/felipe/.local/lib/python3.10/site-packages/airflow/example_dags/example_latest_only.py
[2023-12-31T12:03:01.575-0300] {processor.py:840} INFO - DAG(s) 'latest_only' retrieved from /home/felipe/.local/lib/python3.10/site-packages/airflow/example_dags/example_latest_only.py
[2023-12-31T12:03:01.765-0300] {logging_mixin.py:188} INFO - [2023-12-31T12:03:01.764-0300] {dag.py:3033} INFO - Sync 1 DAGs
[2023-12-31T12:03:02.054-0300] {logging_mixin.py:188} INFO - [2023-12-31T12:03:02.045-0300] {dag.py:3820} INFO - Setting next_dagrun for latest_only to 2023-12-31T08:00:00+00:00, run_after=2023-12-31T12:00:00+00:00
[2023-12-31T12:03:02.405-0300] {processor.py:183} INFO - Processing /home/felipe/.local/lib/python3.10/site-packages/airflow/example_dags/example_latest_only.py took 0.921 seconds
