[2023-12-31T09:37:03.708-0300] {processor.py:161} INFO - Started process (PID=32077) to work on /home/felipe/.local/lib/python3.10/site-packages/airflow/example_dags/example_trigger_target_dag.py
[2023-12-31T09:37:03.709-0300] {processor.py:830} INFO - Processing file /home/felipe/.local/lib/python3.10/site-packages/airflow/example_dags/example_trigger_target_dag.py for tasks to queue
[2023-12-31T09:37:03.710-0300] {logging_mixin.py:188} INFO - [2023-12-31T09:37:03.709-0300] {dagbag.py:538} INFO - Filling up the DagBag from /home/felipe/.local/lib/python3.10/site-packages/airflow/example_dags/example_trigger_target_dag.py
[2023-12-31T09:37:03.730-0300] {processor.py:840} INFO - DAG(s) 'example_trigger_target_dag' retrieved from /home/felipe/.local/lib/python3.10/site-packages/airflow/example_dags/example_trigger_target_dag.py
[2023-12-31T09:37:04.179-0300] {logging_mixin.py:188} INFO - [2023-12-31T09:37:04.178-0300] {dag.py:3033} INFO - Sync 1 DAGs
[2023-12-31T09:37:04.229-0300] {logging_mixin.py:188} INFO - [2023-12-31T09:37:04.228-0300] {dag.py:3820} INFO - Setting next_dagrun for example_trigger_target_dag to None, run_after=None
[2023-12-31T09:37:04.347-0300] {processor.py:183} INFO - Processing /home/felipe/.local/lib/python3.10/site-packages/airflow/example_dags/example_trigger_target_dag.py took 0.649 seconds
[2023-12-31T09:38:58.000-0300] {processor.py:161} INFO - Started process (PID=32199) to work on /home/felipe/.local/lib/python3.10/site-packages/airflow/example_dags/example_trigger_target_dag.py
[2023-12-31T09:38:58.008-0300] {processor.py:830} INFO - Processing file /home/felipe/.local/lib/python3.10/site-packages/airflow/example_dags/example_trigger_target_dag.py for tasks to queue
[2023-12-31T09:38:58.017-0300] {logging_mixin.py:188} INFO - [2023-12-31T09:38:58.010-0300] {dagbag.py:538} INFO - Filling up the DagBag from /home/felipe/.local/lib/python3.10/site-packages/airflow/example_dags/example_trigger_target_dag.py
[2023-12-31T09:38:58.066-0300] {processor.py:840} INFO - DAG(s) 'example_trigger_target_dag' retrieved from /home/felipe/.local/lib/python3.10/site-packages/airflow/example_dags/example_trigger_target_dag.py
[2023-12-31T09:38:58.187-0300] {logging_mixin.py:188} INFO - [2023-12-31T09:38:58.186-0300] {dag.py:3033} INFO - Sync 1 DAGs
[2023-12-31T09:38:58.346-0300] {logging_mixin.py:188} INFO - [2023-12-31T09:38:58.340-0300] {dag.py:3820} INFO - Setting next_dagrun for example_trigger_target_dag to None, run_after=None
[2023-12-31T09:38:58.608-0300] {processor.py:183} INFO - Processing /home/felipe/.local/lib/python3.10/site-packages/airflow/example_dags/example_trigger_target_dag.py took 0.618 seconds
[2023-12-31T09:53:04.288-0300] {processor.py:161} INFO - Started process (PID=32813) to work on /home/felipe/.local/lib/python3.10/site-packages/airflow/example_dags/example_trigger_target_dag.py
[2023-12-31T09:53:04.297-0300] {processor.py:830} INFO - Processing file /home/felipe/.local/lib/python3.10/site-packages/airflow/example_dags/example_trigger_target_dag.py for tasks to queue
[2023-12-31T09:53:04.300-0300] {logging_mixin.py:188} INFO - [2023-12-31T09:53:04.299-0300] {dagbag.py:538} INFO - Filling up the DagBag from /home/felipe/.local/lib/python3.10/site-packages/airflow/example_dags/example_trigger_target_dag.py
[2023-12-31T09:53:04.378-0300] {processor.py:840} INFO - DAG(s) 'example_trigger_target_dag' retrieved from /home/felipe/.local/lib/python3.10/site-packages/airflow/example_dags/example_trigger_target_dag.py
[2023-12-31T09:53:05.619-0300] {logging_mixin.py:188} INFO - [2023-12-31T09:53:05.618-0300] {dag.py:3033} INFO - Sync 1 DAGs
[2023-12-31T09:53:05.737-0300] {logging_mixin.py:188} INFO - [2023-12-31T09:53:05.737-0300] {dag.py:3820} INFO - Setting next_dagrun for example_trigger_target_dag to None, run_after=None
[2023-12-31T09:53:05.966-0300] {processor.py:183} INFO - Processing /home/felipe/.local/lib/python3.10/site-packages/airflow/example_dags/example_trigger_target_dag.py took 1.717 seconds
[2023-12-31T09:56:18.397-0300] {processor.py:161} INFO - Started process (PID=33006) to work on /home/felipe/.local/lib/python3.10/site-packages/airflow/example_dags/example_trigger_target_dag.py
[2023-12-31T09:56:18.399-0300] {processor.py:830} INFO - Processing file /home/felipe/.local/lib/python3.10/site-packages/airflow/example_dags/example_trigger_target_dag.py for tasks to queue
[2023-12-31T09:56:18.408-0300] {logging_mixin.py:188} INFO - [2023-12-31T09:56:18.406-0300] {dagbag.py:538} INFO - Filling up the DagBag from /home/felipe/.local/lib/python3.10/site-packages/airflow/example_dags/example_trigger_target_dag.py
[2023-12-31T09:56:18.459-0300] {processor.py:840} INFO - DAG(s) 'example_trigger_target_dag' retrieved from /home/felipe/.local/lib/python3.10/site-packages/airflow/example_dags/example_trigger_target_dag.py
[2023-12-31T09:56:18.628-0300] {logging_mixin.py:188} INFO - [2023-12-31T09:56:18.627-0300] {dag.py:3033} INFO - Sync 1 DAGs
[2023-12-31T09:56:18.719-0300] {logging_mixin.py:188} INFO - [2023-12-31T09:56:18.719-0300] {dag.py:3820} INFO - Setting next_dagrun for example_trigger_target_dag to None, run_after=None
[2023-12-31T09:56:18.908-0300] {processor.py:183} INFO - Processing /home/felipe/.local/lib/python3.10/site-packages/airflow/example_dags/example_trigger_target_dag.py took 0.522 seconds
[2023-12-31T10:00:16.458-0300] {processor.py:161} INFO - Started process (PID=33166) to work on /home/felipe/.local/lib/python3.10/site-packages/airflow/example_dags/example_trigger_target_dag.py
[2023-12-31T10:00:16.466-0300] {processor.py:830} INFO - Processing file /home/felipe/.local/lib/python3.10/site-packages/airflow/example_dags/example_trigger_target_dag.py for tasks to queue
[2023-12-31T10:00:16.468-0300] {logging_mixin.py:188} INFO - [2023-12-31T10:00:16.467-0300] {dagbag.py:538} INFO - Filling up the DagBag from /home/felipe/.local/lib/python3.10/site-packages/airflow/example_dags/example_trigger_target_dag.py
[2023-12-31T10:00:16.489-0300] {processor.py:840} INFO - DAG(s) 'example_trigger_target_dag' retrieved from /home/felipe/.local/lib/python3.10/site-packages/airflow/example_dags/example_trigger_target_dag.py
[2023-12-31T10:00:16.559-0300] {logging_mixin.py:188} INFO - [2023-12-31T10:00:16.558-0300] {dag.py:3033} INFO - Sync 1 DAGs
[2023-12-31T10:00:16.619-0300] {logging_mixin.py:188} INFO - [2023-12-31T10:00:16.619-0300] {dag.py:3820} INFO - Setting next_dagrun for example_trigger_target_dag to None, run_after=None
[2023-12-31T10:00:16.790-0300] {processor.py:183} INFO - Processing /home/felipe/.local/lib/python3.10/site-packages/airflow/example_dags/example_trigger_target_dag.py took 0.342 seconds
[2023-12-31T10:01:43.969-0300] {processor.py:161} INFO - Started process (PID=33303) to work on /home/felipe/.local/lib/python3.10/site-packages/airflow/example_dags/example_trigger_target_dag.py
[2023-12-31T10:01:43.977-0300] {processor.py:830} INFO - Processing file /home/felipe/.local/lib/python3.10/site-packages/airflow/example_dags/example_trigger_target_dag.py for tasks to queue
[2023-12-31T10:01:43.978-0300] {logging_mixin.py:188} INFO - [2023-12-31T10:01:43.978-0300] {dagbag.py:538} INFO - Filling up the DagBag from /home/felipe/.local/lib/python3.10/site-packages/airflow/example_dags/example_trigger_target_dag.py
[2023-12-31T10:01:44.006-0300] {processor.py:840} INFO - DAG(s) 'example_trigger_target_dag' retrieved from /home/felipe/.local/lib/python3.10/site-packages/airflow/example_dags/example_trigger_target_dag.py
[2023-12-31T10:01:44.077-0300] {logging_mixin.py:188} INFO - [2023-12-31T10:01:44.077-0300] {dag.py:3033} INFO - Sync 1 DAGs
[2023-12-31T10:01:44.128-0300] {logging_mixin.py:188} INFO - [2023-12-31T10:01:44.128-0300] {dag.py:3820} INFO - Setting next_dagrun for example_trigger_target_dag to None, run_after=None
[2023-12-31T10:01:44.257-0300] {processor.py:183} INFO - Processing /home/felipe/.local/lib/python3.10/site-packages/airflow/example_dags/example_trigger_target_dag.py took 0.298 seconds
[2023-12-31T10:03:57.678-0300] {processor.py:161} INFO - Started process (PID=33433) to work on /home/felipe/.local/lib/python3.10/site-packages/airflow/example_dags/example_trigger_target_dag.py
[2023-12-31T10:03:57.687-0300] {processor.py:830} INFO - Processing file /home/felipe/.local/lib/python3.10/site-packages/airflow/example_dags/example_trigger_target_dag.py for tasks to queue
[2023-12-31T10:03:57.688-0300] {logging_mixin.py:188} INFO - [2023-12-31T10:03:57.688-0300] {dagbag.py:538} INFO - Filling up the DagBag from /home/felipe/.local/lib/python3.10/site-packages/airflow/example_dags/example_trigger_target_dag.py
[2023-12-31T10:03:57.729-0300] {processor.py:840} INFO - DAG(s) 'example_trigger_target_dag' retrieved from /home/felipe/.local/lib/python3.10/site-packages/airflow/example_dags/example_trigger_target_dag.py
[2023-12-31T10:03:57.818-0300] {logging_mixin.py:188} INFO - [2023-12-31T10:03:57.817-0300] {dag.py:3033} INFO - Sync 1 DAGs
[2023-12-31T10:03:57.896-0300] {logging_mixin.py:188} INFO - [2023-12-31T10:03:57.889-0300] {dag.py:3820} INFO - Setting next_dagrun for example_trigger_target_dag to None, run_after=None
[2023-12-31T10:03:58.069-0300] {processor.py:183} INFO - Processing /home/felipe/.local/lib/python3.10/site-packages/airflow/example_dags/example_trigger_target_dag.py took 0.410 seconds
[2023-12-31T10:05:08.337-0300] {processor.py:161} INFO - Started process (PID=33521) to work on /home/felipe/.local/lib/python3.10/site-packages/airflow/example_dags/example_trigger_target_dag.py
[2023-12-31T10:05:08.339-0300] {processor.py:830} INFO - Processing file /home/felipe/.local/lib/python3.10/site-packages/airflow/example_dags/example_trigger_target_dag.py for tasks to queue
[2023-12-31T10:05:08.347-0300] {logging_mixin.py:188} INFO - [2023-12-31T10:05:08.347-0300] {dagbag.py:538} INFO - Filling up the DagBag from /home/felipe/.local/lib/python3.10/site-packages/airflow/example_dags/example_trigger_target_dag.py
[2023-12-31T10:05:08.370-0300] {processor.py:840} INFO - DAG(s) 'example_trigger_target_dag' retrieved from /home/felipe/.local/lib/python3.10/site-packages/airflow/example_dags/example_trigger_target_dag.py
[2023-12-31T10:05:08.447-0300] {logging_mixin.py:188} INFO - [2023-12-31T10:05:08.447-0300] {dag.py:3033} INFO - Sync 1 DAGs
[2023-12-31T10:05:08.507-0300] {logging_mixin.py:188} INFO - [2023-12-31T10:05:08.506-0300] {dag.py:3820} INFO - Setting next_dagrun for example_trigger_target_dag to None, run_after=None
[2023-12-31T10:05:08.638-0300] {processor.py:183} INFO - Processing /home/felipe/.local/lib/python3.10/site-packages/airflow/example_dags/example_trigger_target_dag.py took 0.311 seconds
[2023-12-31T10:06:18.529-0300] {processor.py:161} INFO - Started process (PID=33626) to work on /home/felipe/.local/lib/python3.10/site-packages/airflow/example_dags/example_trigger_target_dag.py
[2023-12-31T10:06:18.537-0300] {processor.py:830} INFO - Processing file /home/felipe/.local/lib/python3.10/site-packages/airflow/example_dags/example_trigger_target_dag.py for tasks to queue
[2023-12-31T10:06:18.538-0300] {logging_mixin.py:188} INFO - [2023-12-31T10:06:18.538-0300] {dagbag.py:538} INFO - Filling up the DagBag from /home/felipe/.local/lib/python3.10/site-packages/airflow/example_dags/example_trigger_target_dag.py
[2023-12-31T10:06:18.568-0300] {processor.py:840} INFO - DAG(s) 'example_trigger_target_dag' retrieved from /home/felipe/.local/lib/python3.10/site-packages/airflow/example_dags/example_trigger_target_dag.py
[2023-12-31T10:06:18.639-0300] {logging_mixin.py:188} INFO - [2023-12-31T10:06:18.639-0300] {dag.py:3033} INFO - Sync 1 DAGs
[2023-12-31T10:06:18.699-0300] {logging_mixin.py:188} INFO - [2023-12-31T10:06:18.698-0300] {dag.py:3820} INFO - Setting next_dagrun for example_trigger_target_dag to None, run_after=None
[2023-12-31T10:06:18.836-0300] {processor.py:183} INFO - Processing /home/felipe/.local/lib/python3.10/site-packages/airflow/example_dags/example_trigger_target_dag.py took 0.312 seconds
[2023-12-31T10:07:31.958-0300] {processor.py:161} INFO - Started process (PID=33714) to work on /home/felipe/.local/lib/python3.10/site-packages/airflow/example_dags/example_trigger_target_dag.py
[2023-12-31T10:07:31.967-0300] {processor.py:830} INFO - Processing file /home/felipe/.local/lib/python3.10/site-packages/airflow/example_dags/example_trigger_target_dag.py for tasks to queue
[2023-12-31T10:07:31.969-0300] {logging_mixin.py:188} INFO - [2023-12-31T10:07:31.968-0300] {dagbag.py:538} INFO - Filling up the DagBag from /home/felipe/.local/lib/python3.10/site-packages/airflow/example_dags/example_trigger_target_dag.py
[2023-12-31T10:07:31.998-0300] {processor.py:840} INFO - DAG(s) 'example_trigger_target_dag' retrieved from /home/felipe/.local/lib/python3.10/site-packages/airflow/example_dags/example_trigger_target_dag.py
[2023-12-31T10:07:32.070-0300] {logging_mixin.py:188} INFO - [2023-12-31T10:07:32.069-0300] {dag.py:3033} INFO - Sync 1 DAGs
[2023-12-31T10:07:32.178-0300] {logging_mixin.py:188} INFO - [2023-12-31T10:07:32.178-0300] {dag.py:3820} INFO - Setting next_dagrun for example_trigger_target_dag to None, run_after=None
[2023-12-31T10:07:32.317-0300] {processor.py:183} INFO - Processing /home/felipe/.local/lib/python3.10/site-packages/airflow/example_dags/example_trigger_target_dag.py took 0.371 seconds
[2023-12-31T10:08:44.316-0300] {processor.py:161} INFO - Started process (PID=33794) to work on /home/felipe/.local/lib/python3.10/site-packages/airflow/example_dags/example_trigger_target_dag.py
[2023-12-31T10:08:44.319-0300] {processor.py:830} INFO - Processing file /home/felipe/.local/lib/python3.10/site-packages/airflow/example_dags/example_trigger_target_dag.py for tasks to queue
[2023-12-31T10:08:44.328-0300] {logging_mixin.py:188} INFO - [2023-12-31T10:08:44.327-0300] {dagbag.py:538} INFO - Filling up the DagBag from /home/felipe/.local/lib/python3.10/site-packages/airflow/example_dags/example_trigger_target_dag.py
[2023-12-31T10:08:44.357-0300] {processor.py:840} INFO - DAG(s) 'example_trigger_target_dag' retrieved from /home/felipe/.local/lib/python3.10/site-packages/airflow/example_dags/example_trigger_target_dag.py
[2023-12-31T10:08:44.428-0300] {logging_mixin.py:188} INFO - [2023-12-31T10:08:44.428-0300] {dag.py:3033} INFO - Sync 1 DAGs
[2023-12-31T10:08:44.548-0300] {logging_mixin.py:188} INFO - [2023-12-31T10:08:44.548-0300] {dag.py:3820} INFO - Setting next_dagrun for example_trigger_target_dag to None, run_after=None
[2023-12-31T10:08:44.678-0300] {processor.py:183} INFO - Processing /home/felipe/.local/lib/python3.10/site-packages/airflow/example_dags/example_trigger_target_dag.py took 0.379 seconds
[2023-12-31T11:29:25.055-0300] {processor.py:161} INFO - Started process (PID=34012) to work on /home/felipe/.local/lib/python3.10/site-packages/airflow/example_dags/example_trigger_target_dag.py
[2023-12-31T11:29:25.057-0300] {processor.py:830} INFO - Processing file /home/felipe/.local/lib/python3.10/site-packages/airflow/example_dags/example_trigger_target_dag.py for tasks to queue
[2023-12-31T11:29:25.066-0300] {logging_mixin.py:188} INFO - [2023-12-31T11:29:25.065-0300] {dagbag.py:538} INFO - Filling up the DagBag from /home/felipe/.local/lib/python3.10/site-packages/airflow/example_dags/example_trigger_target_dag.py
[2023-12-31T11:29:25.106-0300] {processor.py:840} INFO - DAG(s) 'example_trigger_target_dag' retrieved from /home/felipe/.local/lib/python3.10/site-packages/airflow/example_dags/example_trigger_target_dag.py
[2023-12-31T11:29:25.235-0300] {logging_mixin.py:188} INFO - [2023-12-31T11:29:25.235-0300] {dag.py:3033} INFO - Sync 1 DAGs
[2023-12-31T11:29:25.374-0300] {logging_mixin.py:188} INFO - [2023-12-31T11:29:25.366-0300] {dag.py:3820} INFO - Setting next_dagrun for example_trigger_target_dag to None, run_after=None
[2023-12-31T11:29:25.726-0300] {processor.py:183} INFO - Processing /home/felipe/.local/lib/python3.10/site-packages/airflow/example_dags/example_trigger_target_dag.py took 0.690 seconds
[2023-12-31T11:31:18.716-0300] {processor.py:161} INFO - Started process (PID=34268) to work on /home/felipe/.local/lib/python3.10/site-packages/airflow/example_dags/example_trigger_target_dag.py
[2023-12-31T11:31:18.724-0300] {processor.py:830} INFO - Processing file /home/felipe/.local/lib/python3.10/site-packages/airflow/example_dags/example_trigger_target_dag.py for tasks to queue
[2023-12-31T11:31:18.726-0300] {logging_mixin.py:188} INFO - [2023-12-31T11:31:18.725-0300] {dagbag.py:538} INFO - Filling up the DagBag from /home/felipe/.local/lib/python3.10/site-packages/airflow/example_dags/example_trigger_target_dag.py
[2023-12-31T11:31:18.756-0300] {processor.py:840} INFO - DAG(s) 'example_trigger_target_dag' retrieved from /home/felipe/.local/lib/python3.10/site-packages/airflow/example_dags/example_trigger_target_dag.py
[2023-12-31T11:31:18.854-0300] {logging_mixin.py:188} INFO - [2023-12-31T11:31:18.847-0300] {dag.py:3033} INFO - Sync 1 DAGs
[2023-12-31T11:31:18.925-0300] {logging_mixin.py:188} INFO - [2023-12-31T11:31:18.925-0300] {dag.py:3820} INFO - Setting next_dagrun for example_trigger_target_dag to None, run_after=None
[2023-12-31T11:31:19.124-0300] {processor.py:183} INFO - Processing /home/felipe/.local/lib/python3.10/site-packages/airflow/example_dags/example_trigger_target_dag.py took 0.420 seconds
[2023-12-31T11:32:42.865-0300] {processor.py:161} INFO - Started process (PID=34364) to work on /home/felipe/.local/lib/python3.10/site-packages/airflow/example_dags/example_trigger_target_dag.py
[2023-12-31T11:32:42.874-0300] {processor.py:830} INFO - Processing file /home/felipe/.local/lib/python3.10/site-packages/airflow/example_dags/example_trigger_target_dag.py for tasks to queue
[2023-12-31T11:32:42.876-0300] {logging_mixin.py:188} INFO - [2023-12-31T11:32:42.875-0300] {dagbag.py:538} INFO - Filling up the DagBag from /home/felipe/.local/lib/python3.10/site-packages/airflow/example_dags/example_trigger_target_dag.py
[2023-12-31T11:32:42.906-0300] {processor.py:840} INFO - DAG(s) 'example_trigger_target_dag' retrieved from /home/felipe/.local/lib/python3.10/site-packages/airflow/example_dags/example_trigger_target_dag.py
[2023-12-31T11:32:42.995-0300] {logging_mixin.py:188} INFO - [2023-12-31T11:32:42.994-0300] {dag.py:3033} INFO - Sync 1 DAGs
[2023-12-31T11:32:43.065-0300] {logging_mixin.py:188} INFO - [2023-12-31T11:32:43.064-0300] {dag.py:3820} INFO - Setting next_dagrun for example_trigger_target_dag to None, run_after=None
[2023-12-31T11:32:43.215-0300] {processor.py:183} INFO - Processing /home/felipe/.local/lib/python3.10/site-packages/airflow/example_dags/example_trigger_target_dag.py took 0.368 seconds
[2023-12-31T11:34:11.494-0300] {processor.py:161} INFO - Started process (PID=34464) to work on /home/felipe/.local/lib/python3.10/site-packages/airflow/example_dags/example_trigger_target_dag.py
[2023-12-31T11:34:11.496-0300] {processor.py:830} INFO - Processing file /home/felipe/.local/lib/python3.10/site-packages/airflow/example_dags/example_trigger_target_dag.py for tasks to queue
[2023-12-31T11:34:11.504-0300] {logging_mixin.py:188} INFO - [2023-12-31T11:34:11.497-0300] {dagbag.py:538} INFO - Filling up the DagBag from /home/felipe/.local/lib/python3.10/site-packages/airflow/example_dags/example_trigger_target_dag.py
[2023-12-31T11:34:11.535-0300] {processor.py:840} INFO - DAG(s) 'example_trigger_target_dag' retrieved from /home/felipe/.local/lib/python3.10/site-packages/airflow/example_dags/example_trigger_target_dag.py
[2023-12-31T11:34:11.634-0300] {logging_mixin.py:188} INFO - [2023-12-31T11:34:11.627-0300] {dag.py:3033} INFO - Sync 1 DAGs
[2023-12-31T11:34:11.716-0300] {logging_mixin.py:188} INFO - [2023-12-31T11:34:11.715-0300] {dag.py:3820} INFO - Setting next_dagrun for example_trigger_target_dag to None, run_after=None
[2023-12-31T11:34:11.886-0300] {processor.py:183} INFO - Processing /home/felipe/.local/lib/python3.10/site-packages/airflow/example_dags/example_trigger_target_dag.py took 0.410 seconds
[2023-12-31T11:35:36.406-0300] {processor.py:161} INFO - Started process (PID=34582) to work on /home/felipe/.local/lib/python3.10/site-packages/airflow/example_dags/example_trigger_target_dag.py
[2023-12-31T11:35:36.424-0300] {processor.py:830} INFO - Processing file /home/felipe/.local/lib/python3.10/site-packages/airflow/example_dags/example_trigger_target_dag.py for tasks to queue
[2023-12-31T11:35:36.426-0300] {logging_mixin.py:188} INFO - [2023-12-31T11:35:36.425-0300] {dagbag.py:538} INFO - Filling up the DagBag from /home/felipe/.local/lib/python3.10/site-packages/airflow/example_dags/example_trigger_target_dag.py
[2023-12-31T11:35:36.466-0300] {processor.py:840} INFO - DAG(s) 'example_trigger_target_dag' retrieved from /home/felipe/.local/lib/python3.10/site-packages/airflow/example_dags/example_trigger_target_dag.py
[2023-12-31T11:35:36.586-0300] {logging_mixin.py:188} INFO - [2023-12-31T11:35:36.585-0300] {dag.py:3033} INFO - Sync 1 DAGs
[2023-12-31T11:35:36.714-0300] {logging_mixin.py:188} INFO - [2023-12-31T11:35:36.714-0300] {dag.py:3820} INFO - Setting next_dagrun for example_trigger_target_dag to None, run_after=None
[2023-12-31T11:35:36.936-0300] {processor.py:183} INFO - Processing /home/felipe/.local/lib/python3.10/site-packages/airflow/example_dags/example_trigger_target_dag.py took 0.550 seconds
[2023-12-31T11:36:59.436-0300] {processor.py:161} INFO - Started process (PID=34677) to work on /home/felipe/.local/lib/python3.10/site-packages/airflow/example_dags/example_trigger_target_dag.py
[2023-12-31T11:36:59.454-0300] {processor.py:830} INFO - Processing file /home/felipe/.local/lib/python3.10/site-packages/airflow/example_dags/example_trigger_target_dag.py for tasks to queue
[2023-12-31T11:36:59.455-0300] {logging_mixin.py:188} INFO - [2023-12-31T11:36:59.455-0300] {dagbag.py:538} INFO - Filling up the DagBag from /home/felipe/.local/lib/python3.10/site-packages/airflow/example_dags/example_trigger_target_dag.py
[2023-12-31T11:36:59.486-0300] {processor.py:840} INFO - DAG(s) 'example_trigger_target_dag' retrieved from /home/felipe/.local/lib/python3.10/site-packages/airflow/example_dags/example_trigger_target_dag.py
[2023-12-31T11:36:59.575-0300] {logging_mixin.py:188} INFO - [2023-12-31T11:36:59.575-0300] {dag.py:3033} INFO - Sync 1 DAGs
[2023-12-31T11:36:59.645-0300] {logging_mixin.py:188} INFO - [2023-12-31T11:36:59.644-0300] {dag.py:3820} INFO - Setting next_dagrun for example_trigger_target_dag to None, run_after=None
[2023-12-31T11:36:59.855-0300] {processor.py:183} INFO - Processing /home/felipe/.local/lib/python3.10/site-packages/airflow/example_dags/example_trigger_target_dag.py took 0.430 seconds
[2023-12-31T11:38:22.475-0300] {processor.py:161} INFO - Started process (PID=34766) to work on /home/felipe/.local/lib/python3.10/site-packages/airflow/example_dags/example_trigger_target_dag.py
[2023-12-31T11:38:22.484-0300] {processor.py:830} INFO - Processing file /home/felipe/.local/lib/python3.10/site-packages/airflow/example_dags/example_trigger_target_dag.py for tasks to queue
[2023-12-31T11:38:22.485-0300] {logging_mixin.py:188} INFO - [2023-12-31T11:38:22.485-0300] {dagbag.py:538} INFO - Filling up the DagBag from /home/felipe/.local/lib/python3.10/site-packages/airflow/example_dags/example_trigger_target_dag.py
[2023-12-31T11:38:22.516-0300] {processor.py:840} INFO - DAG(s) 'example_trigger_target_dag' retrieved from /home/felipe/.local/lib/python3.10/site-packages/airflow/example_dags/example_trigger_target_dag.py
[2023-12-31T11:38:22.606-0300] {logging_mixin.py:188} INFO - [2023-12-31T11:38:22.606-0300] {dag.py:3033} INFO - Sync 1 DAGs
[2023-12-31T11:38:22.676-0300] {logging_mixin.py:188} INFO - [2023-12-31T11:38:22.676-0300] {dag.py:3820} INFO - Setting next_dagrun for example_trigger_target_dag to None, run_after=None
[2023-12-31T11:38:22.835-0300] {processor.py:183} INFO - Processing /home/felipe/.local/lib/python3.10/site-packages/airflow/example_dags/example_trigger_target_dag.py took 0.379 seconds
[2023-12-31T11:39:45.064-0300] {processor.py:161} INFO - Started process (PID=34855) to work on /home/felipe/.local/lib/python3.10/site-packages/airflow/example_dags/example_trigger_target_dag.py
[2023-12-31T11:39:45.074-0300] {processor.py:830} INFO - Processing file /home/felipe/.local/lib/python3.10/site-packages/airflow/example_dags/example_trigger_target_dag.py for tasks to queue
[2023-12-31T11:39:45.075-0300] {logging_mixin.py:188} INFO - [2023-12-31T11:39:45.075-0300] {dagbag.py:538} INFO - Filling up the DagBag from /home/felipe/.local/lib/python3.10/site-packages/airflow/example_dags/example_trigger_target_dag.py
[2023-12-31T11:39:45.106-0300] {processor.py:840} INFO - DAG(s) 'example_trigger_target_dag' retrieved from /home/felipe/.local/lib/python3.10/site-packages/airflow/example_dags/example_trigger_target_dag.py
[2023-12-31T11:39:45.216-0300] {logging_mixin.py:188} INFO - [2023-12-31T11:39:45.215-0300] {dag.py:3033} INFO - Sync 1 DAGs
[2023-12-31T11:39:45.306-0300] {logging_mixin.py:188} INFO - [2023-12-31T11:39:45.306-0300] {dag.py:3820} INFO - Setting next_dagrun for example_trigger_target_dag to None, run_after=None
[2023-12-31T11:39:45.525-0300] {processor.py:183} INFO - Processing /home/felipe/.local/lib/python3.10/site-packages/airflow/example_dags/example_trigger_target_dag.py took 0.480 seconds
[2023-12-31T11:41:09.205-0300] {processor.py:161} INFO - Started process (PID=34977) to work on /home/felipe/.local/lib/python3.10/site-packages/airflow/example_dags/example_trigger_target_dag.py
[2023-12-31T11:41:09.214-0300] {processor.py:830} INFO - Processing file /home/felipe/.local/lib/python3.10/site-packages/airflow/example_dags/example_trigger_target_dag.py for tasks to queue
[2023-12-31T11:41:09.216-0300] {logging_mixin.py:188} INFO - [2023-12-31T11:41:09.216-0300] {dagbag.py:538} INFO - Filling up the DagBag from /home/felipe/.local/lib/python3.10/site-packages/airflow/example_dags/example_trigger_target_dag.py
[2023-12-31T11:41:09.266-0300] {processor.py:840} INFO - DAG(s) 'example_trigger_target_dag' retrieved from /home/felipe/.local/lib/python3.10/site-packages/airflow/example_dags/example_trigger_target_dag.py
[2023-12-31T11:41:09.395-0300] {logging_mixin.py:188} INFO - [2023-12-31T11:41:09.395-0300] {dag.py:3033} INFO - Sync 1 DAGs
[2023-12-31T11:41:09.466-0300] {logging_mixin.py:188} INFO - [2023-12-31T11:41:09.466-0300] {dag.py:3820} INFO - Setting next_dagrun for example_trigger_target_dag to None, run_after=None
[2023-12-31T11:41:09.654-0300] {processor.py:183} INFO - Processing /home/felipe/.local/lib/python3.10/site-packages/airflow/example_dags/example_trigger_target_dag.py took 0.460 seconds
[2023-12-31T11:42:42.274-0300] {processor.py:161} INFO - Started process (PID=35081) to work on /home/felipe/.local/lib/python3.10/site-packages/airflow/example_dags/example_trigger_target_dag.py
[2023-12-31T11:42:42.276-0300] {processor.py:830} INFO - Processing file /home/felipe/.local/lib/python3.10/site-packages/airflow/example_dags/example_trigger_target_dag.py for tasks to queue
[2023-12-31T11:42:42.285-0300] {logging_mixin.py:188} INFO - [2023-12-31T11:42:42.284-0300] {dagbag.py:538} INFO - Filling up the DagBag from /home/felipe/.local/lib/python3.10/site-packages/airflow/example_dags/example_trigger_target_dag.py
[2023-12-31T11:42:42.325-0300] {processor.py:840} INFO - DAG(s) 'example_trigger_target_dag' retrieved from /home/felipe/.local/lib/python3.10/site-packages/airflow/example_dags/example_trigger_target_dag.py
[2023-12-31T11:42:42.436-0300] {logging_mixin.py:188} INFO - [2023-12-31T11:42:42.435-0300] {dag.py:3033} INFO - Sync 1 DAGs
[2023-12-31T11:42:42.534-0300] {logging_mixin.py:188} INFO - [2023-12-31T11:42:42.526-0300] {dag.py:3820} INFO - Setting next_dagrun for example_trigger_target_dag to None, run_after=None
[2023-12-31T11:42:42.716-0300] {processor.py:183} INFO - Processing /home/felipe/.local/lib/python3.10/site-packages/airflow/example_dags/example_trigger_target_dag.py took 0.461 seconds
[2023-12-31T11:44:22.916-0300] {processor.py:161} INFO - Started process (PID=35198) to work on /home/felipe/.local/lib/python3.10/site-packages/airflow/example_dags/example_trigger_target_dag.py
[2023-12-31T11:44:22.925-0300] {processor.py:830} INFO - Processing file /home/felipe/.local/lib/python3.10/site-packages/airflow/example_dags/example_trigger_target_dag.py for tasks to queue
[2023-12-31T11:44:22.934-0300] {logging_mixin.py:188} INFO - [2023-12-31T11:44:22.926-0300] {dagbag.py:538} INFO - Filling up the DagBag from /home/felipe/.local/lib/python3.10/site-packages/airflow/example_dags/example_trigger_target_dag.py
[2023-12-31T11:44:22.984-0300] {processor.py:840} INFO - DAG(s) 'example_trigger_target_dag' retrieved from /home/felipe/.local/lib/python3.10/site-packages/airflow/example_dags/example_trigger_target_dag.py
[2023-12-31T11:44:23.084-0300] {logging_mixin.py:188} INFO - [2023-12-31T11:44:23.084-0300] {dag.py:3033} INFO - Sync 1 DAGs
[2023-12-31T11:44:23.165-0300] {logging_mixin.py:188} INFO - [2023-12-31T11:44:23.164-0300] {dag.py:3820} INFO - Setting next_dagrun for example_trigger_target_dag to None, run_after=None
[2023-12-31T11:44:23.365-0300] {processor.py:183} INFO - Processing /home/felipe/.local/lib/python3.10/site-packages/airflow/example_dags/example_trigger_target_dag.py took 0.462 seconds
[2023-12-31T11:46:01.625-0300] {processor.py:161} INFO - Started process (PID=35330) to work on /home/felipe/.local/lib/python3.10/site-packages/airflow/example_dags/example_trigger_target_dag.py
[2023-12-31T11:46:01.634-0300] {processor.py:830} INFO - Processing file /home/felipe/.local/lib/python3.10/site-packages/airflow/example_dags/example_trigger_target_dag.py for tasks to queue
[2023-12-31T11:46:01.644-0300] {logging_mixin.py:188} INFO - [2023-12-31T11:46:01.636-0300] {dagbag.py:538} INFO - Filling up the DagBag from /home/felipe/.local/lib/python3.10/site-packages/airflow/example_dags/example_trigger_target_dag.py
[2023-12-31T11:46:01.685-0300] {processor.py:840} INFO - DAG(s) 'example_trigger_target_dag' retrieved from /home/felipe/.local/lib/python3.10/site-packages/airflow/example_dags/example_trigger_target_dag.py
[2023-12-31T11:46:01.806-0300] {logging_mixin.py:188} INFO - [2023-12-31T11:46:01.806-0300] {dag.py:3033} INFO - Sync 1 DAGs
[2023-12-31T11:46:01.915-0300] {logging_mixin.py:188} INFO - [2023-12-31T11:46:01.914-0300] {dag.py:3820} INFO - Setting next_dagrun for example_trigger_target_dag to None, run_after=None
[2023-12-31T11:46:02.124-0300] {processor.py:183} INFO - Processing /home/felipe/.local/lib/python3.10/site-packages/airflow/example_dags/example_trigger_target_dag.py took 0.519 seconds
[2023-12-31T11:47:37.984-0300] {processor.py:161} INFO - Started process (PID=35469) to work on /home/felipe/.local/lib/python3.10/site-packages/airflow/example_dags/example_trigger_target_dag.py
[2023-12-31T11:47:37.994-0300] {processor.py:830} INFO - Processing file /home/felipe/.local/lib/python3.10/site-packages/airflow/example_dags/example_trigger_target_dag.py for tasks to queue
[2023-12-31T11:47:37.995-0300] {logging_mixin.py:188} INFO - [2023-12-31T11:47:37.995-0300] {dagbag.py:538} INFO - Filling up the DagBag from /home/felipe/.local/lib/python3.10/site-packages/airflow/example_dags/example_trigger_target_dag.py
[2023-12-31T11:47:38.035-0300] {processor.py:840} INFO - DAG(s) 'example_trigger_target_dag' retrieved from /home/felipe/.local/lib/python3.10/site-packages/airflow/example_dags/example_trigger_target_dag.py
[2023-12-31T11:47:38.144-0300] {logging_mixin.py:188} INFO - [2023-12-31T11:47:38.144-0300] {dag.py:3033} INFO - Sync 1 DAGs
[2023-12-31T11:47:38.255-0300] {logging_mixin.py:188} INFO - [2023-12-31T11:47:38.255-0300] {dag.py:3820} INFO - Setting next_dagrun for example_trigger_target_dag to None, run_after=None
[2023-12-31T11:47:38.476-0300] {processor.py:183} INFO - Processing /home/felipe/.local/lib/python3.10/site-packages/airflow/example_dags/example_trigger_target_dag.py took 0.511 seconds
[2023-12-31T11:49:54.674-0300] {processor.py:161} INFO - Started process (PID=35613) to work on /home/felipe/.local/lib/python3.10/site-packages/airflow/example_dags/example_trigger_target_dag.py
[2023-12-31T11:49:54.684-0300] {processor.py:830} INFO - Processing file /home/felipe/.local/lib/python3.10/site-packages/airflow/example_dags/example_trigger_target_dag.py for tasks to queue
[2023-12-31T11:49:54.695-0300] {logging_mixin.py:188} INFO - [2023-12-31T11:49:54.694-0300] {dagbag.py:538} INFO - Filling up the DagBag from /home/felipe/.local/lib/python3.10/site-packages/airflow/example_dags/example_trigger_target_dag.py
[2023-12-31T11:49:54.755-0300] {processor.py:840} INFO - DAG(s) 'example_trigger_target_dag' retrieved from /home/felipe/.local/lib/python3.10/site-packages/airflow/example_dags/example_trigger_target_dag.py
[2023-12-31T11:49:54.905-0300] {logging_mixin.py:188} INFO - [2023-12-31T11:49:54.904-0300] {dag.py:3033} INFO - Sync 1 DAGs
[2023-12-31T11:49:55.045-0300] {logging_mixin.py:188} INFO - [2023-12-31T11:49:55.036-0300] {dag.py:3820} INFO - Setting next_dagrun for example_trigger_target_dag to None, run_after=None
[2023-12-31T11:49:55.346-0300] {processor.py:183} INFO - Processing /home/felipe/.local/lib/python3.10/site-packages/airflow/example_dags/example_trigger_target_dag.py took 0.701 seconds
[2023-12-31T11:52:14.585-0300] {processor.py:161} INFO - Started process (PID=35769) to work on /home/felipe/.local/lib/python3.10/site-packages/airflow/example_dags/example_trigger_target_dag.py
[2023-12-31T11:52:14.605-0300] {processor.py:830} INFO - Processing file /home/felipe/.local/lib/python3.10/site-packages/airflow/example_dags/example_trigger_target_dag.py for tasks to queue
[2023-12-31T11:52:14.635-0300] {logging_mixin.py:188} INFO - [2023-12-31T11:52:14.625-0300] {dagbag.py:538} INFO - Filling up the DagBag from /home/felipe/.local/lib/python3.10/site-packages/airflow/example_dags/example_trigger_target_dag.py
[2023-12-31T11:52:14.795-0300] {processor.py:840} INFO - DAG(s) 'example_trigger_target_dag' retrieved from /home/felipe/.local/lib/python3.10/site-packages/airflow/example_dags/example_trigger_target_dag.py
[2023-12-31T11:52:15.125-0300] {logging_mixin.py:188} INFO - [2023-12-31T11:52:15.116-0300] {dag.py:3033} INFO - Sync 1 DAGs
[2023-12-31T11:52:15.474-0300] {logging_mixin.py:188} INFO - [2023-12-31T11:52:15.455-0300] {dag.py:3820} INFO - Setting next_dagrun for example_trigger_target_dag to None, run_after=None
[2023-12-31T11:52:16.445-0300] {processor.py:183} INFO - Processing /home/felipe/.local/lib/python3.10/site-packages/airflow/example_dags/example_trigger_target_dag.py took 1.920 seconds
[2023-12-31T11:54:48.245-0300] {processor.py:161} INFO - Started process (PID=35897) to work on /home/felipe/.local/lib/python3.10/site-packages/airflow/example_dags/example_trigger_target_dag.py
[2023-12-31T11:54:48.264-0300] {processor.py:830} INFO - Processing file /home/felipe/.local/lib/python3.10/site-packages/airflow/example_dags/example_trigger_target_dag.py for tasks to queue
[2023-12-31T11:54:48.275-0300] {logging_mixin.py:188} INFO - [2023-12-31T11:54:48.274-0300] {dagbag.py:538} INFO - Filling up the DagBag from /home/felipe/.local/lib/python3.10/site-packages/airflow/example_dags/example_trigger_target_dag.py
[2023-12-31T11:54:48.395-0300] {processor.py:840} INFO - DAG(s) 'example_trigger_target_dag' retrieved from /home/felipe/.local/lib/python3.10/site-packages/airflow/example_dags/example_trigger_target_dag.py
[2023-12-31T11:54:48.615-0300] {logging_mixin.py:188} INFO - [2023-12-31T11:54:48.614-0300] {dag.py:3033} INFO - Sync 1 DAGs
[2023-12-31T11:54:48.745-0300] {logging_mixin.py:188} INFO - [2023-12-31T11:54:48.744-0300] {dag.py:3820} INFO - Setting next_dagrun for example_trigger_target_dag to None, run_after=None
[2023-12-31T11:54:49.054-0300] {processor.py:183} INFO - Processing /home/felipe/.local/lib/python3.10/site-packages/airflow/example_dags/example_trigger_target_dag.py took 0.829 seconds
[2023-12-31T11:56:38.484-0300] {processor.py:161} INFO - Started process (PID=36034) to work on /home/felipe/.local/lib/python3.10/site-packages/airflow/example_dags/example_trigger_target_dag.py
[2023-12-31T11:56:38.494-0300] {processor.py:830} INFO - Processing file /home/felipe/.local/lib/python3.10/site-packages/airflow/example_dags/example_trigger_target_dag.py for tasks to queue
[2023-12-31T11:56:38.504-0300] {logging_mixin.py:188} INFO - [2023-12-31T11:56:38.495-0300] {dagbag.py:538} INFO - Filling up the DagBag from /home/felipe/.local/lib/python3.10/site-packages/airflow/example_dags/example_trigger_target_dag.py
[2023-12-31T11:56:38.564-0300] {processor.py:840} INFO - DAG(s) 'example_trigger_target_dag' retrieved from /home/felipe/.local/lib/python3.10/site-packages/airflow/example_dags/example_trigger_target_dag.py
[2023-12-31T11:56:38.754-0300] {logging_mixin.py:188} INFO - [2023-12-31T11:56:38.745-0300] {dag.py:3033} INFO - Sync 1 DAGs
[2023-12-31T11:56:38.924-0300] {logging_mixin.py:188} INFO - [2023-12-31T11:56:38.915-0300] {dag.py:3820} INFO - Setting next_dagrun for example_trigger_target_dag to None, run_after=None
[2023-12-31T11:56:39.225-0300] {processor.py:183} INFO - Processing /home/felipe/.local/lib/python3.10/site-packages/airflow/example_dags/example_trigger_target_dag.py took 0.770 seconds
[2023-12-31T11:58:24.855-0300] {processor.py:161} INFO - Started process (PID=36137) to work on /home/felipe/.local/lib/python3.10/site-packages/airflow/example_dags/example_trigger_target_dag.py
[2023-12-31T11:58:24.866-0300] {processor.py:830} INFO - Processing file /home/felipe/.local/lib/python3.10/site-packages/airflow/example_dags/example_trigger_target_dag.py for tasks to queue
[2023-12-31T11:58:24.884-0300] {logging_mixin.py:188} INFO - [2023-12-31T11:58:24.875-0300] {dagbag.py:538} INFO - Filling up the DagBag from /home/felipe/.local/lib/python3.10/site-packages/airflow/example_dags/example_trigger_target_dag.py
[2023-12-31T11:58:24.954-0300] {processor.py:840} INFO - DAG(s) 'example_trigger_target_dag' retrieved from /home/felipe/.local/lib/python3.10/site-packages/airflow/example_dags/example_trigger_target_dag.py
[2023-12-31T11:58:25.135-0300] {logging_mixin.py:188} INFO - [2023-12-31T11:58:25.135-0300] {dag.py:3033} INFO - Sync 1 DAGs
[2023-12-31T11:58:25.256-0300] {logging_mixin.py:188} INFO - [2023-12-31T11:58:25.255-0300] {dag.py:3820} INFO - Setting next_dagrun for example_trigger_target_dag to None, run_after=None
[2023-12-31T11:58:25.535-0300] {processor.py:183} INFO - Processing /home/felipe/.local/lib/python3.10/site-packages/airflow/example_dags/example_trigger_target_dag.py took 0.711 seconds
[2023-12-31T12:00:11.455-0300] {processor.py:161} INFO - Started process (PID=36269) to work on /home/felipe/.local/lib/python3.10/site-packages/airflow/example_dags/example_trigger_target_dag.py
[2023-12-31T12:00:11.465-0300] {processor.py:830} INFO - Processing file /home/felipe/.local/lib/python3.10/site-packages/airflow/example_dags/example_trigger_target_dag.py for tasks to queue
[2023-12-31T12:00:11.475-0300] {logging_mixin.py:188} INFO - [2023-12-31T12:00:11.474-0300] {dagbag.py:538} INFO - Filling up the DagBag from /home/felipe/.local/lib/python3.10/site-packages/airflow/example_dags/example_trigger_target_dag.py
[2023-12-31T12:00:11.544-0300] {processor.py:840} INFO - DAG(s) 'example_trigger_target_dag' retrieved from /home/felipe/.local/lib/python3.10/site-packages/airflow/example_dags/example_trigger_target_dag.py
[2023-12-31T12:00:11.754-0300] {logging_mixin.py:188} INFO - [2023-12-31T12:00:11.746-0300] {dag.py:3033} INFO - Sync 1 DAGs
[2023-12-31T12:00:11.914-0300] {logging_mixin.py:188} INFO - [2023-12-31T12:00:11.914-0300] {dag.py:3820} INFO - Setting next_dagrun for example_trigger_target_dag to None, run_after=None
[2023-12-31T12:00:12.175-0300] {processor.py:183} INFO - Processing /home/felipe/.local/lib/python3.10/site-packages/airflow/example_dags/example_trigger_target_dag.py took 0.741 seconds
[2023-12-31T12:02:01.084-0300] {processor.py:161} INFO - Started process (PID=36374) to work on /home/felipe/.local/lib/python3.10/site-packages/airflow/example_dags/example_trigger_target_dag.py
[2023-12-31T12:02:01.095-0300] {processor.py:830} INFO - Processing file /home/felipe/.local/lib/python3.10/site-packages/airflow/example_dags/example_trigger_target_dag.py for tasks to queue
[2023-12-31T12:02:01.105-0300] {logging_mixin.py:188} INFO - [2023-12-31T12:02:01.105-0300] {dagbag.py:538} INFO - Filling up the DagBag from /home/felipe/.local/lib/python3.10/site-packages/airflow/example_dags/example_trigger_target_dag.py
[2023-12-31T12:02:01.185-0300] {processor.py:840} INFO - DAG(s) 'example_trigger_target_dag' retrieved from /home/felipe/.local/lib/python3.10/site-packages/airflow/example_dags/example_trigger_target_dag.py
[2023-12-31T12:02:01.394-0300] {logging_mixin.py:188} INFO - [2023-12-31T12:02:01.385-0300] {dag.py:3033} INFO - Sync 1 DAGs
[2023-12-31T12:02:01.534-0300] {logging_mixin.py:188} INFO - [2023-12-31T12:02:01.534-0300] {dag.py:3820} INFO - Setting next_dagrun for example_trigger_target_dag to None, run_after=None
[2023-12-31T12:02:01.825-0300] {processor.py:183} INFO - Processing /home/felipe/.local/lib/python3.10/site-packages/airflow/example_dags/example_trigger_target_dag.py took 0.771 seconds
[2023-12-31T12:04:06.224-0300] {processor.py:161} INFO - Started process (PID=36491) to work on /home/felipe/.local/lib/python3.10/site-packages/airflow/example_dags/example_trigger_target_dag.py
[2023-12-31T12:04:06.244-0300] {processor.py:830} INFO - Processing file /home/felipe/.local/lib/python3.10/site-packages/airflow/example_dags/example_trigger_target_dag.py for tasks to queue
[2023-12-31T12:04:06.255-0300] {logging_mixin.py:188} INFO - [2023-12-31T12:04:06.254-0300] {dagbag.py:538} INFO - Filling up the DagBag from /home/felipe/.local/lib/python3.10/site-packages/airflow/example_dags/example_trigger_target_dag.py
[2023-12-31T12:04:06.334-0300] {processor.py:840} INFO - DAG(s) 'example_trigger_target_dag' retrieved from /home/felipe/.local/lib/python3.10/site-packages/airflow/example_dags/example_trigger_target_dag.py
[2023-12-31T12:04:06.545-0300] {logging_mixin.py:188} INFO - [2023-12-31T12:04:06.545-0300] {dag.py:3033} INFO - Sync 1 DAGs
[2023-12-31T12:04:06.694-0300] {logging_mixin.py:188} INFO - [2023-12-31T12:04:06.685-0300] {dag.py:3820} INFO - Setting next_dagrun for example_trigger_target_dag to None, run_after=None
[2023-12-31T12:04:07.034-0300] {processor.py:183} INFO - Processing /home/felipe/.local/lib/python3.10/site-packages/airflow/example_dags/example_trigger_target_dag.py took 0.850 seconds
[2023-12-31T12:07:51.625-0300] {processor.py:161} INFO - Started process (PID=36775) to work on /home/felipe/.local/lib/python3.10/site-packages/airflow/example_dags/example_trigger_target_dag.py
[2023-12-31T12:07:51.645-0300] {processor.py:830} INFO - Processing file /home/felipe/.local/lib/python3.10/site-packages/airflow/example_dags/example_trigger_target_dag.py for tasks to queue
[2023-12-31T12:07:51.664-0300] {logging_mixin.py:188} INFO - [2023-12-31T12:07:51.654-0300] {dagbag.py:538} INFO - Filling up the DagBag from /home/felipe/.local/lib/python3.10/site-packages/airflow/example_dags/example_trigger_target_dag.py
[2023-12-31T12:07:51.795-0300] {processor.py:840} INFO - DAG(s) 'example_trigger_target_dag' retrieved from /home/felipe/.local/lib/python3.10/site-packages/airflow/example_dags/example_trigger_target_dag.py
[2023-12-31T12:07:52.264-0300] {logging_mixin.py:188} INFO - [2023-12-31T12:07:52.254-0300] {dag.py:3033} INFO - Sync 1 DAGs
[2023-12-31T12:07:52.594-0300] {logging_mixin.py:188} INFO - [2023-12-31T12:07:52.585-0300] {dag.py:3820} INFO - Setting next_dagrun for example_trigger_target_dag to None, run_after=None
[2023-12-31T12:07:53.235-0300] {processor.py:183} INFO - Processing /home/felipe/.local/lib/python3.10/site-packages/airflow/example_dags/example_trigger_target_dag.py took 1.681 seconds
