[2023-12-31T09:37:48.149-0300] {processor.py:161} INFO - Started process (PID=32128) to work on /home/felipe/.local/lib/python3.10/site-packages/airflow/example_dags/example_dag_decorator.py
[2023-12-31T09:37:48.151-0300] {processor.py:830} INFO - Processing file /home/felipe/.local/lib/python3.10/site-packages/airflow/example_dags/example_dag_decorator.py for tasks to queue
[2023-12-31T09:37:48.157-0300] {logging_mixin.py:188} INFO - [2023-12-31T09:37:48.157-0300] {dagbag.py:538} INFO - Filling up the DagBag from /home/felipe/.local/lib/python3.10/site-packages/airflow/example_dags/example_dag_decorator.py
[2023-12-31T09:37:48.497-0300] {processor.py:840} INFO - DAG(s) 'example_dag_decorator' retrieved from /home/felipe/.local/lib/python3.10/site-packages/airflow/example_dags/example_dag_decorator.py
[2023-12-31T09:37:48.981-0300] {logging_mixin.py:188} INFO - [2023-12-31T09:37:48.980-0300] {dag.py:3033} INFO - Sync 1 DAGs
[2023-12-31T09:37:49.029-0300] {logging_mixin.py:188} INFO - [2023-12-31T09:37:49.028-0300] {dag.py:3820} INFO - Setting next_dagrun for example_dag_decorator to None, run_after=None
[2023-12-31T09:37:49.148-0300] {processor.py:183} INFO - Processing /home/felipe/.local/lib/python3.10/site-packages/airflow/example_dags/example_dag_decorator.py took 1.008 seconds
[2023-12-31T09:54:28.028-0300] {processor.py:161} INFO - Started process (PID=32876) to work on /home/felipe/.local/lib/python3.10/site-packages/airflow/example_dags/example_dag_decorator.py
[2023-12-31T09:54:28.037-0300] {processor.py:830} INFO - Processing file /home/felipe/.local/lib/python3.10/site-packages/airflow/example_dags/example_dag_decorator.py for tasks to queue
[2023-12-31T09:54:28.039-0300] {logging_mixin.py:188} INFO - [2023-12-31T09:54:28.038-0300] {dagbag.py:538} INFO - Filling up the DagBag from /home/felipe/.local/lib/python3.10/site-packages/airflow/example_dags/example_dag_decorator.py
[2023-12-31T09:54:28.687-0300] {processor.py:840} INFO - DAG(s) 'example_dag_decorator' retrieved from /home/felipe/.local/lib/python3.10/site-packages/airflow/example_dags/example_dag_decorator.py
[2023-12-31T09:54:29.520-0300] {logging_mixin.py:188} INFO - [2023-12-31T09:54:29.519-0300] {dag.py:3033} INFO - Sync 1 DAGs
[2023-12-31T09:54:29.580-0300] {logging_mixin.py:188} INFO - [2023-12-31T09:54:29.579-0300] {dag.py:3820} INFO - Setting next_dagrun for example_dag_decorator to None, run_after=None
[2023-12-31T09:54:29.757-0300] {processor.py:183} INFO - Processing /home/felipe/.local/lib/python3.10/site-packages/airflow/example_dags/example_dag_decorator.py took 1.740 seconds
[2023-12-31T10:00:44.298-0300] {processor.py:161} INFO - Started process (PID=33200) to work on /home/felipe/.local/lib/python3.10/site-packages/airflow/example_dags/example_dag_decorator.py
[2023-12-31T10:00:44.306-0300] {processor.py:830} INFO - Processing file /home/felipe/.local/lib/python3.10/site-packages/airflow/example_dags/example_dag_decorator.py for tasks to queue
[2023-12-31T10:00:44.308-0300] {logging_mixin.py:188} INFO - [2023-12-31T10:00:44.308-0300] {dagbag.py:538} INFO - Filling up the DagBag from /home/felipe/.local/lib/python3.10/site-packages/airflow/example_dags/example_dag_decorator.py
[2023-12-31T10:00:44.758-0300] {processor.py:840} INFO - DAG(s) 'example_dag_decorator' retrieved from /home/felipe/.local/lib/python3.10/site-packages/airflow/example_dags/example_dag_decorator.py
[2023-12-31T10:00:45.226-0300] {logging_mixin.py:188} INFO - [2023-12-31T10:00:45.220-0300] {dag.py:3033} INFO - Sync 1 DAGs
[2023-12-31T10:00:45.358-0300] {logging_mixin.py:188} INFO - [2023-12-31T10:00:45.357-0300] {dag.py:3820} INFO - Setting next_dagrun for example_dag_decorator to None, run_after=None
[2023-12-31T10:00:45.590-0300] {processor.py:183} INFO - Processing /home/felipe/.local/lib/python3.10/site-packages/airflow/example_dags/example_dag_decorator.py took 1.302 seconds
[2023-12-31T10:02:58.319-0300] {processor.py:161} INFO - Started process (PID=33366) to work on /home/felipe/.local/lib/python3.10/site-packages/airflow/example_dags/example_dag_decorator.py
[2023-12-31T10:02:58.327-0300] {processor.py:830} INFO - Processing file /home/felipe/.local/lib/python3.10/site-packages/airflow/example_dags/example_dag_decorator.py for tasks to queue
[2023-12-31T10:02:58.329-0300] {logging_mixin.py:188} INFO - [2023-12-31T10:02:58.328-0300] {dagbag.py:538} INFO - Filling up the DagBag from /home/felipe/.local/lib/python3.10/site-packages/airflow/example_dags/example_dag_decorator.py
[2023-12-31T10:02:58.729-0300] {processor.py:840} INFO - DAG(s) 'example_dag_decorator' retrieved from /home/felipe/.local/lib/python3.10/site-packages/airflow/example_dags/example_dag_decorator.py
[2023-12-31T10:02:59.248-0300] {logging_mixin.py:188} INFO - [2023-12-31T10:02:59.248-0300] {dag.py:3033} INFO - Sync 1 DAGs
[2023-12-31T10:02:59.298-0300] {logging_mixin.py:188} INFO - [2023-12-31T10:02:59.297-0300] {dag.py:3820} INFO - Setting next_dagrun for example_dag_decorator to None, run_after=None
[2023-12-31T10:02:59.427-0300] {processor.py:183} INFO - Processing /home/felipe/.local/lib/python3.10/site-packages/airflow/example_dags/example_dag_decorator.py took 1.118 seconds
[2023-12-31T10:05:18.649-0300] {processor.py:161} INFO - Started process (PID=33534) to work on /home/felipe/.local/lib/python3.10/site-packages/airflow/example_dags/example_dag_decorator.py
[2023-12-31T10:05:18.658-0300] {processor.py:830} INFO - Processing file /home/felipe/.local/lib/python3.10/site-packages/airflow/example_dags/example_dag_decorator.py for tasks to queue
[2023-12-31T10:05:18.659-0300] {logging_mixin.py:188} INFO - [2023-12-31T10:05:18.659-0300] {dagbag.py:538} INFO - Filling up the DagBag from /home/felipe/.local/lib/python3.10/site-packages/airflow/example_dags/example_dag_decorator.py
[2023-12-31T10:05:19.097-0300] {processor.py:840} INFO - DAG(s) 'example_dag_decorator' retrieved from /home/felipe/.local/lib/python3.10/site-packages/airflow/example_dags/example_dag_decorator.py
[2023-12-31T10:05:19.577-0300] {logging_mixin.py:188} INFO - [2023-12-31T10:05:19.570-0300] {dag.py:3033} INFO - Sync 1 DAGs
[2023-12-31T10:05:19.626-0300] {logging_mixin.py:188} INFO - [2023-12-31T10:05:19.619-0300] {dag.py:3820} INFO - Setting next_dagrun for example_dag_decorator to None, run_after=None
[2023-12-31T10:05:19.759-0300] {processor.py:183} INFO - Processing /home/felipe/.local/lib/python3.10/site-packages/airflow/example_dags/example_dag_decorator.py took 1.121 seconds
[2023-12-31T10:07:41.507-0300] {processor.py:161} INFO - Started process (PID=33727) to work on /home/felipe/.local/lib/python3.10/site-packages/airflow/example_dags/example_dag_decorator.py
[2023-12-31T10:07:41.509-0300] {processor.py:830} INFO - Processing file /home/felipe/.local/lib/python3.10/site-packages/airflow/example_dags/example_dag_decorator.py for tasks to queue
[2023-12-31T10:07:41.517-0300] {logging_mixin.py:188} INFO - [2023-12-31T10:07:41.509-0300] {dagbag.py:538} INFO - Filling up the DagBag from /home/felipe/.local/lib/python3.10/site-packages/airflow/example_dags/example_dag_decorator.py
[2023-12-31T10:07:41.967-0300] {processor.py:840} INFO - DAG(s) 'example_dag_decorator' retrieved from /home/felipe/.local/lib/python3.10/site-packages/airflow/example_dags/example_dag_decorator.py
[2023-12-31T10:07:42.486-0300] {logging_mixin.py:188} INFO - [2023-12-31T10:07:42.480-0300] {dag.py:3033} INFO - Sync 1 DAGs
[2023-12-31T10:07:42.536-0300] {logging_mixin.py:188} INFO - [2023-12-31T10:07:42.529-0300] {dag.py:3820} INFO - Setting next_dagrun for example_dag_decorator to None, run_after=None
[2023-12-31T10:07:42.677-0300] {processor.py:183} INFO - Processing /home/felipe/.local/lib/python3.10/site-packages/airflow/example_dags/example_dag_decorator.py took 1.187 seconds
[2023-12-31T11:30:03.736-0300] {processor.py:161} INFO - Started process (PID=34085) to work on /home/felipe/.local/lib/python3.10/site-packages/airflow/example_dags/example_dag_decorator.py
[2023-12-31T11:30:03.746-0300] {processor.py:830} INFO - Processing file /home/felipe/.local/lib/python3.10/site-packages/airflow/example_dags/example_dag_decorator.py for tasks to queue
[2023-12-31T11:30:03.754-0300] {logging_mixin.py:188} INFO - [2023-12-31T11:30:03.747-0300] {dagbag.py:538} INFO - Filling up the DagBag from /home/felipe/.local/lib/python3.10/site-packages/airflow/example_dags/example_dag_decorator.py
[2023-12-31T11:30:04.346-0300] {processor.py:840} INFO - DAG(s) 'example_dag_decorator' retrieved from /home/felipe/.local/lib/python3.10/site-packages/airflow/example_dags/example_dag_decorator.py
[2023-12-31T11:30:04.995-0300] {logging_mixin.py:188} INFO - [2023-12-31T11:30:04.995-0300] {dag.py:3033} INFO - Sync 1 DAGs
[2023-12-31T11:30:05.074-0300] {logging_mixin.py:188} INFO - [2023-12-31T11:30:05.067-0300] {dag.py:3820} INFO - Setting next_dagrun for example_dag_decorator to None, run_after=None
[2023-12-31T11:30:05.235-0300] {processor.py:183} INFO - Processing /home/felipe/.local/lib/python3.10/site-packages/airflow/example_dags/example_dag_decorator.py took 1.520 seconds
[2023-12-31T11:33:01.056-0300] {processor.py:161} INFO - Started process (PID=34386) to work on /home/felipe/.local/lib/python3.10/site-packages/airflow/example_dags/example_dag_decorator.py
[2023-12-31T11:33:01.064-0300] {processor.py:830} INFO - Processing file /home/felipe/.local/lib/python3.10/site-packages/airflow/example_dags/example_dag_decorator.py for tasks to queue
[2023-12-31T11:33:01.066-0300] {logging_mixin.py:188} INFO - [2023-12-31T11:33:01.065-0300] {dagbag.py:538} INFO - Filling up the DagBag from /home/felipe/.local/lib/python3.10/site-packages/airflow/example_dags/example_dag_decorator.py
[2023-12-31T11:33:01.594-0300] {processor.py:840} INFO - DAG(s) 'example_dag_decorator' retrieved from /home/felipe/.local/lib/python3.10/site-packages/airflow/example_dags/example_dag_decorator.py
[2023-12-31T11:33:01.725-0300] {logging_mixin.py:188} INFO - [2023-12-31T11:33:01.724-0300] {dag.py:3033} INFO - Sync 1 DAGs
[2023-12-31T11:33:01.806-0300] {logging_mixin.py:188} INFO - [2023-12-31T11:33:01.805-0300] {dag.py:3820} INFO - Setting next_dagrun for example_dag_decorator to None, run_after=None
[2023-12-31T11:33:01.966-0300] {processor.py:183} INFO - Processing /home/felipe/.local/lib/python3.10/site-packages/airflow/example_dags/example_dag_decorator.py took 0.921 seconds
[2023-12-31T11:35:53.746-0300] {processor.py:161} INFO - Started process (PID=34604) to work on /home/felipe/.local/lib/python3.10/site-packages/airflow/example_dags/example_dag_decorator.py
[2023-12-31T11:35:53.764-0300] {processor.py:830} INFO - Processing file /home/felipe/.local/lib/python3.10/site-packages/airflow/example_dags/example_dag_decorator.py for tasks to queue
[2023-12-31T11:35:53.766-0300] {logging_mixin.py:188} INFO - [2023-12-31T11:35:53.765-0300] {dagbag.py:538} INFO - Filling up the DagBag from /home/felipe/.local/lib/python3.10/site-packages/airflow/example_dags/example_dag_decorator.py
[2023-12-31T11:35:54.374-0300] {processor.py:840} INFO - DAG(s) 'example_dag_decorator' retrieved from /home/felipe/.local/lib/python3.10/site-packages/airflow/example_dags/example_dag_decorator.py
[2023-12-31T11:35:54.494-0300] {logging_mixin.py:188} INFO - [2023-12-31T11:35:54.494-0300] {dag.py:3033} INFO - Sync 1 DAGs
[2023-12-31T11:35:54.564-0300] {logging_mixin.py:188} INFO - [2023-12-31T11:35:54.556-0300] {dag.py:3820} INFO - Setting next_dagrun for example_dag_decorator to None, run_after=None
[2023-12-31T11:35:54.736-0300] {processor.py:183} INFO - Processing /home/felipe/.local/lib/python3.10/site-packages/airflow/example_dags/example_dag_decorator.py took 1.011 seconds
[2023-12-31T11:38:38.366-0300] {processor.py:161} INFO - Started process (PID=34782) to work on /home/felipe/.local/lib/python3.10/site-packages/airflow/example_dags/example_dag_decorator.py
[2023-12-31T11:38:38.384-0300] {processor.py:830} INFO - Processing file /home/felipe/.local/lib/python3.10/site-packages/airflow/example_dags/example_dag_decorator.py for tasks to queue
[2023-12-31T11:38:38.385-0300] {logging_mixin.py:188} INFO - [2023-12-31T11:38:38.385-0300] {dagbag.py:538} INFO - Filling up the DagBag from /home/felipe/.local/lib/python3.10/site-packages/airflow/example_dags/example_dag_decorator.py
[2023-12-31T11:38:38.954-0300] {processor.py:840} INFO - DAG(s) 'example_dag_decorator' retrieved from /home/felipe/.local/lib/python3.10/site-packages/airflow/example_dags/example_dag_decorator.py
[2023-12-31T11:38:39.746-0300] {logging_mixin.py:188} INFO - [2023-12-31T11:38:39.746-0300] {dag.py:3033} INFO - Sync 1 DAGs
[2023-12-31T11:38:39.824-0300] {logging_mixin.py:188} INFO - [2023-12-31T11:38:39.816-0300] {dag.py:3820} INFO - Setting next_dagrun for example_dag_decorator to None, run_after=None
[2023-12-31T11:38:40.026-0300] {processor.py:183} INFO - Processing /home/felipe/.local/lib/python3.10/site-packages/airflow/example_dags/example_dag_decorator.py took 1.672 seconds
[2023-12-31T11:41:27.786-0300] {processor.py:161} INFO - Started process (PID=34996) to work on /home/felipe/.local/lib/python3.10/site-packages/airflow/example_dags/example_dag_decorator.py
[2023-12-31T11:41:27.804-0300] {processor.py:830} INFO - Processing file /home/felipe/.local/lib/python3.10/site-packages/airflow/example_dags/example_dag_decorator.py for tasks to queue
[2023-12-31T11:41:27.806-0300] {logging_mixin.py:188} INFO - [2023-12-31T11:41:27.805-0300] {dagbag.py:538} INFO - Filling up the DagBag from /home/felipe/.local/lib/python3.10/site-packages/airflow/example_dags/example_dag_decorator.py
[2023-12-31T11:41:28.495-0300] {processor.py:840} INFO - DAG(s) 'example_dag_decorator' retrieved from /home/felipe/.local/lib/python3.10/site-packages/airflow/example_dags/example_dag_decorator.py
[2023-12-31T11:41:29.214-0300] {logging_mixin.py:188} INFO - [2023-12-31T11:41:29.206-0300] {dag.py:3033} INFO - Sync 1 DAGs
[2023-12-31T11:41:29.296-0300] {logging_mixin.py:188} INFO - [2023-12-31T11:41:29.295-0300] {dag.py:3820} INFO - Setting next_dagrun for example_dag_decorator to None, run_after=None
[2023-12-31T11:41:29.506-0300] {processor.py:183} INFO - Processing /home/felipe/.local/lib/python3.10/site-packages/airflow/example_dags/example_dag_decorator.py took 1.732 seconds
[2023-12-31T11:44:45.975-0300] {processor.py:161} INFO - Started process (PID=35222) to work on /home/felipe/.local/lib/python3.10/site-packages/airflow/example_dags/example_dag_decorator.py
[2023-12-31T11:44:45.984-0300] {processor.py:830} INFO - Processing file /home/felipe/.local/lib/python3.10/site-packages/airflow/example_dags/example_dag_decorator.py for tasks to queue
[2023-12-31T11:44:45.986-0300] {logging_mixin.py:188} INFO - [2023-12-31T11:44:45.985-0300] {dagbag.py:538} INFO - Filling up the DagBag from /home/felipe/.local/lib/python3.10/site-packages/airflow/example_dags/example_dag_decorator.py
[2023-12-31T11:44:46.726-0300] {processor.py:840} INFO - DAG(s) 'example_dag_decorator' retrieved from /home/felipe/.local/lib/python3.10/site-packages/airflow/example_dags/example_dag_decorator.py
[2023-12-31T11:44:47.584-0300] {logging_mixin.py:188} INFO - [2023-12-31T11:44:47.576-0300] {dag.py:3033} INFO - Sync 1 DAGs
[2023-12-31T11:44:47.684-0300] {logging_mixin.py:188} INFO - [2023-12-31T11:44:47.676-0300] {dag.py:3820} INFO - Setting next_dagrun for example_dag_decorator to None, run_after=None
[2023-12-31T11:44:47.925-0300] {processor.py:183} INFO - Processing /home/felipe/.local/lib/python3.10/site-packages/airflow/example_dags/example_dag_decorator.py took 1.970 seconds
[2023-12-31T11:48:03.764-0300] {processor.py:161} INFO - Started process (PID=35505) to work on /home/felipe/.local/lib/python3.10/site-packages/airflow/example_dags/example_dag_decorator.py
[2023-12-31T11:48:03.774-0300] {processor.py:830} INFO - Processing file /home/felipe/.local/lib/python3.10/site-packages/airflow/example_dags/example_dag_decorator.py for tasks to queue
[2023-12-31T11:48:03.784-0300] {logging_mixin.py:188} INFO - [2023-12-31T11:48:03.776-0300] {dagbag.py:538} INFO - Filling up the DagBag from /home/felipe/.local/lib/python3.10/site-packages/airflow/example_dags/example_dag_decorator.py
[2023-12-31T11:48:04.635-0300] {processor.py:840} INFO - DAG(s) 'example_dag_decorator' retrieved from /home/felipe/.local/lib/python3.10/site-packages/airflow/example_dags/example_dag_decorator.py
[2023-12-31T11:48:06.186-0300] {logging_mixin.py:188} INFO - [2023-12-31T11:48:06.184-0300] {dag.py:3033} INFO - Sync 1 DAGs
[2023-12-31T11:48:06.476-0300] {logging_mixin.py:188} INFO - [2023-12-31T11:48:06.475-0300] {dag.py:3820} INFO - Setting next_dagrun for example_dag_decorator to None, run_after=None
[2023-12-31T11:48:07.704-0300] {processor.py:183} INFO - Processing /home/felipe/.local/lib/python3.10/site-packages/airflow/example_dags/example_dag_decorator.py took 3.978 seconds
[2023-12-31T11:50:55.045-0300] {processor.py:161} INFO - Started process (PID=35700) to work on /home/felipe/.local/lib/python3.10/site-packages/airflow/example_dags/example_dag_decorator.py
[2023-12-31T11:50:55.055-0300] {processor.py:830} INFO - Processing file /home/felipe/.local/lib/python3.10/site-packages/airflow/example_dags/example_dag_decorator.py for tasks to queue
[2023-12-31T11:50:55.064-0300] {logging_mixin.py:188} INFO - [2023-12-31T11:50:55.056-0300] {dagbag.py:538} INFO - Filling up the DagBag from /home/felipe/.local/lib/python3.10/site-packages/airflow/example_dags/example_dag_decorator.py
[2023-12-31T11:50:55.915-0300] {processor.py:840} INFO - DAG(s) 'example_dag_decorator' retrieved from /home/felipe/.local/lib/python3.10/site-packages/airflow/example_dags/example_dag_decorator.py
[2023-12-31T11:50:57.574-0300] {logging_mixin.py:188} INFO - [2023-12-31T11:50:57.566-0300] {dag.py:3033} INFO - Sync 1 DAGs
[2023-12-31T11:50:57.664-0300] {logging_mixin.py:188} INFO - [2023-12-31T11:50:57.664-0300] {dag.py:3820} INFO - Setting next_dagrun for example_dag_decorator to None, run_after=None
[2023-12-31T11:50:57.885-0300] {processor.py:183} INFO - Processing /home/felipe/.local/lib/python3.10/site-packages/airflow/example_dags/example_dag_decorator.py took 2.860 seconds
[2023-12-31T11:55:41.054-0300] {processor.py:161} INFO - Started process (PID=35976) to work on /home/felipe/.local/lib/python3.10/site-packages/airflow/example_dags/example_dag_decorator.py
[2023-12-31T11:55:41.064-0300] {processor.py:830} INFO - Processing file /home/felipe/.local/lib/python3.10/site-packages/airflow/example_dags/example_dag_decorator.py for tasks to queue
[2023-12-31T11:55:41.066-0300] {logging_mixin.py:188} INFO - [2023-12-31T11:55:41.065-0300] {dagbag.py:538} INFO - Filling up the DagBag from /home/felipe/.local/lib/python3.10/site-packages/airflow/example_dags/example_dag_decorator.py
[2023-12-31T11:55:42.095-0300] {processor.py:840} INFO - DAG(s) 'example_dag_decorator' retrieved from /home/felipe/.local/lib/python3.10/site-packages/airflow/example_dags/example_dag_decorator.py
[2023-12-31T11:55:43.065-0300] {logging_mixin.py:188} INFO - [2023-12-31T11:55:43.064-0300] {dag.py:3033} INFO - Sync 1 DAGs
[2023-12-31T11:55:43.195-0300] {logging_mixin.py:188} INFO - [2023-12-31T11:55:43.195-0300] {dag.py:3820} INFO - Setting next_dagrun for example_dag_decorator to None, run_after=None
[2023-12-31T11:55:43.485-0300] {processor.py:183} INFO - Processing /home/felipe/.local/lib/python3.10/site-packages/airflow/example_dags/example_dag_decorator.py took 2.461 seconds
[2023-12-31T11:59:09.935-0300] {processor.py:161} INFO - Started process (PID=36180) to work on /home/felipe/.local/lib/python3.10/site-packages/airflow/example_dags/example_dag_decorator.py
[2023-12-31T11:59:09.944-0300] {processor.py:830} INFO - Processing file /home/felipe/.local/lib/python3.10/site-packages/airflow/example_dags/example_dag_decorator.py for tasks to queue
[2023-12-31T11:59:09.956-0300] {logging_mixin.py:188} INFO - [2023-12-31T11:59:09.945-0300] {dagbag.py:538} INFO - Filling up the DagBag from /home/felipe/.local/lib/python3.10/site-packages/airflow/example_dags/example_dag_decorator.py
[2023-12-31T11:59:10.895-0300] {processor.py:840} INFO - DAG(s) 'example_dag_decorator' retrieved from /home/felipe/.local/lib/python3.10/site-packages/airflow/example_dags/example_dag_decorator.py
[2023-12-31T11:59:11.934-0300] {logging_mixin.py:188} INFO - [2023-12-31T11:59:11.925-0300] {dag.py:3033} INFO - Sync 1 DAGs
[2023-12-31T11:59:12.045-0300] {logging_mixin.py:188} INFO - [2023-12-31T11:59:12.044-0300] {dag.py:3820} INFO - Setting next_dagrun for example_dag_decorator to None, run_after=None
[2023-12-31T11:59:12.414-0300] {processor.py:183} INFO - Processing /home/felipe/.local/lib/python3.10/site-packages/airflow/example_dags/example_dag_decorator.py took 2.500 seconds
[2023-12-31T12:02:53.135-0300] {processor.py:161} INFO - Started process (PID=36417) to work on /home/felipe/.local/lib/python3.10/site-packages/airflow/example_dags/example_dag_decorator.py
[2023-12-31T12:02:53.154-0300] {processor.py:830} INFO - Processing file /home/felipe/.local/lib/python3.10/site-packages/airflow/example_dags/example_dag_decorator.py for tasks to queue
[2023-12-31T12:02:53.164-0300] {logging_mixin.py:188} INFO - [2023-12-31T12:02:53.155-0300] {dagbag.py:538} INFO - Filling up the DagBag from /home/felipe/.local/lib/python3.10/site-packages/airflow/example_dags/example_dag_decorator.py
[2023-12-31T12:02:54.344-0300] {processor.py:840} INFO - DAG(s) 'example_dag_decorator' retrieved from /home/felipe/.local/lib/python3.10/site-packages/airflow/example_dags/example_dag_decorator.py
[2023-12-31T12:02:55.795-0300] {logging_mixin.py:188} INFO - [2023-12-31T12:02:55.785-0300] {dag.py:3033} INFO - Sync 1 DAGs
[2023-12-31T12:02:55.994-0300] {logging_mixin.py:188} INFO - [2023-12-31T12:02:55.994-0300] {dag.py:3820} INFO - Setting next_dagrun for example_dag_decorator to None, run_after=None
[2023-12-31T12:02:56.444-0300] {processor.py:183} INFO - Processing /home/felipe/.local/lib/python3.10/site-packages/airflow/example_dags/example_dag_decorator.py took 3.339 seconds
