[2023-12-31T09:37:46.169-0300] {processor.py:161} INFO - Started process (PID=32121) to work on /home/felipe/.local/lib/python3.10/site-packages/airflow/example_dags/example_dynamic_task_mapping_with_no_taskflow_operators.py
[2023-12-31T09:37:46.171-0300] {processor.py:830} INFO - Processing file /home/felipe/.local/lib/python3.10/site-packages/airflow/example_dags/example_dynamic_task_mapping_with_no_taskflow_operators.py for tasks to queue
[2023-12-31T09:37:46.179-0300] {logging_mixin.py:188} INFO - [2023-12-31T09:37:46.178-0300] {dagbag.py:538} INFO - Filling up the DagBag from /home/felipe/.local/lib/python3.10/site-packages/airflow/example_dags/example_dynamic_task_mapping_with_no_taskflow_operators.py
[2023-12-31T09:37:46.199-0300] {processor.py:840} INFO - DAG(s) 'example_dynamic_task_mapping_with_no_taskflow_operators' retrieved from /home/felipe/.local/lib/python3.10/site-packages/airflow/example_dags/example_dynamic_task_mapping_with_no_taskflow_operators.py
[2023-12-31T09:37:46.579-0300] {logging_mixin.py:188} INFO - [2023-12-31T09:37:46.578-0300] {dag.py:3033} INFO - Sync 1 DAGs
[2023-12-31T09:37:46.637-0300] {logging_mixin.py:188} INFO - [2023-12-31T09:37:46.637-0300] {dag.py:3820} INFO - Setting next_dagrun for example_dynamic_task_mapping_with_no_taskflow_operators to 2023-12-30T00:00:00+00:00, run_after=2023-12-31T00:00:00+00:00
[2023-12-31T09:37:46.760-0300] {processor.py:183} INFO - Processing /home/felipe/.local/lib/python3.10/site-packages/airflow/example_dags/example_dynamic_task_mapping_with_no_taskflow_operators.py took 0.601 seconds
[2023-12-31T09:54:26.408-0300] {processor.py:161} INFO - Started process (PID=32875) to work on /home/felipe/.local/lib/python3.10/site-packages/airflow/example_dags/example_dynamic_task_mapping_with_no_taskflow_operators.py
[2023-12-31T09:54:26.417-0300] {processor.py:830} INFO - Processing file /home/felipe/.local/lib/python3.10/site-packages/airflow/example_dags/example_dynamic_task_mapping_with_no_taskflow_operators.py for tasks to queue
[2023-12-31T09:54:26.427-0300] {logging_mixin.py:188} INFO - [2023-12-31T09:54:26.420-0300] {dagbag.py:538} INFO - Filling up the DagBag from /home/felipe/.local/lib/python3.10/site-packages/airflow/example_dags/example_dynamic_task_mapping_with_no_taskflow_operators.py
[2023-12-31T09:54:26.478-0300] {processor.py:840} INFO - DAG(s) 'example_dynamic_task_mapping_with_no_taskflow_operators' retrieved from /home/felipe/.local/lib/python3.10/site-packages/airflow/example_dags/example_dynamic_task_mapping_with_no_taskflow_operators.py
[2023-12-31T09:54:27.106-0300] {logging_mixin.py:188} INFO - [2023-12-31T09:54:27.099-0300] {dag.py:3033} INFO - Sync 1 DAGs
[2023-12-31T09:54:27.258-0300] {logging_mixin.py:188} INFO - [2023-12-31T09:54:27.257-0300] {dag.py:3820} INFO - Setting next_dagrun for example_dynamic_task_mapping_with_no_taskflow_operators to 2023-12-30T00:00:00+00:00, run_after=2023-12-31T00:00:00+00:00
[2023-12-31T09:54:27.459-0300] {processor.py:183} INFO - Processing /home/felipe/.local/lib/python3.10/site-packages/airflow/example_dags/example_dynamic_task_mapping_with_no_taskflow_operators.py took 1.062 seconds
[2023-12-31T09:59:37.258-0300] {processor.py:161} INFO - Started process (PID=33119) to work on /home/felipe/.local/lib/python3.10/site-packages/airflow/example_dags/example_dynamic_task_mapping_with_no_taskflow_operators.py
[2023-12-31T09:59:37.267-0300] {processor.py:830} INFO - Processing file /home/felipe/.local/lib/python3.10/site-packages/airflow/example_dags/example_dynamic_task_mapping_with_no_taskflow_operators.py for tasks to queue
[2023-12-31T09:59:37.277-0300] {logging_mixin.py:188} INFO - [2023-12-31T09:59:37.270-0300] {dagbag.py:538} INFO - Filling up the DagBag from /home/felipe/.local/lib/python3.10/site-packages/airflow/example_dags/example_dynamic_task_mapping_with_no_taskflow_operators.py
[2023-12-31T09:59:37.326-0300] {processor.py:840} INFO - DAG(s) 'example_dynamic_task_mapping_with_no_taskflow_operators' retrieved from /home/felipe/.local/lib/python3.10/site-packages/airflow/example_dags/example_dynamic_task_mapping_with_no_taskflow_operators.py
[2023-12-31T09:59:37.406-0300] {logging_mixin.py:188} INFO - [2023-12-31T09:59:37.399-0300] {dag.py:3033} INFO - Sync 1 DAGs
[2023-12-31T09:59:37.507-0300] {logging_mixin.py:188} INFO - [2023-12-31T09:59:37.507-0300] {dag.py:3820} INFO - Setting next_dagrun for example_dynamic_task_mapping_with_no_taskflow_operators to 2023-12-30T00:00:00+00:00, run_after=2023-12-31T00:00:00+00:00
[2023-12-31T09:59:37.710-0300] {processor.py:183} INFO - Processing /home/felipe/.local/lib/python3.10/site-packages/airflow/example_dags/example_dynamic_task_mapping_with_no_taskflow_operators.py took 0.463 seconds
[2023-12-31T10:02:12.687-0300] {processor.py:161} INFO - Started process (PID=33326) to work on /home/felipe/.local/lib/python3.10/site-packages/airflow/example_dags/example_dynamic_task_mapping_with_no_taskflow_operators.py
[2023-12-31T10:02:12.689-0300] {processor.py:830} INFO - Processing file /home/felipe/.local/lib/python3.10/site-packages/airflow/example_dags/example_dynamic_task_mapping_with_no_taskflow_operators.py for tasks to queue
[2023-12-31T10:02:12.696-0300] {logging_mixin.py:188} INFO - [2023-12-31T10:02:12.690-0300] {dagbag.py:538} INFO - Filling up the DagBag from /home/felipe/.local/lib/python3.10/site-packages/airflow/example_dags/example_dynamic_task_mapping_with_no_taskflow_operators.py
[2023-12-31T10:02:12.726-0300] {processor.py:840} INFO - DAG(s) 'example_dynamic_task_mapping_with_no_taskflow_operators' retrieved from /home/felipe/.local/lib/python3.10/site-packages/airflow/example_dags/example_dynamic_task_mapping_with_no_taskflow_operators.py
[2023-12-31T10:02:12.806-0300] {logging_mixin.py:188} INFO - [2023-12-31T10:02:12.800-0300] {dag.py:3033} INFO - Sync 1 DAGs
[2023-12-31T10:02:12.908-0300] {logging_mixin.py:188} INFO - [2023-12-31T10:02:12.908-0300] {dag.py:3820} INFO - Setting next_dagrun for example_dynamic_task_mapping_with_no_taskflow_operators to 2023-12-30T00:00:00+00:00, run_after=2023-12-31T00:00:00+00:00
[2023-12-31T10:02:13.027-0300] {processor.py:183} INFO - Processing /home/felipe/.local/lib/python3.10/site-packages/airflow/example_dags/example_dynamic_task_mapping_with_no_taskflow_operators.py took 0.359 seconds
[2023-12-31T10:04:28.499-0300] {processor.py:161} INFO - Started process (PID=33472) to work on /home/felipe/.local/lib/python3.10/site-packages/airflow/example_dags/example_dynamic_task_mapping_with_no_taskflow_operators.py
[2023-12-31T10:04:28.507-0300] {processor.py:830} INFO - Processing file /home/felipe/.local/lib/python3.10/site-packages/airflow/example_dags/example_dynamic_task_mapping_with_no_taskflow_operators.py for tasks to queue
[2023-12-31T10:04:28.509-0300] {logging_mixin.py:188} INFO - [2023-12-31T10:04:28.508-0300] {dagbag.py:538} INFO - Filling up the DagBag from /home/felipe/.local/lib/python3.10/site-packages/airflow/example_dags/example_dynamic_task_mapping_with_no_taskflow_operators.py
[2023-12-31T10:04:28.539-0300] {processor.py:840} INFO - DAG(s) 'example_dynamic_task_mapping_with_no_taskflow_operators' retrieved from /home/felipe/.local/lib/python3.10/site-packages/airflow/example_dags/example_dynamic_task_mapping_with_no_taskflow_operators.py
[2023-12-31T10:04:28.618-0300] {logging_mixin.py:188} INFO - [2023-12-31T10:04:28.618-0300] {dag.py:3033} INFO - Sync 1 DAGs
[2023-12-31T10:04:28.727-0300] {logging_mixin.py:188} INFO - [2023-12-31T10:04:28.727-0300] {dag.py:3820} INFO - Setting next_dagrun for example_dynamic_task_mapping_with_no_taskflow_operators to 2023-12-30T00:00:00+00:00, run_after=2023-12-31T00:00:00+00:00
[2023-12-31T10:04:28.848-0300] {processor.py:183} INFO - Processing /home/felipe/.local/lib/python3.10/site-packages/airflow/example_dags/example_dynamic_task_mapping_with_no_taskflow_operators.py took 0.360 seconds
[2023-12-31T10:06:50.748-0300] {processor.py:161} INFO - Started process (PID=33667) to work on /home/felipe/.local/lib/python3.10/site-packages/airflow/example_dags/example_dynamic_task_mapping_with_no_taskflow_operators.py
[2023-12-31T10:06:50.757-0300] {processor.py:830} INFO - Processing file /home/felipe/.local/lib/python3.10/site-packages/airflow/example_dags/example_dynamic_task_mapping_with_no_taskflow_operators.py for tasks to queue
[2023-12-31T10:06:50.758-0300] {logging_mixin.py:188} INFO - [2023-12-31T10:06:50.758-0300] {dagbag.py:538} INFO - Filling up the DagBag from /home/felipe/.local/lib/python3.10/site-packages/airflow/example_dags/example_dynamic_task_mapping_with_no_taskflow_operators.py
[2023-12-31T10:06:50.789-0300] {processor.py:840} INFO - DAG(s) 'example_dynamic_task_mapping_with_no_taskflow_operators' retrieved from /home/felipe/.local/lib/python3.10/site-packages/airflow/example_dags/example_dynamic_task_mapping_with_no_taskflow_operators.py
[2023-12-31T10:06:50.868-0300] {logging_mixin.py:188} INFO - [2023-12-31T10:06:50.867-0300] {dag.py:3033} INFO - Sync 1 DAGs
[2023-12-31T10:06:50.969-0300] {logging_mixin.py:188} INFO - [2023-12-31T10:06:50.968-0300] {dag.py:3820} INFO - Setting next_dagrun for example_dynamic_task_mapping_with_no_taskflow_operators to 2023-12-30T00:00:00+00:00, run_after=2023-12-31T00:00:00+00:00
[2023-12-31T10:06:51.099-0300] {processor.py:183} INFO - Processing /home/felipe/.local/lib/python3.10/site-packages/airflow/example_dags/example_dynamic_task_mapping_with_no_taskflow_operators.py took 0.362 seconds
[2023-12-31T11:28:21.094-0300] {processor.py:161} INFO - Started process (PID=33925) to work on /home/felipe/.local/lib/python3.10/site-packages/airflow/example_dags/example_dynamic_task_mapping_with_no_taskflow_operators.py
[2023-12-31T11:28:21.124-0300] {processor.py:830} INFO - Processing file /home/felipe/.local/lib/python3.10/site-packages/airflow/example_dags/example_dynamic_task_mapping_with_no_taskflow_operators.py for tasks to queue
[2023-12-31T11:28:21.127-0300] {logging_mixin.py:188} INFO - [2023-12-31T11:28:21.126-0300] {dagbag.py:538} INFO - Filling up the DagBag from /home/felipe/.local/lib/python3.10/site-packages/airflow/example_dags/example_dynamic_task_mapping_with_no_taskflow_operators.py
[2023-12-31T11:28:21.316-0300] {processor.py:840} INFO - DAG(s) 'example_dynamic_task_mapping_with_no_taskflow_operators' retrieved from /home/felipe/.local/lib/python3.10/site-packages/airflow/example_dags/example_dynamic_task_mapping_with_no_taskflow_operators.py
[2023-12-31T11:28:21.727-0300] {logging_mixin.py:188} INFO - [2023-12-31T11:28:21.726-0300] {dag.py:3033} INFO - Sync 1 DAGs
[2023-12-31T11:28:22.507-0300] {logging_mixin.py:188} INFO - [2023-12-31T11:28:22.506-0300] {dag.py:3820} INFO - Setting next_dagrun for example_dynamic_task_mapping_with_no_taskflow_operators to 2023-12-30T00:00:00+00:00, run_after=2023-12-31T00:00:00+00:00
[2023-12-31T11:28:23.247-0300] {processor.py:183} INFO - Processing /home/felipe/.local/lib/python3.10/site-packages/airflow/example_dags/example_dynamic_task_mapping_with_no_taskflow_operators.py took 2.252 seconds
[2023-12-31T11:31:58.634-0300] {processor.py:161} INFO - Started process (PID=34315) to work on /home/felipe/.local/lib/python3.10/site-packages/airflow/example_dags/example_dynamic_task_mapping_with_no_taskflow_operators.py
[2023-12-31T11:31:58.636-0300] {processor.py:830} INFO - Processing file /home/felipe/.local/lib/python3.10/site-packages/airflow/example_dags/example_dynamic_task_mapping_with_no_taskflow_operators.py for tasks to queue
[2023-12-31T11:31:58.645-0300] {logging_mixin.py:188} INFO - [2023-12-31T11:31:58.644-0300] {dagbag.py:538} INFO - Filling up the DagBag from /home/felipe/.local/lib/python3.10/site-packages/airflow/example_dags/example_dynamic_task_mapping_with_no_taskflow_operators.py
[2023-12-31T11:31:58.676-0300] {processor.py:840} INFO - DAG(s) 'example_dynamic_task_mapping_with_no_taskflow_operators' retrieved from /home/felipe/.local/lib/python3.10/site-packages/airflow/example_dags/example_dynamic_task_mapping_with_no_taskflow_operators.py
[2023-12-31T11:31:58.756-0300] {logging_mixin.py:188} INFO - [2023-12-31T11:31:58.756-0300] {dag.py:3033} INFO - Sync 1 DAGs
[2023-12-31T11:31:58.886-0300] {logging_mixin.py:188} INFO - [2023-12-31T11:31:58.886-0300] {dag.py:3820} INFO - Setting next_dagrun for example_dynamic_task_mapping_with_no_taskflow_operators to 2023-12-30T00:00:00+00:00, run_after=2023-12-31T00:00:00+00:00
[2023-12-31T11:31:59.067-0300] {processor.py:183} INFO - Processing /home/felipe/.local/lib/python3.10/site-packages/airflow/example_dags/example_dynamic_task_mapping_with_no_taskflow_operators.py took 0.450 seconds
[2023-12-31T11:34:52.076-0300] {processor.py:161} INFO - Started process (PID=34506) to work on /home/felipe/.local/lib/python3.10/site-packages/airflow/example_dags/example_dynamic_task_mapping_with_no_taskflow_operators.py
[2023-12-31T11:34:52.084-0300] {processor.py:830} INFO - Processing file /home/felipe/.local/lib/python3.10/site-packages/airflow/example_dags/example_dynamic_task_mapping_with_no_taskflow_operators.py for tasks to queue
[2023-12-31T11:34:52.086-0300] {logging_mixin.py:188} INFO - [2023-12-31T11:34:52.085-0300] {dagbag.py:538} INFO - Filling up the DagBag from /home/felipe/.local/lib/python3.10/site-packages/airflow/example_dags/example_dynamic_task_mapping_with_no_taskflow_operators.py
[2023-12-31T11:34:52.125-0300] {processor.py:840} INFO - DAG(s) 'example_dynamic_task_mapping_with_no_taskflow_operators' retrieved from /home/felipe/.local/lib/python3.10/site-packages/airflow/example_dags/example_dynamic_task_mapping_with_no_taskflow_operators.py
[2023-12-31T11:34:52.205-0300] {logging_mixin.py:188} INFO - [2023-12-31T11:34:52.205-0300] {dag.py:3033} INFO - Sync 1 DAGs
[2023-12-31T11:34:52.354-0300] {logging_mixin.py:188} INFO - [2023-12-31T11:34:52.354-0300] {dag.py:3820} INFO - Setting next_dagrun for example_dynamic_task_mapping_with_no_taskflow_operators to 2023-12-30T00:00:00+00:00, run_after=2023-12-31T00:00:00+00:00
[2023-12-31T11:34:52.505-0300] {processor.py:183} INFO - Processing /home/felipe/.local/lib/python3.10/site-packages/airflow/example_dags/example_dynamic_task_mapping_with_no_taskflow_operators.py took 0.440 seconds
[2023-12-31T11:37:37.516-0300] {processor.py:161} INFO - Started process (PID=34717) to work on /home/felipe/.local/lib/python3.10/site-packages/airflow/example_dags/example_dynamic_task_mapping_with_no_taskflow_operators.py
[2023-12-31T11:37:37.534-0300] {processor.py:830} INFO - Processing file /home/felipe/.local/lib/python3.10/site-packages/airflow/example_dags/example_dynamic_task_mapping_with_no_taskflow_operators.py for tasks to queue
[2023-12-31T11:37:37.535-0300] {logging_mixin.py:188} INFO - [2023-12-31T11:37:37.535-0300] {dagbag.py:538} INFO - Filling up the DagBag from /home/felipe/.local/lib/python3.10/site-packages/airflow/example_dags/example_dynamic_task_mapping_with_no_taskflow_operators.py
[2023-12-31T11:37:37.574-0300] {processor.py:840} INFO - DAG(s) 'example_dynamic_task_mapping_with_no_taskflow_operators' retrieved from /home/felipe/.local/lib/python3.10/site-packages/airflow/example_dags/example_dynamic_task_mapping_with_no_taskflow_operators.py
[2023-12-31T11:37:37.656-0300] {logging_mixin.py:188} INFO - [2023-12-31T11:37:37.655-0300] {dag.py:3033} INFO - Sync 1 DAGs
[2023-12-31T11:37:37.776-0300] {logging_mixin.py:188} INFO - [2023-12-31T11:37:37.775-0300] {dag.py:3820} INFO - Setting next_dagrun for example_dynamic_task_mapping_with_no_taskflow_operators to 2023-12-30T00:00:00+00:00, run_after=2023-12-31T00:00:00+00:00
[2023-12-31T11:37:37.956-0300] {processor.py:183} INFO - Processing /home/felipe/.local/lib/python3.10/site-packages/airflow/example_dags/example_dynamic_task_mapping_with_no_taskflow_operators.py took 0.461 seconds
[2023-12-31T11:40:23.284-0300] {processor.py:161} INFO - Started process (PID=34922) to work on /home/felipe/.local/lib/python3.10/site-packages/airflow/example_dags/example_dynamic_task_mapping_with_no_taskflow_operators.py
[2023-12-31T11:40:23.294-0300] {processor.py:830} INFO - Processing file /home/felipe/.local/lib/python3.10/site-packages/airflow/example_dags/example_dynamic_task_mapping_with_no_taskflow_operators.py for tasks to queue
[2023-12-31T11:40:23.296-0300] {logging_mixin.py:188} INFO - [2023-12-31T11:40:23.295-0300] {dagbag.py:538} INFO - Filling up the DagBag from /home/felipe/.local/lib/python3.10/site-packages/airflow/example_dags/example_dynamic_task_mapping_with_no_taskflow_operators.py
[2023-12-31T11:40:23.336-0300] {processor.py:840} INFO - DAG(s) 'example_dynamic_task_mapping_with_no_taskflow_operators' retrieved from /home/felipe/.local/lib/python3.10/site-packages/airflow/example_dags/example_dynamic_task_mapping_with_no_taskflow_operators.py
[2023-12-31T11:40:23.475-0300] {logging_mixin.py:188} INFO - [2023-12-31T11:40:23.474-0300] {dag.py:3033} INFO - Sync 1 DAGs
[2023-12-31T11:40:23.685-0300] {logging_mixin.py:188} INFO - [2023-12-31T11:40:23.685-0300] {dag.py:3820} INFO - Setting next_dagrun for example_dynamic_task_mapping_with_no_taskflow_operators to 2023-12-30T00:00:00+00:00, run_after=2023-12-31T00:00:00+00:00
[2023-12-31T11:40:23.894-0300] {processor.py:183} INFO - Processing /home/felipe/.local/lib/python3.10/site-packages/airflow/example_dags/example_dynamic_task_mapping_with_no_taskflow_operators.py took 0.638 seconds
[2023-12-31T11:43:28.884-0300] {processor.py:161} INFO - Started process (PID=35135) to work on /home/felipe/.local/lib/python3.10/site-packages/airflow/example_dags/example_dynamic_task_mapping_with_no_taskflow_operators.py
[2023-12-31T11:43:28.894-0300] {processor.py:830} INFO - Processing file /home/felipe/.local/lib/python3.10/site-packages/airflow/example_dags/example_dynamic_task_mapping_with_no_taskflow_operators.py for tasks to queue
[2023-12-31T11:43:28.905-0300] {logging_mixin.py:188} INFO - [2023-12-31T11:43:28.904-0300] {dagbag.py:538} INFO - Filling up the DagBag from /home/felipe/.local/lib/python3.10/site-packages/airflow/example_dags/example_dynamic_task_mapping_with_no_taskflow_operators.py
[2023-12-31T11:43:28.975-0300] {processor.py:840} INFO - DAG(s) 'example_dynamic_task_mapping_with_no_taskflow_operators' retrieved from /home/felipe/.local/lib/python3.10/site-packages/airflow/example_dags/example_dynamic_task_mapping_with_no_taskflow_operators.py
[2023-12-31T11:43:29.136-0300] {logging_mixin.py:188} INFO - [2023-12-31T11:43:29.135-0300] {dag.py:3033} INFO - Sync 1 DAGs
[2023-12-31T11:43:29.465-0300] {logging_mixin.py:188} INFO - [2023-12-31T11:43:29.464-0300] {dag.py:3820} INFO - Setting next_dagrun for example_dynamic_task_mapping_with_no_taskflow_operators to 2023-12-30T00:00:00+00:00, run_after=2023-12-31T00:00:00+00:00
[2023-12-31T11:43:29.756-0300] {processor.py:183} INFO - Processing /home/felipe/.local/lib/python3.10/site-packages/airflow/example_dags/example_dynamic_task_mapping_with_no_taskflow_operators.py took 0.901 seconds
[2023-12-31T11:46:48.524-0300] {processor.py:161} INFO - Started process (PID=35387) to work on /home/felipe/.local/lib/python3.10/site-packages/airflow/example_dags/example_dynamic_task_mapping_with_no_taskflow_operators.py
[2023-12-31T11:46:48.535-0300] {processor.py:830} INFO - Processing file /home/felipe/.local/lib/python3.10/site-packages/airflow/example_dags/example_dynamic_task_mapping_with_no_taskflow_operators.py for tasks to queue
[2023-12-31T11:46:48.545-0300] {logging_mixin.py:188} INFO - [2023-12-31T11:46:48.544-0300] {dagbag.py:538} INFO - Filling up the DagBag from /home/felipe/.local/lib/python3.10/site-packages/airflow/example_dags/example_dynamic_task_mapping_with_no_taskflow_operators.py
[2023-12-31T11:46:48.596-0300] {processor.py:840} INFO - DAG(s) 'example_dynamic_task_mapping_with_no_taskflow_operators' retrieved from /home/felipe/.local/lib/python3.10/site-packages/airflow/example_dags/example_dynamic_task_mapping_with_no_taskflow_operators.py
[2023-12-31T11:46:48.715-0300] {logging_mixin.py:188} INFO - [2023-12-31T11:46:48.714-0300] {dag.py:3033} INFO - Sync 1 DAGs
[2023-12-31T11:46:48.904-0300] {logging_mixin.py:188} INFO - [2023-12-31T11:46:48.896-0300] {dag.py:3820} INFO - Setting next_dagrun for example_dynamic_task_mapping_with_no_taskflow_operators to 2023-12-30T00:00:00+00:00, run_after=2023-12-31T00:00:00+00:00
[2023-12-31T11:46:49.114-0300] {processor.py:183} INFO - Processing /home/felipe/.local/lib/python3.10/site-packages/airflow/example_dags/example_dynamic_task_mapping_with_no_taskflow_operators.py took 0.619 seconds
[2023-12-31T11:50:52.824-0300] {processor.py:161} INFO - Started process (PID=35699) to work on /home/felipe/.local/lib/python3.10/site-packages/airflow/example_dags/example_dynamic_task_mapping_with_no_taskflow_operators.py
[2023-12-31T11:50:52.834-0300] {processor.py:830} INFO - Processing file /home/felipe/.local/lib/python3.10/site-packages/airflow/example_dags/example_dynamic_task_mapping_with_no_taskflow_operators.py for tasks to queue
[2023-12-31T11:50:52.835-0300] {logging_mixin.py:188} INFO - [2023-12-31T11:50:52.835-0300] {dagbag.py:538} INFO - Filling up the DagBag from /home/felipe/.local/lib/python3.10/site-packages/airflow/example_dags/example_dynamic_task_mapping_with_no_taskflow_operators.py
[2023-12-31T11:50:52.885-0300] {processor.py:840} INFO - DAG(s) 'example_dynamic_task_mapping_with_no_taskflow_operators' retrieved from /home/felipe/.local/lib/python3.10/site-packages/airflow/example_dags/example_dynamic_task_mapping_with_no_taskflow_operators.py
[2023-12-31T11:50:53.014-0300] {logging_mixin.py:188} INFO - [2023-12-31T11:50:53.006-0300] {dag.py:3033} INFO - Sync 1 DAGs
[2023-12-31T11:50:53.264-0300] {logging_mixin.py:188} INFO - [2023-12-31T11:50:53.256-0300] {dag.py:3820} INFO - Setting next_dagrun for example_dynamic_task_mapping_with_no_taskflow_operators to 2023-12-30T00:00:00+00:00, run_after=2023-12-31T00:00:00+00:00
[2023-12-31T11:50:53.536-0300] {processor.py:183} INFO - Processing /home/felipe/.local/lib/python3.10/site-packages/airflow/example_dags/example_dynamic_task_mapping_with_no_taskflow_operators.py took 0.742 seconds
[2023-12-31T11:55:38.845-0300] {processor.py:161} INFO - Started process (PID=35973) to work on /home/felipe/.local/lib/python3.10/site-packages/airflow/example_dags/example_dynamic_task_mapping_with_no_taskflow_operators.py
[2023-12-31T11:55:38.854-0300] {processor.py:830} INFO - Processing file /home/felipe/.local/lib/python3.10/site-packages/airflow/example_dags/example_dynamic_task_mapping_with_no_taskflow_operators.py for tasks to queue
[2023-12-31T11:55:38.864-0300] {logging_mixin.py:188} INFO - [2023-12-31T11:55:38.855-0300] {dagbag.py:538} INFO - Filling up the DagBag from /home/felipe/.local/lib/python3.10/site-packages/airflow/example_dags/example_dynamic_task_mapping_with_no_taskflow_operators.py
[2023-12-31T11:55:38.944-0300] {processor.py:840} INFO - DAG(s) 'example_dynamic_task_mapping_with_no_taskflow_operators' retrieved from /home/felipe/.local/lib/python3.10/site-packages/airflow/example_dags/example_dynamic_task_mapping_with_no_taskflow_operators.py
[2023-12-31T11:55:39.074-0300] {logging_mixin.py:188} INFO - [2023-12-31T11:55:39.065-0300] {dag.py:3033} INFO - Sync 1 DAGs
[2023-12-31T11:55:39.264-0300] {logging_mixin.py:188} INFO - [2023-12-31T11:55:39.256-0300] {dag.py:3820} INFO - Setting next_dagrun for example_dynamic_task_mapping_with_no_taskflow_operators to 2023-12-30T00:00:00+00:00, run_after=2023-12-31T00:00:00+00:00
[2023-12-31T11:55:39.525-0300] {processor.py:183} INFO - Processing /home/felipe/.local/lib/python3.10/site-packages/airflow/example_dags/example_dynamic_task_mapping_with_no_taskflow_operators.py took 0.701 seconds
[2023-12-31T11:59:08.134-0300] {processor.py:161} INFO - Started process (PID=36179) to work on /home/felipe/.local/lib/python3.10/site-packages/airflow/example_dags/example_dynamic_task_mapping_with_no_taskflow_operators.py
[2023-12-31T11:59:08.154-0300] {processor.py:830} INFO - Processing file /home/felipe/.local/lib/python3.10/site-packages/airflow/example_dags/example_dynamic_task_mapping_with_no_taskflow_operators.py for tasks to queue
[2023-12-31T11:59:08.164-0300] {logging_mixin.py:188} INFO - [2023-12-31T11:59:08.155-0300] {dagbag.py:538} INFO - Filling up the DagBag from /home/felipe/.local/lib/python3.10/site-packages/airflow/example_dags/example_dynamic_task_mapping_with_no_taskflow_operators.py
[2023-12-31T11:59:08.234-0300] {processor.py:840} INFO - DAG(s) 'example_dynamic_task_mapping_with_no_taskflow_operators' retrieved from /home/felipe/.local/lib/python3.10/site-packages/airflow/example_dags/example_dynamic_task_mapping_with_no_taskflow_operators.py
[2023-12-31T11:59:08.404-0300] {logging_mixin.py:188} INFO - [2023-12-31T11:59:08.385-0300] {dag.py:3033} INFO - Sync 1 DAGs
[2023-12-31T11:59:08.715-0300] {logging_mixin.py:188} INFO - [2023-12-31T11:59:08.714-0300] {dag.py:3820} INFO - Setting next_dagrun for example_dynamic_task_mapping_with_no_taskflow_operators to 2023-12-30T00:00:00+00:00, run_after=2023-12-31T00:00:00+00:00
[2023-12-31T11:59:09.124-0300] {processor.py:183} INFO - Processing /home/felipe/.local/lib/python3.10/site-packages/airflow/example_dags/example_dynamic_task_mapping_with_no_taskflow_operators.py took 1.010 seconds
[2023-12-31T12:02:50.914-0300] {processor.py:161} INFO - Started process (PID=36416) to work on /home/felipe/.local/lib/python3.10/site-packages/airflow/example_dags/example_dynamic_task_mapping_with_no_taskflow_operators.py
[2023-12-31T12:02:50.924-0300] {processor.py:830} INFO - Processing file /home/felipe/.local/lib/python3.10/site-packages/airflow/example_dags/example_dynamic_task_mapping_with_no_taskflow_operators.py for tasks to queue
[2023-12-31T12:02:50.934-0300] {logging_mixin.py:188} INFO - [2023-12-31T12:02:50.925-0300] {dagbag.py:538} INFO - Filling up the DagBag from /home/felipe/.local/lib/python3.10/site-packages/airflow/example_dags/example_dynamic_task_mapping_with_no_taskflow_operators.py
[2023-12-31T12:02:51.005-0300] {processor.py:840} INFO - DAG(s) 'example_dynamic_task_mapping_with_no_taskflow_operators' retrieved from /home/felipe/.local/lib/python3.10/site-packages/airflow/example_dags/example_dynamic_task_mapping_with_no_taskflow_operators.py
[2023-12-31T12:02:51.145-0300] {logging_mixin.py:188} INFO - [2023-12-31T12:02:51.145-0300] {dag.py:3033} INFO - Sync 1 DAGs
[2023-12-31T12:02:51.425-0300] {logging_mixin.py:188} INFO - [2023-12-31T12:02:51.425-0300] {dag.py:3820} INFO - Setting next_dagrun for example_dynamic_task_mapping_with_no_taskflow_operators to 2023-12-30T00:00:00+00:00, run_after=2023-12-31T00:00:00+00:00
[2023-12-31T12:02:51.725-0300] {processor.py:183} INFO - Processing /home/felipe/.local/lib/python3.10/site-packages/airflow/example_dags/example_dynamic_task_mapping_with_no_taskflow_operators.py took 0.840 seconds
