[2023-12-31T09:37:37.779-0300] {processor.py:161} INFO - Started process (PID=32116) to work on /home/felipe/.local/lib/python3.10/site-packages/airflow/example_dags/example_datasets.py
[2023-12-31T09:37:37.780-0300] {processor.py:830} INFO - Processing file /home/felipe/.local/lib/python3.10/site-packages/airflow/example_dags/example_datasets.py for tasks to queue
[2023-12-31T09:37:37.781-0300] {logging_mixin.py:188} INFO - [2023-12-31T09:37:37.780-0300] {dagbag.py:538} INFO - Filling up the DagBag from /home/felipe/.local/lib/python3.10/site-packages/airflow/example_dags/example_datasets.py
[2023-12-31T09:37:37.810-0300] {processor.py:840} INFO - DAG(s) 'dataset_consumes_1_never_scheduled', 'dataset_produces_1', 'dataset_consumes_1_and_2', 'dataset_consumes_1', 'dataset_produces_2', 'dataset_consumes_unknown_never_scheduled' retrieved from /home/felipe/.local/lib/python3.10/site-packages/airflow/example_dags/example_datasets.py
[2023-12-31T09:37:38.407-0300] {logging_mixin.py:188} INFO - [2023-12-31T09:37:38.406-0300] {dag.py:3033} INFO - Sync 6 DAGs
[2023-12-31T09:37:38.497-0300] {logging_mixin.py:188} INFO - [2023-12-31T09:37:38.497-0300] {dag.py:3820} INFO - Setting next_dagrun for dataset_consumes_1 to None, run_after=None
[2023-12-31T09:37:38.509-0300] {logging_mixin.py:188} INFO - [2023-12-31T09:37:38.509-0300] {dag.py:3820} INFO - Setting next_dagrun for dataset_consumes_1_and_2 to None, run_after=None
[2023-12-31T09:37:38.517-0300] {logging_mixin.py:188} INFO - [2023-12-31T09:37:38.517-0300] {dag.py:3820} INFO - Setting next_dagrun for dataset_consumes_1_never_scheduled to None, run_after=None
[2023-12-31T09:37:38.519-0300] {logging_mixin.py:188} INFO - [2023-12-31T09:37:38.519-0300] {dag.py:3820} INFO - Setting next_dagrun for dataset_consumes_unknown_never_scheduled to None, run_after=None
[2023-12-31T09:37:38.530-0300] {logging_mixin.py:188} INFO - [2023-12-31T09:37:38.529-0300] {dag.py:3820} INFO - Setting next_dagrun for dataset_produces_1 to 2023-12-30T00:00:00+00:00, run_after=2023-12-31T00:00:00+00:00
[2023-12-31T09:37:38.537-0300] {logging_mixin.py:188} INFO - [2023-12-31T09:37:38.537-0300] {dag.py:3820} INFO - Setting next_dagrun for dataset_produces_2 to None, run_after=None
[2023-12-31T09:37:38.697-0300] {processor.py:183} INFO - Processing /home/felipe/.local/lib/python3.10/site-packages/airflow/example_dags/example_datasets.py took 0.928 seconds
[2023-12-31T09:39:39.020-0300] {processor.py:161} INFO - Started process (PID=32238) to work on /home/felipe/.local/lib/python3.10/site-packages/airflow/example_dags/example_datasets.py
[2023-12-31T09:39:39.037-0300] {processor.py:830} INFO - Processing file /home/felipe/.local/lib/python3.10/site-packages/airflow/example_dags/example_datasets.py for tasks to queue
[2023-12-31T09:39:39.040-0300] {logging_mixin.py:188} INFO - [2023-12-31T09:39:39.039-0300] {dagbag.py:538} INFO - Filling up the DagBag from /home/felipe/.local/lib/python3.10/site-packages/airflow/example_dags/example_datasets.py
[2023-12-31T09:39:39.090-0300] {processor.py:840} INFO - DAG(s) 'dataset_produces_2', 'dataset_consumes_1_and_2', 'dataset_consumes_1', 'dataset_consumes_unknown_never_scheduled', 'dataset_produces_1', 'dataset_consumes_1_never_scheduled' retrieved from /home/felipe/.local/lib/python3.10/site-packages/airflow/example_dags/example_datasets.py
[2023-12-31T09:39:39.339-0300] {logging_mixin.py:188} INFO - [2023-12-31T09:39:39.338-0300] {dag.py:3033} INFO - Sync 6 DAGs
[2023-12-31T09:39:39.577-0300] {logging_mixin.py:188} INFO - [2023-12-31T09:39:39.577-0300] {dag.py:3820} INFO - Setting next_dagrun for dataset_consumes_1 to None, run_after=None
[2023-12-31T09:39:39.608-0300] {logging_mixin.py:188} INFO - [2023-12-31T09:39:39.607-0300] {dag.py:3820} INFO - Setting next_dagrun for dataset_consumes_1_and_2 to None, run_after=None
[2023-12-31T09:39:39.618-0300] {logging_mixin.py:188} INFO - [2023-12-31T09:39:39.618-0300] {dag.py:3820} INFO - Setting next_dagrun for dataset_consumes_1_never_scheduled to None, run_after=None
[2023-12-31T09:39:39.628-0300] {logging_mixin.py:188} INFO - [2023-12-31T09:39:39.628-0300] {dag.py:3820} INFO - Setting next_dagrun for dataset_consumes_unknown_never_scheduled to None, run_after=None
[2023-12-31T09:39:39.649-0300] {logging_mixin.py:188} INFO - [2023-12-31T09:39:39.648-0300] {dag.py:3820} INFO - Setting next_dagrun for dataset_produces_1 to 2023-12-30T00:00:00+00:00, run_after=2023-12-31T00:00:00+00:00
[2023-12-31T09:39:39.669-0300] {logging_mixin.py:188} INFO - [2023-12-31T09:39:39.668-0300] {dag.py:3820} INFO - Setting next_dagrun for dataset_produces_2 to None, run_after=None
[2023-12-31T09:39:40.037-0300] {processor.py:183} INFO - Processing /home/felipe/.local/lib/python3.10/site-packages/airflow/example_dags/example_datasets.py took 1.040 seconds
[2023-12-31T09:54:08.698-0300] {processor.py:161} INFO - Started process (PID=32864) to work on /home/felipe/.local/lib/python3.10/site-packages/airflow/example_dags/example_datasets.py
[2023-12-31T09:54:08.709-0300] {processor.py:830} INFO - Processing file /home/felipe/.local/lib/python3.10/site-packages/airflow/example_dags/example_datasets.py for tasks to queue
[2023-12-31T09:54:08.719-0300] {logging_mixin.py:188} INFO - [2023-12-31T09:54:08.717-0300] {dagbag.py:538} INFO - Filling up the DagBag from /home/felipe/.local/lib/python3.10/site-packages/airflow/example_dags/example_datasets.py
[2023-12-31T09:54:08.817-0300] {processor.py:840} INFO - DAG(s) 'dataset_consumes_1_never_scheduled', 'dataset_produces_2', 'dataset_produces_1', 'dataset_consumes_1', 'dataset_consumes_1_and_2', 'dataset_consumes_unknown_never_scheduled' retrieved from /home/felipe/.local/lib/python3.10/site-packages/airflow/example_dags/example_datasets.py
[2023-12-31T09:54:11.429-0300] {logging_mixin.py:188} INFO - [2023-12-31T09:54:11.427-0300] {dag.py:3033} INFO - Sync 6 DAGs
[2023-12-31T09:54:11.978-0300] {logging_mixin.py:188} INFO - [2023-12-31T09:54:11.977-0300] {dag.py:3820} INFO - Setting next_dagrun for dataset_consumes_1 to None, run_after=None
[2023-12-31T09:54:12.037-0300] {logging_mixin.py:188} INFO - [2023-12-31T09:54:12.029-0300] {dag.py:3820} INFO - Setting next_dagrun for dataset_consumes_1_and_2 to None, run_after=None
[2023-12-31T09:54:12.059-0300] {logging_mixin.py:188} INFO - [2023-12-31T09:54:12.057-0300] {dag.py:3820} INFO - Setting next_dagrun for dataset_consumes_1_never_scheduled to None, run_after=None
[2023-12-31T09:54:12.078-0300] {logging_mixin.py:188} INFO - [2023-12-31T09:54:12.077-0300] {dag.py:3820} INFO - Setting next_dagrun for dataset_consumes_unknown_never_scheduled to None, run_after=None
[2023-12-31T09:54:12.109-0300] {logging_mixin.py:188} INFO - [2023-12-31T09:54:12.108-0300] {dag.py:3820} INFO - Setting next_dagrun for dataset_produces_1 to 2023-12-30T00:00:00+00:00, run_after=2023-12-31T00:00:00+00:00
[2023-12-31T09:54:12.120-0300] {logging_mixin.py:188} INFO - [2023-12-31T09:54:12.119-0300] {dag.py:3820} INFO - Setting next_dagrun for dataset_produces_2 to None, run_after=None
[2023-12-31T09:54:12.558-0300] {processor.py:183} INFO - Processing /home/felipe/.local/lib/python3.10/site-packages/airflow/example_dags/example_datasets.py took 3.881 seconds
[2023-12-31T09:59:21.170-0300] {processor.py:161} INFO - Started process (PID=33101) to work on /home/felipe/.local/lib/python3.10/site-packages/airflow/example_dags/example_datasets.py
[2023-12-31T09:59:21.199-0300] {processor.py:830} INFO - Processing file /home/felipe/.local/lib/python3.10/site-packages/airflow/example_dags/example_datasets.py for tasks to queue
[2023-12-31T09:59:21.227-0300] {logging_mixin.py:188} INFO - [2023-12-31T09:59:21.217-0300] {dagbag.py:538} INFO - Filling up the DagBag from /home/felipe/.local/lib/python3.10/site-packages/airflow/example_dags/example_datasets.py
[2023-12-31T09:59:21.598-0300] {processor.py:840} INFO - DAG(s) 'dataset_produces_1', 'dataset_consumes_1_never_scheduled', 'dataset_produces_2', 'dataset_consumes_1', 'dataset_consumes_1_and_2', 'dataset_consumes_unknown_never_scheduled' retrieved from /home/felipe/.local/lib/python3.10/site-packages/airflow/example_dags/example_datasets.py
[2023-12-31T09:59:23.119-0300] {logging_mixin.py:188} INFO - [2023-12-31T09:59:23.117-0300] {dag.py:3033} INFO - Sync 6 DAGs
[2023-12-31T09:59:25.390-0300] {logging_mixin.py:188} INFO - [2023-12-31T09:59:25.369-0300] {dag.py:3820} INFO - Setting next_dagrun for dataset_consumes_1 to None, run_after=None
[2023-12-31T09:59:25.749-0300] {logging_mixin.py:188} INFO - [2023-12-31T09:59:25.738-0300] {dag.py:3820} INFO - Setting next_dagrun for dataset_consumes_1_and_2 to None, run_after=None
[2023-12-31T09:59:26.050-0300] {logging_mixin.py:188} INFO - [2023-12-31T09:59:26.038-0300] {dag.py:3820} INFO - Setting next_dagrun for dataset_consumes_1_never_scheduled to None, run_after=None
[2023-12-31T09:59:26.149-0300] {logging_mixin.py:188} INFO - [2023-12-31T09:59:26.147-0300] {dag.py:3820} INFO - Setting next_dagrun for dataset_consumes_unknown_never_scheduled to None, run_after=None
[2023-12-31T09:59:26.307-0300] {logging_mixin.py:188} INFO - [2023-12-31T09:59:26.289-0300] {dag.py:3820} INFO - Setting next_dagrun for dataset_produces_1 to 2023-12-30T00:00:00+00:00, run_after=2023-12-31T00:00:00+00:00
[2023-12-31T09:59:26.358-0300] {logging_mixin.py:188} INFO - [2023-12-31T09:59:26.340-0300] {dag.py:3820} INFO - Setting next_dagrun for dataset_produces_2 to None, run_after=None
[2023-12-31T09:59:27.648-0300] {processor.py:183} INFO - Processing /home/felipe/.local/lib/python3.10/site-packages/airflow/example_dags/example_datasets.py took 6.558 seconds
[2023-12-31T10:02:05.917-0300] {processor.py:161} INFO - Started process (PID=33321) to work on /home/felipe/.local/lib/python3.10/site-packages/airflow/example_dags/example_datasets.py
[2023-12-31T10:02:05.919-0300] {processor.py:830} INFO - Processing file /home/felipe/.local/lib/python3.10/site-packages/airflow/example_dags/example_datasets.py for tasks to queue
[2023-12-31T10:02:05.927-0300] {logging_mixin.py:188} INFO - [2023-12-31T10:02:05.926-0300] {dagbag.py:538} INFO - Filling up the DagBag from /home/felipe/.local/lib/python3.10/site-packages/airflow/example_dags/example_datasets.py
[2023-12-31T10:02:05.968-0300] {processor.py:840} INFO - DAG(s) 'dataset_produces_2', 'dataset_consumes_unknown_never_scheduled', 'dataset_consumes_1_never_scheduled', 'dataset_consumes_1', 'dataset_consumes_1_and_2', 'dataset_produces_1' retrieved from /home/felipe/.local/lib/python3.10/site-packages/airflow/example_dags/example_datasets.py
[2023-12-31T10:02:06.119-0300] {logging_mixin.py:188} INFO - [2023-12-31T10:02:06.119-0300] {dag.py:3033} INFO - Sync 6 DAGs
[2023-12-31T10:02:06.227-0300] {logging_mixin.py:188} INFO - [2023-12-31T10:02:06.227-0300] {dag.py:3820} INFO - Setting next_dagrun for dataset_consumes_1 to None, run_after=None
[2023-12-31T10:02:06.247-0300] {logging_mixin.py:188} INFO - [2023-12-31T10:02:06.247-0300] {dag.py:3820} INFO - Setting next_dagrun for dataset_consumes_1_and_2 to None, run_after=None
[2023-12-31T10:02:06.249-0300] {logging_mixin.py:188} INFO - [2023-12-31T10:02:06.249-0300] {dag.py:3820} INFO - Setting next_dagrun for dataset_consumes_1_never_scheduled to None, run_after=None
[2023-12-31T10:02:06.257-0300] {logging_mixin.py:188} INFO - [2023-12-31T10:02:06.257-0300] {dag.py:3820} INFO - Setting next_dagrun for dataset_consumes_unknown_never_scheduled to None, run_after=None
[2023-12-31T10:02:06.268-0300] {logging_mixin.py:188} INFO - [2023-12-31T10:02:06.268-0300] {dag.py:3820} INFO - Setting next_dagrun for dataset_produces_1 to 2023-12-30T00:00:00+00:00, run_after=2023-12-31T00:00:00+00:00
[2023-12-31T10:02:06.277-0300] {logging_mixin.py:188} INFO - [2023-12-31T10:02:06.277-0300] {dag.py:3820} INFO - Setting next_dagrun for dataset_produces_2 to None, run_after=None
[2023-12-31T10:02:06.478-0300] {processor.py:183} INFO - Processing /home/felipe/.local/lib/python3.10/site-packages/airflow/example_dags/example_datasets.py took 0.572 seconds
[2023-12-31T10:04:20.869-0300] {processor.py:161} INFO - Started process (PID=33461) to work on /home/felipe/.local/lib/python3.10/site-packages/airflow/example_dags/example_datasets.py
[2023-12-31T10:04:20.877-0300] {processor.py:830} INFO - Processing file /home/felipe/.local/lib/python3.10/site-packages/airflow/example_dags/example_datasets.py for tasks to queue
[2023-12-31T10:04:20.878-0300] {logging_mixin.py:188} INFO - [2023-12-31T10:04:20.878-0300] {dagbag.py:538} INFO - Filling up the DagBag from /home/felipe/.local/lib/python3.10/site-packages/airflow/example_dags/example_datasets.py
[2023-12-31T10:04:20.927-0300] {processor.py:840} INFO - DAG(s) 'dataset_consumes_unknown_never_scheduled', 'dataset_consumes_1_never_scheduled', 'dataset_consumes_1_and_2', 'dataset_produces_2', 'dataset_consumes_1', 'dataset_produces_1' retrieved from /home/felipe/.local/lib/python3.10/site-packages/airflow/example_dags/example_datasets.py
[2023-12-31T10:04:21.087-0300] {logging_mixin.py:188} INFO - [2023-12-31T10:04:21.087-0300] {dag.py:3033} INFO - Sync 6 DAGs
[2023-12-31T10:04:21.206-0300] {logging_mixin.py:188} INFO - [2023-12-31T10:04:21.199-0300] {dag.py:3820} INFO - Setting next_dagrun for dataset_consumes_1 to None, run_after=None
[2023-12-31T10:04:21.220-0300] {logging_mixin.py:188} INFO - [2023-12-31T10:04:21.219-0300] {dag.py:3820} INFO - Setting next_dagrun for dataset_consumes_1_and_2 to None, run_after=None
[2023-12-31T10:04:21.228-0300] {logging_mixin.py:188} INFO - [2023-12-31T10:04:21.228-0300] {dag.py:3820} INFO - Setting next_dagrun for dataset_consumes_1_never_scheduled to None, run_after=None
[2023-12-31T10:04:21.236-0300] {logging_mixin.py:188} INFO - [2023-12-31T10:04:21.229-0300] {dag.py:3820} INFO - Setting next_dagrun for dataset_consumes_unknown_never_scheduled to None, run_after=None
[2023-12-31T10:04:21.247-0300] {logging_mixin.py:188} INFO - [2023-12-31T10:04:21.247-0300] {dag.py:3820} INFO - Setting next_dagrun for dataset_produces_1 to 2023-12-30T00:00:00+00:00, run_after=2023-12-31T00:00:00+00:00
[2023-12-31T10:04:21.249-0300] {logging_mixin.py:188} INFO - [2023-12-31T10:04:21.249-0300] {dag.py:3820} INFO - Setting next_dagrun for dataset_produces_2 to None, run_after=None
[2023-12-31T10:04:21.467-0300] {processor.py:183} INFO - Processing /home/felipe/.local/lib/python3.10/site-packages/airflow/example_dags/example_datasets.py took 0.610 seconds
[2023-12-31T10:06:42.628-0300] {processor.py:161} INFO - Started process (PID=33654) to work on /home/felipe/.local/lib/python3.10/site-packages/airflow/example_dags/example_datasets.py
[2023-12-31T10:06:42.637-0300] {processor.py:830} INFO - Processing file /home/felipe/.local/lib/python3.10/site-packages/airflow/example_dags/example_datasets.py for tasks to queue
[2023-12-31T10:06:42.638-0300] {logging_mixin.py:188} INFO - [2023-12-31T10:06:42.638-0300] {dagbag.py:538} INFO - Filling up the DagBag from /home/felipe/.local/lib/python3.10/site-packages/airflow/example_dags/example_datasets.py
[2023-12-31T10:06:42.689-0300] {processor.py:840} INFO - DAG(s) 'dataset_produces_2', 'dataset_consumes_unknown_never_scheduled', 'dataset_consumes_1_never_scheduled', 'dataset_consumes_1', 'dataset_produces_1', 'dataset_consumes_1_and_2' retrieved from /home/felipe/.local/lib/python3.10/site-packages/airflow/example_dags/example_datasets.py
[2023-12-31T10:06:42.919-0300] {logging_mixin.py:188} INFO - [2023-12-31T10:06:42.919-0300] {dag.py:3033} INFO - Sync 6 DAGs
[2023-12-31T10:06:43.027-0300] {logging_mixin.py:188} INFO - [2023-12-31T10:06:43.027-0300] {dag.py:3820} INFO - Setting next_dagrun for dataset_consumes_1 to None, run_after=None
[2023-12-31T10:06:43.048-0300] {logging_mixin.py:188} INFO - [2023-12-31T10:06:43.047-0300] {dag.py:3820} INFO - Setting next_dagrun for dataset_consumes_1_and_2 to None, run_after=None
[2023-12-31T10:06:43.057-0300] {logging_mixin.py:188} INFO - [2023-12-31T10:06:43.056-0300] {dag.py:3820} INFO - Setting next_dagrun for dataset_consumes_1_never_scheduled to None, run_after=None
[2023-12-31T10:06:43.059-0300] {logging_mixin.py:188} INFO - [2023-12-31T10:06:43.058-0300] {dag.py:3820} INFO - Setting next_dagrun for dataset_consumes_unknown_never_scheduled to None, run_after=None
[2023-12-31T10:06:43.077-0300] {logging_mixin.py:188} INFO - [2023-12-31T10:06:43.076-0300] {dag.py:3820} INFO - Setting next_dagrun for dataset_produces_1 to 2023-12-30T00:00:00+00:00, run_after=2023-12-31T00:00:00+00:00
[2023-12-31T10:06:43.079-0300] {logging_mixin.py:188} INFO - [2023-12-31T10:06:43.078-0300] {dag.py:3820} INFO - Setting next_dagrun for dataset_produces_2 to None, run_after=None
[2023-12-31T10:06:43.286-0300] {processor.py:183} INFO - Processing /home/felipe/.local/lib/python3.10/site-packages/airflow/example_dags/example_datasets.py took 0.669 seconds
[2023-12-31T10:09:09.707-0300] {processor.py:161} INFO - Started process (PID=33823) to work on /home/felipe/.local/lib/python3.10/site-packages/airflow/example_dags/example_datasets.py
[2023-12-31T10:09:09.709-0300] {processor.py:830} INFO - Processing file /home/felipe/.local/lib/python3.10/site-packages/airflow/example_dags/example_datasets.py for tasks to queue
[2023-12-31T10:09:09.718-0300] {logging_mixin.py:188} INFO - [2023-12-31T10:09:09.717-0300] {dagbag.py:538} INFO - Filling up the DagBag from /home/felipe/.local/lib/python3.10/site-packages/airflow/example_dags/example_datasets.py
[2023-12-31T10:09:09.768-0300] {processor.py:840} INFO - DAG(s) 'dataset_consumes_unknown_never_scheduled', 'dataset_produces_1', 'dataset_consumes_1_never_scheduled', 'dataset_produces_2', 'dataset_consumes_1_and_2', 'dataset_consumes_1' retrieved from /home/felipe/.local/lib/python3.10/site-packages/airflow/example_dags/example_datasets.py
[2023-12-31T10:09:09.946-0300] {logging_mixin.py:188} INFO - [2023-12-31T10:09:09.939-0300] {dag.py:3033} INFO - Sync 6 DAGs
[2023-12-31T10:09:10.057-0300] {logging_mixin.py:188} INFO - [2023-12-31T10:09:10.057-0300] {dag.py:3820} INFO - Setting next_dagrun for dataset_consumes_1 to None, run_after=None
[2023-12-31T10:09:10.087-0300] {logging_mixin.py:188} INFO - [2023-12-31T10:09:10.087-0300] {dag.py:3820} INFO - Setting next_dagrun for dataset_consumes_1_and_2 to None, run_after=None
[2023-12-31T10:09:10.097-0300] {logging_mixin.py:188} INFO - [2023-12-31T10:09:10.096-0300] {dag.py:3820} INFO - Setting next_dagrun for dataset_consumes_1_never_scheduled to None, run_after=None
[2023-12-31T10:09:10.099-0300] {logging_mixin.py:188} INFO - [2023-12-31T10:09:10.099-0300] {dag.py:3820} INFO - Setting next_dagrun for dataset_consumes_unknown_never_scheduled to None, run_after=None
[2023-12-31T10:09:10.117-0300] {logging_mixin.py:188} INFO - [2023-12-31T10:09:10.117-0300] {dag.py:3820} INFO - Setting next_dagrun for dataset_produces_1 to 2023-12-30T00:00:00+00:00, run_after=2023-12-31T00:00:00+00:00
[2023-12-31T10:09:10.119-0300] {logging_mixin.py:188} INFO - [2023-12-31T10:09:10.119-0300] {dag.py:3820} INFO - Setting next_dagrun for dataset_produces_2 to None, run_after=None
[2023-12-31T10:09:10.329-0300] {processor.py:183} INFO - Processing /home/felipe/.local/lib/python3.10/site-packages/airflow/example_dags/example_datasets.py took 0.640 seconds
[2023-12-31T11:29:58.575-0300] {processor.py:161} INFO - Started process (PID=34072) to work on /home/felipe/.local/lib/python3.10/site-packages/airflow/example_dags/example_datasets.py
[2023-12-31T11:29:58.586-0300] {processor.py:830} INFO - Processing file /home/felipe/.local/lib/python3.10/site-packages/airflow/example_dags/example_datasets.py for tasks to queue
[2023-12-31T11:29:58.594-0300] {logging_mixin.py:188} INFO - [2023-12-31T11:29:58.587-0300] {dagbag.py:538} INFO - Filling up the DagBag from /home/felipe/.local/lib/python3.10/site-packages/airflow/example_dags/example_datasets.py
[2023-12-31T11:29:58.645-0300] {processor.py:840} INFO - DAG(s) 'dataset_consumes_unknown_never_scheduled', 'dataset_consumes_1_never_scheduled', 'dataset_produces_2', 'dataset_consumes_1', 'dataset_produces_1', 'dataset_consumes_1_and_2' retrieved from /home/felipe/.local/lib/python3.10/site-packages/airflow/example_dags/example_datasets.py
[2023-12-31T11:29:58.826-0300] {logging_mixin.py:188} INFO - [2023-12-31T11:29:58.826-0300] {dag.py:3033} INFO - Sync 6 DAGs
[2023-12-31T11:29:58.995-0300] {logging_mixin.py:188} INFO - [2023-12-31T11:29:58.995-0300] {dag.py:3820} INFO - Setting next_dagrun for dataset_consumes_1 to None, run_after=None
[2023-12-31T11:29:59.024-0300] {logging_mixin.py:188} INFO - [2023-12-31T11:29:59.017-0300] {dag.py:3820} INFO - Setting next_dagrun for dataset_consumes_1_and_2 to None, run_after=None
[2023-12-31T11:29:59.034-0300] {logging_mixin.py:188} INFO - [2023-12-31T11:29:59.034-0300] {dag.py:3820} INFO - Setting next_dagrun for dataset_consumes_1_never_scheduled to None, run_after=None
[2023-12-31T11:29:59.037-0300] {logging_mixin.py:188} INFO - [2023-12-31T11:29:59.036-0300] {dag.py:3820} INFO - Setting next_dagrun for dataset_consumes_unknown_never_scheduled to None, run_after=None
[2023-12-31T11:29:59.056-0300] {logging_mixin.py:188} INFO - [2023-12-31T11:29:59.056-0300] {dag.py:3820} INFO - Setting next_dagrun for dataset_produces_1 to 2023-12-30T00:00:00+00:00, run_after=2023-12-31T00:00:00+00:00
[2023-12-31T11:29:59.065-0300] {logging_mixin.py:188} INFO - [2023-12-31T11:29:59.065-0300] {dag.py:3820} INFO - Setting next_dagrun for dataset_produces_2 to None, run_after=None
[2023-12-31T11:29:59.305-0300] {processor.py:183} INFO - Processing /home/felipe/.local/lib/python3.10/site-packages/airflow/example_dags/example_datasets.py took 0.748 seconds
[2023-12-31T11:32:55.266-0300] {processor.py:161} INFO - Started process (PID=34377) to work on /home/felipe/.local/lib/python3.10/site-packages/airflow/example_dags/example_datasets.py
[2023-12-31T11:32:55.274-0300] {processor.py:830} INFO - Processing file /home/felipe/.local/lib/python3.10/site-packages/airflow/example_dags/example_datasets.py for tasks to queue
[2023-12-31T11:32:55.276-0300] {logging_mixin.py:188} INFO - [2023-12-31T11:32:55.275-0300] {dagbag.py:538} INFO - Filling up the DagBag from /home/felipe/.local/lib/python3.10/site-packages/airflow/example_dags/example_datasets.py
[2023-12-31T11:32:55.336-0300] {processor.py:840} INFO - DAG(s) 'dataset_consumes_1', 'dataset_consumes_1_never_scheduled', 'dataset_produces_2', 'dataset_produces_1', 'dataset_consumes_1_and_2', 'dataset_consumes_unknown_never_scheduled' retrieved from /home/felipe/.local/lib/python3.10/site-packages/airflow/example_dags/example_datasets.py
[2023-12-31T11:32:55.565-0300] {logging_mixin.py:188} INFO - [2023-12-31T11:32:55.564-0300] {dag.py:3033} INFO - Sync 6 DAGs
[2023-12-31T11:32:55.764-0300] {logging_mixin.py:188} INFO - [2023-12-31T11:32:55.764-0300] {dag.py:3820} INFO - Setting next_dagrun for dataset_consumes_1 to None, run_after=None
[2023-12-31T11:32:55.815-0300] {logging_mixin.py:188} INFO - [2023-12-31T11:32:55.814-0300] {dag.py:3820} INFO - Setting next_dagrun for dataset_consumes_1_and_2 to None, run_after=None
[2023-12-31T11:32:55.825-0300] {logging_mixin.py:188} INFO - [2023-12-31T11:32:55.825-0300] {dag.py:3820} INFO - Setting next_dagrun for dataset_consumes_1_never_scheduled to None, run_after=None
[2023-12-31T11:32:55.835-0300] {logging_mixin.py:188} INFO - [2023-12-31T11:32:55.835-0300] {dag.py:3820} INFO - Setting next_dagrun for dataset_consumes_unknown_never_scheduled to None, run_after=None
[2023-12-31T11:32:55.857-0300] {logging_mixin.py:188} INFO - [2023-12-31T11:32:55.856-0300] {dag.py:3820} INFO - Setting next_dagrun for dataset_produces_1 to 2023-12-30T00:00:00+00:00, run_after=2023-12-31T00:00:00+00:00
[2023-12-31T11:32:55.875-0300] {logging_mixin.py:188} INFO - [2023-12-31T11:32:55.874-0300] {dag.py:3820} INFO - Setting next_dagrun for dataset_produces_2 to None, run_after=None
[2023-12-31T11:32:56.115-0300] {processor.py:183} INFO - Processing /home/felipe/.local/lib/python3.10/site-packages/airflow/example_dags/example_datasets.py took 0.860 seconds
[2023-12-31T11:34:46.375-0300] {processor.py:161} INFO - Started process (PID=34503) to work on /home/felipe/.local/lib/python3.10/site-packages/airflow/example_dags/example_datasets.py
[2023-12-31T11:34:46.384-0300] {processor.py:830} INFO - Processing file /home/felipe/.local/lib/python3.10/site-packages/airflow/example_dags/example_datasets.py for tasks to queue
[2023-12-31T11:34:46.386-0300] {logging_mixin.py:188} INFO - [2023-12-31T11:34:46.385-0300] {dagbag.py:538} INFO - Filling up the DagBag from /home/felipe/.local/lib/python3.10/site-packages/airflow/example_dags/example_datasets.py
[2023-12-31T11:34:46.445-0300] {processor.py:840} INFO - DAG(s) 'dataset_consumes_1_never_scheduled', 'dataset_produces_1', 'dataset_consumes_1', 'dataset_consumes_unknown_never_scheduled', 'dataset_consumes_1_and_2', 'dataset_produces_2' retrieved from /home/felipe/.local/lib/python3.10/site-packages/airflow/example_dags/example_datasets.py
[2023-12-31T11:34:46.665-0300] {logging_mixin.py:188} INFO - [2023-12-31T11:34:46.664-0300] {dag.py:3033} INFO - Sync 6 DAGs
[2023-12-31T11:34:46.827-0300] {logging_mixin.py:188} INFO - [2023-12-31T11:34:46.826-0300] {dag.py:3820} INFO - Setting next_dagrun for dataset_consumes_1 to None, run_after=None
[2023-12-31T11:34:46.865-0300] {logging_mixin.py:188} INFO - [2023-12-31T11:34:46.864-0300] {dag.py:3820} INFO - Setting next_dagrun for dataset_consumes_1_and_2 to None, run_after=None
[2023-12-31T11:34:46.875-0300] {logging_mixin.py:188} INFO - [2023-12-31T11:34:46.874-0300] {dag.py:3820} INFO - Setting next_dagrun for dataset_consumes_1_never_scheduled to None, run_after=None
[2023-12-31T11:34:46.884-0300] {logging_mixin.py:188} INFO - [2023-12-31T11:34:46.884-0300] {dag.py:3820} INFO - Setting next_dagrun for dataset_consumes_unknown_never_scheduled to None, run_after=None
[2023-12-31T11:34:46.897-0300] {logging_mixin.py:188} INFO - [2023-12-31T11:34:46.896-0300] {dag.py:3820} INFO - Setting next_dagrun for dataset_produces_1 to 2023-12-30T00:00:00+00:00, run_after=2023-12-31T00:00:00+00:00
[2023-12-31T11:34:46.914-0300] {logging_mixin.py:188} INFO - [2023-12-31T11:34:46.907-0300] {dag.py:3820} INFO - Setting next_dagrun for dataset_produces_2 to None, run_after=None
[2023-12-31T11:34:47.176-0300] {processor.py:183} INFO - Processing /home/felipe/.local/lib/python3.10/site-packages/airflow/example_dags/example_datasets.py took 0.813 seconds
[2023-12-31T11:37:31.794-0300] {processor.py:161} INFO - Started process (PID=34708) to work on /home/felipe/.local/lib/python3.10/site-packages/airflow/example_dags/example_datasets.py
[2023-12-31T11:37:31.804-0300] {processor.py:830} INFO - Processing file /home/felipe/.local/lib/python3.10/site-packages/airflow/example_dags/example_datasets.py for tasks to queue
[2023-12-31T11:37:31.805-0300] {logging_mixin.py:188} INFO - [2023-12-31T11:37:31.805-0300] {dagbag.py:538} INFO - Filling up the DagBag from /home/felipe/.local/lib/python3.10/site-packages/airflow/example_dags/example_datasets.py
[2023-12-31T11:37:31.886-0300] {processor.py:840} INFO - DAG(s) 'dataset_consumes_unknown_never_scheduled', 'dataset_consumes_1_and_2', 'dataset_produces_1', 'dataset_consumes_1_never_scheduled', 'dataset_consumes_1', 'dataset_produces_2' retrieved from /home/felipe/.local/lib/python3.10/site-packages/airflow/example_dags/example_datasets.py
[2023-12-31T11:37:32.094-0300] {logging_mixin.py:188} INFO - [2023-12-31T11:37:32.086-0300] {dag.py:3033} INFO - Sync 6 DAGs
[2023-12-31T11:37:32.224-0300] {logging_mixin.py:188} INFO - [2023-12-31T11:37:32.216-0300] {dag.py:3820} INFO - Setting next_dagrun for dataset_consumes_1 to None, run_after=None
[2023-12-31T11:37:32.255-0300] {logging_mixin.py:188} INFO - [2023-12-31T11:37:32.255-0300] {dag.py:3820} INFO - Setting next_dagrun for dataset_consumes_1_and_2 to None, run_after=None
[2023-12-31T11:37:32.266-0300] {logging_mixin.py:188} INFO - [2023-12-31T11:37:32.265-0300] {dag.py:3820} INFO - Setting next_dagrun for dataset_consumes_1_never_scheduled to None, run_after=None
[2023-12-31T11:37:32.276-0300] {logging_mixin.py:188} INFO - [2023-12-31T11:37:32.276-0300] {dag.py:3820} INFO - Setting next_dagrun for dataset_consumes_unknown_never_scheduled to None, run_after=None
[2023-12-31T11:37:32.305-0300] {logging_mixin.py:188} INFO - [2023-12-31T11:37:32.304-0300] {dag.py:3820} INFO - Setting next_dagrun for dataset_produces_1 to 2023-12-30T00:00:00+00:00, run_after=2023-12-31T00:00:00+00:00
[2023-12-31T11:37:32.314-0300] {logging_mixin.py:188} INFO - [2023-12-31T11:37:32.314-0300] {dag.py:3820} INFO - Setting next_dagrun for dataset_produces_2 to None, run_after=None
[2023-12-31T11:37:32.555-0300] {processor.py:183} INFO - Processing /home/felipe/.local/lib/python3.10/site-packages/airflow/example_dags/example_datasets.py took 0.779 seconds
[2023-12-31T11:40:17.326-0300] {processor.py:161} INFO - Started process (PID=34919) to work on /home/felipe/.local/lib/python3.10/site-packages/airflow/example_dags/example_datasets.py
[2023-12-31T11:40:17.334-0300] {processor.py:830} INFO - Processing file /home/felipe/.local/lib/python3.10/site-packages/airflow/example_dags/example_datasets.py for tasks to queue
[2023-12-31T11:40:17.336-0300] {logging_mixin.py:188} INFO - [2023-12-31T11:40:17.335-0300] {dagbag.py:538} INFO - Filling up the DagBag from /home/felipe/.local/lib/python3.10/site-packages/airflow/example_dags/example_datasets.py
[2023-12-31T11:40:17.395-0300] {processor.py:840} INFO - DAG(s) 'dataset_produces_2', 'dataset_consumes_1', 'dataset_produces_1', 'dataset_consumes_1_never_scheduled', 'dataset_consumes_1_and_2', 'dataset_consumes_unknown_never_scheduled' retrieved from /home/felipe/.local/lib/python3.10/site-packages/airflow/example_dags/example_datasets.py
[2023-12-31T11:40:17.594-0300] {logging_mixin.py:188} INFO - [2023-12-31T11:40:17.586-0300] {dag.py:3033} INFO - Sync 6 DAGs
[2023-12-31T11:40:17.805-0300] {logging_mixin.py:188} INFO - [2023-12-31T11:40:17.804-0300] {dag.py:3820} INFO - Setting next_dagrun for dataset_consumes_1 to None, run_after=None
[2023-12-31T11:40:17.834-0300] {logging_mixin.py:188} INFO - [2023-12-31T11:40:17.826-0300] {dag.py:3820} INFO - Setting next_dagrun for dataset_consumes_1_and_2 to None, run_after=None
[2023-12-31T11:40:17.836-0300] {logging_mixin.py:188} INFO - [2023-12-31T11:40:17.836-0300] {dag.py:3820} INFO - Setting next_dagrun for dataset_consumes_1_never_scheduled to None, run_after=None
[2023-12-31T11:40:17.845-0300] {logging_mixin.py:188} INFO - [2023-12-31T11:40:17.845-0300] {dag.py:3820} INFO - Setting next_dagrun for dataset_consumes_unknown_never_scheduled to None, run_after=None
[2023-12-31T11:40:17.865-0300] {logging_mixin.py:188} INFO - [2023-12-31T11:40:17.864-0300] {dag.py:3820} INFO - Setting next_dagrun for dataset_produces_1 to 2023-12-30T00:00:00+00:00, run_after=2023-12-31T00:00:00+00:00
[2023-12-31T11:40:17.874-0300] {logging_mixin.py:188} INFO - [2023-12-31T11:40:17.874-0300] {dag.py:3820} INFO - Setting next_dagrun for dataset_produces_2 to None, run_after=None
[2023-12-31T11:40:18.094-0300] {processor.py:183} INFO - Processing /home/felipe/.local/lib/python3.10/site-packages/airflow/example_dags/example_datasets.py took 0.780 seconds
[2023-12-31T11:43:19.875-0300] {processor.py:161} INFO - Started process (PID=35125) to work on /home/felipe/.local/lib/python3.10/site-packages/airflow/example_dags/example_datasets.py
[2023-12-31T11:43:19.884-0300] {processor.py:830} INFO - Processing file /home/felipe/.local/lib/python3.10/site-packages/airflow/example_dags/example_datasets.py for tasks to queue
[2023-12-31T11:43:19.886-0300] {logging_mixin.py:188} INFO - [2023-12-31T11:43:19.885-0300] {dagbag.py:538} INFO - Filling up the DagBag from /home/felipe/.local/lib/python3.10/site-packages/airflow/example_dags/example_datasets.py
[2023-12-31T11:43:19.984-0300] {processor.py:840} INFO - DAG(s) 'dataset_consumes_1_and_2', 'dataset_consumes_1', 'dataset_consumes_unknown_never_scheduled', 'dataset_consumes_1_never_scheduled', 'dataset_produces_2', 'dataset_produces_1' retrieved from /home/felipe/.local/lib/python3.10/site-packages/airflow/example_dags/example_datasets.py
[2023-12-31T11:43:20.276-0300] {logging_mixin.py:188} INFO - [2023-12-31T11:43:20.275-0300] {dag.py:3033} INFO - Sync 6 DAGs
[2023-12-31T11:43:20.534-0300] {logging_mixin.py:188} INFO - [2023-12-31T11:43:20.526-0300] {dag.py:3820} INFO - Setting next_dagrun for dataset_consumes_1 to None, run_after=None
[2023-12-31T11:43:20.585-0300] {logging_mixin.py:188} INFO - [2023-12-31T11:43:20.584-0300] {dag.py:3820} INFO - Setting next_dagrun for dataset_consumes_1_and_2 to None, run_after=None
[2023-12-31T11:43:20.596-0300] {logging_mixin.py:188} INFO - [2023-12-31T11:43:20.595-0300] {dag.py:3820} INFO - Setting next_dagrun for dataset_consumes_1_never_scheduled to None, run_after=None
[2023-12-31T11:43:20.606-0300] {logging_mixin.py:188} INFO - [2023-12-31T11:43:20.606-0300] {dag.py:3820} INFO - Setting next_dagrun for dataset_consumes_unknown_never_scheduled to None, run_after=None
[2023-12-31T11:43:20.644-0300] {logging_mixin.py:188} INFO - [2023-12-31T11:43:20.636-0300] {dag.py:3820} INFO - Setting next_dagrun for dataset_produces_1 to 2023-12-30T00:00:00+00:00, run_after=2023-12-31T00:00:00+00:00
[2023-12-31T11:43:20.656-0300] {logging_mixin.py:188} INFO - [2023-12-31T11:43:20.655-0300] {dag.py:3820} INFO - Setting next_dagrun for dataset_produces_2 to None, run_after=None
[2023-12-31T11:43:21.216-0300] {processor.py:183} INFO - Processing /home/felipe/.local/lib/python3.10/site-packages/airflow/example_dags/example_datasets.py took 1.361 seconds
[2023-12-31T11:46:39.754-0300] {processor.py:161} INFO - Started process (PID=35377) to work on /home/felipe/.local/lib/python3.10/site-packages/airflow/example_dags/example_datasets.py
[2023-12-31T11:46:39.764-0300] {processor.py:830} INFO - Processing file /home/felipe/.local/lib/python3.10/site-packages/airflow/example_dags/example_datasets.py for tasks to queue
[2023-12-31T11:46:39.774-0300] {logging_mixin.py:188} INFO - [2023-12-31T11:46:39.765-0300] {dagbag.py:538} INFO - Filling up the DagBag from /home/felipe/.local/lib/python3.10/site-packages/airflow/example_dags/example_datasets.py
[2023-12-31T11:46:39.844-0300] {processor.py:840} INFO - DAG(s) 'dataset_produces_2', 'dataset_consumes_1_never_scheduled', 'dataset_consumes_unknown_never_scheduled', 'dataset_produces_1', 'dataset_consumes_1_and_2', 'dataset_consumes_1' retrieved from /home/felipe/.local/lib/python3.10/site-packages/airflow/example_dags/example_datasets.py
[2023-12-31T11:46:40.104-0300] {logging_mixin.py:188} INFO - [2023-12-31T11:46:40.096-0300] {dag.py:3033} INFO - Sync 6 DAGs
[2023-12-31T11:46:40.306-0300] {logging_mixin.py:188} INFO - [2023-12-31T11:46:40.305-0300] {dag.py:3820} INFO - Setting next_dagrun for dataset_consumes_1 to None, run_after=None
[2023-12-31T11:46:40.344-0300] {logging_mixin.py:188} INFO - [2023-12-31T11:46:40.336-0300] {dag.py:3820} INFO - Setting next_dagrun for dataset_consumes_1_and_2 to None, run_after=None
[2023-12-31T11:46:40.346-0300] {logging_mixin.py:188} INFO - [2023-12-31T11:46:40.346-0300] {dag.py:3820} INFO - Setting next_dagrun for dataset_consumes_1_never_scheduled to None, run_after=None
[2023-12-31T11:46:40.356-0300] {logging_mixin.py:188} INFO - [2023-12-31T11:46:40.355-0300] {dag.py:3820} INFO - Setting next_dagrun for dataset_consumes_unknown_never_scheduled to None, run_after=None
[2023-12-31T11:46:40.384-0300] {logging_mixin.py:188} INFO - [2023-12-31T11:46:40.376-0300] {dag.py:3820} INFO - Setting next_dagrun for dataset_produces_1 to 2023-12-30T00:00:00+00:00, run_after=2023-12-31T00:00:00+00:00
[2023-12-31T11:46:40.394-0300] {logging_mixin.py:188} INFO - [2023-12-31T11:46:40.386-0300] {dag.py:3820} INFO - Setting next_dagrun for dataset_produces_2 to None, run_after=None
[2023-12-31T11:46:40.724-0300] {processor.py:183} INFO - Processing /home/felipe/.local/lib/python3.10/site-packages/airflow/example_dags/example_datasets.py took 0.999 seconds
[2023-12-31T11:50:40.726-0300] {processor.py:161} INFO - Started process (PID=35688) to work on /home/felipe/.local/lib/python3.10/site-packages/airflow/example_dags/example_datasets.py
[2023-12-31T11:50:40.754-0300] {processor.py:830} INFO - Processing file /home/felipe/.local/lib/python3.10/site-packages/airflow/example_dags/example_datasets.py for tasks to queue
[2023-12-31T11:50:40.765-0300] {logging_mixin.py:188} INFO - [2023-12-31T11:50:40.764-0300] {dagbag.py:538} INFO - Filling up the DagBag from /home/felipe/.local/lib/python3.10/site-packages/airflow/example_dags/example_datasets.py
[2023-12-31T11:50:40.865-0300] {processor.py:840} INFO - DAG(s) 'dataset_consumes_1_never_scheduled', 'dataset_produces_1', 'dataset_consumes_unknown_never_scheduled', 'dataset_consumes_1_and_2', 'dataset_consumes_1', 'dataset_produces_2' retrieved from /home/felipe/.local/lib/python3.10/site-packages/airflow/example_dags/example_datasets.py
[2023-12-31T11:50:41.265-0300] {logging_mixin.py:188} INFO - [2023-12-31T11:50:41.264-0300] {dag.py:3033} INFO - Sync 6 DAGs
[2023-12-31T11:50:41.505-0300] {logging_mixin.py:188} INFO - [2023-12-31T11:50:41.505-0300] {dag.py:3820} INFO - Setting next_dagrun for dataset_consumes_1 to None, run_after=None
[2023-12-31T11:50:41.544-0300] {logging_mixin.py:188} INFO - [2023-12-31T11:50:41.544-0300] {dag.py:3820} INFO - Setting next_dagrun for dataset_consumes_1_and_2 to None, run_after=None
[2023-12-31T11:50:41.555-0300] {logging_mixin.py:188} INFO - [2023-12-31T11:50:41.555-0300] {dag.py:3820} INFO - Setting next_dagrun for dataset_consumes_1_never_scheduled to None, run_after=None
[2023-12-31T11:50:41.566-0300] {logging_mixin.py:188} INFO - [2023-12-31T11:50:41.565-0300] {dag.py:3820} INFO - Setting next_dagrun for dataset_consumes_unknown_never_scheduled to None, run_after=None
[2023-12-31T11:50:41.596-0300] {logging_mixin.py:188} INFO - [2023-12-31T11:50:41.595-0300] {dag.py:3820} INFO - Setting next_dagrun for dataset_produces_1 to 2023-12-30T00:00:00+00:00, run_after=2023-12-31T00:00:00+00:00
[2023-12-31T11:50:41.624-0300] {logging_mixin.py:188} INFO - [2023-12-31T11:50:41.615-0300] {dag.py:3820} INFO - Setting next_dagrun for dataset_produces_2 to None, run_after=None
[2023-12-31T11:50:42.055-0300] {processor.py:183} INFO - Processing /home/felipe/.local/lib/python3.10/site-packages/airflow/example_dags/example_datasets.py took 1.359 seconds
[2023-12-31T11:55:27.364-0300] {processor.py:161} INFO - Started process (PID=35964) to work on /home/felipe/.local/lib/python3.10/site-packages/airflow/example_dags/example_datasets.py
[2023-12-31T11:55:27.384-0300] {processor.py:830} INFO - Processing file /home/felipe/.local/lib/python3.10/site-packages/airflow/example_dags/example_datasets.py for tasks to queue
[2023-12-31T11:55:27.386-0300] {logging_mixin.py:188} INFO - [2023-12-31T11:55:27.385-0300] {dagbag.py:538} INFO - Filling up the DagBag from /home/felipe/.local/lib/python3.10/site-packages/airflow/example_dags/example_datasets.py
[2023-12-31T11:55:27.485-0300] {processor.py:840} INFO - DAG(s) 'dataset_consumes_1_never_scheduled', 'dataset_consumes_1_and_2', 'dataset_consumes_1', 'dataset_produces_1', 'dataset_produces_2', 'dataset_consumes_unknown_never_scheduled' retrieved from /home/felipe/.local/lib/python3.10/site-packages/airflow/example_dags/example_datasets.py
[2023-12-31T11:55:27.825-0300] {logging_mixin.py:188} INFO - [2023-12-31T11:55:27.824-0300] {dag.py:3033} INFO - Sync 6 DAGs
[2023-12-31T11:55:28.065-0300] {logging_mixin.py:188} INFO - [2023-12-31T11:55:28.064-0300] {dag.py:3820} INFO - Setting next_dagrun for dataset_consumes_1 to None, run_after=None
[2023-12-31T11:55:28.115-0300] {logging_mixin.py:188} INFO - [2023-12-31T11:55:28.115-0300] {dag.py:3820} INFO - Setting next_dagrun for dataset_consumes_1_and_2 to None, run_after=None
[2023-12-31T11:55:28.134-0300] {logging_mixin.py:188} INFO - [2023-12-31T11:55:28.134-0300] {dag.py:3820} INFO - Setting next_dagrun for dataset_consumes_1_never_scheduled to None, run_after=None
[2023-12-31T11:55:28.146-0300] {logging_mixin.py:188} INFO - [2023-12-31T11:55:28.145-0300] {dag.py:3820} INFO - Setting next_dagrun for dataset_consumes_unknown_never_scheduled to None, run_after=None
[2023-12-31T11:55:28.186-0300] {logging_mixin.py:188} INFO - [2023-12-31T11:55:28.185-0300] {dag.py:3820} INFO - Setting next_dagrun for dataset_produces_1 to 2023-12-30T00:00:00+00:00, run_after=2023-12-31T00:00:00+00:00
[2023-12-31T11:55:28.205-0300] {logging_mixin.py:188} INFO - [2023-12-31T11:55:28.205-0300] {dag.py:3820} INFO - Setting next_dagrun for dataset_produces_2 to None, run_after=None
[2023-12-31T11:55:28.585-0300] {processor.py:183} INFO - Processing /home/felipe/.local/lib/python3.10/site-packages/airflow/example_dags/example_datasets.py took 1.271 seconds
[2023-12-31T11:58:57.164-0300] {processor.py:161} INFO - Started process (PID=36166) to work on /home/felipe/.local/lib/python3.10/site-packages/airflow/example_dags/example_datasets.py
[2023-12-31T11:58:57.174-0300] {processor.py:830} INFO - Processing file /home/felipe/.local/lib/python3.10/site-packages/airflow/example_dags/example_datasets.py for tasks to queue
[2023-12-31T11:58:57.176-0300] {logging_mixin.py:188} INFO - [2023-12-31T11:58:57.175-0300] {dagbag.py:538} INFO - Filling up the DagBag from /home/felipe/.local/lib/python3.10/site-packages/airflow/example_dags/example_datasets.py
[2023-12-31T11:58:57.284-0300] {processor.py:840} INFO - DAG(s) 'dataset_consumes_unknown_never_scheduled', 'dataset_consumes_1', 'dataset_produces_1', 'dataset_produces_2', 'dataset_consumes_1_never_scheduled', 'dataset_consumes_1_and_2' retrieved from /home/felipe/.local/lib/python3.10/site-packages/airflow/example_dags/example_datasets.py
[2023-12-31T11:58:57.596-0300] {logging_mixin.py:188} INFO - [2023-12-31T11:58:57.595-0300] {dag.py:3033} INFO - Sync 6 DAGs
[2023-12-31T11:58:57.804-0300] {logging_mixin.py:188} INFO - [2023-12-31T11:58:57.795-0300] {dag.py:3820} INFO - Setting next_dagrun for dataset_consumes_1 to None, run_after=None
[2023-12-31T11:58:57.835-0300] {logging_mixin.py:188} INFO - [2023-12-31T11:58:57.834-0300] {dag.py:3820} INFO - Setting next_dagrun for dataset_consumes_1_and_2 to None, run_after=None
[2023-12-31T11:58:57.845-0300] {logging_mixin.py:188} INFO - [2023-12-31T11:58:57.845-0300] {dag.py:3820} INFO - Setting next_dagrun for dataset_consumes_1_never_scheduled to None, run_after=None
[2023-12-31T11:58:57.856-0300] {logging_mixin.py:188} INFO - [2023-12-31T11:58:57.855-0300] {dag.py:3820} INFO - Setting next_dagrun for dataset_consumes_unknown_never_scheduled to None, run_after=None
[2023-12-31T11:58:57.885-0300] {logging_mixin.py:188} INFO - [2023-12-31T11:58:57.884-0300] {dag.py:3820} INFO - Setting next_dagrun for dataset_produces_1 to 2023-12-30T00:00:00+00:00, run_after=2023-12-31T00:00:00+00:00
[2023-12-31T11:58:57.895-0300] {logging_mixin.py:188} INFO - [2023-12-31T11:58:57.895-0300] {dag.py:3820} INFO - Setting next_dagrun for dataset_produces_2 to None, run_after=None
[2023-12-31T11:58:58.235-0300] {processor.py:183} INFO - Processing /home/felipe/.local/lib/python3.10/site-packages/airflow/example_dags/example_datasets.py took 1.099 seconds
[2023-12-31T12:02:37.314-0300] {processor.py:161} INFO - Started process (PID=36403) to work on /home/felipe/.local/lib/python3.10/site-packages/airflow/example_dags/example_datasets.py
[2023-12-31T12:02:37.324-0300] {processor.py:830} INFO - Processing file /home/felipe/.local/lib/python3.10/site-packages/airflow/example_dags/example_datasets.py for tasks to queue
[2023-12-31T12:02:37.335-0300] {logging_mixin.py:188} INFO - [2023-12-31T12:02:37.334-0300] {dagbag.py:538} INFO - Filling up the DagBag from /home/felipe/.local/lib/python3.10/site-packages/airflow/example_dags/example_datasets.py
[2023-12-31T12:02:37.455-0300] {processor.py:840} INFO - DAG(s) 'dataset_produces_2', 'dataset_consumes_unknown_never_scheduled', 'dataset_consumes_1', 'dataset_produces_1', 'dataset_consumes_1_never_scheduled', 'dataset_consumes_1_and_2' retrieved from /home/felipe/.local/lib/python3.10/site-packages/airflow/example_dags/example_datasets.py
[2023-12-31T12:02:37.934-0300] {logging_mixin.py:188} INFO - [2023-12-31T12:02:37.925-0300] {dag.py:3033} INFO - Sync 6 DAGs
[2023-12-31T12:02:38.294-0300] {logging_mixin.py:188} INFO - [2023-12-31T12:02:38.285-0300] {dag.py:3820} INFO - Setting next_dagrun for dataset_consumes_1 to None, run_after=None
[2023-12-31T12:02:38.335-0300] {logging_mixin.py:188} INFO - [2023-12-31T12:02:38.335-0300] {dag.py:3820} INFO - Setting next_dagrun for dataset_consumes_1_and_2 to None, run_after=None
[2023-12-31T12:02:38.355-0300] {logging_mixin.py:188} INFO - [2023-12-31T12:02:38.354-0300] {dag.py:3820} INFO - Setting next_dagrun for dataset_consumes_1_never_scheduled to None, run_after=None
[2023-12-31T12:02:38.374-0300] {logging_mixin.py:188} INFO - [2023-12-31T12:02:38.365-0300] {dag.py:3820} INFO - Setting next_dagrun for dataset_consumes_unknown_never_scheduled to None, run_after=None
[2023-12-31T12:02:38.404-0300] {logging_mixin.py:188} INFO - [2023-12-31T12:02:38.404-0300] {dag.py:3820} INFO - Setting next_dagrun for dataset_produces_1 to 2023-12-30T00:00:00+00:00, run_after=2023-12-31T00:00:00+00:00
[2023-12-31T12:02:38.415-0300] {logging_mixin.py:188} INFO - [2023-12-31T12:02:38.415-0300] {dag.py:3820} INFO - Setting next_dagrun for dataset_produces_2 to None, run_after=None
[2023-12-31T12:02:38.895-0300] {processor.py:183} INFO - Processing /home/felipe/.local/lib/python3.10/site-packages/airflow/example_dags/example_datasets.py took 1.630 seconds
