[2023-12-31T09:37:07.270-0300] {processor.py:161} INFO - Started process (PID=32079) to work on /home/felipe/.local/lib/python3.10/site-packages/airflow/example_dags/tutorial_dag.py
[2023-12-31T09:37:07.277-0300] {processor.py:830} INFO - Processing file /home/felipe/.local/lib/python3.10/site-packages/airflow/example_dags/tutorial_dag.py for tasks to queue
[2023-12-31T09:37:07.280-0300] {logging_mixin.py:188} INFO - [2023-12-31T09:37:07.279-0300] {dagbag.py:538} INFO - Filling up the DagBag from /home/felipe/.local/lib/python3.10/site-packages/airflow/example_dags/tutorial_dag.py
[2023-12-31T09:37:07.306-0300] {processor.py:840} INFO - DAG(s) 'tutorial_dag' retrieved from /home/felipe/.local/lib/python3.10/site-packages/airflow/example_dags/tutorial_dag.py
[2023-12-31T09:37:07.749-0300] {logging_mixin.py:188} INFO - [2023-12-31T09:37:07.749-0300] {dag.py:3033} INFO - Sync 1 DAGs
[2023-12-31T09:37:07.787-0300] {logging_mixin.py:188} INFO - [2023-12-31T09:37:07.787-0300] {dag.py:3820} INFO - Setting next_dagrun for tutorial_dag to None, run_after=None
[2023-12-31T09:37:07.887-0300] {processor.py:183} INFO - Processing /home/felipe/.local/lib/python3.10/site-packages/airflow/example_dags/tutorial_dag.py took 0.627 seconds
[2023-12-31T09:39:02.529-0300] {processor.py:161} INFO - Started process (PID=32201) to work on /home/felipe/.local/lib/python3.10/site-packages/airflow/example_dags/tutorial_dag.py
[2023-12-31T09:39:02.538-0300] {processor.py:830} INFO - Processing file /home/felipe/.local/lib/python3.10/site-packages/airflow/example_dags/tutorial_dag.py for tasks to queue
[2023-12-31T09:39:02.551-0300] {logging_mixin.py:188} INFO - [2023-12-31T09:39:02.548-0300] {dagbag.py:538} INFO - Filling up the DagBag from /home/felipe/.local/lib/python3.10/site-packages/airflow/example_dags/tutorial_dag.py
[2023-12-31T09:39:02.591-0300] {processor.py:840} INFO - DAG(s) 'tutorial_dag' retrieved from /home/felipe/.local/lib/python3.10/site-packages/airflow/example_dags/tutorial_dag.py
[2023-12-31T09:39:02.727-0300] {logging_mixin.py:188} INFO - [2023-12-31T09:39:02.719-0300] {dag.py:3033} INFO - Sync 1 DAGs
[2023-12-31T09:39:02.847-0300] {logging_mixin.py:188} INFO - [2023-12-31T09:39:02.841-0300] {dag.py:3820} INFO - Setting next_dagrun for tutorial_dag to None, run_after=None
[2023-12-31T09:39:03.118-0300] {processor.py:183} INFO - Processing /home/felipe/.local/lib/python3.10/site-packages/airflow/example_dags/tutorial_dag.py took 0.612 seconds
[2023-12-31T09:53:16.277-0300] {processor.py:161} INFO - Started process (PID=32821) to work on /home/felipe/.local/lib/python3.10/site-packages/airflow/example_dags/tutorial_dag.py
[2023-12-31T09:53:16.287-0300] {processor.py:830} INFO - Processing file /home/felipe/.local/lib/python3.10/site-packages/airflow/example_dags/tutorial_dag.py for tasks to queue
[2023-12-31T09:53:16.298-0300] {logging_mixin.py:188} INFO - [2023-12-31T09:53:16.290-0300] {dagbag.py:538} INFO - Filling up the DagBag from /home/felipe/.local/lib/python3.10/site-packages/airflow/example_dags/tutorial_dag.py
[2023-12-31T09:53:16.368-0300] {processor.py:840} INFO - DAG(s) 'tutorial_dag' retrieved from /home/felipe/.local/lib/python3.10/site-packages/airflow/example_dags/tutorial_dag.py
[2023-12-31T09:53:17.307-0300] {logging_mixin.py:188} INFO - [2023-12-31T09:53:17.307-0300] {dag.py:3033} INFO - Sync 1 DAGs
[2023-12-31T09:53:17.369-0300] {logging_mixin.py:188} INFO - [2023-12-31T09:53:17.369-0300] {dag.py:3820} INFO - Setting next_dagrun for tutorial_dag to None, run_after=None
[2023-12-31T09:53:17.548-0300] {processor.py:183} INFO - Processing /home/felipe/.local/lib/python3.10/site-packages/airflow/example_dags/tutorial_dag.py took 1.301 seconds
[2023-12-31T09:56:22.150-0300] {processor.py:161} INFO - Started process (PID=33008) to work on /home/felipe/.local/lib/python3.10/site-packages/airflow/example_dags/tutorial_dag.py
[2023-12-31T09:56:22.269-0300] {processor.py:830} INFO - Processing file /home/felipe/.local/lib/python3.10/site-packages/airflow/example_dags/tutorial_dag.py for tasks to queue
[2023-12-31T09:56:22.286-0300] {logging_mixin.py:188} INFO - [2023-12-31T09:56:22.279-0300] {dagbag.py:538} INFO - Filling up the DagBag from /home/felipe/.local/lib/python3.10/site-packages/airflow/example_dags/tutorial_dag.py
[2023-12-31T09:56:22.330-0300] {processor.py:840} INFO - DAG(s) 'tutorial_dag' retrieved from /home/felipe/.local/lib/python3.10/site-packages/airflow/example_dags/tutorial_dag.py
[2023-12-31T09:56:22.499-0300] {logging_mixin.py:188} INFO - [2023-12-31T09:56:22.498-0300] {dag.py:3033} INFO - Sync 1 DAGs
[2023-12-31T09:56:22.750-0300] {logging_mixin.py:188} INFO - [2023-12-31T09:56:22.749-0300] {dag.py:3820} INFO - Setting next_dagrun for tutorial_dag to None, run_after=None
[2023-12-31T09:56:23.998-0300] {processor.py:183} INFO - Processing /home/felipe/.local/lib/python3.10/site-packages/airflow/example_dags/tutorial_dag.py took 1.868 seconds
[2023-12-31T10:00:19.058-0300] {processor.py:161} INFO - Started process (PID=33168) to work on /home/felipe/.local/lib/python3.10/site-packages/airflow/example_dags/tutorial_dag.py
[2023-12-31T10:00:19.067-0300] {processor.py:830} INFO - Processing file /home/felipe/.local/lib/python3.10/site-packages/airflow/example_dags/tutorial_dag.py for tasks to queue
[2023-12-31T10:00:19.068-0300] {logging_mixin.py:188} INFO - [2023-12-31T10:00:19.068-0300] {dagbag.py:538} INFO - Filling up the DagBag from /home/felipe/.local/lib/python3.10/site-packages/airflow/example_dags/tutorial_dag.py
[2023-12-31T10:00:19.097-0300] {processor.py:840} INFO - DAG(s) 'tutorial_dag' retrieved from /home/felipe/.local/lib/python3.10/site-packages/airflow/example_dags/tutorial_dag.py
[2023-12-31T10:00:19.179-0300] {logging_mixin.py:188} INFO - [2023-12-31T10:00:19.178-0300] {dag.py:3033} INFO - Sync 1 DAGs
[2023-12-31T10:00:19.250-0300] {logging_mixin.py:188} INFO - [2023-12-31T10:00:19.249-0300] {dag.py:3820} INFO - Setting next_dagrun for tutorial_dag to None, run_after=None
[2023-12-31T10:00:19.409-0300] {processor.py:183} INFO - Processing /home/felipe/.local/lib/python3.10/site-packages/airflow/example_dags/tutorial_dag.py took 0.361 seconds
[2023-12-31T10:01:46.409-0300] {processor.py:161} INFO - Started process (PID=33305) to work on /home/felipe/.local/lib/python3.10/site-packages/airflow/example_dags/tutorial_dag.py
[2023-12-31T10:01:46.417-0300] {processor.py:830} INFO - Processing file /home/felipe/.local/lib/python3.10/site-packages/airflow/example_dags/tutorial_dag.py for tasks to queue
[2023-12-31T10:01:46.418-0300] {logging_mixin.py:188} INFO - [2023-12-31T10:01:46.417-0300] {dagbag.py:538} INFO - Filling up the DagBag from /home/felipe/.local/lib/python3.10/site-packages/airflow/example_dags/tutorial_dag.py
[2023-12-31T10:01:46.447-0300] {processor.py:840} INFO - DAG(s) 'tutorial_dag' retrieved from /home/felipe/.local/lib/python3.10/site-packages/airflow/example_dags/tutorial_dag.py
[2023-12-31T10:01:46.516-0300] {logging_mixin.py:188} INFO - [2023-12-31T10:01:46.510-0300] {dag.py:3033} INFO - Sync 1 DAGs
[2023-12-31T10:01:46.567-0300] {logging_mixin.py:188} INFO - [2023-12-31T10:01:46.567-0300] {dag.py:3820} INFO - Setting next_dagrun for tutorial_dag to None, run_after=None
[2023-12-31T10:01:46.719-0300] {processor.py:183} INFO - Processing /home/felipe/.local/lib/python3.10/site-packages/airflow/example_dags/tutorial_dag.py took 0.321 seconds
[2023-12-31T10:04:00.088-0300] {processor.py:161} INFO - Started process (PID=33441) to work on /home/felipe/.local/lib/python3.10/site-packages/airflow/example_dags/tutorial_dag.py
[2023-12-31T10:04:00.097-0300] {processor.py:830} INFO - Processing file /home/felipe/.local/lib/python3.10/site-packages/airflow/example_dags/tutorial_dag.py for tasks to queue
[2023-12-31T10:04:00.098-0300] {logging_mixin.py:188} INFO - [2023-12-31T10:04:00.098-0300] {dagbag.py:538} INFO - Filling up the DagBag from /home/felipe/.local/lib/python3.10/site-packages/airflow/example_dags/tutorial_dag.py
[2023-12-31T10:04:00.127-0300] {processor.py:840} INFO - DAG(s) 'tutorial_dag' retrieved from /home/felipe/.local/lib/python3.10/site-packages/airflow/example_dags/tutorial_dag.py
[2023-12-31T10:04:00.206-0300] {logging_mixin.py:188} INFO - [2023-12-31T10:04:00.200-0300] {dag.py:3033} INFO - Sync 1 DAGs
[2023-12-31T10:04:00.258-0300] {logging_mixin.py:188} INFO - [2023-12-31T10:04:00.258-0300] {dag.py:3820} INFO - Setting next_dagrun for tutorial_dag to None, run_after=None
[2023-12-31T10:04:00.388-0300] {processor.py:183} INFO - Processing /home/felipe/.local/lib/python3.10/site-packages/airflow/example_dags/tutorial_dag.py took 0.311 seconds
[2023-12-31T10:06:21.668-0300] {processor.py:161} INFO - Started process (PID=33634) to work on /home/felipe/.local/lib/python3.10/site-packages/airflow/example_dags/tutorial_dag.py
[2023-12-31T10:06:21.677-0300] {processor.py:830} INFO - Processing file /home/felipe/.local/lib/python3.10/site-packages/airflow/example_dags/tutorial_dag.py for tasks to queue
[2023-12-31T10:06:21.679-0300] {logging_mixin.py:188} INFO - [2023-12-31T10:06:21.678-0300] {dagbag.py:538} INFO - Filling up the DagBag from /home/felipe/.local/lib/python3.10/site-packages/airflow/example_dags/tutorial_dag.py
[2023-12-31T10:06:21.707-0300] {processor.py:840} INFO - DAG(s) 'tutorial_dag' retrieved from /home/felipe/.local/lib/python3.10/site-packages/airflow/example_dags/tutorial_dag.py
[2023-12-31T10:06:21.779-0300] {logging_mixin.py:188} INFO - [2023-12-31T10:06:21.779-0300] {dag.py:3033} INFO - Sync 1 DAGs
[2023-12-31T10:06:21.839-0300] {logging_mixin.py:188} INFO - [2023-12-31T10:06:21.839-0300] {dag.py:3820} INFO - Setting next_dagrun for tutorial_dag to None, run_after=None
[2023-12-31T10:06:21.969-0300] {processor.py:183} INFO - Processing /home/felipe/.local/lib/python3.10/site-packages/airflow/example_dags/tutorial_dag.py took 0.312 seconds
[2023-12-31T10:08:47.609-0300] {processor.py:161} INFO - Started process (PID=33802) to work on /home/felipe/.local/lib/python3.10/site-packages/airflow/example_dags/tutorial_dag.py
[2023-12-31T10:08:47.618-0300] {processor.py:830} INFO - Processing file /home/felipe/.local/lib/python3.10/site-packages/airflow/example_dags/tutorial_dag.py for tasks to queue
[2023-12-31T10:08:47.626-0300] {logging_mixin.py:188} INFO - [2023-12-31T10:08:47.619-0300] {dagbag.py:538} INFO - Filling up the DagBag from /home/felipe/.local/lib/python3.10/site-packages/airflow/example_dags/tutorial_dag.py
[2023-12-31T10:08:47.648-0300] {processor.py:840} INFO - DAG(s) 'tutorial_dag' retrieved from /home/felipe/.local/lib/python3.10/site-packages/airflow/example_dags/tutorial_dag.py
[2023-12-31T10:08:47.727-0300] {logging_mixin.py:188} INFO - [2023-12-31T10:08:47.719-0300] {dag.py:3033} INFO - Sync 1 DAGs
[2023-12-31T10:08:47.788-0300] {logging_mixin.py:188} INFO - [2023-12-31T10:08:47.787-0300] {dag.py:3820} INFO - Setting next_dagrun for tutorial_dag to None, run_after=None
[2023-12-31T10:08:47.929-0300] {processor.py:183} INFO - Processing /home/felipe/.local/lib/python3.10/site-packages/airflow/example_dags/tutorial_dag.py took 0.331 seconds
[2023-12-31T11:29:29.095-0300] {processor.py:161} INFO - Started process (PID=34023) to work on /home/felipe/.local/lib/python3.10/site-packages/airflow/example_dags/tutorial_dag.py
[2023-12-31T11:29:29.104-0300] {processor.py:830} INFO - Processing file /home/felipe/.local/lib/python3.10/site-packages/airflow/example_dags/tutorial_dag.py for tasks to queue
[2023-12-31T11:29:29.105-0300] {logging_mixin.py:188} INFO - [2023-12-31T11:29:29.105-0300] {dagbag.py:538} INFO - Filling up the DagBag from /home/felipe/.local/lib/python3.10/site-packages/airflow/example_dags/tutorial_dag.py
[2023-12-31T11:29:29.145-0300] {processor.py:840} INFO - DAG(s) 'tutorial_dag' retrieved from /home/felipe/.local/lib/python3.10/site-packages/airflow/example_dags/tutorial_dag.py
[2023-12-31T11:29:29.256-0300] {logging_mixin.py:188} INFO - [2023-12-31T11:29:29.255-0300] {dag.py:3033} INFO - Sync 1 DAGs
[2023-12-31T11:29:29.326-0300] {logging_mixin.py:188} INFO - [2023-12-31T11:29:29.325-0300] {dag.py:3820} INFO - Setting next_dagrun for tutorial_dag to None, run_after=None
[2023-12-31T11:29:29.475-0300] {processor.py:183} INFO - Processing /home/felipe/.local/lib/python3.10/site-packages/airflow/example_dags/tutorial_dag.py took 0.399 seconds
[2023-12-31T11:31:22.436-0300] {processor.py:161} INFO - Started process (PID=34270) to work on /home/felipe/.local/lib/python3.10/site-packages/airflow/example_dags/tutorial_dag.py
[2023-12-31T11:31:22.445-0300] {processor.py:830} INFO - Processing file /home/felipe/.local/lib/python3.10/site-packages/airflow/example_dags/tutorial_dag.py for tasks to queue
[2023-12-31T11:31:22.454-0300] {logging_mixin.py:188} INFO - [2023-12-31T11:31:22.446-0300] {dagbag.py:538} INFO - Filling up the DagBag from /home/felipe/.local/lib/python3.10/site-packages/airflow/example_dags/tutorial_dag.py
[2023-12-31T11:31:22.484-0300] {processor.py:840} INFO - DAG(s) 'tutorial_dag' retrieved from /home/felipe/.local/lib/python3.10/site-packages/airflow/example_dags/tutorial_dag.py
[2023-12-31T11:31:22.586-0300] {logging_mixin.py:188} INFO - [2023-12-31T11:31:22.585-0300] {dag.py:3033} INFO - Sync 1 DAGs
[2023-12-31T11:31:22.657-0300] {logging_mixin.py:188} INFO - [2023-12-31T11:31:22.656-0300] {dag.py:3820} INFO - Setting next_dagrun for tutorial_dag to None, run_after=None
[2023-12-31T11:31:22.835-0300] {processor.py:183} INFO - Processing /home/felipe/.local/lib/python3.10/site-packages/airflow/example_dags/tutorial_dag.py took 0.418 seconds
[2023-12-31T11:32:46.326-0300] {processor.py:161} INFO - Started process (PID=34372) to work on /home/felipe/.local/lib/python3.10/site-packages/airflow/example_dags/tutorial_dag.py
[2023-12-31T11:32:46.335-0300] {processor.py:830} INFO - Processing file /home/felipe/.local/lib/python3.10/site-packages/airflow/example_dags/tutorial_dag.py for tasks to queue
[2023-12-31T11:32:46.344-0300] {logging_mixin.py:188} INFO - [2023-12-31T11:32:46.336-0300] {dagbag.py:538} INFO - Filling up the DagBag from /home/felipe/.local/lib/python3.10/site-packages/airflow/example_dags/tutorial_dag.py
[2023-12-31T11:32:46.386-0300] {processor.py:840} INFO - DAG(s) 'tutorial_dag' retrieved from /home/felipe/.local/lib/python3.10/site-packages/airflow/example_dags/tutorial_dag.py
[2023-12-31T11:32:46.485-0300] {logging_mixin.py:188} INFO - [2023-12-31T11:32:46.484-0300] {dag.py:3033} INFO - Sync 1 DAGs
[2023-12-31T11:32:46.577-0300] {logging_mixin.py:188} INFO - [2023-12-31T11:32:46.576-0300] {dag.py:3820} INFO - Setting next_dagrun for tutorial_dag to None, run_after=None
[2023-12-31T11:32:46.767-0300] {processor.py:183} INFO - Processing /home/felipe/.local/lib/python3.10/site-packages/airflow/example_dags/tutorial_dag.py took 0.461 seconds
[2023-12-31T11:34:14.495-0300] {processor.py:161} INFO - Started process (PID=34466) to work on /home/felipe/.local/lib/python3.10/site-packages/airflow/example_dags/tutorial_dag.py
[2023-12-31T11:34:14.504-0300] {processor.py:830} INFO - Processing file /home/felipe/.local/lib/python3.10/site-packages/airflow/example_dags/tutorial_dag.py for tasks to queue
[2023-12-31T11:34:14.506-0300] {logging_mixin.py:188} INFO - [2023-12-31T11:34:14.505-0300] {dagbag.py:538} INFO - Filling up the DagBag from /home/felipe/.local/lib/python3.10/site-packages/airflow/example_dags/tutorial_dag.py
[2023-12-31T11:34:14.544-0300] {processor.py:840} INFO - DAG(s) 'tutorial_dag' retrieved from /home/felipe/.local/lib/python3.10/site-packages/airflow/example_dags/tutorial_dag.py
[2023-12-31T11:34:14.626-0300] {logging_mixin.py:188} INFO - [2023-12-31T11:34:14.626-0300] {dag.py:3033} INFO - Sync 1 DAGs
[2023-12-31T11:34:14.705-0300] {logging_mixin.py:188} INFO - [2023-12-31T11:34:14.705-0300] {dag.py:3820} INFO - Setting next_dagrun for tutorial_dag to None, run_after=None
[2023-12-31T11:34:14.864-0300] {processor.py:183} INFO - Processing /home/felipe/.local/lib/python3.10/site-packages/airflow/example_dags/tutorial_dag.py took 0.380 seconds
[2023-12-31T11:35:40.176-0300] {processor.py:161} INFO - Started process (PID=34590) to work on /home/felipe/.local/lib/python3.10/site-packages/airflow/example_dags/tutorial_dag.py
[2023-12-31T11:35:40.194-0300] {processor.py:830} INFO - Processing file /home/felipe/.local/lib/python3.10/site-packages/airflow/example_dags/tutorial_dag.py for tasks to queue
[2023-12-31T11:35:40.195-0300] {logging_mixin.py:188} INFO - [2023-12-31T11:35:40.195-0300] {dagbag.py:538} INFO - Filling up the DagBag from /home/felipe/.local/lib/python3.10/site-packages/airflow/example_dags/tutorial_dag.py
[2023-12-31T11:35:40.225-0300] {processor.py:840} INFO - DAG(s) 'tutorial_dag' retrieved from /home/felipe/.local/lib/python3.10/site-packages/airflow/example_dags/tutorial_dag.py
[2023-12-31T11:35:40.317-0300] {logging_mixin.py:188} INFO - [2023-12-31T11:35:40.316-0300] {dag.py:3033} INFO - Sync 1 DAGs
[2023-12-31T11:35:40.387-0300] {logging_mixin.py:188} INFO - [2023-12-31T11:35:40.386-0300] {dag.py:3820} INFO - Setting next_dagrun for tutorial_dag to None, run_after=None
[2023-12-31T11:35:40.586-0300] {processor.py:183} INFO - Processing /home/felipe/.local/lib/python3.10/site-packages/airflow/example_dags/tutorial_dag.py took 0.421 seconds
[2023-12-31T11:37:02.666-0300] {processor.py:161} INFO - Started process (PID=34679) to work on /home/felipe/.local/lib/python3.10/site-packages/airflow/example_dags/tutorial_dag.py
[2023-12-31T11:37:02.676-0300] {processor.py:830} INFO - Processing file /home/felipe/.local/lib/python3.10/site-packages/airflow/example_dags/tutorial_dag.py for tasks to queue
[2023-12-31T11:37:02.684-0300] {logging_mixin.py:188} INFO - [2023-12-31T11:37:02.684-0300] {dagbag.py:538} INFO - Filling up the DagBag from /home/felipe/.local/lib/python3.10/site-packages/airflow/example_dags/tutorial_dag.py
[2023-12-31T11:37:02.716-0300] {processor.py:840} INFO - DAG(s) 'tutorial_dag' retrieved from /home/felipe/.local/lib/python3.10/site-packages/airflow/example_dags/tutorial_dag.py
[2023-12-31T11:37:02.806-0300] {logging_mixin.py:188} INFO - [2023-12-31T11:37:02.805-0300] {dag.py:3033} INFO - Sync 1 DAGs
[2023-12-31T11:37:02.875-0300] {logging_mixin.py:188} INFO - [2023-12-31T11:37:02.875-0300] {dag.py:3820} INFO - Setting next_dagrun for tutorial_dag to None, run_after=None
[2023-12-31T11:37:03.095-0300] {processor.py:183} INFO - Processing /home/felipe/.local/lib/python3.10/site-packages/airflow/example_dags/tutorial_dag.py took 0.441 seconds
[2023-12-31T11:38:25.484-0300] {processor.py:161} INFO - Started process (PID=34768) to work on /home/felipe/.local/lib/python3.10/site-packages/airflow/example_dags/tutorial_dag.py
[2023-12-31T11:38:25.494-0300] {processor.py:830} INFO - Processing file /home/felipe/.local/lib/python3.10/site-packages/airflow/example_dags/tutorial_dag.py for tasks to queue
[2023-12-31T11:38:25.495-0300] {logging_mixin.py:188} INFO - [2023-12-31T11:38:25.495-0300] {dagbag.py:538} INFO - Filling up the DagBag from /home/felipe/.local/lib/python3.10/site-packages/airflow/example_dags/tutorial_dag.py
[2023-12-31T11:38:25.526-0300] {processor.py:840} INFO - DAG(s) 'tutorial_dag' retrieved from /home/felipe/.local/lib/python3.10/site-packages/airflow/example_dags/tutorial_dag.py
[2023-12-31T11:38:25.666-0300] {logging_mixin.py:188} INFO - [2023-12-31T11:38:25.665-0300] {dag.py:3033} INFO - Sync 1 DAGs
[2023-12-31T11:38:25.776-0300] {logging_mixin.py:188} INFO - [2023-12-31T11:38:25.775-0300] {dag.py:3820} INFO - Setting next_dagrun for tutorial_dag to None, run_after=None
[2023-12-31T11:38:25.974-0300] {processor.py:183} INFO - Processing /home/felipe/.local/lib/python3.10/site-packages/airflow/example_dags/tutorial_dag.py took 0.509 seconds
[2023-12-31T11:39:48.655-0300] {processor.py:161} INFO - Started process (PID=34863) to work on /home/felipe/.local/lib/python3.10/site-packages/airflow/example_dags/tutorial_dag.py
[2023-12-31T11:39:48.664-0300] {processor.py:830} INFO - Processing file /home/felipe/.local/lib/python3.10/site-packages/airflow/example_dags/tutorial_dag.py for tasks to queue
[2023-12-31T11:39:48.666-0300] {logging_mixin.py:188} INFO - [2023-12-31T11:39:48.666-0300] {dagbag.py:538} INFO - Filling up the DagBag from /home/felipe/.local/lib/python3.10/site-packages/airflow/example_dags/tutorial_dag.py
[2023-12-31T11:39:48.716-0300] {processor.py:840} INFO - DAG(s) 'tutorial_dag' retrieved from /home/felipe/.local/lib/python3.10/site-packages/airflow/example_dags/tutorial_dag.py
[2023-12-31T11:39:48.864-0300] {logging_mixin.py:188} INFO - [2023-12-31T11:39:48.856-0300] {dag.py:3033} INFO - Sync 1 DAGs
[2023-12-31T11:39:48.964-0300] {logging_mixin.py:188} INFO - [2023-12-31T11:39:48.956-0300] {dag.py:3820} INFO - Setting next_dagrun for tutorial_dag to None, run_after=None
[2023-12-31T11:39:49.155-0300] {processor.py:183} INFO - Processing /home/felipe/.local/lib/python3.10/site-packages/airflow/example_dags/tutorial_dag.py took 0.521 seconds
[2023-12-31T11:41:12.594-0300] {processor.py:161} INFO - Started process (PID=34979) to work on /home/felipe/.local/lib/python3.10/site-packages/airflow/example_dags/tutorial_dag.py
[2023-12-31T11:41:12.596-0300] {processor.py:830} INFO - Processing file /home/felipe/.local/lib/python3.10/site-packages/airflow/example_dags/tutorial_dag.py for tasks to queue
[2023-12-31T11:41:12.604-0300] {logging_mixin.py:188} INFO - [2023-12-31T11:41:12.604-0300] {dagbag.py:538} INFO - Filling up the DagBag from /home/felipe/.local/lib/python3.10/site-packages/airflow/example_dags/tutorial_dag.py
[2023-12-31T11:41:12.635-0300] {processor.py:840} INFO - DAG(s) 'tutorial_dag' retrieved from /home/felipe/.local/lib/python3.10/site-packages/airflow/example_dags/tutorial_dag.py
[2023-12-31T11:41:12.726-0300] {logging_mixin.py:188} INFO - [2023-12-31T11:41:12.725-0300] {dag.py:3033} INFO - Sync 1 DAGs
[2023-12-31T11:41:12.796-0300] {logging_mixin.py:188} INFO - [2023-12-31T11:41:12.796-0300] {dag.py:3820} INFO - Setting next_dagrun for tutorial_dag to None, run_after=None
[2023-12-31T11:41:12.984-0300] {processor.py:183} INFO - Processing /home/felipe/.local/lib/python3.10/site-packages/airflow/example_dags/tutorial_dag.py took 0.419 seconds
[2023-12-31T11:42:46.026-0300] {processor.py:161} INFO - Started process (PID=35083) to work on /home/felipe/.local/lib/python3.10/site-packages/airflow/example_dags/tutorial_dag.py
[2023-12-31T11:42:46.035-0300] {processor.py:830} INFO - Processing file /home/felipe/.local/lib/python3.10/site-packages/airflow/example_dags/tutorial_dag.py for tasks to queue
[2023-12-31T11:42:46.046-0300] {logging_mixin.py:188} INFO - [2023-12-31T11:42:46.036-0300] {dagbag.py:538} INFO - Filling up the DagBag from /home/felipe/.local/lib/python3.10/site-packages/airflow/example_dags/tutorial_dag.py
[2023-12-31T11:42:46.084-0300] {processor.py:840} INFO - DAG(s) 'tutorial_dag' retrieved from /home/felipe/.local/lib/python3.10/site-packages/airflow/example_dags/tutorial_dag.py
[2023-12-31T11:42:46.184-0300] {logging_mixin.py:188} INFO - [2023-12-31T11:42:46.176-0300] {dag.py:3033} INFO - Sync 1 DAGs
[2023-12-31T11:42:46.266-0300] {logging_mixin.py:188} INFO - [2023-12-31T11:42:46.266-0300] {dag.py:3820} INFO - Setting next_dagrun for tutorial_dag to None, run_after=None
[2023-12-31T11:42:46.505-0300] {processor.py:183} INFO - Processing /home/felipe/.local/lib/python3.10/site-packages/airflow/example_dags/tutorial_dag.py took 0.490 seconds
[2023-12-31T11:44:26.354-0300] {processor.py:161} INFO - Started process (PID=35206) to work on /home/felipe/.local/lib/python3.10/site-packages/airflow/example_dags/tutorial_dag.py
[2023-12-31T11:44:26.364-0300] {processor.py:830} INFO - Processing file /home/felipe/.local/lib/python3.10/site-packages/airflow/example_dags/tutorial_dag.py for tasks to queue
[2023-12-31T11:44:26.366-0300] {logging_mixin.py:188} INFO - [2023-12-31T11:44:26.366-0300] {dagbag.py:538} INFO - Filling up the DagBag from /home/felipe/.local/lib/python3.10/site-packages/airflow/example_dags/tutorial_dag.py
[2023-12-31T11:44:26.405-0300] {processor.py:840} INFO - DAG(s) 'tutorial_dag' retrieved from /home/felipe/.local/lib/python3.10/site-packages/airflow/example_dags/tutorial_dag.py
[2023-12-31T11:44:26.545-0300] {logging_mixin.py:188} INFO - [2023-12-31T11:44:26.545-0300] {dag.py:3033} INFO - Sync 1 DAGs
[2023-12-31T11:44:26.655-0300] {logging_mixin.py:188} INFO - [2023-12-31T11:44:26.655-0300] {dag.py:3820} INFO - Setting next_dagrun for tutorial_dag to None, run_after=None
[2023-12-31T11:44:26.896-0300] {processor.py:183} INFO - Processing /home/felipe/.local/lib/python3.10/site-packages/airflow/example_dags/tutorial_dag.py took 0.562 seconds
[2023-12-31T11:46:03.764-0300] {processor.py:161} INFO - Started process (PID=35332) to work on /home/felipe/.local/lib/python3.10/site-packages/airflow/example_dags/tutorial_dag.py
[2023-12-31T11:46:03.774-0300] {processor.py:830} INFO - Processing file /home/felipe/.local/lib/python3.10/site-packages/airflow/example_dags/tutorial_dag.py for tasks to queue
[2023-12-31T11:46:03.784-0300] {logging_mixin.py:188} INFO - [2023-12-31T11:46:03.776-0300] {dagbag.py:538} INFO - Filling up the DagBag from /home/felipe/.local/lib/python3.10/site-packages/airflow/example_dags/tutorial_dag.py
[2023-12-31T11:46:03.865-0300] {processor.py:840} INFO - DAG(s) 'tutorial_dag' retrieved from /home/felipe/.local/lib/python3.10/site-packages/airflow/example_dags/tutorial_dag.py
[2023-12-31T11:46:04.006-0300] {logging_mixin.py:188} INFO - [2023-12-31T11:46:04.005-0300] {dag.py:3033} INFO - Sync 1 DAGs
[2023-12-31T11:46:04.094-0300] {logging_mixin.py:188} INFO - [2023-12-31T11:46:04.094-0300] {dag.py:3820} INFO - Setting next_dagrun for tutorial_dag to None, run_after=None
[2023-12-31T11:46:04.314-0300] {processor.py:183} INFO - Processing /home/felipe/.local/lib/python3.10/site-packages/airflow/example_dags/tutorial_dag.py took 0.578 seconds
[2023-12-31T11:47:41.504-0300] {processor.py:161} INFO - Started process (PID=35474) to work on /home/felipe/.local/lib/python3.10/site-packages/airflow/example_dags/tutorial_dag.py
[2023-12-31T11:47:41.514-0300] {processor.py:830} INFO - Processing file /home/felipe/.local/lib/python3.10/site-packages/airflow/example_dags/tutorial_dag.py for tasks to queue
[2023-12-31T11:47:41.524-0300] {logging_mixin.py:188} INFO - [2023-12-31T11:47:41.515-0300] {dagbag.py:538} INFO - Filling up the DagBag from /home/felipe/.local/lib/python3.10/site-packages/airflow/example_dags/tutorial_dag.py
[2023-12-31T11:47:41.576-0300] {processor.py:840} INFO - DAG(s) 'tutorial_dag' retrieved from /home/felipe/.local/lib/python3.10/site-packages/airflow/example_dags/tutorial_dag.py
[2023-12-31T11:47:41.756-0300] {logging_mixin.py:188} INFO - [2023-12-31T11:47:41.755-0300] {dag.py:3033} INFO - Sync 1 DAGs
[2023-12-31T11:47:41.866-0300] {logging_mixin.py:188} INFO - [2023-12-31T11:47:41.866-0300] {dag.py:3820} INFO - Setting next_dagrun for tutorial_dag to None, run_after=None
[2023-12-31T11:47:42.095-0300] {processor.py:183} INFO - Processing /home/felipe/.local/lib/python3.10/site-packages/airflow/example_dags/tutorial_dag.py took 0.619 seconds
[2023-12-31T11:49:59.394-0300] {processor.py:161} INFO - Started process (PID=35621) to work on /home/felipe/.local/lib/python3.10/site-packages/airflow/example_dags/tutorial_dag.py
[2023-12-31T11:49:59.405-0300] {processor.py:830} INFO - Processing file /home/felipe/.local/lib/python3.10/site-packages/airflow/example_dags/tutorial_dag.py for tasks to queue
[2023-12-31T11:49:59.415-0300] {logging_mixin.py:188} INFO - [2023-12-31T11:49:59.406-0300] {dagbag.py:538} INFO - Filling up the DagBag from /home/felipe/.local/lib/python3.10/site-packages/airflow/example_dags/tutorial_dag.py
[2023-12-31T11:49:59.476-0300] {processor.py:840} INFO - DAG(s) 'tutorial_dag' retrieved from /home/felipe/.local/lib/python3.10/site-packages/airflow/example_dags/tutorial_dag.py
[2023-12-31T11:49:59.655-0300] {logging_mixin.py:188} INFO - [2023-12-31T11:49:59.654-0300] {dag.py:3033} INFO - Sync 1 DAGs
[2023-12-31T11:49:59.745-0300] {logging_mixin.py:188} INFO - [2023-12-31T11:49:59.745-0300] {dag.py:3820} INFO - Setting next_dagrun for tutorial_dag to None, run_after=None
[2023-12-31T11:49:59.994-0300] {processor.py:183} INFO - Processing /home/felipe/.local/lib/python3.10/site-packages/airflow/example_dags/tutorial_dag.py took 0.639 seconds
[2023-12-31T11:52:22.625-0300] {processor.py:161} INFO - Started process (PID=35777) to work on /home/felipe/.local/lib/python3.10/site-packages/airflow/example_dags/tutorial_dag.py
[2023-12-31T11:52:22.654-0300] {processor.py:830} INFO - Processing file /home/felipe/.local/lib/python3.10/site-packages/airflow/example_dags/tutorial_dag.py for tasks to queue
[2023-12-31T11:52:22.685-0300] {logging_mixin.py:188} INFO - [2023-12-31T11:52:22.675-0300] {dagbag.py:538} INFO - Filling up the DagBag from /home/felipe/.local/lib/python3.10/site-packages/airflow/example_dags/tutorial_dag.py
[2023-12-31T11:52:22.775-0300] {processor.py:840} INFO - DAG(s) 'tutorial_dag' retrieved from /home/felipe/.local/lib/python3.10/site-packages/airflow/example_dags/tutorial_dag.py
[2023-12-31T11:52:23.244-0300] {logging_mixin.py:188} INFO - [2023-12-31T11:52:23.236-0300] {dag.py:3033} INFO - Sync 1 DAGs
[2023-12-31T11:52:23.544-0300] {logging_mixin.py:188} INFO - [2023-12-31T11:52:23.535-0300] {dag.py:3820} INFO - Setting next_dagrun for tutorial_dag to None, run_after=None
[2023-12-31T11:52:24.076-0300] {processor.py:183} INFO - Processing /home/felipe/.local/lib/python3.10/site-packages/airflow/example_dags/tutorial_dag.py took 1.511 seconds
[2023-12-31T11:54:52.805-0300] {processor.py:161} INFO - Started process (PID=35899) to work on /home/felipe/.local/lib/python3.10/site-packages/airflow/example_dags/tutorial_dag.py
[2023-12-31T11:54:52.824-0300] {processor.py:830} INFO - Processing file /home/felipe/.local/lib/python3.10/site-packages/airflow/example_dags/tutorial_dag.py for tasks to queue
[2023-12-31T11:54:52.835-0300] {logging_mixin.py:188} INFO - [2023-12-31T11:54:52.826-0300] {dagbag.py:538} INFO - Filling up the DagBag from /home/felipe/.local/lib/python3.10/site-packages/airflow/example_dags/tutorial_dag.py
[2023-12-31T11:54:52.904-0300] {processor.py:840} INFO - DAG(s) 'tutorial_dag' retrieved from /home/felipe/.local/lib/python3.10/site-packages/airflow/example_dags/tutorial_dag.py
[2023-12-31T11:54:53.074-0300] {logging_mixin.py:188} INFO - [2023-12-31T11:54:53.066-0300] {dag.py:3033} INFO - Sync 1 DAGs
[2023-12-31T11:54:53.186-0300] {logging_mixin.py:188} INFO - [2023-12-31T11:54:53.185-0300] {dag.py:3820} INFO - Setting next_dagrun for tutorial_dag to None, run_after=None
[2023-12-31T11:54:53.475-0300] {processor.py:183} INFO - Processing /home/felipe/.local/lib/python3.10/site-packages/airflow/example_dags/tutorial_dag.py took 0.690 seconds
[2023-12-31T11:56:43.046-0300] {processor.py:161} INFO - Started process (PID=36036) to work on /home/felipe/.local/lib/python3.10/site-packages/airflow/example_dags/tutorial_dag.py
[2023-12-31T11:56:43.056-0300] {processor.py:830} INFO - Processing file /home/felipe/.local/lib/python3.10/site-packages/airflow/example_dags/tutorial_dag.py for tasks to queue
[2023-12-31T11:56:43.065-0300] {logging_mixin.py:188} INFO - [2023-12-31T11:56:43.065-0300] {dagbag.py:538} INFO - Filling up the DagBag from /home/felipe/.local/lib/python3.10/site-packages/airflow/example_dags/tutorial_dag.py
[2023-12-31T11:56:43.125-0300] {processor.py:840} INFO - DAG(s) 'tutorial_dag' retrieved from /home/felipe/.local/lib/python3.10/site-packages/airflow/example_dags/tutorial_dag.py
[2023-12-31T11:56:43.275-0300] {logging_mixin.py:188} INFO - [2023-12-31T11:56:43.275-0300] {dag.py:3033} INFO - Sync 1 DAGs
[2023-12-31T11:56:43.385-0300] {logging_mixin.py:188} INFO - [2023-12-31T11:56:43.384-0300] {dag.py:3820} INFO - Setting next_dagrun for tutorial_dag to None, run_after=None
[2023-12-31T11:56:43.634-0300] {processor.py:183} INFO - Processing /home/felipe/.local/lib/python3.10/site-packages/airflow/example_dags/tutorial_dag.py took 0.619 seconds
[2023-12-31T11:58:28.645-0300] {processor.py:161} INFO - Started process (PID=36139) to work on /home/felipe/.local/lib/python3.10/site-packages/airflow/example_dags/tutorial_dag.py
[2023-12-31T11:58:28.655-0300] {processor.py:830} INFO - Processing file /home/felipe/.local/lib/python3.10/site-packages/airflow/example_dags/tutorial_dag.py for tasks to queue
[2023-12-31T11:58:28.664-0300] {logging_mixin.py:188} INFO - [2023-12-31T11:58:28.664-0300] {dagbag.py:538} INFO - Filling up the DagBag from /home/felipe/.local/lib/python3.10/site-packages/airflow/example_dags/tutorial_dag.py
[2023-12-31T11:58:28.705-0300] {processor.py:840} INFO - DAG(s) 'tutorial_dag' retrieved from /home/felipe/.local/lib/python3.10/site-packages/airflow/example_dags/tutorial_dag.py
[2023-12-31T11:58:28.854-0300] {logging_mixin.py:188} INFO - [2023-12-31T11:58:28.846-0300] {dag.py:3033} INFO - Sync 1 DAGs
[2023-12-31T11:58:28.974-0300] {logging_mixin.py:188} INFO - [2023-12-31T11:58:28.965-0300] {dag.py:3820} INFO - Setting next_dagrun for tutorial_dag to None, run_after=None
[2023-12-31T11:58:29.214-0300] {processor.py:183} INFO - Processing /home/felipe/.local/lib/python3.10/site-packages/airflow/example_dags/tutorial_dag.py took 0.590 seconds
[2023-12-31T12:00:15.845-0300] {processor.py:161} INFO - Started process (PID=36271) to work on /home/felipe/.local/lib/python3.10/site-packages/airflow/example_dags/tutorial_dag.py
[2023-12-31T12:00:15.855-0300] {processor.py:830} INFO - Processing file /home/felipe/.local/lib/python3.10/site-packages/airflow/example_dags/tutorial_dag.py for tasks to queue
[2023-12-31T12:00:15.865-0300] {logging_mixin.py:188} INFO - [2023-12-31T12:00:15.864-0300] {dagbag.py:538} INFO - Filling up the DagBag from /home/felipe/.local/lib/python3.10/site-packages/airflow/example_dags/tutorial_dag.py
[2023-12-31T12:00:15.914-0300] {processor.py:840} INFO - DAG(s) 'tutorial_dag' retrieved from /home/felipe/.local/lib/python3.10/site-packages/airflow/example_dags/tutorial_dag.py
[2023-12-31T12:00:16.075-0300] {logging_mixin.py:188} INFO - [2023-12-31T12:00:16.075-0300] {dag.py:3033} INFO - Sync 1 DAGs
[2023-12-31T12:00:16.226-0300] {logging_mixin.py:188} INFO - [2023-12-31T12:00:16.225-0300] {dag.py:3820} INFO - Setting next_dagrun for tutorial_dag to None, run_after=None
[2023-12-31T12:00:16.484-0300] {processor.py:183} INFO - Processing /home/felipe/.local/lib/python3.10/site-packages/airflow/example_dags/tutorial_dag.py took 0.659 seconds
[2023-12-31T12:02:05.924-0300] {processor.py:161} INFO - Started process (PID=36376) to work on /home/felipe/.local/lib/python3.10/site-packages/airflow/example_dags/tutorial_dag.py
[2023-12-31T12:02:05.934-0300] {processor.py:830} INFO - Processing file /home/felipe/.local/lib/python3.10/site-packages/airflow/example_dags/tutorial_dag.py for tasks to queue
[2023-12-31T12:02:05.935-0300] {logging_mixin.py:188} INFO - [2023-12-31T12:02:05.935-0300] {dagbag.py:538} INFO - Filling up the DagBag from /home/felipe/.local/lib/python3.10/site-packages/airflow/example_dags/tutorial_dag.py
[2023-12-31T12:02:06.004-0300] {processor.py:840} INFO - DAG(s) 'tutorial_dag' retrieved from /home/felipe/.local/lib/python3.10/site-packages/airflow/example_dags/tutorial_dag.py
[2023-12-31T12:02:06.225-0300] {logging_mixin.py:188} INFO - [2023-12-31T12:02:06.224-0300] {dag.py:3033} INFO - Sync 1 DAGs
[2023-12-31T12:02:06.404-0300] {logging_mixin.py:188} INFO - [2023-12-31T12:02:06.395-0300] {dag.py:3820} INFO - Setting next_dagrun for tutorial_dag to None, run_after=None
[2023-12-31T12:02:06.805-0300] {processor.py:183} INFO - Processing /home/felipe/.local/lib/python3.10/site-packages/airflow/example_dags/tutorial_dag.py took 0.910 seconds
[2023-12-31T12:04:12.225-0300] {processor.py:161} INFO - Started process (PID=36493) to work on /home/felipe/.local/lib/python3.10/site-packages/airflow/example_dags/tutorial_dag.py
[2023-12-31T12:04:12.244-0300] {processor.py:830} INFO - Processing file /home/felipe/.local/lib/python3.10/site-packages/airflow/example_dags/tutorial_dag.py for tasks to queue
[2023-12-31T12:04:12.255-0300] {logging_mixin.py:188} INFO - [2023-12-31T12:04:12.254-0300] {dagbag.py:538} INFO - Filling up the DagBag from /home/felipe/.local/lib/python3.10/site-packages/airflow/example_dags/tutorial_dag.py
[2023-12-31T12:04:12.335-0300] {processor.py:840} INFO - DAG(s) 'tutorial_dag' retrieved from /home/felipe/.local/lib/python3.10/site-packages/airflow/example_dags/tutorial_dag.py
[2023-12-31T12:04:12.555-0300] {logging_mixin.py:188} INFO - [2023-12-31T12:04:12.545-0300] {dag.py:3033} INFO - Sync 1 DAGs
[2023-12-31T12:04:12.704-0300] {logging_mixin.py:188} INFO - [2023-12-31T12:04:12.695-0300] {dag.py:3820} INFO - Setting next_dagrun for tutorial_dag to None, run_after=None
[2023-12-31T12:04:13.055-0300] {processor.py:183} INFO - Processing /home/felipe/.local/lib/python3.10/site-packages/airflow/example_dags/tutorial_dag.py took 0.860 seconds
[2023-12-31T12:08:00.284-0300] {processor.py:161} INFO - Started process (PID=36788) to work on /home/felipe/.local/lib/python3.10/site-packages/airflow/example_dags/tutorial_dag.py
[2023-12-31T12:08:00.305-0300] {processor.py:830} INFO - Processing file /home/felipe/.local/lib/python3.10/site-packages/airflow/example_dags/tutorial_dag.py for tasks to queue
[2023-12-31T12:08:00.325-0300] {logging_mixin.py:188} INFO - [2023-12-31T12:08:00.315-0300] {dagbag.py:538} INFO - Filling up the DagBag from /home/felipe/.local/lib/python3.10/site-packages/airflow/example_dags/tutorial_dag.py
[2023-12-31T12:08:00.515-0300] {processor.py:840} INFO - DAG(s) 'tutorial_dag' retrieved from /home/felipe/.local/lib/python3.10/site-packages/airflow/example_dags/tutorial_dag.py
[2023-12-31T12:08:00.994-0300] {logging_mixin.py:188} INFO - [2023-12-31T12:08:00.994-0300] {dag.py:3033} INFO - Sync 1 DAGs
[2023-12-31T12:08:01.325-0300] {logging_mixin.py:188} INFO - [2023-12-31T12:08:01.315-0300] {dag.py:3820} INFO - Setting next_dagrun for tutorial_dag to None, run_after=None
[2023-12-31T12:08:01.944-0300] {processor.py:183} INFO - Processing /home/felipe/.local/lib/python3.10/site-packages/airflow/example_dags/tutorial_dag.py took 1.710 seconds
