[2023-12-31T09:37:01.966-0300] {processor.py:161} INFO - Started process (PID=32076) to work on /home/felipe/.local/lib/python3.10/site-packages/airflow/example_dags/tutorial_objectstorage.py
[2023-12-31T09:37:01.968-0300] {processor.py:830} INFO - Processing file /home/felipe/.local/lib/python3.10/site-packages/airflow/example_dags/tutorial_objectstorage.py for tasks to queue
[2023-12-31T09:37:01.979-0300] {logging_mixin.py:188} INFO - [2023-12-31T09:37:01.969-0300] {dagbag.py:538} INFO - Filling up the DagBag from /home/felipe/.local/lib/python3.10/site-packages/airflow/example_dags/tutorial_objectstorage.py
[2023-12-31T09:37:02.039-0300] {processor.py:840} INFO - DAG(s) 'tutorial_objectstorage' retrieved from /home/felipe/.local/lib/python3.10/site-packages/airflow/example_dags/tutorial_objectstorage.py
[2023-12-31T09:37:02.399-0300] {logging_mixin.py:188} INFO - [2023-12-31T09:37:02.399-0300] {dag.py:3033} INFO - Sync 1 DAGs
[2023-12-31T09:37:02.437-0300] {logging_mixin.py:188} INFO - [2023-12-31T09:37:02.436-0300] {dag.py:3820} INFO - Setting next_dagrun for tutorial_objectstorage to None, run_after=None
[2023-12-31T09:37:02.537-0300] {processor.py:183} INFO - Processing /home/felipe/.local/lib/python3.10/site-packages/airflow/example_dags/tutorial_objectstorage.py took 0.588 seconds
[2023-12-31T09:38:56.180-0300] {processor.py:161} INFO - Started process (PID=32198) to work on /home/felipe/.local/lib/python3.10/site-packages/airflow/example_dags/tutorial_objectstorage.py
[2023-12-31T09:38:56.197-0300] {processor.py:830} INFO - Processing file /home/felipe/.local/lib/python3.10/site-packages/airflow/example_dags/tutorial_objectstorage.py for tasks to queue
[2023-12-31T09:38:56.199-0300] {logging_mixin.py:188} INFO - [2023-12-31T09:38:56.198-0300] {dagbag.py:538} INFO - Filling up the DagBag from /home/felipe/.local/lib/python3.10/site-packages/airflow/example_dags/tutorial_objectstorage.py
[2023-12-31T09:38:56.238-0300] {processor.py:840} INFO - DAG(s) 'tutorial_objectstorage' retrieved from /home/felipe/.local/lib/python3.10/site-packages/airflow/example_dags/tutorial_objectstorage.py
[2023-12-31T09:38:56.359-0300] {logging_mixin.py:188} INFO - [2023-12-31T09:38:56.358-0300] {dag.py:3033} INFO - Sync 1 DAGs
[2023-12-31T09:38:56.457-0300] {logging_mixin.py:188} INFO - [2023-12-31T09:38:56.451-0300] {dag.py:3820} INFO - Setting next_dagrun for tutorial_objectstorage to None, run_after=None
[2023-12-31T09:38:56.698-0300] {processor.py:183} INFO - Processing /home/felipe/.local/lib/python3.10/site-packages/airflow/example_dags/tutorial_objectstorage.py took 0.537 seconds
[2023-12-31T09:53:00.739-0300] {processor.py:161} INFO - Started process (PID=32812) to work on /home/felipe/.local/lib/python3.10/site-packages/airflow/example_dags/tutorial_objectstorage.py
[2023-12-31T09:53:00.787-0300] {processor.py:830} INFO - Processing file /home/felipe/.local/lib/python3.10/site-packages/airflow/example_dags/tutorial_objectstorage.py for tasks to queue
[2023-12-31T09:53:00.800-0300] {logging_mixin.py:188} INFO - [2023-12-31T09:53:00.798-0300] {dagbag.py:538} INFO - Filling up the DagBag from /home/felipe/.local/lib/python3.10/site-packages/airflow/example_dags/tutorial_objectstorage.py
[2023-12-31T09:53:00.919-0300] {processor.py:840} INFO - DAG(s) 'tutorial_objectstorage' retrieved from /home/felipe/.local/lib/python3.10/site-packages/airflow/example_dags/tutorial_objectstorage.py
[2023-12-31T09:53:02.040-0300] {logging_mixin.py:188} INFO - [2023-12-31T09:53:02.039-0300] {dag.py:3033} INFO - Sync 1 DAGs
[2023-12-31T09:53:02.109-0300] {logging_mixin.py:188} INFO - [2023-12-31T09:53:02.108-0300] {dag.py:3820} INFO - Setting next_dagrun for tutorial_objectstorage to None, run_after=None
[2023-12-31T09:53:02.378-0300] {processor.py:183} INFO - Processing /home/felipe/.local/lib/python3.10/site-packages/airflow/example_dags/tutorial_objectstorage.py took 1.708 seconds
[2023-12-31T09:56:16.248-0300] {processor.py:161} INFO - Started process (PID=32992) to work on /home/felipe/.local/lib/python3.10/site-packages/airflow/example_dags/tutorial_objectstorage.py
[2023-12-31T09:56:16.258-0300] {processor.py:830} INFO - Processing file /home/felipe/.local/lib/python3.10/site-packages/airflow/example_dags/tutorial_objectstorage.py for tasks to queue
[2023-12-31T09:56:16.267-0300] {logging_mixin.py:188} INFO - [2023-12-31T09:56:16.259-0300] {dagbag.py:538} INFO - Filling up the DagBag from /home/felipe/.local/lib/python3.10/site-packages/airflow/example_dags/tutorial_objectstorage.py
[2023-12-31T09:56:16.339-0300] {processor.py:840} INFO - DAG(s) 'tutorial_objectstorage' retrieved from /home/felipe/.local/lib/python3.10/site-packages/airflow/example_dags/tutorial_objectstorage.py
[2023-12-31T09:56:16.519-0300] {logging_mixin.py:188} INFO - [2023-12-31T09:56:16.518-0300] {dag.py:3033} INFO - Sync 1 DAGs
[2023-12-31T09:56:16.697-0300] {logging_mixin.py:188} INFO - [2023-12-31T09:56:16.689-0300] {dag.py:3820} INFO - Setting next_dagrun for tutorial_objectstorage to None, run_after=None
[2023-12-31T09:56:16.959-0300] {processor.py:183} INFO - Processing /home/felipe/.local/lib/python3.10/site-packages/airflow/example_dags/tutorial_objectstorage.py took 0.733 seconds
[2023-12-31T10:00:14.887-0300] {processor.py:161} INFO - Started process (PID=33165) to work on /home/felipe/.local/lib/python3.10/site-packages/airflow/example_dags/tutorial_objectstorage.py
[2023-12-31T10:00:14.889-0300] {processor.py:830} INFO - Processing file /home/felipe/.local/lib/python3.10/site-packages/airflow/example_dags/tutorial_objectstorage.py for tasks to queue
[2023-12-31T10:00:14.896-0300] {logging_mixin.py:188} INFO - [2023-12-31T10:00:14.890-0300] {dagbag.py:538} INFO - Filling up the DagBag from /home/felipe/.local/lib/python3.10/site-packages/airflow/example_dags/tutorial_objectstorage.py
[2023-12-31T10:00:14.926-0300] {processor.py:840} INFO - DAG(s) 'tutorial_objectstorage' retrieved from /home/felipe/.local/lib/python3.10/site-packages/airflow/example_dags/tutorial_objectstorage.py
[2023-12-31T10:00:15.016-0300] {logging_mixin.py:188} INFO - [2023-12-31T10:00:15.009-0300] {dag.py:3033} INFO - Sync 1 DAGs
[2023-12-31T10:00:15.076-0300] {logging_mixin.py:188} INFO - [2023-12-31T10:00:15.070-0300] {dag.py:3820} INFO - Setting next_dagrun for tutorial_objectstorage to None, run_after=None
[2023-12-31T10:00:15.207-0300] {processor.py:183} INFO - Processing /home/felipe/.local/lib/python3.10/site-packages/airflow/example_dags/tutorial_objectstorage.py took 0.337 seconds
[2023-12-31T10:01:42.409-0300] {processor.py:161} INFO - Started process (PID=33302) to work on /home/felipe/.local/lib/python3.10/site-packages/airflow/example_dags/tutorial_objectstorage.py
[2023-12-31T10:01:42.418-0300] {processor.py:830} INFO - Processing file /home/felipe/.local/lib/python3.10/site-packages/airflow/example_dags/tutorial_objectstorage.py for tasks to queue
[2023-12-31T10:01:42.419-0300] {logging_mixin.py:188} INFO - [2023-12-31T10:01:42.419-0300] {dagbag.py:538} INFO - Filling up the DagBag from /home/felipe/.local/lib/python3.10/site-packages/airflow/example_dags/tutorial_objectstorage.py
[2023-12-31T10:01:42.449-0300] {processor.py:840} INFO - DAG(s) 'tutorial_objectstorage' retrieved from /home/felipe/.local/lib/python3.10/site-packages/airflow/example_dags/tutorial_objectstorage.py
[2023-12-31T10:01:42.519-0300] {logging_mixin.py:188} INFO - [2023-12-31T10:01:42.518-0300] {dag.py:3033} INFO - Sync 1 DAGs
[2023-12-31T10:01:42.577-0300] {logging_mixin.py:188} INFO - [2023-12-31T10:01:42.577-0300] {dag.py:3820} INFO - Setting next_dagrun for tutorial_objectstorage to None, run_after=None
[2023-12-31T10:01:42.720-0300] {processor.py:183} INFO - Processing /home/felipe/.local/lib/python3.10/site-packages/airflow/example_dags/tutorial_objectstorage.py took 0.321 seconds
[2023-12-31T10:02:49.579-0300] {processor.py:161} INFO - Started process (PID=33354) to work on /home/felipe/.local/lib/python3.10/site-packages/airflow/example_dags/tutorial_objectstorage.py
[2023-12-31T10:02:49.587-0300] {processor.py:830} INFO - Processing file /home/felipe/.local/lib/python3.10/site-packages/airflow/example_dags/tutorial_objectstorage.py for tasks to queue
[2023-12-31T10:02:49.588-0300] {logging_mixin.py:188} INFO - [2023-12-31T10:02:49.588-0300] {dagbag.py:538} INFO - Filling up the DagBag from /home/felipe/.local/lib/python3.10/site-packages/airflow/example_dags/tutorial_objectstorage.py
[2023-12-31T10:02:49.617-0300] {processor.py:840} INFO - DAG(s) 'tutorial_objectstorage' retrieved from /home/felipe/.local/lib/python3.10/site-packages/airflow/example_dags/tutorial_objectstorage.py
[2023-12-31T10:02:49.687-0300] {logging_mixin.py:188} INFO - [2023-12-31T10:02:49.680-0300] {dag.py:3033} INFO - Sync 1 DAGs
[2023-12-31T10:02:49.769-0300] {logging_mixin.py:188} INFO - [2023-12-31T10:02:49.769-0300] {dag.py:3820} INFO - Setting next_dagrun for tutorial_objectstorage to None, run_after=None
[2023-12-31T10:02:49.898-0300] {processor.py:183} INFO - Processing /home/felipe/.local/lib/python3.10/site-packages/airflow/example_dags/tutorial_objectstorage.py took 0.330 seconds
[2023-12-31T10:03:55.947-0300] {processor.py:161} INFO - Started process (PID=33432) to work on /home/felipe/.local/lib/python3.10/site-packages/airflow/example_dags/tutorial_objectstorage.py
[2023-12-31T10:03:55.949-0300] {processor.py:830} INFO - Processing file /home/felipe/.local/lib/python3.10/site-packages/airflow/example_dags/tutorial_objectstorage.py for tasks to queue
[2023-12-31T10:03:55.956-0300] {logging_mixin.py:188} INFO - [2023-12-31T10:03:55.949-0300] {dagbag.py:538} INFO - Filling up the DagBag from /home/felipe/.local/lib/python3.10/site-packages/airflow/example_dags/tutorial_objectstorage.py
[2023-12-31T10:03:55.987-0300] {processor.py:840} INFO - DAG(s) 'tutorial_objectstorage' retrieved from /home/felipe/.local/lib/python3.10/site-packages/airflow/example_dags/tutorial_objectstorage.py
[2023-12-31T10:03:56.068-0300] {logging_mixin.py:188} INFO - [2023-12-31T10:03:56.068-0300] {dag.py:3033} INFO - Sync 1 DAGs
[2023-12-31T10:03:56.129-0300] {logging_mixin.py:188} INFO - [2023-12-31T10:03:56.129-0300] {dag.py:3820} INFO - Setting next_dagrun for tutorial_objectstorage to None, run_after=None
[2023-12-31T10:03:56.358-0300] {processor.py:183} INFO - Processing /home/felipe/.local/lib/python3.10/site-packages/airflow/example_dags/tutorial_objectstorage.py took 0.429 seconds
[2023-12-31T10:05:06.900-0300] {processor.py:161} INFO - Started process (PID=33520) to work on /home/felipe/.local/lib/python3.10/site-packages/airflow/example_dags/tutorial_objectstorage.py
[2023-12-31T10:05:06.908-0300] {processor.py:830} INFO - Processing file /home/felipe/.local/lib/python3.10/site-packages/airflow/example_dags/tutorial_objectstorage.py for tasks to queue
[2023-12-31T10:05:06.909-0300] {logging_mixin.py:188} INFO - [2023-12-31T10:05:06.909-0300] {dagbag.py:538} INFO - Filling up the DagBag from /home/felipe/.local/lib/python3.10/site-packages/airflow/example_dags/tutorial_objectstorage.py
[2023-12-31T10:05:06.939-0300] {processor.py:840} INFO - DAG(s) 'tutorial_objectstorage' retrieved from /home/felipe/.local/lib/python3.10/site-packages/airflow/example_dags/tutorial_objectstorage.py
[2023-12-31T10:05:07.008-0300] {logging_mixin.py:188} INFO - [2023-12-31T10:05:07.008-0300] {dag.py:3033} INFO - Sync 1 DAGs
[2023-12-31T10:05:07.077-0300] {logging_mixin.py:188} INFO - [2023-12-31T10:05:07.069-0300] {dag.py:3820} INFO - Setting next_dagrun for tutorial_objectstorage to None, run_after=None
[2023-12-31T10:05:07.230-0300] {processor.py:183} INFO - Processing /home/felipe/.local/lib/python3.10/site-packages/airflow/example_dags/tutorial_objectstorage.py took 0.341 seconds
[2023-12-31T10:06:16.909-0300] {processor.py:161} INFO - Started process (PID=33612) to work on /home/felipe/.local/lib/python3.10/site-packages/airflow/example_dags/tutorial_objectstorage.py
[2023-12-31T10:06:16.919-0300] {processor.py:830} INFO - Processing file /home/felipe/.local/lib/python3.10/site-packages/airflow/example_dags/tutorial_objectstorage.py for tasks to queue
[2023-12-31T10:06:16.927-0300] {logging_mixin.py:188} INFO - [2023-12-31T10:06:16.926-0300] {dagbag.py:538} INFO - Filling up the DagBag from /home/felipe/.local/lib/python3.10/site-packages/airflow/example_dags/tutorial_objectstorage.py
[2023-12-31T10:06:16.959-0300] {processor.py:840} INFO - DAG(s) 'tutorial_objectstorage' retrieved from /home/felipe/.local/lib/python3.10/site-packages/airflow/example_dags/tutorial_objectstorage.py
[2023-12-31T10:06:17.047-0300] {logging_mixin.py:188} INFO - [2023-12-31T10:06:17.046-0300] {dag.py:3033} INFO - Sync 1 DAGs
[2023-12-31T10:06:17.109-0300] {logging_mixin.py:188} INFO - [2023-12-31T10:06:17.108-0300] {dag.py:3820} INFO - Setting next_dagrun for tutorial_objectstorage to None, run_after=None
[2023-12-31T10:06:17.269-0300] {processor.py:183} INFO - Processing /home/felipe/.local/lib/python3.10/site-packages/airflow/example_dags/tutorial_objectstorage.py took 0.371 seconds
[2023-12-31T10:07:30.387-0300] {processor.py:161} INFO - Started process (PID=33713) to work on /home/felipe/.local/lib/python3.10/site-packages/airflow/example_dags/tutorial_objectstorage.py
[2023-12-31T10:07:30.396-0300] {processor.py:830} INFO - Processing file /home/felipe/.local/lib/python3.10/site-packages/airflow/example_dags/tutorial_objectstorage.py for tasks to queue
[2023-12-31T10:07:30.398-0300] {logging_mixin.py:188} INFO - [2023-12-31T10:07:30.397-0300] {dagbag.py:538} INFO - Filling up the DagBag from /home/felipe/.local/lib/python3.10/site-packages/airflow/example_dags/tutorial_objectstorage.py
[2023-12-31T10:07:30.428-0300] {processor.py:840} INFO - DAG(s) 'tutorial_objectstorage' retrieved from /home/felipe/.local/lib/python3.10/site-packages/airflow/example_dags/tutorial_objectstorage.py
[2023-12-31T10:07:30.498-0300] {logging_mixin.py:188} INFO - [2023-12-31T10:07:30.498-0300] {dag.py:3033} INFO - Sync 1 DAGs
[2023-12-31T10:07:30.567-0300] {logging_mixin.py:188} INFO - [2023-12-31T10:07:30.567-0300] {dag.py:3820} INFO - Setting next_dagrun for tutorial_objectstorage to None, run_after=None
[2023-12-31T10:07:30.709-0300] {processor.py:183} INFO - Processing /home/felipe/.local/lib/python3.10/site-packages/airflow/example_dags/tutorial_objectstorage.py took 0.340 seconds
[2023-12-31T10:08:42.777-0300] {processor.py:161} INFO - Started process (PID=33793) to work on /home/felipe/.local/lib/python3.10/site-packages/airflow/example_dags/tutorial_objectstorage.py
[2023-12-31T10:08:42.779-0300] {processor.py:830} INFO - Processing file /home/felipe/.local/lib/python3.10/site-packages/airflow/example_dags/tutorial_objectstorage.py for tasks to queue
[2023-12-31T10:08:42.788-0300] {logging_mixin.py:188} INFO - [2023-12-31T10:08:42.787-0300] {dagbag.py:538} INFO - Filling up the DagBag from /home/felipe/.local/lib/python3.10/site-packages/airflow/example_dags/tutorial_objectstorage.py
[2023-12-31T10:08:42.828-0300] {processor.py:840} INFO - DAG(s) 'tutorial_objectstorage' retrieved from /home/felipe/.local/lib/python3.10/site-packages/airflow/example_dags/tutorial_objectstorage.py
[2023-12-31T10:08:42.919-0300] {logging_mixin.py:188} INFO - [2023-12-31T10:08:42.918-0300] {dag.py:3033} INFO - Sync 1 DAGs
[2023-12-31T10:08:42.989-0300] {logging_mixin.py:188} INFO - [2023-12-31T10:08:42.988-0300] {dag.py:3820} INFO - Setting next_dagrun for tutorial_objectstorage to None, run_after=None
[2023-12-31T10:08:43.138-0300] {processor.py:183} INFO - Processing /home/felipe/.local/lib/python3.10/site-packages/airflow/example_dags/tutorial_objectstorage.py took 0.381 seconds
[2023-12-31T11:29:23.265-0300] {processor.py:161} INFO - Started process (PID=34008) to work on /home/felipe/.local/lib/python3.10/site-packages/airflow/example_dags/tutorial_objectstorage.py
[2023-12-31T11:29:23.267-0300] {processor.py:830} INFO - Processing file /home/felipe/.local/lib/python3.10/site-packages/airflow/example_dags/tutorial_objectstorage.py for tasks to queue
[2023-12-31T11:29:23.276-0300] {logging_mixin.py:188} INFO - [2023-12-31T11:29:23.275-0300] {dagbag.py:538} INFO - Filling up the DagBag from /home/felipe/.local/lib/python3.10/site-packages/airflow/example_dags/tutorial_objectstorage.py
[2023-12-31T11:29:23.326-0300] {processor.py:840} INFO - DAG(s) 'tutorial_objectstorage' retrieved from /home/felipe/.local/lib/python3.10/site-packages/airflow/example_dags/tutorial_objectstorage.py
[2023-12-31T11:29:23.435-0300] {logging_mixin.py:188} INFO - [2023-12-31T11:29:23.435-0300] {dag.py:3033} INFO - Sync 1 DAGs
[2023-12-31T11:29:23.514-0300] {logging_mixin.py:188} INFO - [2023-12-31T11:29:23.506-0300] {dag.py:3820} INFO - Setting next_dagrun for tutorial_objectstorage to None, run_after=None
[2023-12-31T11:29:23.706-0300] {processor.py:183} INFO - Processing /home/felipe/.local/lib/python3.10/site-packages/airflow/example_dags/tutorial_objectstorage.py took 0.460 seconds
[2023-12-31T11:31:16.974-0300] {processor.py:161} INFO - Started process (PID=34265) to work on /home/felipe/.local/lib/python3.10/site-packages/airflow/example_dags/tutorial_objectstorage.py
[2023-12-31T11:31:16.976-0300] {processor.py:830} INFO - Processing file /home/felipe/.local/lib/python3.10/site-packages/airflow/example_dags/tutorial_objectstorage.py for tasks to queue
[2023-12-31T11:31:16.985-0300] {logging_mixin.py:188} INFO - [2023-12-31T11:31:16.984-0300] {dagbag.py:538} INFO - Filling up the DagBag from /home/felipe/.local/lib/python3.10/site-packages/airflow/example_dags/tutorial_objectstorage.py
[2023-12-31T11:31:17.034-0300] {processor.py:840} INFO - DAG(s) 'tutorial_objectstorage' retrieved from /home/felipe/.local/lib/python3.10/site-packages/airflow/example_dags/tutorial_objectstorage.py
[2023-12-31T11:31:17.127-0300] {logging_mixin.py:188} INFO - [2023-12-31T11:31:17.126-0300] {dag.py:3033} INFO - Sync 1 DAGs
[2023-12-31T11:31:17.214-0300] {logging_mixin.py:188} INFO - [2023-12-31T11:31:17.207-0300] {dag.py:3820} INFO - Setting next_dagrun for tutorial_objectstorage to None, run_after=None
[2023-12-31T11:31:17.385-0300] {processor.py:183} INFO - Processing /home/felipe/.local/lib/python3.10/site-packages/airflow/example_dags/tutorial_objectstorage.py took 0.430 seconds
[2023-12-31T11:32:41.126-0300] {processor.py:161} INFO - Started process (PID=34363) to work on /home/felipe/.local/lib/python3.10/site-packages/airflow/example_dags/tutorial_objectstorage.py
[2023-12-31T11:32:41.134-0300] {processor.py:830} INFO - Processing file /home/felipe/.local/lib/python3.10/site-packages/airflow/example_dags/tutorial_objectstorage.py for tasks to queue
[2023-12-31T11:32:41.136-0300] {logging_mixin.py:188} INFO - [2023-12-31T11:32:41.135-0300] {dagbag.py:538} INFO - Filling up the DagBag from /home/felipe/.local/lib/python3.10/site-packages/airflow/example_dags/tutorial_objectstorage.py
[2023-12-31T11:32:41.185-0300] {processor.py:840} INFO - DAG(s) 'tutorial_objectstorage' retrieved from /home/felipe/.local/lib/python3.10/site-packages/airflow/example_dags/tutorial_objectstorage.py
[2023-12-31T11:32:41.316-0300] {logging_mixin.py:188} INFO - [2023-12-31T11:32:41.315-0300] {dag.py:3033} INFO - Sync 1 DAGs
[2023-12-31T11:32:41.396-0300] {logging_mixin.py:188} INFO - [2023-12-31T11:32:41.395-0300] {dag.py:3820} INFO - Setting next_dagrun for tutorial_objectstorage to None, run_after=None
[2023-12-31T11:32:41.556-0300] {processor.py:183} INFO - Processing /home/felipe/.local/lib/python3.10/site-packages/airflow/example_dags/tutorial_objectstorage.py took 0.449 seconds
[2023-12-31T11:34:10.664-0300] {processor.py:161} INFO - Started process (PID=34463) to work on /home/felipe/.local/lib/python3.10/site-packages/airflow/example_dags/tutorial_objectstorage.py
[2023-12-31T11:34:10.666-0300] {processor.py:830} INFO - Processing file /home/felipe/.local/lib/python3.10/site-packages/airflow/example_dags/tutorial_objectstorage.py for tasks to queue
[2023-12-31T11:34:10.674-0300] {logging_mixin.py:188} INFO - [2023-12-31T11:34:10.674-0300] {dagbag.py:538} INFO - Filling up the DagBag from /home/felipe/.local/lib/python3.10/site-packages/airflow/example_dags/tutorial_objectstorage.py
[2023-12-31T11:34:10.705-0300] {processor.py:840} INFO - DAG(s) 'tutorial_objectstorage' retrieved from /home/felipe/.local/lib/python3.10/site-packages/airflow/example_dags/tutorial_objectstorage.py
[2023-12-31T11:34:10.785-0300] {logging_mixin.py:188} INFO - [2023-12-31T11:34:10.785-0300] {dag.py:3033} INFO - Sync 1 DAGs
[2023-12-31T11:34:10.876-0300] {logging_mixin.py:188} INFO - [2023-12-31T11:34:10.875-0300] {dag.py:3820} INFO - Setting next_dagrun for tutorial_objectstorage to None, run_after=None
[2023-12-31T11:34:11.026-0300] {processor.py:183} INFO - Processing /home/felipe/.local/lib/python3.10/site-packages/airflow/example_dags/tutorial_objectstorage.py took 0.380 seconds
[2023-12-31T11:35:34.596-0300] {processor.py:161} INFO - Started process (PID=34581) to work on /home/felipe/.local/lib/python3.10/site-packages/airflow/example_dags/tutorial_objectstorage.py
[2023-12-31T11:35:34.605-0300] {processor.py:830} INFO - Processing file /home/felipe/.local/lib/python3.10/site-packages/airflow/example_dags/tutorial_objectstorage.py for tasks to queue
[2023-12-31T11:35:34.607-0300] {logging_mixin.py:188} INFO - [2023-12-31T11:35:34.606-0300] {dagbag.py:538} INFO - Filling up the DagBag from /home/felipe/.local/lib/python3.10/site-packages/airflow/example_dags/tutorial_objectstorage.py
[2023-12-31T11:35:34.647-0300] {processor.py:840} INFO - DAG(s) 'tutorial_objectstorage' retrieved from /home/felipe/.local/lib/python3.10/site-packages/airflow/example_dags/tutorial_objectstorage.py
[2023-12-31T11:35:34.735-0300] {logging_mixin.py:188} INFO - [2023-12-31T11:35:34.734-0300] {dag.py:3033} INFO - Sync 1 DAGs
[2023-12-31T11:35:34.855-0300] {logging_mixin.py:188} INFO - [2023-12-31T11:35:34.854-0300] {dag.py:3820} INFO - Setting next_dagrun for tutorial_objectstorage to None, run_after=None
[2023-12-31T11:35:35.066-0300] {processor.py:183} INFO - Processing /home/felipe/.local/lib/python3.10/site-packages/airflow/example_dags/tutorial_objectstorage.py took 0.490 seconds
[2023-12-31T11:36:57.607-0300] {processor.py:161} INFO - Started process (PID=34676) to work on /home/felipe/.local/lib/python3.10/site-packages/airflow/example_dags/tutorial_objectstorage.py
[2023-12-31T11:36:57.626-0300] {processor.py:830} INFO - Processing file /home/felipe/.local/lib/python3.10/site-packages/airflow/example_dags/tutorial_objectstorage.py for tasks to queue
[2023-12-31T11:36:57.635-0300] {logging_mixin.py:188} INFO - [2023-12-31T11:36:57.634-0300] {dagbag.py:538} INFO - Filling up the DagBag from /home/felipe/.local/lib/python3.10/site-packages/airflow/example_dags/tutorial_objectstorage.py
[2023-12-31T11:36:57.666-0300] {processor.py:840} INFO - DAG(s) 'tutorial_objectstorage' retrieved from /home/felipe/.local/lib/python3.10/site-packages/airflow/example_dags/tutorial_objectstorage.py
[2023-12-31T11:36:57.754-0300] {logging_mixin.py:188} INFO - [2023-12-31T11:36:57.754-0300] {dag.py:3033} INFO - Sync 1 DAGs
[2023-12-31T11:36:57.825-0300] {logging_mixin.py:188} INFO - [2023-12-31T11:36:57.825-0300] {dag.py:3820} INFO - Setting next_dagrun for tutorial_objectstorage to None, run_after=None
[2023-12-31T11:36:58.006-0300] {processor.py:183} INFO - Processing /home/felipe/.local/lib/python3.10/site-packages/airflow/example_dags/tutorial_objectstorage.py took 0.410 seconds
[2023-12-31T11:38:20.664-0300] {processor.py:161} INFO - Started process (PID=34765) to work on /home/felipe/.local/lib/python3.10/site-packages/airflow/example_dags/tutorial_objectstorage.py
[2023-12-31T11:38:20.684-0300] {processor.py:830} INFO - Processing file /home/felipe/.local/lib/python3.10/site-packages/airflow/example_dags/tutorial_objectstorage.py for tasks to queue
[2023-12-31T11:38:20.687-0300] {logging_mixin.py:188} INFO - [2023-12-31T11:38:20.686-0300] {dagbag.py:538} INFO - Filling up the DagBag from /home/felipe/.local/lib/python3.10/site-packages/airflow/example_dags/tutorial_objectstorage.py
[2023-12-31T11:38:20.744-0300] {processor.py:840} INFO - DAG(s) 'tutorial_objectstorage' retrieved from /home/felipe/.local/lib/python3.10/site-packages/airflow/example_dags/tutorial_objectstorage.py
[2023-12-31T11:38:20.905-0300] {logging_mixin.py:188} INFO - [2023-12-31T11:38:20.905-0300] {dag.py:3033} INFO - Sync 1 DAGs
[2023-12-31T11:38:20.976-0300] {logging_mixin.py:188} INFO - [2023-12-31T11:38:20.976-0300] {dag.py:3820} INFO - Setting next_dagrun for tutorial_objectstorage to None, run_after=None
[2023-12-31T11:38:21.154-0300] {processor.py:183} INFO - Processing /home/felipe/.local/lib/python3.10/site-packages/airflow/example_dags/tutorial_objectstorage.py took 0.519 seconds
[2023-12-31T11:39:43.296-0300] {processor.py:161} INFO - Started process (PID=34854) to work on /home/felipe/.local/lib/python3.10/site-packages/airflow/example_dags/tutorial_objectstorage.py
[2023-12-31T11:39:43.305-0300] {processor.py:830} INFO - Processing file /home/felipe/.local/lib/python3.10/site-packages/airflow/example_dags/tutorial_objectstorage.py for tasks to queue
[2023-12-31T11:39:43.314-0300] {logging_mixin.py:188} INFO - [2023-12-31T11:39:43.306-0300] {dagbag.py:538} INFO - Filling up the DagBag from /home/felipe/.local/lib/python3.10/site-packages/airflow/example_dags/tutorial_objectstorage.py
[2023-12-31T11:39:43.364-0300] {processor.py:840} INFO - DAG(s) 'tutorial_objectstorage' retrieved from /home/felipe/.local/lib/python3.10/site-packages/airflow/example_dags/tutorial_objectstorage.py
[2023-12-31T11:39:43.456-0300] {logging_mixin.py:188} INFO - [2023-12-31T11:39:43.455-0300] {dag.py:3033} INFO - Sync 1 DAGs
[2023-12-31T11:39:43.535-0300] {logging_mixin.py:188} INFO - [2023-12-31T11:39:43.534-0300] {dag.py:3820} INFO - Setting next_dagrun for tutorial_objectstorage to None, run_after=None
[2023-12-31T11:39:43.704-0300] {processor.py:183} INFO - Processing /home/felipe/.local/lib/python3.10/site-packages/airflow/example_dags/tutorial_objectstorage.py took 0.412 seconds
[2023-12-31T11:41:07.415-0300] {processor.py:161} INFO - Started process (PID=34976) to work on /home/felipe/.local/lib/python3.10/site-packages/airflow/example_dags/tutorial_objectstorage.py
[2023-12-31T11:41:07.424-0300] {processor.py:830} INFO - Processing file /home/felipe/.local/lib/python3.10/site-packages/airflow/example_dags/tutorial_objectstorage.py for tasks to queue
[2023-12-31T11:41:07.426-0300] {logging_mixin.py:188} INFO - [2023-12-31T11:41:07.425-0300] {dagbag.py:538} INFO - Filling up the DagBag from /home/felipe/.local/lib/python3.10/site-packages/airflow/example_dags/tutorial_objectstorage.py
[2023-12-31T11:41:07.466-0300] {processor.py:840} INFO - DAG(s) 'tutorial_objectstorage' retrieved from /home/felipe/.local/lib/python3.10/site-packages/airflow/example_dags/tutorial_objectstorage.py
[2023-12-31T11:41:07.564-0300] {logging_mixin.py:188} INFO - [2023-12-31T11:41:07.556-0300] {dag.py:3033} INFO - Sync 1 DAGs
[2023-12-31T11:41:07.644-0300] {logging_mixin.py:188} INFO - [2023-12-31T11:41:07.636-0300] {dag.py:3820} INFO - Setting next_dagrun for tutorial_objectstorage to None, run_after=None
[2023-12-31T11:41:07.856-0300] {processor.py:183} INFO - Processing /home/felipe/.local/lib/python3.10/site-packages/airflow/example_dags/tutorial_objectstorage.py took 0.459 seconds
[2023-12-31T11:42:40.454-0300] {processor.py:161} INFO - Started process (PID=35080) to work on /home/felipe/.local/lib/python3.10/site-packages/airflow/example_dags/tutorial_objectstorage.py
[2023-12-31T11:42:40.464-0300] {processor.py:830} INFO - Processing file /home/felipe/.local/lib/python3.10/site-packages/airflow/example_dags/tutorial_objectstorage.py for tasks to queue
[2023-12-31T11:42:40.466-0300] {logging_mixin.py:188} INFO - [2023-12-31T11:42:40.465-0300] {dagbag.py:538} INFO - Filling up the DagBag from /home/felipe/.local/lib/python3.10/site-packages/airflow/example_dags/tutorial_objectstorage.py
[2023-12-31T11:42:40.515-0300] {processor.py:840} INFO - DAG(s) 'tutorial_objectstorage' retrieved from /home/felipe/.local/lib/python3.10/site-packages/airflow/example_dags/tutorial_objectstorage.py
[2023-12-31T11:42:40.625-0300] {logging_mixin.py:188} INFO - [2023-12-31T11:42:40.625-0300] {dag.py:3033} INFO - Sync 1 DAGs
[2023-12-31T11:42:40.756-0300] {logging_mixin.py:188} INFO - [2023-12-31T11:42:40.756-0300] {dag.py:3820} INFO - Setting next_dagrun for tutorial_objectstorage to None, run_after=None
[2023-12-31T11:42:40.966-0300] {processor.py:183} INFO - Processing /home/felipe/.local/lib/python3.10/site-packages/airflow/example_dags/tutorial_objectstorage.py took 0.540 seconds
[2023-12-31T11:44:21.076-0300] {processor.py:161} INFO - Started process (PID=35197) to work on /home/felipe/.local/lib/python3.10/site-packages/airflow/example_dags/tutorial_objectstorage.py
[2023-12-31T11:44:21.085-0300] {processor.py:830} INFO - Processing file /home/felipe/.local/lib/python3.10/site-packages/airflow/example_dags/tutorial_objectstorage.py for tasks to queue
[2023-12-31T11:44:21.095-0300] {logging_mixin.py:188} INFO - [2023-12-31T11:44:21.094-0300] {dagbag.py:538} INFO - Filling up the DagBag from /home/felipe/.local/lib/python3.10/site-packages/airflow/example_dags/tutorial_objectstorage.py
[2023-12-31T11:44:21.135-0300] {processor.py:840} INFO - DAG(s) 'tutorial_objectstorage' retrieved from /home/felipe/.local/lib/python3.10/site-packages/airflow/example_dags/tutorial_objectstorage.py
[2023-12-31T11:44:21.255-0300] {logging_mixin.py:188} INFO - [2023-12-31T11:44:21.255-0300] {dag.py:3033} INFO - Sync 1 DAGs
[2023-12-31T11:44:21.364-0300] {logging_mixin.py:188} INFO - [2023-12-31T11:44:21.364-0300] {dag.py:3820} INFO - Setting next_dagrun for tutorial_objectstorage to None, run_after=None
[2023-12-31T11:44:21.604-0300] {processor.py:183} INFO - Processing /home/felipe/.local/lib/python3.10/site-packages/airflow/example_dags/tutorial_objectstorage.py took 0.549 seconds
[2023-12-31T11:45:59.784-0300] {processor.py:161} INFO - Started process (PID=35329) to work on /home/felipe/.local/lib/python3.10/site-packages/airflow/example_dags/tutorial_objectstorage.py
[2023-12-31T11:45:59.794-0300] {processor.py:830} INFO - Processing file /home/felipe/.local/lib/python3.10/site-packages/airflow/example_dags/tutorial_objectstorage.py for tasks to queue
[2023-12-31T11:45:59.796-0300] {logging_mixin.py:188} INFO - [2023-12-31T11:45:59.795-0300] {dagbag.py:538} INFO - Filling up the DagBag from /home/felipe/.local/lib/python3.10/site-packages/airflow/example_dags/tutorial_objectstorage.py
[2023-12-31T11:45:59.845-0300] {processor.py:840} INFO - DAG(s) 'tutorial_objectstorage' retrieved from /home/felipe/.local/lib/python3.10/site-packages/airflow/example_dags/tutorial_objectstorage.py
[2023-12-31T11:45:59.965-0300] {logging_mixin.py:188} INFO - [2023-12-31T11:45:59.964-0300] {dag.py:3033} INFO - Sync 1 DAGs
[2023-12-31T11:46:00.065-0300] {logging_mixin.py:188} INFO - [2023-12-31T11:46:00.065-0300] {dag.py:3820} INFO - Setting next_dagrun for tutorial_objectstorage to None, run_after=None
[2023-12-31T11:46:00.274-0300] {processor.py:183} INFO - Processing /home/felipe/.local/lib/python3.10/site-packages/airflow/example_dags/tutorial_objectstorage.py took 0.510 seconds
[2023-12-31T11:47:36.774-0300] {processor.py:161} INFO - Started process (PID=35468) to work on /home/felipe/.local/lib/python3.10/site-packages/airflow/example_dags/tutorial_objectstorage.py
[2023-12-31T11:47:36.784-0300] {processor.py:830} INFO - Processing file /home/felipe/.local/lib/python3.10/site-packages/airflow/example_dags/tutorial_objectstorage.py for tasks to queue
[2023-12-31T11:47:36.786-0300] {logging_mixin.py:188} INFO - [2023-12-31T11:47:36.785-0300] {dagbag.py:538} INFO - Filling up the DagBag from /home/felipe/.local/lib/python3.10/site-packages/airflow/example_dags/tutorial_objectstorage.py
[2023-12-31T11:47:36.835-0300] {processor.py:840} INFO - DAG(s) 'tutorial_objectstorage' retrieved from /home/felipe/.local/lib/python3.10/site-packages/airflow/example_dags/tutorial_objectstorage.py
[2023-12-31T11:47:36.966-0300] {logging_mixin.py:188} INFO - [2023-12-31T11:47:36.965-0300] {dag.py:3033} INFO - Sync 1 DAGs
[2023-12-31T11:47:37.065-0300] {logging_mixin.py:188} INFO - [2023-12-31T11:47:37.064-0300] {dag.py:3820} INFO - Setting next_dagrun for tutorial_objectstorage to None, run_after=None
[2023-12-31T11:47:37.296-0300] {processor.py:183} INFO - Processing /home/felipe/.local/lib/python3.10/site-packages/airflow/example_dags/tutorial_objectstorage.py took 0.542 seconds
[2023-12-31T11:49:52.764-0300] {processor.py:161} INFO - Started process (PID=35612) to work on /home/felipe/.local/lib/python3.10/site-packages/airflow/example_dags/tutorial_objectstorage.py
[2023-12-31T11:49:52.774-0300] {processor.py:830} INFO - Processing file /home/felipe/.local/lib/python3.10/site-packages/airflow/example_dags/tutorial_objectstorage.py for tasks to queue
[2023-12-31T11:49:52.776-0300] {logging_mixin.py:188} INFO - [2023-12-31T11:49:52.775-0300] {dagbag.py:538} INFO - Filling up the DagBag from /home/felipe/.local/lib/python3.10/site-packages/airflow/example_dags/tutorial_objectstorage.py
[2023-12-31T11:49:52.825-0300] {processor.py:840} INFO - DAG(s) 'tutorial_objectstorage' retrieved from /home/felipe/.local/lib/python3.10/site-packages/airflow/example_dags/tutorial_objectstorage.py
[2023-12-31T11:49:52.965-0300] {logging_mixin.py:188} INFO - [2023-12-31T11:49:52.964-0300] {dag.py:3033} INFO - Sync 1 DAGs
[2023-12-31T11:49:53.056-0300] {logging_mixin.py:188} INFO - [2023-12-31T11:49:53.055-0300] {dag.py:3820} INFO - Setting next_dagrun for tutorial_objectstorage to None, run_after=None
[2023-12-31T11:49:53.296-0300] {processor.py:183} INFO - Processing /home/felipe/.local/lib/python3.10/site-packages/airflow/example_dags/tutorial_objectstorage.py took 0.551 seconds
[2023-12-31T11:52:10.245-0300] {processor.py:161} INFO - Started process (PID=35768) to work on /home/felipe/.local/lib/python3.10/site-packages/airflow/example_dags/tutorial_objectstorage.py
[2023-12-31T11:52:10.255-0300] {processor.py:830} INFO - Processing file /home/felipe/.local/lib/python3.10/site-packages/airflow/example_dags/tutorial_objectstorage.py for tasks to queue
[2023-12-31T11:52:10.266-0300] {logging_mixin.py:188} INFO - [2023-12-31T11:52:10.265-0300] {dagbag.py:538} INFO - Filling up the DagBag from /home/felipe/.local/lib/python3.10/site-packages/airflow/example_dags/tutorial_objectstorage.py
[2023-12-31T11:52:10.335-0300] {processor.py:840} INFO - DAG(s) 'tutorial_objectstorage' retrieved from /home/felipe/.local/lib/python3.10/site-packages/airflow/example_dags/tutorial_objectstorage.py
[2023-12-31T11:52:10.504-0300] {logging_mixin.py:188} INFO - [2023-12-31T11:52:10.496-0300] {dag.py:3033} INFO - Sync 1 DAGs
[2023-12-31T11:52:10.945-0300] {logging_mixin.py:188} INFO - [2023-12-31T11:52:10.935-0300] {dag.py:3820} INFO - Setting next_dagrun for tutorial_objectstorage to None, run_after=None
[2023-12-31T11:52:11.916-0300] {processor.py:183} INFO - Processing /home/felipe/.local/lib/python3.10/site-packages/airflow/example_dags/tutorial_objectstorage.py took 1.702 seconds
[2023-12-31T11:54:46.016-0300] {processor.py:161} INFO - Started process (PID=35896) to work on /home/felipe/.local/lib/python3.10/site-packages/airflow/example_dags/tutorial_objectstorage.py
[2023-12-31T11:54:46.026-0300] {processor.py:830} INFO - Processing file /home/felipe/.local/lib/python3.10/site-packages/airflow/example_dags/tutorial_objectstorage.py for tasks to queue
[2023-12-31T11:54:46.035-0300] {logging_mixin.py:188} INFO - [2023-12-31T11:54:46.035-0300] {dagbag.py:538} INFO - Filling up the DagBag from /home/felipe/.local/lib/python3.10/site-packages/airflow/example_dags/tutorial_objectstorage.py
[2023-12-31T11:54:46.115-0300] {processor.py:840} INFO - DAG(s) 'tutorial_objectstorage' retrieved from /home/felipe/.local/lib/python3.10/site-packages/airflow/example_dags/tutorial_objectstorage.py
[2023-12-31T11:54:46.235-0300] {logging_mixin.py:188} INFO - [2023-12-31T11:54:46.235-0300] {dag.py:3033} INFO - Sync 1 DAGs
[2023-12-31T11:54:46.375-0300] {logging_mixin.py:188} INFO - [2023-12-31T11:54:46.375-0300] {dag.py:3820} INFO - Setting next_dagrun for tutorial_objectstorage to None, run_after=None
[2023-12-31T11:54:46.705-0300] {processor.py:183} INFO - Processing /home/felipe/.local/lib/python3.10/site-packages/airflow/example_dags/tutorial_objectstorage.py took 0.710 seconds
[2023-12-31T11:56:36.875-0300] {processor.py:161} INFO - Started process (PID=36031) to work on /home/felipe/.local/lib/python3.10/site-packages/airflow/example_dags/tutorial_objectstorage.py
[2023-12-31T11:56:36.885-0300] {processor.py:830} INFO - Processing file /home/felipe/.local/lib/python3.10/site-packages/airflow/example_dags/tutorial_objectstorage.py for tasks to queue
[2023-12-31T11:56:36.905-0300] {logging_mixin.py:188} INFO - [2023-12-31T11:56:36.904-0300] {dagbag.py:538} INFO - Filling up the DagBag from /home/felipe/.local/lib/python3.10/site-packages/airflow/example_dags/tutorial_objectstorage.py
[2023-12-31T11:56:36.964-0300] {processor.py:840} INFO - DAG(s) 'tutorial_objectstorage' retrieved from /home/felipe/.local/lib/python3.10/site-packages/airflow/example_dags/tutorial_objectstorage.py
[2023-12-31T11:56:37.095-0300] {logging_mixin.py:188} INFO - [2023-12-31T11:56:37.095-0300] {dag.py:3033} INFO - Sync 1 DAGs
[2023-12-31T11:56:37.204-0300] {logging_mixin.py:188} INFO - [2023-12-31T11:56:37.204-0300] {dag.py:3820} INFO - Setting next_dagrun for tutorial_objectstorage to None, run_after=None
[2023-12-31T11:56:37.504-0300] {processor.py:183} INFO - Processing /home/felipe/.local/lib/python3.10/site-packages/airflow/example_dags/tutorial_objectstorage.py took 0.660 seconds
[2023-12-31T11:58:22.855-0300] {processor.py:161} INFO - Started process (PID=36136) to work on /home/felipe/.local/lib/python3.10/site-packages/airflow/example_dags/tutorial_objectstorage.py
[2023-12-31T11:58:22.865-0300] {processor.py:830} INFO - Processing file /home/felipe/.local/lib/python3.10/site-packages/airflow/example_dags/tutorial_objectstorage.py for tasks to queue
[2023-12-31T11:58:22.874-0300] {logging_mixin.py:188} INFO - [2023-12-31T11:58:22.874-0300] {dagbag.py:538} INFO - Filling up the DagBag from /home/felipe/.local/lib/python3.10/site-packages/airflow/example_dags/tutorial_objectstorage.py
[2023-12-31T11:58:22.925-0300] {processor.py:840} INFO - DAG(s) 'tutorial_objectstorage' retrieved from /home/felipe/.local/lib/python3.10/site-packages/airflow/example_dags/tutorial_objectstorage.py
[2023-12-31T11:58:23.054-0300] {logging_mixin.py:188} INFO - [2023-12-31T11:58:23.045-0300] {dag.py:3033} INFO - Sync 1 DAGs
[2023-12-31T11:58:23.154-0300] {logging_mixin.py:188} INFO - [2023-12-31T11:58:23.146-0300] {dag.py:3820} INFO - Setting next_dagrun for tutorial_objectstorage to None, run_after=None
[2023-12-31T11:58:23.405-0300] {processor.py:183} INFO - Processing /home/felipe/.local/lib/python3.10/site-packages/airflow/example_dags/tutorial_objectstorage.py took 0.571 seconds
[2023-12-31T12:00:09.984-0300] {processor.py:161} INFO - Started process (PID=36265) to work on /home/felipe/.local/lib/python3.10/site-packages/airflow/example_dags/tutorial_objectstorage.py
[2023-12-31T12:00:09.994-0300] {processor.py:830} INFO - Processing file /home/felipe/.local/lib/python3.10/site-packages/airflow/example_dags/tutorial_objectstorage.py for tasks to queue
[2023-12-31T12:00:10.004-0300] {logging_mixin.py:188} INFO - [2023-12-31T12:00:09.995-0300] {dagbag.py:538} INFO - Filling up the DagBag from /home/felipe/.local/lib/python3.10/site-packages/airflow/example_dags/tutorial_objectstorage.py
[2023-12-31T12:00:10.075-0300] {processor.py:840} INFO - DAG(s) 'tutorial_objectstorage' retrieved from /home/felipe/.local/lib/python3.10/site-packages/airflow/example_dags/tutorial_objectstorage.py
[2023-12-31T12:00:10.244-0300] {logging_mixin.py:188} INFO - [2023-12-31T12:00:10.235-0300] {dag.py:3033} INFO - Sync 1 DAGs
[2023-12-31T12:00:10.365-0300] {logging_mixin.py:188} INFO - [2023-12-31T12:00:10.365-0300] {dag.py:3820} INFO - Setting next_dagrun for tutorial_objectstorage to None, run_after=None
[2023-12-31T12:00:10.625-0300] {processor.py:183} INFO - Processing /home/felipe/.local/lib/python3.10/site-packages/airflow/example_dags/tutorial_objectstorage.py took 0.670 seconds
[2023-12-31T12:01:59.565-0300] {processor.py:161} INFO - Started process (PID=36373) to work on /home/felipe/.local/lib/python3.10/site-packages/airflow/example_dags/tutorial_objectstorage.py
[2023-12-31T12:01:59.575-0300] {processor.py:830} INFO - Processing file /home/felipe/.local/lib/python3.10/site-packages/airflow/example_dags/tutorial_objectstorage.py for tasks to queue
[2023-12-31T12:01:59.585-0300] {logging_mixin.py:188} INFO - [2023-12-31T12:01:59.584-0300] {dagbag.py:538} INFO - Filling up the DagBag from /home/felipe/.local/lib/python3.10/site-packages/airflow/example_dags/tutorial_objectstorage.py
[2023-12-31T12:01:59.665-0300] {processor.py:840} INFO - DAG(s) 'tutorial_objectstorage' retrieved from /home/felipe/.local/lib/python3.10/site-packages/airflow/example_dags/tutorial_objectstorage.py
[2023-12-31T12:01:59.854-0300] {logging_mixin.py:188} INFO - [2023-12-31T12:01:59.845-0300] {dag.py:3033} INFO - Sync 1 DAGs
[2023-12-31T12:02:00.024-0300] {logging_mixin.py:188} INFO - [2023-12-31T12:02:00.015-0300] {dag.py:3820} INFO - Setting next_dagrun for tutorial_objectstorage to None, run_after=None
[2023-12-31T12:02:00.314-0300] {processor.py:183} INFO - Processing /home/felipe/.local/lib/python3.10/site-packages/airflow/example_dags/tutorial_objectstorage.py took 0.771 seconds
[2023-12-31T12:04:03.265-0300] {processor.py:161} INFO - Started process (PID=36487) to work on /home/felipe/.local/lib/python3.10/site-packages/airflow/example_dags/tutorial_objectstorage.py
[2023-12-31T12:04:03.305-0300] {processor.py:830} INFO - Processing file /home/felipe/.local/lib/python3.10/site-packages/airflow/example_dags/tutorial_objectstorage.py for tasks to queue
[2023-12-31T12:04:03.315-0300] {logging_mixin.py:188} INFO - [2023-12-31T12:04:03.314-0300] {dagbag.py:538} INFO - Filling up the DagBag from /home/felipe/.local/lib/python3.10/site-packages/airflow/example_dags/tutorial_objectstorage.py
[2023-12-31T12:04:03.415-0300] {processor.py:840} INFO - DAG(s) 'tutorial_objectstorage' retrieved from /home/felipe/.local/lib/python3.10/site-packages/airflow/example_dags/tutorial_objectstorage.py
[2023-12-31T12:04:03.705-0300] {logging_mixin.py:188} INFO - [2023-12-31T12:04:03.705-0300] {dag.py:3033} INFO - Sync 1 DAGs
[2023-12-31T12:04:03.965-0300] {logging_mixin.py:188} INFO - [2023-12-31T12:04:03.964-0300] {dag.py:3820} INFO - Setting next_dagrun for tutorial_objectstorage to None, run_after=None
[2023-12-31T12:04:04.465-0300] {processor.py:183} INFO - Processing /home/felipe/.local/lib/python3.10/site-packages/airflow/example_dags/tutorial_objectstorage.py took 1.240 seconds
[2023-12-31T12:07:47.294-0300] {processor.py:161} INFO - Started process (PID=36771) to work on /home/felipe/.local/lib/python3.10/site-packages/airflow/example_dags/tutorial_objectstorage.py
[2023-12-31T12:07:47.324-0300] {processor.py:830} INFO - Processing file /home/felipe/.local/lib/python3.10/site-packages/airflow/example_dags/tutorial_objectstorage.py for tasks to queue
[2023-12-31T12:07:47.354-0300] {logging_mixin.py:188} INFO - [2023-12-31T12:07:47.345-0300] {dagbag.py:538} INFO - Filling up the DagBag from /home/felipe/.local/lib/python3.10/site-packages/airflow/example_dags/tutorial_objectstorage.py
[2023-12-31T12:07:47.625-0300] {processor.py:840} INFO - DAG(s) 'tutorial_objectstorage' retrieved from /home/felipe/.local/lib/python3.10/site-packages/airflow/example_dags/tutorial_objectstorage.py
[2023-12-31T12:07:48.184-0300] {logging_mixin.py:188} INFO - [2023-12-31T12:07:48.174-0300] {dag.py:3033} INFO - Sync 1 DAGs
[2023-12-31T12:07:48.624-0300] {logging_mixin.py:188} INFO - [2023-12-31T12:07:48.615-0300] {dag.py:3820} INFO - Setting next_dagrun for tutorial_objectstorage to None, run_after=None
[2023-12-31T12:07:49.214-0300] {processor.py:183} INFO - Processing /home/felipe/.local/lib/python3.10/site-packages/airflow/example_dags/tutorial_objectstorage.py took 2.020 seconds
