[2023-12-31T09:37:13.657-0300] {processor.py:161} INFO - Started process (PID=32089) to work on /home/felipe/.local/lib/python3.10/site-packages/airflow/example_dags/tutorial_taskflow_api.py
[2023-12-31T09:37:13.658-0300] {processor.py:830} INFO - Processing file /home/felipe/.local/lib/python3.10/site-packages/airflow/example_dags/tutorial_taskflow_api.py for tasks to queue
[2023-12-31T09:37:13.666-0300] {logging_mixin.py:188} INFO - [2023-12-31T09:37:13.660-0300] {dagbag.py:538} INFO - Filling up the DagBag from /home/felipe/.local/lib/python3.10/site-packages/airflow/example_dags/tutorial_taskflow_api.py
[2023-12-31T09:37:13.688-0300] {processor.py:840} INFO - DAG(s) 'tutorial_taskflow_api' retrieved from /home/felipe/.local/lib/python3.10/site-packages/airflow/example_dags/tutorial_taskflow_api.py
[2023-12-31T09:37:14.138-0300] {logging_mixin.py:188} INFO - [2023-12-31T09:37:14.137-0300] {dag.py:3033} INFO - Sync 1 DAGs
[2023-12-31T09:37:14.170-0300] {logging_mixin.py:188} INFO - [2023-12-31T09:37:14.170-0300] {dag.py:3820} INFO - Setting next_dagrun for tutorial_taskflow_api to None, run_after=None
[2023-12-31T09:37:14.259-0300] {processor.py:183} INFO - Processing /home/felipe/.local/lib/python3.10/site-packages/airflow/example_dags/tutorial_taskflow_api.py took 0.619 seconds
[2023-12-31T09:39:12.809-0300] {processor.py:161} INFO - Started process (PID=32211) to work on /home/felipe/.local/lib/python3.10/site-packages/airflow/example_dags/tutorial_taskflow_api.py
[2023-12-31T09:39:12.821-0300] {processor.py:830} INFO - Processing file /home/felipe/.local/lib/python3.10/site-packages/airflow/example_dags/tutorial_taskflow_api.py for tasks to queue
[2023-12-31T09:39:12.828-0300] {logging_mixin.py:188} INFO - [2023-12-31T09:39:12.827-0300] {dagbag.py:538} INFO - Filling up the DagBag from /home/felipe/.local/lib/python3.10/site-packages/airflow/example_dags/tutorial_taskflow_api.py
[2023-12-31T09:39:12.851-0300] {processor.py:840} INFO - DAG(s) 'tutorial_taskflow_api' retrieved from /home/felipe/.local/lib/python3.10/site-packages/airflow/example_dags/tutorial_taskflow_api.py
[2023-12-31T09:39:12.918-0300] {logging_mixin.py:188} INFO - [2023-12-31T09:39:12.918-0300] {dag.py:3033} INFO - Sync 1 DAGs
[2023-12-31T09:39:12.968-0300] {logging_mixin.py:188} INFO - [2023-12-31T09:39:12.968-0300] {dag.py:3820} INFO - Setting next_dagrun for tutorial_taskflow_api to None, run_after=None
[2023-12-31T09:39:13.187-0300] {processor.py:183} INFO - Processing /home/felipe/.local/lib/python3.10/site-packages/airflow/example_dags/tutorial_taskflow_api.py took 0.390 seconds
[2023-12-31T09:53:25.640-0300] {processor.py:161} INFO - Started process (PID=32828) to work on /home/felipe/.local/lib/python3.10/site-packages/airflow/example_dags/tutorial_taskflow_api.py
[2023-12-31T09:53:25.658-0300] {processor.py:830} INFO - Processing file /home/felipe/.local/lib/python3.10/site-packages/airflow/example_dags/tutorial_taskflow_api.py for tasks to queue
[2023-12-31T09:53:25.687-0300] {logging_mixin.py:188} INFO - [2023-12-31T09:53:25.678-0300] {dagbag.py:538} INFO - Filling up the DagBag from /home/felipe/.local/lib/python3.10/site-packages/airflow/example_dags/tutorial_taskflow_api.py
[2023-12-31T09:53:25.838-0300] {processor.py:840} INFO - DAG(s) 'tutorial_taskflow_api' retrieved from /home/felipe/.local/lib/python3.10/site-packages/airflow/example_dags/tutorial_taskflow_api.py
[2023-12-31T09:53:27.679-0300] {logging_mixin.py:188} INFO - [2023-12-31T09:53:27.677-0300] {dag.py:3033} INFO - Sync 1 DAGs
[2023-12-31T09:53:27.998-0300] {logging_mixin.py:188} INFO - [2023-12-31T09:53:27.997-0300] {dag.py:3820} INFO - Setting next_dagrun for tutorial_taskflow_api to None, run_after=None
[2023-12-31T09:53:28.488-0300] {processor.py:183} INFO - Processing /home/felipe/.local/lib/python3.10/site-packages/airflow/example_dags/tutorial_taskflow_api.py took 2.919 seconds
[2023-12-31T09:56:42.020-0300] {processor.py:161} INFO - Started process (PID=33026) to work on /home/felipe/.local/lib/python3.10/site-packages/airflow/example_dags/tutorial_taskflow_api.py
[2023-12-31T09:56:42.108-0300] {processor.py:830} INFO - Processing file /home/felipe/.local/lib/python3.10/site-packages/airflow/example_dags/tutorial_taskflow_api.py for tasks to queue
[2023-12-31T09:56:42.198-0300] {logging_mixin.py:188} INFO - [2023-12-31T09:56:42.177-0300] {dagbag.py:538} INFO - Filling up the DagBag from /home/felipe/.local/lib/python3.10/site-packages/airflow/example_dags/tutorial_taskflow_api.py
[2023-12-31T09:56:42.718-0300] {processor.py:840} INFO - DAG(s) 'tutorial_taskflow_api' retrieved from /home/felipe/.local/lib/python3.10/site-packages/airflow/example_dags/tutorial_taskflow_api.py
[2023-12-31T09:56:44.218-0300] {logging_mixin.py:188} INFO - [2023-12-31T09:56:44.198-0300] {dag.py:3033} INFO - Sync 1 DAGs
[2023-12-31T09:56:45.600-0300] {logging_mixin.py:188} INFO - [2023-12-31T09:56:45.598-0300] {dag.py:3820} INFO - Setting next_dagrun for tutorial_taskflow_api to None, run_after=None
[2023-12-31T09:56:49.649-0300] {processor.py:183} INFO - Processing /home/felipe/.local/lib/python3.10/site-packages/airflow/example_dags/tutorial_taskflow_api.py took 7.782 seconds
[2023-12-31T10:00:24.748-0300] {processor.py:161} INFO - Started process (PID=33180) to work on /home/felipe/.local/lib/python3.10/site-packages/airflow/example_dags/tutorial_taskflow_api.py
[2023-12-31T10:00:24.757-0300] {processor.py:830} INFO - Processing file /home/felipe/.local/lib/python3.10/site-packages/airflow/example_dags/tutorial_taskflow_api.py for tasks to queue
[2023-12-31T10:00:24.758-0300] {logging_mixin.py:188} INFO - [2023-12-31T10:00:24.758-0300] {dagbag.py:538} INFO - Filling up the DagBag from /home/felipe/.local/lib/python3.10/site-packages/airflow/example_dags/tutorial_taskflow_api.py
[2023-12-31T10:00:24.789-0300] {processor.py:840} INFO - DAG(s) 'tutorial_taskflow_api' retrieved from /home/felipe/.local/lib/python3.10/site-packages/airflow/example_dags/tutorial_taskflow_api.py
[2023-12-31T10:00:24.867-0300] {logging_mixin.py:188} INFO - [2023-12-31T10:00:24.860-0300] {dag.py:3033} INFO - Sync 1 DAGs
[2023-12-31T10:00:24.926-0300] {logging_mixin.py:188} INFO - [2023-12-31T10:00:24.920-0300] {dag.py:3820} INFO - Setting next_dagrun for tutorial_taskflow_api to None, run_after=None
[2023-12-31T10:00:25.056-0300] {processor.py:183} INFO - Processing /home/felipe/.local/lib/python3.10/site-packages/airflow/example_dags/tutorial_taskflow_api.py took 0.319 seconds
[2023-12-31T10:01:52.028-0300] {processor.py:161} INFO - Started process (PID=33311) to work on /home/felipe/.local/lib/python3.10/site-packages/airflow/example_dags/tutorial_taskflow_api.py
[2023-12-31T10:01:52.036-0300] {processor.py:830} INFO - Processing file /home/felipe/.local/lib/python3.10/site-packages/airflow/example_dags/tutorial_taskflow_api.py for tasks to queue
[2023-12-31T10:01:52.038-0300] {logging_mixin.py:188} INFO - [2023-12-31T10:01:52.037-0300] {dagbag.py:538} INFO - Filling up the DagBag from /home/felipe/.local/lib/python3.10/site-packages/airflow/example_dags/tutorial_taskflow_api.py
[2023-12-31T10:01:52.067-0300] {processor.py:840} INFO - DAG(s) 'tutorial_taskflow_api' retrieved from /home/felipe/.local/lib/python3.10/site-packages/airflow/example_dags/tutorial_taskflow_api.py
[2023-12-31T10:01:52.137-0300] {logging_mixin.py:188} INFO - [2023-12-31T10:01:52.137-0300] {dag.py:3033} INFO - Sync 1 DAGs
[2023-12-31T10:01:52.196-0300] {logging_mixin.py:188} INFO - [2023-12-31T10:01:52.189-0300] {dag.py:3820} INFO - Setting next_dagrun for tutorial_taskflow_api to None, run_after=None
[2023-12-31T10:01:52.319-0300] {processor.py:183} INFO - Processing /home/felipe/.local/lib/python3.10/site-packages/airflow/example_dags/tutorial_taskflow_api.py took 0.302 seconds
[2023-12-31T10:04:04.958-0300] {processor.py:161} INFO - Started process (PID=33445) to work on /home/felipe/.local/lib/python3.10/site-packages/airflow/example_dags/tutorial_taskflow_api.py
[2023-12-31T10:04:04.967-0300] {processor.py:830} INFO - Processing file /home/felipe/.local/lib/python3.10/site-packages/airflow/example_dags/tutorial_taskflow_api.py for tasks to queue
[2023-12-31T10:04:04.968-0300] {logging_mixin.py:188} INFO - [2023-12-31T10:04:04.968-0300] {dagbag.py:538} INFO - Filling up the DagBag from /home/felipe/.local/lib/python3.10/site-packages/airflow/example_dags/tutorial_taskflow_api.py
[2023-12-31T10:04:05.007-0300] {processor.py:840} INFO - DAG(s) 'tutorial_taskflow_api' retrieved from /home/felipe/.local/lib/python3.10/site-packages/airflow/example_dags/tutorial_taskflow_api.py
[2023-12-31T10:04:05.086-0300] {logging_mixin.py:188} INFO - [2023-12-31T10:04:05.079-0300] {dag.py:3033} INFO - Sync 1 DAGs
[2023-12-31T10:04:05.148-0300] {logging_mixin.py:188} INFO - [2023-12-31T10:04:05.139-0300] {dag.py:3820} INFO - Setting next_dagrun for tutorial_taskflow_api to None, run_after=None
[2023-12-31T10:04:05.279-0300] {processor.py:183} INFO - Processing /home/felipe/.local/lib/python3.10/site-packages/airflow/example_dags/tutorial_taskflow_api.py took 0.342 seconds
[2023-12-31T10:06:27.496-0300] {processor.py:161} INFO - Started process (PID=33638) to work on /home/felipe/.local/lib/python3.10/site-packages/airflow/example_dags/tutorial_taskflow_api.py
[2023-12-31T10:06:27.498-0300] {processor.py:830} INFO - Processing file /home/felipe/.local/lib/python3.10/site-packages/airflow/example_dags/tutorial_taskflow_api.py for tasks to queue
[2023-12-31T10:06:27.506-0300] {logging_mixin.py:188} INFO - [2023-12-31T10:06:27.499-0300] {dagbag.py:538} INFO - Filling up the DagBag from /home/felipe/.local/lib/python3.10/site-packages/airflow/example_dags/tutorial_taskflow_api.py
[2023-12-31T10:06:27.529-0300] {processor.py:840} INFO - DAG(s) 'tutorial_taskflow_api' retrieved from /home/felipe/.local/lib/python3.10/site-packages/airflow/example_dags/tutorial_taskflow_api.py
[2023-12-31T10:06:27.608-0300] {logging_mixin.py:188} INFO - [2023-12-31T10:06:27.608-0300] {dag.py:3033} INFO - Sync 1 DAGs
[2023-12-31T10:06:27.709-0300] {logging_mixin.py:188} INFO - [2023-12-31T10:06:27.708-0300] {dag.py:3820} INFO - Setting next_dagrun for tutorial_taskflow_api to None, run_after=None
[2023-12-31T10:06:27.889-0300] {processor.py:183} INFO - Processing /home/felipe/.local/lib/python3.10/site-packages/airflow/example_dags/tutorial_taskflow_api.py took 0.410 seconds
[2023-12-31T10:08:53.706-0300] {processor.py:161} INFO - Started process (PID=33806) to work on /home/felipe/.local/lib/python3.10/site-packages/airflow/example_dags/tutorial_taskflow_api.py
[2023-12-31T10:08:53.709-0300] {processor.py:830} INFO - Processing file /home/felipe/.local/lib/python3.10/site-packages/airflow/example_dags/tutorial_taskflow_api.py for tasks to queue
[2023-12-31T10:08:53.728-0300] {logging_mixin.py:188} INFO - [2023-12-31T10:08:53.727-0300] {dagbag.py:538} INFO - Filling up the DagBag from /home/felipe/.local/lib/python3.10/site-packages/airflow/example_dags/tutorial_taskflow_api.py
[2023-12-31T10:08:53.777-0300] {processor.py:840} INFO - DAG(s) 'tutorial_taskflow_api' retrieved from /home/felipe/.local/lib/python3.10/site-packages/airflow/example_dags/tutorial_taskflow_api.py
[2023-12-31T10:08:53.848-0300] {logging_mixin.py:188} INFO - [2023-12-31T10:08:53.848-0300] {dag.py:3033} INFO - Sync 1 DAGs
[2023-12-31T10:08:53.909-0300] {logging_mixin.py:188} INFO - [2023-12-31T10:08:53.909-0300] {dag.py:3820} INFO - Setting next_dagrun for tutorial_taskflow_api to None, run_after=None
[2023-12-31T10:08:54.039-0300] {processor.py:183} INFO - Processing /home/felipe/.local/lib/python3.10/site-packages/airflow/example_dags/tutorial_taskflow_api.py took 0.353 seconds
[2023-12-31T11:29:34.814-0300] {processor.py:161} INFO - Started process (PID=34030) to work on /home/felipe/.local/lib/python3.10/site-packages/airflow/example_dags/tutorial_taskflow_api.py
[2023-12-31T11:29:34.817-0300] {processor.py:830} INFO - Processing file /home/felipe/.local/lib/python3.10/site-packages/airflow/example_dags/tutorial_taskflow_api.py for tasks to queue
[2023-12-31T11:29:34.827-0300] {logging_mixin.py:188} INFO - [2023-12-31T11:29:34.826-0300] {dagbag.py:538} INFO - Filling up the DagBag from /home/felipe/.local/lib/python3.10/site-packages/airflow/example_dags/tutorial_taskflow_api.py
[2023-12-31T11:29:34.865-0300] {processor.py:840} INFO - DAG(s) 'tutorial_taskflow_api' retrieved from /home/felipe/.local/lib/python3.10/site-packages/airflow/example_dags/tutorial_taskflow_api.py
[2023-12-31T11:29:34.954-0300] {logging_mixin.py:188} INFO - [2023-12-31T11:29:34.954-0300] {dag.py:3033} INFO - Sync 1 DAGs
[2023-12-31T11:29:35.025-0300] {logging_mixin.py:188} INFO - [2023-12-31T11:29:35.024-0300] {dag.py:3820} INFO - Setting next_dagrun for tutorial_taskflow_api to None, run_after=None
[2023-12-31T11:29:35.185-0300] {processor.py:183} INFO - Processing /home/felipe/.local/lib/python3.10/site-packages/airflow/example_dags/tutorial_taskflow_api.py took 0.389 seconds
[2023-12-31T11:31:27.727-0300] {processor.py:161} INFO - Started process (PID=34282) to work on /home/felipe/.local/lib/python3.10/site-packages/airflow/example_dags/tutorial_taskflow_api.py
[2023-12-31T11:31:27.735-0300] {processor.py:830} INFO - Processing file /home/felipe/.local/lib/python3.10/site-packages/airflow/example_dags/tutorial_taskflow_api.py for tasks to queue
[2023-12-31T11:31:27.737-0300] {logging_mixin.py:188} INFO - [2023-12-31T11:31:27.736-0300] {dagbag.py:538} INFO - Filling up the DagBag from /home/felipe/.local/lib/python3.10/site-packages/airflow/example_dags/tutorial_taskflow_api.py
[2023-12-31T11:31:27.794-0300] {processor.py:840} INFO - DAG(s) 'tutorial_taskflow_api' retrieved from /home/felipe/.local/lib/python3.10/site-packages/airflow/example_dags/tutorial_taskflow_api.py
[2023-12-31T11:31:27.885-0300] {logging_mixin.py:188} INFO - [2023-12-31T11:31:27.885-0300] {dag.py:3033} INFO - Sync 1 DAGs
[2023-12-31T11:31:27.956-0300] {logging_mixin.py:188} INFO - [2023-12-31T11:31:27.956-0300] {dag.py:3820} INFO - Setting next_dagrun for tutorial_taskflow_api to None, run_after=None
[2023-12-31T11:31:28.155-0300] {processor.py:183} INFO - Processing /home/felipe/.local/lib/python3.10/site-packages/airflow/example_dags/tutorial_taskflow_api.py took 0.440 seconds
[2023-12-31T11:32:53.486-0300] {processor.py:161} INFO - Started process (PID=34376) to work on /home/felipe/.local/lib/python3.10/site-packages/airflow/example_dags/tutorial_taskflow_api.py
[2023-12-31T11:32:53.496-0300] {processor.py:830} INFO - Processing file /home/felipe/.local/lib/python3.10/site-packages/airflow/example_dags/tutorial_taskflow_api.py for tasks to queue
[2023-12-31T11:32:53.504-0300] {logging_mixin.py:188} INFO - [2023-12-31T11:32:53.497-0300] {dagbag.py:538} INFO - Filling up the DagBag from /home/felipe/.local/lib/python3.10/site-packages/airflow/example_dags/tutorial_taskflow_api.py
[2023-12-31T11:32:53.545-0300] {processor.py:840} INFO - DAG(s) 'tutorial_taskflow_api' retrieved from /home/felipe/.local/lib/python3.10/site-packages/airflow/example_dags/tutorial_taskflow_api.py
[2023-12-31T11:32:53.655-0300] {logging_mixin.py:188} INFO - [2023-12-31T11:32:53.654-0300] {dag.py:3033} INFO - Sync 1 DAGs
[2023-12-31T11:32:53.756-0300] {logging_mixin.py:188} INFO - [2023-12-31T11:32:53.756-0300] {dag.py:3820} INFO - Setting next_dagrun for tutorial_taskflow_api to None, run_after=None
[2023-12-31T11:32:53.964-0300] {processor.py:183} INFO - Processing /home/felipe/.local/lib/python3.10/site-packages/airflow/example_dags/tutorial_taskflow_api.py took 0.498 seconds
[2023-12-31T11:34:21.104-0300] {processor.py:161} INFO - Started process (PID=34476) to work on /home/felipe/.local/lib/python3.10/site-packages/airflow/example_dags/tutorial_taskflow_api.py
[2023-12-31T11:34:21.114-0300] {processor.py:830} INFO - Processing file /home/felipe/.local/lib/python3.10/site-packages/airflow/example_dags/tutorial_taskflow_api.py for tasks to queue
[2023-12-31T11:34:21.115-0300] {logging_mixin.py:188} INFO - [2023-12-31T11:34:21.115-0300] {dagbag.py:538} INFO - Filling up the DagBag from /home/felipe/.local/lib/python3.10/site-packages/airflow/example_dags/tutorial_taskflow_api.py
[2023-12-31T11:34:21.154-0300] {processor.py:840} INFO - DAG(s) 'tutorial_taskflow_api' retrieved from /home/felipe/.local/lib/python3.10/site-packages/airflow/example_dags/tutorial_taskflow_api.py
[2023-12-31T11:34:21.254-0300] {logging_mixin.py:188} INFO - [2023-12-31T11:34:21.254-0300] {dag.py:3033} INFO - Sync 1 DAGs
[2023-12-31T11:34:21.336-0300] {logging_mixin.py:188} INFO - [2023-12-31T11:34:21.335-0300] {dag.py:3820} INFO - Setting next_dagrun for tutorial_taskflow_api to None, run_after=None
[2023-12-31T11:34:21.554-0300] {processor.py:183} INFO - Processing /home/felipe/.local/lib/python3.10/site-packages/airflow/example_dags/tutorial_taskflow_api.py took 0.468 seconds
[2023-12-31T11:35:46.084-0300] {processor.py:161} INFO - Started process (PID=34594) to work on /home/felipe/.local/lib/python3.10/site-packages/airflow/example_dags/tutorial_taskflow_api.py
[2023-12-31T11:35:46.094-0300] {processor.py:830} INFO - Processing file /home/felipe/.local/lib/python3.10/site-packages/airflow/example_dags/tutorial_taskflow_api.py for tasks to queue
[2023-12-31T11:35:46.097-0300] {logging_mixin.py:188} INFO - [2023-12-31T11:35:46.096-0300] {dagbag.py:538} INFO - Filling up the DagBag from /home/felipe/.local/lib/python3.10/site-packages/airflow/example_dags/tutorial_taskflow_api.py
[2023-12-31T11:35:46.154-0300] {processor.py:840} INFO - DAG(s) 'tutorial_taskflow_api' retrieved from /home/felipe/.local/lib/python3.10/site-packages/airflow/example_dags/tutorial_taskflow_api.py
[2023-12-31T11:35:46.244-0300] {logging_mixin.py:188} INFO - [2023-12-31T11:35:46.236-0300] {dag.py:3033} INFO - Sync 1 DAGs
[2023-12-31T11:35:46.366-0300] {logging_mixin.py:188} INFO - [2023-12-31T11:35:46.365-0300] {dag.py:3820} INFO - Setting next_dagrun for tutorial_taskflow_api to None, run_after=None
[2023-12-31T11:35:46.555-0300] {processor.py:183} INFO - Processing /home/felipe/.local/lib/python3.10/site-packages/airflow/example_dags/tutorial_taskflow_api.py took 0.491 seconds
[2023-12-31T11:38:31.366-0300] {processor.py:161} INFO - Started process (PID=34778) to work on /home/felipe/.local/lib/python3.10/site-packages/airflow/example_dags/tutorial_taskflow_api.py
[2023-12-31T11:38:31.374-0300] {processor.py:830} INFO - Processing file /home/felipe/.local/lib/python3.10/site-packages/airflow/example_dags/tutorial_taskflow_api.py for tasks to queue
[2023-12-31T11:38:31.375-0300] {logging_mixin.py:188} INFO - [2023-12-31T11:38:31.375-0300] {dagbag.py:538} INFO - Filling up the DagBag from /home/felipe/.local/lib/python3.10/site-packages/airflow/example_dags/tutorial_taskflow_api.py
[2023-12-31T11:38:31.427-0300] {processor.py:840} INFO - DAG(s) 'tutorial_taskflow_api' retrieved from /home/felipe/.local/lib/python3.10/site-packages/airflow/example_dags/tutorial_taskflow_api.py
[2023-12-31T11:38:31.577-0300] {logging_mixin.py:188} INFO - [2023-12-31T11:38:31.576-0300] {dag.py:3033} INFO - Sync 1 DAGs
[2023-12-31T11:38:31.694-0300] {logging_mixin.py:188} INFO - [2023-12-31T11:38:31.694-0300] {dag.py:3820} INFO - Setting next_dagrun for tutorial_taskflow_api to None, run_after=None
[2023-12-31T11:38:31.894-0300] {processor.py:183} INFO - Processing /home/felipe/.local/lib/python3.10/site-packages/airflow/example_dags/tutorial_taskflow_api.py took 0.540 seconds
[2023-12-31T11:41:20.174-0300] {processor.py:161} INFO - Started process (PID=34991) to work on /home/felipe/.local/lib/python3.10/site-packages/airflow/example_dags/tutorial_taskflow_api.py
[2023-12-31T11:41:20.184-0300] {processor.py:830} INFO - Processing file /home/felipe/.local/lib/python3.10/site-packages/airflow/example_dags/tutorial_taskflow_api.py for tasks to queue
[2023-12-31T11:41:20.186-0300] {logging_mixin.py:188} INFO - [2023-12-31T11:41:20.185-0300] {dagbag.py:538} INFO - Filling up the DagBag from /home/felipe/.local/lib/python3.10/site-packages/airflow/example_dags/tutorial_taskflow_api.py
[2023-12-31T11:41:20.244-0300] {processor.py:840} INFO - DAG(s) 'tutorial_taskflow_api' retrieved from /home/felipe/.local/lib/python3.10/site-packages/airflow/example_dags/tutorial_taskflow_api.py
[2023-12-31T11:41:20.355-0300] {logging_mixin.py:188} INFO - [2023-12-31T11:41:20.354-0300] {dag.py:3033} INFO - Sync 1 DAGs
[2023-12-31T11:41:20.435-0300] {logging_mixin.py:188} INFO - [2023-12-31T11:41:20.435-0300] {dag.py:3820} INFO - Setting next_dagrun for tutorial_taskflow_api to None, run_after=None
[2023-12-31T11:41:20.636-0300] {processor.py:183} INFO - Processing /home/felipe/.local/lib/python3.10/site-packages/airflow/example_dags/tutorial_taskflow_api.py took 0.490 seconds
[2023-12-31T11:42:53.305-0300] {processor.py:161} INFO - Started process (PID=35093) to work on /home/felipe/.local/lib/python3.10/site-packages/airflow/example_dags/tutorial_taskflow_api.py
[2023-12-31T11:42:53.314-0300] {processor.py:830} INFO - Processing file /home/felipe/.local/lib/python3.10/site-packages/airflow/example_dags/tutorial_taskflow_api.py for tasks to queue
[2023-12-31T11:42:53.316-0300] {logging_mixin.py:188} INFO - [2023-12-31T11:42:53.316-0300] {dagbag.py:538} INFO - Filling up the DagBag from /home/felipe/.local/lib/python3.10/site-packages/airflow/example_dags/tutorial_taskflow_api.py
[2023-12-31T11:42:53.364-0300] {processor.py:840} INFO - DAG(s) 'tutorial_taskflow_api' retrieved from /home/felipe/.local/lib/python3.10/site-packages/airflow/example_dags/tutorial_taskflow_api.py
[2023-12-31T11:42:53.476-0300] {logging_mixin.py:188} INFO - [2023-12-31T11:42:53.475-0300] {dag.py:3033} INFO - Sync 1 DAGs
[2023-12-31T11:42:53.566-0300] {logging_mixin.py:188} INFO - [2023-12-31T11:42:53.565-0300] {dag.py:3820} INFO - Setting next_dagrun for tutorial_taskflow_api to None, run_after=None
[2023-12-31T11:42:53.764-0300] {processor.py:183} INFO - Processing /home/felipe/.local/lib/python3.10/site-packages/airflow/example_dags/tutorial_taskflow_api.py took 0.479 seconds
[2023-12-31T11:44:34.385-0300] {processor.py:161} INFO - Started process (PID=35210) to work on /home/felipe/.local/lib/python3.10/site-packages/airflow/example_dags/tutorial_taskflow_api.py
[2023-12-31T11:44:34.394-0300] {processor.py:830} INFO - Processing file /home/felipe/.local/lib/python3.10/site-packages/airflow/example_dags/tutorial_taskflow_api.py for tasks to queue
[2023-12-31T11:44:34.396-0300] {logging_mixin.py:188} INFO - [2023-12-31T11:44:34.395-0300] {dagbag.py:538} INFO - Filling up the DagBag from /home/felipe/.local/lib/python3.10/site-packages/airflow/example_dags/tutorial_taskflow_api.py
[2023-12-31T11:44:34.436-0300] {processor.py:840} INFO - DAG(s) 'tutorial_taskflow_api' retrieved from /home/felipe/.local/lib/python3.10/site-packages/airflow/example_dags/tutorial_taskflow_api.py
[2023-12-31T11:44:34.595-0300] {logging_mixin.py:188} INFO - [2023-12-31T11:44:34.594-0300] {dag.py:3033} INFO - Sync 1 DAGs
[2023-12-31T11:44:34.694-0300] {logging_mixin.py:188} INFO - [2023-12-31T11:44:34.686-0300] {dag.py:3820} INFO - Setting next_dagrun for tutorial_taskflow_api to None, run_after=None
[2023-12-31T11:44:34.926-0300] {processor.py:183} INFO - Processing /home/felipe/.local/lib/python3.10/site-packages/airflow/example_dags/tutorial_taskflow_api.py took 0.570 seconds
[2023-12-31T11:46:11.596-0300] {processor.py:161} INFO - Started process (PID=35338) to work on /home/felipe/.local/lib/python3.10/site-packages/airflow/example_dags/tutorial_taskflow_api.py
[2023-12-31T11:46:11.606-0300] {processor.py:830} INFO - Processing file /home/felipe/.local/lib/python3.10/site-packages/airflow/example_dags/tutorial_taskflow_api.py for tasks to queue
[2023-12-31T11:46:11.615-0300] {logging_mixin.py:188} INFO - [2023-12-31T11:46:11.614-0300] {dagbag.py:538} INFO - Filling up the DagBag from /home/felipe/.local/lib/python3.10/site-packages/airflow/example_dags/tutorial_taskflow_api.py
[2023-12-31T11:46:11.674-0300] {processor.py:840} INFO - DAG(s) 'tutorial_taskflow_api' retrieved from /home/felipe/.local/lib/python3.10/site-packages/airflow/example_dags/tutorial_taskflow_api.py
[2023-12-31T11:46:11.786-0300] {logging_mixin.py:188} INFO - [2023-12-31T11:46:11.785-0300] {dag.py:3033} INFO - Sync 1 DAGs
[2023-12-31T11:46:11.884-0300] {logging_mixin.py:188} INFO - [2023-12-31T11:46:11.876-0300] {dag.py:3820} INFO - Setting next_dagrun for tutorial_taskflow_api to None, run_after=None
[2023-12-31T11:46:12.155-0300] {processor.py:183} INFO - Processing /home/felipe/.local/lib/python3.10/site-packages/airflow/example_dags/tutorial_taskflow_api.py took 0.571 seconds
[2023-12-31T11:47:48.894-0300] {processor.py:161} INFO - Started process (PID=35487) to work on /home/felipe/.local/lib/python3.10/site-packages/airflow/example_dags/tutorial_taskflow_api.py
[2023-12-31T11:47:48.905-0300] {processor.py:830} INFO - Processing file /home/felipe/.local/lib/python3.10/site-packages/airflow/example_dags/tutorial_taskflow_api.py for tasks to queue
[2023-12-31T11:47:48.915-0300] {logging_mixin.py:188} INFO - [2023-12-31T11:47:48.914-0300] {dagbag.py:538} INFO - Filling up the DagBag from /home/felipe/.local/lib/python3.10/site-packages/airflow/example_dags/tutorial_taskflow_api.py
[2023-12-31T11:47:48.964-0300] {processor.py:840} INFO - DAG(s) 'tutorial_taskflow_api' retrieved from /home/felipe/.local/lib/python3.10/site-packages/airflow/example_dags/tutorial_taskflow_api.py
[2023-12-31T11:47:49.104-0300] {logging_mixin.py:188} INFO - [2023-12-31T11:47:49.095-0300] {dag.py:3033} INFO - Sync 1 DAGs
[2023-12-31T11:47:49.275-0300] {logging_mixin.py:188} INFO - [2023-12-31T11:47:49.274-0300] {dag.py:3820} INFO - Setting next_dagrun for tutorial_taskflow_api to None, run_after=None
[2023-12-31T11:47:49.646-0300] {processor.py:183} INFO - Processing /home/felipe/.local/lib/python3.10/site-packages/airflow/example_dags/tutorial_taskflow_api.py took 0.780 seconds
[2023-12-31T11:50:08.356-0300] {processor.py:161} INFO - Started process (PID=35654) to work on /home/felipe/.local/lib/python3.10/site-packages/airflow/example_dags/tutorial_taskflow_api.py
[2023-12-31T11:50:08.365-0300] {processor.py:830} INFO - Processing file /home/felipe/.local/lib/python3.10/site-packages/airflow/example_dags/tutorial_taskflow_api.py for tasks to queue
[2023-12-31T11:50:08.375-0300] {logging_mixin.py:188} INFO - [2023-12-31T11:50:08.374-0300] {dagbag.py:538} INFO - Filling up the DagBag from /home/felipe/.local/lib/python3.10/site-packages/airflow/example_dags/tutorial_taskflow_api.py
[2023-12-31T11:50:08.454-0300] {processor.py:840} INFO - DAG(s) 'tutorial_taskflow_api' retrieved from /home/felipe/.local/lib/python3.10/site-packages/airflow/example_dags/tutorial_taskflow_api.py
[2023-12-31T11:50:08.614-0300] {logging_mixin.py:188} INFO - [2023-12-31T11:50:08.606-0300] {dag.py:3033} INFO - Sync 1 DAGs
[2023-12-31T11:50:08.714-0300] {logging_mixin.py:188} INFO - [2023-12-31T11:50:08.714-0300] {dag.py:3820} INFO - Setting next_dagrun for tutorial_taskflow_api to None, run_after=None
[2023-12-31T11:50:08.996-0300] {processor.py:183} INFO - Processing /home/felipe/.local/lib/python3.10/site-packages/airflow/example_dags/tutorial_taskflow_api.py took 0.652 seconds
[2023-12-31T11:52:37.885-0300] {processor.py:161} INFO - Started process (PID=35787) to work on /home/felipe/.local/lib/python3.10/site-packages/airflow/example_dags/tutorial_taskflow_api.py
[2023-12-31T11:52:37.914-0300] {processor.py:830} INFO - Processing file /home/felipe/.local/lib/python3.10/site-packages/airflow/example_dags/tutorial_taskflow_api.py for tasks to queue
[2023-12-31T11:52:37.925-0300] {logging_mixin.py:188} INFO - [2023-12-31T11:52:37.924-0300] {dagbag.py:538} INFO - Filling up the DagBag from /home/felipe/.local/lib/python3.10/site-packages/airflow/example_dags/tutorial_taskflow_api.py
[2023-12-31T11:52:38.054-0300] {processor.py:840} INFO - DAG(s) 'tutorial_taskflow_api' retrieved from /home/felipe/.local/lib/python3.10/site-packages/airflow/example_dags/tutorial_taskflow_api.py
[2023-12-31T11:52:38.385-0300] {logging_mixin.py:188} INFO - [2023-12-31T11:52:38.376-0300] {dag.py:3033} INFO - Sync 1 DAGs
[2023-12-31T11:52:38.715-0300] {logging_mixin.py:188} INFO - [2023-12-31T11:52:38.706-0300] {dag.py:3820} INFO - Setting next_dagrun for tutorial_taskflow_api to None, run_after=None
[2023-12-31T11:52:39.455-0300] {processor.py:183} INFO - Processing /home/felipe/.local/lib/python3.10/site-packages/airflow/example_dags/tutorial_taskflow_api.py took 1.619 seconds
[2023-12-31T11:55:01.954-0300] {processor.py:161} INFO - Started process (PID=35909) to work on /home/felipe/.local/lib/python3.10/site-packages/airflow/example_dags/tutorial_taskflow_api.py
[2023-12-31T11:55:01.964-0300] {processor.py:830} INFO - Processing file /home/felipe/.local/lib/python3.10/site-packages/airflow/example_dags/tutorial_taskflow_api.py for tasks to queue
[2023-12-31T11:55:01.974-0300] {logging_mixin.py:188} INFO - [2023-12-31T11:55:01.966-0300] {dagbag.py:538} INFO - Filling up the DagBag from /home/felipe/.local/lib/python3.10/site-packages/airflow/example_dags/tutorial_taskflow_api.py
[2023-12-31T11:55:02.056-0300] {processor.py:840} INFO - DAG(s) 'tutorial_taskflow_api' retrieved from /home/felipe/.local/lib/python3.10/site-packages/airflow/example_dags/tutorial_taskflow_api.py
[2023-12-31T11:55:02.194-0300] {logging_mixin.py:188} INFO - [2023-12-31T11:55:02.194-0300] {dag.py:3033} INFO - Sync 1 DAGs
[2023-12-31T11:55:02.285-0300] {logging_mixin.py:188} INFO - [2023-12-31T11:55:02.285-0300] {dag.py:3820} INFO - Setting next_dagrun for tutorial_taskflow_api to None, run_after=None
[2023-12-31T11:55:02.546-0300] {processor.py:183} INFO - Processing /home/felipe/.local/lib/python3.10/site-packages/airflow/example_dags/tutorial_taskflow_api.py took 0.620 seconds
[2023-12-31T11:56:50.754-0300] {processor.py:161} INFO - Started process (PID=36046) to work on /home/felipe/.local/lib/python3.10/site-packages/airflow/example_dags/tutorial_taskflow_api.py
[2023-12-31T11:56:50.764-0300] {processor.py:830} INFO - Processing file /home/felipe/.local/lib/python3.10/site-packages/airflow/example_dags/tutorial_taskflow_api.py for tasks to queue
[2023-12-31T11:56:50.775-0300] {logging_mixin.py:188} INFO - [2023-12-31T11:56:50.774-0300] {dagbag.py:538} INFO - Filling up the DagBag from /home/felipe/.local/lib/python3.10/site-packages/airflow/example_dags/tutorial_taskflow_api.py
[2023-12-31T11:56:50.835-0300] {processor.py:840} INFO - DAG(s) 'tutorial_taskflow_api' retrieved from /home/felipe/.local/lib/python3.10/site-packages/airflow/example_dags/tutorial_taskflow_api.py
[2023-12-31T11:56:50.985-0300] {logging_mixin.py:188} INFO - [2023-12-31T11:56:50.985-0300] {dag.py:3033} INFO - Sync 1 DAGs
[2023-12-31T11:56:51.115-0300] {logging_mixin.py:188} INFO - [2023-12-31T11:56:51.114-0300] {dag.py:3820} INFO - Setting next_dagrun for tutorial_taskflow_api to None, run_after=None
[2023-12-31T11:56:51.395-0300] {processor.py:183} INFO - Processing /home/felipe/.local/lib/python3.10/site-packages/airflow/example_dags/tutorial_taskflow_api.py took 0.670 seconds
[2023-12-31T11:58:37.564-0300] {processor.py:161} INFO - Started process (PID=36149) to work on /home/felipe/.local/lib/python3.10/site-packages/airflow/example_dags/tutorial_taskflow_api.py
[2023-12-31T11:58:37.574-0300] {processor.py:830} INFO - Processing file /home/felipe/.local/lib/python3.10/site-packages/airflow/example_dags/tutorial_taskflow_api.py for tasks to queue
[2023-12-31T11:58:37.585-0300] {logging_mixin.py:188} INFO - [2023-12-31T11:58:37.584-0300] {dagbag.py:538} INFO - Filling up the DagBag from /home/felipe/.local/lib/python3.10/site-packages/airflow/example_dags/tutorial_taskflow_api.py
[2023-12-31T11:58:37.654-0300] {processor.py:840} INFO - DAG(s) 'tutorial_taskflow_api' retrieved from /home/felipe/.local/lib/python3.10/site-packages/airflow/example_dags/tutorial_taskflow_api.py
[2023-12-31T11:58:37.835-0300] {logging_mixin.py:188} INFO - [2023-12-31T11:58:37.835-0300] {dag.py:3033} INFO - Sync 1 DAGs
[2023-12-31T11:58:37.944-0300] {logging_mixin.py:188} INFO - [2023-12-31T11:58:37.936-0300] {dag.py:3820} INFO - Setting next_dagrun for tutorial_taskflow_api to None, run_after=None
[2023-12-31T11:58:38.196-0300] {processor.py:183} INFO - Processing /home/felipe/.local/lib/python3.10/site-packages/airflow/example_dags/tutorial_taskflow_api.py took 0.661 seconds
[2023-12-31T12:00:23.865-0300] {processor.py:161} INFO - Started process (PID=36283) to work on /home/felipe/.local/lib/python3.10/site-packages/airflow/example_dags/tutorial_taskflow_api.py
[2023-12-31T12:00:23.875-0300] {processor.py:830} INFO - Processing file /home/felipe/.local/lib/python3.10/site-packages/airflow/example_dags/tutorial_taskflow_api.py for tasks to queue
[2023-12-31T12:00:23.885-0300] {logging_mixin.py:188} INFO - [2023-12-31T12:00:23.885-0300] {dagbag.py:538} INFO - Filling up the DagBag from /home/felipe/.local/lib/python3.10/site-packages/airflow/example_dags/tutorial_taskflow_api.py
[2023-12-31T12:00:23.954-0300] {processor.py:840} INFO - DAG(s) 'tutorial_taskflow_api' retrieved from /home/felipe/.local/lib/python3.10/site-packages/airflow/example_dags/tutorial_taskflow_api.py
[2023-12-31T12:00:24.115-0300] {logging_mixin.py:188} INFO - [2023-12-31T12:00:24.115-0300] {dag.py:3033} INFO - Sync 1 DAGs
[2023-12-31T12:00:24.284-0300] {logging_mixin.py:188} INFO - [2023-12-31T12:00:24.284-0300] {dag.py:3820} INFO - Setting next_dagrun for tutorial_taskflow_api to None, run_after=None
[2023-12-31T12:00:24.594-0300] {processor.py:183} INFO - Processing /home/felipe/.local/lib/python3.10/site-packages/airflow/example_dags/tutorial_taskflow_api.py took 0.750 seconds
[2023-12-31T12:02:15.445-0300] {processor.py:161} INFO - Started process (PID=36386) to work on /home/felipe/.local/lib/python3.10/site-packages/airflow/example_dags/tutorial_taskflow_api.py
[2023-12-31T12:02:15.455-0300] {processor.py:830} INFO - Processing file /home/felipe/.local/lib/python3.10/site-packages/airflow/example_dags/tutorial_taskflow_api.py for tasks to queue
[2023-12-31T12:02:15.465-0300] {logging_mixin.py:188} INFO - [2023-12-31T12:02:15.464-0300] {dagbag.py:538} INFO - Filling up the DagBag from /home/felipe/.local/lib/python3.10/site-packages/airflow/example_dags/tutorial_taskflow_api.py
[2023-12-31T12:02:15.544-0300] {processor.py:840} INFO - DAG(s) 'tutorial_taskflow_api' retrieved from /home/felipe/.local/lib/python3.10/site-packages/airflow/example_dags/tutorial_taskflow_api.py
[2023-12-31T12:02:15.784-0300] {logging_mixin.py:188} INFO - [2023-12-31T12:02:15.775-0300] {dag.py:3033} INFO - Sync 1 DAGs
[2023-12-31T12:02:15.935-0300] {logging_mixin.py:188} INFO - [2023-12-31T12:02:15.935-0300] {dag.py:3820} INFO - Setting next_dagrun for tutorial_taskflow_api to None, run_after=None
[2023-12-31T12:02:16.305-0300] {processor.py:183} INFO - Processing /home/felipe/.local/lib/python3.10/site-packages/airflow/example_dags/tutorial_taskflow_api.py took 0.880 seconds
[2023-12-31T12:04:30.404-0300] {processor.py:161} INFO - Started process (PID=36506) to work on /home/felipe/.local/lib/python3.10/site-packages/airflow/example_dags/tutorial_taskflow_api.py
[2023-12-31T12:04:30.434-0300] {processor.py:830} INFO - Processing file /home/felipe/.local/lib/python3.10/site-packages/airflow/example_dags/tutorial_taskflow_api.py for tasks to queue
[2023-12-31T12:04:30.465-0300] {logging_mixin.py:188} INFO - [2023-12-31T12:04:30.455-0300] {dagbag.py:538} INFO - Filling up the DagBag from /home/felipe/.local/lib/python3.10/site-packages/airflow/example_dags/tutorial_taskflow_api.py
[2023-12-31T12:04:30.695-0300] {processor.py:840} INFO - DAG(s) 'tutorial_taskflow_api' retrieved from /home/felipe/.local/lib/python3.10/site-packages/airflow/example_dags/tutorial_taskflow_api.py
[2023-12-31T12:04:31.084-0300] {logging_mixin.py:188} INFO - [2023-12-31T12:04:31.074-0300] {dag.py:3033} INFO - Sync 1 DAGs
[2023-12-31T12:04:31.545-0300] {logging_mixin.py:188} INFO - [2023-12-31T12:04:31.544-0300] {dag.py:3820} INFO - Setting next_dagrun for tutorial_taskflow_api to None, run_after=None
[2023-12-31T12:04:32.555-0300] {processor.py:183} INFO - Processing /home/felipe/.local/lib/python3.10/site-packages/airflow/example_dags/tutorial_taskflow_api.py took 2.310 seconds
