[2023-12-24T16:57:16.981-0300] {processor.py:161} INFO - Started process (PID=3419) to work on /home/felipe/.local/lib/python3.10/site-packages/airflow/example_dags/plugins/listener_plugin.py
[2023-12-24T16:57:16.982-0300] {processor.py:830} INFO - Processing file /home/felipe/.local/lib/python3.10/site-packages/airflow/example_dags/plugins/listener_plugin.py for tasks to queue
[2023-12-24T16:57:16.983-0300] {logging_mixin.py:188} INFO - [2023-12-24T16:57:16.983-0300] {dagbag.py:538} INFO - Filling up the DagBag from /home/felipe/.local/lib/python3.10/site-packages/airflow/example_dags/plugins/listener_plugin.py
[2023-12-24T16:57:16.987-0300] {processor.py:842} WARNING - No viable dags retrieved from /home/felipe/.local/lib/python3.10/site-packages/airflow/example_dags/plugins/listener_plugin.py
[2023-12-24T16:57:17.003-0300] {processor.py:183} INFO - Processing /home/felipe/.local/lib/python3.10/site-packages/airflow/example_dags/plugins/listener_plugin.py took 0.027 seconds
[2023-12-24T16:58:18.496-0300] {processor.py:161} INFO - Started process (PID=3481) to work on /home/felipe/.local/lib/python3.10/site-packages/airflow/example_dags/plugins/listener_plugin.py
[2023-12-24T16:58:18.499-0300] {processor.py:830} INFO - Processing file /home/felipe/.local/lib/python3.10/site-packages/airflow/example_dags/plugins/listener_plugin.py for tasks to queue
[2023-12-24T16:58:18.500-0300] {logging_mixin.py:188} INFO - [2023-12-24T16:58:18.500-0300] {dagbag.py:538} INFO - Filling up the DagBag from /home/felipe/.local/lib/python3.10/site-packages/airflow/example_dags/plugins/listener_plugin.py
[2023-12-24T16:58:18.504-0300] {processor.py:842} WARNING - No viable dags retrieved from /home/felipe/.local/lib/python3.10/site-packages/airflow/example_dags/plugins/listener_plugin.py
[2023-12-24T16:58:18.521-0300] {processor.py:183} INFO - Processing /home/felipe/.local/lib/python3.10/site-packages/airflow/example_dags/plugins/listener_plugin.py took 0.029 seconds
[2023-12-24T16:59:13.619-0300] {processor.py:161} INFO - Started process (PID=3537) to work on /home/felipe/.local/lib/python3.10/site-packages/airflow/example_dags/plugins/listener_plugin.py
[2023-12-24T16:59:13.623-0300] {processor.py:830} INFO - Processing file /home/felipe/.local/lib/python3.10/site-packages/airflow/example_dags/plugins/listener_plugin.py for tasks to queue
[2023-12-24T16:59:13.625-0300] {logging_mixin.py:188} INFO - [2023-12-24T16:59:13.624-0300] {dagbag.py:538} INFO - Filling up the DagBag from /home/felipe/.local/lib/python3.10/site-packages/airflow/example_dags/plugins/listener_plugin.py
[2023-12-24T16:59:13.631-0300] {processor.py:842} WARNING - No viable dags retrieved from /home/felipe/.local/lib/python3.10/site-packages/airflow/example_dags/plugins/listener_plugin.py
[2023-12-24T16:59:13.653-0300] {processor.py:183} INFO - Processing /home/felipe/.local/lib/python3.10/site-packages/airflow/example_dags/plugins/listener_plugin.py took 0.039 seconds
[2023-12-24T17:00:10.139-0300] {processor.py:161} INFO - Started process (PID=3625) to work on /home/felipe/.local/lib/python3.10/site-packages/airflow/example_dags/plugins/listener_plugin.py
[2023-12-24T17:00:10.141-0300] {processor.py:830} INFO - Processing file /home/felipe/.local/lib/python3.10/site-packages/airflow/example_dags/plugins/listener_plugin.py for tasks to queue
[2023-12-24T17:00:10.143-0300] {logging_mixin.py:188} INFO - [2023-12-24T17:00:10.142-0300] {dagbag.py:538} INFO - Filling up the DagBag from /home/felipe/.local/lib/python3.10/site-packages/airflow/example_dags/plugins/listener_plugin.py
[2023-12-24T17:00:10.147-0300] {processor.py:842} WARNING - No viable dags retrieved from /home/felipe/.local/lib/python3.10/site-packages/airflow/example_dags/plugins/listener_plugin.py
[2023-12-24T17:00:10.162-0300] {processor.py:183} INFO - Processing /home/felipe/.local/lib/python3.10/site-packages/airflow/example_dags/plugins/listener_plugin.py took 0.027 seconds
[2023-12-24T17:01:00.884-0300] {processor.py:161} INFO - Started process (PID=3677) to work on /home/felipe/.local/lib/python3.10/site-packages/airflow/example_dags/plugins/listener_plugin.py
[2023-12-24T17:01:00.886-0300] {processor.py:830} INFO - Processing file /home/felipe/.local/lib/python3.10/site-packages/airflow/example_dags/plugins/listener_plugin.py for tasks to queue
[2023-12-24T17:01:00.888-0300] {logging_mixin.py:188} INFO - [2023-12-24T17:01:00.887-0300] {dagbag.py:538} INFO - Filling up the DagBag from /home/felipe/.local/lib/python3.10/site-packages/airflow/example_dags/plugins/listener_plugin.py
[2023-12-24T17:01:00.891-0300] {processor.py:842} WARNING - No viable dags retrieved from /home/felipe/.local/lib/python3.10/site-packages/airflow/example_dags/plugins/listener_plugin.py
[2023-12-24T17:01:00.906-0300] {processor.py:183} INFO - Processing /home/felipe/.local/lib/python3.10/site-packages/airflow/example_dags/plugins/listener_plugin.py took 0.027 seconds
[2023-12-24T17:01:52.260-0300] {processor.py:161} INFO - Started process (PID=3753) to work on /home/felipe/.local/lib/python3.10/site-packages/airflow/example_dags/plugins/listener_plugin.py
[2023-12-24T17:01:52.262-0300] {processor.py:830} INFO - Processing file /home/felipe/.local/lib/python3.10/site-packages/airflow/example_dags/plugins/listener_plugin.py for tasks to queue
[2023-12-24T17:01:52.264-0300] {logging_mixin.py:188} INFO - [2023-12-24T17:01:52.264-0300] {dagbag.py:538} INFO - Filling up the DagBag from /home/felipe/.local/lib/python3.10/site-packages/airflow/example_dags/plugins/listener_plugin.py
[2023-12-24T17:01:52.268-0300] {processor.py:842} WARNING - No viable dags retrieved from /home/felipe/.local/lib/python3.10/site-packages/airflow/example_dags/plugins/listener_plugin.py
[2023-12-24T17:01:52.286-0300] {processor.py:183} INFO - Processing /home/felipe/.local/lib/python3.10/site-packages/airflow/example_dags/plugins/listener_plugin.py took 0.030 seconds
[2023-12-24T17:02:47.289-0300] {processor.py:161} INFO - Started process (PID=3802) to work on /home/felipe/.local/lib/python3.10/site-packages/airflow/example_dags/plugins/listener_plugin.py
[2023-12-24T17:02:47.291-0300] {processor.py:830} INFO - Processing file /home/felipe/.local/lib/python3.10/site-packages/airflow/example_dags/plugins/listener_plugin.py for tasks to queue
[2023-12-24T17:02:47.293-0300] {logging_mixin.py:188} INFO - [2023-12-24T17:02:47.292-0300] {dagbag.py:538} INFO - Filling up the DagBag from /home/felipe/.local/lib/python3.10/site-packages/airflow/example_dags/plugins/listener_plugin.py
[2023-12-24T17:02:47.301-0300] {processor.py:842} WARNING - No viable dags retrieved from /home/felipe/.local/lib/python3.10/site-packages/airflow/example_dags/plugins/listener_plugin.py
[2023-12-24T17:02:47.321-0300] {processor.py:183} INFO - Processing /home/felipe/.local/lib/python3.10/site-packages/airflow/example_dags/plugins/listener_plugin.py took 0.037 seconds
[2023-12-24T17:03:45.078-0300] {processor.py:161} INFO - Started process (PID=3908) to work on /home/felipe/.local/lib/python3.10/site-packages/airflow/example_dags/plugins/listener_plugin.py
[2023-12-24T17:03:45.082-0300] {processor.py:830} INFO - Processing file /home/felipe/.local/lib/python3.10/site-packages/airflow/example_dags/plugins/listener_plugin.py for tasks to queue
[2023-12-24T17:03:45.084-0300] {logging_mixin.py:188} INFO - [2023-12-24T17:03:45.083-0300] {dagbag.py:538} INFO - Filling up the DagBag from /home/felipe/.local/lib/python3.10/site-packages/airflow/example_dags/plugins/listener_plugin.py
[2023-12-24T17:03:45.092-0300] {processor.py:842} WARNING - No viable dags retrieved from /home/felipe/.local/lib/python3.10/site-packages/airflow/example_dags/plugins/listener_plugin.py
[2023-12-24T17:03:45.116-0300] {processor.py:183} INFO - Processing /home/felipe/.local/lib/python3.10/site-packages/airflow/example_dags/plugins/listener_plugin.py took 0.041 seconds
[2023-12-24T17:04:40.612-0300] {processor.py:161} INFO - Started process (PID=4105) to work on /home/felipe/.local/lib/python3.10/site-packages/airflow/example_dags/plugins/listener_plugin.py
[2023-12-24T17:04:40.614-0300] {processor.py:830} INFO - Processing file /home/felipe/.local/lib/python3.10/site-packages/airflow/example_dags/plugins/listener_plugin.py for tasks to queue
[2023-12-24T17:04:40.616-0300] {logging_mixin.py:188} INFO - [2023-12-24T17:04:40.615-0300] {dagbag.py:538} INFO - Filling up the DagBag from /home/felipe/.local/lib/python3.10/site-packages/airflow/example_dags/plugins/listener_plugin.py
[2023-12-24T17:04:40.621-0300] {processor.py:842} WARNING - No viable dags retrieved from /home/felipe/.local/lib/python3.10/site-packages/airflow/example_dags/plugins/listener_plugin.py
[2023-12-24T17:04:40.637-0300] {processor.py:183} INFO - Processing /home/felipe/.local/lib/python3.10/site-packages/airflow/example_dags/plugins/listener_plugin.py took 0.029 seconds
[2023-12-24T17:05:36.208-0300] {processor.py:161} INFO - Started process (PID=4159) to work on /home/felipe/.local/lib/python3.10/site-packages/airflow/example_dags/plugins/listener_plugin.py
[2023-12-24T17:05:36.210-0300] {processor.py:830} INFO - Processing file /home/felipe/.local/lib/python3.10/site-packages/airflow/example_dags/plugins/listener_plugin.py for tasks to queue
[2023-12-24T17:05:36.212-0300] {logging_mixin.py:188} INFO - [2023-12-24T17:05:36.212-0300] {dagbag.py:538} INFO - Filling up the DagBag from /home/felipe/.local/lib/python3.10/site-packages/airflow/example_dags/plugins/listener_plugin.py
[2023-12-24T17:05:36.217-0300] {processor.py:842} WARNING - No viable dags retrieved from /home/felipe/.local/lib/python3.10/site-packages/airflow/example_dags/plugins/listener_plugin.py
[2023-12-24T17:05:36.242-0300] {processor.py:183} INFO - Processing /home/felipe/.local/lib/python3.10/site-packages/airflow/example_dags/plugins/listener_plugin.py took 0.039 seconds
[2023-12-24T17:06:29.139-0300] {processor.py:161} INFO - Started process (PID=4208) to work on /home/felipe/.local/lib/python3.10/site-packages/airflow/example_dags/plugins/listener_plugin.py
[2023-12-24T17:06:29.141-0300] {processor.py:830} INFO - Processing file /home/felipe/.local/lib/python3.10/site-packages/airflow/example_dags/plugins/listener_plugin.py for tasks to queue
[2023-12-24T17:06:29.143-0300] {logging_mixin.py:188} INFO - [2023-12-24T17:06:29.142-0300] {dagbag.py:538} INFO - Filling up the DagBag from /home/felipe/.local/lib/python3.10/site-packages/airflow/example_dags/plugins/listener_plugin.py
[2023-12-24T17:06:29.148-0300] {processor.py:842} WARNING - No viable dags retrieved from /home/felipe/.local/lib/python3.10/site-packages/airflow/example_dags/plugins/listener_plugin.py
[2023-12-24T17:06:29.167-0300] {processor.py:183} INFO - Processing /home/felipe/.local/lib/python3.10/site-packages/airflow/example_dags/plugins/listener_plugin.py took 0.032 seconds
[2023-12-24T17:07:18.362-0300] {processor.py:161} INFO - Started process (PID=4283) to work on /home/felipe/.local/lib/python3.10/site-packages/airflow/example_dags/plugins/listener_plugin.py
[2023-12-24T17:07:18.365-0300] {processor.py:830} INFO - Processing file /home/felipe/.local/lib/python3.10/site-packages/airflow/example_dags/plugins/listener_plugin.py for tasks to queue
[2023-12-24T17:07:18.366-0300] {logging_mixin.py:188} INFO - [2023-12-24T17:07:18.366-0300] {dagbag.py:538} INFO - Filling up the DagBag from /home/felipe/.local/lib/python3.10/site-packages/airflow/example_dags/plugins/listener_plugin.py
[2023-12-24T17:07:18.371-0300] {processor.py:842} WARNING - No viable dags retrieved from /home/felipe/.local/lib/python3.10/site-packages/airflow/example_dags/plugins/listener_plugin.py
[2023-12-24T17:07:18.388-0300] {processor.py:183} INFO - Processing /home/felipe/.local/lib/python3.10/site-packages/airflow/example_dags/plugins/listener_plugin.py took 0.033 seconds
[2023-12-24T17:08:12.976-0300] {processor.py:161} INFO - Started process (PID=4330) to work on /home/felipe/.local/lib/python3.10/site-packages/airflow/example_dags/plugins/listener_plugin.py
[2023-12-24T17:08:12.977-0300] {processor.py:830} INFO - Processing file /home/felipe/.local/lib/python3.10/site-packages/airflow/example_dags/plugins/listener_plugin.py for tasks to queue
[2023-12-24T17:08:12.979-0300] {logging_mixin.py:188} INFO - [2023-12-24T17:08:12.978-0300] {dagbag.py:538} INFO - Filling up the DagBag from /home/felipe/.local/lib/python3.10/site-packages/airflow/example_dags/plugins/listener_plugin.py
[2023-12-24T17:08:12.983-0300] {processor.py:842} WARNING - No viable dags retrieved from /home/felipe/.local/lib/python3.10/site-packages/airflow/example_dags/plugins/listener_plugin.py
[2023-12-24T17:08:12.999-0300] {processor.py:183} INFO - Processing /home/felipe/.local/lib/python3.10/site-packages/airflow/example_dags/plugins/listener_plugin.py took 0.027 seconds
[2023-12-24T17:09:03.373-0300] {processor.py:161} INFO - Started process (PID=4380) to work on /home/felipe/.local/lib/python3.10/site-packages/airflow/example_dags/plugins/listener_plugin.py
[2023-12-24T17:09:03.375-0300] {processor.py:830} INFO - Processing file /home/felipe/.local/lib/python3.10/site-packages/airflow/example_dags/plugins/listener_plugin.py for tasks to queue
[2023-12-24T17:09:03.377-0300] {logging_mixin.py:188} INFO - [2023-12-24T17:09:03.376-0300] {dagbag.py:538} INFO - Filling up the DagBag from /home/felipe/.local/lib/python3.10/site-packages/airflow/example_dags/plugins/listener_plugin.py
[2023-12-24T17:09:03.381-0300] {processor.py:842} WARNING - No viable dags retrieved from /home/felipe/.local/lib/python3.10/site-packages/airflow/example_dags/plugins/listener_plugin.py
[2023-12-24T17:09:03.406-0300] {processor.py:183} INFO - Processing /home/felipe/.local/lib/python3.10/site-packages/airflow/example_dags/plugins/listener_plugin.py took 0.038 seconds
[2023-12-24T17:09:54.535-0300] {processor.py:161} INFO - Started process (PID=4428) to work on /home/felipe/.local/lib/python3.10/site-packages/airflow/example_dags/plugins/listener_plugin.py
[2023-12-24T17:09:54.537-0300] {processor.py:830} INFO - Processing file /home/felipe/.local/lib/python3.10/site-packages/airflow/example_dags/plugins/listener_plugin.py for tasks to queue
[2023-12-24T17:09:54.538-0300] {logging_mixin.py:188} INFO - [2023-12-24T17:09:54.538-0300] {dagbag.py:538} INFO - Filling up the DagBag from /home/felipe/.local/lib/python3.10/site-packages/airflow/example_dags/plugins/listener_plugin.py
[2023-12-24T17:09:54.542-0300] {processor.py:842} WARNING - No viable dags retrieved from /home/felipe/.local/lib/python3.10/site-packages/airflow/example_dags/plugins/listener_plugin.py
[2023-12-24T17:09:54.556-0300] {processor.py:183} INFO - Processing /home/felipe/.local/lib/python3.10/site-packages/airflow/example_dags/plugins/listener_plugin.py took 0.025 seconds
[2023-12-24T17:10:45.267-0300] {processor.py:161} INFO - Started process (PID=4475) to work on /home/felipe/.local/lib/python3.10/site-packages/airflow/example_dags/plugins/listener_plugin.py
[2023-12-24T17:10:45.269-0300] {processor.py:830} INFO - Processing file /home/felipe/.local/lib/python3.10/site-packages/airflow/example_dags/plugins/listener_plugin.py for tasks to queue
[2023-12-24T17:10:45.271-0300] {logging_mixin.py:188} INFO - [2023-12-24T17:10:45.271-0300] {dagbag.py:538} INFO - Filling up the DagBag from /home/felipe/.local/lib/python3.10/site-packages/airflow/example_dags/plugins/listener_plugin.py
[2023-12-24T17:10:45.275-0300] {processor.py:842} WARNING - No viable dags retrieved from /home/felipe/.local/lib/python3.10/site-packages/airflow/example_dags/plugins/listener_plugin.py
[2023-12-24T17:10:45.291-0300] {processor.py:183} INFO - Processing /home/felipe/.local/lib/python3.10/site-packages/airflow/example_dags/plugins/listener_plugin.py took 0.028 seconds
[2023-12-24T17:11:34.612-0300] {processor.py:161} INFO - Started process (PID=4519) to work on /home/felipe/.local/lib/python3.10/site-packages/airflow/example_dags/plugins/listener_plugin.py
[2023-12-24T17:11:34.614-0300] {processor.py:830} INFO - Processing file /home/felipe/.local/lib/python3.10/site-packages/airflow/example_dags/plugins/listener_plugin.py for tasks to queue
[2023-12-24T17:11:34.616-0300] {logging_mixin.py:188} INFO - [2023-12-24T17:11:34.615-0300] {dagbag.py:538} INFO - Filling up the DagBag from /home/felipe/.local/lib/python3.10/site-packages/airflow/example_dags/plugins/listener_plugin.py
[2023-12-24T17:11:34.619-0300] {processor.py:842} WARNING - No viable dags retrieved from /home/felipe/.local/lib/python3.10/site-packages/airflow/example_dags/plugins/listener_plugin.py
[2023-12-24T17:11:34.638-0300] {processor.py:183} INFO - Processing /home/felipe/.local/lib/python3.10/site-packages/airflow/example_dags/plugins/listener_plugin.py took 0.030 seconds
[2023-12-24T17:12:22.842-0300] {processor.py:161} INFO - Started process (PID=4598) to work on /home/felipe/.local/lib/python3.10/site-packages/airflow/example_dags/plugins/listener_plugin.py
[2023-12-24T17:12:22.844-0300] {processor.py:830} INFO - Processing file /home/felipe/.local/lib/python3.10/site-packages/airflow/example_dags/plugins/listener_plugin.py for tasks to queue
[2023-12-24T17:12:22.845-0300] {logging_mixin.py:188} INFO - [2023-12-24T17:12:22.845-0300] {dagbag.py:538} INFO - Filling up the DagBag from /home/felipe/.local/lib/python3.10/site-packages/airflow/example_dags/plugins/listener_plugin.py
[2023-12-24T17:12:22.849-0300] {processor.py:842} WARNING - No viable dags retrieved from /home/felipe/.local/lib/python3.10/site-packages/airflow/example_dags/plugins/listener_plugin.py
[2023-12-24T17:12:22.866-0300] {processor.py:183} INFO - Processing /home/felipe/.local/lib/python3.10/site-packages/airflow/example_dags/plugins/listener_plugin.py took 0.029 seconds
[2023-12-24T17:13:11.438-0300] {processor.py:161} INFO - Started process (PID=4643) to work on /home/felipe/.local/lib/python3.10/site-packages/airflow/example_dags/plugins/listener_plugin.py
[2023-12-24T17:13:11.441-0300] {processor.py:830} INFO - Processing file /home/felipe/.local/lib/python3.10/site-packages/airflow/example_dags/plugins/listener_plugin.py for tasks to queue
[2023-12-24T17:13:11.444-0300] {logging_mixin.py:188} INFO - [2023-12-24T17:13:11.443-0300] {dagbag.py:538} INFO - Filling up the DagBag from /home/felipe/.local/lib/python3.10/site-packages/airflow/example_dags/plugins/listener_plugin.py
[2023-12-24T17:13:11.450-0300] {processor.py:842} WARNING - No viable dags retrieved from /home/felipe/.local/lib/python3.10/site-packages/airflow/example_dags/plugins/listener_plugin.py
[2023-12-24T17:13:11.474-0300] {processor.py:183} INFO - Processing /home/felipe/.local/lib/python3.10/site-packages/airflow/example_dags/plugins/listener_plugin.py took 0.041 seconds
[2023-12-24T17:14:03.784-0300] {processor.py:161} INFO - Started process (PID=4690) to work on /home/felipe/.local/lib/python3.10/site-packages/airflow/example_dags/plugins/listener_plugin.py
[2023-12-24T17:14:03.787-0300] {processor.py:830} INFO - Processing file /home/felipe/.local/lib/python3.10/site-packages/airflow/example_dags/plugins/listener_plugin.py for tasks to queue
[2023-12-24T17:14:03.788-0300] {logging_mixin.py:188} INFO - [2023-12-24T17:14:03.788-0300] {dagbag.py:538} INFO - Filling up the DagBag from /home/felipe/.local/lib/python3.10/site-packages/airflow/example_dags/plugins/listener_plugin.py
[2023-12-24T17:14:03.793-0300] {processor.py:842} WARNING - No viable dags retrieved from /home/felipe/.local/lib/python3.10/site-packages/airflow/example_dags/plugins/listener_plugin.py
[2023-12-24T17:14:03.809-0300] {processor.py:183} INFO - Processing /home/felipe/.local/lib/python3.10/site-packages/airflow/example_dags/plugins/listener_plugin.py took 0.029 seconds
[2023-12-24T17:14:59.070-0300] {processor.py:161} INFO - Started process (PID=4737) to work on /home/felipe/.local/lib/python3.10/site-packages/airflow/example_dags/plugins/listener_plugin.py
[2023-12-24T17:14:59.072-0300] {processor.py:830} INFO - Processing file /home/felipe/.local/lib/python3.10/site-packages/airflow/example_dags/plugins/listener_plugin.py for tasks to queue
[2023-12-24T17:14:59.075-0300] {logging_mixin.py:188} INFO - [2023-12-24T17:14:59.074-0300] {dagbag.py:538} INFO - Filling up the DagBag from /home/felipe/.local/lib/python3.10/site-packages/airflow/example_dags/plugins/listener_plugin.py
[2023-12-24T17:14:59.092-0300] {processor.py:842} WARNING - No viable dags retrieved from /home/felipe/.local/lib/python3.10/site-packages/airflow/example_dags/plugins/listener_plugin.py
[2023-12-24T17:14:59.134-0300] {processor.py:183} INFO - Processing /home/felipe/.local/lib/python3.10/site-packages/airflow/example_dags/plugins/listener_plugin.py took 0.076 seconds
[2023-12-24T17:16:07.969-0300] {processor.py:161} INFO - Started process (PID=4792) to work on /home/felipe/.local/lib/python3.10/site-packages/airflow/example_dags/plugins/listener_plugin.py
[2023-12-24T17:16:07.973-0300] {processor.py:830} INFO - Processing file /home/felipe/.local/lib/python3.10/site-packages/airflow/example_dags/plugins/listener_plugin.py for tasks to queue
[2023-12-24T17:16:07.974-0300] {logging_mixin.py:188} INFO - [2023-12-24T17:16:07.974-0300] {dagbag.py:538} INFO - Filling up the DagBag from /home/felipe/.local/lib/python3.10/site-packages/airflow/example_dags/plugins/listener_plugin.py
[2023-12-24T17:16:07.982-0300] {processor.py:842} WARNING - No viable dags retrieved from /home/felipe/.local/lib/python3.10/site-packages/airflow/example_dags/plugins/listener_plugin.py
[2023-12-24T17:16:08.007-0300] {processor.py:183} INFO - Processing /home/felipe/.local/lib/python3.10/site-packages/airflow/example_dags/plugins/listener_plugin.py took 0.042 seconds
[2023-12-24T17:17:03.301-0300] {processor.py:161} INFO - Started process (PID=4872) to work on /home/felipe/.local/lib/python3.10/site-packages/airflow/example_dags/plugins/listener_plugin.py
[2023-12-24T17:17:03.303-0300] {processor.py:830} INFO - Processing file /home/felipe/.local/lib/python3.10/site-packages/airflow/example_dags/plugins/listener_plugin.py for tasks to queue
[2023-12-24T17:17:03.304-0300] {logging_mixin.py:188} INFO - [2023-12-24T17:17:03.304-0300] {dagbag.py:538} INFO - Filling up the DagBag from /home/felipe/.local/lib/python3.10/site-packages/airflow/example_dags/plugins/listener_plugin.py
[2023-12-24T17:17:03.309-0300] {processor.py:842} WARNING - No viable dags retrieved from /home/felipe/.local/lib/python3.10/site-packages/airflow/example_dags/plugins/listener_plugin.py
[2023-12-24T17:17:03.324-0300] {processor.py:183} INFO - Processing /home/felipe/.local/lib/python3.10/site-packages/airflow/example_dags/plugins/listener_plugin.py took 0.027 seconds
[2023-12-24T17:17:56.911-0300] {processor.py:161} INFO - Started process (PID=4917) to work on /home/felipe/.local/lib/python3.10/site-packages/airflow/example_dags/plugins/listener_plugin.py
[2023-12-24T17:17:56.913-0300] {processor.py:830} INFO - Processing file /home/felipe/.local/lib/python3.10/site-packages/airflow/example_dags/plugins/listener_plugin.py for tasks to queue
[2023-12-24T17:17:56.924-0300] {logging_mixin.py:188} INFO - [2023-12-24T17:17:56.915-0300] {dagbag.py:538} INFO - Filling up the DagBag from /home/felipe/.local/lib/python3.10/site-packages/airflow/example_dags/plugins/listener_plugin.py
[2023-12-24T17:17:56.940-0300] {processor.py:842} WARNING - No viable dags retrieved from /home/felipe/.local/lib/python3.10/site-packages/airflow/example_dags/plugins/listener_plugin.py
[2023-12-24T17:17:56.983-0300] {processor.py:183} INFO - Processing /home/felipe/.local/lib/python3.10/site-packages/airflow/example_dags/plugins/listener_plugin.py took 0.087 seconds
[2023-12-24T17:18:48.519-0300] {processor.py:161} INFO - Started process (PID=4970) to work on /home/felipe/.local/lib/python3.10/site-packages/airflow/example_dags/plugins/listener_plugin.py
[2023-12-24T17:18:48.521-0300] {processor.py:830} INFO - Processing file /home/felipe/.local/lib/python3.10/site-packages/airflow/example_dags/plugins/listener_plugin.py for tasks to queue
[2023-12-24T17:18:48.523-0300] {logging_mixin.py:188} INFO - [2023-12-24T17:18:48.522-0300] {dagbag.py:538} INFO - Filling up the DagBag from /home/felipe/.local/lib/python3.10/site-packages/airflow/example_dags/plugins/listener_plugin.py
[2023-12-24T17:18:48.527-0300] {processor.py:842} WARNING - No viable dags retrieved from /home/felipe/.local/lib/python3.10/site-packages/airflow/example_dags/plugins/listener_plugin.py
[2023-12-24T17:18:48.546-0300] {processor.py:183} INFO - Processing /home/felipe/.local/lib/python3.10/site-packages/airflow/example_dags/plugins/listener_plugin.py took 0.032 seconds
[2023-12-24T17:19:40.684-0300] {processor.py:161} INFO - Started process (PID=5018) to work on /home/felipe/.local/lib/python3.10/site-packages/airflow/example_dags/plugins/listener_plugin.py
[2023-12-24T17:19:40.686-0300] {processor.py:830} INFO - Processing file /home/felipe/.local/lib/python3.10/site-packages/airflow/example_dags/plugins/listener_plugin.py for tasks to queue
[2023-12-24T17:19:40.688-0300] {logging_mixin.py:188} INFO - [2023-12-24T17:19:40.687-0300] {dagbag.py:538} INFO - Filling up the DagBag from /home/felipe/.local/lib/python3.10/site-packages/airflow/example_dags/plugins/listener_plugin.py
[2023-12-24T17:19:40.695-0300] {processor.py:842} WARNING - No viable dags retrieved from /home/felipe/.local/lib/python3.10/site-packages/airflow/example_dags/plugins/listener_plugin.py
[2023-12-24T17:19:40.737-0300] {processor.py:183} INFO - Processing /home/felipe/.local/lib/python3.10/site-packages/airflow/example_dags/plugins/listener_plugin.py took 0.057 seconds
[2023-12-24T17:20:37.383-0300] {processor.py:161} INFO - Started process (PID=5073) to work on /home/felipe/.local/lib/python3.10/site-packages/airflow/example_dags/plugins/listener_plugin.py
[2023-12-24T17:20:37.386-0300] {processor.py:830} INFO - Processing file /home/felipe/.local/lib/python3.10/site-packages/airflow/example_dags/plugins/listener_plugin.py for tasks to queue
[2023-12-24T17:20:37.388-0300] {logging_mixin.py:188} INFO - [2023-12-24T17:20:37.387-0300] {dagbag.py:538} INFO - Filling up the DagBag from /home/felipe/.local/lib/python3.10/site-packages/airflow/example_dags/plugins/listener_plugin.py
[2023-12-24T17:20:37.392-0300] {processor.py:842} WARNING - No viable dags retrieved from /home/felipe/.local/lib/python3.10/site-packages/airflow/example_dags/plugins/listener_plugin.py
[2023-12-24T17:20:37.430-0300] {processor.py:183} INFO - Processing /home/felipe/.local/lib/python3.10/site-packages/airflow/example_dags/plugins/listener_plugin.py took 0.052 seconds
[2023-12-24T17:21:29.612-0300] {processor.py:161} INFO - Started process (PID=5122) to work on /home/felipe/.local/lib/python3.10/site-packages/airflow/example_dags/plugins/listener_plugin.py
[2023-12-24T17:21:29.614-0300] {processor.py:830} INFO - Processing file /home/felipe/.local/lib/python3.10/site-packages/airflow/example_dags/plugins/listener_plugin.py for tasks to queue
[2023-12-24T17:21:29.616-0300] {logging_mixin.py:188} INFO - [2023-12-24T17:21:29.616-0300] {dagbag.py:538} INFO - Filling up the DagBag from /home/felipe/.local/lib/python3.10/site-packages/airflow/example_dags/plugins/listener_plugin.py
[2023-12-24T17:21:29.620-0300] {processor.py:842} WARNING - No viable dags retrieved from /home/felipe/.local/lib/python3.10/site-packages/airflow/example_dags/plugins/listener_plugin.py
[2023-12-24T17:21:29.642-0300] {processor.py:183} INFO - Processing /home/felipe/.local/lib/python3.10/site-packages/airflow/example_dags/plugins/listener_plugin.py took 0.034 seconds
[2023-12-24T17:22:23.731-0300] {processor.py:161} INFO - Started process (PID=5205) to work on /home/felipe/.local/lib/python3.10/site-packages/airflow/example_dags/plugins/listener_plugin.py
[2023-12-24T17:22:23.734-0300] {processor.py:830} INFO - Processing file /home/felipe/.local/lib/python3.10/site-packages/airflow/example_dags/plugins/listener_plugin.py for tasks to queue
[2023-12-24T17:22:23.735-0300] {logging_mixin.py:188} INFO - [2023-12-24T17:22:23.735-0300] {dagbag.py:538} INFO - Filling up the DagBag from /home/felipe/.local/lib/python3.10/site-packages/airflow/example_dags/plugins/listener_plugin.py
[2023-12-24T17:22:23.740-0300] {processor.py:842} WARNING - No viable dags retrieved from /home/felipe/.local/lib/python3.10/site-packages/airflow/example_dags/plugins/listener_plugin.py
[2023-12-24T17:22:23.758-0300] {processor.py:183} INFO - Processing /home/felipe/.local/lib/python3.10/site-packages/airflow/example_dags/plugins/listener_plugin.py took 0.030 seconds
[2023-12-24T17:23:19.045-0300] {processor.py:161} INFO - Started process (PID=5265) to work on /home/felipe/.local/lib/python3.10/site-packages/airflow/example_dags/plugins/listener_plugin.py
[2023-12-24T17:23:19.047-0300] {processor.py:830} INFO - Processing file /home/felipe/.local/lib/python3.10/site-packages/airflow/example_dags/plugins/listener_plugin.py for tasks to queue
[2023-12-24T17:23:19.048-0300] {logging_mixin.py:188} INFO - [2023-12-24T17:23:19.048-0300] {dagbag.py:538} INFO - Filling up the DagBag from /home/felipe/.local/lib/python3.10/site-packages/airflow/example_dags/plugins/listener_plugin.py
[2023-12-24T17:23:19.054-0300] {processor.py:842} WARNING - No viable dags retrieved from /home/felipe/.local/lib/python3.10/site-packages/airflow/example_dags/plugins/listener_plugin.py
[2023-12-24T17:23:19.071-0300] {processor.py:183} INFO - Processing /home/felipe/.local/lib/python3.10/site-packages/airflow/example_dags/plugins/listener_plugin.py took 0.030 seconds
[2023-12-24T17:24:14.013-0300] {processor.py:161} INFO - Started process (PID=5322) to work on /home/felipe/.local/lib/python3.10/site-packages/airflow/example_dags/plugins/listener_plugin.py
[2023-12-24T17:24:14.016-0300] {processor.py:830} INFO - Processing file /home/felipe/.local/lib/python3.10/site-packages/airflow/example_dags/plugins/listener_plugin.py for tasks to queue
[2023-12-24T17:24:14.018-0300] {logging_mixin.py:188} INFO - [2023-12-24T17:24:14.017-0300] {dagbag.py:538} INFO - Filling up the DagBag from /home/felipe/.local/lib/python3.10/site-packages/airflow/example_dags/plugins/listener_plugin.py
[2023-12-24T17:24:14.021-0300] {processor.py:842} WARNING - No viable dags retrieved from /home/felipe/.local/lib/python3.10/site-packages/airflow/example_dags/plugins/listener_plugin.py
[2023-12-24T17:24:14.038-0300] {processor.py:183} INFO - Processing /home/felipe/.local/lib/python3.10/site-packages/airflow/example_dags/plugins/listener_plugin.py took 0.029 seconds
[2023-12-24T17:25:16.265-0300] {processor.py:161} INFO - Started process (PID=5380) to work on /home/felipe/.local/lib/python3.10/site-packages/airflow/example_dags/plugins/listener_plugin.py
[2023-12-24T17:25:16.267-0300] {processor.py:830} INFO - Processing file /home/felipe/.local/lib/python3.10/site-packages/airflow/example_dags/plugins/listener_plugin.py for tasks to queue
[2023-12-24T17:25:16.269-0300] {logging_mixin.py:188} INFO - [2023-12-24T17:25:16.268-0300] {dagbag.py:538} INFO - Filling up the DagBag from /home/felipe/.local/lib/python3.10/site-packages/airflow/example_dags/plugins/listener_plugin.py
[2023-12-24T17:25:16.273-0300] {processor.py:842} WARNING - No viable dags retrieved from /home/felipe/.local/lib/python3.10/site-packages/airflow/example_dags/plugins/listener_plugin.py
[2023-12-24T17:25:16.290-0300] {processor.py:183} INFO - Processing /home/felipe/.local/lib/python3.10/site-packages/airflow/example_dags/plugins/listener_plugin.py took 0.029 seconds
[2023-12-24T17:26:09.269-0300] {processor.py:161} INFO - Started process (PID=5429) to work on /home/felipe/.local/lib/python3.10/site-packages/airflow/example_dags/plugins/listener_plugin.py
[2023-12-24T17:26:09.272-0300] {processor.py:830} INFO - Processing file /home/felipe/.local/lib/python3.10/site-packages/airflow/example_dags/plugins/listener_plugin.py for tasks to queue
[2023-12-24T17:26:09.275-0300] {logging_mixin.py:188} INFO - [2023-12-24T17:26:09.274-0300] {dagbag.py:538} INFO - Filling up the DagBag from /home/felipe/.local/lib/python3.10/site-packages/airflow/example_dags/plugins/listener_plugin.py
[2023-12-24T17:26:09.280-0300] {processor.py:842} WARNING - No viable dags retrieved from /home/felipe/.local/lib/python3.10/site-packages/airflow/example_dags/plugins/listener_plugin.py
[2023-12-24T17:26:09.298-0300] {processor.py:183} INFO - Processing /home/felipe/.local/lib/python3.10/site-packages/airflow/example_dags/plugins/listener_plugin.py took 0.034 seconds
[2023-12-24T17:27:00.948-0300] {processor.py:161} INFO - Started process (PID=5502) to work on /home/felipe/.local/lib/python3.10/site-packages/airflow/example_dags/plugins/listener_plugin.py
[2023-12-24T17:27:00.951-0300] {processor.py:830} INFO - Processing file /home/felipe/.local/lib/python3.10/site-packages/airflow/example_dags/plugins/listener_plugin.py for tasks to queue
[2023-12-24T17:27:00.953-0300] {logging_mixin.py:188} INFO - [2023-12-24T17:27:00.952-0300] {dagbag.py:538} INFO - Filling up the DagBag from /home/felipe/.local/lib/python3.10/site-packages/airflow/example_dags/plugins/listener_plugin.py
[2023-12-24T17:27:00.959-0300] {processor.py:842} WARNING - No viable dags retrieved from /home/felipe/.local/lib/python3.10/site-packages/airflow/example_dags/plugins/listener_plugin.py
[2023-12-24T17:27:00.977-0300] {processor.py:183} INFO - Processing /home/felipe/.local/lib/python3.10/site-packages/airflow/example_dags/plugins/listener_plugin.py took 0.032 seconds
[2023-12-24T17:27:57.675-0300] {processor.py:161} INFO - Started process (PID=5552) to work on /home/felipe/.local/lib/python3.10/site-packages/airflow/example_dags/plugins/listener_plugin.py
[2023-12-24T17:27:57.678-0300] {processor.py:830} INFO - Processing file /home/felipe/.local/lib/python3.10/site-packages/airflow/example_dags/plugins/listener_plugin.py for tasks to queue
[2023-12-24T17:27:57.680-0300] {logging_mixin.py:188} INFO - [2023-12-24T17:27:57.679-0300] {dagbag.py:538} INFO - Filling up the DagBag from /home/felipe/.local/lib/python3.10/site-packages/airflow/example_dags/plugins/listener_plugin.py
[2023-12-24T17:27:57.688-0300] {processor.py:842} WARNING - No viable dags retrieved from /home/felipe/.local/lib/python3.10/site-packages/airflow/example_dags/plugins/listener_plugin.py
[2023-12-24T17:27:57.711-0300] {processor.py:183} INFO - Processing /home/felipe/.local/lib/python3.10/site-packages/airflow/example_dags/plugins/listener_plugin.py took 0.043 seconds
[2023-12-24T17:28:52.977-0300] {processor.py:161} INFO - Started process (PID=5602) to work on /home/felipe/.local/lib/python3.10/site-packages/airflow/example_dags/plugins/listener_plugin.py
[2023-12-24T17:28:52.980-0300] {processor.py:830} INFO - Processing file /home/felipe/.local/lib/python3.10/site-packages/airflow/example_dags/plugins/listener_plugin.py for tasks to queue
[2023-12-24T17:28:52.983-0300] {logging_mixin.py:188} INFO - [2023-12-24T17:28:52.981-0300] {dagbag.py:538} INFO - Filling up the DagBag from /home/felipe/.local/lib/python3.10/site-packages/airflow/example_dags/plugins/listener_plugin.py
[2023-12-24T17:28:52.992-0300] {processor.py:842} WARNING - No viable dags retrieved from /home/felipe/.local/lib/python3.10/site-packages/airflow/example_dags/plugins/listener_plugin.py
[2023-12-24T17:28:53.017-0300] {processor.py:183} INFO - Processing /home/felipe/.local/lib/python3.10/site-packages/airflow/example_dags/plugins/listener_plugin.py took 0.047 seconds
[2023-12-24T17:29:46.996-0300] {processor.py:161} INFO - Started process (PID=5650) to work on /home/felipe/.local/lib/python3.10/site-packages/airflow/example_dags/plugins/listener_plugin.py
[2023-12-24T17:29:46.998-0300] {processor.py:830} INFO - Processing file /home/felipe/.local/lib/python3.10/site-packages/airflow/example_dags/plugins/listener_plugin.py for tasks to queue
[2023-12-24T17:29:46.999-0300] {logging_mixin.py:188} INFO - [2023-12-24T17:29:46.999-0300] {dagbag.py:538} INFO - Filling up the DagBag from /home/felipe/.local/lib/python3.10/site-packages/airflow/example_dags/plugins/listener_plugin.py
[2023-12-24T17:29:47.004-0300] {processor.py:842} WARNING - No viable dags retrieved from /home/felipe/.local/lib/python3.10/site-packages/airflow/example_dags/plugins/listener_plugin.py
[2023-12-24T17:29:47.026-0300] {processor.py:183} INFO - Processing /home/felipe/.local/lib/python3.10/site-packages/airflow/example_dags/plugins/listener_plugin.py took 0.035 seconds
[2023-12-24T17:30:40.193-0300] {processor.py:161} INFO - Started process (PID=5698) to work on /home/felipe/.local/lib/python3.10/site-packages/airflow/example_dags/plugins/listener_plugin.py
[2023-12-24T17:30:40.195-0300] {processor.py:830} INFO - Processing file /home/felipe/.local/lib/python3.10/site-packages/airflow/example_dags/plugins/listener_plugin.py for tasks to queue
[2023-12-24T17:30:40.198-0300] {logging_mixin.py:188} INFO - [2023-12-24T17:30:40.197-0300] {dagbag.py:538} INFO - Filling up the DagBag from /home/felipe/.local/lib/python3.10/site-packages/airflow/example_dags/plugins/listener_plugin.py
[2023-12-24T17:30:40.202-0300] {processor.py:842} WARNING - No viable dags retrieved from /home/felipe/.local/lib/python3.10/site-packages/airflow/example_dags/plugins/listener_plugin.py
[2023-12-24T17:30:40.220-0300] {processor.py:183} INFO - Processing /home/felipe/.local/lib/python3.10/site-packages/airflow/example_dags/plugins/listener_plugin.py took 0.031 seconds
[2023-12-24T17:31:35.910-0300] {processor.py:161} INFO - Started process (PID=5751) to work on /home/felipe/.local/lib/python3.10/site-packages/airflow/example_dags/plugins/listener_plugin.py
[2023-12-24T17:31:35.913-0300] {processor.py:830} INFO - Processing file /home/felipe/.local/lib/python3.10/site-packages/airflow/example_dags/plugins/listener_plugin.py for tasks to queue
[2023-12-24T17:31:35.915-0300] {logging_mixin.py:188} INFO - [2023-12-24T17:31:35.914-0300] {dagbag.py:538} INFO - Filling up the DagBag from /home/felipe/.local/lib/python3.10/site-packages/airflow/example_dags/plugins/listener_plugin.py
[2023-12-24T17:31:35.919-0300] {processor.py:842} WARNING - No viable dags retrieved from /home/felipe/.local/lib/python3.10/site-packages/airflow/example_dags/plugins/listener_plugin.py
[2023-12-24T17:31:35.936-0300] {processor.py:183} INFO - Processing /home/felipe/.local/lib/python3.10/site-packages/airflow/example_dags/plugins/listener_plugin.py took 0.031 seconds
[2023-12-24T17:32:33.640-0300] {processor.py:161} INFO - Started process (PID=5828) to work on /home/felipe/.local/lib/python3.10/site-packages/airflow/example_dags/plugins/listener_plugin.py
[2023-12-24T17:32:33.643-0300] {processor.py:830} INFO - Processing file /home/felipe/.local/lib/python3.10/site-packages/airflow/example_dags/plugins/listener_plugin.py for tasks to queue
[2023-12-24T17:32:33.645-0300] {logging_mixin.py:188} INFO - [2023-12-24T17:32:33.644-0300] {dagbag.py:538} INFO - Filling up the DagBag from /home/felipe/.local/lib/python3.10/site-packages/airflow/example_dags/plugins/listener_plugin.py
[2023-12-24T17:32:33.649-0300] {processor.py:842} WARNING - No viable dags retrieved from /home/felipe/.local/lib/python3.10/site-packages/airflow/example_dags/plugins/listener_plugin.py
[2023-12-24T17:32:33.669-0300] {processor.py:183} INFO - Processing /home/felipe/.local/lib/python3.10/site-packages/airflow/example_dags/plugins/listener_plugin.py took 0.033 seconds
[2023-12-24T17:33:28.958-0300] {processor.py:161} INFO - Started process (PID=5876) to work on /home/felipe/.local/lib/python3.10/site-packages/airflow/example_dags/plugins/listener_plugin.py
[2023-12-24T17:33:28.960-0300] {processor.py:830} INFO - Processing file /home/felipe/.local/lib/python3.10/site-packages/airflow/example_dags/plugins/listener_plugin.py for tasks to queue
[2023-12-24T17:33:28.962-0300] {logging_mixin.py:188} INFO - [2023-12-24T17:33:28.961-0300] {dagbag.py:538} INFO - Filling up the DagBag from /home/felipe/.local/lib/python3.10/site-packages/airflow/example_dags/plugins/listener_plugin.py
[2023-12-24T17:33:28.969-0300] {processor.py:842} WARNING - No viable dags retrieved from /home/felipe/.local/lib/python3.10/site-packages/airflow/example_dags/plugins/listener_plugin.py
[2023-12-24T17:33:28.986-0300] {processor.py:183} INFO - Processing /home/felipe/.local/lib/python3.10/site-packages/airflow/example_dags/plugins/listener_plugin.py took 0.032 seconds
[2023-12-24T17:34:19.847-0300] {processor.py:161} INFO - Started process (PID=5924) to work on /home/felipe/.local/lib/python3.10/site-packages/airflow/example_dags/plugins/listener_plugin.py
[2023-12-24T17:34:19.850-0300] {processor.py:830} INFO - Processing file /home/felipe/.local/lib/python3.10/site-packages/airflow/example_dags/plugins/listener_plugin.py for tasks to queue
[2023-12-24T17:34:19.852-0300] {logging_mixin.py:188} INFO - [2023-12-24T17:34:19.851-0300] {dagbag.py:538} INFO - Filling up the DagBag from /home/felipe/.local/lib/python3.10/site-packages/airflow/example_dags/plugins/listener_plugin.py
[2023-12-24T17:34:19.856-0300] {processor.py:842} WARNING - No viable dags retrieved from /home/felipe/.local/lib/python3.10/site-packages/airflow/example_dags/plugins/listener_plugin.py
[2023-12-24T17:34:19.873-0300] {processor.py:183} INFO - Processing /home/felipe/.local/lib/python3.10/site-packages/airflow/example_dags/plugins/listener_plugin.py took 0.032 seconds
[2023-12-24T17:35:12.765-0300] {processor.py:161} INFO - Started process (PID=5970) to work on /home/felipe/.local/lib/python3.10/site-packages/airflow/example_dags/plugins/listener_plugin.py
[2023-12-24T17:35:12.768-0300] {processor.py:830} INFO - Processing file /home/felipe/.local/lib/python3.10/site-packages/airflow/example_dags/plugins/listener_plugin.py for tasks to queue
[2023-12-24T17:35:12.769-0300] {logging_mixin.py:188} INFO - [2023-12-24T17:35:12.769-0300] {dagbag.py:538} INFO - Filling up the DagBag from /home/felipe/.local/lib/python3.10/site-packages/airflow/example_dags/plugins/listener_plugin.py
[2023-12-24T17:35:12.775-0300] {processor.py:842} WARNING - No viable dags retrieved from /home/felipe/.local/lib/python3.10/site-packages/airflow/example_dags/plugins/listener_plugin.py
[2023-12-24T17:35:12.803-0300] {processor.py:183} INFO - Processing /home/felipe/.local/lib/python3.10/site-packages/airflow/example_dags/plugins/listener_plugin.py took 0.042 seconds
[2023-12-24T17:36:10.766-0300] {processor.py:161} INFO - Started process (PID=6023) to work on /home/felipe/.local/lib/python3.10/site-packages/airflow/example_dags/plugins/listener_plugin.py
[2023-12-24T17:36:10.768-0300] {processor.py:830} INFO - Processing file /home/felipe/.local/lib/python3.10/site-packages/airflow/example_dags/plugins/listener_plugin.py for tasks to queue
[2023-12-24T17:36:10.769-0300] {logging_mixin.py:188} INFO - [2023-12-24T17:36:10.768-0300] {dagbag.py:538} INFO - Filling up the DagBag from /home/felipe/.local/lib/python3.10/site-packages/airflow/example_dags/plugins/listener_plugin.py
[2023-12-24T17:36:10.773-0300] {processor.py:842} WARNING - No viable dags retrieved from /home/felipe/.local/lib/python3.10/site-packages/airflow/example_dags/plugins/listener_plugin.py
[2023-12-24T17:36:10.788-0300] {processor.py:183} INFO - Processing /home/felipe/.local/lib/python3.10/site-packages/airflow/example_dags/plugins/listener_plugin.py took 0.027 seconds
[2023-12-24T17:37:53.832-0300] {processor.py:161} INFO - Started process (PID=6250) to work on /home/felipe/.local/lib/python3.10/site-packages/airflow/example_dags/plugins/listener_plugin.py
[2023-12-24T17:37:53.834-0300] {processor.py:830} INFO - Processing file /home/felipe/.local/lib/python3.10/site-packages/airflow/example_dags/plugins/listener_plugin.py for tasks to queue
[2023-12-24T17:37:53.835-0300] {logging_mixin.py:188} INFO - [2023-12-24T17:37:53.835-0300] {dagbag.py:538} INFO - Filling up the DagBag from /home/felipe/.local/lib/python3.10/site-packages/airflow/example_dags/plugins/listener_plugin.py
[2023-12-24T17:37:53.839-0300] {processor.py:842} WARNING - No viable dags retrieved from /home/felipe/.local/lib/python3.10/site-packages/airflow/example_dags/plugins/listener_plugin.py
[2023-12-24T17:37:53.856-0300] {processor.py:183} INFO - Processing /home/felipe/.local/lib/python3.10/site-packages/airflow/example_dags/plugins/listener_plugin.py took 0.029 seconds
[2023-12-24T17:39:27.010-0300] {processor.py:161} INFO - Started process (PID=6544) to work on /home/felipe/.local/lib/python3.10/site-packages/airflow/example_dags/plugins/listener_plugin.py
[2023-12-24T17:39:27.013-0300] {processor.py:830} INFO - Processing file /home/felipe/.local/lib/python3.10/site-packages/airflow/example_dags/plugins/listener_plugin.py for tasks to queue
[2023-12-24T17:39:27.018-0300] {logging_mixin.py:188} INFO - [2023-12-24T17:39:27.014-0300] {dagbag.py:538} INFO - Filling up the DagBag from /home/felipe/.local/lib/python3.10/site-packages/airflow/example_dags/plugins/listener_plugin.py
[2023-12-24T17:39:27.023-0300] {processor.py:842} WARNING - No viable dags retrieved from /home/felipe/.local/lib/python3.10/site-packages/airflow/example_dags/plugins/listener_plugin.py
[2023-12-24T17:39:27.070-0300] {processor.py:183} INFO - Processing /home/felipe/.local/lib/python3.10/site-packages/airflow/example_dags/plugins/listener_plugin.py took 0.066 seconds
[2023-12-24T17:40:25.385-0300] {processor.py:161} INFO - Started process (PID=6595) to work on /home/felipe/.local/lib/python3.10/site-packages/airflow/example_dags/plugins/listener_plugin.py
[2023-12-24T17:40:25.387-0300] {processor.py:830} INFO - Processing file /home/felipe/.local/lib/python3.10/site-packages/airflow/example_dags/plugins/listener_plugin.py for tasks to queue
[2023-12-24T17:40:25.389-0300] {logging_mixin.py:188} INFO - [2023-12-24T17:40:25.388-0300] {dagbag.py:538} INFO - Filling up the DagBag from /home/felipe/.local/lib/python3.10/site-packages/airflow/example_dags/plugins/listener_plugin.py
[2023-12-24T17:40:25.393-0300] {processor.py:842} WARNING - No viable dags retrieved from /home/felipe/.local/lib/python3.10/site-packages/airflow/example_dags/plugins/listener_plugin.py
[2023-12-24T17:40:25.409-0300] {processor.py:183} INFO - Processing /home/felipe/.local/lib/python3.10/site-packages/airflow/example_dags/plugins/listener_plugin.py took 0.028 seconds
[2023-12-24T17:41:22.058-0300] {processor.py:161} INFO - Started process (PID=6647) to work on /home/felipe/.local/lib/python3.10/site-packages/airflow/example_dags/plugins/listener_plugin.py
[2023-12-24T17:41:22.060-0300] {processor.py:830} INFO - Processing file /home/felipe/.local/lib/python3.10/site-packages/airflow/example_dags/plugins/listener_plugin.py for tasks to queue
[2023-12-24T17:41:22.061-0300] {logging_mixin.py:188} INFO - [2023-12-24T17:41:22.061-0300] {dagbag.py:538} INFO - Filling up the DagBag from /home/felipe/.local/lib/python3.10/site-packages/airflow/example_dags/plugins/listener_plugin.py
[2023-12-24T17:41:22.065-0300] {processor.py:842} WARNING - No viable dags retrieved from /home/felipe/.local/lib/python3.10/site-packages/airflow/example_dags/plugins/listener_plugin.py
[2023-12-24T17:41:22.081-0300] {processor.py:183} INFO - Processing /home/felipe/.local/lib/python3.10/site-packages/airflow/example_dags/plugins/listener_plugin.py took 0.027 seconds
[2023-12-24T17:42:17.701-0300] {processor.py:161} INFO - Started process (PID=6696) to work on /home/felipe/.local/lib/python3.10/site-packages/airflow/example_dags/plugins/listener_plugin.py
[2023-12-24T17:42:17.704-0300] {processor.py:830} INFO - Processing file /home/felipe/.local/lib/python3.10/site-packages/airflow/example_dags/plugins/listener_plugin.py for tasks to queue
[2023-12-24T17:42:17.705-0300] {logging_mixin.py:188} INFO - [2023-12-24T17:42:17.705-0300] {dagbag.py:538} INFO - Filling up the DagBag from /home/felipe/.local/lib/python3.10/site-packages/airflow/example_dags/plugins/listener_plugin.py
[2023-12-24T17:42:17.709-0300] {processor.py:842} WARNING - No viable dags retrieved from /home/felipe/.local/lib/python3.10/site-packages/airflow/example_dags/plugins/listener_plugin.py
[2023-12-24T17:42:17.725-0300] {processor.py:183} INFO - Processing /home/felipe/.local/lib/python3.10/site-packages/airflow/example_dags/plugins/listener_plugin.py took 0.029 seconds
[2023-12-24T17:43:10.642-0300] {processor.py:161} INFO - Started process (PID=6778) to work on /home/felipe/.local/lib/python3.10/site-packages/airflow/example_dags/plugins/listener_plugin.py
[2023-12-24T17:43:10.646-0300] {processor.py:830} INFO - Processing file /home/felipe/.local/lib/python3.10/site-packages/airflow/example_dags/plugins/listener_plugin.py for tasks to queue
[2023-12-24T17:43:10.648-0300] {logging_mixin.py:188} INFO - [2023-12-24T17:43:10.647-0300] {dagbag.py:538} INFO - Filling up the DagBag from /home/felipe/.local/lib/python3.10/site-packages/airflow/example_dags/plugins/listener_plugin.py
[2023-12-24T17:43:10.652-0300] {processor.py:842} WARNING - No viable dags retrieved from /home/felipe/.local/lib/python3.10/site-packages/airflow/example_dags/plugins/listener_plugin.py
[2023-12-24T17:43:10.668-0300] {processor.py:183} INFO - Processing /home/felipe/.local/lib/python3.10/site-packages/airflow/example_dags/plugins/listener_plugin.py took 0.030 seconds
[2023-12-24T17:44:07.716-0300] {processor.py:161} INFO - Started process (PID=6826) to work on /home/felipe/.local/lib/python3.10/site-packages/airflow/example_dags/plugins/listener_plugin.py
[2023-12-24T17:44:07.719-0300] {processor.py:830} INFO - Processing file /home/felipe/.local/lib/python3.10/site-packages/airflow/example_dags/plugins/listener_plugin.py for tasks to queue
[2023-12-24T17:44:07.721-0300] {logging_mixin.py:188} INFO - [2023-12-24T17:44:07.720-0300] {dagbag.py:538} INFO - Filling up the DagBag from /home/felipe/.local/lib/python3.10/site-packages/airflow/example_dags/plugins/listener_plugin.py
[2023-12-24T17:44:07.725-0300] {processor.py:842} WARNING - No viable dags retrieved from /home/felipe/.local/lib/python3.10/site-packages/airflow/example_dags/plugins/listener_plugin.py
[2023-12-24T17:44:07.739-0300] {processor.py:183} INFO - Processing /home/felipe/.local/lib/python3.10/site-packages/airflow/example_dags/plugins/listener_plugin.py took 0.027 seconds
[2023-12-24T17:45:03.654-0300] {processor.py:161} INFO - Started process (PID=6879) to work on /home/felipe/.local/lib/python3.10/site-packages/airflow/example_dags/plugins/listener_plugin.py
[2023-12-24T17:45:03.656-0300] {processor.py:830} INFO - Processing file /home/felipe/.local/lib/python3.10/site-packages/airflow/example_dags/plugins/listener_plugin.py for tasks to queue
[2023-12-24T17:45:03.658-0300] {logging_mixin.py:188} INFO - [2023-12-24T17:45:03.657-0300] {dagbag.py:538} INFO - Filling up the DagBag from /home/felipe/.local/lib/python3.10/site-packages/airflow/example_dags/plugins/listener_plugin.py
[2023-12-24T17:45:03.662-0300] {processor.py:842} WARNING - No viable dags retrieved from /home/felipe/.local/lib/python3.10/site-packages/airflow/example_dags/plugins/listener_plugin.py
[2023-12-24T17:45:03.677-0300] {processor.py:183} INFO - Processing /home/felipe/.local/lib/python3.10/site-packages/airflow/example_dags/plugins/listener_plugin.py took 0.026 seconds
[2023-12-24T17:45:54.529-0300] {processor.py:161} INFO - Started process (PID=6926) to work on /home/felipe/.local/lib/python3.10/site-packages/airflow/example_dags/plugins/listener_plugin.py
[2023-12-24T17:45:54.531-0300] {processor.py:830} INFO - Processing file /home/felipe/.local/lib/python3.10/site-packages/airflow/example_dags/plugins/listener_plugin.py for tasks to queue
[2023-12-24T17:45:54.533-0300] {logging_mixin.py:188} INFO - [2023-12-24T17:45:54.532-0300] {dagbag.py:538} INFO - Filling up the DagBag from /home/felipe/.local/lib/python3.10/site-packages/airflow/example_dags/plugins/listener_plugin.py
[2023-12-24T17:45:54.537-0300] {processor.py:842} WARNING - No viable dags retrieved from /home/felipe/.local/lib/python3.10/site-packages/airflow/example_dags/plugins/listener_plugin.py
[2023-12-24T17:45:54.555-0300] {processor.py:183} INFO - Processing /home/felipe/.local/lib/python3.10/site-packages/airflow/example_dags/plugins/listener_plugin.py took 0.033 seconds
[2023-12-24T17:46:48.915-0300] {processor.py:161} INFO - Started process (PID=6978) to work on /home/felipe/.local/lib/python3.10/site-packages/airflow/example_dags/plugins/listener_plugin.py
[2023-12-24T17:46:48.918-0300] {processor.py:830} INFO - Processing file /home/felipe/.local/lib/python3.10/site-packages/airflow/example_dags/plugins/listener_plugin.py for tasks to queue
[2023-12-24T17:46:48.919-0300] {logging_mixin.py:188} INFO - [2023-12-24T17:46:48.919-0300] {dagbag.py:538} INFO - Filling up the DagBag from /home/felipe/.local/lib/python3.10/site-packages/airflow/example_dags/plugins/listener_plugin.py
[2023-12-24T17:46:48.924-0300] {processor.py:842} WARNING - No viable dags retrieved from /home/felipe/.local/lib/python3.10/site-packages/airflow/example_dags/plugins/listener_plugin.py
[2023-12-24T17:46:48.940-0300] {processor.py:183} INFO - Processing /home/felipe/.local/lib/python3.10/site-packages/airflow/example_dags/plugins/listener_plugin.py took 0.030 seconds
[2023-12-24T17:47:43.299-0300] {processor.py:161} INFO - Started process (PID=7052) to work on /home/felipe/.local/lib/python3.10/site-packages/airflow/example_dags/plugins/listener_plugin.py
[2023-12-24T17:47:43.301-0300] {processor.py:830} INFO - Processing file /home/felipe/.local/lib/python3.10/site-packages/airflow/example_dags/plugins/listener_plugin.py for tasks to queue
[2023-12-24T17:47:43.303-0300] {logging_mixin.py:188} INFO - [2023-12-24T17:47:43.302-0300] {dagbag.py:538} INFO - Filling up the DagBag from /home/felipe/.local/lib/python3.10/site-packages/airflow/example_dags/plugins/listener_plugin.py
[2023-12-24T17:47:43.307-0300] {processor.py:842} WARNING - No viable dags retrieved from /home/felipe/.local/lib/python3.10/site-packages/airflow/example_dags/plugins/listener_plugin.py
[2023-12-24T17:47:43.324-0300] {processor.py:183} INFO - Processing /home/felipe/.local/lib/python3.10/site-packages/airflow/example_dags/plugins/listener_plugin.py took 0.030 seconds
[2023-12-24T17:48:38.590-0300] {processor.py:161} INFO - Started process (PID=7107) to work on /home/felipe/.local/lib/python3.10/site-packages/airflow/example_dags/plugins/listener_plugin.py
[2023-12-24T17:48:38.594-0300] {processor.py:830} INFO - Processing file /home/felipe/.local/lib/python3.10/site-packages/airflow/example_dags/plugins/listener_plugin.py for tasks to queue
[2023-12-24T17:48:38.596-0300] {logging_mixin.py:188} INFO - [2023-12-24T17:48:38.595-0300] {dagbag.py:538} INFO - Filling up the DagBag from /home/felipe/.local/lib/python3.10/site-packages/airflow/example_dags/plugins/listener_plugin.py
[2023-12-24T17:48:38.600-0300] {processor.py:842} WARNING - No viable dags retrieved from /home/felipe/.local/lib/python3.10/site-packages/airflow/example_dags/plugins/listener_plugin.py
[2023-12-24T17:48:38.615-0300] {processor.py:183} INFO - Processing /home/felipe/.local/lib/python3.10/site-packages/airflow/example_dags/plugins/listener_plugin.py took 0.029 seconds
[2023-12-24T17:49:31.039-0300] {processor.py:161} INFO - Started process (PID=7153) to work on /home/felipe/.local/lib/python3.10/site-packages/airflow/example_dags/plugins/listener_plugin.py
[2023-12-24T17:49:31.041-0300] {processor.py:830} INFO - Processing file /home/felipe/.local/lib/python3.10/site-packages/airflow/example_dags/plugins/listener_plugin.py for tasks to queue
[2023-12-24T17:49:31.042-0300] {logging_mixin.py:188} INFO - [2023-12-24T17:49:31.042-0300] {dagbag.py:538} INFO - Filling up the DagBag from /home/felipe/.local/lib/python3.10/site-packages/airflow/example_dags/plugins/listener_plugin.py
[2023-12-24T17:49:31.046-0300] {processor.py:842} WARNING - No viable dags retrieved from /home/felipe/.local/lib/python3.10/site-packages/airflow/example_dags/plugins/listener_plugin.py
[2023-12-24T17:49:31.060-0300] {processor.py:183} INFO - Processing /home/felipe/.local/lib/python3.10/site-packages/airflow/example_dags/plugins/listener_plugin.py took 0.025 seconds
[2023-12-24T17:50:25.796-0300] {processor.py:161} INFO - Started process (PID=7200) to work on /home/felipe/.local/lib/python3.10/site-packages/airflow/example_dags/plugins/listener_plugin.py
[2023-12-24T17:50:25.798-0300] {processor.py:830} INFO - Processing file /home/felipe/.local/lib/python3.10/site-packages/airflow/example_dags/plugins/listener_plugin.py for tasks to queue
[2023-12-24T17:50:25.800-0300] {logging_mixin.py:188} INFO - [2023-12-24T17:50:25.799-0300] {dagbag.py:538} INFO - Filling up the DagBag from /home/felipe/.local/lib/python3.10/site-packages/airflow/example_dags/plugins/listener_plugin.py
[2023-12-24T17:50:25.805-0300] {processor.py:842} WARNING - No viable dags retrieved from /home/felipe/.local/lib/python3.10/site-packages/airflow/example_dags/plugins/listener_plugin.py
[2023-12-24T17:50:25.823-0300] {processor.py:183} INFO - Processing /home/felipe/.local/lib/python3.10/site-packages/airflow/example_dags/plugins/listener_plugin.py took 0.031 seconds
[2023-12-24T17:51:19.059-0300] {processor.py:161} INFO - Started process (PID=7250) to work on /home/felipe/.local/lib/python3.10/site-packages/airflow/example_dags/plugins/listener_plugin.py
[2023-12-24T17:51:19.062-0300] {processor.py:830} INFO - Processing file /home/felipe/.local/lib/python3.10/site-packages/airflow/example_dags/plugins/listener_plugin.py for tasks to queue
[2023-12-24T17:51:19.063-0300] {logging_mixin.py:188} INFO - [2023-12-24T17:51:19.063-0300] {dagbag.py:538} INFO - Filling up the DagBag from /home/felipe/.local/lib/python3.10/site-packages/airflow/example_dags/plugins/listener_plugin.py
[2023-12-24T17:51:19.068-0300] {processor.py:842} WARNING - No viable dags retrieved from /home/felipe/.local/lib/python3.10/site-packages/airflow/example_dags/plugins/listener_plugin.py
[2023-12-24T17:51:19.083-0300] {processor.py:183} INFO - Processing /home/felipe/.local/lib/python3.10/site-packages/airflow/example_dags/plugins/listener_plugin.py took 0.027 seconds
[2023-12-24T17:52:15.285-0300] {processor.py:161} INFO - Started process (PID=7298) to work on /home/felipe/.local/lib/python3.10/site-packages/airflow/example_dags/plugins/listener_plugin.py
[2023-12-24T17:52:15.287-0300] {processor.py:830} INFO - Processing file /home/felipe/.local/lib/python3.10/site-packages/airflow/example_dags/plugins/listener_plugin.py for tasks to queue
[2023-12-24T17:52:15.289-0300] {logging_mixin.py:188} INFO - [2023-12-24T17:52:15.288-0300] {dagbag.py:538} INFO - Filling up the DagBag from /home/felipe/.local/lib/python3.10/site-packages/airflow/example_dags/plugins/listener_plugin.py
[2023-12-24T17:52:15.293-0300] {processor.py:842} WARNING - No viable dags retrieved from /home/felipe/.local/lib/python3.10/site-packages/airflow/example_dags/plugins/listener_plugin.py
[2023-12-24T17:52:15.309-0300] {processor.py:183} INFO - Processing /home/felipe/.local/lib/python3.10/site-packages/airflow/example_dags/plugins/listener_plugin.py took 0.028 seconds
[2023-12-24T17:53:08.480-0300] {processor.py:161} INFO - Started process (PID=7373) to work on /home/felipe/.local/lib/python3.10/site-packages/airflow/example_dags/plugins/listener_plugin.py
[2023-12-24T17:53:08.482-0300] {processor.py:830} INFO - Processing file /home/felipe/.local/lib/python3.10/site-packages/airflow/example_dags/plugins/listener_plugin.py for tasks to queue
[2023-12-24T17:53:08.483-0300] {logging_mixin.py:188} INFO - [2023-12-24T17:53:08.483-0300] {dagbag.py:538} INFO - Filling up the DagBag from /home/felipe/.local/lib/python3.10/site-packages/airflow/example_dags/plugins/listener_plugin.py
[2023-12-24T17:53:08.487-0300] {processor.py:842} WARNING - No viable dags retrieved from /home/felipe/.local/lib/python3.10/site-packages/airflow/example_dags/plugins/listener_plugin.py
[2023-12-24T17:53:08.502-0300] {processor.py:183} INFO - Processing /home/felipe/.local/lib/python3.10/site-packages/airflow/example_dags/plugins/listener_plugin.py took 0.027 seconds
[2023-12-24T17:54:05.037-0300] {processor.py:161} INFO - Started process (PID=7427) to work on /home/felipe/.local/lib/python3.10/site-packages/airflow/example_dags/plugins/listener_plugin.py
[2023-12-24T17:54:05.038-0300] {processor.py:830} INFO - Processing file /home/felipe/.local/lib/python3.10/site-packages/airflow/example_dags/plugins/listener_plugin.py for tasks to queue
[2023-12-24T17:54:05.040-0300] {logging_mixin.py:188} INFO - [2023-12-24T17:54:05.039-0300] {dagbag.py:538} INFO - Filling up the DagBag from /home/felipe/.local/lib/python3.10/site-packages/airflow/example_dags/plugins/listener_plugin.py
[2023-12-24T17:54:05.044-0300] {processor.py:842} WARNING - No viable dags retrieved from /home/felipe/.local/lib/python3.10/site-packages/airflow/example_dags/plugins/listener_plugin.py
[2023-12-24T17:54:05.058-0300] {processor.py:183} INFO - Processing /home/felipe/.local/lib/python3.10/site-packages/airflow/example_dags/plugins/listener_plugin.py took 0.025 seconds
[2023-12-24T17:55:00.844-0300] {processor.py:161} INFO - Started process (PID=7475) to work on /home/felipe/.local/lib/python3.10/site-packages/airflow/example_dags/plugins/listener_plugin.py
[2023-12-24T17:55:00.847-0300] {processor.py:830} INFO - Processing file /home/felipe/.local/lib/python3.10/site-packages/airflow/example_dags/plugins/listener_plugin.py for tasks to queue
[2023-12-24T17:55:00.848-0300] {logging_mixin.py:188} INFO - [2023-12-24T17:55:00.848-0300] {dagbag.py:538} INFO - Filling up the DagBag from /home/felipe/.local/lib/python3.10/site-packages/airflow/example_dags/plugins/listener_plugin.py
[2023-12-24T17:55:00.852-0300] {processor.py:842} WARNING - No viable dags retrieved from /home/felipe/.local/lib/python3.10/site-packages/airflow/example_dags/plugins/listener_plugin.py
[2023-12-24T17:55:00.866-0300] {processor.py:183} INFO - Processing /home/felipe/.local/lib/python3.10/site-packages/airflow/example_dags/plugins/listener_plugin.py took 0.026 seconds
[2023-12-24T17:55:50.265-0300] {processor.py:161} INFO - Started process (PID=7520) to work on /home/felipe/.local/lib/python3.10/site-packages/airflow/example_dags/plugins/listener_plugin.py
[2023-12-24T17:55:50.267-0300] {processor.py:830} INFO - Processing file /home/felipe/.local/lib/python3.10/site-packages/airflow/example_dags/plugins/listener_plugin.py for tasks to queue
[2023-12-24T17:55:50.269-0300] {logging_mixin.py:188} INFO - [2023-12-24T17:55:50.268-0300] {dagbag.py:538} INFO - Filling up the DagBag from /home/felipe/.local/lib/python3.10/site-packages/airflow/example_dags/plugins/listener_plugin.py
[2023-12-24T17:55:50.272-0300] {processor.py:842} WARNING - No viable dags retrieved from /home/felipe/.local/lib/python3.10/site-packages/airflow/example_dags/plugins/listener_plugin.py
[2023-12-24T17:55:50.287-0300] {processor.py:183} INFO - Processing /home/felipe/.local/lib/python3.10/site-packages/airflow/example_dags/plugins/listener_plugin.py took 0.026 seconds
[2023-12-24T17:56:41.180-0300] {processor.py:161} INFO - Started process (PID=7565) to work on /home/felipe/.local/lib/python3.10/site-packages/airflow/example_dags/plugins/listener_plugin.py
[2023-12-24T17:56:41.182-0300] {processor.py:830} INFO - Processing file /home/felipe/.local/lib/python3.10/site-packages/airflow/example_dags/plugins/listener_plugin.py for tasks to queue
[2023-12-24T17:56:41.184-0300] {logging_mixin.py:188} INFO - [2023-12-24T17:56:41.184-0300] {dagbag.py:538} INFO - Filling up the DagBag from /home/felipe/.local/lib/python3.10/site-packages/airflow/example_dags/plugins/listener_plugin.py
[2023-12-24T17:56:41.188-0300] {processor.py:842} WARNING - No viable dags retrieved from /home/felipe/.local/lib/python3.10/site-packages/airflow/example_dags/plugins/listener_plugin.py
[2023-12-24T17:56:41.203-0300] {processor.py:183} INFO - Processing /home/felipe/.local/lib/python3.10/site-packages/airflow/example_dags/plugins/listener_plugin.py took 0.026 seconds
[2023-12-24T17:57:30.355-0300] {processor.py:161} INFO - Started process (PID=7638) to work on /home/felipe/.local/lib/python3.10/site-packages/airflow/example_dags/plugins/listener_plugin.py
[2023-12-24T17:57:30.357-0300] {processor.py:830} INFO - Processing file /home/felipe/.local/lib/python3.10/site-packages/airflow/example_dags/plugins/listener_plugin.py for tasks to queue
[2023-12-24T17:57:30.358-0300] {logging_mixin.py:188} INFO - [2023-12-24T17:57:30.358-0300] {dagbag.py:538} INFO - Filling up the DagBag from /home/felipe/.local/lib/python3.10/site-packages/airflow/example_dags/plugins/listener_plugin.py
[2023-12-24T17:57:30.362-0300] {processor.py:842} WARNING - No viable dags retrieved from /home/felipe/.local/lib/python3.10/site-packages/airflow/example_dags/plugins/listener_plugin.py
[2023-12-24T17:57:30.377-0300] {processor.py:183} INFO - Processing /home/felipe/.local/lib/python3.10/site-packages/airflow/example_dags/plugins/listener_plugin.py took 0.026 seconds
[2023-12-24T17:58:22.707-0300] {processor.py:161} INFO - Started process (PID=7684) to work on /home/felipe/.local/lib/python3.10/site-packages/airflow/example_dags/plugins/listener_plugin.py
[2023-12-24T17:58:22.709-0300] {processor.py:830} INFO - Processing file /home/felipe/.local/lib/python3.10/site-packages/airflow/example_dags/plugins/listener_plugin.py for tasks to queue
[2023-12-24T17:58:22.711-0300] {logging_mixin.py:188} INFO - [2023-12-24T17:58:22.711-0300] {dagbag.py:538} INFO - Filling up the DagBag from /home/felipe/.local/lib/python3.10/site-packages/airflow/example_dags/plugins/listener_plugin.py
[2023-12-24T17:58:22.717-0300] {processor.py:842} WARNING - No viable dags retrieved from /home/felipe/.local/lib/python3.10/site-packages/airflow/example_dags/plugins/listener_plugin.py
[2023-12-24T17:58:22.735-0300] {processor.py:183} INFO - Processing /home/felipe/.local/lib/python3.10/site-packages/airflow/example_dags/plugins/listener_plugin.py took 0.032 seconds
[2023-12-24T17:59:21.049-0300] {processor.py:161} INFO - Started process (PID=7739) to work on /home/felipe/.local/lib/python3.10/site-packages/airflow/example_dags/plugins/listener_plugin.py
[2023-12-24T17:59:21.051-0300] {processor.py:830} INFO - Processing file /home/felipe/.local/lib/python3.10/site-packages/airflow/example_dags/plugins/listener_plugin.py for tasks to queue
[2023-12-24T17:59:21.053-0300] {logging_mixin.py:188} INFO - [2023-12-24T17:59:21.052-0300] {dagbag.py:538} INFO - Filling up the DagBag from /home/felipe/.local/lib/python3.10/site-packages/airflow/example_dags/plugins/listener_plugin.py
[2023-12-24T17:59:21.057-0300] {processor.py:842} WARNING - No viable dags retrieved from /home/felipe/.local/lib/python3.10/site-packages/airflow/example_dags/plugins/listener_plugin.py
[2023-12-24T17:59:21.071-0300] {processor.py:183} INFO - Processing /home/felipe/.local/lib/python3.10/site-packages/airflow/example_dags/plugins/listener_plugin.py took 0.026 seconds
[2023-12-24T18:00:14.731-0300] {processor.py:161} INFO - Started process (PID=7786) to work on /home/felipe/.local/lib/python3.10/site-packages/airflow/example_dags/plugins/listener_plugin.py
[2023-12-24T18:00:14.733-0300] {processor.py:830} INFO - Processing file /home/felipe/.local/lib/python3.10/site-packages/airflow/example_dags/plugins/listener_plugin.py for tasks to queue
[2023-12-24T18:00:14.735-0300] {logging_mixin.py:188} INFO - [2023-12-24T18:00:14.734-0300] {dagbag.py:538} INFO - Filling up the DagBag from /home/felipe/.local/lib/python3.10/site-packages/airflow/example_dags/plugins/listener_plugin.py
[2023-12-24T18:00:14.739-0300] {processor.py:842} WARNING - No viable dags retrieved from /home/felipe/.local/lib/python3.10/site-packages/airflow/example_dags/plugins/listener_plugin.py
[2023-12-24T18:00:14.754-0300] {processor.py:183} INFO - Processing /home/felipe/.local/lib/python3.10/site-packages/airflow/example_dags/plugins/listener_plugin.py took 0.026 seconds
[2023-12-24T18:01:10.870-0300] {processor.py:161} INFO - Started process (PID=7833) to work on /home/felipe/.local/lib/python3.10/site-packages/airflow/example_dags/plugins/listener_plugin.py
[2023-12-24T18:01:10.872-0300] {processor.py:830} INFO - Processing file /home/felipe/.local/lib/python3.10/site-packages/airflow/example_dags/plugins/listener_plugin.py for tasks to queue
[2023-12-24T18:01:10.874-0300] {logging_mixin.py:188} INFO - [2023-12-24T18:01:10.874-0300] {dagbag.py:538} INFO - Filling up the DagBag from /home/felipe/.local/lib/python3.10/site-packages/airflow/example_dags/plugins/listener_plugin.py
[2023-12-24T18:01:10.878-0300] {processor.py:842} WARNING - No viable dags retrieved from /home/felipe/.local/lib/python3.10/site-packages/airflow/example_dags/plugins/listener_plugin.py
[2023-12-24T18:01:10.894-0300] {processor.py:183} INFO - Processing /home/felipe/.local/lib/python3.10/site-packages/airflow/example_dags/plugins/listener_plugin.py took 0.028 seconds
[2023-12-24T18:25:23.417-0300] {processor.py:161} INFO - Started process (PID=7960) to work on /home/felipe/.local/lib/python3.10/site-packages/airflow/example_dags/plugins/listener_plugin.py
[2023-12-24T18:25:23.419-0300] {processor.py:830} INFO - Processing file /home/felipe/.local/lib/python3.10/site-packages/airflow/example_dags/plugins/listener_plugin.py for tasks to queue
[2023-12-24T18:25:23.421-0300] {logging_mixin.py:188} INFO - [2023-12-24T18:25:23.420-0300] {dagbag.py:538} INFO - Filling up the DagBag from /home/felipe/.local/lib/python3.10/site-packages/airflow/example_dags/plugins/listener_plugin.py
[2023-12-24T18:25:23.425-0300] {processor.py:842} WARNING - No viable dags retrieved from /home/felipe/.local/lib/python3.10/site-packages/airflow/example_dags/plugins/listener_plugin.py
[2023-12-24T18:25:23.442-0300] {processor.py:183} INFO - Processing /home/felipe/.local/lib/python3.10/site-packages/airflow/example_dags/plugins/listener_plugin.py took 0.029 seconds
[2023-12-24T18:26:20.311-0300] {processor.py:161} INFO - Started process (PID=8040) to work on /home/felipe/.local/lib/python3.10/site-packages/airflow/example_dags/plugins/listener_plugin.py
[2023-12-24T18:26:20.314-0300] {processor.py:830} INFO - Processing file /home/felipe/.local/lib/python3.10/site-packages/airflow/example_dags/plugins/listener_plugin.py for tasks to queue
[2023-12-24T18:26:20.316-0300] {logging_mixin.py:188} INFO - [2023-12-24T18:26:20.316-0300] {dagbag.py:538} INFO - Filling up the DagBag from /home/felipe/.local/lib/python3.10/site-packages/airflow/example_dags/plugins/listener_plugin.py
[2023-12-24T18:26:20.322-0300] {processor.py:842} WARNING - No viable dags retrieved from /home/felipe/.local/lib/python3.10/site-packages/airflow/example_dags/plugins/listener_plugin.py
[2023-12-24T18:26:20.343-0300] {processor.py:183} INFO - Processing /home/felipe/.local/lib/python3.10/site-packages/airflow/example_dags/plugins/listener_plugin.py took 0.037 seconds
[2023-12-24T18:27:18.267-0300] {processor.py:161} INFO - Started process (PID=8088) to work on /home/felipe/.local/lib/python3.10/site-packages/airflow/example_dags/plugins/listener_plugin.py
[2023-12-24T18:27:18.270-0300] {processor.py:830} INFO - Processing file /home/felipe/.local/lib/python3.10/site-packages/airflow/example_dags/plugins/listener_plugin.py for tasks to queue
[2023-12-24T18:27:18.272-0300] {logging_mixin.py:188} INFO - [2023-12-24T18:27:18.271-0300] {dagbag.py:538} INFO - Filling up the DagBag from /home/felipe/.local/lib/python3.10/site-packages/airflow/example_dags/plugins/listener_plugin.py
[2023-12-24T18:27:18.279-0300] {processor.py:842} WARNING - No viable dags retrieved from /home/felipe/.local/lib/python3.10/site-packages/airflow/example_dags/plugins/listener_plugin.py
[2023-12-24T18:27:18.317-0300] {processor.py:183} INFO - Processing /home/felipe/.local/lib/python3.10/site-packages/airflow/example_dags/plugins/listener_plugin.py took 0.054 seconds
[2023-12-24T18:28:15.779-0300] {processor.py:161} INFO - Started process (PID=8144) to work on /home/felipe/.local/lib/python3.10/site-packages/airflow/example_dags/plugins/listener_plugin.py
[2023-12-24T18:28:15.782-0300] {processor.py:830} INFO - Processing file /home/felipe/.local/lib/python3.10/site-packages/airflow/example_dags/plugins/listener_plugin.py for tasks to queue
[2023-12-24T18:28:15.783-0300] {logging_mixin.py:188} INFO - [2023-12-24T18:28:15.783-0300] {dagbag.py:538} INFO - Filling up the DagBag from /home/felipe/.local/lib/python3.10/site-packages/airflow/example_dags/plugins/listener_plugin.py
[2023-12-24T18:28:15.789-0300] {processor.py:842} WARNING - No viable dags retrieved from /home/felipe/.local/lib/python3.10/site-packages/airflow/example_dags/plugins/listener_plugin.py
[2023-12-24T18:28:15.808-0300] {processor.py:183} INFO - Processing /home/felipe/.local/lib/python3.10/site-packages/airflow/example_dags/plugins/listener_plugin.py took 0.034 seconds
[2023-12-24T18:29:14.970-0300] {processor.py:161} INFO - Started process (PID=8197) to work on /home/felipe/.local/lib/python3.10/site-packages/airflow/example_dags/plugins/listener_plugin.py
[2023-12-24T18:29:14.973-0300] {processor.py:830} INFO - Processing file /home/felipe/.local/lib/python3.10/site-packages/airflow/example_dags/plugins/listener_plugin.py for tasks to queue
[2023-12-24T18:29:14.975-0300] {logging_mixin.py:188} INFO - [2023-12-24T18:29:14.975-0300] {dagbag.py:538} INFO - Filling up the DagBag from /home/felipe/.local/lib/python3.10/site-packages/airflow/example_dags/plugins/listener_plugin.py
[2023-12-24T18:29:14.980-0300] {processor.py:842} WARNING - No viable dags retrieved from /home/felipe/.local/lib/python3.10/site-packages/airflow/example_dags/plugins/listener_plugin.py
[2023-12-24T18:29:14.998-0300] {processor.py:183} INFO - Processing /home/felipe/.local/lib/python3.10/site-packages/airflow/example_dags/plugins/listener_plugin.py took 0.033 seconds
[2023-12-24T18:30:12.904-0300] {processor.py:161} INFO - Started process (PID=8251) to work on /home/felipe/.local/lib/python3.10/site-packages/airflow/example_dags/plugins/listener_plugin.py
[2023-12-24T18:30:12.907-0300] {processor.py:830} INFO - Processing file /home/felipe/.local/lib/python3.10/site-packages/airflow/example_dags/plugins/listener_plugin.py for tasks to queue
[2023-12-24T18:30:12.910-0300] {logging_mixin.py:188} INFO - [2023-12-24T18:30:12.909-0300] {dagbag.py:538} INFO - Filling up the DagBag from /home/felipe/.local/lib/python3.10/site-packages/airflow/example_dags/plugins/listener_plugin.py
[2023-12-24T18:30:12.917-0300] {processor.py:842} WARNING - No viable dags retrieved from /home/felipe/.local/lib/python3.10/site-packages/airflow/example_dags/plugins/listener_plugin.py
[2023-12-24T18:30:12.940-0300] {processor.py:183} INFO - Processing /home/felipe/.local/lib/python3.10/site-packages/airflow/example_dags/plugins/listener_plugin.py took 0.041 seconds
[2023-12-24T18:31:13.530-0300] {processor.py:161} INFO - Started process (PID=8332) to work on /home/felipe/.local/lib/python3.10/site-packages/airflow/example_dags/plugins/listener_plugin.py
[2023-12-24T18:31:13.541-0300] {processor.py:830} INFO - Processing file /home/felipe/.local/lib/python3.10/site-packages/airflow/example_dags/plugins/listener_plugin.py for tasks to queue
[2023-12-24T18:31:13.543-0300] {logging_mixin.py:188} INFO - [2023-12-24T18:31:13.542-0300] {dagbag.py:538} INFO - Filling up the DagBag from /home/felipe/.local/lib/python3.10/site-packages/airflow/example_dags/plugins/listener_plugin.py
[2023-12-24T18:31:13.550-0300] {processor.py:842} WARNING - No viable dags retrieved from /home/felipe/.local/lib/python3.10/site-packages/airflow/example_dags/plugins/listener_plugin.py
[2023-12-24T18:31:13.580-0300] {processor.py:183} INFO - Processing /home/felipe/.local/lib/python3.10/site-packages/airflow/example_dags/plugins/listener_plugin.py took 0.057 seconds
[2023-12-24T18:36:18.173-0300] {processor.py:161} INFO - Started process (PID=9803) to work on /home/felipe/.local/lib/python3.10/site-packages/airflow/example_dags/plugins/listener_plugin.py
[2023-12-24T18:36:18.176-0300] {processor.py:830} INFO - Processing file /home/felipe/.local/lib/python3.10/site-packages/airflow/example_dags/plugins/listener_plugin.py for tasks to queue
[2023-12-24T18:36:18.178-0300] {logging_mixin.py:188} INFO - [2023-12-24T18:36:18.177-0300] {dagbag.py:538} INFO - Filling up the DagBag from /home/felipe/.local/lib/python3.10/site-packages/airflow/example_dags/plugins/listener_plugin.py
[2023-12-24T18:36:18.182-0300] {processor.py:842} WARNING - No viable dags retrieved from /home/felipe/.local/lib/python3.10/site-packages/airflow/example_dags/plugins/listener_plugin.py
[2023-12-24T18:36:18.200-0300] {processor.py:183} INFO - Processing /home/felipe/.local/lib/python3.10/site-packages/airflow/example_dags/plugins/listener_plugin.py took 0.031 seconds
[2023-12-24T18:39:57.367-0300] {processor.py:161} INFO - Started process (PID=10909) to work on /home/felipe/.local/lib/python3.10/site-packages/airflow/example_dags/plugins/listener_plugin.py
[2023-12-24T18:39:57.369-0300] {processor.py:830} INFO - Processing file /home/felipe/.local/lib/python3.10/site-packages/airflow/example_dags/plugins/listener_plugin.py for tasks to queue
[2023-12-24T18:39:57.371-0300] {logging_mixin.py:188} INFO - [2023-12-24T18:39:57.371-0300] {dagbag.py:538} INFO - Filling up the DagBag from /home/felipe/.local/lib/python3.10/site-packages/airflow/example_dags/plugins/listener_plugin.py
[2023-12-24T18:39:57.376-0300] {processor.py:842} WARNING - No viable dags retrieved from /home/felipe/.local/lib/python3.10/site-packages/airflow/example_dags/plugins/listener_plugin.py
[2023-12-24T18:39:57.396-0300] {processor.py:183} INFO - Processing /home/felipe/.local/lib/python3.10/site-packages/airflow/example_dags/plugins/listener_plugin.py took 0.034 seconds
[2023-12-24T18:41:00.149-0300] {processor.py:161} INFO - Started process (PID=10989) to work on /home/felipe/.local/lib/python3.10/site-packages/airflow/example_dags/plugins/listener_plugin.py
[2023-12-24T18:41:00.152-0300] {processor.py:830} INFO - Processing file /home/felipe/.local/lib/python3.10/site-packages/airflow/example_dags/plugins/listener_plugin.py for tasks to queue
[2023-12-24T18:41:00.153-0300] {logging_mixin.py:188} INFO - [2023-12-24T18:41:00.153-0300] {dagbag.py:538} INFO - Filling up the DagBag from /home/felipe/.local/lib/python3.10/site-packages/airflow/example_dags/plugins/listener_plugin.py
[2023-12-24T18:41:00.158-0300] {processor.py:842} WARNING - No viable dags retrieved from /home/felipe/.local/lib/python3.10/site-packages/airflow/example_dags/plugins/listener_plugin.py
[2023-12-24T18:41:00.176-0300] {processor.py:183} INFO - Processing /home/felipe/.local/lib/python3.10/site-packages/airflow/example_dags/plugins/listener_plugin.py took 0.031 seconds
[2023-12-24T18:41:58.333-0300] {processor.py:161} INFO - Started process (PID=11038) to work on /home/felipe/.local/lib/python3.10/site-packages/airflow/example_dags/plugins/listener_plugin.py
[2023-12-24T18:41:58.336-0300] {processor.py:830} INFO - Processing file /home/felipe/.local/lib/python3.10/site-packages/airflow/example_dags/plugins/listener_plugin.py for tasks to queue
[2023-12-24T18:41:58.338-0300] {logging_mixin.py:188} INFO - [2023-12-24T18:41:58.337-0300] {dagbag.py:538} INFO - Filling up the DagBag from /home/felipe/.local/lib/python3.10/site-packages/airflow/example_dags/plugins/listener_plugin.py
[2023-12-24T18:41:58.343-0300] {processor.py:842} WARNING - No viable dags retrieved from /home/felipe/.local/lib/python3.10/site-packages/airflow/example_dags/plugins/listener_plugin.py
[2023-12-24T18:41:58.362-0300] {processor.py:183} INFO - Processing /home/felipe/.local/lib/python3.10/site-packages/airflow/example_dags/plugins/listener_plugin.py took 0.033 seconds
[2023-12-24T18:42:57.746-0300] {processor.py:161} INFO - Started process (PID=11095) to work on /home/felipe/.local/lib/python3.10/site-packages/airflow/example_dags/plugins/listener_plugin.py
[2023-12-24T18:42:57.748-0300] {processor.py:830} INFO - Processing file /home/felipe/.local/lib/python3.10/site-packages/airflow/example_dags/plugins/listener_plugin.py for tasks to queue
[2023-12-24T18:42:57.751-0300] {logging_mixin.py:188} INFO - [2023-12-24T18:42:57.750-0300] {dagbag.py:538} INFO - Filling up the DagBag from /home/felipe/.local/lib/python3.10/site-packages/airflow/example_dags/plugins/listener_plugin.py
[2023-12-24T18:42:57.756-0300] {processor.py:842} WARNING - No viable dags retrieved from /home/felipe/.local/lib/python3.10/site-packages/airflow/example_dags/plugins/listener_plugin.py
[2023-12-24T18:42:57.776-0300] {processor.py:183} INFO - Processing /home/felipe/.local/lib/python3.10/site-packages/airflow/example_dags/plugins/listener_plugin.py took 0.034 seconds
[2023-12-24T18:43:50.189-0300] {processor.py:161} INFO - Started process (PID=11143) to work on /home/felipe/.local/lib/python3.10/site-packages/airflow/example_dags/plugins/listener_plugin.py
[2023-12-24T18:43:50.191-0300] {processor.py:830} INFO - Processing file /home/felipe/.local/lib/python3.10/site-packages/airflow/example_dags/plugins/listener_plugin.py for tasks to queue
[2023-12-24T18:43:50.192-0300] {logging_mixin.py:188} INFO - [2023-12-24T18:43:50.192-0300] {dagbag.py:538} INFO - Filling up the DagBag from /home/felipe/.local/lib/python3.10/site-packages/airflow/example_dags/plugins/listener_plugin.py
[2023-12-24T18:43:50.197-0300] {processor.py:842} WARNING - No viable dags retrieved from /home/felipe/.local/lib/python3.10/site-packages/airflow/example_dags/plugins/listener_plugin.py
[2023-12-24T18:43:50.214-0300] {processor.py:183} INFO - Processing /home/felipe/.local/lib/python3.10/site-packages/airflow/example_dags/plugins/listener_plugin.py took 0.030 seconds
[2023-12-24T18:44:49.880-0300] {processor.py:161} INFO - Started process (PID=11196) to work on /home/felipe/.local/lib/python3.10/site-packages/airflow/example_dags/plugins/listener_plugin.py
[2023-12-24T18:44:49.882-0300] {processor.py:830} INFO - Processing file /home/felipe/.local/lib/python3.10/site-packages/airflow/example_dags/plugins/listener_plugin.py for tasks to queue
[2023-12-24T18:44:49.884-0300] {logging_mixin.py:188} INFO - [2023-12-24T18:44:49.884-0300] {dagbag.py:538} INFO - Filling up the DagBag from /home/felipe/.local/lib/python3.10/site-packages/airflow/example_dags/plugins/listener_plugin.py
[2023-12-24T18:44:49.889-0300] {processor.py:842} WARNING - No viable dags retrieved from /home/felipe/.local/lib/python3.10/site-packages/airflow/example_dags/plugins/listener_plugin.py
[2023-12-24T18:44:49.907-0300] {processor.py:183} INFO - Processing /home/felipe/.local/lib/python3.10/site-packages/airflow/example_dags/plugins/listener_plugin.py took 0.033 seconds
[2023-12-24T18:45:48.797-0300] {processor.py:161} INFO - Started process (PID=11249) to work on /home/felipe/.local/lib/python3.10/site-packages/airflow/example_dags/plugins/listener_plugin.py
[2023-12-24T18:45:48.799-0300] {processor.py:830} INFO - Processing file /home/felipe/.local/lib/python3.10/site-packages/airflow/example_dags/plugins/listener_plugin.py for tasks to queue
[2023-12-24T18:45:48.801-0300] {logging_mixin.py:188} INFO - [2023-12-24T18:45:48.800-0300] {dagbag.py:538} INFO - Filling up the DagBag from /home/felipe/.local/lib/python3.10/site-packages/airflow/example_dags/plugins/listener_plugin.py
[2023-12-24T18:45:48.805-0300] {processor.py:842} WARNING - No viable dags retrieved from /home/felipe/.local/lib/python3.10/site-packages/airflow/example_dags/plugins/listener_plugin.py
[2023-12-24T18:45:48.829-0300] {processor.py:183} INFO - Processing /home/felipe/.local/lib/python3.10/site-packages/airflow/example_dags/plugins/listener_plugin.py took 0.037 seconds
[2023-12-24T18:46:45.543-0300] {processor.py:161} INFO - Started process (PID=11329) to work on /home/felipe/.local/lib/python3.10/site-packages/airflow/example_dags/plugins/listener_plugin.py
[2023-12-24T18:46:45.545-0300] {processor.py:830} INFO - Processing file /home/felipe/.local/lib/python3.10/site-packages/airflow/example_dags/plugins/listener_plugin.py for tasks to queue
[2023-12-24T18:46:45.547-0300] {logging_mixin.py:188} INFO - [2023-12-24T18:46:45.546-0300] {dagbag.py:538} INFO - Filling up the DagBag from /home/felipe/.local/lib/python3.10/site-packages/airflow/example_dags/plugins/listener_plugin.py
[2023-12-24T18:46:45.551-0300] {processor.py:842} WARNING - No viable dags retrieved from /home/felipe/.local/lib/python3.10/site-packages/airflow/example_dags/plugins/listener_plugin.py
[2023-12-24T18:46:45.572-0300] {processor.py:183} INFO - Processing /home/felipe/.local/lib/python3.10/site-packages/airflow/example_dags/plugins/listener_plugin.py took 0.033 seconds
[2023-12-24T18:47:42.090-0300] {processor.py:161} INFO - Started process (PID=11380) to work on /home/felipe/.local/lib/python3.10/site-packages/airflow/example_dags/plugins/listener_plugin.py
[2023-12-24T18:47:42.093-0300] {processor.py:830} INFO - Processing file /home/felipe/.local/lib/python3.10/site-packages/airflow/example_dags/plugins/listener_plugin.py for tasks to queue
[2023-12-24T18:47:42.095-0300] {logging_mixin.py:188} INFO - [2023-12-24T18:47:42.094-0300] {dagbag.py:538} INFO - Filling up the DagBag from /home/felipe/.local/lib/python3.10/site-packages/airflow/example_dags/plugins/listener_plugin.py
[2023-12-24T18:47:42.100-0300] {processor.py:842} WARNING - No viable dags retrieved from /home/felipe/.local/lib/python3.10/site-packages/airflow/example_dags/plugins/listener_plugin.py
[2023-12-24T18:47:42.121-0300] {processor.py:183} INFO - Processing /home/felipe/.local/lib/python3.10/site-packages/airflow/example_dags/plugins/listener_plugin.py took 0.036 seconds
[2023-12-24T18:48:47.509-0300] {processor.py:161} INFO - Started process (PID=11444) to work on /home/felipe/.local/lib/python3.10/site-packages/airflow/example_dags/plugins/listener_plugin.py
[2023-12-24T18:48:47.515-0300] {processor.py:830} INFO - Processing file /home/felipe/.local/lib/python3.10/site-packages/airflow/example_dags/plugins/listener_plugin.py for tasks to queue
[2023-12-24T18:48:47.517-0300] {logging_mixin.py:188} INFO - [2023-12-24T18:48:47.517-0300] {dagbag.py:538} INFO - Filling up the DagBag from /home/felipe/.local/lib/python3.10/site-packages/airflow/example_dags/plugins/listener_plugin.py
[2023-12-24T18:48:47.522-0300] {processor.py:842} WARNING - No viable dags retrieved from /home/felipe/.local/lib/python3.10/site-packages/airflow/example_dags/plugins/listener_plugin.py
[2023-12-24T18:48:47.538-0300] {processor.py:183} INFO - Processing /home/felipe/.local/lib/python3.10/site-packages/airflow/example_dags/plugins/listener_plugin.py took 0.035 seconds
[2023-12-24T18:49:45.178-0300] {processor.py:161} INFO - Started process (PID=11495) to work on /home/felipe/.local/lib/python3.10/site-packages/airflow/example_dags/plugins/listener_plugin.py
[2023-12-24T18:49:45.180-0300] {processor.py:830} INFO - Processing file /home/felipe/.local/lib/python3.10/site-packages/airflow/example_dags/plugins/listener_plugin.py for tasks to queue
[2023-12-24T18:49:45.182-0300] {logging_mixin.py:188} INFO - [2023-12-24T18:49:45.181-0300] {dagbag.py:538} INFO - Filling up the DagBag from /home/felipe/.local/lib/python3.10/site-packages/airflow/example_dags/plugins/listener_plugin.py
[2023-12-24T18:49:45.186-0300] {processor.py:842} WARNING - No viable dags retrieved from /home/felipe/.local/lib/python3.10/site-packages/airflow/example_dags/plugins/listener_plugin.py
[2023-12-24T18:49:45.204-0300] {processor.py:183} INFO - Processing /home/felipe/.local/lib/python3.10/site-packages/airflow/example_dags/plugins/listener_plugin.py took 0.030 seconds
[2023-12-24T18:50:42.108-0300] {processor.py:161} INFO - Started process (PID=11543) to work on /home/felipe/.local/lib/python3.10/site-packages/airflow/example_dags/plugins/listener_plugin.py
[2023-12-24T18:50:42.110-0300] {processor.py:830} INFO - Processing file /home/felipe/.local/lib/python3.10/site-packages/airflow/example_dags/plugins/listener_plugin.py for tasks to queue
[2023-12-24T18:50:42.111-0300] {logging_mixin.py:188} INFO - [2023-12-24T18:50:42.111-0300] {dagbag.py:538} INFO - Filling up the DagBag from /home/felipe/.local/lib/python3.10/site-packages/airflow/example_dags/plugins/listener_plugin.py
[2023-12-24T18:50:42.116-0300] {processor.py:842} WARNING - No viable dags retrieved from /home/felipe/.local/lib/python3.10/site-packages/airflow/example_dags/plugins/listener_plugin.py
[2023-12-24T18:50:42.133-0300] {processor.py:183} INFO - Processing /home/felipe/.local/lib/python3.10/site-packages/airflow/example_dags/plugins/listener_plugin.py took 0.029 seconds
[2023-12-24T18:51:35.173-0300] {processor.py:161} INFO - Started process (PID=11618) to work on /home/felipe/.local/lib/python3.10/site-packages/airflow/example_dags/plugins/listener_plugin.py
[2023-12-24T18:51:35.176-0300] {processor.py:830} INFO - Processing file /home/felipe/.local/lib/python3.10/site-packages/airflow/example_dags/plugins/listener_plugin.py for tasks to queue
[2023-12-24T18:51:35.183-0300] {logging_mixin.py:188} INFO - [2023-12-24T18:51:35.182-0300] {dagbag.py:538} INFO - Filling up the DagBag from /home/felipe/.local/lib/python3.10/site-packages/airflow/example_dags/plugins/listener_plugin.py
[2023-12-24T18:51:35.189-0300] {processor.py:842} WARNING - No viable dags retrieved from /home/felipe/.local/lib/python3.10/site-packages/airflow/example_dags/plugins/listener_plugin.py
[2023-12-24T18:51:35.206-0300] {processor.py:183} INFO - Processing /home/felipe/.local/lib/python3.10/site-packages/airflow/example_dags/plugins/listener_plugin.py took 0.038 seconds
[2023-12-24T18:52:32.894-0300] {processor.py:161} INFO - Started process (PID=11672) to work on /home/felipe/.local/lib/python3.10/site-packages/airflow/example_dags/plugins/listener_plugin.py
[2023-12-24T18:52:32.896-0300] {processor.py:830} INFO - Processing file /home/felipe/.local/lib/python3.10/site-packages/airflow/example_dags/plugins/listener_plugin.py for tasks to queue
[2023-12-24T18:52:32.898-0300] {logging_mixin.py:188} INFO - [2023-12-24T18:52:32.897-0300] {dagbag.py:538} INFO - Filling up the DagBag from /home/felipe/.local/lib/python3.10/site-packages/airflow/example_dags/plugins/listener_plugin.py
[2023-12-24T18:52:32.902-0300] {processor.py:842} WARNING - No viable dags retrieved from /home/felipe/.local/lib/python3.10/site-packages/airflow/example_dags/plugins/listener_plugin.py
[2023-12-24T18:52:32.921-0300] {processor.py:183} INFO - Processing /home/felipe/.local/lib/python3.10/site-packages/airflow/example_dags/plugins/listener_plugin.py took 0.031 seconds
[2023-12-24T18:53:31.773-0300] {processor.py:161} INFO - Started process (PID=11721) to work on /home/felipe/.local/lib/python3.10/site-packages/airflow/example_dags/plugins/listener_plugin.py
[2023-12-24T18:53:31.775-0300] {processor.py:830} INFO - Processing file /home/felipe/.local/lib/python3.10/site-packages/airflow/example_dags/plugins/listener_plugin.py for tasks to queue
[2023-12-24T18:53:31.777-0300] {logging_mixin.py:188} INFO - [2023-12-24T18:53:31.777-0300] {dagbag.py:538} INFO - Filling up the DagBag from /home/felipe/.local/lib/python3.10/site-packages/airflow/example_dags/plugins/listener_plugin.py
[2023-12-24T18:53:31.781-0300] {processor.py:842} WARNING - No viable dags retrieved from /home/felipe/.local/lib/python3.10/site-packages/airflow/example_dags/plugins/listener_plugin.py
[2023-12-24T18:53:31.798-0300] {processor.py:183} INFO - Processing /home/felipe/.local/lib/python3.10/site-packages/airflow/example_dags/plugins/listener_plugin.py took 0.029 seconds
[2023-12-24T18:54:29.990-0300] {processor.py:161} INFO - Started process (PID=11771) to work on /home/felipe/.local/lib/python3.10/site-packages/airflow/example_dags/plugins/listener_plugin.py
[2023-12-24T18:54:29.993-0300] {processor.py:830} INFO - Processing file /home/felipe/.local/lib/python3.10/site-packages/airflow/example_dags/plugins/listener_plugin.py for tasks to queue
[2023-12-24T18:54:29.994-0300] {logging_mixin.py:188} INFO - [2023-12-24T18:54:29.994-0300] {dagbag.py:538} INFO - Filling up the DagBag from /home/felipe/.local/lib/python3.10/site-packages/airflow/example_dags/plugins/listener_plugin.py
[2023-12-24T18:54:29.999-0300] {processor.py:842} WARNING - No viable dags retrieved from /home/felipe/.local/lib/python3.10/site-packages/airflow/example_dags/plugins/listener_plugin.py
[2023-12-24T18:54:30.016-0300] {processor.py:183} INFO - Processing /home/felipe/.local/lib/python3.10/site-packages/airflow/example_dags/plugins/listener_plugin.py took 0.029 seconds
[2023-12-24T18:55:24.154-0300] {processor.py:161} INFO - Started process (PID=11819) to work on /home/felipe/.local/lib/python3.10/site-packages/airflow/example_dags/plugins/listener_plugin.py
[2023-12-24T18:55:24.156-0300] {processor.py:830} INFO - Processing file /home/felipe/.local/lib/python3.10/site-packages/airflow/example_dags/plugins/listener_plugin.py for tasks to queue
[2023-12-24T18:55:24.158-0300] {logging_mixin.py:188} INFO - [2023-12-24T18:55:24.157-0300] {dagbag.py:538} INFO - Filling up the DagBag from /home/felipe/.local/lib/python3.10/site-packages/airflow/example_dags/plugins/listener_plugin.py
[2023-12-24T18:55:24.162-0300] {processor.py:842} WARNING - No viable dags retrieved from /home/felipe/.local/lib/python3.10/site-packages/airflow/example_dags/plugins/listener_plugin.py
[2023-12-24T18:55:24.178-0300] {processor.py:183} INFO - Processing /home/felipe/.local/lib/python3.10/site-packages/airflow/example_dags/plugins/listener_plugin.py took 0.029 seconds
[2023-12-24T18:56:21.041-0300] {processor.py:161} INFO - Started process (PID=11894) to work on /home/felipe/.local/lib/python3.10/site-packages/airflow/example_dags/plugins/listener_plugin.py
[2023-12-24T18:56:21.057-0300] {processor.py:830} INFO - Processing file /home/felipe/.local/lib/python3.10/site-packages/airflow/example_dags/plugins/listener_plugin.py for tasks to queue
[2023-12-24T18:56:21.059-0300] {logging_mixin.py:188} INFO - [2023-12-24T18:56:21.058-0300] {dagbag.py:538} INFO - Filling up the DagBag from /home/felipe/.local/lib/python3.10/site-packages/airflow/example_dags/plugins/listener_plugin.py
[2023-12-24T18:56:21.064-0300] {processor.py:842} WARNING - No viable dags retrieved from /home/felipe/.local/lib/python3.10/site-packages/airflow/example_dags/plugins/listener_plugin.py
[2023-12-24T18:56:21.081-0300] {processor.py:183} INFO - Processing /home/felipe/.local/lib/python3.10/site-packages/airflow/example_dags/plugins/listener_plugin.py took 0.044 seconds
