[2023-12-31T09:37:35.090-0300] {processor.py:161} INFO - Started process (PID=32111) to work on /home/felipe/.local/lib/python3.10/site-packages/airflow/example_dags/plugins/listener_plugin.py
[2023-12-31T09:37:35.097-0300] {processor.py:830} INFO - Processing file /home/felipe/.local/lib/python3.10/site-packages/airflow/example_dags/plugins/listener_plugin.py for tasks to queue
[2023-12-31T09:37:35.100-0300] {logging_mixin.py:188} INFO - [2023-12-31T09:37:35.099-0300] {dagbag.py:538} INFO - Filling up the DagBag from /home/felipe/.local/lib/python3.10/site-packages/airflow/example_dags/plugins/listener_plugin.py
[2023-12-31T09:37:35.119-0300] {processor.py:842} WARNING - No viable dags retrieved from /home/felipe/.local/lib/python3.10/site-packages/airflow/example_dags/plugins/listener_plugin.py
[2023-12-31T09:37:35.160-0300] {processor.py:183} INFO - Processing /home/felipe/.local/lib/python3.10/site-packages/airflow/example_dags/plugins/listener_plugin.py took 0.081 seconds
[2023-12-31T09:39:36.296-0300] {processor.py:161} INFO - Started process (PID=32236) to work on /home/felipe/.local/lib/python3.10/site-packages/airflow/example_dags/plugins/listener_plugin.py
[2023-12-31T09:39:36.308-0300] {processor.py:830} INFO - Processing file /home/felipe/.local/lib/python3.10/site-packages/airflow/example_dags/plugins/listener_plugin.py for tasks to queue
[2023-12-31T09:39:36.310-0300] {logging_mixin.py:188} INFO - [2023-12-31T09:39:36.309-0300] {dagbag.py:538} INFO - Filling up the DagBag from /home/felipe/.local/lib/python3.10/site-packages/airflow/example_dags/plugins/listener_plugin.py
[2023-12-31T09:39:36.336-0300] {processor.py:842} WARNING - No viable dags retrieved from /home/felipe/.local/lib/python3.10/site-packages/airflow/example_dags/plugins/listener_plugin.py
[2023-12-31T09:39:36.380-0300] {processor.py:183} INFO - Processing /home/felipe/.local/lib/python3.10/site-packages/airflow/example_dags/plugins/listener_plugin.py took 0.111 seconds
[2023-12-31T09:54:06.457-0300] {processor.py:161} INFO - Started process (PID=32862) to work on /home/felipe/.local/lib/python3.10/site-packages/airflow/example_dags/plugins/listener_plugin.py
[2023-12-31T09:54:06.466-0300] {processor.py:830} INFO - Processing file /home/felipe/.local/lib/python3.10/site-packages/airflow/example_dags/plugins/listener_plugin.py for tasks to queue
[2023-12-31T09:54:06.468-0300] {logging_mixin.py:188} INFO - [2023-12-31T09:54:06.467-0300] {dagbag.py:538} INFO - Filling up the DagBag from /home/felipe/.local/lib/python3.10/site-packages/airflow/example_dags/plugins/listener_plugin.py
[2023-12-31T09:54:06.479-0300] {processor.py:842} WARNING - No viable dags retrieved from /home/felipe/.local/lib/python3.10/site-packages/airflow/example_dags/plugins/listener_plugin.py
[2023-12-31T09:54:06.548-0300] {processor.py:183} INFO - Processing /home/felipe/.local/lib/python3.10/site-packages/airflow/example_dags/plugins/listener_plugin.py took 0.102 seconds
[2023-12-31T09:59:14.939-0300] {processor.py:161} INFO - Started process (PID=33097) to work on /home/felipe/.local/lib/python3.10/site-packages/airflow/example_dags/plugins/listener_plugin.py
[2023-12-31T09:59:14.978-0300] {processor.py:830} INFO - Processing file /home/felipe/.local/lib/python3.10/site-packages/airflow/example_dags/plugins/listener_plugin.py for tasks to queue
[2023-12-31T09:59:15.000-0300] {logging_mixin.py:188} INFO - [2023-12-31T09:59:14.990-0300] {dagbag.py:538} INFO - Filling up the DagBag from /home/felipe/.local/lib/python3.10/site-packages/airflow/example_dags/plugins/listener_plugin.py
[2023-12-31T09:59:15.117-0300] {processor.py:842} WARNING - No viable dags retrieved from /home/felipe/.local/lib/python3.10/site-packages/airflow/example_dags/plugins/listener_plugin.py
[2023-12-31T09:59:15.588-0300] {processor.py:183} INFO - Processing /home/felipe/.local/lib/python3.10/site-packages/airflow/example_dags/plugins/listener_plugin.py took 0.741 seconds
[2023-12-31T10:02:03.319-0300] {processor.py:161} INFO - Started process (PID=33319) to work on /home/felipe/.local/lib/python3.10/site-packages/airflow/example_dags/plugins/listener_plugin.py
[2023-12-31T10:02:03.327-0300] {processor.py:830} INFO - Processing file /home/felipe/.local/lib/python3.10/site-packages/airflow/example_dags/plugins/listener_plugin.py for tasks to queue
[2023-12-31T10:02:03.328-0300] {logging_mixin.py:188} INFO - [2023-12-31T10:02:03.327-0300] {dagbag.py:538} INFO - Filling up the DagBag from /home/felipe/.local/lib/python3.10/site-packages/airflow/example_dags/plugins/listener_plugin.py
[2023-12-31T10:02:03.338-0300] {processor.py:842} WARNING - No viable dags retrieved from /home/felipe/.local/lib/python3.10/site-packages/airflow/example_dags/plugins/listener_plugin.py
[2023-12-31T10:02:03.380-0300] {processor.py:183} INFO - Processing /home/felipe/.local/lib/python3.10/site-packages/airflow/example_dags/plugins/listener_plugin.py took 0.071 seconds
[2023-12-31T10:04:18.236-0300] {processor.py:161} INFO - Started process (PID=33459) to work on /home/felipe/.local/lib/python3.10/site-packages/airflow/example_dags/plugins/listener_plugin.py
[2023-12-31T10:04:18.238-0300] {processor.py:830} INFO - Processing file /home/felipe/.local/lib/python3.10/site-packages/airflow/example_dags/plugins/listener_plugin.py for tasks to queue
[2023-12-31T10:04:18.246-0300] {logging_mixin.py:188} INFO - [2023-12-31T10:04:18.239-0300] {dagbag.py:538} INFO - Filling up the DagBag from /home/felipe/.local/lib/python3.10/site-packages/airflow/example_dags/plugins/listener_plugin.py
[2023-12-31T10:04:18.257-0300] {processor.py:842} WARNING - No viable dags retrieved from /home/felipe/.local/lib/python3.10/site-packages/airflow/example_dags/plugins/listener_plugin.py
[2023-12-31T10:04:18.299-0300] {processor.py:183} INFO - Processing /home/felipe/.local/lib/python3.10/site-packages/airflow/example_dags/plugins/listener_plugin.py took 0.079 seconds
[2023-12-31T10:06:40.016-0300] {processor.py:161} INFO - Started process (PID=33652) to work on /home/felipe/.local/lib/python3.10/site-packages/airflow/example_dags/plugins/listener_plugin.py
[2023-12-31T10:06:40.019-0300] {processor.py:830} INFO - Processing file /home/felipe/.local/lib/python3.10/site-packages/airflow/example_dags/plugins/listener_plugin.py for tasks to queue
[2023-12-31T10:06:40.028-0300] {logging_mixin.py:188} INFO - [2023-12-31T10:06:40.027-0300] {dagbag.py:538} INFO - Filling up the DagBag from /home/felipe/.local/lib/python3.10/site-packages/airflow/example_dags/plugins/listener_plugin.py
[2023-12-31T10:06:40.057-0300] {processor.py:842} WARNING - No viable dags retrieved from /home/felipe/.local/lib/python3.10/site-packages/airflow/example_dags/plugins/listener_plugin.py
[2023-12-31T10:06:40.107-0300] {processor.py:183} INFO - Processing /home/felipe/.local/lib/python3.10/site-packages/airflow/example_dags/plugins/listener_plugin.py took 0.111 seconds
[2023-12-31T10:09:06.999-0300] {processor.py:161} INFO - Started process (PID=33821) to work on /home/felipe/.local/lib/python3.10/site-packages/airflow/example_dags/plugins/listener_plugin.py
[2023-12-31T10:09:07.008-0300] {processor.py:830} INFO - Processing file /home/felipe/.local/lib/python3.10/site-packages/airflow/example_dags/plugins/listener_plugin.py for tasks to queue
[2023-12-31T10:09:07.009-0300] {logging_mixin.py:188} INFO - [2023-12-31T10:09:07.009-0300] {dagbag.py:538} INFO - Filling up the DagBag from /home/felipe/.local/lib/python3.10/site-packages/airflow/example_dags/plugins/listener_plugin.py
[2023-12-31T10:09:07.028-0300] {processor.py:842} WARNING - No viable dags retrieved from /home/felipe/.local/lib/python3.10/site-packages/airflow/example_dags/plugins/listener_plugin.py
[2023-12-31T10:09:07.078-0300] {processor.py:183} INFO - Processing /home/felipe/.local/lib/python3.10/site-packages/airflow/example_dags/plugins/listener_plugin.py took 0.090 seconds
[2023-12-31T11:29:55.787-0300] {processor.py:161} INFO - Started process (PID=34067) to work on /home/felipe/.local/lib/python3.10/site-packages/airflow/example_dags/plugins/listener_plugin.py
[2023-12-31T11:29:55.795-0300] {processor.py:830} INFO - Processing file /home/felipe/.local/lib/python3.10/site-packages/airflow/example_dags/plugins/listener_plugin.py for tasks to queue
[2023-12-31T11:29:55.804-0300] {logging_mixin.py:188} INFO - [2023-12-31T11:29:55.796-0300] {dagbag.py:538} INFO - Filling up the DagBag from /home/felipe/.local/lib/python3.10/site-packages/airflow/example_dags/plugins/listener_plugin.py
[2023-12-31T11:29:55.815-0300] {processor.py:842} WARNING - No viable dags retrieved from /home/felipe/.local/lib/python3.10/site-packages/airflow/example_dags/plugins/listener_plugin.py
[2023-12-31T11:29:55.886-0300] {processor.py:183} INFO - Processing /home/felipe/.local/lib/python3.10/site-packages/airflow/example_dags/plugins/listener_plugin.py took 0.110 seconds
[2023-12-31T11:31:51.594-0300] {processor.py:161} INFO - Started process (PID=34305) to work on /home/felipe/.local/lib/python3.10/site-packages/airflow/example_dags/plugins/listener_plugin.py
[2023-12-31T11:31:51.596-0300] {processor.py:830} INFO - Processing file /home/felipe/.local/lib/python3.10/site-packages/airflow/example_dags/plugins/listener_plugin.py for tasks to queue
[2023-12-31T11:31:51.604-0300] {logging_mixin.py:188} INFO - [2023-12-31T11:31:51.597-0300] {dagbag.py:538} INFO - Filling up the DagBag from /home/felipe/.local/lib/python3.10/site-packages/airflow/example_dags/plugins/listener_plugin.py
[2023-12-31T11:31:51.616-0300] {processor.py:842} WARNING - No viable dags retrieved from /home/felipe/.local/lib/python3.10/site-packages/airflow/example_dags/plugins/listener_plugin.py
[2023-12-31T11:31:51.674-0300] {processor.py:183} INFO - Processing /home/felipe/.local/lib/python3.10/site-packages/airflow/example_dags/plugins/listener_plugin.py took 0.098 seconds
[2023-12-31T11:34:43.487-0300] {processor.py:161} INFO - Started process (PID=34495) to work on /home/felipe/.local/lib/python3.10/site-packages/airflow/example_dags/plugins/listener_plugin.py
[2023-12-31T11:34:43.496-0300] {processor.py:830} INFO - Processing file /home/felipe/.local/lib/python3.10/site-packages/airflow/example_dags/plugins/listener_plugin.py for tasks to queue
[2023-12-31T11:34:43.504-0300] {logging_mixin.py:188} INFO - [2023-12-31T11:34:43.497-0300] {dagbag.py:538} INFO - Filling up the DagBag from /home/felipe/.local/lib/python3.10/site-packages/airflow/example_dags/plugins/listener_plugin.py
[2023-12-31T11:34:43.515-0300] {processor.py:842} WARNING - No viable dags retrieved from /home/felipe/.local/lib/python3.10/site-packages/airflow/example_dags/plugins/listener_plugin.py
[2023-12-31T11:34:43.575-0300] {processor.py:183} INFO - Processing /home/felipe/.local/lib/python3.10/site-packages/airflow/example_dags/plugins/listener_plugin.py took 0.101 seconds
[2023-12-31T11:37:29.106-0300] {processor.py:161} INFO - Started process (PID=34706) to work on /home/felipe/.local/lib/python3.10/site-packages/airflow/example_dags/plugins/listener_plugin.py
[2023-12-31T11:37:29.114-0300] {processor.py:830} INFO - Processing file /home/felipe/.local/lib/python3.10/site-packages/airflow/example_dags/plugins/listener_plugin.py for tasks to queue
[2023-12-31T11:37:29.116-0300] {logging_mixin.py:188} INFO - [2023-12-31T11:37:29.115-0300] {dagbag.py:538} INFO - Filling up the DagBag from /home/felipe/.local/lib/python3.10/site-packages/airflow/example_dags/plugins/listener_plugin.py
[2023-12-31T11:37:29.134-0300] {processor.py:842} WARNING - No viable dags retrieved from /home/felipe/.local/lib/python3.10/site-packages/airflow/example_dags/plugins/listener_plugin.py
[2023-12-31T11:37:29.186-0300] {processor.py:183} INFO - Processing /home/felipe/.local/lib/python3.10/site-packages/airflow/example_dags/plugins/listener_plugin.py took 0.102 seconds
[2023-12-31T11:40:15.016-0300] {processor.py:161} INFO - Started process (PID=34917) to work on /home/felipe/.local/lib/python3.10/site-packages/airflow/example_dags/plugins/listener_plugin.py
[2023-12-31T11:40:15.025-0300] {processor.py:830} INFO - Processing file /home/felipe/.local/lib/python3.10/site-packages/airflow/example_dags/plugins/listener_plugin.py for tasks to queue
[2023-12-31T11:40:15.034-0300] {logging_mixin.py:188} INFO - [2023-12-31T11:40:15.026-0300] {dagbag.py:538} INFO - Filling up the DagBag from /home/felipe/.local/lib/python3.10/site-packages/airflow/example_dags/plugins/listener_plugin.py
[2023-12-31T11:40:15.045-0300] {processor.py:842} WARNING - No viable dags retrieved from /home/felipe/.local/lib/python3.10/site-packages/airflow/example_dags/plugins/listener_plugin.py
[2023-12-31T11:40:15.106-0300] {processor.py:183} INFO - Processing /home/felipe/.local/lib/python3.10/site-packages/airflow/example_dags/plugins/listener_plugin.py took 0.101 seconds
[2023-12-31T11:43:16.775-0300] {processor.py:161} INFO - Started process (PID=35114) to work on /home/felipe/.local/lib/python3.10/site-packages/airflow/example_dags/plugins/listener_plugin.py
[2023-12-31T11:43:16.785-0300] {processor.py:830} INFO - Processing file /home/felipe/.local/lib/python3.10/site-packages/airflow/example_dags/plugins/listener_plugin.py for tasks to queue
[2023-12-31T11:43:16.795-0300] {logging_mixin.py:188} INFO - [2023-12-31T11:43:16.786-0300] {dagbag.py:538} INFO - Filling up the DagBag from /home/felipe/.local/lib/python3.10/site-packages/airflow/example_dags/plugins/listener_plugin.py
[2023-12-31T11:43:16.824-0300] {processor.py:842} WARNING - No viable dags retrieved from /home/felipe/.local/lib/python3.10/site-packages/airflow/example_dags/plugins/listener_plugin.py
[2023-12-31T11:43:17.074-0300] {processor.py:183} INFO - Processing /home/felipe/.local/lib/python3.10/site-packages/airflow/example_dags/plugins/listener_plugin.py took 0.302 seconds
[2023-12-31T11:46:36.476-0300] {processor.py:161} INFO - Started process (PID=35366) to work on /home/felipe/.local/lib/python3.10/site-packages/airflow/example_dags/plugins/listener_plugin.py
[2023-12-31T11:46:36.504-0300] {processor.py:830} INFO - Processing file /home/felipe/.local/lib/python3.10/site-packages/airflow/example_dags/plugins/listener_plugin.py for tasks to queue
[2023-12-31T11:46:36.525-0300] {logging_mixin.py:188} INFO - [2023-12-31T11:46:36.506-0300] {dagbag.py:538} INFO - Filling up the DagBag from /home/felipe/.local/lib/python3.10/site-packages/airflow/example_dags/plugins/listener_plugin.py
[2023-12-31T11:46:36.585-0300] {processor.py:842} WARNING - No viable dags retrieved from /home/felipe/.local/lib/python3.10/site-packages/airflow/example_dags/plugins/listener_plugin.py
[2023-12-31T11:46:36.734-0300] {processor.py:183} INFO - Processing /home/felipe/.local/lib/python3.10/site-packages/airflow/example_dags/plugins/listener_plugin.py took 0.318 seconds
[2023-12-31T11:50:38.374-0300] {processor.py:161} INFO - Started process (PID=35682) to work on /home/felipe/.local/lib/python3.10/site-packages/airflow/example_dags/plugins/listener_plugin.py
[2023-12-31T11:50:38.376-0300] {processor.py:830} INFO - Processing file /home/felipe/.local/lib/python3.10/site-packages/airflow/example_dags/plugins/listener_plugin.py for tasks to queue
[2023-12-31T11:50:38.386-0300] {logging_mixin.py:188} INFO - [2023-12-31T11:50:38.385-0300] {dagbag.py:538} INFO - Filling up the DagBag from /home/felipe/.local/lib/python3.10/site-packages/airflow/example_dags/plugins/listener_plugin.py
[2023-12-31T11:50:38.415-0300] {processor.py:842} WARNING - No viable dags retrieved from /home/felipe/.local/lib/python3.10/site-packages/airflow/example_dags/plugins/listener_plugin.py
[2023-12-31T11:50:38.565-0300] {processor.py:183} INFO - Processing /home/felipe/.local/lib/python3.10/site-packages/airflow/example_dags/plugins/listener_plugin.py took 0.219 seconds
[2023-12-31T11:55:24.255-0300] {processor.py:161} INFO - Started process (PID=35956) to work on /home/felipe/.local/lib/python3.10/site-packages/airflow/example_dags/plugins/listener_plugin.py
[2023-12-31T11:55:24.274-0300] {processor.py:830} INFO - Processing file /home/felipe/.local/lib/python3.10/site-packages/airflow/example_dags/plugins/listener_plugin.py for tasks to queue
[2023-12-31T11:55:24.285-0300] {logging_mixin.py:188} INFO - [2023-12-31T11:55:24.284-0300] {dagbag.py:538} INFO - Filling up the DagBag from /home/felipe/.local/lib/python3.10/site-packages/airflow/example_dags/plugins/listener_plugin.py
[2023-12-31T11:55:24.315-0300] {processor.py:842} WARNING - No viable dags retrieved from /home/felipe/.local/lib/python3.10/site-packages/airflow/example_dags/plugins/listener_plugin.py
[2023-12-31T11:55:24.415-0300] {processor.py:183} INFO - Processing /home/felipe/.local/lib/python3.10/site-packages/airflow/example_dags/plugins/listener_plugin.py took 0.180 seconds
[2023-12-31T11:58:54.674-0300] {processor.py:161} INFO - Started process (PID=36164) to work on /home/felipe/.local/lib/python3.10/site-packages/airflow/example_dags/plugins/listener_plugin.py
[2023-12-31T11:58:54.684-0300] {processor.py:830} INFO - Processing file /home/felipe/.local/lib/python3.10/site-packages/airflow/example_dags/plugins/listener_plugin.py for tasks to queue
[2023-12-31T11:58:54.685-0300] {logging_mixin.py:188} INFO - [2023-12-31T11:58:54.685-0300] {dagbag.py:538} INFO - Filling up the DagBag from /home/felipe/.local/lib/python3.10/site-packages/airflow/example_dags/plugins/listener_plugin.py
[2023-12-31T11:58:54.715-0300] {processor.py:842} WARNING - No viable dags retrieved from /home/felipe/.local/lib/python3.10/site-packages/airflow/example_dags/plugins/listener_plugin.py
[2023-12-31T11:58:54.805-0300] {processor.py:183} INFO - Processing /home/felipe/.local/lib/python3.10/site-packages/airflow/example_dags/plugins/listener_plugin.py took 0.159 seconds
[2023-12-31T12:02:34.715-0300] {processor.py:161} INFO - Started process (PID=36401) to work on /home/felipe/.local/lib/python3.10/site-packages/airflow/example_dags/plugins/listener_plugin.py
[2023-12-31T12:02:34.735-0300] {processor.py:830} INFO - Processing file /home/felipe/.local/lib/python3.10/site-packages/airflow/example_dags/plugins/listener_plugin.py for tasks to queue
[2023-12-31T12:02:34.754-0300] {logging_mixin.py:188} INFO - [2023-12-31T12:02:34.744-0300] {dagbag.py:538} INFO - Filling up the DagBag from /home/felipe/.local/lib/python3.10/site-packages/airflow/example_dags/plugins/listener_plugin.py
[2023-12-31T12:02:34.794-0300] {processor.py:842} WARNING - No viable dags retrieved from /home/felipe/.local/lib/python3.10/site-packages/airflow/example_dags/plugins/listener_plugin.py
[2023-12-31T12:02:34.904-0300] {processor.py:183} INFO - Processing /home/felipe/.local/lib/python3.10/site-packages/airflow/example_dags/plugins/listener_plugin.py took 0.220 seconds
