[2023-12-25T06:22:23.251-0300] {processor.py:161} INFO - Started process (PID=12376) to work on /home/felipe/airflow/dags/launch_rocket.py
[2023-12-25T06:22:23.252-0300] {processor.py:830} INFO - Processing file /home/felipe/airflow/dags/launch_rocket.py for tasks to queue
[2023-12-25T06:22:23.255-0300] {logging_mixin.py:188} INFO - [2023-12-25T06:22:23.254-0300] {dagbag.py:538} INFO - Filling up the DagBag from /home/felipe/airflow/dags/launch_rocket.py
[2023-12-25T06:22:23.274-0300] {processor.py:840} INFO - DAG(s) 'download_rocket_launches' retrieved from /home/felipe/airflow/dags/launch_rocket.py
[2023-12-25T06:22:23.537-0300] {logging_mixin.py:188} INFO - [2023-12-25T06:22:23.536-0300] {dag.py:3033} INFO - Sync 1 DAGs
[2023-12-25T06:22:23.584-0300] {logging_mixin.py:188} INFO - [2023-12-25T06:22:23.583-0300] {dag.py:3820} INFO - Setting next_dagrun for download_rocket_launches to 2023-12-25T00:00:00+00:00, run_after=2023-12-26T00:00:00+00:00
[2023-12-25T06:22:23.646-0300] {processor.py:183} INFO - Processing /home/felipe/airflow/dags/launch_rocket.py took 0.401 seconds
[2023-12-25T06:23:19.128-0300] {processor.py:161} INFO - Started process (PID=12454) to work on /home/felipe/airflow/dags/launch_rocket.py
[2023-12-25T06:23:19.131-0300] {processor.py:830} INFO - Processing file /home/felipe/airflow/dags/launch_rocket.py for tasks to queue
[2023-12-25T06:23:19.132-0300] {logging_mixin.py:188} INFO - [2023-12-25T06:23:19.132-0300] {dagbag.py:538} INFO - Filling up the DagBag from /home/felipe/airflow/dags/launch_rocket.py
[2023-12-25T06:23:19.147-0300] {processor.py:840} INFO - DAG(s) 'download_rocket_launches' retrieved from /home/felipe/airflow/dags/launch_rocket.py
[2023-12-25T06:23:19.172-0300] {logging_mixin.py:188} INFO - [2023-12-25T06:23:19.171-0300] {dag.py:3033} INFO - Sync 1 DAGs
[2023-12-25T06:23:19.216-0300] {logging_mixin.py:188} INFO - [2023-12-25T06:23:19.216-0300] {dag.py:3820} INFO - Setting next_dagrun for download_rocket_launches to 2023-12-25T00:00:00+00:00, run_after=2023-12-26T00:00:00+00:00
[2023-12-25T06:23:19.266-0300] {processor.py:183} INFO - Processing /home/felipe/airflow/dags/launch_rocket.py took 0.143 seconds
[2023-12-25T06:24:14.711-0300] {processor.py:161} INFO - Started process (PID=12507) to work on /home/felipe/airflow/dags/launch_rocket.py
[2023-12-25T06:24:14.722-0300] {processor.py:830} INFO - Processing file /home/felipe/airflow/dags/launch_rocket.py for tasks to queue
[2023-12-25T06:24:14.724-0300] {logging_mixin.py:188} INFO - [2023-12-25T06:24:14.723-0300] {dagbag.py:538} INFO - Filling up the DagBag from /home/felipe/airflow/dags/launch_rocket.py
[2023-12-25T06:24:14.740-0300] {processor.py:840} INFO - DAG(s) 'download_rocket_launches' retrieved from /home/felipe/airflow/dags/launch_rocket.py
[2023-12-25T06:24:14.776-0300] {logging_mixin.py:188} INFO - [2023-12-25T06:24:14.775-0300] {dag.py:3033} INFO - Sync 1 DAGs
[2023-12-25T06:24:14.836-0300] {logging_mixin.py:188} INFO - [2023-12-25T06:24:14.835-0300] {dag.py:3820} INFO - Setting next_dagrun for download_rocket_launches to 2023-12-25T00:00:00+00:00, run_after=2023-12-26T00:00:00+00:00
[2023-12-25T06:24:14.904-0300] {processor.py:183} INFO - Processing /home/felipe/airflow/dags/launch_rocket.py took 0.197 seconds
[2023-12-25T06:25:09.808-0300] {processor.py:161} INFO - Started process (PID=12592) to work on /home/felipe/airflow/dags/launch_rocket.py
[2023-12-25T06:25:09.814-0300] {processor.py:830} INFO - Processing file /home/felipe/airflow/dags/launch_rocket.py for tasks to queue
[2023-12-25T06:25:09.816-0300] {logging_mixin.py:188} INFO - [2023-12-25T06:25:09.815-0300] {dagbag.py:538} INFO - Filling up the DagBag from /home/felipe/airflow/dags/launch_rocket.py
[2023-12-25T06:25:09.830-0300] {processor.py:840} INFO - DAG(s) 'download_rocket_launches' retrieved from /home/felipe/airflow/dags/launch_rocket.py
[2023-12-25T06:25:09.856-0300] {logging_mixin.py:188} INFO - [2023-12-25T06:25:09.855-0300] {dag.py:3033} INFO - Sync 1 DAGs
[2023-12-25T06:25:09.902-0300] {logging_mixin.py:188} INFO - [2023-12-25T06:25:09.901-0300] {dag.py:3820} INFO - Setting next_dagrun for download_rocket_launches to 2023-12-25T00:00:00+00:00, run_after=2023-12-26T00:00:00+00:00
[2023-12-25T06:25:09.948-0300] {processor.py:183} INFO - Processing /home/felipe/airflow/dags/launch_rocket.py took 0.145 seconds
[2023-12-25T06:25:57.584-0300] {processor.py:161} INFO - Started process (PID=12641) to work on /home/felipe/airflow/dags/launch_rocket.py
[2023-12-25T06:25:57.587-0300] {processor.py:830} INFO - Processing file /home/felipe/airflow/dags/launch_rocket.py for tasks to queue
[2023-12-25T06:25:57.588-0300] {logging_mixin.py:188} INFO - [2023-12-25T06:25:57.588-0300] {dagbag.py:538} INFO - Filling up the DagBag from /home/felipe/airflow/dags/launch_rocket.py
[2023-12-25T06:25:57.603-0300] {processor.py:840} INFO - DAG(s) 'download_rocket_launches' retrieved from /home/felipe/airflow/dags/launch_rocket.py
[2023-12-25T06:25:57.629-0300] {logging_mixin.py:188} INFO - [2023-12-25T06:25:57.628-0300] {dag.py:3033} INFO - Sync 1 DAGs
[2023-12-25T06:25:57.667-0300] {logging_mixin.py:188} INFO - [2023-12-25T06:25:57.667-0300] {dag.py:3820} INFO - Setting next_dagrun for download_rocket_launches to 2023-12-25T00:00:00+00:00, run_after=2023-12-26T00:00:00+00:00
[2023-12-25T06:25:57.712-0300] {processor.py:183} INFO - Processing /home/felipe/airflow/dags/launch_rocket.py took 0.132 seconds
[2023-12-25T06:26:47.662-0300] {processor.py:161} INFO - Started process (PID=12689) to work on /home/felipe/airflow/dags/launch_rocket.py
[2023-12-25T06:26:47.678-0300] {processor.py:830} INFO - Processing file /home/felipe/airflow/dags/launch_rocket.py for tasks to queue
[2023-12-25T06:26:47.680-0300] {logging_mixin.py:188} INFO - [2023-12-25T06:26:47.679-0300] {dagbag.py:538} INFO - Filling up the DagBag from /home/felipe/airflow/dags/launch_rocket.py
[2023-12-25T06:26:47.717-0300] {processor.py:840} INFO - DAG(s) 'download_rocket_launches' retrieved from /home/felipe/airflow/dags/launch_rocket.py
[2023-12-25T06:26:47.774-0300] {logging_mixin.py:188} INFO - [2023-12-25T06:26:47.773-0300] {dag.py:3033} INFO - Sync 1 DAGs
[2023-12-25T06:26:47.835-0300] {logging_mixin.py:188} INFO - [2023-12-25T06:26:47.835-0300] {dag.py:3820} INFO - Setting next_dagrun for download_rocket_launches to 2023-12-25T00:00:00+00:00, run_after=2023-12-26T00:00:00+00:00
[2023-12-25T06:26:47.893-0300] {processor.py:183} INFO - Processing /home/felipe/airflow/dags/launch_rocket.py took 0.238 seconds
[2023-12-25T06:27:37.304-0300] {processor.py:161} INFO - Started process (PID=12735) to work on /home/felipe/airflow/dags/launch_rocket.py
[2023-12-25T06:27:37.306-0300] {processor.py:830} INFO - Processing file /home/felipe/airflow/dags/launch_rocket.py for tasks to queue
[2023-12-25T06:27:37.308-0300] {logging_mixin.py:188} INFO - [2023-12-25T06:27:37.308-0300] {dagbag.py:538} INFO - Filling up the DagBag from /home/felipe/airflow/dags/launch_rocket.py
[2023-12-25T06:27:37.325-0300] {processor.py:840} INFO - DAG(s) 'download_rocket_launches' retrieved from /home/felipe/airflow/dags/launch_rocket.py
[2023-12-25T06:27:37.353-0300] {logging_mixin.py:188} INFO - [2023-12-25T06:27:37.353-0300] {dag.py:3033} INFO - Sync 1 DAGs
[2023-12-25T06:27:37.408-0300] {logging_mixin.py:188} INFO - [2023-12-25T06:27:37.407-0300] {dag.py:3820} INFO - Setting next_dagrun for download_rocket_launches to 2023-12-25T00:00:00+00:00, run_after=2023-12-26T00:00:00+00:00
[2023-12-25T06:27:37.455-0300] {processor.py:183} INFO - Processing /home/felipe/airflow/dags/launch_rocket.py took 0.156 seconds
[2023-12-25T06:28:29.717-0300] {processor.py:161} INFO - Started process (PID=12785) to work on /home/felipe/airflow/dags/launch_rocket.py
[2023-12-25T06:28:29.719-0300] {processor.py:830} INFO - Processing file /home/felipe/airflow/dags/launch_rocket.py for tasks to queue
[2023-12-25T06:28:29.721-0300] {logging_mixin.py:188} INFO - [2023-12-25T06:28:29.720-0300] {dagbag.py:538} INFO - Filling up the DagBag from /home/felipe/airflow/dags/launch_rocket.py
[2023-12-25T06:28:29.737-0300] {processor.py:840} INFO - DAG(s) 'download_rocket_launches' retrieved from /home/felipe/airflow/dags/launch_rocket.py
[2023-12-25T06:28:29.765-0300] {logging_mixin.py:188} INFO - [2023-12-25T06:28:29.764-0300] {dag.py:3033} INFO - Sync 1 DAGs
[2023-12-25T06:28:29.820-0300] {logging_mixin.py:188} INFO - [2023-12-25T06:28:29.820-0300] {dag.py:3820} INFO - Setting next_dagrun for download_rocket_launches to 2023-12-25T00:00:00+00:00, run_after=2023-12-26T00:00:00+00:00
[2023-12-25T06:28:29.868-0300] {processor.py:183} INFO - Processing /home/felipe/airflow/dags/launch_rocket.py took 0.156 seconds
[2023-12-25T06:29:21.699-0300] {processor.py:161} INFO - Started process (PID=12831) to work on /home/felipe/airflow/dags/launch_rocket.py
[2023-12-25T06:29:21.701-0300] {processor.py:830} INFO - Processing file /home/felipe/airflow/dags/launch_rocket.py for tasks to queue
[2023-12-25T06:29:21.703-0300] {logging_mixin.py:188} INFO - [2023-12-25T06:29:21.702-0300] {dagbag.py:538} INFO - Filling up the DagBag from /home/felipe/airflow/dags/launch_rocket.py
[2023-12-25T06:29:21.718-0300] {processor.py:840} INFO - DAG(s) 'download_rocket_launches' retrieved from /home/felipe/airflow/dags/launch_rocket.py
[2023-12-25T06:29:21.745-0300] {logging_mixin.py:188} INFO - [2023-12-25T06:29:21.744-0300] {dag.py:3033} INFO - Sync 1 DAGs
[2023-12-25T06:29:21.788-0300] {logging_mixin.py:188} INFO - [2023-12-25T06:29:21.788-0300] {dag.py:3820} INFO - Setting next_dagrun for download_rocket_launches to 2023-12-25T00:00:00+00:00, run_after=2023-12-26T00:00:00+00:00
[2023-12-25T06:29:21.836-0300] {processor.py:183} INFO - Processing /home/felipe/airflow/dags/launch_rocket.py took 0.141 seconds
[2023-12-25T06:30:12.563-0300] {processor.py:161} INFO - Started process (PID=12908) to work on /home/felipe/airflow/dags/launch_rocket.py
[2023-12-25T06:30:12.566-0300] {processor.py:830} INFO - Processing file /home/felipe/airflow/dags/launch_rocket.py for tasks to queue
[2023-12-25T06:30:12.568-0300] {logging_mixin.py:188} INFO - [2023-12-25T06:30:12.567-0300] {dagbag.py:538} INFO - Filling up the DagBag from /home/felipe/airflow/dags/launch_rocket.py
[2023-12-25T06:30:12.587-0300] {processor.py:840} INFO - DAG(s) 'download_rocket_launches' retrieved from /home/felipe/airflow/dags/launch_rocket.py
[2023-12-25T06:30:12.617-0300] {logging_mixin.py:188} INFO - [2023-12-25T06:30:12.616-0300] {dag.py:3033} INFO - Sync 1 DAGs
[2023-12-25T06:30:12.672-0300] {logging_mixin.py:188} INFO - [2023-12-25T06:30:12.671-0300] {dag.py:3820} INFO - Setting next_dagrun for download_rocket_launches to 2023-12-25T00:00:00+00:00, run_after=2023-12-26T00:00:00+00:00
[2023-12-25T06:30:12.720-0300] {processor.py:183} INFO - Processing /home/felipe/airflow/dags/launch_rocket.py took 0.163 seconds
[2023-12-25T06:31:02.630-0300] {processor.py:161} INFO - Started process (PID=12961) to work on /home/felipe/airflow/dags/launch_rocket.py
[2023-12-25T06:31:02.632-0300] {processor.py:830} INFO - Processing file /home/felipe/airflow/dags/launch_rocket.py for tasks to queue
[2023-12-25T06:31:02.633-0300] {logging_mixin.py:188} INFO - [2023-12-25T06:31:02.633-0300] {dagbag.py:538} INFO - Filling up the DagBag from /home/felipe/airflow/dags/launch_rocket.py
[2023-12-25T06:31:02.647-0300] {processor.py:840} INFO - DAG(s) 'download_rocket_launches' retrieved from /home/felipe/airflow/dags/launch_rocket.py
[2023-12-25T06:31:02.692-0300] {logging_mixin.py:188} INFO - [2023-12-25T06:31:02.692-0300] {dag.py:3033} INFO - Sync 1 DAGs
[2023-12-25T06:31:02.799-0300] {logging_mixin.py:188} INFO - [2023-12-25T06:31:02.798-0300] {dag.py:3820} INFO - Setting next_dagrun for download_rocket_launches to 2023-12-25T00:00:00+00:00, run_after=2023-12-26T00:00:00+00:00
[2023-12-25T06:31:02.881-0300] {processor.py:183} INFO - Processing /home/felipe/airflow/dags/launch_rocket.py took 0.256 seconds
[2023-12-25T06:32:01.253-0300] {processor.py:161} INFO - Started process (PID=13011) to work on /home/felipe/airflow/dags/launch_rocket.py
[2023-12-25T06:32:01.255-0300] {processor.py:830} INFO - Processing file /home/felipe/airflow/dags/launch_rocket.py for tasks to queue
[2023-12-25T06:32:01.257-0300] {logging_mixin.py:188} INFO - [2023-12-25T06:32:01.256-0300] {dagbag.py:538} INFO - Filling up the DagBag from /home/felipe/airflow/dags/launch_rocket.py
[2023-12-25T06:32:01.272-0300] {processor.py:840} INFO - DAG(s) 'download_rocket_launches' retrieved from /home/felipe/airflow/dags/launch_rocket.py
[2023-12-25T06:32:01.298-0300] {logging_mixin.py:188} INFO - [2023-12-25T06:32:01.297-0300] {dag.py:3033} INFO - Sync 1 DAGs
[2023-12-25T06:32:01.341-0300] {logging_mixin.py:188} INFO - [2023-12-25T06:32:01.340-0300] {dag.py:3820} INFO - Setting next_dagrun for download_rocket_launches to 2023-12-25T00:00:00+00:00, run_after=2023-12-26T00:00:00+00:00
[2023-12-25T06:32:01.385-0300] {processor.py:183} INFO - Processing /home/felipe/airflow/dags/launch_rocket.py took 0.136 seconds
[2023-12-25T06:32:52.123-0300] {processor.py:161} INFO - Started process (PID=13057) to work on /home/felipe/airflow/dags/launch_rocket.py
[2023-12-25T06:32:52.125-0300] {processor.py:830} INFO - Processing file /home/felipe/airflow/dags/launch_rocket.py for tasks to queue
[2023-12-25T06:32:52.127-0300] {logging_mixin.py:188} INFO - [2023-12-25T06:32:52.127-0300] {dagbag.py:538} INFO - Filling up the DagBag from /home/felipe/airflow/dags/launch_rocket.py
[2023-12-25T06:32:52.142-0300] {processor.py:840} INFO - DAG(s) 'download_rocket_launches' retrieved from /home/felipe/airflow/dags/launch_rocket.py
[2023-12-25T06:32:52.167-0300] {logging_mixin.py:188} INFO - [2023-12-25T06:32:52.167-0300] {dag.py:3033} INFO - Sync 1 DAGs
[2023-12-25T06:32:52.211-0300] {logging_mixin.py:188} INFO - [2023-12-25T06:32:52.210-0300] {dag.py:3820} INFO - Setting next_dagrun for download_rocket_launches to 2023-12-25T00:00:00+00:00, run_after=2023-12-26T00:00:00+00:00
[2023-12-25T06:32:52.261-0300] {processor.py:183} INFO - Processing /home/felipe/airflow/dags/launch_rocket.py took 0.142 seconds
[2023-12-25T06:33:40.360-0300] {processor.py:161} INFO - Started process (PID=13101) to work on /home/felipe/airflow/dags/launch_rocket.py
[2023-12-25T06:33:40.362-0300] {processor.py:830} INFO - Processing file /home/felipe/airflow/dags/launch_rocket.py for tasks to queue
[2023-12-25T06:33:40.364-0300] {logging_mixin.py:188} INFO - [2023-12-25T06:33:40.363-0300] {dagbag.py:538} INFO - Filling up the DagBag from /home/felipe/airflow/dags/launch_rocket.py
[2023-12-25T06:33:40.380-0300] {processor.py:840} INFO - DAG(s) 'download_rocket_launches' retrieved from /home/felipe/airflow/dags/launch_rocket.py
[2023-12-25T06:33:40.406-0300] {logging_mixin.py:188} INFO - [2023-12-25T06:33:40.406-0300] {dag.py:3033} INFO - Sync 1 DAGs
[2023-12-25T06:33:40.448-0300] {logging_mixin.py:188} INFO - [2023-12-25T06:33:40.448-0300] {dag.py:3820} INFO - Setting next_dagrun for download_rocket_launches to 2023-12-25T00:00:00+00:00, run_after=2023-12-26T00:00:00+00:00
[2023-12-25T06:33:40.502-0300] {processor.py:183} INFO - Processing /home/felipe/airflow/dags/launch_rocket.py took 0.146 seconds
[2023-12-25T06:34:33.778-0300] {processor.py:161} INFO - Started process (PID=13149) to work on /home/felipe/airflow/dags/launch_rocket.py
[2023-12-25T06:34:33.780-0300] {processor.py:830} INFO - Processing file /home/felipe/airflow/dags/launch_rocket.py for tasks to queue
[2023-12-25T06:34:33.782-0300] {logging_mixin.py:188} INFO - [2023-12-25T06:34:33.781-0300] {dagbag.py:538} INFO - Filling up the DagBag from /home/felipe/airflow/dags/launch_rocket.py
[2023-12-25T06:34:33.797-0300] {processor.py:840} INFO - DAG(s) 'download_rocket_launches' retrieved from /home/felipe/airflow/dags/launch_rocket.py
[2023-12-25T06:34:33.821-0300] {logging_mixin.py:188} INFO - [2023-12-25T06:34:33.821-0300] {dag.py:3033} INFO - Sync 1 DAGs
[2023-12-25T06:34:33.871-0300] {logging_mixin.py:188} INFO - [2023-12-25T06:34:33.870-0300] {dag.py:3820} INFO - Setting next_dagrun for download_rocket_launches to 2023-12-25T00:00:00+00:00, run_after=2023-12-26T00:00:00+00:00
[2023-12-25T06:34:33.915-0300] {processor.py:183} INFO - Processing /home/felipe/airflow/dags/launch_rocket.py took 0.142 seconds
[2023-12-25T06:35:25.533-0300] {processor.py:161} INFO - Started process (PID=13230) to work on /home/felipe/airflow/dags/launch_rocket.py
[2023-12-25T06:35:25.537-0300] {processor.py:830} INFO - Processing file /home/felipe/airflow/dags/launch_rocket.py for tasks to queue
[2023-12-25T06:35:25.539-0300] {logging_mixin.py:188} INFO - [2023-12-25T06:35:25.538-0300] {dagbag.py:538} INFO - Filling up the DagBag from /home/felipe/airflow/dags/launch_rocket.py
[2023-12-25T06:35:25.564-0300] {processor.py:840} INFO - DAG(s) 'download_rocket_launches' retrieved from /home/felipe/airflow/dags/launch_rocket.py
[2023-12-25T06:35:25.597-0300] {logging_mixin.py:188} INFO - [2023-12-25T06:35:25.596-0300] {dag.py:3033} INFO - Sync 1 DAGs
[2023-12-25T06:35:25.647-0300] {logging_mixin.py:188} INFO - [2023-12-25T06:35:25.646-0300] {dag.py:3820} INFO - Setting next_dagrun for download_rocket_launches to 2023-12-25T00:00:00+00:00, run_after=2023-12-26T00:00:00+00:00
[2023-12-25T06:35:25.698-0300] {processor.py:183} INFO - Processing /home/felipe/airflow/dags/launch_rocket.py took 0.173 seconds
[2023-12-25T06:36:23.925-0300] {processor.py:161} INFO - Started process (PID=13284) to work on /home/felipe/airflow/dags/launch_rocket.py
[2023-12-25T06:36:23.927-0300] {processor.py:830} INFO - Processing file /home/felipe/airflow/dags/launch_rocket.py for tasks to queue
[2023-12-25T06:36:23.929-0300] {logging_mixin.py:188} INFO - [2023-12-25T06:36:23.928-0300] {dagbag.py:538} INFO - Filling up the DagBag from /home/felipe/airflow/dags/launch_rocket.py
[2023-12-25T06:36:23.952-0300] {processor.py:840} INFO - DAG(s) 'download_rocket_launches' retrieved from /home/felipe/airflow/dags/launch_rocket.py
[2023-12-25T06:36:23.986-0300] {logging_mixin.py:188} INFO - [2023-12-25T06:36:23.985-0300] {dag.py:3033} INFO - Sync 1 DAGs
[2023-12-25T06:36:24.039-0300] {logging_mixin.py:188} INFO - [2023-12-25T06:36:24.039-0300] {dag.py:3820} INFO - Setting next_dagrun for download_rocket_launches to 2023-12-25T00:00:00+00:00, run_after=2023-12-26T00:00:00+00:00
[2023-12-25T06:36:24.089-0300] {processor.py:183} INFO - Processing /home/felipe/airflow/dags/launch_rocket.py took 0.169 seconds
[2023-12-25T06:37:23.175-0300] {processor.py:161} INFO - Started process (PID=13336) to work on /home/felipe/airflow/dags/launch_rocket.py
[2023-12-25T06:37:23.180-0300] {processor.py:830} INFO - Processing file /home/felipe/airflow/dags/launch_rocket.py for tasks to queue
[2023-12-25T06:37:23.183-0300] {logging_mixin.py:188} INFO - [2023-12-25T06:37:23.182-0300] {dagbag.py:538} INFO - Filling up the DagBag from /home/felipe/airflow/dags/launch_rocket.py
[2023-12-25T06:37:23.258-0300] {processor.py:840} INFO - DAG(s) 'download_rocket_launches' retrieved from /home/felipe/airflow/dags/launch_rocket.py
[2023-12-25T06:37:23.358-0300] {logging_mixin.py:188} INFO - [2023-12-25T06:37:23.357-0300] {dag.py:3033} INFO - Sync 1 DAGs
[2023-12-25T06:37:23.415-0300] {logging_mixin.py:188} INFO - [2023-12-25T06:37:23.415-0300] {dag.py:3820} INFO - Setting next_dagrun for download_rocket_launches to 2023-12-25T00:00:00+00:00, run_after=2023-12-26T00:00:00+00:00
[2023-12-25T06:37:23.464-0300] {processor.py:183} INFO - Processing /home/felipe/airflow/dags/launch_rocket.py took 0.305 seconds
[2023-12-25T06:38:25.028-0300] {processor.py:161} INFO - Started process (PID=13389) to work on /home/felipe/airflow/dags/launch_rocket.py
[2023-12-25T06:38:25.031-0300] {processor.py:830} INFO - Processing file /home/felipe/airflow/dags/launch_rocket.py for tasks to queue
[2023-12-25T06:38:25.032-0300] {logging_mixin.py:188} INFO - [2023-12-25T06:38:25.032-0300] {dagbag.py:538} INFO - Filling up the DagBag from /home/felipe/airflow/dags/launch_rocket.py
[2023-12-25T06:38:25.048-0300] {processor.py:840} INFO - DAG(s) 'download_rocket_launches' retrieved from /home/felipe/airflow/dags/launch_rocket.py
[2023-12-25T06:38:25.074-0300] {logging_mixin.py:188} INFO - [2023-12-25T06:38:25.073-0300] {dag.py:3033} INFO - Sync 1 DAGs
[2023-12-25T06:38:25.122-0300] {logging_mixin.py:188} INFO - [2023-12-25T06:38:25.121-0300] {dag.py:3820} INFO - Setting next_dagrun for download_rocket_launches to 2023-12-25T00:00:00+00:00, run_after=2023-12-26T00:00:00+00:00
[2023-12-25T06:38:25.172-0300] {processor.py:183} INFO - Processing /home/felipe/airflow/dags/launch_rocket.py took 0.148 seconds
