[2023-12-25T06:23:04.562-0300] {processor.py:161} INFO - Started process (PID=12442) to work on /home/felipe/.local/lib/python3.10/site-packages/airflow/example_dags/example_dynamic_task_mapping_with_no_taskflow_operators.py
[2023-12-25T06:23:04.563-0300] {processor.py:830} INFO - Processing file /home/felipe/.local/lib/python3.10/site-packages/airflow/example_dags/example_dynamic_task_mapping_with_no_taskflow_operators.py for tasks to queue
[2023-12-25T06:23:04.565-0300] {logging_mixin.py:188} INFO - [2023-12-25T06:23:04.565-0300] {dagbag.py:538} INFO - Filling up the DagBag from /home/felipe/.local/lib/python3.10/site-packages/airflow/example_dags/example_dynamic_task_mapping_with_no_taskflow_operators.py
[2023-12-25T06:23:04.578-0300] {processor.py:840} INFO - DAG(s) 'example_dynamic_task_mapping_with_no_taskflow_operators' retrieved from /home/felipe/.local/lib/python3.10/site-packages/airflow/example_dags/example_dynamic_task_mapping_with_no_taskflow_operators.py
[2023-12-25T06:23:04.607-0300] {logging_mixin.py:188} INFO - [2023-12-25T06:23:04.606-0300] {dag.py:3033} INFO - Sync 1 DAGs
[2023-12-25T06:23:04.656-0300] {logging_mixin.py:188} INFO - [2023-12-25T06:23:04.656-0300] {dag.py:3820} INFO - Setting next_dagrun for example_dynamic_task_mapping_with_no_taskflow_operators to 2023-12-24T00:00:00+00:00, run_after=2023-12-25T00:00:00+00:00
[2023-12-25T06:23:04.715-0300] {processor.py:183} INFO - Processing /home/felipe/.local/lib/python3.10/site-packages/airflow/example_dags/example_dynamic_task_mapping_with_no_taskflow_operators.py took 0.157 seconds
[2023-12-25T06:24:03.748-0300] {processor.py:161} INFO - Started process (PID=12495) to work on /home/felipe/.local/lib/python3.10/site-packages/airflow/example_dags/example_dynamic_task_mapping_with_no_taskflow_operators.py
[2023-12-25T06:24:03.751-0300] {processor.py:830} INFO - Processing file /home/felipe/.local/lib/python3.10/site-packages/airflow/example_dags/example_dynamic_task_mapping_with_no_taskflow_operators.py for tasks to queue
[2023-12-25T06:24:03.753-0300] {logging_mixin.py:188} INFO - [2023-12-25T06:24:03.752-0300] {dagbag.py:538} INFO - Filling up the DagBag from /home/felipe/.local/lib/python3.10/site-packages/airflow/example_dags/example_dynamic_task_mapping_with_no_taskflow_operators.py
[2023-12-25T06:24:03.770-0300] {processor.py:840} INFO - DAG(s) 'example_dynamic_task_mapping_with_no_taskflow_operators' retrieved from /home/felipe/.local/lib/python3.10/site-packages/airflow/example_dags/example_dynamic_task_mapping_with_no_taskflow_operators.py
[2023-12-25T06:24:03.797-0300] {logging_mixin.py:188} INFO - [2023-12-25T06:24:03.796-0300] {dag.py:3033} INFO - Sync 1 DAGs
[2023-12-25T06:24:03.837-0300] {logging_mixin.py:188} INFO - [2023-12-25T06:24:03.836-0300] {dag.py:3820} INFO - Setting next_dagrun for example_dynamic_task_mapping_with_no_taskflow_operators to 2023-12-24T00:00:00+00:00, run_after=2023-12-25T00:00:00+00:00
[2023-12-25T06:24:03.923-0300] {processor.py:183} INFO - Processing /home/felipe/.local/lib/python3.10/site-packages/airflow/example_dags/example_dynamic_task_mapping_with_no_taskflow_operators.py took 0.181 seconds
[2023-12-25T06:24:58.583-0300] {processor.py:161} INFO - Started process (PID=12572) to work on /home/felipe/.local/lib/python3.10/site-packages/airflow/example_dags/example_dynamic_task_mapping_with_no_taskflow_operators.py
[2023-12-25T06:24:58.586-0300] {processor.py:830} INFO - Processing file /home/felipe/.local/lib/python3.10/site-packages/airflow/example_dags/example_dynamic_task_mapping_with_no_taskflow_operators.py for tasks to queue
[2023-12-25T06:24:58.588-0300] {logging_mixin.py:188} INFO - [2023-12-25T06:24:58.587-0300] {dagbag.py:538} INFO - Filling up the DagBag from /home/felipe/.local/lib/python3.10/site-packages/airflow/example_dags/example_dynamic_task_mapping_with_no_taskflow_operators.py
[2023-12-25T06:24:58.602-0300] {processor.py:840} INFO - DAG(s) 'example_dynamic_task_mapping_with_no_taskflow_operators' retrieved from /home/felipe/.local/lib/python3.10/site-packages/airflow/example_dags/example_dynamic_task_mapping_with_no_taskflow_operators.py
[2023-12-25T06:24:58.631-0300] {logging_mixin.py:188} INFO - [2023-12-25T06:24:58.631-0300] {dag.py:3033} INFO - Sync 1 DAGs
[2023-12-25T06:24:58.686-0300] {logging_mixin.py:188} INFO - [2023-12-25T06:24:58.686-0300] {dag.py:3820} INFO - Setting next_dagrun for example_dynamic_task_mapping_with_no_taskflow_operators to 2023-12-24T00:00:00+00:00, run_after=2023-12-25T00:00:00+00:00
[2023-12-25T06:24:58.731-0300] {processor.py:183} INFO - Processing /home/felipe/.local/lib/python3.10/site-packages/airflow/example_dags/example_dynamic_task_mapping_with_no_taskflow_operators.py took 0.153 seconds
[2023-12-25T06:25:49.859-0300] {processor.py:161} INFO - Started process (PID=12628) to work on /home/felipe/.local/lib/python3.10/site-packages/airflow/example_dags/example_dynamic_task_mapping_with_no_taskflow_operators.py
[2023-12-25T06:25:49.861-0300] {processor.py:830} INFO - Processing file /home/felipe/.local/lib/python3.10/site-packages/airflow/example_dags/example_dynamic_task_mapping_with_no_taskflow_operators.py for tasks to queue
[2023-12-25T06:25:49.863-0300] {logging_mixin.py:188} INFO - [2023-12-25T06:25:49.863-0300] {dagbag.py:538} INFO - Filling up the DagBag from /home/felipe/.local/lib/python3.10/site-packages/airflow/example_dags/example_dynamic_task_mapping_with_no_taskflow_operators.py
[2023-12-25T06:25:49.877-0300] {processor.py:840} INFO - DAG(s) 'example_dynamic_task_mapping_with_no_taskflow_operators' retrieved from /home/felipe/.local/lib/python3.10/site-packages/airflow/example_dags/example_dynamic_task_mapping_with_no_taskflow_operators.py
[2023-12-25T06:25:49.903-0300] {logging_mixin.py:188} INFO - [2023-12-25T06:25:49.903-0300] {dag.py:3033} INFO - Sync 1 DAGs
[2023-12-25T06:25:49.949-0300] {logging_mixin.py:188} INFO - [2023-12-25T06:25:49.949-0300] {dag.py:3820} INFO - Setting next_dagrun for example_dynamic_task_mapping_with_no_taskflow_operators to 2023-12-24T00:00:00+00:00, run_after=2023-12-25T00:00:00+00:00
[2023-12-25T06:25:50.012-0300] {processor.py:183} INFO - Processing /home/felipe/.local/lib/python3.10/site-packages/airflow/example_dags/example_dynamic_task_mapping_with_no_taskflow_operators.py took 0.158 seconds
[2023-12-25T06:26:43.562-0300] {processor.py:161} INFO - Started process (PID=12685) to work on /home/felipe/.local/lib/python3.10/site-packages/airflow/example_dags/example_dynamic_task_mapping_with_no_taskflow_operators.py
[2023-12-25T06:26:43.564-0300] {processor.py:830} INFO - Processing file /home/felipe/.local/lib/python3.10/site-packages/airflow/example_dags/example_dynamic_task_mapping_with_no_taskflow_operators.py for tasks to queue
[2023-12-25T06:26:43.565-0300] {logging_mixin.py:188} INFO - [2023-12-25T06:26:43.565-0300] {dagbag.py:538} INFO - Filling up the DagBag from /home/felipe/.local/lib/python3.10/site-packages/airflow/example_dags/example_dynamic_task_mapping_with_no_taskflow_operators.py
[2023-12-25T06:26:43.576-0300] {processor.py:840} INFO - DAG(s) 'example_dynamic_task_mapping_with_no_taskflow_operators' retrieved from /home/felipe/.local/lib/python3.10/site-packages/airflow/example_dags/example_dynamic_task_mapping_with_no_taskflow_operators.py
[2023-12-25T06:26:43.600-0300] {logging_mixin.py:188} INFO - [2023-12-25T06:26:43.600-0300] {dag.py:3033} INFO - Sync 1 DAGs
[2023-12-25T06:26:43.638-0300] {logging_mixin.py:188} INFO - [2023-12-25T06:26:43.638-0300] {dag.py:3820} INFO - Setting next_dagrun for example_dynamic_task_mapping_with_no_taskflow_operators to 2023-12-24T00:00:00+00:00, run_after=2023-12-25T00:00:00+00:00
[2023-12-25T06:26:43.698-0300] {processor.py:183} INFO - Processing /home/felipe/.local/lib/python3.10/site-packages/airflow/example_dags/example_dynamic_task_mapping_with_no_taskflow_operators.py took 0.141 seconds
[2023-12-25T06:27:57.010-0300] {processor.py:161} INFO - Started process (PID=12755) to work on /home/felipe/.local/lib/python3.10/site-packages/airflow/example_dags/example_dynamic_task_mapping_with_no_taskflow_operators.py
[2023-12-25T06:27:57.012-0300] {processor.py:830} INFO - Processing file /home/felipe/.local/lib/python3.10/site-packages/airflow/example_dags/example_dynamic_task_mapping_with_no_taskflow_operators.py for tasks to queue
[2023-12-25T06:27:57.014-0300] {logging_mixin.py:188} INFO - [2023-12-25T06:27:57.013-0300] {dagbag.py:538} INFO - Filling up the DagBag from /home/felipe/.local/lib/python3.10/site-packages/airflow/example_dags/example_dynamic_task_mapping_with_no_taskflow_operators.py
[2023-12-25T06:27:57.026-0300] {processor.py:840} INFO - DAG(s) 'example_dynamic_task_mapping_with_no_taskflow_operators' retrieved from /home/felipe/.local/lib/python3.10/site-packages/airflow/example_dags/example_dynamic_task_mapping_with_no_taskflow_operators.py
[2023-12-25T06:27:57.056-0300] {logging_mixin.py:188} INFO - [2023-12-25T06:27:57.056-0300] {dag.py:3033} INFO - Sync 1 DAGs
[2023-12-25T06:27:57.101-0300] {logging_mixin.py:188} INFO - [2023-12-25T06:27:57.100-0300] {dag.py:3820} INFO - Setting next_dagrun for example_dynamic_task_mapping_with_no_taskflow_operators to 2023-12-24T00:00:00+00:00, run_after=2023-12-25T00:00:00+00:00
[2023-12-25T06:27:57.159-0300] {processor.py:183} INFO - Processing /home/felipe/.local/lib/python3.10/site-packages/airflow/example_dags/example_dynamic_task_mapping_with_no_taskflow_operators.py took 0.154 seconds
[2023-12-25T06:28:49.781-0300] {processor.py:161} INFO - Started process (PID=12803) to work on /home/felipe/.local/lib/python3.10/site-packages/airflow/example_dags/example_dynamic_task_mapping_with_no_taskflow_operators.py
[2023-12-25T06:28:49.783-0300] {processor.py:830} INFO - Processing file /home/felipe/.local/lib/python3.10/site-packages/airflow/example_dags/example_dynamic_task_mapping_with_no_taskflow_operators.py for tasks to queue
[2023-12-25T06:28:49.785-0300] {logging_mixin.py:188} INFO - [2023-12-25T06:28:49.784-0300] {dagbag.py:538} INFO - Filling up the DagBag from /home/felipe/.local/lib/python3.10/site-packages/airflow/example_dags/example_dynamic_task_mapping_with_no_taskflow_operators.py
[2023-12-25T06:28:49.795-0300] {processor.py:840} INFO - DAG(s) 'example_dynamic_task_mapping_with_no_taskflow_operators' retrieved from /home/felipe/.local/lib/python3.10/site-packages/airflow/example_dags/example_dynamic_task_mapping_with_no_taskflow_operators.py
[2023-12-25T06:28:49.820-0300] {logging_mixin.py:188} INFO - [2023-12-25T06:28:49.819-0300] {dag.py:3033} INFO - Sync 1 DAGs
[2023-12-25T06:28:49.872-0300] {logging_mixin.py:188} INFO - [2023-12-25T06:28:49.872-0300] {dag.py:3820} INFO - Setting next_dagrun for example_dynamic_task_mapping_with_no_taskflow_operators to 2023-12-24T00:00:00+00:00, run_after=2023-12-25T00:00:00+00:00
[2023-12-25T06:28:49.986-0300] {processor.py:183} INFO - Processing /home/felipe/.local/lib/python3.10/site-packages/airflow/example_dags/example_dynamic_task_mapping_with_no_taskflow_operators.py took 0.210 seconds
[2023-12-25T06:29:41.661-0300] {processor.py:161} INFO - Started process (PID=12849) to work on /home/felipe/.local/lib/python3.10/site-packages/airflow/example_dags/example_dynamic_task_mapping_with_no_taskflow_operators.py
[2023-12-25T06:29:41.664-0300] {processor.py:830} INFO - Processing file /home/felipe/.local/lib/python3.10/site-packages/airflow/example_dags/example_dynamic_task_mapping_with_no_taskflow_operators.py for tasks to queue
[2023-12-25T06:29:41.665-0300] {logging_mixin.py:188} INFO - [2023-12-25T06:29:41.665-0300] {dagbag.py:538} INFO - Filling up the DagBag from /home/felipe/.local/lib/python3.10/site-packages/airflow/example_dags/example_dynamic_task_mapping_with_no_taskflow_operators.py
[2023-12-25T06:29:41.676-0300] {processor.py:840} INFO - DAG(s) 'example_dynamic_task_mapping_with_no_taskflow_operators' retrieved from /home/felipe/.local/lib/python3.10/site-packages/airflow/example_dags/example_dynamic_task_mapping_with_no_taskflow_operators.py
[2023-12-25T06:29:41.701-0300] {logging_mixin.py:188} INFO - [2023-12-25T06:29:41.701-0300] {dag.py:3033} INFO - Sync 1 DAGs
[2023-12-25T06:29:41.742-0300] {logging_mixin.py:188} INFO - [2023-12-25T06:29:41.742-0300] {dag.py:3820} INFO - Setting next_dagrun for example_dynamic_task_mapping_with_no_taskflow_operators to 2023-12-24T00:00:00+00:00, run_after=2023-12-25T00:00:00+00:00
[2023-12-25T06:29:41.790-0300] {processor.py:183} INFO - Processing /home/felipe/.local/lib/python3.10/site-packages/airflow/example_dags/example_dynamic_task_mapping_with_no_taskflow_operators.py took 0.133 seconds
[2023-12-25T06:30:33.372-0300] {processor.py:161} INFO - Started process (PID=12934) to work on /home/felipe/.local/lib/python3.10/site-packages/airflow/example_dags/example_dynamic_task_mapping_with_no_taskflow_operators.py
[2023-12-25T06:30:33.374-0300] {processor.py:830} INFO - Processing file /home/felipe/.local/lib/python3.10/site-packages/airflow/example_dags/example_dynamic_task_mapping_with_no_taskflow_operators.py for tasks to queue
[2023-12-25T06:30:33.376-0300] {logging_mixin.py:188} INFO - [2023-12-25T06:30:33.375-0300] {dagbag.py:538} INFO - Filling up the DagBag from /home/felipe/.local/lib/python3.10/site-packages/airflow/example_dags/example_dynamic_task_mapping_with_no_taskflow_operators.py
[2023-12-25T06:30:33.386-0300] {processor.py:840} INFO - DAG(s) 'example_dynamic_task_mapping_with_no_taskflow_operators' retrieved from /home/felipe/.local/lib/python3.10/site-packages/airflow/example_dags/example_dynamic_task_mapping_with_no_taskflow_operators.py
[2023-12-25T06:30:33.411-0300] {logging_mixin.py:188} INFO - [2023-12-25T06:30:33.411-0300] {dag.py:3033} INFO - Sync 1 DAGs
[2023-12-25T06:30:33.449-0300] {logging_mixin.py:188} INFO - [2023-12-25T06:30:33.448-0300] {dag.py:3820} INFO - Setting next_dagrun for example_dynamic_task_mapping_with_no_taskflow_operators to 2023-12-24T00:00:00+00:00, run_after=2023-12-25T00:00:00+00:00
[2023-12-25T06:30:33.504-0300] {processor.py:183} INFO - Processing /home/felipe/.local/lib/python3.10/site-packages/airflow/example_dags/example_dynamic_task_mapping_with_no_taskflow_operators.py took 0.137 seconds
[2023-12-25T06:31:50.437-0300] {processor.py:161} INFO - Started process (PID=13002) to work on /home/felipe/.local/lib/python3.10/site-packages/airflow/example_dags/example_dynamic_task_mapping_with_no_taskflow_operators.py
[2023-12-25T06:31:50.440-0300] {processor.py:830} INFO - Processing file /home/felipe/.local/lib/python3.10/site-packages/airflow/example_dags/example_dynamic_task_mapping_with_no_taskflow_operators.py for tasks to queue
[2023-12-25T06:31:50.443-0300] {logging_mixin.py:188} INFO - [2023-12-25T06:31:50.442-0300] {dagbag.py:538} INFO - Filling up the DagBag from /home/felipe/.local/lib/python3.10/site-packages/airflow/example_dags/example_dynamic_task_mapping_with_no_taskflow_operators.py
[2023-12-25T06:31:50.458-0300] {processor.py:840} INFO - DAG(s) 'example_dynamic_task_mapping_with_no_taskflow_operators' retrieved from /home/felipe/.local/lib/python3.10/site-packages/airflow/example_dags/example_dynamic_task_mapping_with_no_taskflow_operators.py
[2023-12-25T06:31:50.488-0300] {logging_mixin.py:188} INFO - [2023-12-25T06:31:50.487-0300] {dag.py:3033} INFO - Sync 1 DAGs
[2023-12-25T06:31:50.540-0300] {logging_mixin.py:188} INFO - [2023-12-25T06:31:50.540-0300] {dag.py:3820} INFO - Setting next_dagrun for example_dynamic_task_mapping_with_no_taskflow_operators to 2023-12-24T00:00:00+00:00, run_after=2023-12-25T00:00:00+00:00
[2023-12-25T06:31:50.598-0300] {processor.py:183} INFO - Processing /home/felipe/.local/lib/python3.10/site-packages/airflow/example_dags/example_dynamic_task_mapping_with_no_taskflow_operators.py took 0.165 seconds
[2023-12-25T06:32:44.462-0300] {processor.py:161} INFO - Started process (PID=13051) to work on /home/felipe/.local/lib/python3.10/site-packages/airflow/example_dags/example_dynamic_task_mapping_with_no_taskflow_operators.py
[2023-12-25T06:32:44.464-0300] {processor.py:830} INFO - Processing file /home/felipe/.local/lib/python3.10/site-packages/airflow/example_dags/example_dynamic_task_mapping_with_no_taskflow_operators.py for tasks to queue
[2023-12-25T06:32:44.466-0300] {logging_mixin.py:188} INFO - [2023-12-25T06:32:44.466-0300] {dagbag.py:538} INFO - Filling up the DagBag from /home/felipe/.local/lib/python3.10/site-packages/airflow/example_dags/example_dynamic_task_mapping_with_no_taskflow_operators.py
[2023-12-25T06:32:44.477-0300] {processor.py:840} INFO - DAG(s) 'example_dynamic_task_mapping_with_no_taskflow_operators' retrieved from /home/felipe/.local/lib/python3.10/site-packages/airflow/example_dags/example_dynamic_task_mapping_with_no_taskflow_operators.py
[2023-12-25T06:32:44.503-0300] {logging_mixin.py:188} INFO - [2023-12-25T06:32:44.502-0300] {dag.py:3033} INFO - Sync 1 DAGs
[2023-12-25T06:32:44.539-0300] {logging_mixin.py:188} INFO - [2023-12-25T06:32:44.539-0300] {dag.py:3820} INFO - Setting next_dagrun for example_dynamic_task_mapping_with_no_taskflow_operators to 2023-12-24T00:00:00+00:00, run_after=2023-12-25T00:00:00+00:00
[2023-12-25T06:32:44.595-0300] {processor.py:183} INFO - Processing /home/felipe/.local/lib/python3.10/site-packages/airflow/example_dags/example_dynamic_task_mapping_with_no_taskflow_operators.py took 0.138 seconds
[2023-12-25T06:33:33.804-0300] {processor.py:161} INFO - Started process (PID=13095) to work on /home/felipe/.local/lib/python3.10/site-packages/airflow/example_dags/example_dynamic_task_mapping_with_no_taskflow_operators.py
[2023-12-25T06:33:33.807-0300] {processor.py:830} INFO - Processing file /home/felipe/.local/lib/python3.10/site-packages/airflow/example_dags/example_dynamic_task_mapping_with_no_taskflow_operators.py for tasks to queue
[2023-12-25T06:33:33.809-0300] {logging_mixin.py:188} INFO - [2023-12-25T06:33:33.808-0300] {dagbag.py:538} INFO - Filling up the DagBag from /home/felipe/.local/lib/python3.10/site-packages/airflow/example_dags/example_dynamic_task_mapping_with_no_taskflow_operators.py
[2023-12-25T06:33:33.820-0300] {processor.py:840} INFO - DAG(s) 'example_dynamic_task_mapping_with_no_taskflow_operators' retrieved from /home/felipe/.local/lib/python3.10/site-packages/airflow/example_dags/example_dynamic_task_mapping_with_no_taskflow_operators.py
[2023-12-25T06:33:33.845-0300] {logging_mixin.py:188} INFO - [2023-12-25T06:33:33.845-0300] {dag.py:3033} INFO - Sync 1 DAGs
[2023-12-25T06:33:33.882-0300] {logging_mixin.py:188} INFO - [2023-12-25T06:33:33.882-0300] {dag.py:3820} INFO - Setting next_dagrun for example_dynamic_task_mapping_with_no_taskflow_operators to 2023-12-24T00:00:00+00:00, run_after=2023-12-25T00:00:00+00:00
[2023-12-25T06:33:33.939-0300] {processor.py:183} INFO - Processing /home/felipe/.local/lib/python3.10/site-packages/airflow/example_dags/example_dynamic_task_mapping_with_no_taskflow_operators.py took 0.138 seconds
[2023-12-25T06:34:27.094-0300] {processor.py:161} INFO - Started process (PID=13143) to work on /home/felipe/.local/lib/python3.10/site-packages/airflow/example_dags/example_dynamic_task_mapping_with_no_taskflow_operators.py
[2023-12-25T06:34:27.096-0300] {processor.py:830} INFO - Processing file /home/felipe/.local/lib/python3.10/site-packages/airflow/example_dags/example_dynamic_task_mapping_with_no_taskflow_operators.py for tasks to queue
[2023-12-25T06:34:27.098-0300] {logging_mixin.py:188} INFO - [2023-12-25T06:34:27.098-0300] {dagbag.py:538} INFO - Filling up the DagBag from /home/felipe/.local/lib/python3.10/site-packages/airflow/example_dags/example_dynamic_task_mapping_with_no_taskflow_operators.py
[2023-12-25T06:34:27.110-0300] {processor.py:840} INFO - DAG(s) 'example_dynamic_task_mapping_with_no_taskflow_operators' retrieved from /home/felipe/.local/lib/python3.10/site-packages/airflow/example_dags/example_dynamic_task_mapping_with_no_taskflow_operators.py
[2023-12-25T06:34:27.135-0300] {logging_mixin.py:188} INFO - [2023-12-25T06:34:27.134-0300] {dag.py:3033} INFO - Sync 1 DAGs
[2023-12-25T06:34:27.171-0300] {logging_mixin.py:188} INFO - [2023-12-25T06:34:27.171-0300] {dag.py:3820} INFO - Setting next_dagrun for example_dynamic_task_mapping_with_no_taskflow_operators to 2023-12-24T00:00:00+00:00, run_after=2023-12-25T00:00:00+00:00
[2023-12-25T06:34:27.228-0300] {processor.py:183} INFO - Processing /home/felipe/.local/lib/python3.10/site-packages/airflow/example_dags/example_dynamic_task_mapping_with_no_taskflow_operators.py took 0.138 seconds
[2023-12-25T06:35:19.655-0300] {processor.py:161} INFO - Started process (PID=13225) to work on /home/felipe/.local/lib/python3.10/site-packages/airflow/example_dags/example_dynamic_task_mapping_with_no_taskflow_operators.py
[2023-12-25T06:35:19.657-0300] {processor.py:830} INFO - Processing file /home/felipe/.local/lib/python3.10/site-packages/airflow/example_dags/example_dynamic_task_mapping_with_no_taskflow_operators.py for tasks to queue
[2023-12-25T06:35:19.659-0300] {logging_mixin.py:188} INFO - [2023-12-25T06:35:19.659-0300] {dagbag.py:538} INFO - Filling up the DagBag from /home/felipe/.local/lib/python3.10/site-packages/airflow/example_dags/example_dynamic_task_mapping_with_no_taskflow_operators.py
[2023-12-25T06:35:19.672-0300] {processor.py:840} INFO - DAG(s) 'example_dynamic_task_mapping_with_no_taskflow_operators' retrieved from /home/felipe/.local/lib/python3.10/site-packages/airflow/example_dags/example_dynamic_task_mapping_with_no_taskflow_operators.py
[2023-12-25T06:35:19.698-0300] {logging_mixin.py:188} INFO - [2023-12-25T06:35:19.697-0300] {dag.py:3033} INFO - Sync 1 DAGs
[2023-12-25T06:35:19.742-0300] {logging_mixin.py:188} INFO - [2023-12-25T06:35:19.742-0300] {dag.py:3820} INFO - Setting next_dagrun for example_dynamic_task_mapping_with_no_taskflow_operators to 2023-12-24T00:00:00+00:00, run_after=2023-12-25T00:00:00+00:00
[2023-12-25T06:35:19.792-0300] {processor.py:183} INFO - Processing /home/felipe/.local/lib/python3.10/site-packages/airflow/example_dags/example_dynamic_task_mapping_with_no_taskflow_operators.py took 0.143 seconds
[2023-12-25T06:36:14.566-0300] {processor.py:161} INFO - Started process (PID=13276) to work on /home/felipe/.local/lib/python3.10/site-packages/airflow/example_dags/example_dynamic_task_mapping_with_no_taskflow_operators.py
[2023-12-25T06:36:14.569-0300] {processor.py:830} INFO - Processing file /home/felipe/.local/lib/python3.10/site-packages/airflow/example_dags/example_dynamic_task_mapping_with_no_taskflow_operators.py for tasks to queue
[2023-12-25T06:36:14.572-0300] {logging_mixin.py:188} INFO - [2023-12-25T06:36:14.571-0300] {dagbag.py:538} INFO - Filling up the DagBag from /home/felipe/.local/lib/python3.10/site-packages/airflow/example_dags/example_dynamic_task_mapping_with_no_taskflow_operators.py
[2023-12-25T06:36:14.586-0300] {processor.py:840} INFO - DAG(s) 'example_dynamic_task_mapping_with_no_taskflow_operators' retrieved from /home/felipe/.local/lib/python3.10/site-packages/airflow/example_dags/example_dynamic_task_mapping_with_no_taskflow_operators.py
[2023-12-25T06:36:14.632-0300] {logging_mixin.py:188} INFO - [2023-12-25T06:36:14.631-0300] {dag.py:3033} INFO - Sync 1 DAGs
[2023-12-25T06:36:14.682-0300] {logging_mixin.py:188} INFO - [2023-12-25T06:36:14.681-0300] {dag.py:3820} INFO - Setting next_dagrun for example_dynamic_task_mapping_with_no_taskflow_operators to 2023-12-24T00:00:00+00:00, run_after=2023-12-25T00:00:00+00:00
[2023-12-25T06:36:14.745-0300] {processor.py:183} INFO - Processing /home/felipe/.local/lib/python3.10/site-packages/airflow/example_dags/example_dynamic_task_mapping_with_no_taskflow_operators.py took 0.196 seconds
[2023-12-25T06:37:13.563-0300] {processor.py:161} INFO - Started process (PID=13328) to work on /home/felipe/.local/lib/python3.10/site-packages/airflow/example_dags/example_dynamic_task_mapping_with_no_taskflow_operators.py
[2023-12-25T06:37:13.566-0300] {processor.py:830} INFO - Processing file /home/felipe/.local/lib/python3.10/site-packages/airflow/example_dags/example_dynamic_task_mapping_with_no_taskflow_operators.py for tasks to queue
[2023-12-25T06:37:13.568-0300] {logging_mixin.py:188} INFO - [2023-12-25T06:37:13.567-0300] {dagbag.py:538} INFO - Filling up the DagBag from /home/felipe/.local/lib/python3.10/site-packages/airflow/example_dags/example_dynamic_task_mapping_with_no_taskflow_operators.py
[2023-12-25T06:37:13.580-0300] {processor.py:840} INFO - DAG(s) 'example_dynamic_task_mapping_with_no_taskflow_operators' retrieved from /home/felipe/.local/lib/python3.10/site-packages/airflow/example_dags/example_dynamic_task_mapping_with_no_taskflow_operators.py
[2023-12-25T06:37:13.607-0300] {logging_mixin.py:188} INFO - [2023-12-25T06:37:13.607-0300] {dag.py:3033} INFO - Sync 1 DAGs
[2023-12-25T06:37:13.660-0300] {logging_mixin.py:188} INFO - [2023-12-25T06:37:13.659-0300] {dag.py:3820} INFO - Setting next_dagrun for example_dynamic_task_mapping_with_no_taskflow_operators to 2023-12-24T00:00:00+00:00, run_after=2023-12-25T00:00:00+00:00
[2023-12-25T06:37:13.714-0300] {processor.py:183} INFO - Processing /home/felipe/.local/lib/python3.10/site-packages/airflow/example_dags/example_dynamic_task_mapping_with_no_taskflow_operators.py took 0.157 seconds
[2023-12-25T06:38:15.849-0300] {processor.py:161} INFO - Started process (PID=13381) to work on /home/felipe/.local/lib/python3.10/site-packages/airflow/example_dags/example_dynamic_task_mapping_with_no_taskflow_operators.py
[2023-12-25T06:38:15.852-0300] {processor.py:830} INFO - Processing file /home/felipe/.local/lib/python3.10/site-packages/airflow/example_dags/example_dynamic_task_mapping_with_no_taskflow_operators.py for tasks to queue
[2023-12-25T06:38:15.853-0300] {logging_mixin.py:188} INFO - [2023-12-25T06:38:15.853-0300] {dagbag.py:538} INFO - Filling up the DagBag from /home/felipe/.local/lib/python3.10/site-packages/airflow/example_dags/example_dynamic_task_mapping_with_no_taskflow_operators.py
[2023-12-25T06:38:15.865-0300] {processor.py:840} INFO - DAG(s) 'example_dynamic_task_mapping_with_no_taskflow_operators' retrieved from /home/felipe/.local/lib/python3.10/site-packages/airflow/example_dags/example_dynamic_task_mapping_with_no_taskflow_operators.py
[2023-12-25T06:38:15.895-0300] {logging_mixin.py:188} INFO - [2023-12-25T06:38:15.894-0300] {dag.py:3033} INFO - Sync 1 DAGs
[2023-12-25T06:38:15.941-0300] {logging_mixin.py:188} INFO - [2023-12-25T06:38:15.940-0300] {dag.py:3820} INFO - Setting next_dagrun for example_dynamic_task_mapping_with_no_taskflow_operators to 2023-12-24T00:00:00+00:00, run_after=2023-12-25T00:00:00+00:00
[2023-12-25T06:38:15.993-0300] {processor.py:183} INFO - Processing /home/felipe/.local/lib/python3.10/site-packages/airflow/example_dags/example_dynamic_task_mapping_with_no_taskflow_operators.py took 0.149 seconds
