[2023-12-25T06:22:21.494-0300] {processor.py:161} INFO - Started process (PID=12346) to work on /home/felipe/.local/lib/python3.10/site-packages/airflow/example_dags/example_params_trigger_ui.py
[2023-12-25T06:22:21.496-0300] {processor.py:830} INFO - Processing file /home/felipe/.local/lib/python3.10/site-packages/airflow/example_dags/example_params_trigger_ui.py for tasks to queue
[2023-12-25T06:22:21.498-0300] {logging_mixin.py:188} INFO - [2023-12-25T06:22:21.497-0300] {dagbag.py:538} INFO - Filling up the DagBag from /home/felipe/.local/lib/python3.10/site-packages/airflow/example_dags/example_params_trigger_ui.py
[2023-12-25T06:22:21.545-0300] {processor.py:840} INFO - DAG(s) 'example_params_trigger_ui' retrieved from /home/felipe/.local/lib/python3.10/site-packages/airflow/example_dags/example_params_trigger_ui.py
[2023-12-25T06:22:21.767-0300] {logging_mixin.py:188} INFO - [2023-12-25T06:22:21.766-0300] {dag.py:3033} INFO - Sync 1 DAGs
[2023-12-25T06:22:21.801-0300] {logging_mixin.py:188} INFO - [2023-12-25T06:22:21.800-0300] {dag.py:3820} INFO - Setting next_dagrun for example_params_trigger_ui to None, run_after=None
[2023-12-25T06:22:21.869-0300] {processor.py:183} INFO - Processing /home/felipe/.local/lib/python3.10/site-packages/airflow/example_dags/example_params_trigger_ui.py took 0.381 seconds
[2023-12-25T06:23:45.067-0300] {processor.py:161} INFO - Started process (PID=12478) to work on /home/felipe/.local/lib/python3.10/site-packages/airflow/example_dags/example_params_trigger_ui.py
[2023-12-25T06:23:45.070-0300] {processor.py:830} INFO - Processing file /home/felipe/.local/lib/python3.10/site-packages/airflow/example_dags/example_params_trigger_ui.py for tasks to queue
[2023-12-25T06:23:45.072-0300] {logging_mixin.py:188} INFO - [2023-12-25T06:23:45.071-0300] {dagbag.py:538} INFO - Filling up the DagBag from /home/felipe/.local/lib/python3.10/site-packages/airflow/example_dags/example_params_trigger_ui.py
[2023-12-25T06:23:45.099-0300] {processor.py:840} INFO - DAG(s) 'example_params_trigger_ui' retrieved from /home/felipe/.local/lib/python3.10/site-packages/airflow/example_dags/example_params_trigger_ui.py
[2023-12-25T06:23:45.193-0300] {logging_mixin.py:188} INFO - [2023-12-25T06:23:45.193-0300] {dag.py:3033} INFO - Sync 1 DAGs
[2023-12-25T06:23:45.222-0300] {logging_mixin.py:188} INFO - [2023-12-25T06:23:45.221-0300] {dag.py:3820} INFO - Setting next_dagrun for example_params_trigger_ui to None, run_after=None
[2023-12-25T06:23:45.349-0300] {processor.py:183} INFO - Processing /home/felipe/.local/lib/python3.10/site-packages/airflow/example_dags/example_params_trigger_ui.py took 0.287 seconds
[2023-12-25T06:25:07.278-0300] {processor.py:161} INFO - Started process (PID=12590) to work on /home/felipe/.local/lib/python3.10/site-packages/airflow/example_dags/example_params_trigger_ui.py
[2023-12-25T06:25:07.281-0300] {processor.py:830} INFO - Processing file /home/felipe/.local/lib/python3.10/site-packages/airflow/example_dags/example_params_trigger_ui.py for tasks to queue
[2023-12-25T06:25:07.282-0300] {logging_mixin.py:188} INFO - [2023-12-25T06:25:07.282-0300] {dagbag.py:538} INFO - Filling up the DagBag from /home/felipe/.local/lib/python3.10/site-packages/airflow/example_dags/example_params_trigger_ui.py
[2023-12-25T06:25:07.305-0300] {processor.py:840} INFO - DAG(s) 'example_params_trigger_ui' retrieved from /home/felipe/.local/lib/python3.10/site-packages/airflow/example_dags/example_params_trigger_ui.py
[2023-12-25T06:25:07.392-0300] {logging_mixin.py:188} INFO - [2023-12-25T06:25:07.391-0300] {dag.py:3033} INFO - Sync 1 DAGs
[2023-12-25T06:25:07.412-0300] {logging_mixin.py:188} INFO - [2023-12-25T06:25:07.412-0300] {dag.py:3820} INFO - Setting next_dagrun for example_params_trigger_ui to None, run_after=None
[2023-12-25T06:25:07.462-0300] {processor.py:183} INFO - Processing /home/felipe/.local/lib/python3.10/site-packages/airflow/example_dags/example_params_trigger_ui.py took 0.188 seconds
[2023-12-25T06:26:21.117-0300] {processor.py:161} INFO - Started process (PID=12665) to work on /home/felipe/.local/lib/python3.10/site-packages/airflow/example_dags/example_params_trigger_ui.py
[2023-12-25T06:26:21.120-0300] {processor.py:830} INFO - Processing file /home/felipe/.local/lib/python3.10/site-packages/airflow/example_dags/example_params_trigger_ui.py for tasks to queue
[2023-12-25T06:26:21.121-0300] {logging_mixin.py:188} INFO - [2023-12-25T06:26:21.121-0300] {dagbag.py:538} INFO - Filling up the DagBag from /home/felipe/.local/lib/python3.10/site-packages/airflow/example_dags/example_params_trigger_ui.py
[2023-12-25T06:26:21.144-0300] {processor.py:840} INFO - DAG(s) 'example_params_trigger_ui' retrieved from /home/felipe/.local/lib/python3.10/site-packages/airflow/example_dags/example_params_trigger_ui.py
[2023-12-25T06:26:21.226-0300] {logging_mixin.py:188} INFO - [2023-12-25T06:26:21.225-0300] {dag.py:3033} INFO - Sync 1 DAGs
[2023-12-25T06:26:21.246-0300] {logging_mixin.py:188} INFO - [2023-12-25T06:26:21.245-0300] {dag.py:3820} INFO - Setting next_dagrun for example_params_trigger_ui to None, run_after=None
[2023-12-25T06:26:21.291-0300] {processor.py:183} INFO - Processing /home/felipe/.local/lib/python3.10/site-packages/airflow/example_dags/example_params_trigger_ui.py took 0.178 seconds
[2023-12-25T06:27:34.760-0300] {processor.py:161} INFO - Started process (PID=12733) to work on /home/felipe/.local/lib/python3.10/site-packages/airflow/example_dags/example_params_trigger_ui.py
[2023-12-25T06:27:34.762-0300] {processor.py:830} INFO - Processing file /home/felipe/.local/lib/python3.10/site-packages/airflow/example_dags/example_params_trigger_ui.py for tasks to queue
[2023-12-25T06:27:34.764-0300] {logging_mixin.py:188} INFO - [2023-12-25T06:27:34.763-0300] {dagbag.py:538} INFO - Filling up the DagBag from /home/felipe/.local/lib/python3.10/site-packages/airflow/example_dags/example_params_trigger_ui.py
[2023-12-25T06:27:34.787-0300] {processor.py:840} INFO - DAG(s) 'example_params_trigger_ui' retrieved from /home/felipe/.local/lib/python3.10/site-packages/airflow/example_dags/example_params_trigger_ui.py
[2023-12-25T06:27:34.876-0300] {logging_mixin.py:188} INFO - [2023-12-25T06:27:34.876-0300] {dag.py:3033} INFO - Sync 1 DAGs
[2023-12-25T06:27:34.896-0300] {logging_mixin.py:188} INFO - [2023-12-25T06:27:34.896-0300] {dag.py:3820} INFO - Setting next_dagrun for example_params_trigger_ui to None, run_after=None
[2023-12-25T06:27:34.945-0300] {processor.py:183} INFO - Processing /home/felipe/.local/lib/python3.10/site-packages/airflow/example_dags/example_params_trigger_ui.py took 0.189 seconds
[2023-12-25T06:28:53.064-0300] {processor.py:161} INFO - Started process (PID=12806) to work on /home/felipe/.local/lib/python3.10/site-packages/airflow/example_dags/example_params_trigger_ui.py
[2023-12-25T06:28:53.066-0300] {processor.py:830} INFO - Processing file /home/felipe/.local/lib/python3.10/site-packages/airflow/example_dags/example_params_trigger_ui.py for tasks to queue
[2023-12-25T06:28:53.068-0300] {logging_mixin.py:188} INFO - [2023-12-25T06:28:53.067-0300] {dagbag.py:538} INFO - Filling up the DagBag from /home/felipe/.local/lib/python3.10/site-packages/airflow/example_dags/example_params_trigger_ui.py
[2023-12-25T06:28:53.095-0300] {processor.py:840} INFO - DAG(s) 'example_params_trigger_ui' retrieved from /home/felipe/.local/lib/python3.10/site-packages/airflow/example_dags/example_params_trigger_ui.py
[2023-12-25T06:28:53.288-0300] {logging_mixin.py:188} INFO - [2023-12-25T06:28:53.287-0300] {dag.py:3033} INFO - Sync 1 DAGs
[2023-12-25T06:28:53.315-0300] {logging_mixin.py:188} INFO - [2023-12-25T06:28:53.314-0300] {dag.py:3820} INFO - Setting next_dagrun for example_params_trigger_ui to None, run_after=None
[2023-12-25T06:28:53.365-0300] {processor.py:183} INFO - Processing /home/felipe/.local/lib/python3.10/site-packages/airflow/example_dags/example_params_trigger_ui.py took 0.306 seconds
[2023-12-25T06:30:09.809-0300] {processor.py:161} INFO - Started process (PID=12906) to work on /home/felipe/.local/lib/python3.10/site-packages/airflow/example_dags/example_params_trigger_ui.py
[2023-12-25T06:30:09.811-0300] {processor.py:830} INFO - Processing file /home/felipe/.local/lib/python3.10/site-packages/airflow/example_dags/example_params_trigger_ui.py for tasks to queue
[2023-12-25T06:30:09.814-0300] {logging_mixin.py:188} INFO - [2023-12-25T06:30:09.814-0300] {dagbag.py:538} INFO - Filling up the DagBag from /home/felipe/.local/lib/python3.10/site-packages/airflow/example_dags/example_params_trigger_ui.py
[2023-12-25T06:30:09.844-0300] {processor.py:840} INFO - DAG(s) 'example_params_trigger_ui' retrieved from /home/felipe/.local/lib/python3.10/site-packages/airflow/example_dags/example_params_trigger_ui.py
[2023-12-25T06:30:09.939-0300] {logging_mixin.py:188} INFO - [2023-12-25T06:30:09.939-0300] {dag.py:3033} INFO - Sync 1 DAGs
[2023-12-25T06:30:09.960-0300] {logging_mixin.py:188} INFO - [2023-12-25T06:30:09.960-0300] {dag.py:3820} INFO - Setting next_dagrun for example_params_trigger_ui to None, run_after=None
[2023-12-25T06:30:10.008-0300] {processor.py:183} INFO - Processing /home/felipe/.local/lib/python3.10/site-packages/airflow/example_dags/example_params_trigger_ui.py took 0.204 seconds
[2023-12-25T06:31:27.672-0300] {processor.py:161} INFO - Started process (PID=12981) to work on /home/felipe/.local/lib/python3.10/site-packages/airflow/example_dags/example_params_trigger_ui.py
[2023-12-25T06:31:27.675-0300] {processor.py:830} INFO - Processing file /home/felipe/.local/lib/python3.10/site-packages/airflow/example_dags/example_params_trigger_ui.py for tasks to queue
[2023-12-25T06:31:27.679-0300] {logging_mixin.py:188} INFO - [2023-12-25T06:31:27.677-0300] {dagbag.py:538} INFO - Filling up the DagBag from /home/felipe/.local/lib/python3.10/site-packages/airflow/example_dags/example_params_trigger_ui.py
[2023-12-25T06:31:27.718-0300] {processor.py:840} INFO - DAG(s) 'example_params_trigger_ui' retrieved from /home/felipe/.local/lib/python3.10/site-packages/airflow/example_dags/example_params_trigger_ui.py
[2023-12-25T06:31:27.822-0300] {logging_mixin.py:188} INFO - [2023-12-25T06:31:27.822-0300] {dag.py:3033} INFO - Sync 1 DAGs
[2023-12-25T06:31:27.849-0300] {logging_mixin.py:188} INFO - [2023-12-25T06:31:27.848-0300] {dag.py:3820} INFO - Setting next_dagrun for example_params_trigger_ui to None, run_after=None
[2023-12-25T06:31:27.915-0300] {processor.py:183} INFO - Processing /home/felipe/.local/lib/python3.10/site-packages/airflow/example_dags/example_params_trigger_ui.py took 0.251 seconds
[2023-12-25T06:32:24.004-0300] {processor.py:161} INFO - Started process (PID=13032) to work on /home/felipe/.local/lib/python3.10/site-packages/airflow/example_dags/example_params_trigger_ui.py
[2023-12-25T06:32:24.007-0300] {processor.py:830} INFO - Processing file /home/felipe/.local/lib/python3.10/site-packages/airflow/example_dags/example_params_trigger_ui.py for tasks to queue
[2023-12-25T06:32:24.009-0300] {logging_mixin.py:188} INFO - [2023-12-25T06:32:24.008-0300] {dagbag.py:538} INFO - Filling up the DagBag from /home/felipe/.local/lib/python3.10/site-packages/airflow/example_dags/example_params_trigger_ui.py
[2023-12-25T06:32:24.032-0300] {processor.py:840} INFO - DAG(s) 'example_params_trigger_ui' retrieved from /home/felipe/.local/lib/python3.10/site-packages/airflow/example_dags/example_params_trigger_ui.py
[2023-12-25T06:32:24.125-0300] {logging_mixin.py:188} INFO - [2023-12-25T06:32:24.125-0300] {dag.py:3033} INFO - Sync 1 DAGs
[2023-12-25T06:32:24.151-0300] {logging_mixin.py:188} INFO - [2023-12-25T06:32:24.151-0300] {dag.py:3820} INFO - Setting next_dagrun for example_params_trigger_ui to None, run_after=None
[2023-12-25T06:32:24.206-0300] {processor.py:183} INFO - Processing /home/felipe/.local/lib/python3.10/site-packages/airflow/example_dags/example_params_trigger_ui.py took 0.207 seconds
[2023-12-25T06:33:37.624-0300] {processor.py:161} INFO - Started process (PID=13098) to work on /home/felipe/.local/lib/python3.10/site-packages/airflow/example_dags/example_params_trigger_ui.py
[2023-12-25T06:33:37.627-0300] {processor.py:830} INFO - Processing file /home/felipe/.local/lib/python3.10/site-packages/airflow/example_dags/example_params_trigger_ui.py for tasks to queue
[2023-12-25T06:33:37.629-0300] {logging_mixin.py:188} INFO - [2023-12-25T06:33:37.628-0300] {dagbag.py:538} INFO - Filling up the DagBag from /home/felipe/.local/lib/python3.10/site-packages/airflow/example_dags/example_params_trigger_ui.py
[2023-12-25T06:33:37.654-0300] {processor.py:840} INFO - DAG(s) 'example_params_trigger_ui' retrieved from /home/felipe/.local/lib/python3.10/site-packages/airflow/example_dags/example_params_trigger_ui.py
[2023-12-25T06:33:37.754-0300] {logging_mixin.py:188} INFO - [2023-12-25T06:33:37.753-0300] {dag.py:3033} INFO - Sync 1 DAGs
[2023-12-25T06:33:37.776-0300] {logging_mixin.py:188} INFO - [2023-12-25T06:33:37.776-0300] {dag.py:3820} INFO - Setting next_dagrun for example_params_trigger_ui to None, run_after=None
[2023-12-25T06:33:37.830-0300] {processor.py:183} INFO - Processing /home/felipe/.local/lib/python3.10/site-packages/airflow/example_dags/example_params_trigger_ui.py took 0.210 seconds
[2023-12-25T06:34:56.375-0300] {processor.py:161} INFO - Started process (PID=13176) to work on /home/felipe/.local/lib/python3.10/site-packages/airflow/example_dags/example_params_trigger_ui.py
[2023-12-25T06:34:56.378-0300] {processor.py:830} INFO - Processing file /home/felipe/.local/lib/python3.10/site-packages/airflow/example_dags/example_params_trigger_ui.py for tasks to queue
[2023-12-25T06:34:56.380-0300] {logging_mixin.py:188} INFO - [2023-12-25T06:34:56.379-0300] {dagbag.py:538} INFO - Filling up the DagBag from /home/felipe/.local/lib/python3.10/site-packages/airflow/example_dags/example_params_trigger_ui.py
[2023-12-25T06:34:56.403-0300] {processor.py:840} INFO - DAG(s) 'example_params_trigger_ui' retrieved from /home/felipe/.local/lib/python3.10/site-packages/airflow/example_dags/example_params_trigger_ui.py
[2023-12-25T06:34:56.496-0300] {logging_mixin.py:188} INFO - [2023-12-25T06:34:56.495-0300] {dag.py:3033} INFO - Sync 1 DAGs
[2023-12-25T06:34:56.518-0300] {logging_mixin.py:188} INFO - [2023-12-25T06:34:56.517-0300] {dag.py:3820} INFO - Setting next_dagrun for example_params_trigger_ui to None, run_after=None
[2023-12-25T06:34:56.575-0300] {processor.py:183} INFO - Processing /home/felipe/.local/lib/python3.10/site-packages/airflow/example_dags/example_params_trigger_ui.py took 0.204 seconds
[2023-12-25T06:36:21.222-0300] {processor.py:161} INFO - Started process (PID=13281) to work on /home/felipe/.local/lib/python3.10/site-packages/airflow/example_dags/example_params_trigger_ui.py
[2023-12-25T06:36:21.225-0300] {processor.py:830} INFO - Processing file /home/felipe/.local/lib/python3.10/site-packages/airflow/example_dags/example_params_trigger_ui.py for tasks to queue
[2023-12-25T06:36:21.227-0300] {logging_mixin.py:188} INFO - [2023-12-25T06:36:21.226-0300] {dagbag.py:538} INFO - Filling up the DagBag from /home/felipe/.local/lib/python3.10/site-packages/airflow/example_dags/example_params_trigger_ui.py
[2023-12-25T06:36:21.252-0300] {processor.py:840} INFO - DAG(s) 'example_params_trigger_ui' retrieved from /home/felipe/.local/lib/python3.10/site-packages/airflow/example_dags/example_params_trigger_ui.py
[2023-12-25T06:36:21.438-0300] {logging_mixin.py:188} INFO - [2023-12-25T06:36:21.437-0300] {dag.py:3033} INFO - Sync 1 DAGs
[2023-12-25T06:36:21.460-0300] {logging_mixin.py:188} INFO - [2023-12-25T06:36:21.459-0300] {dag.py:3820} INFO - Setting next_dagrun for example_params_trigger_ui to None, run_after=None
[2023-12-25T06:36:21.506-0300] {processor.py:183} INFO - Processing /home/felipe/.local/lib/python3.10/site-packages/airflow/example_dags/example_params_trigger_ui.py took 0.289 seconds
[2023-12-25T06:37:19.301-0300] {processor.py:161} INFO - Started process (PID=13333) to work on /home/felipe/.local/lib/python3.10/site-packages/airflow/example_dags/example_params_trigger_ui.py
[2023-12-25T06:37:19.304-0300] {processor.py:830} INFO - Processing file /home/felipe/.local/lib/python3.10/site-packages/airflow/example_dags/example_params_trigger_ui.py for tasks to queue
[2023-12-25T06:37:19.306-0300] {logging_mixin.py:188} INFO - [2023-12-25T06:37:19.305-0300] {dagbag.py:538} INFO - Filling up the DagBag from /home/felipe/.local/lib/python3.10/site-packages/airflow/example_dags/example_params_trigger_ui.py
[2023-12-25T06:37:19.337-0300] {processor.py:840} INFO - DAG(s) 'example_params_trigger_ui' retrieved from /home/felipe/.local/lib/python3.10/site-packages/airflow/example_dags/example_params_trigger_ui.py
[2023-12-25T06:37:19.474-0300] {logging_mixin.py:188} INFO - [2023-12-25T06:37:19.473-0300] {dag.py:3033} INFO - Sync 1 DAGs
[2023-12-25T06:37:19.497-0300] {logging_mixin.py:188} INFO - [2023-12-25T06:37:19.496-0300] {dag.py:3820} INFO - Setting next_dagrun for example_params_trigger_ui to None, run_after=None
[2023-12-25T06:37:19.545-0300] {processor.py:183} INFO - Processing /home/felipe/.local/lib/python3.10/site-packages/airflow/example_dags/example_params_trigger_ui.py took 0.251 seconds
[2023-12-25T06:38:21.297-0300] {processor.py:161} INFO - Started process (PID=13386) to work on /home/felipe/.local/lib/python3.10/site-packages/airflow/example_dags/example_params_trigger_ui.py
[2023-12-25T06:38:21.300-0300] {processor.py:830} INFO - Processing file /home/felipe/.local/lib/python3.10/site-packages/airflow/example_dags/example_params_trigger_ui.py for tasks to queue
[2023-12-25T06:38:21.301-0300] {logging_mixin.py:188} INFO - [2023-12-25T06:38:21.301-0300] {dagbag.py:538} INFO - Filling up the DagBag from /home/felipe/.local/lib/python3.10/site-packages/airflow/example_dags/example_params_trigger_ui.py
[2023-12-25T06:38:21.324-0300] {processor.py:840} INFO - DAG(s) 'example_params_trigger_ui' retrieved from /home/felipe/.local/lib/python3.10/site-packages/airflow/example_dags/example_params_trigger_ui.py
[2023-12-25T06:38:21.409-0300] {logging_mixin.py:188} INFO - [2023-12-25T06:38:21.408-0300] {dag.py:3033} INFO - Sync 1 DAGs
[2023-12-25T06:38:21.430-0300] {logging_mixin.py:188} INFO - [2023-12-25T06:38:21.430-0300] {dag.py:3820} INFO - Setting next_dagrun for example_params_trigger_ui to None, run_after=None
[2023-12-25T06:38:21.479-0300] {processor.py:183} INFO - Processing /home/felipe/.local/lib/python3.10/site-packages/airflow/example_dags/example_params_trigger_ui.py took 0.186 seconds
