[2023-12-25T06:22:43.299-0300] {processor.py:161} INFO - Started process (PID=12421) to work on /home/felipe/.local/lib/python3.10/site-packages/airflow/example_dags/example_sensors.py
[2023-12-25T06:22:43.301-0300] {processor.py:830} INFO - Processing file /home/felipe/.local/lib/python3.10/site-packages/airflow/example_dags/example_sensors.py for tasks to queue
[2023-12-25T06:22:43.303-0300] {logging_mixin.py:188} INFO - [2023-12-25T06:22:43.302-0300] {dagbag.py:538} INFO - Filling up the DagBag from /home/felipe/.local/lib/python3.10/site-packages/airflow/example_dags/example_sensors.py
[2023-12-25T06:22:43.332-0300] {processor.py:840} INFO - DAG(s) 'example_sensors' retrieved from /home/felipe/.local/lib/python3.10/site-packages/airflow/example_dags/example_sensors.py
[2023-12-25T06:22:43.388-0300] {logging_mixin.py:188} INFO - [2023-12-25T06:22:43.388-0300] {dag.py:3033} INFO - Sync 1 DAGs
[2023-12-25T06:22:43.419-0300] {logging_mixin.py:188} INFO - [2023-12-25T06:22:43.419-0300] {dag.py:3820} INFO - Setting next_dagrun for example_sensors to None, run_after=None
[2023-12-25T06:22:43.486-0300] {processor.py:183} INFO - Processing /home/felipe/.local/lib/python3.10/site-packages/airflow/example_dags/example_sensors.py took 0.195 seconds
[2023-12-25T06:23:37.805-0300] {processor.py:161} INFO - Started process (PID=12472) to work on /home/felipe/.local/lib/python3.10/site-packages/airflow/example_dags/example_sensors.py
[2023-12-25T06:23:37.808-0300] {processor.py:830} INFO - Processing file /home/felipe/.local/lib/python3.10/site-packages/airflow/example_dags/example_sensors.py for tasks to queue
[2023-12-25T06:23:37.810-0300] {logging_mixin.py:188} INFO - [2023-12-25T06:23:37.810-0300] {dagbag.py:538} INFO - Filling up the DagBag from /home/felipe/.local/lib/python3.10/site-packages/airflow/example_dags/example_sensors.py
[2023-12-25T06:23:37.835-0300] {processor.py:840} INFO - DAG(s) 'example_sensors' retrieved from /home/felipe/.local/lib/python3.10/site-packages/airflow/example_dags/example_sensors.py
[2023-12-25T06:23:37.886-0300] {logging_mixin.py:188} INFO - [2023-12-25T06:23:37.885-0300] {dag.py:3033} INFO - Sync 1 DAGs
[2023-12-25T06:23:37.915-0300] {logging_mixin.py:188} INFO - [2023-12-25T06:23:37.915-0300] {dag.py:3820} INFO - Setting next_dagrun for example_sensors to None, run_after=None
[2023-12-25T06:23:37.978-0300] {processor.py:183} INFO - Processing /home/felipe/.local/lib/python3.10/site-packages/airflow/example_dags/example_sensors.py took 0.180 seconds
[2023-12-25T06:24:35.277-0300] {processor.py:161} INFO - Started process (PID=12523) to work on /home/felipe/.local/lib/python3.10/site-packages/airflow/example_dags/example_sensors.py
[2023-12-25T06:24:35.279-0300] {processor.py:830} INFO - Processing file /home/felipe/.local/lib/python3.10/site-packages/airflow/example_dags/example_sensors.py for tasks to queue
[2023-12-25T06:24:35.281-0300] {logging_mixin.py:188} INFO - [2023-12-25T06:24:35.280-0300] {dagbag.py:538} INFO - Filling up the DagBag from /home/felipe/.local/lib/python3.10/site-packages/airflow/example_dags/example_sensors.py
[2023-12-25T06:24:35.303-0300] {processor.py:840} INFO - DAG(s) 'example_sensors' retrieved from /home/felipe/.local/lib/python3.10/site-packages/airflow/example_dags/example_sensors.py
[2023-12-25T06:24:35.359-0300] {logging_mixin.py:188} INFO - [2023-12-25T06:24:35.359-0300] {dag.py:3033} INFO - Sync 1 DAGs
[2023-12-25T06:24:35.390-0300] {logging_mixin.py:188} INFO - [2023-12-25T06:24:35.389-0300] {dag.py:3820} INFO - Setting next_dagrun for example_sensors to None, run_after=None
[2023-12-25T06:24:35.451-0300] {processor.py:183} INFO - Processing /home/felipe/.local/lib/python3.10/site-packages/airflow/example_dags/example_sensors.py took 0.180 seconds
[2023-12-25T06:25:26.551-0300] {processor.py:161} INFO - Started process (PID=12608) to work on /home/felipe/.local/lib/python3.10/site-packages/airflow/example_dags/example_sensors.py
[2023-12-25T06:25:26.553-0300] {processor.py:830} INFO - Processing file /home/felipe/.local/lib/python3.10/site-packages/airflow/example_dags/example_sensors.py for tasks to queue
[2023-12-25T06:25:26.554-0300] {logging_mixin.py:188} INFO - [2023-12-25T06:25:26.554-0300] {dagbag.py:538} INFO - Filling up the DagBag from /home/felipe/.local/lib/python3.10/site-packages/airflow/example_dags/example_sensors.py
[2023-12-25T06:25:26.570-0300] {processor.py:840} INFO - DAG(s) 'example_sensors' retrieved from /home/felipe/.local/lib/python3.10/site-packages/airflow/example_dags/example_sensors.py
[2023-12-25T06:25:26.609-0300] {logging_mixin.py:188} INFO - [2023-12-25T06:25:26.608-0300] {dag.py:3033} INFO - Sync 1 DAGs
[2023-12-25T06:25:26.630-0300] {logging_mixin.py:188} INFO - [2023-12-25T06:25:26.630-0300] {dag.py:3820} INFO - Setting next_dagrun for example_sensors to None, run_after=None
[2023-12-25T06:25:26.678-0300] {processor.py:183} INFO - Processing /home/felipe/.local/lib/python3.10/site-packages/airflow/example_dags/example_sensors.py took 0.132 seconds
[2023-12-25T06:26:15.839-0300] {processor.py:161} INFO - Started process (PID=12660) to work on /home/felipe/.local/lib/python3.10/site-packages/airflow/example_dags/example_sensors.py
[2023-12-25T06:26:15.842-0300] {processor.py:830} INFO - Processing file /home/felipe/.local/lib/python3.10/site-packages/airflow/example_dags/example_sensors.py for tasks to queue
[2023-12-25T06:26:15.844-0300] {logging_mixin.py:188} INFO - [2023-12-25T06:26:15.843-0300] {dagbag.py:538} INFO - Filling up the DagBag from /home/felipe/.local/lib/python3.10/site-packages/airflow/example_dags/example_sensors.py
[2023-12-25T06:26:15.859-0300] {processor.py:840} INFO - DAG(s) 'example_sensors' retrieved from /home/felipe/.local/lib/python3.10/site-packages/airflow/example_dags/example_sensors.py
[2023-12-25T06:26:15.900-0300] {logging_mixin.py:188} INFO - [2023-12-25T06:26:15.900-0300] {dag.py:3033} INFO - Sync 1 DAGs
[2023-12-25T06:26:15.928-0300] {logging_mixin.py:188} INFO - [2023-12-25T06:26:15.927-0300] {dag.py:3820} INFO - Setting next_dagrun for example_sensors to None, run_after=None
[2023-12-25T06:26:15.979-0300] {processor.py:183} INFO - Processing /home/felipe/.local/lib/python3.10/site-packages/airflow/example_dags/example_sensors.py took 0.144 seconds
[2023-12-25T06:27:05.542-0300] {processor.py:161} INFO - Started process (PID=12705) to work on /home/felipe/.local/lib/python3.10/site-packages/airflow/example_dags/example_sensors.py
[2023-12-25T06:27:05.545-0300] {processor.py:830} INFO - Processing file /home/felipe/.local/lib/python3.10/site-packages/airflow/example_dags/example_sensors.py for tasks to queue
[2023-12-25T06:27:05.546-0300] {logging_mixin.py:188} INFO - [2023-12-25T06:27:05.546-0300] {dagbag.py:538} INFO - Filling up the DagBag from /home/felipe/.local/lib/python3.10/site-packages/airflow/example_dags/example_sensors.py
[2023-12-25T06:27:05.563-0300] {processor.py:840} INFO - DAG(s) 'example_sensors' retrieved from /home/felipe/.local/lib/python3.10/site-packages/airflow/example_dags/example_sensors.py
[2023-12-25T06:27:05.598-0300] {logging_mixin.py:188} INFO - [2023-12-25T06:27:05.598-0300] {dag.py:3033} INFO - Sync 1 DAGs
[2023-12-25T06:27:05.621-0300] {logging_mixin.py:188} INFO - [2023-12-25T06:27:05.620-0300] {dag.py:3820} INFO - Setting next_dagrun for example_sensors to None, run_after=None
[2023-12-25T06:27:05.677-0300] {processor.py:183} INFO - Processing /home/felipe/.local/lib/python3.10/site-packages/airflow/example_dags/example_sensors.py took 0.139 seconds
[2023-12-25T06:27:54.477-0300] {processor.py:161} INFO - Started process (PID=12753) to work on /home/felipe/.local/lib/python3.10/site-packages/airflow/example_dags/example_sensors.py
[2023-12-25T06:27:54.480-0300] {processor.py:830} INFO - Processing file /home/felipe/.local/lib/python3.10/site-packages/airflow/example_dags/example_sensors.py for tasks to queue
[2023-12-25T06:27:54.483-0300] {logging_mixin.py:188} INFO - [2023-12-25T06:27:54.483-0300] {dagbag.py:538} INFO - Filling up the DagBag from /home/felipe/.local/lib/python3.10/site-packages/airflow/example_dags/example_sensors.py
[2023-12-25T06:27:54.505-0300] {processor.py:840} INFO - DAG(s) 'example_sensors' retrieved from /home/felipe/.local/lib/python3.10/site-packages/airflow/example_dags/example_sensors.py
[2023-12-25T06:27:54.555-0300] {logging_mixin.py:188} INFO - [2023-12-25T06:27:54.554-0300] {dag.py:3033} INFO - Sync 1 DAGs
[2023-12-25T06:27:54.592-0300] {logging_mixin.py:188} INFO - [2023-12-25T06:27:54.591-0300] {dag.py:3820} INFO - Setting next_dagrun for example_sensors to None, run_after=None
[2023-12-25T06:27:54.642-0300] {processor.py:183} INFO - Processing /home/felipe/.local/lib/python3.10/site-packages/airflow/example_dags/example_sensors.py took 0.171 seconds
[2023-12-25T06:28:47.887-0300] {processor.py:161} INFO - Started process (PID=12801) to work on /home/felipe/.local/lib/python3.10/site-packages/airflow/example_dags/example_sensors.py
[2023-12-25T06:28:47.890-0300] {processor.py:830} INFO - Processing file /home/felipe/.local/lib/python3.10/site-packages/airflow/example_dags/example_sensors.py for tasks to queue
[2023-12-25T06:28:47.893-0300] {logging_mixin.py:188} INFO - [2023-12-25T06:28:47.892-0300] {dagbag.py:538} INFO - Filling up the DagBag from /home/felipe/.local/lib/python3.10/site-packages/airflow/example_dags/example_sensors.py
[2023-12-25T06:28:47.917-0300] {processor.py:840} INFO - DAG(s) 'example_sensors' retrieved from /home/felipe/.local/lib/python3.10/site-packages/airflow/example_dags/example_sensors.py
[2023-12-25T06:28:47.973-0300] {logging_mixin.py:188} INFO - [2023-12-25T06:28:47.973-0300] {dag.py:3033} INFO - Sync 1 DAGs
[2023-12-25T06:28:48.012-0300] {logging_mixin.py:188} INFO - [2023-12-25T06:28:48.008-0300] {dag.py:3820} INFO - Setting next_dagrun for example_sensors to None, run_after=None
[2023-12-25T06:28:48.070-0300] {processor.py:183} INFO - Processing /home/felipe/.local/lib/python3.10/site-packages/airflow/example_dags/example_sensors.py took 0.190 seconds
[2023-12-25T06:29:39.468-0300] {processor.py:161} INFO - Started process (PID=12847) to work on /home/felipe/.local/lib/python3.10/site-packages/airflow/example_dags/example_sensors.py
[2023-12-25T06:29:39.472-0300] {processor.py:830} INFO - Processing file /home/felipe/.local/lib/python3.10/site-packages/airflow/example_dags/example_sensors.py for tasks to queue
[2023-12-25T06:29:39.484-0300] {logging_mixin.py:188} INFO - [2023-12-25T06:29:39.483-0300] {dagbag.py:538} INFO - Filling up the DagBag from /home/felipe/.local/lib/python3.10/site-packages/airflow/example_dags/example_sensors.py
[2023-12-25T06:29:39.517-0300] {processor.py:840} INFO - DAG(s) 'example_sensors' retrieved from /home/felipe/.local/lib/python3.10/site-packages/airflow/example_dags/example_sensors.py
[2023-12-25T06:29:39.579-0300] {logging_mixin.py:188} INFO - [2023-12-25T06:29:39.578-0300] {dag.py:3033} INFO - Sync 1 DAGs
[2023-12-25T06:29:39.609-0300] {logging_mixin.py:188} INFO - [2023-12-25T06:29:39.608-0300] {dag.py:3820} INFO - Setting next_dagrun for example_sensors to None, run_after=None
[2023-12-25T06:29:39.680-0300] {processor.py:183} INFO - Processing /home/felipe/.local/lib/python3.10/site-packages/airflow/example_dags/example_sensors.py took 0.230 seconds
[2023-12-25T06:30:30.780-0300] {processor.py:161} INFO - Started process (PID=12932) to work on /home/felipe/.local/lib/python3.10/site-packages/airflow/example_dags/example_sensors.py
[2023-12-25T06:30:30.783-0300] {processor.py:830} INFO - Processing file /home/felipe/.local/lib/python3.10/site-packages/airflow/example_dags/example_sensors.py for tasks to queue
[2023-12-25T06:30:30.785-0300] {logging_mixin.py:188} INFO - [2023-12-25T06:30:30.784-0300] {dagbag.py:538} INFO - Filling up the DagBag from /home/felipe/.local/lib/python3.10/site-packages/airflow/example_dags/example_sensors.py
[2023-12-25T06:30:30.800-0300] {processor.py:840} INFO - DAG(s) 'example_sensors' retrieved from /home/felipe/.local/lib/python3.10/site-packages/airflow/example_dags/example_sensors.py
[2023-12-25T06:30:30.835-0300] {logging_mixin.py:188} INFO - [2023-12-25T06:30:30.835-0300] {dag.py:3033} INFO - Sync 1 DAGs
[2023-12-25T06:30:30.856-0300] {logging_mixin.py:188} INFO - [2023-12-25T06:30:30.856-0300] {dag.py:3820} INFO - Setting next_dagrun for example_sensors to None, run_after=None
[2023-12-25T06:30:30.910-0300] {processor.py:183} INFO - Processing /home/felipe/.local/lib/python3.10/site-packages/airflow/example_dags/example_sensors.py took 0.135 seconds
[2023-12-25T06:31:22.406-0300] {processor.py:161} INFO - Started process (PID=12977) to work on /home/felipe/.local/lib/python3.10/site-packages/airflow/example_dags/example_sensors.py
[2023-12-25T06:31:22.409-0300] {processor.py:830} INFO - Processing file /home/felipe/.local/lib/python3.10/site-packages/airflow/example_dags/example_sensors.py for tasks to queue
[2023-12-25T06:31:22.411-0300] {logging_mixin.py:188} INFO - [2023-12-25T06:31:22.410-0300] {dagbag.py:538} INFO - Filling up the DagBag from /home/felipe/.local/lib/python3.10/site-packages/airflow/example_dags/example_sensors.py
[2023-12-25T06:31:22.426-0300] {processor.py:840} INFO - DAG(s) 'example_sensors' retrieved from /home/felipe/.local/lib/python3.10/site-packages/airflow/example_dags/example_sensors.py
[2023-12-25T06:31:22.468-0300] {logging_mixin.py:188} INFO - [2023-12-25T06:31:22.467-0300] {dag.py:3033} INFO - Sync 1 DAGs
[2023-12-25T06:31:22.497-0300] {logging_mixin.py:188} INFO - [2023-12-25T06:31:22.496-0300] {dag.py:3820} INFO - Setting next_dagrun for example_sensors to None, run_after=None
[2023-12-25T06:31:22.544-0300] {processor.py:183} INFO - Processing /home/felipe/.local/lib/python3.10/site-packages/airflow/example_dags/example_sensors.py took 0.142 seconds
[2023-12-25T06:32:18.731-0300] {processor.py:161} INFO - Started process (PID=13027) to work on /home/felipe/.local/lib/python3.10/site-packages/airflow/example_dags/example_sensors.py
[2023-12-25T06:32:18.734-0300] {processor.py:830} INFO - Processing file /home/felipe/.local/lib/python3.10/site-packages/airflow/example_dags/example_sensors.py for tasks to queue
[2023-12-25T06:32:18.736-0300] {logging_mixin.py:188} INFO - [2023-12-25T06:32:18.735-0300] {dagbag.py:538} INFO - Filling up the DagBag from /home/felipe/.local/lib/python3.10/site-packages/airflow/example_dags/example_sensors.py
[2023-12-25T06:32:18.751-0300] {processor.py:840} INFO - DAG(s) 'example_sensors' retrieved from /home/felipe/.local/lib/python3.10/site-packages/airflow/example_dags/example_sensors.py
[2023-12-25T06:32:18.786-0300] {logging_mixin.py:188} INFO - [2023-12-25T06:32:18.786-0300] {dag.py:3033} INFO - Sync 1 DAGs
[2023-12-25T06:32:18.807-0300] {logging_mixin.py:188} INFO - [2023-12-25T06:32:18.806-0300] {dag.py:3820} INFO - Setting next_dagrun for example_sensors to None, run_after=None
[2023-12-25T06:32:18.863-0300] {processor.py:183} INFO - Processing /home/felipe/.local/lib/python3.10/site-packages/airflow/example_dags/example_sensors.py took 0.136 seconds
[2023-12-25T06:33:08.735-0300] {processor.py:161} INFO - Started process (PID=13073) to work on /home/felipe/.local/lib/python3.10/site-packages/airflow/example_dags/example_sensors.py
[2023-12-25T06:33:08.737-0300] {processor.py:830} INFO - Processing file /home/felipe/.local/lib/python3.10/site-packages/airflow/example_dags/example_sensors.py for tasks to queue
[2023-12-25T06:33:08.740-0300] {logging_mixin.py:188} INFO - [2023-12-25T06:33:08.739-0300] {dagbag.py:538} INFO - Filling up the DagBag from /home/felipe/.local/lib/python3.10/site-packages/airflow/example_dags/example_sensors.py
[2023-12-25T06:33:08.755-0300] {processor.py:840} INFO - DAG(s) 'example_sensors' retrieved from /home/felipe/.local/lib/python3.10/site-packages/airflow/example_dags/example_sensors.py
[2023-12-25T06:33:08.790-0300] {logging_mixin.py:188} INFO - [2023-12-25T06:33:08.790-0300] {dag.py:3033} INFO - Sync 1 DAGs
[2023-12-25T06:33:08.812-0300] {logging_mixin.py:188} INFO - [2023-12-25T06:33:08.811-0300] {dag.py:3820} INFO - Setting next_dagrun for example_sensors to None, run_after=None
[2023-12-25T06:33:08.859-0300] {processor.py:183} INFO - Processing /home/felipe/.local/lib/python3.10/site-packages/airflow/example_dags/example_sensors.py took 0.128 seconds
[2023-12-25T06:33:57.531-0300] {processor.py:161} INFO - Started process (PID=13117) to work on /home/felipe/.local/lib/python3.10/site-packages/airflow/example_dags/example_sensors.py
[2023-12-25T06:33:57.533-0300] {processor.py:830} INFO - Processing file /home/felipe/.local/lib/python3.10/site-packages/airflow/example_dags/example_sensors.py for tasks to queue
[2023-12-25T06:33:57.535-0300] {logging_mixin.py:188} INFO - [2023-12-25T06:33:57.534-0300] {dagbag.py:538} INFO - Filling up the DagBag from /home/felipe/.local/lib/python3.10/site-packages/airflow/example_dags/example_sensors.py
[2023-12-25T06:33:57.551-0300] {processor.py:840} INFO - DAG(s) 'example_sensors' retrieved from /home/felipe/.local/lib/python3.10/site-packages/airflow/example_dags/example_sensors.py
[2023-12-25T06:33:57.586-0300] {logging_mixin.py:188} INFO - [2023-12-25T06:33:57.585-0300] {dag.py:3033} INFO - Sync 1 DAGs
[2023-12-25T06:33:57.608-0300] {logging_mixin.py:188} INFO - [2023-12-25T06:33:57.607-0300] {dag.py:3820} INFO - Setting next_dagrun for example_sensors to None, run_after=None
[2023-12-25T06:33:57.663-0300] {processor.py:183} INFO - Processing /home/felipe/.local/lib/python3.10/site-packages/airflow/example_dags/example_sensors.py took 0.137 seconds
[2023-12-25T06:34:50.717-0300] {processor.py:161} INFO - Started process (PID=13171) to work on /home/felipe/.local/lib/python3.10/site-packages/airflow/example_dags/example_sensors.py
[2023-12-25T06:34:50.720-0300] {processor.py:830} INFO - Processing file /home/felipe/.local/lib/python3.10/site-packages/airflow/example_dags/example_sensors.py for tasks to queue
[2023-12-25T06:34:50.722-0300] {logging_mixin.py:188} INFO - [2023-12-25T06:34:50.721-0300] {dagbag.py:538} INFO - Filling up the DagBag from /home/felipe/.local/lib/python3.10/site-packages/airflow/example_dags/example_sensors.py
[2023-12-25T06:34:50.738-0300] {processor.py:840} INFO - DAG(s) 'example_sensors' retrieved from /home/felipe/.local/lib/python3.10/site-packages/airflow/example_dags/example_sensors.py
[2023-12-25T06:34:50.774-0300] {logging_mixin.py:188} INFO - [2023-12-25T06:34:50.773-0300] {dag.py:3033} INFO - Sync 1 DAGs
[2023-12-25T06:34:50.795-0300] {logging_mixin.py:188} INFO - [2023-12-25T06:34:50.794-0300] {dag.py:3820} INFO - Setting next_dagrun for example_sensors to None, run_after=None
[2023-12-25T06:34:50.850-0300] {processor.py:183} INFO - Processing /home/felipe/.local/lib/python3.10/site-packages/airflow/example_dags/example_sensors.py took 0.137 seconds
[2023-12-25T06:35:45.490-0300] {processor.py:161} INFO - Started process (PID=13249) to work on /home/felipe/.local/lib/python3.10/site-packages/airflow/example_dags/example_sensors.py
[2023-12-25T06:35:45.493-0300] {processor.py:830} INFO - Processing file /home/felipe/.local/lib/python3.10/site-packages/airflow/example_dags/example_sensors.py for tasks to queue
[2023-12-25T06:35:45.495-0300] {logging_mixin.py:188} INFO - [2023-12-25T06:35:45.494-0300] {dagbag.py:538} INFO - Filling up the DagBag from /home/felipe/.local/lib/python3.10/site-packages/airflow/example_dags/example_sensors.py
[2023-12-25T06:35:45.510-0300] {processor.py:840} INFO - DAG(s) 'example_sensors' retrieved from /home/felipe/.local/lib/python3.10/site-packages/airflow/example_dags/example_sensors.py
[2023-12-25T06:35:45.547-0300] {logging_mixin.py:188} INFO - [2023-12-25T06:35:45.546-0300] {dag.py:3033} INFO - Sync 1 DAGs
[2023-12-25T06:35:45.568-0300] {logging_mixin.py:188} INFO - [2023-12-25T06:35:45.567-0300] {dag.py:3820} INFO - Setting next_dagrun for example_sensors to None, run_after=None
[2023-12-25T06:35:45.639-0300] {processor.py:183} INFO - Processing /home/felipe/.local/lib/python3.10/site-packages/airflow/example_dags/example_sensors.py took 0.154 seconds
[2023-12-25T06:36:44.181-0300] {processor.py:161} INFO - Started process (PID=13301) to work on /home/felipe/.local/lib/python3.10/site-packages/airflow/example_dags/example_sensors.py
[2023-12-25T06:36:44.183-0300] {processor.py:830} INFO - Processing file /home/felipe/.local/lib/python3.10/site-packages/airflow/example_dags/example_sensors.py for tasks to queue
[2023-12-25T06:36:44.185-0300] {logging_mixin.py:188} INFO - [2023-12-25T06:36:44.184-0300] {dagbag.py:538} INFO - Filling up the DagBag from /home/felipe/.local/lib/python3.10/site-packages/airflow/example_dags/example_sensors.py
[2023-12-25T06:36:44.203-0300] {processor.py:840} INFO - DAG(s) 'example_sensors' retrieved from /home/felipe/.local/lib/python3.10/site-packages/airflow/example_dags/example_sensors.py
[2023-12-25T06:36:44.265-0300] {logging_mixin.py:188} INFO - [2023-12-25T06:36:44.264-0300] {dag.py:3033} INFO - Sync 1 DAGs
[2023-12-25T06:36:44.305-0300] {logging_mixin.py:188} INFO - [2023-12-25T06:36:44.305-0300] {dag.py:3820} INFO - Setting next_dagrun for example_sensors to None, run_after=None
[2023-12-25T06:36:44.363-0300] {processor.py:183} INFO - Processing /home/felipe/.local/lib/python3.10/site-packages/airflow/example_dags/example_sensors.py took 0.187 seconds
[2023-12-25T06:37:42.587-0300] {processor.py:161} INFO - Started process (PID=13352) to work on /home/felipe/.local/lib/python3.10/site-packages/airflow/example_dags/example_sensors.py
[2023-12-25T06:37:42.589-0300] {processor.py:830} INFO - Processing file /home/felipe/.local/lib/python3.10/site-packages/airflow/example_dags/example_sensors.py for tasks to queue
[2023-12-25T06:37:42.591-0300] {logging_mixin.py:188} INFO - [2023-12-25T06:37:42.590-0300] {dagbag.py:538} INFO - Filling up the DagBag from /home/felipe/.local/lib/python3.10/site-packages/airflow/example_dags/example_sensors.py
[2023-12-25T06:37:42.614-0300] {processor.py:840} INFO - DAG(s) 'example_sensors' retrieved from /home/felipe/.local/lib/python3.10/site-packages/airflow/example_dags/example_sensors.py
[2023-12-25T06:37:42.677-0300] {logging_mixin.py:188} INFO - [2023-12-25T06:37:42.676-0300] {dag.py:3033} INFO - Sync 1 DAGs
[2023-12-25T06:37:42.702-0300] {logging_mixin.py:188} INFO - [2023-12-25T06:37:42.702-0300] {dag.py:3820} INFO - Setting next_dagrun for example_sensors to None, run_after=None
[2023-12-25T06:37:42.760-0300] {processor.py:183} INFO - Processing /home/felipe/.local/lib/python3.10/site-packages/airflow/example_dags/example_sensors.py took 0.178 seconds
[2023-12-25T06:38:42.283-0300] {processor.py:161} INFO - Started process (PID=13405) to work on /home/felipe/.local/lib/python3.10/site-packages/airflow/example_dags/example_sensors.py
[2023-12-25T06:38:42.286-0300] {processor.py:830} INFO - Processing file /home/felipe/.local/lib/python3.10/site-packages/airflow/example_dags/example_sensors.py for tasks to queue
[2023-12-25T06:38:42.289-0300] {logging_mixin.py:188} INFO - [2023-12-25T06:38:42.288-0300] {dagbag.py:538} INFO - Filling up the DagBag from /home/felipe/.local/lib/python3.10/site-packages/airflow/example_dags/example_sensors.py
[2023-12-25T06:38:42.313-0300] {processor.py:840} INFO - DAG(s) 'example_sensors' retrieved from /home/felipe/.local/lib/python3.10/site-packages/airflow/example_dags/example_sensors.py
[2023-12-25T06:38:42.369-0300] {logging_mixin.py:188} INFO - [2023-12-25T06:38:42.368-0300] {dag.py:3033} INFO - Sync 1 DAGs
[2023-12-25T06:38:42.399-0300] {logging_mixin.py:188} INFO - [2023-12-25T06:38:42.398-0300] {dag.py:3820} INFO - Setting next_dagrun for example_sensors to None, run_after=None
[2023-12-25T06:38:42.448-0300] {processor.py:183} INFO - Processing /home/felipe/.local/lib/python3.10/site-packages/airflow/example_dags/example_sensors.py took 0.171 seconds
