[2023-12-25T06:22:52.278-0300] {processor.py:161} INFO - Started process (PID=12428) to work on /home/felipe/.local/lib/python3.10/site-packages/airflow/example_dags/example_python_decorator.py
[2023-12-25T06:22:52.279-0300] {processor.py:830} INFO - Processing file /home/felipe/.local/lib/python3.10/site-packages/airflow/example_dags/example_python_decorator.py for tasks to queue
[2023-12-25T06:22:52.282-0300] {logging_mixin.py:188} INFO - [2023-12-25T06:22:52.281-0300] {dagbag.py:538} INFO - Filling up the DagBag from /home/felipe/.local/lib/python3.10/site-packages/airflow/example_dags/example_python_decorator.py
[2023-12-25T06:22:52.419-0300] {logging_mixin.py:188} INFO - [2023-12-25T06:22:52.419-0300] {example_python_decorator.py:79} WARNING - The virtalenv_python example task requires virtualenv, please install it.
[2023-12-25T06:22:52.423-0300] {processor.py:840} INFO - DAG(s) 'example_python_decorator' retrieved from /home/felipe/.local/lib/python3.10/site-packages/airflow/example_dags/example_python_decorator.py
[2023-12-25T06:22:52.469-0300] {logging_mixin.py:188} INFO - [2023-12-25T06:22:52.468-0300] {dag.py:3033} INFO - Sync 1 DAGs
[2023-12-25T06:22:52.505-0300] {logging_mixin.py:188} INFO - [2023-12-25T06:22:52.505-0300] {dag.py:3820} INFO - Setting next_dagrun for example_python_decorator to None, run_after=None
[2023-12-25T06:22:52.564-0300] {processor.py:183} INFO - Processing /home/felipe/.local/lib/python3.10/site-packages/airflow/example_dags/example_python_decorator.py took 0.292 seconds
[2023-12-25T06:23:49.329-0300] {processor.py:161} INFO - Started process (PID=12483) to work on /home/felipe/.local/lib/python3.10/site-packages/airflow/example_dags/example_python_decorator.py
[2023-12-25T06:23:49.337-0300] {processor.py:830} INFO - Processing file /home/felipe/.local/lib/python3.10/site-packages/airflow/example_dags/example_python_decorator.py for tasks to queue
[2023-12-25T06:23:49.339-0300] {logging_mixin.py:188} INFO - [2023-12-25T06:23:49.338-0300] {dagbag.py:538} INFO - Filling up the DagBag from /home/felipe/.local/lib/python3.10/site-packages/airflow/example_dags/example_python_decorator.py
[2023-12-25T06:23:49.479-0300] {logging_mixin.py:188} INFO - [2023-12-25T06:23:49.479-0300] {example_python_decorator.py:79} WARNING - The virtalenv_python example task requires virtualenv, please install it.
[2023-12-25T06:23:49.480-0300] {processor.py:840} INFO - DAG(s) 'example_python_decorator' retrieved from /home/felipe/.local/lib/python3.10/site-packages/airflow/example_dags/example_python_decorator.py
[2023-12-25T06:23:49.510-0300] {logging_mixin.py:188} INFO - [2023-12-25T06:23:49.510-0300] {dag.py:3033} INFO - Sync 1 DAGs
[2023-12-25T06:23:49.534-0300] {logging_mixin.py:188} INFO - [2023-12-25T06:23:49.534-0300] {dag.py:3820} INFO - Setting next_dagrun for example_python_decorator to None, run_after=None
[2023-12-25T06:23:49.602-0300] {processor.py:183} INFO - Processing /home/felipe/.local/lib/python3.10/site-packages/airflow/example_dags/example_python_decorator.py took 0.279 seconds
[2023-12-25T06:24:45.534-0300] {processor.py:161} INFO - Started process (PID=12533) to work on /home/felipe/.local/lib/python3.10/site-packages/airflow/example_dags/example_python_decorator.py
[2023-12-25T06:24:45.536-0300] {processor.py:830} INFO - Processing file /home/felipe/.local/lib/python3.10/site-packages/airflow/example_dags/example_python_decorator.py for tasks to queue
[2023-12-25T06:24:45.538-0300] {logging_mixin.py:188} INFO - [2023-12-25T06:24:45.538-0300] {dagbag.py:538} INFO - Filling up the DagBag from /home/felipe/.local/lib/python3.10/site-packages/airflow/example_dags/example_python_decorator.py
[2023-12-25T06:24:45.701-0300] {logging_mixin.py:188} INFO - [2023-12-25T06:24:45.701-0300] {example_python_decorator.py:79} WARNING - The virtalenv_python example task requires virtualenv, please install it.
[2023-12-25T06:24:45.702-0300] {processor.py:840} INFO - DAG(s) 'example_python_decorator' retrieved from /home/felipe/.local/lib/python3.10/site-packages/airflow/example_dags/example_python_decorator.py
[2023-12-25T06:24:45.740-0300] {logging_mixin.py:188} INFO - [2023-12-25T06:24:45.740-0300] {dag.py:3033} INFO - Sync 1 DAGs
[2023-12-25T06:24:45.765-0300] {logging_mixin.py:188} INFO - [2023-12-25T06:24:45.765-0300] {dag.py:3820} INFO - Setting next_dagrun for example_python_decorator to None, run_after=None
[2023-12-25T06:24:45.815-0300] {processor.py:183} INFO - Processing /home/felipe/.local/lib/python3.10/site-packages/airflow/example_dags/example_python_decorator.py took 0.286 seconds
[2023-12-25T06:25:36.515-0300] {processor.py:161} INFO - Started process (PID=12616) to work on /home/felipe/.local/lib/python3.10/site-packages/airflow/example_dags/example_python_decorator.py
[2023-12-25T06:25:36.517-0300] {processor.py:830} INFO - Processing file /home/felipe/.local/lib/python3.10/site-packages/airflow/example_dags/example_python_decorator.py for tasks to queue
[2023-12-25T06:25:36.519-0300] {logging_mixin.py:188} INFO - [2023-12-25T06:25:36.519-0300] {dagbag.py:538} INFO - Filling up the DagBag from /home/felipe/.local/lib/python3.10/site-packages/airflow/example_dags/example_python_decorator.py
[2023-12-25T06:25:36.647-0300] {logging_mixin.py:188} INFO - [2023-12-25T06:25:36.647-0300] {example_python_decorator.py:79} WARNING - The virtalenv_python example task requires virtualenv, please install it.
[2023-12-25T06:25:36.648-0300] {processor.py:840} INFO - DAG(s) 'example_python_decorator' retrieved from /home/felipe/.local/lib/python3.10/site-packages/airflow/example_dags/example_python_decorator.py
[2023-12-25T06:25:36.677-0300] {logging_mixin.py:188} INFO - [2023-12-25T06:25:36.677-0300] {dag.py:3033} INFO - Sync 1 DAGs
[2023-12-25T06:25:36.699-0300] {logging_mixin.py:188} INFO - [2023-12-25T06:25:36.699-0300] {dag.py:3820} INFO - Setting next_dagrun for example_python_decorator to None, run_after=None
[2023-12-25T06:25:36.747-0300] {processor.py:183} INFO - Processing /home/felipe/.local/lib/python3.10/site-packages/airflow/example_dags/example_python_decorator.py took 0.236 seconds
[2023-12-25T06:26:30.237-0300] {processor.py:161} INFO - Started process (PID=12673) to work on /home/felipe/.local/lib/python3.10/site-packages/airflow/example_dags/example_python_decorator.py
[2023-12-25T06:26:30.239-0300] {processor.py:830} INFO - Processing file /home/felipe/.local/lib/python3.10/site-packages/airflow/example_dags/example_python_decorator.py for tasks to queue
[2023-12-25T06:26:30.241-0300] {logging_mixin.py:188} INFO - [2023-12-25T06:26:30.240-0300] {dagbag.py:538} INFO - Filling up the DagBag from /home/felipe/.local/lib/python3.10/site-packages/airflow/example_dags/example_python_decorator.py
[2023-12-25T06:26:30.370-0300] {logging_mixin.py:188} INFO - [2023-12-25T06:26:30.369-0300] {example_python_decorator.py:79} WARNING - The virtalenv_python example task requires virtualenv, please install it.
[2023-12-25T06:26:30.371-0300] {processor.py:840} INFO - DAG(s) 'example_python_decorator' retrieved from /home/felipe/.local/lib/python3.10/site-packages/airflow/example_dags/example_python_decorator.py
[2023-12-25T06:26:30.399-0300] {logging_mixin.py:188} INFO - [2023-12-25T06:26:30.399-0300] {dag.py:3033} INFO - Sync 1 DAGs
[2023-12-25T06:26:30.420-0300] {logging_mixin.py:188} INFO - [2023-12-25T06:26:30.420-0300] {dag.py:3820} INFO - Setting next_dagrun for example_python_decorator to None, run_after=None
[2023-12-25T06:26:30.465-0300] {processor.py:183} INFO - Processing /home/felipe/.local/lib/python3.10/site-packages/airflow/example_dags/example_python_decorator.py took 0.236 seconds
[2023-12-25T06:27:19.295-0300] {processor.py:161} INFO - Started process (PID=12719) to work on /home/felipe/.local/lib/python3.10/site-packages/airflow/example_dags/example_python_decorator.py
[2023-12-25T06:27:19.299-0300] {processor.py:830} INFO - Processing file /home/felipe/.local/lib/python3.10/site-packages/airflow/example_dags/example_python_decorator.py for tasks to queue
[2023-12-25T06:27:19.302-0300] {logging_mixin.py:188} INFO - [2023-12-25T06:27:19.301-0300] {dagbag.py:538} INFO - Filling up the DagBag from /home/felipe/.local/lib/python3.10/site-packages/airflow/example_dags/example_python_decorator.py
[2023-12-25T06:27:19.451-0300] {logging_mixin.py:188} INFO - [2023-12-25T06:27:19.450-0300] {example_python_decorator.py:79} WARNING - The virtalenv_python example task requires virtualenv, please install it.
[2023-12-25T06:27:19.452-0300] {processor.py:840} INFO - DAG(s) 'example_python_decorator' retrieved from /home/felipe/.local/lib/python3.10/site-packages/airflow/example_dags/example_python_decorator.py
[2023-12-25T06:27:19.481-0300] {logging_mixin.py:188} INFO - [2023-12-25T06:27:19.480-0300] {dag.py:3033} INFO - Sync 1 DAGs
[2023-12-25T06:27:19.504-0300] {logging_mixin.py:188} INFO - [2023-12-25T06:27:19.503-0300] {dag.py:3820} INFO - Setting next_dagrun for example_python_decorator to None, run_after=None
[2023-12-25T06:27:19.555-0300] {processor.py:183} INFO - Processing /home/felipe/.local/lib/python3.10/site-packages/airflow/example_dags/example_python_decorator.py took 0.264 seconds
[2023-12-25T06:28:10.257-0300] {processor.py:161} INFO - Started process (PID=12766) to work on /home/felipe/.local/lib/python3.10/site-packages/airflow/example_dags/example_python_decorator.py
[2023-12-25T06:28:10.260-0300] {processor.py:830} INFO - Processing file /home/felipe/.local/lib/python3.10/site-packages/airflow/example_dags/example_python_decorator.py for tasks to queue
[2023-12-25T06:28:10.263-0300] {logging_mixin.py:188} INFO - [2023-12-25T06:28:10.262-0300] {dagbag.py:538} INFO - Filling up the DagBag from /home/felipe/.local/lib/python3.10/site-packages/airflow/example_dags/example_python_decorator.py
[2023-12-25T06:28:10.408-0300] {logging_mixin.py:188} INFO - [2023-12-25T06:28:10.407-0300] {example_python_decorator.py:79} WARNING - The virtalenv_python example task requires virtualenv, please install it.
[2023-12-25T06:28:10.409-0300] {processor.py:840} INFO - DAG(s) 'example_python_decorator' retrieved from /home/felipe/.local/lib/python3.10/site-packages/airflow/example_dags/example_python_decorator.py
[2023-12-25T06:28:10.441-0300] {logging_mixin.py:188} INFO - [2023-12-25T06:28:10.440-0300] {dag.py:3033} INFO - Sync 1 DAGs
[2023-12-25T06:28:10.462-0300] {logging_mixin.py:188} INFO - [2023-12-25T06:28:10.461-0300] {dag.py:3820} INFO - Setting next_dagrun for example_python_decorator to None, run_after=None
[2023-12-25T06:28:10.510-0300] {processor.py:183} INFO - Processing /home/felipe/.local/lib/python3.10/site-packages/airflow/example_dags/example_python_decorator.py took 0.257 seconds
[2023-12-25T06:29:03.332-0300] {processor.py:161} INFO - Started process (PID=12814) to work on /home/felipe/.local/lib/python3.10/site-packages/airflow/example_dags/example_python_decorator.py
[2023-12-25T06:29:03.334-0300] {processor.py:830} INFO - Processing file /home/felipe/.local/lib/python3.10/site-packages/airflow/example_dags/example_python_decorator.py for tasks to queue
[2023-12-25T06:29:03.336-0300] {logging_mixin.py:188} INFO - [2023-12-25T06:29:03.335-0300] {dagbag.py:538} INFO - Filling up the DagBag from /home/felipe/.local/lib/python3.10/site-packages/airflow/example_dags/example_python_decorator.py
[2023-12-25T06:29:03.512-0300] {logging_mixin.py:188} INFO - [2023-12-25T06:29:03.512-0300] {example_python_decorator.py:79} WARNING - The virtalenv_python example task requires virtualenv, please install it.
[2023-12-25T06:29:03.513-0300] {processor.py:840} INFO - DAG(s) 'example_python_decorator' retrieved from /home/felipe/.local/lib/python3.10/site-packages/airflow/example_dags/example_python_decorator.py
[2023-12-25T06:29:03.541-0300] {logging_mixin.py:188} INFO - [2023-12-25T06:29:03.541-0300] {dag.py:3033} INFO - Sync 1 DAGs
[2023-12-25T06:29:03.563-0300] {logging_mixin.py:188} INFO - [2023-12-25T06:29:03.562-0300] {dag.py:3820} INFO - Setting next_dagrun for example_python_decorator to None, run_after=None
[2023-12-25T06:29:03.609-0300] {processor.py:183} INFO - Processing /home/felipe/.local/lib/python3.10/site-packages/airflow/example_dags/example_python_decorator.py took 0.282 seconds
[2023-12-25T06:29:53.939-0300] {processor.py:161} INFO - Started process (PID=12862) to work on /home/felipe/.local/lib/python3.10/site-packages/airflow/example_dags/example_python_decorator.py
[2023-12-25T06:29:53.941-0300] {processor.py:830} INFO - Processing file /home/felipe/.local/lib/python3.10/site-packages/airflow/example_dags/example_python_decorator.py for tasks to queue
[2023-12-25T06:29:53.943-0300] {logging_mixin.py:188} INFO - [2023-12-25T06:29:53.942-0300] {dagbag.py:538} INFO - Filling up the DagBag from /home/felipe/.local/lib/python3.10/site-packages/airflow/example_dags/example_python_decorator.py
[2023-12-25T06:29:54.087-0300] {logging_mixin.py:188} INFO - [2023-12-25T06:29:54.086-0300] {example_python_decorator.py:79} WARNING - The virtalenv_python example task requires virtualenv, please install it.
[2023-12-25T06:29:54.088-0300] {processor.py:840} INFO - DAG(s) 'example_python_decorator' retrieved from /home/felipe/.local/lib/python3.10/site-packages/airflow/example_dags/example_python_decorator.py
[2023-12-25T06:29:54.125-0300] {logging_mixin.py:188} INFO - [2023-12-25T06:29:54.124-0300] {dag.py:3033} INFO - Sync 1 DAGs
[2023-12-25T06:29:54.151-0300] {logging_mixin.py:188} INFO - [2023-12-25T06:29:54.150-0300] {dag.py:3820} INFO - Setting next_dagrun for example_python_decorator to None, run_after=None
[2023-12-25T06:29:54.200-0300] {processor.py:183} INFO - Processing /home/felipe/.local/lib/python3.10/site-packages/airflow/example_dags/example_python_decorator.py took 0.265 seconds
[2023-12-25T06:30:44.469-0300] {processor.py:161} INFO - Started process (PID=12944) to work on /home/felipe/.local/lib/python3.10/site-packages/airflow/example_dags/example_python_decorator.py
[2023-12-25T06:30:44.472-0300] {processor.py:830} INFO - Processing file /home/felipe/.local/lib/python3.10/site-packages/airflow/example_dags/example_python_decorator.py for tasks to queue
[2023-12-25T06:30:44.473-0300] {logging_mixin.py:188} INFO - [2023-12-25T06:30:44.473-0300] {dagbag.py:538} INFO - Filling up the DagBag from /home/felipe/.local/lib/python3.10/site-packages/airflow/example_dags/example_python_decorator.py
[2023-12-25T06:30:44.617-0300] {logging_mixin.py:188} INFO - [2023-12-25T06:30:44.617-0300] {example_python_decorator.py:79} WARNING - The virtalenv_python example task requires virtualenv, please install it.
[2023-12-25T06:30:44.618-0300] {processor.py:840} INFO - DAG(s) 'example_python_decorator' retrieved from /home/felipe/.local/lib/python3.10/site-packages/airflow/example_dags/example_python_decorator.py
[2023-12-25T06:30:44.647-0300] {logging_mixin.py:188} INFO - [2023-12-25T06:30:44.646-0300] {dag.py:3033} INFO - Sync 1 DAGs
[2023-12-25T06:30:44.668-0300] {logging_mixin.py:188} INFO - [2023-12-25T06:30:44.667-0300] {dag.py:3820} INFO - Setting next_dagrun for example_python_decorator to None, run_after=None
[2023-12-25T06:30:44.712-0300] {processor.py:183} INFO - Processing /home/felipe/.local/lib/python3.10/site-packages/airflow/example_dags/example_python_decorator.py took 0.247 seconds
[2023-12-25T06:31:37.705-0300] {processor.py:161} INFO - Started process (PID=12989) to work on /home/felipe/.local/lib/python3.10/site-packages/airflow/example_dags/example_python_decorator.py
[2023-12-25T06:31:37.709-0300] {processor.py:830} INFO - Processing file /home/felipe/.local/lib/python3.10/site-packages/airflow/example_dags/example_python_decorator.py for tasks to queue
[2023-12-25T06:31:37.711-0300] {logging_mixin.py:188} INFO - [2023-12-25T06:31:37.710-0300] {dagbag.py:538} INFO - Filling up the DagBag from /home/felipe/.local/lib/python3.10/site-packages/airflow/example_dags/example_python_decorator.py
[2023-12-25T06:31:37.860-0300] {logging_mixin.py:188} INFO - [2023-12-25T06:31:37.859-0300] {example_python_decorator.py:79} WARNING - The virtalenv_python example task requires virtualenv, please install it.
[2023-12-25T06:31:37.861-0300] {processor.py:840} INFO - DAG(s) 'example_python_decorator' retrieved from /home/felipe/.local/lib/python3.10/site-packages/airflow/example_dags/example_python_decorator.py
[2023-12-25T06:31:37.892-0300] {logging_mixin.py:188} INFO - [2023-12-25T06:31:37.891-0300] {dag.py:3033} INFO - Sync 1 DAGs
[2023-12-25T06:31:37.914-0300] {logging_mixin.py:188} INFO - [2023-12-25T06:31:37.913-0300] {dag.py:3820} INFO - Setting next_dagrun for example_python_decorator to None, run_after=None
[2023-12-25T06:31:37.963-0300] {processor.py:183} INFO - Processing /home/felipe/.local/lib/python3.10/site-packages/airflow/example_dags/example_python_decorator.py took 0.263 seconds
[2023-12-25T06:32:32.598-0300] {processor.py:161} INFO - Started process (PID=13040) to work on /home/felipe/.local/lib/python3.10/site-packages/airflow/example_dags/example_python_decorator.py
[2023-12-25T06:32:32.601-0300] {processor.py:830} INFO - Processing file /home/felipe/.local/lib/python3.10/site-packages/airflow/example_dags/example_python_decorator.py for tasks to queue
[2023-12-25T06:32:32.603-0300] {logging_mixin.py:188} INFO - [2023-12-25T06:32:32.602-0300] {dagbag.py:538} INFO - Filling up the DagBag from /home/felipe/.local/lib/python3.10/site-packages/airflow/example_dags/example_python_decorator.py
[2023-12-25T06:32:32.754-0300] {logging_mixin.py:188} INFO - [2023-12-25T06:32:32.753-0300] {example_python_decorator.py:79} WARNING - The virtalenv_python example task requires virtualenv, please install it.
[2023-12-25T06:32:32.755-0300] {processor.py:840} INFO - DAG(s) 'example_python_decorator' retrieved from /home/felipe/.local/lib/python3.10/site-packages/airflow/example_dags/example_python_decorator.py
[2023-12-25T06:32:32.784-0300] {logging_mixin.py:188} INFO - [2023-12-25T06:32:32.784-0300] {dag.py:3033} INFO - Sync 1 DAGs
[2023-12-25T06:32:32.806-0300] {logging_mixin.py:188} INFO - [2023-12-25T06:32:32.806-0300] {dag.py:3820} INFO - Setting next_dagrun for example_python_decorator to None, run_after=None
[2023-12-25T06:32:32.851-0300] {processor.py:183} INFO - Processing /home/felipe/.local/lib/python3.10/site-packages/airflow/example_dags/example_python_decorator.py took 0.257 seconds
[2023-12-25T06:33:20.887-0300] {processor.py:161} INFO - Started process (PID=13084) to work on /home/felipe/.local/lib/python3.10/site-packages/airflow/example_dags/example_python_decorator.py
[2023-12-25T06:33:20.890-0300] {processor.py:830} INFO - Processing file /home/felipe/.local/lib/python3.10/site-packages/airflow/example_dags/example_python_decorator.py for tasks to queue
[2023-12-25T06:33:20.892-0300] {logging_mixin.py:188} INFO - [2023-12-25T06:33:20.891-0300] {dagbag.py:538} INFO - Filling up the DagBag from /home/felipe/.local/lib/python3.10/site-packages/airflow/example_dags/example_python_decorator.py
[2023-12-25T06:33:21.022-0300] {logging_mixin.py:188} INFO - [2023-12-25T06:33:21.022-0300] {example_python_decorator.py:79} WARNING - The virtalenv_python example task requires virtualenv, please install it.
[2023-12-25T06:33:21.023-0300] {processor.py:840} INFO - DAG(s) 'example_python_decorator' retrieved from /home/felipe/.local/lib/python3.10/site-packages/airflow/example_dags/example_python_decorator.py
[2023-12-25T06:33:21.071-0300] {logging_mixin.py:188} INFO - [2023-12-25T06:33:21.070-0300] {dag.py:3033} INFO - Sync 1 DAGs
[2023-12-25T06:33:21.096-0300] {logging_mixin.py:188} INFO - [2023-12-25T06:33:21.095-0300] {dag.py:3820} INFO - Setting next_dagrun for example_python_decorator to None, run_after=None
[2023-12-25T06:33:21.142-0300] {processor.py:183} INFO - Processing /home/felipe/.local/lib/python3.10/site-packages/airflow/example_dags/example_python_decorator.py took 0.259 seconds
[2023-12-25T06:34:13.115-0300] {processor.py:161} INFO - Started process (PID=13131) to work on /home/felipe/.local/lib/python3.10/site-packages/airflow/example_dags/example_python_decorator.py
[2023-12-25T06:34:13.118-0300] {processor.py:830} INFO - Processing file /home/felipe/.local/lib/python3.10/site-packages/airflow/example_dags/example_python_decorator.py for tasks to queue
[2023-12-25T06:34:13.120-0300] {logging_mixin.py:188} INFO - [2023-12-25T06:34:13.119-0300] {dagbag.py:538} INFO - Filling up the DagBag from /home/felipe/.local/lib/python3.10/site-packages/airflow/example_dags/example_python_decorator.py
[2023-12-25T06:34:13.252-0300] {logging_mixin.py:188} INFO - [2023-12-25T06:34:13.251-0300] {example_python_decorator.py:79} WARNING - The virtalenv_python example task requires virtualenv, please install it.
[2023-12-25T06:34:13.253-0300] {processor.py:840} INFO - DAG(s) 'example_python_decorator' retrieved from /home/felipe/.local/lib/python3.10/site-packages/airflow/example_dags/example_python_decorator.py
[2023-12-25T06:34:13.282-0300] {logging_mixin.py:188} INFO - [2023-12-25T06:34:13.282-0300] {dag.py:3033} INFO - Sync 1 DAGs
[2023-12-25T06:34:13.304-0300] {logging_mixin.py:188} INFO - [2023-12-25T06:34:13.303-0300] {dag.py:3820} INFO - Setting next_dagrun for example_python_decorator to None, run_after=None
[2023-12-25T06:34:13.348-0300] {processor.py:183} INFO - Processing /home/felipe/.local/lib/python3.10/site-packages/airflow/example_dags/example_python_decorator.py took 0.237 seconds
[2023-12-25T06:35:05.226-0300] {processor.py:161} INFO - Started process (PID=13213) to work on /home/felipe/.local/lib/python3.10/site-packages/airflow/example_dags/example_python_decorator.py
[2023-12-25T06:35:05.228-0300] {processor.py:830} INFO - Processing file /home/felipe/.local/lib/python3.10/site-packages/airflow/example_dags/example_python_decorator.py for tasks to queue
[2023-12-25T06:35:05.230-0300] {logging_mixin.py:188} INFO - [2023-12-25T06:35:05.230-0300] {dagbag.py:538} INFO - Filling up the DagBag from /home/felipe/.local/lib/python3.10/site-packages/airflow/example_dags/example_python_decorator.py
[2023-12-25T06:35:05.372-0300] {logging_mixin.py:188} INFO - [2023-12-25T06:35:05.371-0300] {example_python_decorator.py:79} WARNING - The virtalenv_python example task requires virtualenv, please install it.
[2023-12-25T06:35:05.373-0300] {processor.py:840} INFO - DAG(s) 'example_python_decorator' retrieved from /home/felipe/.local/lib/python3.10/site-packages/airflow/example_dags/example_python_decorator.py
[2023-12-25T06:35:05.411-0300] {logging_mixin.py:188} INFO - [2023-12-25T06:35:05.410-0300] {dag.py:3033} INFO - Sync 1 DAGs
[2023-12-25T06:35:05.433-0300] {logging_mixin.py:188} INFO - [2023-12-25T06:35:05.433-0300] {dag.py:3820} INFO - Setting next_dagrun for example_python_decorator to None, run_after=None
[2023-12-25T06:35:05.481-0300] {processor.py:183} INFO - Processing /home/felipe/.local/lib/python3.10/site-packages/airflow/example_dags/example_python_decorator.py took 0.260 seconds
[2023-12-25T06:36:01.223-0300] {processor.py:161} INFO - Started process (PID=13264) to work on /home/felipe/.local/lib/python3.10/site-packages/airflow/example_dags/example_python_decorator.py
[2023-12-25T06:36:01.225-0300] {processor.py:830} INFO - Processing file /home/felipe/.local/lib/python3.10/site-packages/airflow/example_dags/example_python_decorator.py for tasks to queue
[2023-12-25T06:36:01.227-0300] {logging_mixin.py:188} INFO - [2023-12-25T06:36:01.226-0300] {dagbag.py:538} INFO - Filling up the DagBag from /home/felipe/.local/lib/python3.10/site-packages/airflow/example_dags/example_python_decorator.py
[2023-12-25T06:36:01.381-0300] {logging_mixin.py:188} INFO - [2023-12-25T06:36:01.380-0300] {example_python_decorator.py:79} WARNING - The virtalenv_python example task requires virtualenv, please install it.
[2023-12-25T06:36:01.382-0300] {processor.py:840} INFO - DAG(s) 'example_python_decorator' retrieved from /home/felipe/.local/lib/python3.10/site-packages/airflow/example_dags/example_python_decorator.py
[2023-12-25T06:36:01.414-0300] {logging_mixin.py:188} INFO - [2023-12-25T06:36:01.414-0300] {dag.py:3033} INFO - Sync 1 DAGs
[2023-12-25T06:36:01.443-0300] {logging_mixin.py:188} INFO - [2023-12-25T06:36:01.443-0300] {dag.py:3820} INFO - Setting next_dagrun for example_python_decorator to None, run_after=None
[2023-12-25T06:36:01.512-0300] {processor.py:183} INFO - Processing /home/felipe/.local/lib/python3.10/site-packages/airflow/example_dags/example_python_decorator.py took 0.294 seconds
[2023-12-25T06:36:59.439-0300] {processor.py:161} INFO - Started process (PID=13314) to work on /home/felipe/.local/lib/python3.10/site-packages/airflow/example_dags/example_python_decorator.py
[2023-12-25T06:36:59.441-0300] {processor.py:830} INFO - Processing file /home/felipe/.local/lib/python3.10/site-packages/airflow/example_dags/example_python_decorator.py for tasks to queue
[2023-12-25T06:36:59.443-0300] {logging_mixin.py:188} INFO - [2023-12-25T06:36:59.442-0300] {dagbag.py:538} INFO - Filling up the DagBag from /home/felipe/.local/lib/python3.10/site-packages/airflow/example_dags/example_python_decorator.py
[2023-12-25T06:36:59.606-0300] {logging_mixin.py:188} INFO - [2023-12-25T06:36:59.605-0300] {example_python_decorator.py:79} WARNING - The virtalenv_python example task requires virtualenv, please install it.
[2023-12-25T06:36:59.607-0300] {processor.py:840} INFO - DAG(s) 'example_python_decorator' retrieved from /home/felipe/.local/lib/python3.10/site-packages/airflow/example_dags/example_python_decorator.py
[2023-12-25T06:36:59.652-0300] {logging_mixin.py:188} INFO - [2023-12-25T06:36:59.652-0300] {dag.py:3033} INFO - Sync 1 DAGs
[2023-12-25T06:36:59.687-0300] {logging_mixin.py:188} INFO - [2023-12-25T06:36:59.686-0300] {dag.py:3820} INFO - Setting next_dagrun for example_python_decorator to None, run_after=None
[2023-12-25T06:36:59.742-0300] {processor.py:183} INFO - Processing /home/felipe/.local/lib/python3.10/site-packages/airflow/example_dags/example_python_decorator.py took 0.308 seconds
[2023-12-25T06:38:01.566-0300] {processor.py:161} INFO - Started process (PID=13369) to work on /home/felipe/.local/lib/python3.10/site-packages/airflow/example_dags/example_python_decorator.py
[2023-12-25T06:38:01.568-0300] {processor.py:830} INFO - Processing file /home/felipe/.local/lib/python3.10/site-packages/airflow/example_dags/example_python_decorator.py for tasks to queue
[2023-12-25T06:38:01.570-0300] {logging_mixin.py:188} INFO - [2023-12-25T06:38:01.570-0300] {dagbag.py:538} INFO - Filling up the DagBag from /home/felipe/.local/lib/python3.10/site-packages/airflow/example_dags/example_python_decorator.py
[2023-12-25T06:38:01.737-0300] {logging_mixin.py:188} INFO - [2023-12-25T06:38:01.737-0300] {example_python_decorator.py:79} WARNING - The virtalenv_python example task requires virtualenv, please install it.
[2023-12-25T06:38:01.738-0300] {processor.py:840} INFO - DAG(s) 'example_python_decorator' retrieved from /home/felipe/.local/lib/python3.10/site-packages/airflow/example_dags/example_python_decorator.py
[2023-12-25T06:38:01.768-0300] {logging_mixin.py:188} INFO - [2023-12-25T06:38:01.768-0300] {dag.py:3033} INFO - Sync 1 DAGs
[2023-12-25T06:38:01.791-0300] {logging_mixin.py:188} INFO - [2023-12-25T06:38:01.791-0300] {dag.py:3820} INFO - Setting next_dagrun for example_python_decorator to None, run_after=None
[2023-12-25T06:38:01.839-0300] {processor.py:183} INFO - Processing /home/felipe/.local/lib/python3.10/site-packages/airflow/example_dags/example_python_decorator.py took 0.281 seconds
