[2023-12-25T06:22:39.373-0300] {processor.py:161} INFO - Started process (PID=12417) to work on /home/felipe/.local/lib/python3.10/site-packages/airflow/example_dags/example_time_delta_sensor_async.py
[2023-12-25T06:22:39.375-0300] {processor.py:830} INFO - Processing file /home/felipe/.local/lib/python3.10/site-packages/airflow/example_dags/example_time_delta_sensor_async.py for tasks to queue
[2023-12-25T06:22:39.377-0300] {logging_mixin.py:188} INFO - [2023-12-25T06:22:39.376-0300] {dagbag.py:538} INFO - Filling up the DagBag from /home/felipe/.local/lib/python3.10/site-packages/airflow/example_dags/example_time_delta_sensor_async.py
[2023-12-25T06:22:39.386-0300] {processor.py:840} INFO - DAG(s) 'example_time_delta_sensor_async' retrieved from /home/felipe/.local/lib/python3.10/site-packages/airflow/example_dags/example_time_delta_sensor_async.py
[2023-12-25T06:22:39.417-0300] {logging_mixin.py:188} INFO - [2023-12-25T06:22:39.417-0300] {dag.py:3033} INFO - Sync 1 DAGs
[2023-12-25T06:22:39.443-0300] {logging_mixin.py:188} INFO - [2023-12-25T06:22:39.442-0300] {dag.py:3820} INFO - Setting next_dagrun for example_time_delta_sensor_async to None, run_after=None
[2023-12-25T06:22:39.500-0300] {processor.py:183} INFO - Processing /home/felipe/.local/lib/python3.10/site-packages/airflow/example_dags/example_time_delta_sensor_async.py took 0.134 seconds
[2023-12-25T06:23:33.385-0300] {processor.py:161} INFO - Started process (PID=12468) to work on /home/felipe/.local/lib/python3.10/site-packages/airflow/example_dags/example_time_delta_sensor_async.py
[2023-12-25T06:23:33.387-0300] {processor.py:830} INFO - Processing file /home/felipe/.local/lib/python3.10/site-packages/airflow/example_dags/example_time_delta_sensor_async.py for tasks to queue
[2023-12-25T06:23:33.389-0300] {logging_mixin.py:188} INFO - [2023-12-25T06:23:33.388-0300] {dagbag.py:538} INFO - Filling up the DagBag from /home/felipe/.local/lib/python3.10/site-packages/airflow/example_dags/example_time_delta_sensor_async.py
[2023-12-25T06:23:33.397-0300] {processor.py:840} INFO - DAG(s) 'example_time_delta_sensor_async' retrieved from /home/felipe/.local/lib/python3.10/site-packages/airflow/example_dags/example_time_delta_sensor_async.py
[2023-12-25T06:23:33.427-0300] {logging_mixin.py:188} INFO - [2023-12-25T06:23:33.427-0300] {dag.py:3033} INFO - Sync 1 DAGs
[2023-12-25T06:23:33.451-0300] {logging_mixin.py:188} INFO - [2023-12-25T06:23:33.450-0300] {dag.py:3820} INFO - Setting next_dagrun for example_time_delta_sensor_async to None, run_after=None
[2023-12-25T06:23:33.505-0300] {processor.py:183} INFO - Processing /home/felipe/.local/lib/python3.10/site-packages/airflow/example_dags/example_time_delta_sensor_async.py took 0.125 seconds
[2023-12-25T06:24:30.280-0300] {processor.py:161} INFO - Started process (PID=12519) to work on /home/felipe/.local/lib/python3.10/site-packages/airflow/example_dags/example_time_delta_sensor_async.py
[2023-12-25T06:24:30.283-0300] {processor.py:830} INFO - Processing file /home/felipe/.local/lib/python3.10/site-packages/airflow/example_dags/example_time_delta_sensor_async.py for tasks to queue
[2023-12-25T06:24:30.295-0300] {logging_mixin.py:188} INFO - [2023-12-25T06:24:30.295-0300] {dagbag.py:538} INFO - Filling up the DagBag from /home/felipe/.local/lib/python3.10/site-packages/airflow/example_dags/example_time_delta_sensor_async.py
[2023-12-25T06:24:30.328-0300] {processor.py:840} INFO - DAG(s) 'example_time_delta_sensor_async' retrieved from /home/felipe/.local/lib/python3.10/site-packages/airflow/example_dags/example_time_delta_sensor_async.py
[2023-12-25T06:24:30.388-0300] {logging_mixin.py:188} INFO - [2023-12-25T06:24:30.387-0300] {dag.py:3033} INFO - Sync 1 DAGs
[2023-12-25T06:24:30.416-0300] {logging_mixin.py:188} INFO - [2023-12-25T06:24:30.415-0300] {dag.py:3820} INFO - Setting next_dagrun for example_time_delta_sensor_async to None, run_after=None
[2023-12-25T06:24:30.492-0300] {processor.py:183} INFO - Processing /home/felipe/.local/lib/python3.10/site-packages/airflow/example_dags/example_time_delta_sensor_async.py took 0.229 seconds
[2023-12-25T06:25:22.047-0300] {processor.py:161} INFO - Started process (PID=12604) to work on /home/felipe/.local/lib/python3.10/site-packages/airflow/example_dags/example_time_delta_sensor_async.py
[2023-12-25T06:25:22.049-0300] {processor.py:830} INFO - Processing file /home/felipe/.local/lib/python3.10/site-packages/airflow/example_dags/example_time_delta_sensor_async.py for tasks to queue
[2023-12-25T06:25:22.051-0300] {logging_mixin.py:188} INFO - [2023-12-25T06:25:22.050-0300] {dagbag.py:538} INFO - Filling up the DagBag from /home/felipe/.local/lib/python3.10/site-packages/airflow/example_dags/example_time_delta_sensor_async.py
[2023-12-25T06:25:22.058-0300] {processor.py:840} INFO - DAG(s) 'example_time_delta_sensor_async' retrieved from /home/felipe/.local/lib/python3.10/site-packages/airflow/example_dags/example_time_delta_sensor_async.py
[2023-12-25T06:25:22.085-0300] {logging_mixin.py:188} INFO - [2023-12-25T06:25:22.084-0300] {dag.py:3033} INFO - Sync 1 DAGs
[2023-12-25T06:25:22.107-0300] {logging_mixin.py:188} INFO - [2023-12-25T06:25:22.106-0300] {dag.py:3820} INFO - Setting next_dagrun for example_time_delta_sensor_async to None, run_after=None
[2023-12-25T06:25:22.163-0300] {processor.py:183} INFO - Processing /home/felipe/.local/lib/python3.10/site-packages/airflow/example_dags/example_time_delta_sensor_async.py took 0.120 seconds
[2023-12-25T06:26:10.760-0300] {processor.py:161} INFO - Started process (PID=12655) to work on /home/felipe/.local/lib/python3.10/site-packages/airflow/example_dags/example_time_delta_sensor_async.py
[2023-12-25T06:26:10.762-0300] {processor.py:830} INFO - Processing file /home/felipe/.local/lib/python3.10/site-packages/airflow/example_dags/example_time_delta_sensor_async.py for tasks to queue
[2023-12-25T06:26:10.764-0300] {logging_mixin.py:188} INFO - [2023-12-25T06:26:10.763-0300] {dagbag.py:538} INFO - Filling up the DagBag from /home/felipe/.local/lib/python3.10/site-packages/airflow/example_dags/example_time_delta_sensor_async.py
[2023-12-25T06:26:10.771-0300] {processor.py:840} INFO - DAG(s) 'example_time_delta_sensor_async' retrieved from /home/felipe/.local/lib/python3.10/site-packages/airflow/example_dags/example_time_delta_sensor_async.py
[2023-12-25T06:26:10.798-0300] {logging_mixin.py:188} INFO - [2023-12-25T06:26:10.798-0300] {dag.py:3033} INFO - Sync 1 DAGs
[2023-12-25T06:26:10.820-0300] {logging_mixin.py:188} INFO - [2023-12-25T06:26:10.820-0300] {dag.py:3820} INFO - Setting next_dagrun for example_time_delta_sensor_async to None, run_after=None
[2023-12-25T06:26:10.875-0300] {processor.py:183} INFO - Processing /home/felipe/.local/lib/python3.10/site-packages/airflow/example_dags/example_time_delta_sensor_async.py took 0.120 seconds
[2023-12-25T06:27:00.457-0300] {processor.py:161} INFO - Started process (PID=12701) to work on /home/felipe/.local/lib/python3.10/site-packages/airflow/example_dags/example_time_delta_sensor_async.py
[2023-12-25T06:27:00.460-0300] {processor.py:830} INFO - Processing file /home/felipe/.local/lib/python3.10/site-packages/airflow/example_dags/example_time_delta_sensor_async.py for tasks to queue
[2023-12-25T06:27:00.462-0300] {logging_mixin.py:188} INFO - [2023-12-25T06:27:00.462-0300] {dagbag.py:538} INFO - Filling up the DagBag from /home/felipe/.local/lib/python3.10/site-packages/airflow/example_dags/example_time_delta_sensor_async.py
[2023-12-25T06:27:00.470-0300] {processor.py:840} INFO - DAG(s) 'example_time_delta_sensor_async' retrieved from /home/felipe/.local/lib/python3.10/site-packages/airflow/example_dags/example_time_delta_sensor_async.py
[2023-12-25T06:27:00.496-0300] {logging_mixin.py:188} INFO - [2023-12-25T06:27:00.495-0300] {dag.py:3033} INFO - Sync 1 DAGs
[2023-12-25T06:27:00.517-0300] {logging_mixin.py:188} INFO - [2023-12-25T06:27:00.516-0300] {dag.py:3820} INFO - Setting next_dagrun for example_time_delta_sensor_async to None, run_after=None
[2023-12-25T06:27:00.564-0300] {processor.py:183} INFO - Processing /home/felipe/.local/lib/python3.10/site-packages/airflow/example_dags/example_time_delta_sensor_async.py took 0.110 seconds
[2023-12-25T06:27:50.138-0300] {processor.py:161} INFO - Started process (PID=12749) to work on /home/felipe/.local/lib/python3.10/site-packages/airflow/example_dags/example_time_delta_sensor_async.py
[2023-12-25T06:27:50.141-0300] {processor.py:830} INFO - Processing file /home/felipe/.local/lib/python3.10/site-packages/airflow/example_dags/example_time_delta_sensor_async.py for tasks to queue
[2023-12-25T06:27:50.142-0300] {logging_mixin.py:188} INFO - [2023-12-25T06:27:50.142-0300] {dagbag.py:538} INFO - Filling up the DagBag from /home/felipe/.local/lib/python3.10/site-packages/airflow/example_dags/example_time_delta_sensor_async.py
[2023-12-25T06:27:50.151-0300] {processor.py:840} INFO - DAG(s) 'example_time_delta_sensor_async' retrieved from /home/felipe/.local/lib/python3.10/site-packages/airflow/example_dags/example_time_delta_sensor_async.py
[2023-12-25T06:27:50.180-0300] {logging_mixin.py:188} INFO - [2023-12-25T06:27:50.179-0300] {dag.py:3033} INFO - Sync 1 DAGs
[2023-12-25T06:27:50.205-0300] {logging_mixin.py:188} INFO - [2023-12-25T06:27:50.204-0300] {dag.py:3820} INFO - Setting next_dagrun for example_time_delta_sensor_async to None, run_after=None
[2023-12-25T06:27:50.260-0300] {processor.py:183} INFO - Processing /home/felipe/.local/lib/python3.10/site-packages/airflow/example_dags/example_time_delta_sensor_async.py took 0.127 seconds
[2023-12-25T06:28:42.683-0300] {processor.py:161} INFO - Started process (PID=12797) to work on /home/felipe/.local/lib/python3.10/site-packages/airflow/example_dags/example_time_delta_sensor_async.py
[2023-12-25T06:28:42.686-0300] {processor.py:830} INFO - Processing file /home/felipe/.local/lib/python3.10/site-packages/airflow/example_dags/example_time_delta_sensor_async.py for tasks to queue
[2023-12-25T06:28:42.687-0300] {logging_mixin.py:188} INFO - [2023-12-25T06:28:42.687-0300] {dagbag.py:538} INFO - Filling up the DagBag from /home/felipe/.local/lib/python3.10/site-packages/airflow/example_dags/example_time_delta_sensor_async.py
[2023-12-25T06:28:42.697-0300] {processor.py:840} INFO - DAG(s) 'example_time_delta_sensor_async' retrieved from /home/felipe/.local/lib/python3.10/site-packages/airflow/example_dags/example_time_delta_sensor_async.py
[2023-12-25T06:28:42.726-0300] {logging_mixin.py:188} INFO - [2023-12-25T06:28:42.725-0300] {dag.py:3033} INFO - Sync 1 DAGs
[2023-12-25T06:28:42.751-0300] {logging_mixin.py:188} INFO - [2023-12-25T06:28:42.751-0300] {dag.py:3820} INFO - Setting next_dagrun for example_time_delta_sensor_async to None, run_after=None
[2023-12-25T06:28:42.813-0300] {processor.py:183} INFO - Processing /home/felipe/.local/lib/python3.10/site-packages/airflow/example_dags/example_time_delta_sensor_async.py took 0.134 seconds
[2023-12-25T06:29:34.436-0300] {processor.py:161} INFO - Started process (PID=12843) to work on /home/felipe/.local/lib/python3.10/site-packages/airflow/example_dags/example_time_delta_sensor_async.py
[2023-12-25T06:29:34.439-0300] {processor.py:830} INFO - Processing file /home/felipe/.local/lib/python3.10/site-packages/airflow/example_dags/example_time_delta_sensor_async.py for tasks to queue
[2023-12-25T06:29:34.441-0300] {logging_mixin.py:188} INFO - [2023-12-25T06:29:34.441-0300] {dagbag.py:538} INFO - Filling up the DagBag from /home/felipe/.local/lib/python3.10/site-packages/airflow/example_dags/example_time_delta_sensor_async.py
[2023-12-25T06:29:34.449-0300] {processor.py:840} INFO - DAG(s) 'example_time_delta_sensor_async' retrieved from /home/felipe/.local/lib/python3.10/site-packages/airflow/example_dags/example_time_delta_sensor_async.py
[2023-12-25T06:29:34.481-0300] {logging_mixin.py:188} INFO - [2023-12-25T06:29:34.481-0300] {dag.py:3033} INFO - Sync 1 DAGs
[2023-12-25T06:29:34.505-0300] {logging_mixin.py:188} INFO - [2023-12-25T06:29:34.505-0300] {dag.py:3820} INFO - Setting next_dagrun for example_time_delta_sensor_async to None, run_after=None
[2023-12-25T06:29:34.563-0300] {processor.py:183} INFO - Processing /home/felipe/.local/lib/python3.10/site-packages/airflow/example_dags/example_time_delta_sensor_async.py took 0.134 seconds
[2023-12-25T06:30:25.694-0300] {processor.py:161} INFO - Started process (PID=12928) to work on /home/felipe/.local/lib/python3.10/site-packages/airflow/example_dags/example_time_delta_sensor_async.py
[2023-12-25T06:30:25.696-0300] {processor.py:830} INFO - Processing file /home/felipe/.local/lib/python3.10/site-packages/airflow/example_dags/example_time_delta_sensor_async.py for tasks to queue
[2023-12-25T06:30:25.698-0300] {logging_mixin.py:188} INFO - [2023-12-25T06:30:25.698-0300] {dagbag.py:538} INFO - Filling up the DagBag from /home/felipe/.local/lib/python3.10/site-packages/airflow/example_dags/example_time_delta_sensor_async.py
[2023-12-25T06:30:25.706-0300] {processor.py:840} INFO - DAG(s) 'example_time_delta_sensor_async' retrieved from /home/felipe/.local/lib/python3.10/site-packages/airflow/example_dags/example_time_delta_sensor_async.py
[2023-12-25T06:30:25.733-0300] {logging_mixin.py:188} INFO - [2023-12-25T06:30:25.733-0300] {dag.py:3033} INFO - Sync 1 DAGs
[2023-12-25T06:30:25.755-0300] {logging_mixin.py:188} INFO - [2023-12-25T06:30:25.754-0300] {dag.py:3820} INFO - Setting next_dagrun for example_time_delta_sensor_async to None, run_after=None
[2023-12-25T06:30:25.805-0300] {processor.py:183} INFO - Processing /home/felipe/.local/lib/python3.10/site-packages/airflow/example_dags/example_time_delta_sensor_async.py took 0.116 seconds
[2023-12-25T06:31:17.359-0300] {processor.py:161} INFO - Started process (PID=12973) to work on /home/felipe/.local/lib/python3.10/site-packages/airflow/example_dags/example_time_delta_sensor_async.py
[2023-12-25T06:31:17.361-0300] {processor.py:830} INFO - Processing file /home/felipe/.local/lib/python3.10/site-packages/airflow/example_dags/example_time_delta_sensor_async.py for tasks to queue
[2023-12-25T06:31:17.363-0300] {logging_mixin.py:188} INFO - [2023-12-25T06:31:17.362-0300] {dagbag.py:538} INFO - Filling up the DagBag from /home/felipe/.local/lib/python3.10/site-packages/airflow/example_dags/example_time_delta_sensor_async.py
[2023-12-25T06:31:17.372-0300] {processor.py:840} INFO - DAG(s) 'example_time_delta_sensor_async' retrieved from /home/felipe/.local/lib/python3.10/site-packages/airflow/example_dags/example_time_delta_sensor_async.py
[2023-12-25T06:31:17.404-0300] {logging_mixin.py:188} INFO - [2023-12-25T06:31:17.403-0300] {dag.py:3033} INFO - Sync 1 DAGs
[2023-12-25T06:31:17.427-0300] {logging_mixin.py:188} INFO - [2023-12-25T06:31:17.427-0300] {dag.py:3820} INFO - Setting next_dagrun for example_time_delta_sensor_async to None, run_after=None
[2023-12-25T06:31:17.476-0300] {processor.py:183} INFO - Processing /home/felipe/.local/lib/python3.10/site-packages/airflow/example_dags/example_time_delta_sensor_async.py took 0.123 seconds
[2023-12-25T06:32:14.208-0300] {processor.py:161} INFO - Started process (PID=13023) to work on /home/felipe/.local/lib/python3.10/site-packages/airflow/example_dags/example_time_delta_sensor_async.py
[2023-12-25T06:32:14.210-0300] {processor.py:830} INFO - Processing file /home/felipe/.local/lib/python3.10/site-packages/airflow/example_dags/example_time_delta_sensor_async.py for tasks to queue
[2023-12-25T06:32:14.212-0300] {logging_mixin.py:188} INFO - [2023-12-25T06:32:14.212-0300] {dagbag.py:538} INFO - Filling up the DagBag from /home/felipe/.local/lib/python3.10/site-packages/airflow/example_dags/example_time_delta_sensor_async.py
[2023-12-25T06:32:14.220-0300] {processor.py:840} INFO - DAG(s) 'example_time_delta_sensor_async' retrieved from /home/felipe/.local/lib/python3.10/site-packages/airflow/example_dags/example_time_delta_sensor_async.py
[2023-12-25T06:32:14.246-0300] {logging_mixin.py:188} INFO - [2023-12-25T06:32:14.245-0300] {dag.py:3033} INFO - Sync 1 DAGs
[2023-12-25T06:32:14.267-0300] {logging_mixin.py:188} INFO - [2023-12-25T06:32:14.267-0300] {dag.py:3820} INFO - Setting next_dagrun for example_time_delta_sensor_async to None, run_after=None
[2023-12-25T06:32:14.322-0300] {processor.py:183} INFO - Processing /home/felipe/.local/lib/python3.10/site-packages/airflow/example_dags/example_time_delta_sensor_async.py took 0.118 seconds
[2023-12-25T06:33:05.166-0300] {processor.py:161} INFO - Started process (PID=13069) to work on /home/felipe/.local/lib/python3.10/site-packages/airflow/example_dags/example_time_delta_sensor_async.py
[2023-12-25T06:33:05.168-0300] {processor.py:830} INFO - Processing file /home/felipe/.local/lib/python3.10/site-packages/airflow/example_dags/example_time_delta_sensor_async.py for tasks to queue
[2023-12-25T06:33:05.170-0300] {logging_mixin.py:188} INFO - [2023-12-25T06:33:05.170-0300] {dagbag.py:538} INFO - Filling up the DagBag from /home/felipe/.local/lib/python3.10/site-packages/airflow/example_dags/example_time_delta_sensor_async.py
[2023-12-25T06:33:05.177-0300] {processor.py:840} INFO - DAG(s) 'example_time_delta_sensor_async' retrieved from /home/felipe/.local/lib/python3.10/site-packages/airflow/example_dags/example_time_delta_sensor_async.py
[2023-12-25T06:33:05.204-0300] {logging_mixin.py:188} INFO - [2023-12-25T06:33:05.204-0300] {dag.py:3033} INFO - Sync 1 DAGs
[2023-12-25T06:33:05.227-0300] {logging_mixin.py:188} INFO - [2023-12-25T06:33:05.226-0300] {dag.py:3820} INFO - Setting next_dagrun for example_time_delta_sensor_async to None, run_after=None
[2023-12-25T06:33:05.281-0300] {processor.py:183} INFO - Processing /home/felipe/.local/lib/python3.10/site-packages/airflow/example_dags/example_time_delta_sensor_async.py took 0.120 seconds
[2023-12-25T06:33:53.501-0300] {processor.py:161} INFO - Started process (PID=13113) to work on /home/felipe/.local/lib/python3.10/site-packages/airflow/example_dags/example_time_delta_sensor_async.py
[2023-12-25T06:33:53.503-0300] {processor.py:830} INFO - Processing file /home/felipe/.local/lib/python3.10/site-packages/airflow/example_dags/example_time_delta_sensor_async.py for tasks to queue
[2023-12-25T06:33:53.505-0300] {logging_mixin.py:188} INFO - [2023-12-25T06:33:53.504-0300] {dagbag.py:538} INFO - Filling up the DagBag from /home/felipe/.local/lib/python3.10/site-packages/airflow/example_dags/example_time_delta_sensor_async.py
[2023-12-25T06:33:53.513-0300] {processor.py:840} INFO - DAG(s) 'example_time_delta_sensor_async' retrieved from /home/felipe/.local/lib/python3.10/site-packages/airflow/example_dags/example_time_delta_sensor_async.py
[2023-12-25T06:33:53.544-0300] {logging_mixin.py:188} INFO - [2023-12-25T06:33:53.544-0300] {dag.py:3033} INFO - Sync 1 DAGs
[2023-12-25T06:33:53.566-0300] {logging_mixin.py:188} INFO - [2023-12-25T06:33:53.566-0300] {dag.py:3820} INFO - Setting next_dagrun for example_time_delta_sensor_async to None, run_after=None
[2023-12-25T06:33:53.623-0300] {processor.py:183} INFO - Processing /home/felipe/.local/lib/python3.10/site-packages/airflow/example_dags/example_time_delta_sensor_async.py took 0.127 seconds
[2023-12-25T06:34:45.619-0300] {processor.py:161} INFO - Started process (PID=13167) to work on /home/felipe/.local/lib/python3.10/site-packages/airflow/example_dags/example_time_delta_sensor_async.py
[2023-12-25T06:34:45.621-0300] {processor.py:830} INFO - Processing file /home/felipe/.local/lib/python3.10/site-packages/airflow/example_dags/example_time_delta_sensor_async.py for tasks to queue
[2023-12-25T06:34:45.623-0300] {logging_mixin.py:188} INFO - [2023-12-25T06:34:45.623-0300] {dagbag.py:538} INFO - Filling up the DagBag from /home/felipe/.local/lib/python3.10/site-packages/airflow/example_dags/example_time_delta_sensor_async.py
[2023-12-25T06:34:45.631-0300] {processor.py:840} INFO - DAG(s) 'example_time_delta_sensor_async' retrieved from /home/felipe/.local/lib/python3.10/site-packages/airflow/example_dags/example_time_delta_sensor_async.py
[2023-12-25T06:34:45.660-0300] {logging_mixin.py:188} INFO - [2023-12-25T06:34:45.659-0300] {dag.py:3033} INFO - Sync 1 DAGs
[2023-12-25T06:34:45.681-0300] {logging_mixin.py:188} INFO - [2023-12-25T06:34:45.680-0300] {dag.py:3820} INFO - Setting next_dagrun for example_time_delta_sensor_async to None, run_after=None
[2023-12-25T06:34:45.736-0300] {processor.py:183} INFO - Processing /home/felipe/.local/lib/python3.10/site-packages/airflow/example_dags/example_time_delta_sensor_async.py took 0.121 seconds
[2023-12-25T06:35:40.685-0300] {processor.py:161} INFO - Started process (PID=13245) to work on /home/felipe/.local/lib/python3.10/site-packages/airflow/example_dags/example_time_delta_sensor_async.py
[2023-12-25T06:35:40.688-0300] {processor.py:830} INFO - Processing file /home/felipe/.local/lib/python3.10/site-packages/airflow/example_dags/example_time_delta_sensor_async.py for tasks to queue
[2023-12-25T06:35:40.690-0300] {logging_mixin.py:188} INFO - [2023-12-25T06:35:40.689-0300] {dagbag.py:538} INFO - Filling up the DagBag from /home/felipe/.local/lib/python3.10/site-packages/airflow/example_dags/example_time_delta_sensor_async.py
[2023-12-25T06:35:40.698-0300] {processor.py:840} INFO - DAG(s) 'example_time_delta_sensor_async' retrieved from /home/felipe/.local/lib/python3.10/site-packages/airflow/example_dags/example_time_delta_sensor_async.py
[2023-12-25T06:35:40.736-0300] {logging_mixin.py:188} INFO - [2023-12-25T06:35:40.735-0300] {dag.py:3033} INFO - Sync 1 DAGs
[2023-12-25T06:35:40.784-0300] {logging_mixin.py:188} INFO - [2023-12-25T06:35:40.783-0300] {dag.py:3820} INFO - Setting next_dagrun for example_time_delta_sensor_async to None, run_after=None
[2023-12-25T06:35:40.872-0300] {processor.py:183} INFO - Processing /home/felipe/.local/lib/python3.10/site-packages/airflow/example_dags/example_time_delta_sensor_async.py took 0.192 seconds
[2023-12-25T06:36:38.226-0300] {processor.py:161} INFO - Started process (PID=13296) to work on /home/felipe/.local/lib/python3.10/site-packages/airflow/example_dags/example_time_delta_sensor_async.py
[2023-12-25T06:36:38.229-0300] {processor.py:830} INFO - Processing file /home/felipe/.local/lib/python3.10/site-packages/airflow/example_dags/example_time_delta_sensor_async.py for tasks to queue
[2023-12-25T06:36:38.231-0300] {logging_mixin.py:188} INFO - [2023-12-25T06:36:38.230-0300] {dagbag.py:538} INFO - Filling up the DagBag from /home/felipe/.local/lib/python3.10/site-packages/airflow/example_dags/example_time_delta_sensor_async.py
[2023-12-25T06:36:38.241-0300] {processor.py:840} INFO - DAG(s) 'example_time_delta_sensor_async' retrieved from /home/felipe/.local/lib/python3.10/site-packages/airflow/example_dags/example_time_delta_sensor_async.py
[2023-12-25T06:36:38.276-0300] {logging_mixin.py:188} INFO - [2023-12-25T06:36:38.275-0300] {dag.py:3033} INFO - Sync 1 DAGs
[2023-12-25T06:36:38.303-0300] {logging_mixin.py:188} INFO - [2023-12-25T06:36:38.302-0300] {dag.py:3820} INFO - Setting next_dagrun for example_time_delta_sensor_async to None, run_after=None
[2023-12-25T06:36:38.356-0300] {processor.py:183} INFO - Processing /home/felipe/.local/lib/python3.10/site-packages/airflow/example_dags/example_time_delta_sensor_async.py took 0.134 seconds
[2023-12-25T06:37:38.148-0300] {processor.py:161} INFO - Started process (PID=13348) to work on /home/felipe/.local/lib/python3.10/site-packages/airflow/example_dags/example_time_delta_sensor_async.py
[2023-12-25T06:37:38.153-0300] {processor.py:830} INFO - Processing file /home/felipe/.local/lib/python3.10/site-packages/airflow/example_dags/example_time_delta_sensor_async.py for tasks to queue
[2023-12-25T06:37:38.163-0300] {logging_mixin.py:188} INFO - [2023-12-25T06:37:38.155-0300] {dagbag.py:538} INFO - Filling up the DagBag from /home/felipe/.local/lib/python3.10/site-packages/airflow/example_dags/example_time_delta_sensor_async.py
[2023-12-25T06:37:38.200-0300] {processor.py:840} INFO - DAG(s) 'example_time_delta_sensor_async' retrieved from /home/felipe/.local/lib/python3.10/site-packages/airflow/example_dags/example_time_delta_sensor_async.py
[2023-12-25T06:37:38.314-0300] {logging_mixin.py:188} INFO - [2023-12-25T06:37:38.313-0300] {dag.py:3033} INFO - Sync 1 DAGs
[2023-12-25T06:37:38.407-0300] {logging_mixin.py:188} INFO - [2023-12-25T06:37:38.407-0300] {dag.py:3820} INFO - Setting next_dagrun for example_time_delta_sensor_async to None, run_after=None
[2023-12-25T06:37:38.527-0300] {processor.py:183} INFO - Processing /home/felipe/.local/lib/python3.10/site-packages/airflow/example_dags/example_time_delta_sensor_async.py took 0.399 seconds
[2023-12-25T06:38:36.977-0300] {processor.py:161} INFO - Started process (PID=13401) to work on /home/felipe/.local/lib/python3.10/site-packages/airflow/example_dags/example_time_delta_sensor_async.py
[2023-12-25T06:38:36.979-0300] {processor.py:830} INFO - Processing file /home/felipe/.local/lib/python3.10/site-packages/airflow/example_dags/example_time_delta_sensor_async.py for tasks to queue
[2023-12-25T06:38:36.981-0300] {logging_mixin.py:188} INFO - [2023-12-25T06:38:36.981-0300] {dagbag.py:538} INFO - Filling up the DagBag from /home/felipe/.local/lib/python3.10/site-packages/airflow/example_dags/example_time_delta_sensor_async.py
[2023-12-25T06:38:36.988-0300] {processor.py:840} INFO - DAG(s) 'example_time_delta_sensor_async' retrieved from /home/felipe/.local/lib/python3.10/site-packages/airflow/example_dags/example_time_delta_sensor_async.py
[2023-12-25T06:38:37.034-0300] {logging_mixin.py:188} INFO - [2023-12-25T06:38:37.034-0300] {dag.py:3033} INFO - Sync 1 DAGs
[2023-12-25T06:38:37.058-0300] {logging_mixin.py:188} INFO - [2023-12-25T06:38:37.057-0300] {dag.py:3820} INFO - Setting next_dagrun for example_time_delta_sensor_async to None, run_after=None
[2023-12-25T06:38:37.107-0300] {processor.py:183} INFO - Processing /home/felipe/.local/lib/python3.10/site-packages/airflow/example_dags/example_time_delta_sensor_async.py took 0.136 seconds
