[2023-12-25T06:22:27.886-0300] {processor.py:161} INFO - Started process (PID=12409) to work on /home/felipe/.local/lib/python3.10/site-packages/airflow/example_dags/example_trigger_controller_dag.py
[2023-12-25T06:22:27.888-0300] {processor.py:830} INFO - Processing file /home/felipe/.local/lib/python3.10/site-packages/airflow/example_dags/example_trigger_controller_dag.py for tasks to queue
[2023-12-25T06:22:27.891-0300] {logging_mixin.py:188} INFO - [2023-12-25T06:22:27.890-0300] {dagbag.py:538} INFO - Filling up the DagBag from /home/felipe/.local/lib/python3.10/site-packages/airflow/example_dags/example_trigger_controller_dag.py
[2023-12-25T06:22:27.910-0300] {processor.py:840} INFO - DAG(s) 'example_trigger_controller_dag' retrieved from /home/felipe/.local/lib/python3.10/site-packages/airflow/example_dags/example_trigger_controller_dag.py
[2023-12-25T06:22:27.967-0300] {logging_mixin.py:188} INFO - [2023-12-25T06:22:27.966-0300] {dag.py:3033} INFO - Sync 1 DAGs
[2023-12-25T06:22:28.122-0300] {logging_mixin.py:188} INFO - [2023-12-25T06:22:28.122-0300] {dag.py:3820} INFO - Setting next_dagrun for example_trigger_controller_dag to 2021-01-01T00:00:00+00:00, run_after=2021-01-01T00:00:00+00:00
[2023-12-25T06:22:28.338-0300] {processor.py:183} INFO - Processing /home/felipe/.local/lib/python3.10/site-packages/airflow/example_dags/example_trigger_controller_dag.py took 0.464 seconds
[2023-12-25T06:23:24.386-0300] {processor.py:161} INFO - Started process (PID=12458) to work on /home/felipe/.local/lib/python3.10/site-packages/airflow/example_dags/example_trigger_controller_dag.py
[2023-12-25T06:23:24.389-0300] {processor.py:830} INFO - Processing file /home/felipe/.local/lib/python3.10/site-packages/airflow/example_dags/example_trigger_controller_dag.py for tasks to queue
[2023-12-25T06:23:24.391-0300] {logging_mixin.py:188} INFO - [2023-12-25T06:23:24.390-0300] {dagbag.py:538} INFO - Filling up the DagBag from /home/felipe/.local/lib/python3.10/site-packages/airflow/example_dags/example_trigger_controller_dag.py
[2023-12-25T06:23:24.399-0300] {processor.py:840} INFO - DAG(s) 'example_trigger_controller_dag' retrieved from /home/felipe/.local/lib/python3.10/site-packages/airflow/example_dags/example_trigger_controller_dag.py
[2023-12-25T06:23:24.426-0300] {logging_mixin.py:188} INFO - [2023-12-25T06:23:24.426-0300] {dag.py:3033} INFO - Sync 1 DAGs
[2023-12-25T06:23:24.468-0300] {logging_mixin.py:188} INFO - [2023-12-25T06:23:24.467-0300] {dag.py:3820} INFO - Setting next_dagrun for example_trigger_controller_dag to 2021-01-01T00:00:00+00:00, run_after=2021-01-01T00:00:00+00:00
[2023-12-25T06:23:24.524-0300] {processor.py:183} INFO - Processing /home/felipe/.local/lib/python3.10/site-packages/airflow/example_dags/example_trigger_controller_dag.py took 0.143 seconds
[2023-12-25T06:24:19.906-0300] {processor.py:161} INFO - Started process (PID=12511) to work on /home/felipe/.local/lib/python3.10/site-packages/airflow/example_dags/example_trigger_controller_dag.py
[2023-12-25T06:24:19.909-0300] {processor.py:830} INFO - Processing file /home/felipe/.local/lib/python3.10/site-packages/airflow/example_dags/example_trigger_controller_dag.py for tasks to queue
[2023-12-25T06:24:19.911-0300] {logging_mixin.py:188} INFO - [2023-12-25T06:24:19.910-0300] {dagbag.py:538} INFO - Filling up the DagBag from /home/felipe/.local/lib/python3.10/site-packages/airflow/example_dags/example_trigger_controller_dag.py
[2023-12-25T06:24:19.920-0300] {processor.py:840} INFO - DAG(s) 'example_trigger_controller_dag' retrieved from /home/felipe/.local/lib/python3.10/site-packages/airflow/example_dags/example_trigger_controller_dag.py
[2023-12-25T06:24:19.951-0300] {logging_mixin.py:188} INFO - [2023-12-25T06:24:19.951-0300] {dag.py:3033} INFO - Sync 1 DAGs
[2023-12-25T06:24:20.003-0300] {logging_mixin.py:188} INFO - [2023-12-25T06:24:20.002-0300] {dag.py:3820} INFO - Setting next_dagrun for example_trigger_controller_dag to 2021-01-01T00:00:00+00:00, run_after=2021-01-01T00:00:00+00:00
[2023-12-25T06:24:20.060-0300] {processor.py:183} INFO - Processing /home/felipe/.local/lib/python3.10/site-packages/airflow/example_dags/example_trigger_controller_dag.py took 0.158 seconds
[2023-12-25T06:25:14.026-0300] {processor.py:161} INFO - Started process (PID=12596) to work on /home/felipe/.local/lib/python3.10/site-packages/airflow/example_dags/example_trigger_controller_dag.py
[2023-12-25T06:25:14.029-0300] {processor.py:830} INFO - Processing file /home/felipe/.local/lib/python3.10/site-packages/airflow/example_dags/example_trigger_controller_dag.py for tasks to queue
[2023-12-25T06:25:14.033-0300] {logging_mixin.py:188} INFO - [2023-12-25T06:25:14.032-0300] {dagbag.py:538} INFO - Filling up the DagBag from /home/felipe/.local/lib/python3.10/site-packages/airflow/example_dags/example_trigger_controller_dag.py
[2023-12-25T06:25:14.045-0300] {processor.py:840} INFO - DAG(s) 'example_trigger_controller_dag' retrieved from /home/felipe/.local/lib/python3.10/site-packages/airflow/example_dags/example_trigger_controller_dag.py
[2023-12-25T06:25:14.084-0300] {logging_mixin.py:188} INFO - [2023-12-25T06:25:14.083-0300] {dag.py:3033} INFO - Sync 1 DAGs
[2023-12-25T06:25:14.136-0300] {logging_mixin.py:188} INFO - [2023-12-25T06:25:14.136-0300] {dag.py:3820} INFO - Setting next_dagrun for example_trigger_controller_dag to 2021-01-01T00:00:00+00:00, run_after=2021-01-01T00:00:00+00:00
[2023-12-25T06:25:14.187-0300] {processor.py:183} INFO - Processing /home/felipe/.local/lib/python3.10/site-packages/airflow/example_dags/example_trigger_controller_dag.py took 0.167 seconds
[2023-12-25T06:26:02.034-0300] {processor.py:161} INFO - Started process (PID=12647) to work on /home/felipe/.local/lib/python3.10/site-packages/airflow/example_dags/example_trigger_controller_dag.py
[2023-12-25T06:26:02.036-0300] {processor.py:830} INFO - Processing file /home/felipe/.local/lib/python3.10/site-packages/airflow/example_dags/example_trigger_controller_dag.py for tasks to queue
[2023-12-25T06:26:02.038-0300] {logging_mixin.py:188} INFO - [2023-12-25T06:26:02.037-0300] {dagbag.py:538} INFO - Filling up the DagBag from /home/felipe/.local/lib/python3.10/site-packages/airflow/example_dags/example_trigger_controller_dag.py
[2023-12-25T06:26:02.048-0300] {processor.py:840} INFO - DAG(s) 'example_trigger_controller_dag' retrieved from /home/felipe/.local/lib/python3.10/site-packages/airflow/example_dags/example_trigger_controller_dag.py
[2023-12-25T06:26:02.086-0300] {logging_mixin.py:188} INFO - [2023-12-25T06:26:02.085-0300] {dag.py:3033} INFO - Sync 1 DAGs
[2023-12-25T06:26:02.124-0300] {logging_mixin.py:188} INFO - [2023-12-25T06:26:02.123-0300] {dag.py:3820} INFO - Setting next_dagrun for example_trigger_controller_dag to 2021-01-01T00:00:00+00:00, run_after=2021-01-01T00:00:00+00:00
[2023-12-25T06:26:02.168-0300] {processor.py:183} INFO - Processing /home/felipe/.local/lib/python3.10/site-packages/airflow/example_dags/example_trigger_controller_dag.py took 0.139 seconds
[2023-12-25T06:26:51.382-0300] {processor.py:161} INFO - Started process (PID=12693) to work on /home/felipe/.local/lib/python3.10/site-packages/airflow/example_dags/example_trigger_controller_dag.py
[2023-12-25T06:26:51.384-0300] {processor.py:830} INFO - Processing file /home/felipe/.local/lib/python3.10/site-packages/airflow/example_dags/example_trigger_controller_dag.py for tasks to queue
[2023-12-25T06:26:51.386-0300] {logging_mixin.py:188} INFO - [2023-12-25T06:26:51.385-0300] {dagbag.py:538} INFO - Filling up the DagBag from /home/felipe/.local/lib/python3.10/site-packages/airflow/example_dags/example_trigger_controller_dag.py
[2023-12-25T06:26:51.394-0300] {processor.py:840} INFO - DAG(s) 'example_trigger_controller_dag' retrieved from /home/felipe/.local/lib/python3.10/site-packages/airflow/example_dags/example_trigger_controller_dag.py
[2023-12-25T06:26:51.420-0300] {logging_mixin.py:188} INFO - [2023-12-25T06:26:51.419-0300] {dag.py:3033} INFO - Sync 1 DAGs
[2023-12-25T06:26:51.457-0300] {logging_mixin.py:188} INFO - [2023-12-25T06:26:51.457-0300] {dag.py:3820} INFO - Setting next_dagrun for example_trigger_controller_dag to 2021-01-01T00:00:00+00:00, run_after=2021-01-01T00:00:00+00:00
[2023-12-25T06:26:51.515-0300] {processor.py:183} INFO - Processing /home/felipe/.local/lib/python3.10/site-packages/airflow/example_dags/example_trigger_controller_dag.py took 0.138 seconds
[2023-12-25T06:27:41.165-0300] {processor.py:161} INFO - Started process (PID=12739) to work on /home/felipe/.local/lib/python3.10/site-packages/airflow/example_dags/example_trigger_controller_dag.py
[2023-12-25T06:27:41.168-0300] {processor.py:830} INFO - Processing file /home/felipe/.local/lib/python3.10/site-packages/airflow/example_dags/example_trigger_controller_dag.py for tasks to queue
[2023-12-25T06:27:41.170-0300] {logging_mixin.py:188} INFO - [2023-12-25T06:27:41.169-0300] {dagbag.py:538} INFO - Filling up the DagBag from /home/felipe/.local/lib/python3.10/site-packages/airflow/example_dags/example_trigger_controller_dag.py
[2023-12-25T06:27:41.182-0300] {processor.py:840} INFO - DAG(s) 'example_trigger_controller_dag' retrieved from /home/felipe/.local/lib/python3.10/site-packages/airflow/example_dags/example_trigger_controller_dag.py
[2023-12-25T06:27:41.221-0300] {logging_mixin.py:188} INFO - [2023-12-25T06:27:41.221-0300] {dag.py:3033} INFO - Sync 1 DAGs
[2023-12-25T06:27:41.272-0300] {logging_mixin.py:188} INFO - [2023-12-25T06:27:41.271-0300] {dag.py:3820} INFO - Setting next_dagrun for example_trigger_controller_dag to 2021-01-01T00:00:00+00:00, run_after=2021-01-01T00:00:00+00:00
[2023-12-25T06:27:41.350-0300] {processor.py:183} INFO - Processing /home/felipe/.local/lib/python3.10/site-packages/airflow/example_dags/example_trigger_controller_dag.py took 0.193 seconds
[2023-12-25T06:28:33.215-0300] {processor.py:161} INFO - Started process (PID=12789) to work on /home/felipe/.local/lib/python3.10/site-packages/airflow/example_dags/example_trigger_controller_dag.py
[2023-12-25T06:28:33.218-0300] {processor.py:830} INFO - Processing file /home/felipe/.local/lib/python3.10/site-packages/airflow/example_dags/example_trigger_controller_dag.py for tasks to queue
[2023-12-25T06:28:33.220-0300] {logging_mixin.py:188} INFO - [2023-12-25T06:28:33.219-0300] {dagbag.py:538} INFO - Filling up the DagBag from /home/felipe/.local/lib/python3.10/site-packages/airflow/example_dags/example_trigger_controller_dag.py
[2023-12-25T06:28:33.229-0300] {processor.py:840} INFO - DAG(s) 'example_trigger_controller_dag' retrieved from /home/felipe/.local/lib/python3.10/site-packages/airflow/example_dags/example_trigger_controller_dag.py
[2023-12-25T06:28:33.256-0300] {logging_mixin.py:188} INFO - [2023-12-25T06:28:33.255-0300] {dag.py:3033} INFO - Sync 1 DAGs
[2023-12-25T06:28:33.316-0300] {logging_mixin.py:188} INFO - [2023-12-25T06:28:33.306-0300] {dag.py:3820} INFO - Setting next_dagrun for example_trigger_controller_dag to 2021-01-01T00:00:00+00:00, run_after=2021-01-01T00:00:00+00:00
[2023-12-25T06:28:33.384-0300] {processor.py:183} INFO - Processing /home/felipe/.local/lib/python3.10/site-packages/airflow/example_dags/example_trigger_controller_dag.py took 0.174 seconds
[2023-12-25T06:29:25.488-0300] {processor.py:161} INFO - Started process (PID=12835) to work on /home/felipe/.local/lib/python3.10/site-packages/airflow/example_dags/example_trigger_controller_dag.py
[2023-12-25T06:29:25.508-0300] {processor.py:830} INFO - Processing file /home/felipe/.local/lib/python3.10/site-packages/airflow/example_dags/example_trigger_controller_dag.py for tasks to queue
[2023-12-25T06:29:25.510-0300] {logging_mixin.py:188} INFO - [2023-12-25T06:29:25.509-0300] {dagbag.py:538} INFO - Filling up the DagBag from /home/felipe/.local/lib/python3.10/site-packages/airflow/example_dags/example_trigger_controller_dag.py
[2023-12-25T06:29:25.518-0300] {processor.py:840} INFO - DAG(s) 'example_trigger_controller_dag' retrieved from /home/felipe/.local/lib/python3.10/site-packages/airflow/example_dags/example_trigger_controller_dag.py
[2023-12-25T06:29:25.547-0300] {logging_mixin.py:188} INFO - [2023-12-25T06:29:25.547-0300] {dag.py:3033} INFO - Sync 1 DAGs
[2023-12-25T06:29:25.591-0300] {logging_mixin.py:188} INFO - [2023-12-25T06:29:25.591-0300] {dag.py:3820} INFO - Setting next_dagrun for example_trigger_controller_dag to 2021-01-01T00:00:00+00:00, run_after=2021-01-01T00:00:00+00:00
[2023-12-25T06:29:25.726-0300] {processor.py:183} INFO - Processing /home/felipe/.local/lib/python3.10/site-packages/airflow/example_dags/example_trigger_controller_dag.py took 0.242 seconds
[2023-12-25T06:30:16.501-0300] {processor.py:161} INFO - Started process (PID=12912) to work on /home/felipe/.local/lib/python3.10/site-packages/airflow/example_dags/example_trigger_controller_dag.py
[2023-12-25T06:30:16.510-0300] {processor.py:830} INFO - Processing file /home/felipe/.local/lib/python3.10/site-packages/airflow/example_dags/example_trigger_controller_dag.py for tasks to queue
[2023-12-25T06:30:16.512-0300] {logging_mixin.py:188} INFO - [2023-12-25T06:30:16.512-0300] {dagbag.py:538} INFO - Filling up the DagBag from /home/felipe/.local/lib/python3.10/site-packages/airflow/example_dags/example_trigger_controller_dag.py
[2023-12-25T06:30:16.524-0300] {processor.py:840} INFO - DAG(s) 'example_trigger_controller_dag' retrieved from /home/felipe/.local/lib/python3.10/site-packages/airflow/example_dags/example_trigger_controller_dag.py
[2023-12-25T06:30:16.556-0300] {logging_mixin.py:188} INFO - [2023-12-25T06:30:16.555-0300] {dag.py:3033} INFO - Sync 1 DAGs
[2023-12-25T06:30:16.608-0300] {logging_mixin.py:188} INFO - [2023-12-25T06:30:16.607-0300] {dag.py:3820} INFO - Setting next_dagrun for example_trigger_controller_dag to 2021-01-01T00:00:00+00:00, run_after=2021-01-01T00:00:00+00:00
[2023-12-25T06:30:16.670-0300] {processor.py:183} INFO - Processing /home/felipe/.local/lib/python3.10/site-packages/airflow/example_dags/example_trigger_controller_dag.py took 0.185 seconds
[2023-12-25T06:31:07.133-0300] {processor.py:161} INFO - Started process (PID=12965) to work on /home/felipe/.local/lib/python3.10/site-packages/airflow/example_dags/example_trigger_controller_dag.py
[2023-12-25T06:31:07.135-0300] {processor.py:830} INFO - Processing file /home/felipe/.local/lib/python3.10/site-packages/airflow/example_dags/example_trigger_controller_dag.py for tasks to queue
[2023-12-25T06:31:07.137-0300] {logging_mixin.py:188} INFO - [2023-12-25T06:31:07.136-0300] {dagbag.py:538} INFO - Filling up the DagBag from /home/felipe/.local/lib/python3.10/site-packages/airflow/example_dags/example_trigger_controller_dag.py
[2023-12-25T06:31:07.145-0300] {processor.py:840} INFO - DAG(s) 'example_trigger_controller_dag' retrieved from /home/felipe/.local/lib/python3.10/site-packages/airflow/example_dags/example_trigger_controller_dag.py
[2023-12-25T06:31:07.171-0300] {logging_mixin.py:188} INFO - [2023-12-25T06:31:07.170-0300] {dag.py:3033} INFO - Sync 1 DAGs
[2023-12-25T06:31:07.209-0300] {logging_mixin.py:188} INFO - [2023-12-25T06:31:07.209-0300] {dag.py:3820} INFO - Setting next_dagrun for example_trigger_controller_dag to 2021-01-01T00:00:00+00:00, run_after=2021-01-01T00:00:00+00:00
[2023-12-25T06:31:07.264-0300] {processor.py:183} INFO - Processing /home/felipe/.local/lib/python3.10/site-packages/airflow/example_dags/example_trigger_controller_dag.py took 0.135 seconds
[2023-12-25T06:32:06.233-0300] {processor.py:161} INFO - Started process (PID=13015) to work on /home/felipe/.local/lib/python3.10/site-packages/airflow/example_dags/example_trigger_controller_dag.py
[2023-12-25T06:32:06.236-0300] {processor.py:830} INFO - Processing file /home/felipe/.local/lib/python3.10/site-packages/airflow/example_dags/example_trigger_controller_dag.py for tasks to queue
[2023-12-25T06:32:06.238-0300] {logging_mixin.py:188} INFO - [2023-12-25T06:32:06.237-0300] {dagbag.py:538} INFO - Filling up the DagBag from /home/felipe/.local/lib/python3.10/site-packages/airflow/example_dags/example_trigger_controller_dag.py
[2023-12-25T06:32:06.246-0300] {processor.py:840} INFO - DAG(s) 'example_trigger_controller_dag' retrieved from /home/felipe/.local/lib/python3.10/site-packages/airflow/example_dags/example_trigger_controller_dag.py
[2023-12-25T06:32:06.284-0300] {logging_mixin.py:188} INFO - [2023-12-25T06:32:06.284-0300] {dag.py:3033} INFO - Sync 1 DAGs
[2023-12-25T06:32:06.386-0300] {logging_mixin.py:188} INFO - [2023-12-25T06:32:06.386-0300] {dag.py:3820} INFO - Setting next_dagrun for example_trigger_controller_dag to 2021-01-01T00:00:00+00:00, run_after=2021-01-01T00:00:00+00:00
[2023-12-25T06:32:06.448-0300] {processor.py:183} INFO - Processing /home/felipe/.local/lib/python3.10/site-packages/airflow/example_dags/example_trigger_controller_dag.py took 0.218 seconds
[2023-12-25T06:32:56.021-0300] {processor.py:161} INFO - Started process (PID=13061) to work on /home/felipe/.local/lib/python3.10/site-packages/airflow/example_dags/example_trigger_controller_dag.py
[2023-12-25T06:32:56.024-0300] {processor.py:830} INFO - Processing file /home/felipe/.local/lib/python3.10/site-packages/airflow/example_dags/example_trigger_controller_dag.py for tasks to queue
[2023-12-25T06:32:56.025-0300] {logging_mixin.py:188} INFO - [2023-12-25T06:32:56.025-0300] {dagbag.py:538} INFO - Filling up the DagBag from /home/felipe/.local/lib/python3.10/site-packages/airflow/example_dags/example_trigger_controller_dag.py
[2023-12-25T06:32:56.038-0300] {processor.py:840} INFO - DAG(s) 'example_trigger_controller_dag' retrieved from /home/felipe/.local/lib/python3.10/site-packages/airflow/example_dags/example_trigger_controller_dag.py
[2023-12-25T06:32:56.070-0300] {logging_mixin.py:188} INFO - [2023-12-25T06:32:56.070-0300] {dag.py:3033} INFO - Sync 1 DAGs
[2023-12-25T06:32:56.107-0300] {logging_mixin.py:188} INFO - [2023-12-25T06:32:56.107-0300] {dag.py:3820} INFO - Setting next_dagrun for example_trigger_controller_dag to 2021-01-01T00:00:00+00:00, run_after=2021-01-01T00:00:00+00:00
[2023-12-25T06:32:56.161-0300] {processor.py:183} INFO - Processing /home/felipe/.local/lib/python3.10/site-packages/airflow/example_dags/example_trigger_controller_dag.py took 0.146 seconds
[2023-12-25T06:33:45.115-0300] {processor.py:161} INFO - Started process (PID=13105) to work on /home/felipe/.local/lib/python3.10/site-packages/airflow/example_dags/example_trigger_controller_dag.py
[2023-12-25T06:33:45.117-0300] {processor.py:830} INFO - Processing file /home/felipe/.local/lib/python3.10/site-packages/airflow/example_dags/example_trigger_controller_dag.py for tasks to queue
[2023-12-25T06:33:45.119-0300] {logging_mixin.py:188} INFO - [2023-12-25T06:33:45.119-0300] {dagbag.py:538} INFO - Filling up the DagBag from /home/felipe/.local/lib/python3.10/site-packages/airflow/example_dags/example_trigger_controller_dag.py
[2023-12-25T06:33:45.130-0300] {processor.py:840} INFO - DAG(s) 'example_trigger_controller_dag' retrieved from /home/felipe/.local/lib/python3.10/site-packages/airflow/example_dags/example_trigger_controller_dag.py
[2023-12-25T06:33:45.163-0300] {logging_mixin.py:188} INFO - [2023-12-25T06:33:45.162-0300] {dag.py:3033} INFO - Sync 1 DAGs
[2023-12-25T06:33:45.221-0300] {logging_mixin.py:188} INFO - [2023-12-25T06:33:45.220-0300] {dag.py:3820} INFO - Setting next_dagrun for example_trigger_controller_dag to 2021-01-01T00:00:00+00:00, run_after=2021-01-01T00:00:00+00:00
[2023-12-25T06:33:45.269-0300] {processor.py:183} INFO - Processing /home/felipe/.local/lib/python3.10/site-packages/airflow/example_dags/example_trigger_controller_dag.py took 0.161 seconds
[2023-12-25T06:34:37.775-0300] {processor.py:161} INFO - Started process (PID=13153) to work on /home/felipe/.local/lib/python3.10/site-packages/airflow/example_dags/example_trigger_controller_dag.py
[2023-12-25T06:34:37.777-0300] {processor.py:830} INFO - Processing file /home/felipe/.local/lib/python3.10/site-packages/airflow/example_dags/example_trigger_controller_dag.py for tasks to queue
[2023-12-25T06:34:37.779-0300] {logging_mixin.py:188} INFO - [2023-12-25T06:34:37.778-0300] {dagbag.py:538} INFO - Filling up the DagBag from /home/felipe/.local/lib/python3.10/site-packages/airflow/example_dags/example_trigger_controller_dag.py
[2023-12-25T06:34:37.787-0300] {processor.py:840} INFO - DAG(s) 'example_trigger_controller_dag' retrieved from /home/felipe/.local/lib/python3.10/site-packages/airflow/example_dags/example_trigger_controller_dag.py
[2023-12-25T06:34:37.811-0300] {logging_mixin.py:188} INFO - [2023-12-25T06:34:37.811-0300] {dag.py:3033} INFO - Sync 1 DAGs
[2023-12-25T06:34:37.849-0300] {logging_mixin.py:188} INFO - [2023-12-25T06:34:37.848-0300] {dag.py:3820} INFO - Setting next_dagrun for example_trigger_controller_dag to 2021-01-01T00:00:00+00:00, run_after=2021-01-01T00:00:00+00:00
[2023-12-25T06:34:37.894-0300] {processor.py:183} INFO - Processing /home/felipe/.local/lib/python3.10/site-packages/airflow/example_dags/example_trigger_controller_dag.py took 0.124 seconds
[2023-12-25T06:35:30.263-0300] {processor.py:161} INFO - Started process (PID=13236) to work on /home/felipe/.local/lib/python3.10/site-packages/airflow/example_dags/example_trigger_controller_dag.py
[2023-12-25T06:35:30.265-0300] {processor.py:830} INFO - Processing file /home/felipe/.local/lib/python3.10/site-packages/airflow/example_dags/example_trigger_controller_dag.py for tasks to queue
[2023-12-25T06:35:30.268-0300] {logging_mixin.py:188} INFO - [2023-12-25T06:35:30.267-0300] {dagbag.py:538} INFO - Filling up the DagBag from /home/felipe/.local/lib/python3.10/site-packages/airflow/example_dags/example_trigger_controller_dag.py
[2023-12-25T06:35:30.278-0300] {processor.py:840} INFO - DAG(s) 'example_trigger_controller_dag' retrieved from /home/felipe/.local/lib/python3.10/site-packages/airflow/example_dags/example_trigger_controller_dag.py
[2023-12-25T06:35:30.310-0300] {logging_mixin.py:188} INFO - [2023-12-25T06:35:30.310-0300] {dag.py:3033} INFO - Sync 1 DAGs
[2023-12-25T06:35:30.360-0300] {logging_mixin.py:188} INFO - [2023-12-25T06:35:30.360-0300] {dag.py:3820} INFO - Setting next_dagrun for example_trigger_controller_dag to 2021-01-01T00:00:00+00:00, run_after=2021-01-01T00:00:00+00:00
[2023-12-25T06:35:30.415-0300] {processor.py:183} INFO - Processing /home/felipe/.local/lib/python3.10/site-packages/airflow/example_dags/example_trigger_controller_dag.py took 0.165 seconds
[2023-12-25T06:36:29.033-0300] {processor.py:161} INFO - Started process (PID=13288) to work on /home/felipe/.local/lib/python3.10/site-packages/airflow/example_dags/example_trigger_controller_dag.py
[2023-12-25T06:36:29.036-0300] {processor.py:830} INFO - Processing file /home/felipe/.local/lib/python3.10/site-packages/airflow/example_dags/example_trigger_controller_dag.py for tasks to queue
[2023-12-25T06:36:29.040-0300] {logging_mixin.py:188} INFO - [2023-12-25T06:36:29.039-0300] {dagbag.py:538} INFO - Filling up the DagBag from /home/felipe/.local/lib/python3.10/site-packages/airflow/example_dags/example_trigger_controller_dag.py
[2023-12-25T06:36:29.048-0300] {processor.py:840} INFO - DAG(s) 'example_trigger_controller_dag' retrieved from /home/felipe/.local/lib/python3.10/site-packages/airflow/example_dags/example_trigger_controller_dag.py
[2023-12-25T06:36:29.075-0300] {logging_mixin.py:188} INFO - [2023-12-25T06:36:29.075-0300] {dag.py:3033} INFO - Sync 1 DAGs
[2023-12-25T06:36:29.117-0300] {logging_mixin.py:188} INFO - [2023-12-25T06:36:29.116-0300] {dag.py:3820} INFO - Setting next_dagrun for example_trigger_controller_dag to 2021-01-01T00:00:00+00:00, run_after=2021-01-01T00:00:00+00:00
[2023-12-25T06:36:29.195-0300] {processor.py:183} INFO - Processing /home/felipe/.local/lib/python3.10/site-packages/airflow/example_dags/example_trigger_controller_dag.py took 0.170 seconds
[2023-12-25T06:37:27.141-0300] {processor.py:161} INFO - Started process (PID=13340) to work on /home/felipe/.local/lib/python3.10/site-packages/airflow/example_dags/example_trigger_controller_dag.py
[2023-12-25T06:37:27.143-0300] {processor.py:830} INFO - Processing file /home/felipe/.local/lib/python3.10/site-packages/airflow/example_dags/example_trigger_controller_dag.py for tasks to queue
[2023-12-25T06:37:27.147-0300] {logging_mixin.py:188} INFO - [2023-12-25T06:37:27.146-0300] {dagbag.py:538} INFO - Filling up the DagBag from /home/felipe/.local/lib/python3.10/site-packages/airflow/example_dags/example_trigger_controller_dag.py
[2023-12-25T06:37:27.158-0300] {processor.py:840} INFO - DAG(s) 'example_trigger_controller_dag' retrieved from /home/felipe/.local/lib/python3.10/site-packages/airflow/example_dags/example_trigger_controller_dag.py
[2023-12-25T06:37:27.187-0300] {logging_mixin.py:188} INFO - [2023-12-25T06:37:27.187-0300] {dag.py:3033} INFO - Sync 1 DAGs
[2023-12-25T06:37:27.242-0300] {logging_mixin.py:188} INFO - [2023-12-25T06:37:27.241-0300] {dag.py:3820} INFO - Setting next_dagrun for example_trigger_controller_dag to 2021-01-01T00:00:00+00:00, run_after=2021-01-01T00:00:00+00:00
[2023-12-25T06:37:27.298-0300] {processor.py:183} INFO - Processing /home/felipe/.local/lib/python3.10/site-packages/airflow/example_dags/example_trigger_controller_dag.py took 0.161 seconds
[2023-12-25T06:38:28.170-0300] {processor.py:161} INFO - Started process (PID=13393) to work on /home/felipe/.local/lib/python3.10/site-packages/airflow/example_dags/example_trigger_controller_dag.py
[2023-12-25T06:38:28.173-0300] {processor.py:830} INFO - Processing file /home/felipe/.local/lib/python3.10/site-packages/airflow/example_dags/example_trigger_controller_dag.py for tasks to queue
[2023-12-25T06:38:28.177-0300] {logging_mixin.py:188} INFO - [2023-12-25T06:38:28.175-0300] {dagbag.py:538} INFO - Filling up the DagBag from /home/felipe/.local/lib/python3.10/site-packages/airflow/example_dags/example_trigger_controller_dag.py
[2023-12-25T06:38:28.186-0300] {processor.py:840} INFO - DAG(s) 'example_trigger_controller_dag' retrieved from /home/felipe/.local/lib/python3.10/site-packages/airflow/example_dags/example_trigger_controller_dag.py
[2023-12-25T06:38:28.220-0300] {logging_mixin.py:188} INFO - [2023-12-25T06:38:28.220-0300] {dag.py:3033} INFO - Sync 1 DAGs
[2023-12-25T06:38:28.268-0300] {logging_mixin.py:188} INFO - [2023-12-25T06:38:28.268-0300] {dag.py:3820} INFO - Setting next_dagrun for example_trigger_controller_dag to 2021-01-01T00:00:00+00:00, run_after=2021-01-01T00:00:00+00:00
[2023-12-25T06:38:28.322-0300] {processor.py:183} INFO - Processing /home/felipe/.local/lib/python3.10/site-packages/airflow/example_dags/example_trigger_controller_dag.py took 0.158 seconds
