[2023-12-25T06:23:02.656-0300] {processor.py:161} INFO - Started process (PID=12440) to work on /home/felipe/.local/lib/python3.10/site-packages/airflow/example_dags/example_branch_labels.py
[2023-12-25T06:23:02.658-0300] {processor.py:830} INFO - Processing file /home/felipe/.local/lib/python3.10/site-packages/airflow/example_dags/example_branch_labels.py for tasks to queue
[2023-12-25T06:23:02.660-0300] {logging_mixin.py:188} INFO - [2023-12-25T06:23:02.659-0300] {dagbag.py:538} INFO - Filling up the DagBag from /home/felipe/.local/lib/python3.10/site-packages/airflow/example_dags/example_branch_labels.py
[2023-12-25T06:23:02.680-0300] {processor.py:840} INFO - DAG(s) 'example_branch_labels' retrieved from /home/felipe/.local/lib/python3.10/site-packages/airflow/example_dags/example_branch_labels.py
[2023-12-25T06:23:02.713-0300] {logging_mixin.py:188} INFO - [2023-12-25T06:23:02.713-0300] {dag.py:3033} INFO - Sync 1 DAGs
[2023-12-25T06:23:02.758-0300] {logging_mixin.py:188} INFO - [2023-12-25T06:23:02.758-0300] {dag.py:3820} INFO - Setting next_dagrun for example_branch_labels to 2023-12-24T00:00:00+00:00, run_after=2023-12-25T00:00:00+00:00
[2023-12-25T06:23:02.816-0300] {processor.py:183} INFO - Processing /home/felipe/.local/lib/python3.10/site-packages/airflow/example_dags/example_branch_labels.py took 0.165 seconds
[2023-12-25T06:24:01.064-0300] {processor.py:161} INFO - Started process (PID=12493) to work on /home/felipe/.local/lib/python3.10/site-packages/airflow/example_dags/example_branch_labels.py
[2023-12-25T06:24:01.081-0300] {processor.py:830} INFO - Processing file /home/felipe/.local/lib/python3.10/site-packages/airflow/example_dags/example_branch_labels.py for tasks to queue
[2023-12-25T06:24:01.083-0300] {logging_mixin.py:188} INFO - [2023-12-25T06:24:01.082-0300] {dagbag.py:538} INFO - Filling up the DagBag from /home/felipe/.local/lib/python3.10/site-packages/airflow/example_dags/example_branch_labels.py
[2023-12-25T06:24:01.097-0300] {processor.py:840} INFO - DAG(s) 'example_branch_labels' retrieved from /home/felipe/.local/lib/python3.10/site-packages/airflow/example_dags/example_branch_labels.py
[2023-12-25T06:24:01.127-0300] {logging_mixin.py:188} INFO - [2023-12-25T06:24:01.127-0300] {dag.py:3033} INFO - Sync 1 DAGs
[2023-12-25T06:24:01.185-0300] {logging_mixin.py:188} INFO - [2023-12-25T06:24:01.184-0300] {dag.py:3820} INFO - Setting next_dagrun for example_branch_labels to 2023-12-24T00:00:00+00:00, run_after=2023-12-25T00:00:00+00:00
[2023-12-25T06:24:01.250-0300] {processor.py:183} INFO - Processing /home/felipe/.local/lib/python3.10/site-packages/airflow/example_dags/example_branch_labels.py took 0.190 seconds
[2023-12-25T06:24:56.039-0300] {processor.py:161} INFO - Started process (PID=12543) to work on /home/felipe/.local/lib/python3.10/site-packages/airflow/example_dags/example_branch_labels.py
[2023-12-25T06:24:56.041-0300] {processor.py:830} INFO - Processing file /home/felipe/.local/lib/python3.10/site-packages/airflow/example_dags/example_branch_labels.py for tasks to queue
[2023-12-25T06:24:56.043-0300] {logging_mixin.py:188} INFO - [2023-12-25T06:24:56.042-0300] {dagbag.py:538} INFO - Filling up the DagBag from /home/felipe/.local/lib/python3.10/site-packages/airflow/example_dags/example_branch_labels.py
[2023-12-25T06:24:56.062-0300] {processor.py:840} INFO - DAG(s) 'example_branch_labels' retrieved from /home/felipe/.local/lib/python3.10/site-packages/airflow/example_dags/example_branch_labels.py
[2023-12-25T06:24:56.095-0300] {logging_mixin.py:188} INFO - [2023-12-25T06:24:56.094-0300] {dag.py:3033} INFO - Sync 1 DAGs
[2023-12-25T06:24:56.149-0300] {logging_mixin.py:188} INFO - [2023-12-25T06:24:56.148-0300] {dag.py:3820} INFO - Setting next_dagrun for example_branch_labels to 2023-12-24T00:00:00+00:00, run_after=2023-12-25T00:00:00+00:00
[2023-12-25T06:24:56.196-0300] {processor.py:183} INFO - Processing /home/felipe/.local/lib/python3.10/site-packages/airflow/example_dags/example_branch_labels.py took 0.162 seconds
[2023-12-25T06:25:47.113-0300] {processor.py:161} INFO - Started process (PID=12626) to work on /home/felipe/.local/lib/python3.10/site-packages/airflow/example_dags/example_branch_labels.py
[2023-12-25T06:25:47.115-0300] {processor.py:830} INFO - Processing file /home/felipe/.local/lib/python3.10/site-packages/airflow/example_dags/example_branch_labels.py for tasks to queue
[2023-12-25T06:25:47.116-0300] {logging_mixin.py:188} INFO - [2023-12-25T06:25:47.116-0300] {dagbag.py:538} INFO - Filling up the DagBag from /home/felipe/.local/lib/python3.10/site-packages/airflow/example_dags/example_branch_labels.py
[2023-12-25T06:25:47.130-0300] {processor.py:840} INFO - DAG(s) 'example_branch_labels' retrieved from /home/felipe/.local/lib/python3.10/site-packages/airflow/example_dags/example_branch_labels.py
[2023-12-25T06:25:47.158-0300] {logging_mixin.py:188} INFO - [2023-12-25T06:25:47.158-0300] {dag.py:3033} INFO - Sync 1 DAGs
[2023-12-25T06:25:47.199-0300] {logging_mixin.py:188} INFO - [2023-12-25T06:25:47.199-0300] {dag.py:3820} INFO - Setting next_dagrun for example_branch_labels to 2023-12-24T00:00:00+00:00, run_after=2023-12-25T00:00:00+00:00
[2023-12-25T06:25:47.245-0300] {processor.py:183} INFO - Processing /home/felipe/.local/lib/python3.10/site-packages/airflow/example_dags/example_branch_labels.py took 0.137 seconds
[2023-12-25T06:26:40.787-0300] {processor.py:161} INFO - Started process (PID=12683) to work on /home/felipe/.local/lib/python3.10/site-packages/airflow/example_dags/example_branch_labels.py
[2023-12-25T06:26:40.790-0300] {processor.py:830} INFO - Processing file /home/felipe/.local/lib/python3.10/site-packages/airflow/example_dags/example_branch_labels.py for tasks to queue
[2023-12-25T06:26:40.792-0300] {logging_mixin.py:188} INFO - [2023-12-25T06:26:40.791-0300] {dagbag.py:538} INFO - Filling up the DagBag from /home/felipe/.local/lib/python3.10/site-packages/airflow/example_dags/example_branch_labels.py
[2023-12-25T06:26:40.815-0300] {processor.py:840} INFO - DAG(s) 'example_branch_labels' retrieved from /home/felipe/.local/lib/python3.10/site-packages/airflow/example_dags/example_branch_labels.py
[2023-12-25T06:26:40.867-0300] {logging_mixin.py:188} INFO - [2023-12-25T06:26:40.867-0300] {dag.py:3033} INFO - Sync 1 DAGs
[2023-12-25T06:26:40.923-0300] {logging_mixin.py:188} INFO - [2023-12-25T06:26:40.922-0300] {dag.py:3820} INFO - Setting next_dagrun for example_branch_labels to 2023-12-24T00:00:00+00:00, run_after=2023-12-25T00:00:00+00:00
[2023-12-25T06:26:40.969-0300] {processor.py:183} INFO - Processing /home/felipe/.local/lib/python3.10/site-packages/airflow/example_dags/example_branch_labels.py took 0.196 seconds
[2023-12-25T06:27:29.674-0300] {processor.py:161} INFO - Started process (PID=12729) to work on /home/felipe/.local/lib/python3.10/site-packages/airflow/example_dags/example_branch_labels.py
[2023-12-25T06:27:29.676-0300] {processor.py:830} INFO - Processing file /home/felipe/.local/lib/python3.10/site-packages/airflow/example_dags/example_branch_labels.py for tasks to queue
[2023-12-25T06:27:29.678-0300] {logging_mixin.py:188} INFO - [2023-12-25T06:27:29.677-0300] {dagbag.py:538} INFO - Filling up the DagBag from /home/felipe/.local/lib/python3.10/site-packages/airflow/example_dags/example_branch_labels.py
[2023-12-25T06:27:29.693-0300] {processor.py:840} INFO - DAG(s) 'example_branch_labels' retrieved from /home/felipe/.local/lib/python3.10/site-packages/airflow/example_dags/example_branch_labels.py
[2023-12-25T06:27:29.722-0300] {logging_mixin.py:188} INFO - [2023-12-25T06:27:29.722-0300] {dag.py:3033} INFO - Sync 1 DAGs
[2023-12-25T06:27:29.763-0300] {logging_mixin.py:188} INFO - [2023-12-25T06:27:29.762-0300] {dag.py:3820} INFO - Setting next_dagrun for example_branch_labels to 2023-12-24T00:00:00+00:00, run_after=2023-12-25T00:00:00+00:00
[2023-12-25T06:27:29.809-0300] {processor.py:183} INFO - Processing /home/felipe/.local/lib/python3.10/site-packages/airflow/example_dags/example_branch_labels.py took 0.141 seconds
[2023-12-25T06:28:20.945-0300] {processor.py:161} INFO - Started process (PID=12778) to work on /home/felipe/.local/lib/python3.10/site-packages/airflow/example_dags/example_branch_labels.py
[2023-12-25T06:28:20.947-0300] {processor.py:830} INFO - Processing file /home/felipe/.local/lib/python3.10/site-packages/airflow/example_dags/example_branch_labels.py for tasks to queue
[2023-12-25T06:28:20.949-0300] {logging_mixin.py:188} INFO - [2023-12-25T06:28:20.948-0300] {dagbag.py:538} INFO - Filling up the DagBag from /home/felipe/.local/lib/python3.10/site-packages/airflow/example_dags/example_branch_labels.py
[2023-12-25T06:28:20.963-0300] {processor.py:840} INFO - DAG(s) 'example_branch_labels' retrieved from /home/felipe/.local/lib/python3.10/site-packages/airflow/example_dags/example_branch_labels.py
[2023-12-25T06:28:20.992-0300] {logging_mixin.py:188} INFO - [2023-12-25T06:28:20.991-0300] {dag.py:3033} INFO - Sync 1 DAGs
[2023-12-25T06:28:21.035-0300] {logging_mixin.py:188} INFO - [2023-12-25T06:28:21.035-0300] {dag.py:3820} INFO - Setting next_dagrun for example_branch_labels to 2023-12-24T00:00:00+00:00, run_after=2023-12-25T00:00:00+00:00
[2023-12-25T06:28:21.081-0300] {processor.py:183} INFO - Processing /home/felipe/.local/lib/python3.10/site-packages/airflow/example_dags/example_branch_labels.py took 0.140 seconds
[2023-12-25T06:29:13.821-0300] {processor.py:161} INFO - Started process (PID=12824) to work on /home/felipe/.local/lib/python3.10/site-packages/airflow/example_dags/example_branch_labels.py
[2023-12-25T06:29:13.826-0300] {processor.py:830} INFO - Processing file /home/felipe/.local/lib/python3.10/site-packages/airflow/example_dags/example_branch_labels.py for tasks to queue
[2023-12-25T06:29:13.827-0300] {logging_mixin.py:188} INFO - [2023-12-25T06:29:13.827-0300] {dagbag.py:538} INFO - Filling up the DagBag from /home/felipe/.local/lib/python3.10/site-packages/airflow/example_dags/example_branch_labels.py
[2023-12-25T06:29:13.841-0300] {processor.py:840} INFO - DAG(s) 'example_branch_labels' retrieved from /home/felipe/.local/lib/python3.10/site-packages/airflow/example_dags/example_branch_labels.py
[2023-12-25T06:29:13.874-0300] {logging_mixin.py:188} INFO - [2023-12-25T06:29:13.874-0300] {dag.py:3033} INFO - Sync 1 DAGs
[2023-12-25T06:29:13.936-0300] {logging_mixin.py:188} INFO - [2023-12-25T06:29:13.935-0300] {dag.py:3820} INFO - Setting next_dagrun for example_branch_labels to 2023-12-24T00:00:00+00:00, run_after=2023-12-25T00:00:00+00:00
[2023-12-25T06:29:14.021-0300] {processor.py:183} INFO - Processing /home/felipe/.local/lib/python3.10/site-packages/airflow/example_dags/example_branch_labels.py took 0.205 seconds
[2023-12-25T06:30:04.516-0300] {processor.py:161} INFO - Started process (PID=12899) to work on /home/felipe/.local/lib/python3.10/site-packages/airflow/example_dags/example_branch_labels.py
[2023-12-25T06:30:04.518-0300] {processor.py:830} INFO - Processing file /home/felipe/.local/lib/python3.10/site-packages/airflow/example_dags/example_branch_labels.py for tasks to queue
[2023-12-25T06:30:04.520-0300] {logging_mixin.py:188} INFO - [2023-12-25T06:30:04.520-0300] {dagbag.py:538} INFO - Filling up the DagBag from /home/felipe/.local/lib/python3.10/site-packages/airflow/example_dags/example_branch_labels.py
[2023-12-25T06:30:04.536-0300] {processor.py:840} INFO - DAG(s) 'example_branch_labels' retrieved from /home/felipe/.local/lib/python3.10/site-packages/airflow/example_dags/example_branch_labels.py
[2023-12-25T06:30:04.568-0300] {logging_mixin.py:188} INFO - [2023-12-25T06:30:04.568-0300] {dag.py:3033} INFO - Sync 1 DAGs
[2023-12-25T06:30:04.613-0300] {logging_mixin.py:188} INFO - [2023-12-25T06:30:04.612-0300] {dag.py:3820} INFO - Setting next_dagrun for example_branch_labels to 2023-12-24T00:00:00+00:00, run_after=2023-12-25T00:00:00+00:00
[2023-12-25T06:30:04.663-0300] {processor.py:183} INFO - Processing /home/felipe/.local/lib/python3.10/site-packages/airflow/example_dags/example_branch_labels.py took 0.151 seconds
[2023-12-25T06:30:54.540-0300] {processor.py:161} INFO - Started process (PID=12954) to work on /home/felipe/.local/lib/python3.10/site-packages/airflow/example_dags/example_branch_labels.py
[2023-12-25T06:30:54.542-0300] {processor.py:830} INFO - Processing file /home/felipe/.local/lib/python3.10/site-packages/airflow/example_dags/example_branch_labels.py for tasks to queue
[2023-12-25T06:30:54.544-0300] {logging_mixin.py:188} INFO - [2023-12-25T06:30:54.543-0300] {dagbag.py:538} INFO - Filling up the DagBag from /home/felipe/.local/lib/python3.10/site-packages/airflow/example_dags/example_branch_labels.py
[2023-12-25T06:30:54.561-0300] {processor.py:840} INFO - DAG(s) 'example_branch_labels' retrieved from /home/felipe/.local/lib/python3.10/site-packages/airflow/example_dags/example_branch_labels.py
[2023-12-25T06:30:54.600-0300] {logging_mixin.py:188} INFO - [2023-12-25T06:30:54.599-0300] {dag.py:3033} INFO - Sync 1 DAGs
[2023-12-25T06:30:54.663-0300] {logging_mixin.py:188} INFO - [2023-12-25T06:30:54.663-0300] {dag.py:3820} INFO - Setting next_dagrun for example_branch_labels to 2023-12-24T00:00:00+00:00, run_after=2023-12-25T00:00:00+00:00
[2023-12-25T06:30:54.726-0300] {processor.py:183} INFO - Processing /home/felipe/.local/lib/python3.10/site-packages/airflow/example_dags/example_branch_labels.py took 0.191 seconds
[2023-12-25T06:31:49.170-0300] {processor.py:161} INFO - Started process (PID=13001) to work on /home/felipe/.local/lib/python3.10/site-packages/airflow/example_dags/example_branch_labels.py
[2023-12-25T06:31:49.172-0300] {processor.py:830} INFO - Processing file /home/felipe/.local/lib/python3.10/site-packages/airflow/example_dags/example_branch_labels.py for tasks to queue
[2023-12-25T06:31:49.174-0300] {logging_mixin.py:188} INFO - [2023-12-25T06:31:49.173-0300] {dagbag.py:538} INFO - Filling up the DagBag from /home/felipe/.local/lib/python3.10/site-packages/airflow/example_dags/example_branch_labels.py
[2023-12-25T06:31:49.191-0300] {processor.py:840} INFO - DAG(s) 'example_branch_labels' retrieved from /home/felipe/.local/lib/python3.10/site-packages/airflow/example_dags/example_branch_labels.py
[2023-12-25T06:31:49.222-0300] {logging_mixin.py:188} INFO - [2023-12-25T06:31:49.221-0300] {dag.py:3033} INFO - Sync 1 DAGs
[2023-12-25T06:31:49.273-0300] {logging_mixin.py:188} INFO - [2023-12-25T06:31:49.272-0300] {dag.py:3820} INFO - Setting next_dagrun for example_branch_labels to 2023-12-24T00:00:00+00:00, run_after=2023-12-25T00:00:00+00:00
[2023-12-25T06:31:49.320-0300] {processor.py:183} INFO - Processing /home/felipe/.local/lib/python3.10/site-packages/airflow/example_dags/example_branch_labels.py took 0.156 seconds
[2023-12-25T06:32:43.173-0300] {processor.py:161} INFO - Started process (PID=13050) to work on /home/felipe/.local/lib/python3.10/site-packages/airflow/example_dags/example_branch_labels.py
[2023-12-25T06:32:43.175-0300] {processor.py:830} INFO - Processing file /home/felipe/.local/lib/python3.10/site-packages/airflow/example_dags/example_branch_labels.py for tasks to queue
[2023-12-25T06:32:43.177-0300] {logging_mixin.py:188} INFO - [2023-12-25T06:32:43.176-0300] {dagbag.py:538} INFO - Filling up the DagBag from /home/felipe/.local/lib/python3.10/site-packages/airflow/example_dags/example_branch_labels.py
[2023-12-25T06:32:43.191-0300] {processor.py:840} INFO - DAG(s) 'example_branch_labels' retrieved from /home/felipe/.local/lib/python3.10/site-packages/airflow/example_dags/example_branch_labels.py
[2023-12-25T06:32:43.222-0300] {logging_mixin.py:188} INFO - [2023-12-25T06:32:43.221-0300] {dag.py:3033} INFO - Sync 1 DAGs
[2023-12-25T06:32:43.272-0300] {logging_mixin.py:188} INFO - [2023-12-25T06:32:43.272-0300] {dag.py:3820} INFO - Setting next_dagrun for example_branch_labels to 2023-12-24T00:00:00+00:00, run_after=2023-12-25T00:00:00+00:00
[2023-12-25T06:32:43.320-0300] {processor.py:183} INFO - Processing /home/felipe/.local/lib/python3.10/site-packages/airflow/example_dags/example_branch_labels.py took 0.152 seconds
[2023-12-25T06:33:32.540-0300] {processor.py:161} INFO - Started process (PID=13094) to work on /home/felipe/.local/lib/python3.10/site-packages/airflow/example_dags/example_branch_labels.py
[2023-12-25T06:33:32.542-0300] {processor.py:830} INFO - Processing file /home/felipe/.local/lib/python3.10/site-packages/airflow/example_dags/example_branch_labels.py for tasks to queue
[2023-12-25T06:33:32.544-0300] {logging_mixin.py:188} INFO - [2023-12-25T06:33:32.543-0300] {dagbag.py:538} INFO - Filling up the DagBag from /home/felipe/.local/lib/python3.10/site-packages/airflow/example_dags/example_branch_labels.py
[2023-12-25T06:33:32.557-0300] {processor.py:840} INFO - DAG(s) 'example_branch_labels' retrieved from /home/felipe/.local/lib/python3.10/site-packages/airflow/example_dags/example_branch_labels.py
[2023-12-25T06:33:32.587-0300] {logging_mixin.py:188} INFO - [2023-12-25T06:33:32.587-0300] {dag.py:3033} INFO - Sync 1 DAGs
[2023-12-25T06:33:32.636-0300] {logging_mixin.py:188} INFO - [2023-12-25T06:33:32.636-0300] {dag.py:3820} INFO - Setting next_dagrun for example_branch_labels to 2023-12-24T00:00:00+00:00, run_after=2023-12-25T00:00:00+00:00
[2023-12-25T06:33:32.688-0300] {processor.py:183} INFO - Processing /home/felipe/.local/lib/python3.10/site-packages/airflow/example_dags/example_branch_labels.py took 0.153 seconds
[2023-12-25T06:34:24.546-0300] {processor.py:161} INFO - Started process (PID=13141) to work on /home/felipe/.local/lib/python3.10/site-packages/airflow/example_dags/example_branch_labels.py
[2023-12-25T06:34:24.549-0300] {processor.py:830} INFO - Processing file /home/felipe/.local/lib/python3.10/site-packages/airflow/example_dags/example_branch_labels.py for tasks to queue
[2023-12-25T06:34:24.551-0300] {logging_mixin.py:188} INFO - [2023-12-25T06:34:24.550-0300] {dagbag.py:538} INFO - Filling up the DagBag from /home/felipe/.local/lib/python3.10/site-packages/airflow/example_dags/example_branch_labels.py
[2023-12-25T06:34:24.564-0300] {processor.py:840} INFO - DAG(s) 'example_branch_labels' retrieved from /home/felipe/.local/lib/python3.10/site-packages/airflow/example_dags/example_branch_labels.py
[2023-12-25T06:34:24.593-0300] {logging_mixin.py:188} INFO - [2023-12-25T06:34:24.593-0300] {dag.py:3033} INFO - Sync 1 DAGs
[2023-12-25T06:34:24.642-0300] {logging_mixin.py:188} INFO - [2023-12-25T06:34:24.641-0300] {dag.py:3820} INFO - Setting next_dagrun for example_branch_labels to 2023-12-24T00:00:00+00:00, run_after=2023-12-25T00:00:00+00:00
[2023-12-25T06:34:24.690-0300] {processor.py:183} INFO - Processing /home/felipe/.local/lib/python3.10/site-packages/airflow/example_dags/example_branch_labels.py took 0.148 seconds
[2023-12-25T06:35:17.046-0300] {processor.py:161} INFO - Started process (PID=13223) to work on /home/felipe/.local/lib/python3.10/site-packages/airflow/example_dags/example_branch_labels.py
[2023-12-25T06:35:17.050-0300] {processor.py:830} INFO - Processing file /home/felipe/.local/lib/python3.10/site-packages/airflow/example_dags/example_branch_labels.py for tasks to queue
[2023-12-25T06:35:17.055-0300] {logging_mixin.py:188} INFO - [2023-12-25T06:35:17.052-0300] {dagbag.py:538} INFO - Filling up the DagBag from /home/felipe/.local/lib/python3.10/site-packages/airflow/example_dags/example_branch_labels.py
[2023-12-25T06:35:17.074-0300] {processor.py:840} INFO - DAG(s) 'example_branch_labels' retrieved from /home/felipe/.local/lib/python3.10/site-packages/airflow/example_dags/example_branch_labels.py
[2023-12-25T06:35:17.111-0300] {logging_mixin.py:188} INFO - [2023-12-25T06:35:17.110-0300] {dag.py:3033} INFO - Sync 1 DAGs
[2023-12-25T06:35:17.182-0300] {logging_mixin.py:188} INFO - [2023-12-25T06:35:17.181-0300] {dag.py:3820} INFO - Setting next_dagrun for example_branch_labels to 2023-12-24T00:00:00+00:00, run_after=2023-12-25T00:00:00+00:00
[2023-12-25T06:35:17.238-0300] {processor.py:183} INFO - Processing /home/felipe/.local/lib/python3.10/site-packages/airflow/example_dags/example_branch_labels.py took 0.207 seconds
[2023-12-25T06:36:12.656-0300] {processor.py:161} INFO - Started process (PID=13274) to work on /home/felipe/.local/lib/python3.10/site-packages/airflow/example_dags/example_branch_labels.py
[2023-12-25T06:36:12.659-0300] {processor.py:830} INFO - Processing file /home/felipe/.local/lib/python3.10/site-packages/airflow/example_dags/example_branch_labels.py for tasks to queue
[2023-12-25T06:36:12.662-0300] {logging_mixin.py:188} INFO - [2023-12-25T06:36:12.660-0300] {dagbag.py:538} INFO - Filling up the DagBag from /home/felipe/.local/lib/python3.10/site-packages/airflow/example_dags/example_branch_labels.py
[2023-12-25T06:36:12.678-0300] {processor.py:840} INFO - DAG(s) 'example_branch_labels' retrieved from /home/felipe/.local/lib/python3.10/site-packages/airflow/example_dags/example_branch_labels.py
[2023-12-25T06:36:12.718-0300] {logging_mixin.py:188} INFO - [2023-12-25T06:36:12.718-0300] {dag.py:3033} INFO - Sync 1 DAGs
[2023-12-25T06:36:12.767-0300] {logging_mixin.py:188} INFO - [2023-12-25T06:36:12.766-0300] {dag.py:3820} INFO - Setting next_dagrun for example_branch_labels to 2023-12-24T00:00:00+00:00, run_after=2023-12-25T00:00:00+00:00
[2023-12-25T06:36:12.813-0300] {processor.py:183} INFO - Processing /home/felipe/.local/lib/python3.10/site-packages/airflow/example_dags/example_branch_labels.py took 0.161 seconds
[2023-12-25T06:37:11.223-0300] {processor.py:161} INFO - Started process (PID=13326) to work on /home/felipe/.local/lib/python3.10/site-packages/airflow/example_dags/example_branch_labels.py
[2023-12-25T06:37:11.226-0300] {processor.py:830} INFO - Processing file /home/felipe/.local/lib/python3.10/site-packages/airflow/example_dags/example_branch_labels.py for tasks to queue
[2023-12-25T06:37:11.228-0300] {logging_mixin.py:188} INFO - [2023-12-25T06:37:11.227-0300] {dagbag.py:538} INFO - Filling up the DagBag from /home/felipe/.local/lib/python3.10/site-packages/airflow/example_dags/example_branch_labels.py
[2023-12-25T06:37:11.243-0300] {processor.py:840} INFO - DAG(s) 'example_branch_labels' retrieved from /home/felipe/.local/lib/python3.10/site-packages/airflow/example_dags/example_branch_labels.py
[2023-12-25T06:37:11.275-0300] {logging_mixin.py:188} INFO - [2023-12-25T06:37:11.275-0300] {dag.py:3033} INFO - Sync 1 DAGs
[2023-12-25T06:37:11.340-0300] {logging_mixin.py:188} INFO - [2023-12-25T06:37:11.339-0300] {dag.py:3820} INFO - Setting next_dagrun for example_branch_labels to 2023-12-24T00:00:00+00:00, run_after=2023-12-25T00:00:00+00:00
[2023-12-25T06:37:11.414-0300] {processor.py:183} INFO - Processing /home/felipe/.local/lib/python3.10/site-packages/airflow/example_dags/example_branch_labels.py took 0.197 seconds
[2023-12-25T06:38:13.057-0300] {processor.py:161} INFO - Started process (PID=13379) to work on /home/felipe/.local/lib/python3.10/site-packages/airflow/example_dags/example_branch_labels.py
[2023-12-25T06:38:13.062-0300] {processor.py:830} INFO - Processing file /home/felipe/.local/lib/python3.10/site-packages/airflow/example_dags/example_branch_labels.py for tasks to queue
[2023-12-25T06:38:13.065-0300] {logging_mixin.py:188} INFO - [2023-12-25T06:38:13.064-0300] {dagbag.py:538} INFO - Filling up the DagBag from /home/felipe/.local/lib/python3.10/site-packages/airflow/example_dags/example_branch_labels.py
[2023-12-25T06:38:13.092-0300] {processor.py:840} INFO - DAG(s) 'example_branch_labels' retrieved from /home/felipe/.local/lib/python3.10/site-packages/airflow/example_dags/example_branch_labels.py
[2023-12-25T06:38:13.148-0300] {logging_mixin.py:188} INFO - [2023-12-25T06:38:13.148-0300] {dag.py:3033} INFO - Sync 1 DAGs
[2023-12-25T06:38:13.261-0300] {logging_mixin.py:188} INFO - [2023-12-25T06:38:13.260-0300] {dag.py:3820} INFO - Setting next_dagrun for example_branch_labels to 2023-12-24T00:00:00+00:00, run_after=2023-12-25T00:00:00+00:00
[2023-12-25T06:38:13.382-0300] {processor.py:183} INFO - Processing /home/felipe/.local/lib/python3.10/site-packages/airflow/example_dags/example_branch_labels.py took 0.335 seconds
