[2023-12-25T06:22:54.085-0300] {processor.py:161} INFO - Started process (PID=12430) to work on /home/felipe/.local/lib/python3.10/site-packages/airflow/example_dags/example_sla_dag.py
[2023-12-25T06:22:54.087-0300] {processor.py:830} INFO - Processing file /home/felipe/.local/lib/python3.10/site-packages/airflow/example_dags/example_sla_dag.py for tasks to queue
[2023-12-25T06:22:54.088-0300] {logging_mixin.py:188} INFO - [2023-12-25T06:22:54.088-0300] {dagbag.py:538} INFO - Filling up the DagBag from /home/felipe/.local/lib/python3.10/site-packages/airflow/example_dags/example_sla_dag.py
[2023-12-25T06:22:54.103-0300] {processor.py:840} INFO - DAG(s) 'example_sla_dag' retrieved from /home/felipe/.local/lib/python3.10/site-packages/airflow/example_dags/example_sla_dag.py
[2023-12-25T06:22:54.128-0300] {logging_mixin.py:188} INFO - [2023-12-25T06:22:54.128-0300] {dag.py:3033} INFO - Sync 1 DAGs
[2023-12-25T06:22:54.182-0300] {logging_mixin.py:188} INFO - [2023-12-25T06:22:54.181-0300] {dag.py:3820} INFO - Setting next_dagrun for example_sla_dag to 2023-12-25T09:20:00+00:00, run_after=2023-12-25T09:22:00+00:00
[2023-12-25T06:22:54.233-0300] {processor.py:183} INFO - Processing /home/felipe/.local/lib/python3.10/site-packages/airflow/example_dags/example_sla_dag.py took 0.152 seconds
[2023-12-25T06:23:51.856-0300] {processor.py:161} INFO - Started process (PID=12485) to work on /home/felipe/.local/lib/python3.10/site-packages/airflow/example_dags/example_sla_dag.py
[2023-12-25T06:23:51.916-0300] {processor.py:830} INFO - Processing file /home/felipe/.local/lib/python3.10/site-packages/airflow/example_dags/example_sla_dag.py for tasks to queue
[2023-12-25T06:23:51.918-0300] {logging_mixin.py:188} INFO - [2023-12-25T06:23:51.917-0300] {dagbag.py:538} INFO - Filling up the DagBag from /home/felipe/.local/lib/python3.10/site-packages/airflow/example_dags/example_sla_dag.py
[2023-12-25T06:23:51.971-0300] {processor.py:840} INFO - DAG(s) 'example_sla_dag' retrieved from /home/felipe/.local/lib/python3.10/site-packages/airflow/example_dags/example_sla_dag.py
[2023-12-25T06:23:52.043-0300] {logging_mixin.py:188} INFO - [2023-12-25T06:23:52.043-0300] {dag.py:3033} INFO - Sync 1 DAGs
[2023-12-25T06:23:52.142-0300] {logging_mixin.py:188} INFO - [2023-12-25T06:23:52.141-0300] {dag.py:3820} INFO - Setting next_dagrun for example_sla_dag to 2023-12-25T09:20:00+00:00, run_after=2023-12-25T09:22:00+00:00
[2023-12-25T06:23:52.222-0300] {processor.py:183} INFO - Processing /home/felipe/.local/lib/python3.10/site-packages/airflow/example_dags/example_sla_dag.py took 0.370 seconds
[2023-12-25T06:24:48.276-0300] {processor.py:161} INFO - Started process (PID=12535) to work on /home/felipe/.local/lib/python3.10/site-packages/airflow/example_dags/example_sla_dag.py
[2023-12-25T06:24:48.279-0300] {processor.py:830} INFO - Processing file /home/felipe/.local/lib/python3.10/site-packages/airflow/example_dags/example_sla_dag.py for tasks to queue
[2023-12-25T06:24:48.281-0300] {logging_mixin.py:188} INFO - [2023-12-25T06:24:48.280-0300] {dagbag.py:538} INFO - Filling up the DagBag from /home/felipe/.local/lib/python3.10/site-packages/airflow/example_dags/example_sla_dag.py
[2023-12-25T06:24:48.295-0300] {processor.py:840} INFO - DAG(s) 'example_sla_dag' retrieved from /home/felipe/.local/lib/python3.10/site-packages/airflow/example_dags/example_sla_dag.py
[2023-12-25T06:24:48.321-0300] {logging_mixin.py:188} INFO - [2023-12-25T06:24:48.321-0300] {dag.py:3033} INFO - Sync 1 DAGs
[2023-12-25T06:24:48.367-0300] {logging_mixin.py:188} INFO - [2023-12-25T06:24:48.366-0300] {dag.py:3820} INFO - Setting next_dagrun for example_sla_dag to 2023-12-25T09:22:00+00:00, run_after=2023-12-25T09:24:00+00:00
[2023-12-25T06:24:48.420-0300] {processor.py:183} INFO - Processing /home/felipe/.local/lib/python3.10/site-packages/airflow/example_dags/example_sla_dag.py took 0.148 seconds
[2023-12-25T06:25:39.184-0300] {processor.py:161} INFO - Started process (PID=12618) to work on /home/felipe/.local/lib/python3.10/site-packages/airflow/example_dags/example_sla_dag.py
[2023-12-25T06:25:39.187-0300] {processor.py:830} INFO - Processing file /home/felipe/.local/lib/python3.10/site-packages/airflow/example_dags/example_sla_dag.py for tasks to queue
[2023-12-25T06:25:39.189-0300] {logging_mixin.py:188} INFO - [2023-12-25T06:25:39.188-0300] {dagbag.py:538} INFO - Filling up the DagBag from /home/felipe/.local/lib/python3.10/site-packages/airflow/example_dags/example_sla_dag.py
[2023-12-25T06:25:39.203-0300] {processor.py:840} INFO - DAG(s) 'example_sla_dag' retrieved from /home/felipe/.local/lib/python3.10/site-packages/airflow/example_dags/example_sla_dag.py
[2023-12-25T06:25:39.229-0300] {logging_mixin.py:188} INFO - [2023-12-25T06:25:39.228-0300] {dag.py:3033} INFO - Sync 1 DAGs
[2023-12-25T06:25:39.284-0300] {logging_mixin.py:188} INFO - [2023-12-25T06:25:39.283-0300] {dag.py:3820} INFO - Setting next_dagrun for example_sla_dag to 2023-12-25T09:22:00+00:00, run_after=2023-12-25T09:24:00+00:00
[2023-12-25T06:25:39.328-0300] {processor.py:183} INFO - Processing /home/felipe/.local/lib/python3.10/site-packages/airflow/example_dags/example_sla_dag.py took 0.148 seconds
[2023-12-25T06:26:32.375-0300] {processor.py:161} INFO - Started process (PID=12675) to work on /home/felipe/.local/lib/python3.10/site-packages/airflow/example_dags/example_sla_dag.py
[2023-12-25T06:26:32.377-0300] {processor.py:830} INFO - Processing file /home/felipe/.local/lib/python3.10/site-packages/airflow/example_dags/example_sla_dag.py for tasks to queue
[2023-12-25T06:26:32.379-0300] {logging_mixin.py:188} INFO - [2023-12-25T06:26:32.378-0300] {dagbag.py:538} INFO - Filling up the DagBag from /home/felipe/.local/lib/python3.10/site-packages/airflow/example_dags/example_sla_dag.py
[2023-12-25T06:26:32.393-0300] {processor.py:840} INFO - DAG(s) 'example_sla_dag' retrieved from /home/felipe/.local/lib/python3.10/site-packages/airflow/example_dags/example_sla_dag.py
[2023-12-25T06:26:32.420-0300] {logging_mixin.py:188} INFO - [2023-12-25T06:26:32.419-0300] {dag.py:3033} INFO - Sync 1 DAGs
[2023-12-25T06:26:32.471-0300] {logging_mixin.py:188} INFO - [2023-12-25T06:26:32.471-0300] {dag.py:3820} INFO - Setting next_dagrun for example_sla_dag to 2023-12-25T09:24:00+00:00, run_after=2023-12-25T09:26:00+00:00
[2023-12-25T06:26:32.520-0300] {processor.py:183} INFO - Processing /home/felipe/.local/lib/python3.10/site-packages/airflow/example_dags/example_sla_dag.py took 0.153 seconds
[2023-12-25T06:27:21.421-0300] {processor.py:161} INFO - Started process (PID=12721) to work on /home/felipe/.local/lib/python3.10/site-packages/airflow/example_dags/example_sla_dag.py
[2023-12-25T06:27:21.423-0300] {processor.py:830} INFO - Processing file /home/felipe/.local/lib/python3.10/site-packages/airflow/example_dags/example_sla_dag.py for tasks to queue
[2023-12-25T06:27:21.425-0300] {logging_mixin.py:188} INFO - [2023-12-25T06:27:21.424-0300] {dagbag.py:538} INFO - Filling up the DagBag from /home/felipe/.local/lib/python3.10/site-packages/airflow/example_dags/example_sla_dag.py
[2023-12-25T06:27:21.441-0300] {processor.py:840} INFO - DAG(s) 'example_sla_dag' retrieved from /home/felipe/.local/lib/python3.10/site-packages/airflow/example_dags/example_sla_dag.py
[2023-12-25T06:27:21.470-0300] {logging_mixin.py:188} INFO - [2023-12-25T06:27:21.470-0300] {dag.py:3033} INFO - Sync 1 DAGs
[2023-12-25T06:27:21.525-0300] {logging_mixin.py:188} INFO - [2023-12-25T06:27:21.525-0300] {dag.py:3820} INFO - Setting next_dagrun for example_sla_dag to 2023-12-25T09:24:00+00:00, run_after=2023-12-25T09:26:00+00:00
[2023-12-25T06:27:21.588-0300] {processor.py:183} INFO - Processing /home/felipe/.local/lib/python3.10/site-packages/airflow/example_dags/example_sla_dag.py took 0.171 seconds
[2023-12-25T06:28:11.948-0300] {processor.py:161} INFO - Started process (PID=12770) to work on /home/felipe/.local/lib/python3.10/site-packages/airflow/example_dags/example_sla_dag.py
[2023-12-25T06:28:11.950-0300] {processor.py:830} INFO - Processing file /home/felipe/.local/lib/python3.10/site-packages/airflow/example_dags/example_sla_dag.py for tasks to queue
[2023-12-25T06:28:11.952-0300] {logging_mixin.py:188} INFO - [2023-12-25T06:28:11.952-0300] {dagbag.py:538} INFO - Filling up the DagBag from /home/felipe/.local/lib/python3.10/site-packages/airflow/example_dags/example_sla_dag.py
[2023-12-25T06:28:11.969-0300] {processor.py:840} INFO - DAG(s) 'example_sla_dag' retrieved from /home/felipe/.local/lib/python3.10/site-packages/airflow/example_dags/example_sla_dag.py
[2023-12-25T06:28:11.998-0300] {logging_mixin.py:188} INFO - [2023-12-25T06:28:11.997-0300] {dag.py:3033} INFO - Sync 1 DAGs
[2023-12-25T06:28:12.060-0300] {logging_mixin.py:188} INFO - [2023-12-25T06:28:12.059-0300] {dag.py:3820} INFO - Setting next_dagrun for example_sla_dag to 2023-12-25T09:26:00+00:00, run_after=2023-12-25T09:28:00+00:00
[2023-12-25T06:28:12.104-0300] {processor.py:183} INFO - Processing /home/felipe/.local/lib/python3.10/site-packages/airflow/example_dags/example_sla_dag.py took 0.161 seconds
[2023-12-25T06:29:05.056-0300] {processor.py:161} INFO - Started process (PID=12816) to work on /home/felipe/.local/lib/python3.10/site-packages/airflow/example_dags/example_sla_dag.py
[2023-12-25T06:29:05.060-0300] {processor.py:830} INFO - Processing file /home/felipe/.local/lib/python3.10/site-packages/airflow/example_dags/example_sla_dag.py for tasks to queue
[2023-12-25T06:29:05.062-0300] {logging_mixin.py:188} INFO - [2023-12-25T06:29:05.062-0300] {dagbag.py:538} INFO - Filling up the DagBag from /home/felipe/.local/lib/python3.10/site-packages/airflow/example_dags/example_sla_dag.py
[2023-12-25T06:29:05.078-0300] {processor.py:840} INFO - DAG(s) 'example_sla_dag' retrieved from /home/felipe/.local/lib/python3.10/site-packages/airflow/example_dags/example_sla_dag.py
[2023-12-25T06:29:05.105-0300] {logging_mixin.py:188} INFO - [2023-12-25T06:29:05.105-0300] {dag.py:3033} INFO - Sync 1 DAGs
[2023-12-25T06:29:05.168-0300] {logging_mixin.py:188} INFO - [2023-12-25T06:29:05.168-0300] {dag.py:3820} INFO - Setting next_dagrun for example_sla_dag to 2023-12-25T09:26:00+00:00, run_after=2023-12-25T09:28:00+00:00
[2023-12-25T06:29:05.221-0300] {processor.py:183} INFO - Processing /home/felipe/.local/lib/python3.10/site-packages/airflow/example_dags/example_sla_dag.py took 0.169 seconds
[2023-12-25T06:29:56.317-0300] {processor.py:161} INFO - Started process (PID=12864) to work on /home/felipe/.local/lib/python3.10/site-packages/airflow/example_dags/example_sla_dag.py
[2023-12-25T06:29:56.322-0300] {processor.py:830} INFO - Processing file /home/felipe/.local/lib/python3.10/site-packages/airflow/example_dags/example_sla_dag.py for tasks to queue
[2023-12-25T06:29:56.326-0300] {logging_mixin.py:188} INFO - [2023-12-25T06:29:56.325-0300] {dagbag.py:538} INFO - Filling up the DagBag from /home/felipe/.local/lib/python3.10/site-packages/airflow/example_dags/example_sla_dag.py
[2023-12-25T06:29:56.349-0300] {processor.py:840} INFO - DAG(s) 'example_sla_dag' retrieved from /home/felipe/.local/lib/python3.10/site-packages/airflow/example_dags/example_sla_dag.py
[2023-12-25T06:29:56.392-0300] {logging_mixin.py:188} INFO - [2023-12-25T06:29:56.391-0300] {dag.py:3033} INFO - Sync 1 DAGs
[2023-12-25T06:29:56.443-0300] {logging_mixin.py:188} INFO - [2023-12-25T06:29:56.442-0300] {dag.py:3820} INFO - Setting next_dagrun for example_sla_dag to 2023-12-25T09:26:00+00:00, run_after=2023-12-25T09:28:00+00:00
[2023-12-25T06:29:56.487-0300] {processor.py:183} INFO - Processing /home/felipe/.local/lib/python3.10/site-packages/airflow/example_dags/example_sla_dag.py took 0.175 seconds
[2023-12-25T06:30:46.275-0300] {processor.py:161} INFO - Started process (PID=12946) to work on /home/felipe/.local/lib/python3.10/site-packages/airflow/example_dags/example_sla_dag.py
[2023-12-25T06:30:46.277-0300] {processor.py:830} INFO - Processing file /home/felipe/.local/lib/python3.10/site-packages/airflow/example_dags/example_sla_dag.py for tasks to queue
[2023-12-25T06:30:46.280-0300] {logging_mixin.py:188} INFO - [2023-12-25T06:30:46.279-0300] {dagbag.py:538} INFO - Filling up the DagBag from /home/felipe/.local/lib/python3.10/site-packages/airflow/example_dags/example_sla_dag.py
[2023-12-25T06:30:46.297-0300] {processor.py:840} INFO - DAG(s) 'example_sla_dag' retrieved from /home/felipe/.local/lib/python3.10/site-packages/airflow/example_dags/example_sla_dag.py
[2023-12-25T06:30:46.322-0300] {logging_mixin.py:188} INFO - [2023-12-25T06:30:46.321-0300] {dag.py:3033} INFO - Sync 1 DAGs
[2023-12-25T06:30:46.376-0300] {logging_mixin.py:188} INFO - [2023-12-25T06:30:46.375-0300] {dag.py:3820} INFO - Setting next_dagrun for example_sla_dag to 2023-12-25T09:28:00+00:00, run_after=2023-12-25T09:30:00+00:00
[2023-12-25T06:30:46.425-0300] {processor.py:183} INFO - Processing /home/felipe/.local/lib/python3.10/site-packages/airflow/example_dags/example_sla_dag.py took 0.154 seconds
[2023-12-25T06:31:39.810-0300] {processor.py:161} INFO - Started process (PID=12991) to work on /home/felipe/.local/lib/python3.10/site-packages/airflow/example_dags/example_sla_dag.py
[2023-12-25T06:31:39.812-0300] {processor.py:830} INFO - Processing file /home/felipe/.local/lib/python3.10/site-packages/airflow/example_dags/example_sla_dag.py for tasks to queue
[2023-12-25T06:31:39.814-0300] {logging_mixin.py:188} INFO - [2023-12-25T06:31:39.814-0300] {dagbag.py:538} INFO - Filling up the DagBag from /home/felipe/.local/lib/python3.10/site-packages/airflow/example_dags/example_sla_dag.py
[2023-12-25T06:31:39.830-0300] {processor.py:840} INFO - DAG(s) 'example_sla_dag' retrieved from /home/felipe/.local/lib/python3.10/site-packages/airflow/example_dags/example_sla_dag.py
[2023-12-25T06:31:39.855-0300] {logging_mixin.py:188} INFO - [2023-12-25T06:31:39.855-0300] {dag.py:3033} INFO - Sync 1 DAGs
[2023-12-25T06:31:39.904-0300] {logging_mixin.py:188} INFO - [2023-12-25T06:31:39.903-0300] {dag.py:3820} INFO - Setting next_dagrun for example_sla_dag to 2023-12-25T09:28:00+00:00, run_after=2023-12-25T09:30:00+00:00
[2023-12-25T06:31:39.950-0300] {processor.py:183} INFO - Processing /home/felipe/.local/lib/python3.10/site-packages/airflow/example_dags/example_sla_dag.py took 0.144 seconds
[2023-12-25T06:32:35.251-0300] {processor.py:161} INFO - Started process (PID=13042) to work on /home/felipe/.local/lib/python3.10/site-packages/airflow/example_dags/example_sla_dag.py
[2023-12-25T06:32:35.253-0300] {processor.py:830} INFO - Processing file /home/felipe/.local/lib/python3.10/site-packages/airflow/example_dags/example_sla_dag.py for tasks to queue
[2023-12-25T06:32:35.255-0300] {logging_mixin.py:188} INFO - [2023-12-25T06:32:35.254-0300] {dagbag.py:538} INFO - Filling up the DagBag from /home/felipe/.local/lib/python3.10/site-packages/airflow/example_dags/example_sla_dag.py
[2023-12-25T06:32:35.270-0300] {processor.py:840} INFO - DAG(s) 'example_sla_dag' retrieved from /home/felipe/.local/lib/python3.10/site-packages/airflow/example_dags/example_sla_dag.py
[2023-12-25T06:32:35.296-0300] {logging_mixin.py:188} INFO - [2023-12-25T06:32:35.295-0300] {dag.py:3033} INFO - Sync 1 DAGs
[2023-12-25T06:32:35.349-0300] {logging_mixin.py:188} INFO - [2023-12-25T06:32:35.348-0300] {dag.py:3820} INFO - Setting next_dagrun for example_sla_dag to 2023-12-25T09:30:00+00:00, run_after=2023-12-25T09:32:00+00:00
[2023-12-25T06:32:35.394-0300] {processor.py:183} INFO - Processing /home/felipe/.local/lib/python3.10/site-packages/airflow/example_dags/example_sla_dag.py took 0.148 seconds
[2023-12-25T06:33:23.530-0300] {processor.py:161} INFO - Started process (PID=13086) to work on /home/felipe/.local/lib/python3.10/site-packages/airflow/example_dags/example_sla_dag.py
[2023-12-25T06:33:23.532-0300] {processor.py:830} INFO - Processing file /home/felipe/.local/lib/python3.10/site-packages/airflow/example_dags/example_sla_dag.py for tasks to queue
[2023-12-25T06:33:23.534-0300] {logging_mixin.py:188} INFO - [2023-12-25T06:33:23.533-0300] {dagbag.py:538} INFO - Filling up the DagBag from /home/felipe/.local/lib/python3.10/site-packages/airflow/example_dags/example_sla_dag.py
[2023-12-25T06:33:23.548-0300] {processor.py:840} INFO - DAG(s) 'example_sla_dag' retrieved from /home/felipe/.local/lib/python3.10/site-packages/airflow/example_dags/example_sla_dag.py
[2023-12-25T06:33:23.573-0300] {logging_mixin.py:188} INFO - [2023-12-25T06:33:23.572-0300] {dag.py:3033} INFO - Sync 1 DAGs
[2023-12-25T06:33:23.616-0300] {logging_mixin.py:188} INFO - [2023-12-25T06:33:23.615-0300] {dag.py:3820} INFO - Setting next_dagrun for example_sla_dag to 2023-12-25T09:30:00+00:00, run_after=2023-12-25T09:32:00+00:00
[2023-12-25T06:33:23.662-0300] {processor.py:183} INFO - Processing /home/felipe/.local/lib/python3.10/site-packages/airflow/example_dags/example_sla_dag.py took 0.137 seconds
[2023-12-25T06:34:15.743-0300] {processor.py:161} INFO - Started process (PID=13133) to work on /home/felipe/.local/lib/python3.10/site-packages/airflow/example_dags/example_sla_dag.py
[2023-12-25T06:34:15.745-0300] {processor.py:830} INFO - Processing file /home/felipe/.local/lib/python3.10/site-packages/airflow/example_dags/example_sla_dag.py for tasks to queue
[2023-12-25T06:34:15.747-0300] {logging_mixin.py:188} INFO - [2023-12-25T06:34:15.746-0300] {dagbag.py:538} INFO - Filling up the DagBag from /home/felipe/.local/lib/python3.10/site-packages/airflow/example_dags/example_sla_dag.py
[2023-12-25T06:34:15.762-0300] {processor.py:840} INFO - DAG(s) 'example_sla_dag' retrieved from /home/felipe/.local/lib/python3.10/site-packages/airflow/example_dags/example_sla_dag.py
[2023-12-25T06:34:15.788-0300] {logging_mixin.py:188} INFO - [2023-12-25T06:34:15.788-0300] {dag.py:3033} INFO - Sync 1 DAGs
[2023-12-25T06:34:15.842-0300] {logging_mixin.py:188} INFO - [2023-12-25T06:34:15.841-0300] {dag.py:3820} INFO - Setting next_dagrun for example_sla_dag to 2023-12-25T09:32:00+00:00, run_after=2023-12-25T09:34:00+00:00
[2023-12-25T06:34:15.888-0300] {processor.py:183} INFO - Processing /home/felipe/.local/lib/python3.10/site-packages/airflow/example_dags/example_sla_dag.py took 0.150 seconds
[2023-12-25T06:35:07.875-0300] {processor.py:161} INFO - Started process (PID=13215) to work on /home/felipe/.local/lib/python3.10/site-packages/airflow/example_dags/example_sla_dag.py
[2023-12-25T06:35:07.878-0300] {processor.py:830} INFO - Processing file /home/felipe/.local/lib/python3.10/site-packages/airflow/example_dags/example_sla_dag.py for tasks to queue
[2023-12-25T06:35:07.880-0300] {logging_mixin.py:188} INFO - [2023-12-25T06:35:07.879-0300] {dagbag.py:538} INFO - Filling up the DagBag from /home/felipe/.local/lib/python3.10/site-packages/airflow/example_dags/example_sla_dag.py
[2023-12-25T06:35:07.896-0300] {processor.py:840} INFO - DAG(s) 'example_sla_dag' retrieved from /home/felipe/.local/lib/python3.10/site-packages/airflow/example_dags/example_sla_dag.py
[2023-12-25T06:35:07.924-0300] {logging_mixin.py:188} INFO - [2023-12-25T06:35:07.924-0300] {dag.py:3033} INFO - Sync 1 DAGs
[2023-12-25T06:35:07.984-0300] {logging_mixin.py:188} INFO - [2023-12-25T06:35:07.984-0300] {dag.py:3820} INFO - Setting next_dagrun for example_sla_dag to 2023-12-25T09:32:00+00:00, run_after=2023-12-25T09:34:00+00:00
[2023-12-25T06:35:08.038-0300] {processor.py:183} INFO - Processing /home/felipe/.local/lib/python3.10/site-packages/airflow/example_dags/example_sla_dag.py took 0.172 seconds
[2023-12-25T06:36:03.244-0300] {processor.py:161} INFO - Started process (PID=13266) to work on /home/felipe/.local/lib/python3.10/site-packages/airflow/example_dags/example_sla_dag.py
[2023-12-25T06:36:03.247-0300] {processor.py:830} INFO - Processing file /home/felipe/.local/lib/python3.10/site-packages/airflow/example_dags/example_sla_dag.py for tasks to queue
[2023-12-25T06:36:03.249-0300] {logging_mixin.py:188} INFO - [2023-12-25T06:36:03.248-0300] {dagbag.py:538} INFO - Filling up the DagBag from /home/felipe/.local/lib/python3.10/site-packages/airflow/example_dags/example_sla_dag.py
[2023-12-25T06:36:03.265-0300] {processor.py:840} INFO - DAG(s) 'example_sla_dag' retrieved from /home/felipe/.local/lib/python3.10/site-packages/airflow/example_dags/example_sla_dag.py
[2023-12-25T06:36:03.294-0300] {logging_mixin.py:188} INFO - [2023-12-25T06:36:03.294-0300] {dag.py:3033} INFO - Sync 1 DAGs
[2023-12-25T06:36:03.341-0300] {logging_mixin.py:188} INFO - [2023-12-25T06:36:03.340-0300] {dag.py:3820} INFO - Setting next_dagrun for example_sla_dag to 2023-12-25T09:34:00+00:00, run_after=2023-12-25T09:36:00+00:00
[2023-12-25T06:36:03.391-0300] {processor.py:183} INFO - Processing /home/felipe/.local/lib/python3.10/site-packages/airflow/example_dags/example_sla_dag.py took 0.151 seconds
[2023-12-25T06:37:02.064-0300] {processor.py:161} INFO - Started process (PID=13318) to work on /home/felipe/.local/lib/python3.10/site-packages/airflow/example_dags/example_sla_dag.py
[2023-12-25T06:37:02.067-0300] {processor.py:830} INFO - Processing file /home/felipe/.local/lib/python3.10/site-packages/airflow/example_dags/example_sla_dag.py for tasks to queue
[2023-12-25T06:37:02.069-0300] {logging_mixin.py:188} INFO - [2023-12-25T06:37:02.068-0300] {dagbag.py:538} INFO - Filling up the DagBag from /home/felipe/.local/lib/python3.10/site-packages/airflow/example_dags/example_sla_dag.py
[2023-12-25T06:37:02.088-0300] {processor.py:840} INFO - DAG(s) 'example_sla_dag' retrieved from /home/felipe/.local/lib/python3.10/site-packages/airflow/example_dags/example_sla_dag.py
[2023-12-25T06:37:02.116-0300] {logging_mixin.py:188} INFO - [2023-12-25T06:37:02.116-0300] {dag.py:3033} INFO - Sync 1 DAGs
[2023-12-25T06:37:02.165-0300] {logging_mixin.py:188} INFO - [2023-12-25T06:37:02.165-0300] {dag.py:3820} INFO - Setting next_dagrun for example_sla_dag to 2023-12-25T09:34:00+00:00, run_after=2023-12-25T09:36:00+00:00
[2023-12-25T06:37:02.212-0300] {processor.py:183} INFO - Processing /home/felipe/.local/lib/python3.10/site-packages/airflow/example_dags/example_sla_dag.py took 0.155 seconds
[2023-12-25T06:38:04.318-0300] {processor.py:161} INFO - Started process (PID=13371) to work on /home/felipe/.local/lib/python3.10/site-packages/airflow/example_dags/example_sla_dag.py
[2023-12-25T06:38:04.320-0300] {processor.py:830} INFO - Processing file /home/felipe/.local/lib/python3.10/site-packages/airflow/example_dags/example_sla_dag.py for tasks to queue
[2023-12-25T06:38:04.322-0300] {logging_mixin.py:188} INFO - [2023-12-25T06:38:04.321-0300] {dagbag.py:538} INFO - Filling up the DagBag from /home/felipe/.local/lib/python3.10/site-packages/airflow/example_dags/example_sla_dag.py
[2023-12-25T06:38:04.336-0300] {processor.py:840} INFO - DAG(s) 'example_sla_dag' retrieved from /home/felipe/.local/lib/python3.10/site-packages/airflow/example_dags/example_sla_dag.py
[2023-12-25T06:38:04.362-0300] {logging_mixin.py:188} INFO - [2023-12-25T06:38:04.361-0300] {dag.py:3033} INFO - Sync 1 DAGs
[2023-12-25T06:38:04.430-0300] {logging_mixin.py:188} INFO - [2023-12-25T06:38:04.429-0300] {dag.py:3820} INFO - Setting next_dagrun for example_sla_dag to 2023-12-25T09:36:00+00:00, run_after=2023-12-25T09:38:00+00:00
[2023-12-25T06:38:04.483-0300] {processor.py:183} INFO - Processing /home/felipe/.local/lib/python3.10/site-packages/airflow/example_dags/example_sla_dag.py took 0.169 seconds
