[2023-12-25T06:22:50.211-0300] {processor.py:161} INFO - Started process (PID=12426) to work on /home/felipe/.local/lib/python3.10/site-packages/airflow/example_dags/example_skip_dag.py
[2023-12-25T06:22:50.214-0300] {processor.py:830} INFO - Processing file /home/felipe/.local/lib/python3.10/site-packages/airflow/example_dags/example_skip_dag.py for tasks to queue
[2023-12-25T06:22:50.217-0300] {logging_mixin.py:188} INFO - [2023-12-25T06:22:50.216-0300] {dagbag.py:538} INFO - Filling up the DagBag from /home/felipe/.local/lib/python3.10/site-packages/airflow/example_dags/example_skip_dag.py
[2023-12-25T06:22:50.240-0300] {processor.py:840} INFO - DAG(s) 'example_skip_dag' retrieved from /home/felipe/.local/lib/python3.10/site-packages/airflow/example_dags/example_skip_dag.py
[2023-12-25T06:22:50.296-0300] {logging_mixin.py:188} INFO - [2023-12-25T06:22:50.296-0300] {dag.py:3033} INFO - Sync 1 DAGs
[2023-12-25T06:22:50.375-0300] {logging_mixin.py:188} INFO - [2023-12-25T06:22:50.374-0300] {dag.py:3820} INFO - Setting next_dagrun for example_skip_dag to 2023-12-24T00:00:00+00:00, run_after=2023-12-25T00:00:00+00:00
[2023-12-25T06:22:50.451-0300] {processor.py:183} INFO - Processing /home/felipe/.local/lib/python3.10/site-packages/airflow/example_dags/example_skip_dag.py took 0.251 seconds
[2023-12-25T06:23:46.553-0300] {processor.py:161} INFO - Started process (PID=12481) to work on /home/felipe/.local/lib/python3.10/site-packages/airflow/example_dags/example_skip_dag.py
[2023-12-25T06:23:46.556-0300] {processor.py:830} INFO - Processing file /home/felipe/.local/lib/python3.10/site-packages/airflow/example_dags/example_skip_dag.py for tasks to queue
[2023-12-25T06:23:46.559-0300] {logging_mixin.py:188} INFO - [2023-12-25T06:23:46.557-0300] {dagbag.py:538} INFO - Filling up the DagBag from /home/felipe/.local/lib/python3.10/site-packages/airflow/example_dags/example_skip_dag.py
[2023-12-25T06:23:46.576-0300] {processor.py:840} INFO - DAG(s) 'example_skip_dag' retrieved from /home/felipe/.local/lib/python3.10/site-packages/airflow/example_dags/example_skip_dag.py
[2023-12-25T06:23:46.625-0300] {logging_mixin.py:188} INFO - [2023-12-25T06:23:46.625-0300] {dag.py:3033} INFO - Sync 1 DAGs
[2023-12-25T06:23:46.702-0300] {logging_mixin.py:188} INFO - [2023-12-25T06:23:46.701-0300] {dag.py:3820} INFO - Setting next_dagrun for example_skip_dag to 2023-12-24T00:00:00+00:00, run_after=2023-12-25T00:00:00+00:00
[2023-12-25T06:23:46.798-0300] {processor.py:183} INFO - Processing /home/felipe/.local/lib/python3.10/site-packages/airflow/example_dags/example_skip_dag.py took 0.251 seconds
[2023-12-25T06:24:43.687-0300] {processor.py:161} INFO - Started process (PID=12531) to work on /home/felipe/.local/lib/python3.10/site-packages/airflow/example_dags/example_skip_dag.py
[2023-12-25T06:24:43.691-0300] {processor.py:830} INFO - Processing file /home/felipe/.local/lib/python3.10/site-packages/airflow/example_dags/example_skip_dag.py for tasks to queue
[2023-12-25T06:24:43.693-0300] {logging_mixin.py:188} INFO - [2023-12-25T06:24:43.692-0300] {dagbag.py:538} INFO - Filling up the DagBag from /home/felipe/.local/lib/python3.10/site-packages/airflow/example_dags/example_skip_dag.py
[2023-12-25T06:24:43.719-0300] {processor.py:840} INFO - DAG(s) 'example_skip_dag' retrieved from /home/felipe/.local/lib/python3.10/site-packages/airflow/example_dags/example_skip_dag.py
[2023-12-25T06:24:43.763-0300] {logging_mixin.py:188} INFO - [2023-12-25T06:24:43.763-0300] {dag.py:3033} INFO - Sync 1 DAGs
[2023-12-25T06:24:43.819-0300] {logging_mixin.py:188} INFO - [2023-12-25T06:24:43.819-0300] {dag.py:3820} INFO - Setting next_dagrun for example_skip_dag to 2023-12-24T00:00:00+00:00, run_after=2023-12-25T00:00:00+00:00
[2023-12-25T06:24:43.877-0300] {processor.py:183} INFO - Processing /home/felipe/.local/lib/python3.10/site-packages/airflow/example_dags/example_skip_dag.py took 0.204 seconds
[2023-12-25T06:25:33.894-0300] {processor.py:161} INFO - Started process (PID=12614) to work on /home/felipe/.local/lib/python3.10/site-packages/airflow/example_dags/example_skip_dag.py
[2023-12-25T06:25:33.897-0300] {processor.py:830} INFO - Processing file /home/felipe/.local/lib/python3.10/site-packages/airflow/example_dags/example_skip_dag.py for tasks to queue
[2023-12-25T06:25:33.899-0300] {logging_mixin.py:188} INFO - [2023-12-25T06:25:33.898-0300] {dagbag.py:538} INFO - Filling up the DagBag from /home/felipe/.local/lib/python3.10/site-packages/airflow/example_dags/example_skip_dag.py
[2023-12-25T06:25:33.910-0300] {processor.py:840} INFO - DAG(s) 'example_skip_dag' retrieved from /home/felipe/.local/lib/python3.10/site-packages/airflow/example_dags/example_skip_dag.py
[2023-12-25T06:25:33.938-0300] {logging_mixin.py:188} INFO - [2023-12-25T06:25:33.938-0300] {dag.py:3033} INFO - Sync 1 DAGs
[2023-12-25T06:25:33.975-0300] {logging_mixin.py:188} INFO - [2023-12-25T06:25:33.974-0300] {dag.py:3820} INFO - Setting next_dagrun for example_skip_dag to 2023-12-24T00:00:00+00:00, run_after=2023-12-25T00:00:00+00:00
[2023-12-25T06:25:34.025-0300] {processor.py:183} INFO - Processing /home/felipe/.local/lib/python3.10/site-packages/airflow/example_dags/example_skip_dag.py took 0.135 seconds
[2023-12-25T06:26:28.050-0300] {processor.py:161} INFO - Started process (PID=12671) to work on /home/felipe/.local/lib/python3.10/site-packages/airflow/example_dags/example_skip_dag.py
[2023-12-25T06:26:28.052-0300] {processor.py:830} INFO - Processing file /home/felipe/.local/lib/python3.10/site-packages/airflow/example_dags/example_skip_dag.py for tasks to queue
[2023-12-25T06:26:28.053-0300] {logging_mixin.py:188} INFO - [2023-12-25T06:26:28.053-0300] {dagbag.py:538} INFO - Filling up the DagBag from /home/felipe/.local/lib/python3.10/site-packages/airflow/example_dags/example_skip_dag.py
[2023-12-25T06:26:28.066-0300] {processor.py:840} INFO - DAG(s) 'example_skip_dag' retrieved from /home/felipe/.local/lib/python3.10/site-packages/airflow/example_dags/example_skip_dag.py
[2023-12-25T06:26:28.097-0300] {logging_mixin.py:188} INFO - [2023-12-25T06:26:28.097-0300] {dag.py:3033} INFO - Sync 1 DAGs
[2023-12-25T06:26:28.134-0300] {logging_mixin.py:188} INFO - [2023-12-25T06:26:28.133-0300] {dag.py:3820} INFO - Setting next_dagrun for example_skip_dag to 2023-12-24T00:00:00+00:00, run_after=2023-12-25T00:00:00+00:00
[2023-12-25T06:26:28.185-0300] {processor.py:183} INFO - Processing /home/felipe/.local/lib/python3.10/site-packages/airflow/example_dags/example_skip_dag.py took 0.139 seconds
[2023-12-25T06:27:16.912-0300] {processor.py:161} INFO - Started process (PID=12715) to work on /home/felipe/.local/lib/python3.10/site-packages/airflow/example_dags/example_skip_dag.py
[2023-12-25T06:27:16.914-0300] {processor.py:830} INFO - Processing file /home/felipe/.local/lib/python3.10/site-packages/airflow/example_dags/example_skip_dag.py for tasks to queue
[2023-12-25T06:27:16.915-0300] {logging_mixin.py:188} INFO - [2023-12-25T06:27:16.915-0300] {dagbag.py:538} INFO - Filling up the DagBag from /home/felipe/.local/lib/python3.10/site-packages/airflow/example_dags/example_skip_dag.py
[2023-12-25T06:27:16.927-0300] {processor.py:840} INFO - DAG(s) 'example_skip_dag' retrieved from /home/felipe/.local/lib/python3.10/site-packages/airflow/example_dags/example_skip_dag.py
[2023-12-25T06:27:16.955-0300] {logging_mixin.py:188} INFO - [2023-12-25T06:27:16.955-0300] {dag.py:3033} INFO - Sync 1 DAGs
[2023-12-25T06:27:16.993-0300] {logging_mixin.py:188} INFO - [2023-12-25T06:27:16.993-0300] {dag.py:3820} INFO - Setting next_dagrun for example_skip_dag to 2023-12-24T00:00:00+00:00, run_after=2023-12-25T00:00:00+00:00
[2023-12-25T06:27:17.050-0300] {processor.py:183} INFO - Processing /home/felipe/.local/lib/python3.10/site-packages/airflow/example_dags/example_skip_dag.py took 0.143 seconds
[2023-12-25T06:28:07.603-0300] {processor.py:161} INFO - Started process (PID=12764) to work on /home/felipe/.local/lib/python3.10/site-packages/airflow/example_dags/example_skip_dag.py
[2023-12-25T06:28:07.606-0300] {processor.py:830} INFO - Processing file /home/felipe/.local/lib/python3.10/site-packages/airflow/example_dags/example_skip_dag.py for tasks to queue
[2023-12-25T06:28:07.607-0300] {logging_mixin.py:188} INFO - [2023-12-25T06:28:07.607-0300] {dagbag.py:538} INFO - Filling up the DagBag from /home/felipe/.local/lib/python3.10/site-packages/airflow/example_dags/example_skip_dag.py
[2023-12-25T06:28:07.620-0300] {processor.py:840} INFO - DAG(s) 'example_skip_dag' retrieved from /home/felipe/.local/lib/python3.10/site-packages/airflow/example_dags/example_skip_dag.py
[2023-12-25T06:28:07.652-0300] {logging_mixin.py:188} INFO - [2023-12-25T06:28:07.652-0300] {dag.py:3033} INFO - Sync 1 DAGs
[2023-12-25T06:28:07.703-0300] {logging_mixin.py:188} INFO - [2023-12-25T06:28:07.703-0300] {dag.py:3820} INFO - Setting next_dagrun for example_skip_dag to 2023-12-24T00:00:00+00:00, run_after=2023-12-25T00:00:00+00:00
[2023-12-25T06:28:07.757-0300] {processor.py:183} INFO - Processing /home/felipe/.local/lib/python3.10/site-packages/airflow/example_dags/example_skip_dag.py took 0.158 seconds
[2023-12-25T06:29:01.026-0300] {processor.py:161} INFO - Started process (PID=12812) to work on /home/felipe/.local/lib/python3.10/site-packages/airflow/example_dags/example_skip_dag.py
[2023-12-25T06:29:01.029-0300] {processor.py:830} INFO - Processing file /home/felipe/.local/lib/python3.10/site-packages/airflow/example_dags/example_skip_dag.py for tasks to queue
[2023-12-25T06:29:01.031-0300] {logging_mixin.py:188} INFO - [2023-12-25T06:29:01.030-0300] {dagbag.py:538} INFO - Filling up the DagBag from /home/felipe/.local/lib/python3.10/site-packages/airflow/example_dags/example_skip_dag.py
[2023-12-25T06:29:01.043-0300] {processor.py:840} INFO - DAG(s) 'example_skip_dag' retrieved from /home/felipe/.local/lib/python3.10/site-packages/airflow/example_dags/example_skip_dag.py
[2023-12-25T06:29:01.076-0300] {logging_mixin.py:188} INFO - [2023-12-25T06:29:01.075-0300] {dag.py:3033} INFO - Sync 1 DAGs
[2023-12-25T06:29:01.133-0300] {logging_mixin.py:188} INFO - [2023-12-25T06:29:01.132-0300] {dag.py:3820} INFO - Setting next_dagrun for example_skip_dag to 2023-12-24T00:00:00+00:00, run_after=2023-12-25T00:00:00+00:00
[2023-12-25T06:29:01.183-0300] {processor.py:183} INFO - Processing /home/felipe/.local/lib/python3.10/site-packages/airflow/example_dags/example_skip_dag.py took 0.166 seconds
[2023-12-25T06:29:52.350-0300] {processor.py:161} INFO - Started process (PID=12860) to work on /home/felipe/.local/lib/python3.10/site-packages/airflow/example_dags/example_skip_dag.py
[2023-12-25T06:29:52.352-0300] {processor.py:830} INFO - Processing file /home/felipe/.local/lib/python3.10/site-packages/airflow/example_dags/example_skip_dag.py for tasks to queue
[2023-12-25T06:29:52.355-0300] {logging_mixin.py:188} INFO - [2023-12-25T06:29:52.354-0300] {dagbag.py:538} INFO - Filling up the DagBag from /home/felipe/.local/lib/python3.10/site-packages/airflow/example_dags/example_skip_dag.py
[2023-12-25T06:29:52.367-0300] {processor.py:840} INFO - DAG(s) 'example_skip_dag' retrieved from /home/felipe/.local/lib/python3.10/site-packages/airflow/example_dags/example_skip_dag.py
[2023-12-25T06:29:52.401-0300] {logging_mixin.py:188} INFO - [2023-12-25T06:29:52.401-0300] {dag.py:3033} INFO - Sync 1 DAGs
[2023-12-25T06:29:52.456-0300] {logging_mixin.py:188} INFO - [2023-12-25T06:29:52.456-0300] {dag.py:3820} INFO - Setting next_dagrun for example_skip_dag to 2023-12-24T00:00:00+00:00, run_after=2023-12-25T00:00:00+00:00
[2023-12-25T06:29:52.503-0300] {processor.py:183} INFO - Processing /home/felipe/.local/lib/python3.10/site-packages/airflow/example_dags/example_skip_dag.py took 0.158 seconds
[2023-12-25T06:30:41.929-0300] {processor.py:161} INFO - Started process (PID=12942) to work on /home/felipe/.local/lib/python3.10/site-packages/airflow/example_dags/example_skip_dag.py
[2023-12-25T06:30:41.932-0300] {processor.py:830} INFO - Processing file /home/felipe/.local/lib/python3.10/site-packages/airflow/example_dags/example_skip_dag.py for tasks to queue
[2023-12-25T06:30:41.934-0300] {logging_mixin.py:188} INFO - [2023-12-25T06:30:41.933-0300] {dagbag.py:538} INFO - Filling up the DagBag from /home/felipe/.local/lib/python3.10/site-packages/airflow/example_dags/example_skip_dag.py
[2023-12-25T06:30:41.945-0300] {processor.py:840} INFO - DAG(s) 'example_skip_dag' retrieved from /home/felipe/.local/lib/python3.10/site-packages/airflow/example_dags/example_skip_dag.py
[2023-12-25T06:30:41.973-0300] {logging_mixin.py:188} INFO - [2023-12-25T06:30:41.973-0300] {dag.py:3033} INFO - Sync 1 DAGs
[2023-12-25T06:30:42.010-0300] {logging_mixin.py:188} INFO - [2023-12-25T06:30:42.009-0300] {dag.py:3820} INFO - Setting next_dagrun for example_skip_dag to 2023-12-24T00:00:00+00:00, run_after=2023-12-25T00:00:00+00:00
[2023-12-25T06:30:42.062-0300] {processor.py:183} INFO - Processing /home/felipe/.local/lib/python3.10/site-packages/airflow/example_dags/example_skip_dag.py took 0.137 seconds
[2023-12-25T06:31:35.812-0300] {processor.py:161} INFO - Started process (PID=12987) to work on /home/felipe/.local/lib/python3.10/site-packages/airflow/example_dags/example_skip_dag.py
[2023-12-25T06:31:35.815-0300] {processor.py:830} INFO - Processing file /home/felipe/.local/lib/python3.10/site-packages/airflow/example_dags/example_skip_dag.py for tasks to queue
[2023-12-25T06:31:35.817-0300] {logging_mixin.py:188} INFO - [2023-12-25T06:31:35.816-0300] {dagbag.py:538} INFO - Filling up the DagBag from /home/felipe/.local/lib/python3.10/site-packages/airflow/example_dags/example_skip_dag.py
[2023-12-25T06:31:35.835-0300] {processor.py:840} INFO - DAG(s) 'example_skip_dag' retrieved from /home/felipe/.local/lib/python3.10/site-packages/airflow/example_dags/example_skip_dag.py
[2023-12-25T06:31:35.877-0300] {logging_mixin.py:188} INFO - [2023-12-25T06:31:35.877-0300] {dag.py:3033} INFO - Sync 1 DAGs
[2023-12-25T06:31:35.940-0300] {logging_mixin.py:188} INFO - [2023-12-25T06:31:35.940-0300] {dag.py:3820} INFO - Setting next_dagrun for example_skip_dag to 2023-12-24T00:00:00+00:00, run_after=2023-12-25T00:00:00+00:00
[2023-12-25T06:31:35.993-0300] {processor.py:183} INFO - Processing /home/felipe/.local/lib/python3.10/site-packages/airflow/example_dags/example_skip_dag.py took 0.188 seconds
[2023-12-25T06:32:30.363-0300] {processor.py:161} INFO - Started process (PID=13038) to work on /home/felipe/.local/lib/python3.10/site-packages/airflow/example_dags/example_skip_dag.py
[2023-12-25T06:32:30.365-0300] {processor.py:830} INFO - Processing file /home/felipe/.local/lib/python3.10/site-packages/airflow/example_dags/example_skip_dag.py for tasks to queue
[2023-12-25T06:32:30.367-0300] {logging_mixin.py:188} INFO - [2023-12-25T06:32:30.366-0300] {dagbag.py:538} INFO - Filling up the DagBag from /home/felipe/.local/lib/python3.10/site-packages/airflow/example_dags/example_skip_dag.py
[2023-12-25T06:32:30.381-0300] {processor.py:840} INFO - DAG(s) 'example_skip_dag' retrieved from /home/felipe/.local/lib/python3.10/site-packages/airflow/example_dags/example_skip_dag.py
[2023-12-25T06:32:30.410-0300] {logging_mixin.py:188} INFO - [2023-12-25T06:32:30.410-0300] {dag.py:3033} INFO - Sync 1 DAGs
[2023-12-25T06:32:30.457-0300] {logging_mixin.py:188} INFO - [2023-12-25T06:32:30.456-0300] {dag.py:3820} INFO - Setting next_dagrun for example_skip_dag to 2023-12-24T00:00:00+00:00, run_after=2023-12-25T00:00:00+00:00
[2023-12-25T06:32:30.507-0300] {processor.py:183} INFO - Processing /home/felipe/.local/lib/python3.10/site-packages/airflow/example_dags/example_skip_dag.py took 0.148 seconds
[2023-12-25T06:33:19.012-0300] {processor.py:161} INFO - Started process (PID=13082) to work on /home/felipe/.local/lib/python3.10/site-packages/airflow/example_dags/example_skip_dag.py
[2023-12-25T06:33:19.015-0300] {processor.py:830} INFO - Processing file /home/felipe/.local/lib/python3.10/site-packages/airflow/example_dags/example_skip_dag.py for tasks to queue
[2023-12-25T06:33:19.016-0300] {logging_mixin.py:188} INFO - [2023-12-25T06:33:19.016-0300] {dagbag.py:538} INFO - Filling up the DagBag from /home/felipe/.local/lib/python3.10/site-packages/airflow/example_dags/example_skip_dag.py
[2023-12-25T06:33:19.031-0300] {processor.py:840} INFO - DAG(s) 'example_skip_dag' retrieved from /home/felipe/.local/lib/python3.10/site-packages/airflow/example_dags/example_skip_dag.py
[2023-12-25T06:33:19.063-0300] {logging_mixin.py:188} INFO - [2023-12-25T06:33:19.062-0300] {dag.py:3033} INFO - Sync 1 DAGs
[2023-12-25T06:33:19.118-0300] {logging_mixin.py:188} INFO - [2023-12-25T06:33:19.117-0300] {dag.py:3820} INFO - Setting next_dagrun for example_skip_dag to 2023-12-24T00:00:00+00:00, run_after=2023-12-25T00:00:00+00:00
[2023-12-25T06:33:19.162-0300] {processor.py:183} INFO - Processing /home/felipe/.local/lib/python3.10/site-packages/airflow/example_dags/example_skip_dag.py took 0.155 seconds
[2023-12-25T06:34:10.551-0300] {processor.py:161} INFO - Started process (PID=13129) to work on /home/felipe/.local/lib/python3.10/site-packages/airflow/example_dags/example_skip_dag.py
[2023-12-25T06:34:10.554-0300] {processor.py:830} INFO - Processing file /home/felipe/.local/lib/python3.10/site-packages/airflow/example_dags/example_skip_dag.py for tasks to queue
[2023-12-25T06:34:10.556-0300] {logging_mixin.py:188} INFO - [2023-12-25T06:34:10.555-0300] {dagbag.py:538} INFO - Filling up the DagBag from /home/felipe/.local/lib/python3.10/site-packages/airflow/example_dags/example_skip_dag.py
[2023-12-25T06:34:10.571-0300] {processor.py:840} INFO - DAG(s) 'example_skip_dag' retrieved from /home/felipe/.local/lib/python3.10/site-packages/airflow/example_dags/example_skip_dag.py
[2023-12-25T06:34:10.608-0300] {logging_mixin.py:188} INFO - [2023-12-25T06:34:10.608-0300] {dag.py:3033} INFO - Sync 1 DAGs
[2023-12-25T06:34:10.661-0300] {logging_mixin.py:188} INFO - [2023-12-25T06:34:10.660-0300] {dag.py:3820} INFO - Setting next_dagrun for example_skip_dag to 2023-12-24T00:00:00+00:00, run_after=2023-12-25T00:00:00+00:00
[2023-12-25T06:34:10.715-0300] {processor.py:183} INFO - Processing /home/felipe/.local/lib/python3.10/site-packages/airflow/example_dags/example_skip_dag.py took 0.171 seconds
[2023-12-25T06:35:03.408-0300] {processor.py:161} INFO - Started process (PID=13211) to work on /home/felipe/.local/lib/python3.10/site-packages/airflow/example_dags/example_skip_dag.py
[2023-12-25T06:35:03.411-0300] {processor.py:830} INFO - Processing file /home/felipe/.local/lib/python3.10/site-packages/airflow/example_dags/example_skip_dag.py for tasks to queue
[2023-12-25T06:35:03.414-0300] {logging_mixin.py:188} INFO - [2023-12-25T06:35:03.413-0300] {dagbag.py:538} INFO - Filling up the DagBag from /home/felipe/.local/lib/python3.10/site-packages/airflow/example_dags/example_skip_dag.py
[2023-12-25T06:35:03.428-0300] {processor.py:840} INFO - DAG(s) 'example_skip_dag' retrieved from /home/felipe/.local/lib/python3.10/site-packages/airflow/example_dags/example_skip_dag.py
[2023-12-25T06:35:03.464-0300] {logging_mixin.py:188} INFO - [2023-12-25T06:35:03.464-0300] {dag.py:3033} INFO - Sync 1 DAGs
[2023-12-25T06:35:03.530-0300] {logging_mixin.py:188} INFO - [2023-12-25T06:35:03.530-0300] {dag.py:3820} INFO - Setting next_dagrun for example_skip_dag to 2023-12-24T00:00:00+00:00, run_after=2023-12-25T00:00:00+00:00
[2023-12-25T06:35:03.607-0300] {processor.py:183} INFO - Processing /home/felipe/.local/lib/python3.10/site-packages/airflow/example_dags/example_skip_dag.py took 0.204 seconds
[2023-12-25T06:35:58.341-0300] {processor.py:161} INFO - Started process (PID=13262) to work on /home/felipe/.local/lib/python3.10/site-packages/airflow/example_dags/example_skip_dag.py
[2023-12-25T06:35:58.344-0300] {processor.py:830} INFO - Processing file /home/felipe/.local/lib/python3.10/site-packages/airflow/example_dags/example_skip_dag.py for tasks to queue
[2023-12-25T06:35:58.345-0300] {logging_mixin.py:188} INFO - [2023-12-25T06:35:58.345-0300] {dagbag.py:538} INFO - Filling up the DagBag from /home/felipe/.local/lib/python3.10/site-packages/airflow/example_dags/example_skip_dag.py
[2023-12-25T06:35:58.359-0300] {processor.py:840} INFO - DAG(s) 'example_skip_dag' retrieved from /home/felipe/.local/lib/python3.10/site-packages/airflow/example_dags/example_skip_dag.py
[2023-12-25T06:35:58.394-0300] {logging_mixin.py:188} INFO - [2023-12-25T06:35:58.393-0300] {dag.py:3033} INFO - Sync 1 DAGs
[2023-12-25T06:35:58.438-0300] {logging_mixin.py:188} INFO - [2023-12-25T06:35:58.438-0300] {dag.py:3820} INFO - Setting next_dagrun for example_skip_dag to 2023-12-24T00:00:00+00:00, run_after=2023-12-25T00:00:00+00:00
[2023-12-25T06:35:58.484-0300] {processor.py:183} INFO - Processing /home/felipe/.local/lib/python3.10/site-packages/airflow/example_dags/example_skip_dag.py took 0.149 seconds
[2023-12-25T06:36:56.776-0300] {processor.py:161} INFO - Started process (PID=13312) to work on /home/felipe/.local/lib/python3.10/site-packages/airflow/example_dags/example_skip_dag.py
[2023-12-25T06:36:56.781-0300] {processor.py:830} INFO - Processing file /home/felipe/.local/lib/python3.10/site-packages/airflow/example_dags/example_skip_dag.py for tasks to queue
[2023-12-25T06:36:56.784-0300] {logging_mixin.py:188} INFO - [2023-12-25T06:36:56.783-0300] {dagbag.py:538} INFO - Filling up the DagBag from /home/felipe/.local/lib/python3.10/site-packages/airflow/example_dags/example_skip_dag.py
[2023-12-25T06:36:56.849-0300] {processor.py:840} INFO - DAG(s) 'example_skip_dag' retrieved from /home/felipe/.local/lib/python3.10/site-packages/airflow/example_dags/example_skip_dag.py
[2023-12-25T06:36:56.941-0300] {logging_mixin.py:188} INFO - [2023-12-25T06:36:56.940-0300] {dag.py:3033} INFO - Sync 1 DAGs
[2023-12-25T06:36:57.007-0300] {logging_mixin.py:188} INFO - [2023-12-25T06:36:57.007-0300] {dag.py:3820} INFO - Setting next_dagrun for example_skip_dag to 2023-12-24T00:00:00+00:00, run_after=2023-12-25T00:00:00+00:00
[2023-12-25T06:36:57.059-0300] {processor.py:183} INFO - Processing /home/felipe/.local/lib/python3.10/site-packages/airflow/example_dags/example_skip_dag.py took 0.297 seconds
[2023-12-25T06:37:59.037-0300] {processor.py:161} INFO - Started process (PID=13365) to work on /home/felipe/.local/lib/python3.10/site-packages/airflow/example_dags/example_skip_dag.py
[2023-12-25T06:37:59.040-0300] {processor.py:830} INFO - Processing file /home/felipe/.local/lib/python3.10/site-packages/airflow/example_dags/example_skip_dag.py for tasks to queue
[2023-12-25T06:37:59.041-0300] {logging_mixin.py:188} INFO - [2023-12-25T06:37:59.041-0300] {dagbag.py:538} INFO - Filling up the DagBag from /home/felipe/.local/lib/python3.10/site-packages/airflow/example_dags/example_skip_dag.py
[2023-12-25T06:37:59.054-0300] {processor.py:840} INFO - DAG(s) 'example_skip_dag' retrieved from /home/felipe/.local/lib/python3.10/site-packages/airflow/example_dags/example_skip_dag.py
[2023-12-25T06:37:59.082-0300] {logging_mixin.py:188} INFO - [2023-12-25T06:37:59.081-0300] {dag.py:3033} INFO - Sync 1 DAGs
[2023-12-25T06:37:59.124-0300] {logging_mixin.py:188} INFO - [2023-12-25T06:37:59.123-0300] {dag.py:3820} INFO - Setting next_dagrun for example_skip_dag to 2023-12-24T00:00:00+00:00, run_after=2023-12-25T00:00:00+00:00
[2023-12-25T06:37:59.169-0300] {processor.py:183} INFO - Processing /home/felipe/.local/lib/python3.10/site-packages/airflow/example_dags/example_skip_dag.py took 0.136 seconds
