[2023-12-25T06:22:59.266-0300] {processor.py:161} INFO - Started process (PID=12437) to work on /home/felipe/.local/lib/python3.10/site-packages/airflow/example_dags/example_datasets.py
[2023-12-25T06:22:59.268-0300] {processor.py:830} INFO - Processing file /home/felipe/.local/lib/python3.10/site-packages/airflow/example_dags/example_datasets.py for tasks to queue
[2023-12-25T06:22:59.270-0300] {logging_mixin.py:188} INFO - [2023-12-25T06:22:59.269-0300] {dagbag.py:538} INFO - Filling up the DagBag from /home/felipe/.local/lib/python3.10/site-packages/airflow/example_dags/example_datasets.py
[2023-12-25T06:22:59.294-0300] {processor.py:840} INFO - DAG(s) 'dataset_consumes_1', 'dataset_consumes_1_and_2', 'dataset_consumes_unknown_never_scheduled', 'dataset_produces_2', 'dataset_consumes_1_never_scheduled', 'dataset_produces_1' retrieved from /home/felipe/.local/lib/python3.10/site-packages/airflow/example_dags/example_datasets.py
[2023-12-25T06:22:59.402-0300] {logging_mixin.py:188} INFO - [2023-12-25T06:22:59.402-0300] {dag.py:3033} INFO - Sync 6 DAGs
[2023-12-25T06:22:59.451-0300] {logging_mixin.py:188} INFO - [2023-12-25T06:22:59.451-0300] {dag.py:3820} INFO - Setting next_dagrun for dataset_consumes_1 to None, run_after=None
[2023-12-25T06:22:59.459-0300] {logging_mixin.py:188} INFO - [2023-12-25T06:22:59.459-0300] {dag.py:3820} INFO - Setting next_dagrun for dataset_consumes_1_and_2 to None, run_after=None
[2023-12-25T06:22:59.462-0300] {logging_mixin.py:188} INFO - [2023-12-25T06:22:59.462-0300] {dag.py:3820} INFO - Setting next_dagrun for dataset_consumes_1_never_scheduled to None, run_after=None
[2023-12-25T06:22:59.464-0300] {logging_mixin.py:188} INFO - [2023-12-25T06:22:59.464-0300] {dag.py:3820} INFO - Setting next_dagrun for dataset_consumes_unknown_never_scheduled to None, run_after=None
[2023-12-25T06:22:59.470-0300] {logging_mixin.py:188} INFO - [2023-12-25T06:22:59.469-0300] {dag.py:3820} INFO - Setting next_dagrun for dataset_produces_1 to 2023-12-24T00:00:00+00:00, run_after=2023-12-25T00:00:00+00:00
[2023-12-25T06:22:59.472-0300] {logging_mixin.py:188} INFO - [2023-12-25T06:22:59.472-0300] {dag.py:3820} INFO - Setting next_dagrun for dataset_produces_2 to None, run_after=None
[2023-12-25T06:22:59.541-0300] {processor.py:183} INFO - Processing /home/felipe/.local/lib/python3.10/site-packages/airflow/example_dags/example_datasets.py took 0.283 seconds
[2023-12-25T06:23:57.076-0300] {processor.py:161} INFO - Started process (PID=12490) to work on /home/felipe/.local/lib/python3.10/site-packages/airflow/example_dags/example_datasets.py
[2023-12-25T06:23:57.079-0300] {processor.py:830} INFO - Processing file /home/felipe/.local/lib/python3.10/site-packages/airflow/example_dags/example_datasets.py for tasks to queue
[2023-12-25T06:23:57.081-0300] {logging_mixin.py:188} INFO - [2023-12-25T06:23:57.080-0300] {dagbag.py:538} INFO - Filling up the DagBag from /home/felipe/.local/lib/python3.10/site-packages/airflow/example_dags/example_datasets.py
[2023-12-25T06:23:57.109-0300] {processor.py:840} INFO - DAG(s) 'dataset_consumes_unknown_never_scheduled', 'dataset_produces_1', 'dataset_consumes_1', 'dataset_consumes_1_and_2', 'dataset_produces_2', 'dataset_consumes_1_never_scheduled' retrieved from /home/felipe/.local/lib/python3.10/site-packages/airflow/example_dags/example_datasets.py
[2023-12-25T06:23:57.211-0300] {logging_mixin.py:188} INFO - [2023-12-25T06:23:57.211-0300] {dag.py:3033} INFO - Sync 6 DAGs
[2023-12-25T06:23:57.268-0300] {logging_mixin.py:188} INFO - [2023-12-25T06:23:57.268-0300] {dag.py:3820} INFO - Setting next_dagrun for dataset_consumes_1 to None, run_after=None
[2023-12-25T06:23:57.276-0300] {logging_mixin.py:188} INFO - [2023-12-25T06:23:57.276-0300] {dag.py:3820} INFO - Setting next_dagrun for dataset_consumes_1_and_2 to None, run_after=None
[2023-12-25T06:23:57.279-0300] {logging_mixin.py:188} INFO - [2023-12-25T06:23:57.279-0300] {dag.py:3820} INFO - Setting next_dagrun for dataset_consumes_1_never_scheduled to None, run_after=None
[2023-12-25T06:23:57.282-0300] {logging_mixin.py:188} INFO - [2023-12-25T06:23:57.282-0300] {dag.py:3820} INFO - Setting next_dagrun for dataset_consumes_unknown_never_scheduled to None, run_after=None
[2023-12-25T06:23:57.291-0300] {logging_mixin.py:188} INFO - [2023-12-25T06:23:57.291-0300] {dag.py:3820} INFO - Setting next_dagrun for dataset_produces_1 to 2023-12-24T00:00:00+00:00, run_after=2023-12-25T00:00:00+00:00
[2023-12-25T06:23:57.295-0300] {logging_mixin.py:188} INFO - [2023-12-25T06:23:57.295-0300] {dag.py:3820} INFO - Setting next_dagrun for dataset_produces_2 to None, run_after=None
[2023-12-25T06:23:57.387-0300] {processor.py:183} INFO - Processing /home/felipe/.local/lib/python3.10/site-packages/airflow/example_dags/example_datasets.py took 0.318 seconds
[2023-12-25T06:24:53.859-0300] {processor.py:161} INFO - Started process (PID=12540) to work on /home/felipe/.local/lib/python3.10/site-packages/airflow/example_dags/example_datasets.py
[2023-12-25T06:24:53.862-0300] {processor.py:830} INFO - Processing file /home/felipe/.local/lib/python3.10/site-packages/airflow/example_dags/example_datasets.py for tasks to queue
[2023-12-25T06:24:53.863-0300] {logging_mixin.py:188} INFO - [2023-12-25T06:24:53.863-0300] {dagbag.py:538} INFO - Filling up the DagBag from /home/felipe/.local/lib/python3.10/site-packages/airflow/example_dags/example_datasets.py
[2023-12-25T06:24:53.879-0300] {processor.py:840} INFO - DAG(s) 'dataset_consumes_1', 'dataset_consumes_1_never_scheduled', 'dataset_consumes_1_and_2', 'dataset_produces_2', 'dataset_consumes_unknown_never_scheduled', 'dataset_produces_1' retrieved from /home/felipe/.local/lib/python3.10/site-packages/airflow/example_dags/example_datasets.py
[2023-12-25T06:24:53.948-0300] {logging_mixin.py:188} INFO - [2023-12-25T06:24:53.948-0300] {dag.py:3033} INFO - Sync 6 DAGs
[2023-12-25T06:24:54.015-0300] {logging_mixin.py:188} INFO - [2023-12-25T06:24:54.015-0300] {dag.py:3820} INFO - Setting next_dagrun for dataset_consumes_1 to None, run_after=None
[2023-12-25T06:24:54.023-0300] {logging_mixin.py:188} INFO - [2023-12-25T06:24:54.023-0300] {dag.py:3820} INFO - Setting next_dagrun for dataset_consumes_1_and_2 to None, run_after=None
[2023-12-25T06:24:54.026-0300] {logging_mixin.py:188} INFO - [2023-12-25T06:24:54.025-0300] {dag.py:3820} INFO - Setting next_dagrun for dataset_consumes_1_never_scheduled to None, run_after=None
[2023-12-25T06:24:54.028-0300] {logging_mixin.py:188} INFO - [2023-12-25T06:24:54.028-0300] {dag.py:3820} INFO - Setting next_dagrun for dataset_consumes_unknown_never_scheduled to None, run_after=None
[2023-12-25T06:24:54.034-0300] {logging_mixin.py:188} INFO - [2023-12-25T06:24:54.034-0300] {dag.py:3820} INFO - Setting next_dagrun for dataset_produces_1 to 2023-12-24T00:00:00+00:00, run_after=2023-12-25T00:00:00+00:00
[2023-12-25T06:24:54.037-0300] {logging_mixin.py:188} INFO - [2023-12-25T06:24:54.037-0300] {dag.py:3820} INFO - Setting next_dagrun for dataset_produces_2 to None, run_after=None
[2023-12-25T06:24:54.119-0300] {processor.py:183} INFO - Processing /home/felipe/.local/lib/python3.10/site-packages/airflow/example_dags/example_datasets.py took 0.264 seconds
[2023-12-25T06:25:44.283-0300] {processor.py:161} INFO - Started process (PID=12623) to work on /home/felipe/.local/lib/python3.10/site-packages/airflow/example_dags/example_datasets.py
[2023-12-25T06:25:44.287-0300] {processor.py:830} INFO - Processing file /home/felipe/.local/lib/python3.10/site-packages/airflow/example_dags/example_datasets.py for tasks to queue
[2023-12-25T06:25:44.289-0300] {logging_mixin.py:188} INFO - [2023-12-25T06:25:44.288-0300] {dagbag.py:538} INFO - Filling up the DagBag from /home/felipe/.local/lib/python3.10/site-packages/airflow/example_dags/example_datasets.py
[2023-12-25T06:25:44.307-0300] {processor.py:840} INFO - DAG(s) 'dataset_produces_1', 'dataset_consumes_1', 'dataset_produces_2', 'dataset_consumes_1_never_scheduled', 'dataset_consumes_1_and_2', 'dataset_consumes_unknown_never_scheduled' retrieved from /home/felipe/.local/lib/python3.10/site-packages/airflow/example_dags/example_datasets.py
[2023-12-25T06:25:44.359-0300] {logging_mixin.py:188} INFO - [2023-12-25T06:25:44.359-0300] {dag.py:3033} INFO - Sync 6 DAGs
[2023-12-25T06:25:44.407-0300] {logging_mixin.py:188} INFO - [2023-12-25T06:25:44.406-0300] {dag.py:3820} INFO - Setting next_dagrun for dataset_consumes_1 to None, run_after=None
[2023-12-25T06:25:44.414-0300] {logging_mixin.py:188} INFO - [2023-12-25T06:25:44.414-0300] {dag.py:3820} INFO - Setting next_dagrun for dataset_consumes_1_and_2 to None, run_after=None
[2023-12-25T06:25:44.416-0300] {logging_mixin.py:188} INFO - [2023-12-25T06:25:44.416-0300] {dag.py:3820} INFO - Setting next_dagrun for dataset_consumes_1_never_scheduled to None, run_after=None
[2023-12-25T06:25:44.418-0300] {logging_mixin.py:188} INFO - [2023-12-25T06:25:44.418-0300] {dag.py:3820} INFO - Setting next_dagrun for dataset_consumes_unknown_never_scheduled to None, run_after=None
[2023-12-25T06:25:44.423-0300] {logging_mixin.py:188} INFO - [2023-12-25T06:25:44.423-0300] {dag.py:3820} INFO - Setting next_dagrun for dataset_produces_1 to 2023-12-24T00:00:00+00:00, run_after=2023-12-25T00:00:00+00:00
[2023-12-25T06:25:44.425-0300] {logging_mixin.py:188} INFO - [2023-12-25T06:25:44.425-0300] {dag.py:3820} INFO - Setting next_dagrun for dataset_produces_2 to None, run_after=None
[2023-12-25T06:25:44.484-0300] {processor.py:183} INFO - Processing /home/felipe/.local/lib/python3.10/site-packages/airflow/example_dags/example_datasets.py took 0.207 seconds
[2023-12-25T06:26:37.793-0300] {processor.py:161} INFO - Started process (PID=12680) to work on /home/felipe/.local/lib/python3.10/site-packages/airflow/example_dags/example_datasets.py
[2023-12-25T06:26:37.801-0300] {processor.py:830} INFO - Processing file /home/felipe/.local/lib/python3.10/site-packages/airflow/example_dags/example_datasets.py for tasks to queue
[2023-12-25T06:26:37.803-0300] {logging_mixin.py:188} INFO - [2023-12-25T06:26:37.803-0300] {dagbag.py:538} INFO - Filling up the DagBag from /home/felipe/.local/lib/python3.10/site-packages/airflow/example_dags/example_datasets.py
[2023-12-25T06:26:37.820-0300] {processor.py:840} INFO - DAG(s) 'dataset_consumes_1_never_scheduled', 'dataset_produces_1', 'dataset_consumes_1_and_2', 'dataset_consumes_1', 'dataset_consumes_unknown_never_scheduled', 'dataset_produces_2' retrieved from /home/felipe/.local/lib/python3.10/site-packages/airflow/example_dags/example_datasets.py
[2023-12-25T06:26:37.878-0300] {logging_mixin.py:188} INFO - [2023-12-25T06:26:37.877-0300] {dag.py:3033} INFO - Sync 6 DAGs
[2023-12-25T06:26:37.921-0300] {logging_mixin.py:188} INFO - [2023-12-25T06:26:37.920-0300] {dag.py:3820} INFO - Setting next_dagrun for dataset_consumes_1 to None, run_after=None
[2023-12-25T06:26:37.928-0300] {logging_mixin.py:188} INFO - [2023-12-25T06:26:37.927-0300] {dag.py:3820} INFO - Setting next_dagrun for dataset_consumes_1_and_2 to None, run_after=None
[2023-12-25T06:26:37.930-0300] {logging_mixin.py:188} INFO - [2023-12-25T06:26:37.930-0300] {dag.py:3820} INFO - Setting next_dagrun for dataset_consumes_1_never_scheduled to None, run_after=None
[2023-12-25T06:26:37.932-0300] {logging_mixin.py:188} INFO - [2023-12-25T06:26:37.932-0300] {dag.py:3820} INFO - Setting next_dagrun for dataset_consumes_unknown_never_scheduled to None, run_after=None
[2023-12-25T06:26:37.937-0300] {logging_mixin.py:188} INFO - [2023-12-25T06:26:37.937-0300] {dag.py:3820} INFO - Setting next_dagrun for dataset_produces_1 to 2023-12-24T00:00:00+00:00, run_after=2023-12-25T00:00:00+00:00
[2023-12-25T06:26:37.940-0300] {logging_mixin.py:188} INFO - [2023-12-25T06:26:37.940-0300] {dag.py:3820} INFO - Setting next_dagrun for dataset_produces_2 to None, run_after=None
[2023-12-25T06:26:38.005-0300] {processor.py:183} INFO - Processing /home/felipe/.local/lib/python3.10/site-packages/airflow/example_dags/example_datasets.py took 0.222 seconds
[2023-12-25T06:27:26.705-0300] {processor.py:161} INFO - Started process (PID=12726) to work on /home/felipe/.local/lib/python3.10/site-packages/airflow/example_dags/example_datasets.py
[2023-12-25T06:27:26.710-0300] {processor.py:830} INFO - Processing file /home/felipe/.local/lib/python3.10/site-packages/airflow/example_dags/example_datasets.py for tasks to queue
[2023-12-25T06:27:26.713-0300] {logging_mixin.py:188} INFO - [2023-12-25T06:27:26.712-0300] {dagbag.py:538} INFO - Filling up the DagBag from /home/felipe/.local/lib/python3.10/site-packages/airflow/example_dags/example_datasets.py
[2023-12-25T06:27:26.730-0300] {processor.py:840} INFO - DAG(s) 'dataset_produces_2', 'dataset_produces_1', 'dataset_consumes_1_never_scheduled', 'dataset_consumes_unknown_never_scheduled', 'dataset_consumes_1', 'dataset_consumes_1_and_2' retrieved from /home/felipe/.local/lib/python3.10/site-packages/airflow/example_dags/example_datasets.py
[2023-12-25T06:27:26.785-0300] {logging_mixin.py:188} INFO - [2023-12-25T06:27:26.784-0300] {dag.py:3033} INFO - Sync 6 DAGs
[2023-12-25T06:27:26.824-0300] {logging_mixin.py:188} INFO - [2023-12-25T06:27:26.824-0300] {dag.py:3820} INFO - Setting next_dagrun for dataset_consumes_1 to None, run_after=None
[2023-12-25T06:27:26.831-0300] {logging_mixin.py:188} INFO - [2023-12-25T06:27:26.831-0300] {dag.py:3820} INFO - Setting next_dagrun for dataset_consumes_1_and_2 to None, run_after=None
[2023-12-25T06:27:26.834-0300] {logging_mixin.py:188} INFO - [2023-12-25T06:27:26.834-0300] {dag.py:3820} INFO - Setting next_dagrun for dataset_consumes_1_never_scheduled to None, run_after=None
[2023-12-25T06:27:26.836-0300] {logging_mixin.py:188} INFO - [2023-12-25T06:27:26.836-0300] {dag.py:3820} INFO - Setting next_dagrun for dataset_consumes_unknown_never_scheduled to None, run_after=None
[2023-12-25T06:27:26.841-0300] {logging_mixin.py:188} INFO - [2023-12-25T06:27:26.841-0300] {dag.py:3820} INFO - Setting next_dagrun for dataset_produces_1 to 2023-12-24T00:00:00+00:00, run_after=2023-12-25T00:00:00+00:00
[2023-12-25T06:27:26.843-0300] {logging_mixin.py:188} INFO - [2023-12-25T06:27:26.843-0300] {dag.py:3820} INFO - Setting next_dagrun for dataset_produces_2 to None, run_after=None
[2023-12-25T06:27:26.909-0300] {processor.py:183} INFO - Processing /home/felipe/.local/lib/python3.10/site-packages/airflow/example_dags/example_datasets.py took 0.208 seconds
[2023-12-25T06:28:17.847-0300] {processor.py:161} INFO - Started process (PID=12775) to work on /home/felipe/.local/lib/python3.10/site-packages/airflow/example_dags/example_datasets.py
[2023-12-25T06:28:17.850-0300] {processor.py:830} INFO - Processing file /home/felipe/.local/lib/python3.10/site-packages/airflow/example_dags/example_datasets.py for tasks to queue
[2023-12-25T06:28:17.852-0300] {logging_mixin.py:188} INFO - [2023-12-25T06:28:17.851-0300] {dagbag.py:538} INFO - Filling up the DagBag from /home/felipe/.local/lib/python3.10/site-packages/airflow/example_dags/example_datasets.py
[2023-12-25T06:28:17.869-0300] {processor.py:840} INFO - DAG(s) 'dataset_consumes_unknown_never_scheduled', 'dataset_consumes_1_and_2', 'dataset_produces_1', 'dataset_consumes_1', 'dataset_consumes_1_never_scheduled', 'dataset_produces_2' retrieved from /home/felipe/.local/lib/python3.10/site-packages/airflow/example_dags/example_datasets.py
[2023-12-25T06:28:17.933-0300] {logging_mixin.py:188} INFO - [2023-12-25T06:28:17.932-0300] {dag.py:3033} INFO - Sync 6 DAGs
[2023-12-25T06:28:17.987-0300] {logging_mixin.py:188} INFO - [2023-12-25T06:28:17.987-0300] {dag.py:3820} INFO - Setting next_dagrun for dataset_consumes_1 to None, run_after=None
[2023-12-25T06:28:17.995-0300] {logging_mixin.py:188} INFO - [2023-12-25T06:28:17.995-0300] {dag.py:3820} INFO - Setting next_dagrun for dataset_consumes_1_and_2 to None, run_after=None
[2023-12-25T06:28:17.999-0300] {logging_mixin.py:188} INFO - [2023-12-25T06:28:17.998-0300] {dag.py:3820} INFO - Setting next_dagrun for dataset_consumes_1_never_scheduled to None, run_after=None
[2023-12-25T06:28:18.001-0300] {logging_mixin.py:188} INFO - [2023-12-25T06:28:18.001-0300] {dag.py:3820} INFO - Setting next_dagrun for dataset_consumes_unknown_never_scheduled to None, run_after=None
[2023-12-25T06:28:18.007-0300] {logging_mixin.py:188} INFO - [2023-12-25T06:28:18.007-0300] {dag.py:3820} INFO - Setting next_dagrun for dataset_produces_1 to 2023-12-24T00:00:00+00:00, run_after=2023-12-25T00:00:00+00:00
[2023-12-25T06:28:18.010-0300] {logging_mixin.py:188} INFO - [2023-12-25T06:28:18.010-0300] {dag.py:3820} INFO - Setting next_dagrun for dataset_produces_2 to None, run_after=None
[2023-12-25T06:28:18.084-0300] {processor.py:183} INFO - Processing /home/felipe/.local/lib/python3.10/site-packages/airflow/example_dags/example_datasets.py took 0.243 seconds
[2023-12-25T06:29:11.063-0300] {processor.py:161} INFO - Started process (PID=12821) to work on /home/felipe/.local/lib/python3.10/site-packages/airflow/example_dags/example_datasets.py
[2023-12-25T06:29:11.066-0300] {processor.py:830} INFO - Processing file /home/felipe/.local/lib/python3.10/site-packages/airflow/example_dags/example_datasets.py for tasks to queue
[2023-12-25T06:29:11.067-0300] {logging_mixin.py:188} INFO - [2023-12-25T06:29:11.067-0300] {dagbag.py:538} INFO - Filling up the DagBag from /home/felipe/.local/lib/python3.10/site-packages/airflow/example_dags/example_datasets.py
[2023-12-25T06:29:11.086-0300] {processor.py:840} INFO - DAG(s) 'dataset_consumes_unknown_never_scheduled', 'dataset_produces_2', 'dataset_produces_1', 'dataset_consumes_1_never_scheduled', 'dataset_consumes_1_and_2', 'dataset_consumes_1' retrieved from /home/felipe/.local/lib/python3.10/site-packages/airflow/example_dags/example_datasets.py
[2023-12-25T06:29:11.156-0300] {logging_mixin.py:188} INFO - [2023-12-25T06:29:11.155-0300] {dag.py:3033} INFO - Sync 6 DAGs
[2023-12-25T06:29:11.221-0300] {logging_mixin.py:188} INFO - [2023-12-25T06:29:11.221-0300] {dag.py:3820} INFO - Setting next_dagrun for dataset_consumes_1 to None, run_after=None
[2023-12-25T06:29:11.230-0300] {logging_mixin.py:188} INFO - [2023-12-25T06:29:11.229-0300] {dag.py:3820} INFO - Setting next_dagrun for dataset_consumes_1_and_2 to None, run_after=None
[2023-12-25T06:29:11.232-0300] {logging_mixin.py:188} INFO - [2023-12-25T06:29:11.232-0300] {dag.py:3820} INFO - Setting next_dagrun for dataset_consumes_1_never_scheduled to None, run_after=None
[2023-12-25T06:29:11.235-0300] {logging_mixin.py:188} INFO - [2023-12-25T06:29:11.234-0300] {dag.py:3820} INFO - Setting next_dagrun for dataset_consumes_unknown_never_scheduled to None, run_after=None
[2023-12-25T06:29:11.240-0300] {logging_mixin.py:188} INFO - [2023-12-25T06:29:11.240-0300] {dag.py:3820} INFO - Setting next_dagrun for dataset_produces_1 to 2023-12-24T00:00:00+00:00, run_after=2023-12-25T00:00:00+00:00
[2023-12-25T06:29:11.244-0300] {logging_mixin.py:188} INFO - [2023-12-25T06:29:11.244-0300] {dag.py:3820} INFO - Setting next_dagrun for dataset_produces_2 to None, run_after=None
[2023-12-25T06:29:11.331-0300] {processor.py:183} INFO - Processing /home/felipe/.local/lib/python3.10/site-packages/airflow/example_dags/example_datasets.py took 0.279 seconds
[2023-12-25T06:30:01.683-0300] {processor.py:161} INFO - Started process (PID=12896) to work on /home/felipe/.local/lib/python3.10/site-packages/airflow/example_dags/example_datasets.py
[2023-12-25T06:30:01.686-0300] {processor.py:830} INFO - Processing file /home/felipe/.local/lib/python3.10/site-packages/airflow/example_dags/example_datasets.py for tasks to queue
[2023-12-25T06:30:01.690-0300] {logging_mixin.py:188} INFO - [2023-12-25T06:30:01.688-0300] {dagbag.py:538} INFO - Filling up the DagBag from /home/felipe/.local/lib/python3.10/site-packages/airflow/example_dags/example_datasets.py
[2023-12-25T06:30:01.710-0300] {processor.py:840} INFO - DAG(s) 'dataset_produces_2', 'dataset_consumes_1_and_2', 'dataset_consumes_unknown_never_scheduled', 'dataset_consumes_1_never_scheduled', 'dataset_consumes_1', 'dataset_produces_1' retrieved from /home/felipe/.local/lib/python3.10/site-packages/airflow/example_dags/example_datasets.py
[2023-12-25T06:30:01.781-0300] {logging_mixin.py:188} INFO - [2023-12-25T06:30:01.780-0300] {dag.py:3033} INFO - Sync 6 DAGs
[2023-12-25T06:30:01.825-0300] {logging_mixin.py:188} INFO - [2023-12-25T06:30:01.825-0300] {dag.py:3820} INFO - Setting next_dagrun for dataset_consumes_1 to None, run_after=None
[2023-12-25T06:30:01.832-0300] {logging_mixin.py:188} INFO - [2023-12-25T06:30:01.832-0300] {dag.py:3820} INFO - Setting next_dagrun for dataset_consumes_1_and_2 to None, run_after=None
[2023-12-25T06:30:01.835-0300] {logging_mixin.py:188} INFO - [2023-12-25T06:30:01.834-0300] {dag.py:3820} INFO - Setting next_dagrun for dataset_consumes_1_never_scheduled to None, run_after=None
[2023-12-25T06:30:01.841-0300] {logging_mixin.py:188} INFO - [2023-12-25T06:30:01.837-0300] {dag.py:3820} INFO - Setting next_dagrun for dataset_consumes_unknown_never_scheduled to None, run_after=None
[2023-12-25T06:30:01.851-0300] {logging_mixin.py:188} INFO - [2023-12-25T06:30:01.849-0300] {dag.py:3820} INFO - Setting next_dagrun for dataset_produces_1 to 2023-12-24T00:00:00+00:00, run_after=2023-12-25T00:00:00+00:00
[2023-12-25T06:30:01.855-0300] {logging_mixin.py:188} INFO - [2023-12-25T06:30:01.855-0300] {dag.py:3820} INFO - Setting next_dagrun for dataset_produces_2 to None, run_after=None
[2023-12-25T06:30:01.921-0300] {processor.py:183} INFO - Processing /home/felipe/.local/lib/python3.10/site-packages/airflow/example_dags/example_datasets.py took 0.242 seconds
[2023-12-25T06:30:50.689-0300] {processor.py:161} INFO - Started process (PID=12951) to work on /home/felipe/.local/lib/python3.10/site-packages/airflow/example_dags/example_datasets.py
[2023-12-25T06:30:50.692-0300] {processor.py:830} INFO - Processing file /home/felipe/.local/lib/python3.10/site-packages/airflow/example_dags/example_datasets.py for tasks to queue
[2023-12-25T06:30:50.693-0300] {logging_mixin.py:188} INFO - [2023-12-25T06:30:50.693-0300] {dagbag.py:538} INFO - Filling up the DagBag from /home/felipe/.local/lib/python3.10/site-packages/airflow/example_dags/example_datasets.py
[2023-12-25T06:30:50.711-0300] {processor.py:840} INFO - DAG(s) 'dataset_produces_1', 'dataset_consumes_1', 'dataset_produces_2', 'dataset_consumes_1_and_2', 'dataset_consumes_1_never_scheduled', 'dataset_consumes_unknown_never_scheduled' retrieved from /home/felipe/.local/lib/python3.10/site-packages/airflow/example_dags/example_datasets.py
[2023-12-25T06:30:50.772-0300] {logging_mixin.py:188} INFO - [2023-12-25T06:30:50.771-0300] {dag.py:3033} INFO - Sync 6 DAGs
[2023-12-25T06:30:50.860-0300] {logging_mixin.py:188} INFO - [2023-12-25T06:30:50.859-0300] {dag.py:3820} INFO - Setting next_dagrun for dataset_consumes_1 to None, run_after=None
[2023-12-25T06:30:50.868-0300] {logging_mixin.py:188} INFO - [2023-12-25T06:30:50.867-0300] {dag.py:3820} INFO - Setting next_dagrun for dataset_consumes_1_and_2 to None, run_after=None
[2023-12-25T06:30:50.872-0300] {logging_mixin.py:188} INFO - [2023-12-25T06:30:50.871-0300] {dag.py:3820} INFO - Setting next_dagrun for dataset_consumes_1_never_scheduled to None, run_after=None
[2023-12-25T06:30:50.875-0300] {logging_mixin.py:188} INFO - [2023-12-25T06:30:50.875-0300] {dag.py:3820} INFO - Setting next_dagrun for dataset_consumes_unknown_never_scheduled to None, run_after=None
[2023-12-25T06:30:50.882-0300] {logging_mixin.py:188} INFO - [2023-12-25T06:30:50.882-0300] {dag.py:3820} INFO - Setting next_dagrun for dataset_produces_1 to 2023-12-24T00:00:00+00:00, run_after=2023-12-25T00:00:00+00:00
[2023-12-25T06:30:50.885-0300] {logging_mixin.py:188} INFO - [2023-12-25T06:30:50.885-0300] {dag.py:3820} INFO - Setting next_dagrun for dataset_produces_2 to None, run_after=None
[2023-12-25T06:30:50.975-0300] {processor.py:183} INFO - Processing /home/felipe/.local/lib/python3.10/site-packages/airflow/example_dags/example_datasets.py took 0.291 seconds
[2023-12-25T06:31:45.105-0300] {processor.py:161} INFO - Started process (PID=12998) to work on /home/felipe/.local/lib/python3.10/site-packages/airflow/example_dags/example_datasets.py
[2023-12-25T06:31:45.108-0300] {processor.py:830} INFO - Processing file /home/felipe/.local/lib/python3.10/site-packages/airflow/example_dags/example_datasets.py for tasks to queue
[2023-12-25T06:31:45.110-0300] {logging_mixin.py:188} INFO - [2023-12-25T06:31:45.110-0300] {dagbag.py:538} INFO - Filling up the DagBag from /home/felipe/.local/lib/python3.10/site-packages/airflow/example_dags/example_datasets.py
[2023-12-25T06:31:45.127-0300] {processor.py:840} INFO - DAG(s) 'dataset_consumes_unknown_never_scheduled', 'dataset_consumes_1', 'dataset_consumes_1_never_scheduled', 'dataset_produces_2', 'dataset_produces_1', 'dataset_consumes_1_and_2' retrieved from /home/felipe/.local/lib/python3.10/site-packages/airflow/example_dags/example_datasets.py
[2023-12-25T06:31:45.193-0300] {logging_mixin.py:188} INFO - [2023-12-25T06:31:45.192-0300] {dag.py:3033} INFO - Sync 6 DAGs
[2023-12-25T06:31:45.233-0300] {logging_mixin.py:188} INFO - [2023-12-25T06:31:45.233-0300] {dag.py:3820} INFO - Setting next_dagrun for dataset_consumes_1 to None, run_after=None
[2023-12-25T06:31:45.241-0300] {logging_mixin.py:188} INFO - [2023-12-25T06:31:45.240-0300] {dag.py:3820} INFO - Setting next_dagrun for dataset_consumes_1_and_2 to None, run_after=None
[2023-12-25T06:31:45.243-0300] {logging_mixin.py:188} INFO - [2023-12-25T06:31:45.243-0300] {dag.py:3820} INFO - Setting next_dagrun for dataset_consumes_1_never_scheduled to None, run_after=None
[2023-12-25T06:31:45.245-0300] {logging_mixin.py:188} INFO - [2023-12-25T06:31:45.245-0300] {dag.py:3820} INFO - Setting next_dagrun for dataset_consumes_unknown_never_scheduled to None, run_after=None
[2023-12-25T06:31:45.253-0300] {logging_mixin.py:188} INFO - [2023-12-25T06:31:45.253-0300] {dag.py:3820} INFO - Setting next_dagrun for dataset_produces_1 to 2023-12-24T00:00:00+00:00, run_after=2023-12-25T00:00:00+00:00
[2023-12-25T06:31:45.256-0300] {logging_mixin.py:188} INFO - [2023-12-25T06:31:45.256-0300] {dag.py:3820} INFO - Setting next_dagrun for dataset_produces_2 to None, run_after=None
[2023-12-25T06:31:45.333-0300] {processor.py:183} INFO - Processing /home/felipe/.local/lib/python3.10/site-packages/airflow/example_dags/example_datasets.py took 0.232 seconds
[2023-12-25T06:32:40.351-0300] {processor.py:161} INFO - Started process (PID=13047) to work on /home/felipe/.local/lib/python3.10/site-packages/airflow/example_dags/example_datasets.py
[2023-12-25T06:32:40.353-0300] {processor.py:830} INFO - Processing file /home/felipe/.local/lib/python3.10/site-packages/airflow/example_dags/example_datasets.py for tasks to queue
[2023-12-25T06:32:40.355-0300] {logging_mixin.py:188} INFO - [2023-12-25T06:32:40.354-0300] {dagbag.py:538} INFO - Filling up the DagBag from /home/felipe/.local/lib/python3.10/site-packages/airflow/example_dags/example_datasets.py
[2023-12-25T06:32:40.371-0300] {processor.py:840} INFO - DAG(s) 'dataset_consumes_1_never_scheduled', 'dataset_consumes_1_and_2', 'dataset_consumes_1', 'dataset_produces_2', 'dataset_consumes_unknown_never_scheduled', 'dataset_produces_1' retrieved from /home/felipe/.local/lib/python3.10/site-packages/airflow/example_dags/example_datasets.py
[2023-12-25T06:32:40.428-0300] {logging_mixin.py:188} INFO - [2023-12-25T06:32:40.427-0300] {dag.py:3033} INFO - Sync 6 DAGs
[2023-12-25T06:32:40.476-0300] {logging_mixin.py:188} INFO - [2023-12-25T06:32:40.476-0300] {dag.py:3820} INFO - Setting next_dagrun for dataset_consumes_1 to None, run_after=None
[2023-12-25T06:32:40.483-0300] {logging_mixin.py:188} INFO - [2023-12-25T06:32:40.483-0300] {dag.py:3820} INFO - Setting next_dagrun for dataset_consumes_1_and_2 to None, run_after=None
[2023-12-25T06:32:40.486-0300] {logging_mixin.py:188} INFO - [2023-12-25T06:32:40.486-0300] {dag.py:3820} INFO - Setting next_dagrun for dataset_consumes_1_never_scheduled to None, run_after=None
[2023-12-25T06:32:40.489-0300] {logging_mixin.py:188} INFO - [2023-12-25T06:32:40.488-0300] {dag.py:3820} INFO - Setting next_dagrun for dataset_consumes_unknown_never_scheduled to None, run_after=None
[2023-12-25T06:32:40.494-0300] {logging_mixin.py:188} INFO - [2023-12-25T06:32:40.494-0300] {dag.py:3820} INFO - Setting next_dagrun for dataset_produces_1 to 2023-12-24T00:00:00+00:00, run_after=2023-12-25T00:00:00+00:00
[2023-12-25T06:32:40.497-0300] {logging_mixin.py:188} INFO - [2023-12-25T06:32:40.496-0300] {dag.py:3820} INFO - Setting next_dagrun for dataset_produces_2 to None, run_after=None
[2023-12-25T06:32:40.559-0300] {processor.py:183} INFO - Processing /home/felipe/.local/lib/python3.10/site-packages/airflow/example_dags/example_datasets.py took 0.214 seconds
[2023-12-25T06:33:29.280-0300] {processor.py:161} INFO - Started process (PID=13091) to work on /home/felipe/.local/lib/python3.10/site-packages/airflow/example_dags/example_datasets.py
[2023-12-25T06:33:29.283-0300] {processor.py:830} INFO - Processing file /home/felipe/.local/lib/python3.10/site-packages/airflow/example_dags/example_datasets.py for tasks to queue
[2023-12-25T06:33:29.284-0300] {logging_mixin.py:188} INFO - [2023-12-25T06:33:29.284-0300] {dagbag.py:538} INFO - Filling up the DagBag from /home/felipe/.local/lib/python3.10/site-packages/airflow/example_dags/example_datasets.py
[2023-12-25T06:33:29.301-0300] {processor.py:840} INFO - DAG(s) 'dataset_produces_2', 'dataset_consumes_unknown_never_scheduled', 'dataset_consumes_1_never_scheduled', 'dataset_consumes_1_and_2', 'dataset_consumes_1', 'dataset_produces_1' retrieved from /home/felipe/.local/lib/python3.10/site-packages/airflow/example_dags/example_datasets.py
[2023-12-25T06:33:29.355-0300] {logging_mixin.py:188} INFO - [2023-12-25T06:33:29.354-0300] {dag.py:3033} INFO - Sync 6 DAGs
[2023-12-25T06:33:29.405-0300] {logging_mixin.py:188} INFO - [2023-12-25T06:33:29.404-0300] {dag.py:3820} INFO - Setting next_dagrun for dataset_consumes_1 to None, run_after=None
[2023-12-25T06:33:29.414-0300] {logging_mixin.py:188} INFO - [2023-12-25T06:33:29.413-0300] {dag.py:3820} INFO - Setting next_dagrun for dataset_consumes_1_and_2 to None, run_after=None
[2023-12-25T06:33:29.416-0300] {logging_mixin.py:188} INFO - [2023-12-25T06:33:29.416-0300] {dag.py:3820} INFO - Setting next_dagrun for dataset_consumes_1_never_scheduled to None, run_after=None
[2023-12-25T06:33:29.418-0300] {logging_mixin.py:188} INFO - [2023-12-25T06:33:29.418-0300] {dag.py:3820} INFO - Setting next_dagrun for dataset_consumes_unknown_never_scheduled to None, run_after=None
[2023-12-25T06:33:29.424-0300] {logging_mixin.py:188} INFO - [2023-12-25T06:33:29.424-0300] {dag.py:3820} INFO - Setting next_dagrun for dataset_produces_1 to 2023-12-24T00:00:00+00:00, run_after=2023-12-25T00:00:00+00:00
[2023-12-25T06:33:29.426-0300] {logging_mixin.py:188} INFO - [2023-12-25T06:33:29.426-0300] {dag.py:3820} INFO - Setting next_dagrun for dataset_produces_2 to None, run_after=None
[2023-12-25T06:33:29.499-0300] {processor.py:183} INFO - Processing /home/felipe/.local/lib/python3.10/site-packages/airflow/example_dags/example_datasets.py took 0.224 seconds
[2023-12-25T06:34:20.821-0300] {processor.py:161} INFO - Started process (PID=13138) to work on /home/felipe/.local/lib/python3.10/site-packages/airflow/example_dags/example_datasets.py
[2023-12-25T06:34:20.823-0300] {processor.py:830} INFO - Processing file /home/felipe/.local/lib/python3.10/site-packages/airflow/example_dags/example_datasets.py for tasks to queue
[2023-12-25T06:34:20.825-0300] {logging_mixin.py:188} INFO - [2023-12-25T06:34:20.824-0300] {dagbag.py:538} INFO - Filling up the DagBag from /home/felipe/.local/lib/python3.10/site-packages/airflow/example_dags/example_datasets.py
[2023-12-25T06:34:20.841-0300] {processor.py:840} INFO - DAG(s) 'dataset_produces_1', 'dataset_consumes_1_never_scheduled', 'dataset_consumes_unknown_never_scheduled', 'dataset_consumes_1', 'dataset_consumes_1_and_2', 'dataset_produces_2' retrieved from /home/felipe/.local/lib/python3.10/site-packages/airflow/example_dags/example_datasets.py
[2023-12-25T06:34:20.894-0300] {logging_mixin.py:188} INFO - [2023-12-25T06:34:20.893-0300] {dag.py:3033} INFO - Sync 6 DAGs
[2023-12-25T06:34:20.931-0300] {logging_mixin.py:188} INFO - [2023-12-25T06:34:20.931-0300] {dag.py:3820} INFO - Setting next_dagrun for dataset_consumes_1 to None, run_after=None
[2023-12-25T06:34:20.938-0300] {logging_mixin.py:188} INFO - [2023-12-25T06:34:20.938-0300] {dag.py:3820} INFO - Setting next_dagrun for dataset_consumes_1_and_2 to None, run_after=None
[2023-12-25T06:34:20.940-0300] {logging_mixin.py:188} INFO - [2023-12-25T06:34:20.940-0300] {dag.py:3820} INFO - Setting next_dagrun for dataset_consumes_1_never_scheduled to None, run_after=None
[2023-12-25T06:34:20.942-0300] {logging_mixin.py:188} INFO - [2023-12-25T06:34:20.942-0300] {dag.py:3820} INFO - Setting next_dagrun for dataset_consumes_unknown_never_scheduled to None, run_after=None
[2023-12-25T06:34:20.948-0300] {logging_mixin.py:188} INFO - [2023-12-25T06:34:20.947-0300] {dag.py:3820} INFO - Setting next_dagrun for dataset_produces_1 to 2023-12-24T00:00:00+00:00, run_after=2023-12-25T00:00:00+00:00
[2023-12-25T06:34:20.950-0300] {logging_mixin.py:188} INFO - [2023-12-25T06:34:20.950-0300] {dag.py:3820} INFO - Setting next_dagrun for dataset_produces_2 to None, run_after=None
[2023-12-25T06:34:21.016-0300] {processor.py:183} INFO - Processing /home/felipe/.local/lib/python3.10/site-packages/airflow/example_dags/example_datasets.py took 0.200 seconds
[2023-12-25T06:35:13.606-0300] {processor.py:161} INFO - Started process (PID=13220) to work on /home/felipe/.local/lib/python3.10/site-packages/airflow/example_dags/example_datasets.py
[2023-12-25T06:35:13.610-0300] {processor.py:830} INFO - Processing file /home/felipe/.local/lib/python3.10/site-packages/airflow/example_dags/example_datasets.py for tasks to queue
[2023-12-25T06:35:13.612-0300] {logging_mixin.py:188} INFO - [2023-12-25T06:35:13.611-0300] {dagbag.py:538} INFO - Filling up the DagBag from /home/felipe/.local/lib/python3.10/site-packages/airflow/example_dags/example_datasets.py
[2023-12-25T06:35:13.637-0300] {processor.py:840} INFO - DAG(s) 'dataset_produces_1', 'dataset_consumes_1_never_scheduled', 'dataset_consumes_1', 'dataset_consumes_unknown_never_scheduled', 'dataset_produces_2', 'dataset_consumes_1_and_2' retrieved from /home/felipe/.local/lib/python3.10/site-packages/airflow/example_dags/example_datasets.py
[2023-12-25T06:35:13.697-0300] {logging_mixin.py:188} INFO - [2023-12-25T06:35:13.697-0300] {dag.py:3033} INFO - Sync 6 DAGs
[2023-12-25T06:35:13.740-0300] {logging_mixin.py:188} INFO - [2023-12-25T06:35:13.740-0300] {dag.py:3820} INFO - Setting next_dagrun for dataset_consumes_1 to None, run_after=None
[2023-12-25T06:35:13.747-0300] {logging_mixin.py:188} INFO - [2023-12-25T06:35:13.747-0300] {dag.py:3820} INFO - Setting next_dagrun for dataset_consumes_1_and_2 to None, run_after=None
[2023-12-25T06:35:13.749-0300] {logging_mixin.py:188} INFO - [2023-12-25T06:35:13.749-0300] {dag.py:3820} INFO - Setting next_dagrun for dataset_consumes_1_never_scheduled to None, run_after=None
[2023-12-25T06:35:13.752-0300] {logging_mixin.py:188} INFO - [2023-12-25T06:35:13.751-0300] {dag.py:3820} INFO - Setting next_dagrun for dataset_consumes_unknown_never_scheduled to None, run_after=None
[2023-12-25T06:35:13.758-0300] {logging_mixin.py:188} INFO - [2023-12-25T06:35:13.757-0300] {dag.py:3820} INFO - Setting next_dagrun for dataset_produces_1 to 2023-12-24T00:00:00+00:00, run_after=2023-12-25T00:00:00+00:00
[2023-12-25T06:35:13.760-0300] {logging_mixin.py:188} INFO - [2023-12-25T06:35:13.760-0300] {dag.py:3820} INFO - Setting next_dagrun for dataset_produces_2 to None, run_after=None
[2023-12-25T06:35:13.838-0300] {processor.py:183} INFO - Processing /home/felipe/.local/lib/python3.10/site-packages/airflow/example_dags/example_datasets.py took 0.243 seconds
[2023-12-25T06:36:09.217-0300] {processor.py:161} INFO - Started process (PID=13271) to work on /home/felipe/.local/lib/python3.10/site-packages/airflow/example_dags/example_datasets.py
[2023-12-25T06:36:09.219-0300] {processor.py:830} INFO - Processing file /home/felipe/.local/lib/python3.10/site-packages/airflow/example_dags/example_datasets.py for tasks to queue
[2023-12-25T06:36:09.220-0300] {logging_mixin.py:188} INFO - [2023-12-25T06:36:09.220-0300] {dagbag.py:538} INFO - Filling up the DagBag from /home/felipe/.local/lib/python3.10/site-packages/airflow/example_dags/example_datasets.py
[2023-12-25T06:36:09.236-0300] {processor.py:840} INFO - DAG(s) 'dataset_consumes_1_and_2', 'dataset_consumes_unknown_never_scheduled', 'dataset_consumes_1', 'dataset_produces_2', 'dataset_produces_1', 'dataset_consumes_1_never_scheduled' retrieved from /home/felipe/.local/lib/python3.10/site-packages/airflow/example_dags/example_datasets.py
[2023-12-25T06:36:09.298-0300] {logging_mixin.py:188} INFO - [2023-12-25T06:36:09.297-0300] {dag.py:3033} INFO - Sync 6 DAGs
[2023-12-25T06:36:09.360-0300] {logging_mixin.py:188} INFO - [2023-12-25T06:36:09.360-0300] {dag.py:3820} INFO - Setting next_dagrun for dataset_consumes_1 to None, run_after=None
[2023-12-25T06:36:09.370-0300] {logging_mixin.py:188} INFO - [2023-12-25T06:36:09.369-0300] {dag.py:3820} INFO - Setting next_dagrun for dataset_consumes_1_and_2 to None, run_after=None
[2023-12-25T06:36:09.372-0300] {logging_mixin.py:188} INFO - [2023-12-25T06:36:09.372-0300] {dag.py:3820} INFO - Setting next_dagrun for dataset_consumes_1_never_scheduled to None, run_after=None
[2023-12-25T06:36:09.374-0300] {logging_mixin.py:188} INFO - [2023-12-25T06:36:09.374-0300] {dag.py:3820} INFO - Setting next_dagrun for dataset_consumes_unknown_never_scheduled to None, run_after=None
[2023-12-25T06:36:09.379-0300] {logging_mixin.py:188} INFO - [2023-12-25T06:36:09.379-0300] {dag.py:3820} INFO - Setting next_dagrun for dataset_produces_1 to 2023-12-24T00:00:00+00:00, run_after=2023-12-25T00:00:00+00:00
[2023-12-25T06:36:09.386-0300] {logging_mixin.py:188} INFO - [2023-12-25T06:36:09.386-0300] {dag.py:3820} INFO - Setting next_dagrun for dataset_produces_2 to None, run_after=None
[2023-12-25T06:36:09.463-0300] {processor.py:183} INFO - Processing /home/felipe/.local/lib/python3.10/site-packages/airflow/example_dags/example_datasets.py took 0.251 seconds
[2023-12-25T06:37:07.219-0300] {processor.py:161} INFO - Started process (PID=13323) to work on /home/felipe/.local/lib/python3.10/site-packages/airflow/example_dags/example_datasets.py
[2023-12-25T06:37:07.221-0300] {processor.py:830} INFO - Processing file /home/felipe/.local/lib/python3.10/site-packages/airflow/example_dags/example_datasets.py for tasks to queue
[2023-12-25T06:37:07.224-0300] {logging_mixin.py:188} INFO - [2023-12-25T06:37:07.223-0300] {dagbag.py:538} INFO - Filling up the DagBag from /home/felipe/.local/lib/python3.10/site-packages/airflow/example_dags/example_datasets.py
[2023-12-25T06:37:07.241-0300] {processor.py:840} INFO - DAG(s) 'dataset_consumes_1', 'dataset_produces_2', 'dataset_consumes_1_never_scheduled', 'dataset_consumes_unknown_never_scheduled', 'dataset_produces_1', 'dataset_consumes_1_and_2' retrieved from /home/felipe/.local/lib/python3.10/site-packages/airflow/example_dags/example_datasets.py
[2023-12-25T06:37:07.313-0300] {logging_mixin.py:188} INFO - [2023-12-25T06:37:07.312-0300] {dag.py:3033} INFO - Sync 6 DAGs
[2023-12-25T06:37:07.365-0300] {logging_mixin.py:188} INFO - [2023-12-25T06:37:07.365-0300] {dag.py:3820} INFO - Setting next_dagrun for dataset_consumes_1 to None, run_after=None
[2023-12-25T06:37:07.375-0300] {logging_mixin.py:188} INFO - [2023-12-25T06:37:07.375-0300] {dag.py:3820} INFO - Setting next_dagrun for dataset_consumes_1_and_2 to None, run_after=None
[2023-12-25T06:37:07.378-0300] {logging_mixin.py:188} INFO - [2023-12-25T06:37:07.377-0300] {dag.py:3820} INFO - Setting next_dagrun for dataset_consumes_1_never_scheduled to None, run_after=None
[2023-12-25T06:37:07.382-0300] {logging_mixin.py:188} INFO - [2023-12-25T06:37:07.381-0300] {dag.py:3820} INFO - Setting next_dagrun for dataset_consumes_unknown_never_scheduled to None, run_after=None
[2023-12-25T06:37:07.390-0300] {logging_mixin.py:188} INFO - [2023-12-25T06:37:07.390-0300] {dag.py:3820} INFO - Setting next_dagrun for dataset_produces_1 to 2023-12-24T00:00:00+00:00, run_after=2023-12-25T00:00:00+00:00
[2023-12-25T06:37:07.393-0300] {logging_mixin.py:188} INFO - [2023-12-25T06:37:07.393-0300] {dag.py:3820} INFO - Setting next_dagrun for dataset_produces_2 to None, run_after=None
[2023-12-25T06:37:07.474-0300] {processor.py:183} INFO - Processing /home/felipe/.local/lib/python3.10/site-packages/airflow/example_dags/example_datasets.py took 0.260 seconds
[2023-12-25T06:38:10.281-0300] {processor.py:161} INFO - Started process (PID=13376) to work on /home/felipe/.local/lib/python3.10/site-packages/airflow/example_dags/example_datasets.py
[2023-12-25T06:38:10.290-0300] {processor.py:830} INFO - Processing file /home/felipe/.local/lib/python3.10/site-packages/airflow/example_dags/example_datasets.py for tasks to queue
[2023-12-25T06:38:10.295-0300] {logging_mixin.py:188} INFO - [2023-12-25T06:38:10.293-0300] {dagbag.py:538} INFO - Filling up the DagBag from /home/felipe/.local/lib/python3.10/site-packages/airflow/example_dags/example_datasets.py
[2023-12-25T06:38:10.341-0300] {processor.py:840} INFO - DAG(s) 'dataset_consumes_1_never_scheduled', 'dataset_produces_1', 'dataset_consumes_1_and_2', 'dataset_consumes_unknown_never_scheduled', 'dataset_produces_2', 'dataset_consumes_1' retrieved from /home/felipe/.local/lib/python3.10/site-packages/airflow/example_dags/example_datasets.py
[2023-12-25T06:38:10.434-0300] {logging_mixin.py:188} INFO - [2023-12-25T06:38:10.434-0300] {dag.py:3033} INFO - Sync 6 DAGs
[2023-12-25T06:38:10.487-0300] {logging_mixin.py:188} INFO - [2023-12-25T06:38:10.487-0300] {dag.py:3820} INFO - Setting next_dagrun for dataset_consumes_1 to None, run_after=None
[2023-12-25T06:38:10.496-0300] {logging_mixin.py:188} INFO - [2023-12-25T06:38:10.496-0300] {dag.py:3820} INFO - Setting next_dagrun for dataset_consumes_1_and_2 to None, run_after=None
[2023-12-25T06:38:10.499-0300] {logging_mixin.py:188} INFO - [2023-12-25T06:38:10.498-0300] {dag.py:3820} INFO - Setting next_dagrun for dataset_consumes_1_never_scheduled to None, run_after=None
[2023-12-25T06:38:10.502-0300] {logging_mixin.py:188} INFO - [2023-12-25T06:38:10.501-0300] {dag.py:3820} INFO - Setting next_dagrun for dataset_consumes_unknown_never_scheduled to None, run_after=None
[2023-12-25T06:38:10.507-0300] {logging_mixin.py:188} INFO - [2023-12-25T06:38:10.507-0300] {dag.py:3820} INFO - Setting next_dagrun for dataset_produces_1 to 2023-12-24T00:00:00+00:00, run_after=2023-12-25T00:00:00+00:00
[2023-12-25T06:38:10.510-0300] {logging_mixin.py:188} INFO - [2023-12-25T06:38:10.510-0300] {dag.py:3820} INFO - Setting next_dagrun for dataset_produces_2 to None, run_after=None
[2023-12-25T06:38:10.593-0300] {processor.py:183} INFO - Processing /home/felipe/.local/lib/python3.10/site-packages/airflow/example_dags/example_datasets.py took 0.330 seconds
