[2023-12-25T06:23:05.839-0300] {processor.py:161} INFO - Started process (PID=12443) to work on /home/felipe/.local/lib/python3.10/site-packages/airflow/example_dags/example_dag_decorator.py
[2023-12-25T06:23:05.840-0300] {processor.py:830} INFO - Processing file /home/felipe/.local/lib/python3.10/site-packages/airflow/example_dags/example_dag_decorator.py for tasks to queue
[2023-12-25T06:23:05.842-0300] {logging_mixin.py:188} INFO - [2023-12-25T06:23:05.841-0300] {dagbag.py:538} INFO - Filling up the DagBag from /home/felipe/.local/lib/python3.10/site-packages/airflow/example_dags/example_dag_decorator.py
[2023-12-25T06:23:06.042-0300] {processor.py:840} INFO - DAG(s) 'example_dag_decorator' retrieved from /home/felipe/.local/lib/python3.10/site-packages/airflow/example_dags/example_dag_decorator.py
[2023-12-25T06:23:06.080-0300] {logging_mixin.py:188} INFO - [2023-12-25T06:23:06.080-0300] {dag.py:3033} INFO - Sync 1 DAGs
[2023-12-25T06:23:06.104-0300] {logging_mixin.py:188} INFO - [2023-12-25T06:23:06.104-0300] {dag.py:3820} INFO - Setting next_dagrun for example_dag_decorator to None, run_after=None
[2023-12-25T06:23:06.160-0300] {processor.py:183} INFO - Processing /home/felipe/.local/lib/python3.10/site-packages/airflow/example_dags/example_dag_decorator.py took 0.326 seconds
[2023-12-25T06:24:04.239-0300] {processor.py:161} INFO - Started process (PID=12496) to work on /home/felipe/.local/lib/python3.10/site-packages/airflow/example_dags/example_dag_decorator.py
[2023-12-25T06:24:04.242-0300] {processor.py:830} INFO - Processing file /home/felipe/.local/lib/python3.10/site-packages/airflow/example_dags/example_dag_decorator.py for tasks to queue
[2023-12-25T06:24:04.245-0300] {logging_mixin.py:188} INFO - [2023-12-25T06:24:04.244-0300] {dagbag.py:538} INFO - Filling up the DagBag from /home/felipe/.local/lib/python3.10/site-packages/airflow/example_dags/example_dag_decorator.py
[2023-12-25T06:24:04.435-0300] {processor.py:840} INFO - DAG(s) 'example_dag_decorator' retrieved from /home/felipe/.local/lib/python3.10/site-packages/airflow/example_dags/example_dag_decorator.py
[2023-12-25T06:24:04.473-0300] {logging_mixin.py:188} INFO - [2023-12-25T06:24:04.472-0300] {dag.py:3033} INFO - Sync 1 DAGs
[2023-12-25T06:24:04.511-0300] {logging_mixin.py:188} INFO - [2023-12-25T06:24:04.511-0300] {dag.py:3820} INFO - Setting next_dagrun for example_dag_decorator to None, run_after=None
[2023-12-25T06:24:04.576-0300] {processor.py:183} INFO - Processing /home/felipe/.local/lib/python3.10/site-packages/airflow/example_dags/example_dag_decorator.py took 0.342 seconds
[2023-12-25T06:24:59.530-0300] {processor.py:161} INFO - Started process (PID=12573) to work on /home/felipe/.local/lib/python3.10/site-packages/airflow/example_dags/example_dag_decorator.py
[2023-12-25T06:24:59.532-0300] {processor.py:830} INFO - Processing file /home/felipe/.local/lib/python3.10/site-packages/airflow/example_dags/example_dag_decorator.py for tasks to queue
[2023-12-25T06:24:59.534-0300] {logging_mixin.py:188} INFO - [2023-12-25T06:24:59.533-0300] {dagbag.py:538} INFO - Filling up the DagBag from /home/felipe/.local/lib/python3.10/site-packages/airflow/example_dags/example_dag_decorator.py
[2023-12-25T06:24:59.686-0300] {processor.py:840} INFO - DAG(s) 'example_dag_decorator' retrieved from /home/felipe/.local/lib/python3.10/site-packages/airflow/example_dags/example_dag_decorator.py
[2023-12-25T06:24:59.717-0300] {logging_mixin.py:188} INFO - [2023-12-25T06:24:59.717-0300] {dag.py:3033} INFO - Sync 1 DAGs
[2023-12-25T06:24:59.738-0300] {logging_mixin.py:188} INFO - [2023-12-25T06:24:59.737-0300] {dag.py:3820} INFO - Setting next_dagrun for example_dag_decorator to None, run_after=None
[2023-12-25T06:24:59.781-0300] {processor.py:183} INFO - Processing /home/felipe/.local/lib/python3.10/site-packages/airflow/example_dags/example_dag_decorator.py took 0.255 seconds
[2023-12-25T06:25:51.121-0300] {processor.py:161} INFO - Started process (PID=12629) to work on /home/felipe/.local/lib/python3.10/site-packages/airflow/example_dags/example_dag_decorator.py
[2023-12-25T06:25:51.124-0300] {processor.py:830} INFO - Processing file /home/felipe/.local/lib/python3.10/site-packages/airflow/example_dags/example_dag_decorator.py for tasks to queue
[2023-12-25T06:25:51.125-0300] {logging_mixin.py:188} INFO - [2023-12-25T06:25:51.125-0300] {dagbag.py:538} INFO - Filling up the DagBag from /home/felipe/.local/lib/python3.10/site-packages/airflow/example_dags/example_dag_decorator.py
[2023-12-25T06:25:51.289-0300] {processor.py:840} INFO - DAG(s) 'example_dag_decorator' retrieved from /home/felipe/.local/lib/python3.10/site-packages/airflow/example_dags/example_dag_decorator.py
[2023-12-25T06:25:51.323-0300] {logging_mixin.py:188} INFO - [2023-12-25T06:25:51.322-0300] {dag.py:3033} INFO - Sync 1 DAGs
[2023-12-25T06:25:51.344-0300] {logging_mixin.py:188} INFO - [2023-12-25T06:25:51.343-0300] {dag.py:3820} INFO - Setting next_dagrun for example_dag_decorator to None, run_after=None
[2023-12-25T06:25:51.391-0300] {processor.py:183} INFO - Processing /home/felipe/.local/lib/python3.10/site-packages/airflow/example_dags/example_dag_decorator.py took 0.274 seconds
[2023-12-25T06:26:44.704-0300] {processor.py:161} INFO - Started process (PID=12686) to work on /home/felipe/.local/lib/python3.10/site-packages/airflow/example_dags/example_dag_decorator.py
[2023-12-25T06:26:44.706-0300] {processor.py:830} INFO - Processing file /home/felipe/.local/lib/python3.10/site-packages/airflow/example_dags/example_dag_decorator.py for tasks to queue
[2023-12-25T06:26:44.708-0300] {logging_mixin.py:188} INFO - [2023-12-25T06:26:44.707-0300] {dagbag.py:538} INFO - Filling up the DagBag from /home/felipe/.local/lib/python3.10/site-packages/airflow/example_dags/example_dag_decorator.py
[2023-12-25T06:26:44.872-0300] {processor.py:840} INFO - DAG(s) 'example_dag_decorator' retrieved from /home/felipe/.local/lib/python3.10/site-packages/airflow/example_dags/example_dag_decorator.py
[2023-12-25T06:26:44.906-0300] {logging_mixin.py:188} INFO - [2023-12-25T06:26:44.906-0300] {dag.py:3033} INFO - Sync 1 DAGs
[2023-12-25T06:26:44.926-0300] {logging_mixin.py:188} INFO - [2023-12-25T06:26:44.925-0300] {dag.py:3820} INFO - Setting next_dagrun for example_dag_decorator to None, run_after=None
[2023-12-25T06:26:44.969-0300] {processor.py:183} INFO - Processing /home/felipe/.local/lib/python3.10/site-packages/airflow/example_dags/example_dag_decorator.py took 0.270 seconds
[2023-12-25T06:27:58.281-0300] {processor.py:161} INFO - Started process (PID=12756) to work on /home/felipe/.local/lib/python3.10/site-packages/airflow/example_dags/example_dag_decorator.py
[2023-12-25T06:27:58.284-0300] {processor.py:830} INFO - Processing file /home/felipe/.local/lib/python3.10/site-packages/airflow/example_dags/example_dag_decorator.py for tasks to queue
[2023-12-25T06:27:58.286-0300] {logging_mixin.py:188} INFO - [2023-12-25T06:27:58.285-0300] {dagbag.py:538} INFO - Filling up the DagBag from /home/felipe/.local/lib/python3.10/site-packages/airflow/example_dags/example_dag_decorator.py
[2023-12-25T06:27:58.475-0300] {processor.py:840} INFO - DAG(s) 'example_dag_decorator' retrieved from /home/felipe/.local/lib/python3.10/site-packages/airflow/example_dags/example_dag_decorator.py
[2023-12-25T06:27:58.508-0300] {logging_mixin.py:188} INFO - [2023-12-25T06:27:58.507-0300] {dag.py:3033} INFO - Sync 1 DAGs
[2023-12-25T06:27:58.531-0300] {logging_mixin.py:188} INFO - [2023-12-25T06:27:58.531-0300] {dag.py:3820} INFO - Setting next_dagrun for example_dag_decorator to None, run_after=None
[2023-12-25T06:27:58.574-0300] {processor.py:183} INFO - Processing /home/felipe/.local/lib/python3.10/site-packages/airflow/example_dags/example_dag_decorator.py took 0.298 seconds
[2023-12-25T06:28:50.604-0300] {processor.py:161} INFO - Started process (PID=12804) to work on /home/felipe/.local/lib/python3.10/site-packages/airflow/example_dags/example_dag_decorator.py
[2023-12-25T06:28:50.606-0300] {processor.py:830} INFO - Processing file /home/felipe/.local/lib/python3.10/site-packages/airflow/example_dags/example_dag_decorator.py for tasks to queue
[2023-12-25T06:28:50.609-0300] {logging_mixin.py:188} INFO - [2023-12-25T06:28:50.608-0300] {dagbag.py:538} INFO - Filling up the DagBag from /home/felipe/.local/lib/python3.10/site-packages/airflow/example_dags/example_dag_decorator.py
[2023-12-25T06:28:50.769-0300] {processor.py:840} INFO - DAG(s) 'example_dag_decorator' retrieved from /home/felipe/.local/lib/python3.10/site-packages/airflow/example_dags/example_dag_decorator.py
[2023-12-25T06:28:50.801-0300] {logging_mixin.py:188} INFO - [2023-12-25T06:28:50.800-0300] {dag.py:3033} INFO - Sync 1 DAGs
[2023-12-25T06:28:50.821-0300] {logging_mixin.py:188} INFO - [2023-12-25T06:28:50.820-0300] {dag.py:3820} INFO - Setting next_dagrun for example_dag_decorator to None, run_after=None
[2023-12-25T06:28:50.864-0300] {processor.py:183} INFO - Processing /home/felipe/.local/lib/python3.10/site-packages/airflow/example_dags/example_dag_decorator.py took 0.264 seconds
[2023-12-25T06:29:42.947-0300] {processor.py:161} INFO - Started process (PID=12850) to work on /home/felipe/.local/lib/python3.10/site-packages/airflow/example_dags/example_dag_decorator.py
[2023-12-25T06:29:42.950-0300] {processor.py:830} INFO - Processing file /home/felipe/.local/lib/python3.10/site-packages/airflow/example_dags/example_dag_decorator.py for tasks to queue
[2023-12-25T06:29:42.952-0300] {logging_mixin.py:188} INFO - [2023-12-25T06:29:42.951-0300] {dagbag.py:538} INFO - Filling up the DagBag from /home/felipe/.local/lib/python3.10/site-packages/airflow/example_dags/example_dag_decorator.py
[2023-12-25T06:29:43.136-0300] {processor.py:840} INFO - DAG(s) 'example_dag_decorator' retrieved from /home/felipe/.local/lib/python3.10/site-packages/airflow/example_dags/example_dag_decorator.py
[2023-12-25T06:29:43.171-0300] {logging_mixin.py:188} INFO - [2023-12-25T06:29:43.170-0300] {dag.py:3033} INFO - Sync 1 DAGs
[2023-12-25T06:29:43.191-0300] {logging_mixin.py:188} INFO - [2023-12-25T06:29:43.190-0300] {dag.py:3820} INFO - Setting next_dagrun for example_dag_decorator to None, run_after=None
[2023-12-25T06:29:43.235-0300] {processor.py:183} INFO - Processing /home/felipe/.local/lib/python3.10/site-packages/airflow/example_dags/example_dag_decorator.py took 0.297 seconds
[2023-12-25T06:30:55.279-0300] {processor.py:161} INFO - Started process (PID=12955) to work on /home/felipe/.local/lib/python3.10/site-packages/airflow/example_dags/example_dag_decorator.py
[2023-12-25T06:30:55.282-0300] {processor.py:830} INFO - Processing file /home/felipe/.local/lib/python3.10/site-packages/airflow/example_dags/example_dag_decorator.py for tasks to queue
[2023-12-25T06:30:55.284-0300] {logging_mixin.py:188} INFO - [2023-12-25T06:30:55.283-0300] {dagbag.py:538} INFO - Filling up the DagBag from /home/felipe/.local/lib/python3.10/site-packages/airflow/example_dags/example_dag_decorator.py
[2023-12-25T06:30:55.470-0300] {processor.py:840} INFO - DAG(s) 'example_dag_decorator' retrieved from /home/felipe/.local/lib/python3.10/site-packages/airflow/example_dags/example_dag_decorator.py
[2023-12-25T06:30:55.677-0300] {logging_mixin.py:188} INFO - [2023-12-25T06:30:55.677-0300] {dag.py:3033} INFO - Sync 1 DAGs
[2023-12-25T06:30:55.697-0300] {logging_mixin.py:188} INFO - [2023-12-25T06:30:55.697-0300] {dag.py:3820} INFO - Setting next_dagrun for example_dag_decorator to None, run_after=None
[2023-12-25T06:30:55.747-0300] {processor.py:183} INFO - Processing /home/felipe/.local/lib/python3.10/site-packages/airflow/example_dags/example_dag_decorator.py took 0.475 seconds
[2023-12-25T06:31:51.690-0300] {processor.py:161} INFO - Started process (PID=13003) to work on /home/felipe/.local/lib/python3.10/site-packages/airflow/example_dags/example_dag_decorator.py
[2023-12-25T06:31:51.692-0300] {processor.py:830} INFO - Processing file /home/felipe/.local/lib/python3.10/site-packages/airflow/example_dags/example_dag_decorator.py for tasks to queue
[2023-12-25T06:31:51.694-0300] {logging_mixin.py:188} INFO - [2023-12-25T06:31:51.693-0300] {dagbag.py:538} INFO - Filling up the DagBag from /home/felipe/.local/lib/python3.10/site-packages/airflow/example_dags/example_dag_decorator.py
[2023-12-25T06:31:51.856-0300] {processor.py:840} INFO - DAG(s) 'example_dag_decorator' retrieved from /home/felipe/.local/lib/python3.10/site-packages/airflow/example_dags/example_dag_decorator.py
[2023-12-25T06:31:52.044-0300] {logging_mixin.py:188} INFO - [2023-12-25T06:31:52.043-0300] {dag.py:3033} INFO - Sync 1 DAGs
[2023-12-25T06:31:52.067-0300] {logging_mixin.py:188} INFO - [2023-12-25T06:31:52.066-0300] {dag.py:3820} INFO - Setting next_dagrun for example_dag_decorator to None, run_after=None
[2023-12-25T06:31:52.287-0300] {processor.py:183} INFO - Processing /home/felipe/.local/lib/python3.10/site-packages/airflow/example_dags/example_dag_decorator.py took 0.602 seconds
[2023-12-25T06:32:45.734-0300] {processor.py:161} INFO - Started process (PID=13052) to work on /home/felipe/.local/lib/python3.10/site-packages/airflow/example_dags/example_dag_decorator.py
[2023-12-25T06:32:45.737-0300] {processor.py:830} INFO - Processing file /home/felipe/.local/lib/python3.10/site-packages/airflow/example_dags/example_dag_decorator.py for tasks to queue
[2023-12-25T06:32:45.739-0300] {logging_mixin.py:188} INFO - [2023-12-25T06:32:45.738-0300] {dagbag.py:538} INFO - Filling up the DagBag from /home/felipe/.local/lib/python3.10/site-packages/airflow/example_dags/example_dag_decorator.py
[2023-12-25T06:32:45.902-0300] {processor.py:840} INFO - DAG(s) 'example_dag_decorator' retrieved from /home/felipe/.local/lib/python3.10/site-packages/airflow/example_dags/example_dag_decorator.py
[2023-12-25T06:32:46.083-0300] {logging_mixin.py:188} INFO - [2023-12-25T06:32:46.083-0300] {dag.py:3033} INFO - Sync 1 DAGs
[2023-12-25T06:32:46.102-0300] {logging_mixin.py:188} INFO - [2023-12-25T06:32:46.101-0300] {dag.py:3820} INFO - Setting next_dagrun for example_dag_decorator to None, run_after=None
[2023-12-25T06:32:46.148-0300] {processor.py:183} INFO - Processing /home/felipe/.local/lib/python3.10/site-packages/airflow/example_dags/example_dag_decorator.py took 0.423 seconds
[2023-12-25T06:34:00.076-0300] {processor.py:161} INFO - Started process (PID=13119) to work on /home/felipe/.local/lib/python3.10/site-packages/airflow/example_dags/example_dag_decorator.py
[2023-12-25T06:34:00.081-0300] {processor.py:830} INFO - Processing file /home/felipe/.local/lib/python3.10/site-packages/airflow/example_dags/example_dag_decorator.py for tasks to queue
[2023-12-25T06:34:00.083-0300] {logging_mixin.py:188} INFO - [2023-12-25T06:34:00.082-0300] {dagbag.py:538} INFO - Filling up the DagBag from /home/felipe/.local/lib/python3.10/site-packages/airflow/example_dags/example_dag_decorator.py
[2023-12-25T06:34:00.255-0300] {processor.py:840} INFO - DAG(s) 'example_dag_decorator' retrieved from /home/felipe/.local/lib/python3.10/site-packages/airflow/example_dags/example_dag_decorator.py
[2023-12-25T06:34:00.426-0300] {logging_mixin.py:188} INFO - [2023-12-25T06:34:00.426-0300] {dag.py:3033} INFO - Sync 1 DAGs
[2023-12-25T06:34:00.445-0300] {logging_mixin.py:188} INFO - [2023-12-25T06:34:00.444-0300] {dag.py:3820} INFO - Setting next_dagrun for example_dag_decorator to None, run_after=None
[2023-12-25T06:34:00.492-0300] {processor.py:183} INFO - Processing /home/felipe/.local/lib/python3.10/site-packages/airflow/example_dags/example_dag_decorator.py took 0.426 seconds
[2023-12-25T06:34:53.025-0300] {processor.py:161} INFO - Started process (PID=13173) to work on /home/felipe/.local/lib/python3.10/site-packages/airflow/example_dags/example_dag_decorator.py
[2023-12-25T06:34:53.028-0300] {processor.py:830} INFO - Processing file /home/felipe/.local/lib/python3.10/site-packages/airflow/example_dags/example_dag_decorator.py for tasks to queue
[2023-12-25T06:34:53.029-0300] {logging_mixin.py:188} INFO - [2023-12-25T06:34:53.029-0300] {dagbag.py:538} INFO - Filling up the DagBag from /home/felipe/.local/lib/python3.10/site-packages/airflow/example_dags/example_dag_decorator.py
[2023-12-25T06:34:53.190-0300] {processor.py:840} INFO - DAG(s) 'example_dag_decorator' retrieved from /home/felipe/.local/lib/python3.10/site-packages/airflow/example_dags/example_dag_decorator.py
[2023-12-25T06:34:53.230-0300] {logging_mixin.py:188} INFO - [2023-12-25T06:34:53.229-0300] {dag.py:3033} INFO - Sync 1 DAGs
[2023-12-25T06:34:53.269-0300] {logging_mixin.py:188} INFO - [2023-12-25T06:34:53.268-0300] {dag.py:3820} INFO - Setting next_dagrun for example_dag_decorator to None, run_after=None
[2023-12-25T06:34:53.332-0300] {processor.py:183} INFO - Processing /home/felipe/.local/lib/python3.10/site-packages/airflow/example_dags/example_dag_decorator.py took 0.311 seconds
[2023-12-25T06:35:47.314-0300] {processor.py:161} INFO - Started process (PID=13253) to work on /home/felipe/.local/lib/python3.10/site-packages/airflow/example_dags/example_dag_decorator.py
[2023-12-25T06:35:47.316-0300] {processor.py:830} INFO - Processing file /home/felipe/.local/lib/python3.10/site-packages/airflow/example_dags/example_dag_decorator.py for tasks to queue
[2023-12-25T06:35:47.318-0300] {logging_mixin.py:188} INFO - [2023-12-25T06:35:47.318-0300] {dagbag.py:538} INFO - Filling up the DagBag from /home/felipe/.local/lib/python3.10/site-packages/airflow/example_dags/example_dag_decorator.py
[2023-12-25T06:35:47.489-0300] {processor.py:840} INFO - DAG(s) 'example_dag_decorator' retrieved from /home/felipe/.local/lib/python3.10/site-packages/airflow/example_dags/example_dag_decorator.py
[2023-12-25T06:35:47.525-0300] {logging_mixin.py:188} INFO - [2023-12-25T06:35:47.525-0300] {dag.py:3033} INFO - Sync 1 DAGs
[2023-12-25T06:35:47.546-0300] {logging_mixin.py:188} INFO - [2023-12-25T06:35:47.545-0300] {dag.py:3820} INFO - Setting next_dagrun for example_dag_decorator to None, run_after=None
[2023-12-25T06:35:47.593-0300] {processor.py:183} INFO - Processing /home/felipe/.local/lib/python3.10/site-packages/airflow/example_dags/example_dag_decorator.py took 0.284 seconds
[2023-12-25T06:36:46.089-0300] {processor.py:161} INFO - Started process (PID=13303) to work on /home/felipe/.local/lib/python3.10/site-packages/airflow/example_dags/example_dag_decorator.py
[2023-12-25T06:36:46.091-0300] {processor.py:830} INFO - Processing file /home/felipe/.local/lib/python3.10/site-packages/airflow/example_dags/example_dag_decorator.py for tasks to queue
[2023-12-25T06:36:46.092-0300] {logging_mixin.py:188} INFO - [2023-12-25T06:36:46.092-0300] {dagbag.py:538} INFO - Filling up the DagBag from /home/felipe/.local/lib/python3.10/site-packages/airflow/example_dags/example_dag_decorator.py
[2023-12-25T06:36:46.261-0300] {processor.py:840} INFO - DAG(s) 'example_dag_decorator' retrieved from /home/felipe/.local/lib/python3.10/site-packages/airflow/example_dags/example_dag_decorator.py
[2023-12-25T06:36:46.484-0300] {logging_mixin.py:188} INFO - [2023-12-25T06:36:46.483-0300] {dag.py:3033} INFO - Sync 1 DAGs
[2023-12-25T06:36:46.510-0300] {logging_mixin.py:188} INFO - [2023-12-25T06:36:46.509-0300] {dag.py:3820} INFO - Setting next_dagrun for example_dag_decorator to None, run_after=None
[2023-12-25T06:36:46.574-0300] {processor.py:183} INFO - Processing /home/felipe/.local/lib/python3.10/site-packages/airflow/example_dags/example_dag_decorator.py took 0.491 seconds
[2023-12-25T06:37:43.650-0300] {processor.py:161} INFO - Started process (PID=13354) to work on /home/felipe/.local/lib/python3.10/site-packages/airflow/example_dags/example_dag_decorator.py
[2023-12-25T06:37:43.653-0300] {processor.py:830} INFO - Processing file /home/felipe/.local/lib/python3.10/site-packages/airflow/example_dags/example_dag_decorator.py for tasks to queue
[2023-12-25T06:37:43.655-0300] {logging_mixin.py:188} INFO - [2023-12-25T06:37:43.654-0300] {dagbag.py:538} INFO - Filling up the DagBag from /home/felipe/.local/lib/python3.10/site-packages/airflow/example_dags/example_dag_decorator.py
[2023-12-25T06:37:43.856-0300] {processor.py:840} INFO - DAG(s) 'example_dag_decorator' retrieved from /home/felipe/.local/lib/python3.10/site-packages/airflow/example_dags/example_dag_decorator.py
[2023-12-25T06:37:44.337-0300] {logging_mixin.py:188} INFO - [2023-12-25T06:37:44.337-0300] {dag.py:3033} INFO - Sync 1 DAGs
[2023-12-25T06:37:44.359-0300] {logging_mixin.py:188} INFO - [2023-12-25T06:37:44.358-0300] {dag.py:3820} INFO - Setting next_dagrun for example_dag_decorator to None, run_after=None
[2023-12-25T06:37:44.414-0300] {processor.py:183} INFO - Processing /home/felipe/.local/lib/python3.10/site-packages/airflow/example_dags/example_dag_decorator.py took 0.770 seconds
[2023-12-25T06:38:43.849-0300] {processor.py:161} INFO - Started process (PID=13407) to work on /home/felipe/.local/lib/python3.10/site-packages/airflow/example_dags/example_dag_decorator.py
[2023-12-25T06:38:43.851-0300] {processor.py:830} INFO - Processing file /home/felipe/.local/lib/python3.10/site-packages/airflow/example_dags/example_dag_decorator.py for tasks to queue
[2023-12-25T06:38:43.852-0300] {logging_mixin.py:188} INFO - [2023-12-25T06:38:43.852-0300] {dagbag.py:538} INFO - Filling up the DagBag from /home/felipe/.local/lib/python3.10/site-packages/airflow/example_dags/example_dag_decorator.py
[2023-12-25T06:38:44.008-0300] {processor.py:840} INFO - DAG(s) 'example_dag_decorator' retrieved from /home/felipe/.local/lib/python3.10/site-packages/airflow/example_dags/example_dag_decorator.py
[2023-12-25T06:38:44.053-0300] {logging_mixin.py:188} INFO - [2023-12-25T06:38:44.053-0300] {dag.py:3033} INFO - Sync 1 DAGs
[2023-12-25T06:38:44.091-0300] {logging_mixin.py:188} INFO - [2023-12-25T06:38:44.090-0300] {dag.py:3820} INFO - Setting next_dagrun for example_dag_decorator to None, run_after=None
[2023-12-25T06:38:44.153-0300] {processor.py:183} INFO - Processing /home/felipe/.local/lib/python3.10/site-packages/airflow/example_dags/example_dag_decorator.py took 0.309 seconds
