[2023-12-25T06:23:01.900-0300] {processor.py:161} INFO - Started process (PID=12439) to work on /home/felipe/.local/lib/python3.10/site-packages/airflow/example_dags/example_bash_operator.py
[2023-12-25T06:23:01.901-0300] {processor.py:830} INFO - Processing file /home/felipe/.local/lib/python3.10/site-packages/airflow/example_dags/example_bash_operator.py for tasks to queue
[2023-12-25T06:23:01.902-0300] {logging_mixin.py:188} INFO - [2023-12-25T06:23:01.902-0300] {dagbag.py:538} INFO - Filling up the DagBag from /home/felipe/.local/lib/python3.10/site-packages/airflow/example_dags/example_bash_operator.py
[2023-12-25T06:23:01.923-0300] {processor.py:840} INFO - DAG(s) 'example_bash_operator' retrieved from /home/felipe/.local/lib/python3.10/site-packages/airflow/example_dags/example_bash_operator.py
[2023-12-25T06:23:01.992-0300] {logging_mixin.py:188} INFO - [2023-12-25T06:23:01.991-0300] {dag.py:3033} INFO - Sync 1 DAGs
[2023-12-25T06:23:02.065-0300] {logging_mixin.py:188} INFO - [2023-12-25T06:23:02.064-0300] {dag.py:3820} INFO - Setting next_dagrun for example_bash_operator to 2023-12-24T00:00:00+00:00, run_after=2023-12-25T00:00:00+00:00
[2023-12-25T06:23:02.128-0300] {processor.py:183} INFO - Processing /home/felipe/.local/lib/python3.10/site-packages/airflow/example_dags/example_bash_operator.py took 0.233 seconds
[2023-12-25T06:23:59.823-0300] {processor.py:161} INFO - Started process (PID=12492) to work on /home/felipe/.local/lib/python3.10/site-packages/airflow/example_dags/example_bash_operator.py
[2023-12-25T06:23:59.826-0300] {processor.py:830} INFO - Processing file /home/felipe/.local/lib/python3.10/site-packages/airflow/example_dags/example_bash_operator.py for tasks to queue
[2023-12-25T06:23:59.829-0300] {logging_mixin.py:188} INFO - [2023-12-25T06:23:59.828-0300] {dagbag.py:538} INFO - Filling up the DagBag from /home/felipe/.local/lib/python3.10/site-packages/airflow/example_dags/example_bash_operator.py
[2023-12-25T06:23:59.862-0300] {processor.py:840} INFO - DAG(s) 'example_bash_operator' retrieved from /home/felipe/.local/lib/python3.10/site-packages/airflow/example_dags/example_bash_operator.py
[2023-12-25T06:23:59.932-0300] {logging_mixin.py:188} INFO - [2023-12-25T06:23:59.932-0300] {dag.py:3033} INFO - Sync 1 DAGs
[2023-12-25T06:23:59.981-0300] {logging_mixin.py:188} INFO - [2023-12-25T06:23:59.981-0300] {dag.py:3820} INFO - Setting next_dagrun for example_bash_operator to 2023-12-24T00:00:00+00:00, run_after=2023-12-25T00:00:00+00:00
[2023-12-25T06:24:00.057-0300] {processor.py:183} INFO - Processing /home/felipe/.local/lib/python3.10/site-packages/airflow/example_dags/example_bash_operator.py took 0.240 seconds
[2023-12-25T06:24:55.636-0300] {processor.py:161} INFO - Started process (PID=12542) to work on /home/felipe/.local/lib/python3.10/site-packages/airflow/example_dags/example_bash_operator.py
[2023-12-25T06:24:55.639-0300] {processor.py:830} INFO - Processing file /home/felipe/.local/lib/python3.10/site-packages/airflow/example_dags/example_bash_operator.py for tasks to queue
[2023-12-25T06:24:55.642-0300] {logging_mixin.py:188} INFO - [2023-12-25T06:24:55.641-0300] {dagbag.py:538} INFO - Filling up the DagBag from /home/felipe/.local/lib/python3.10/site-packages/airflow/example_dags/example_bash_operator.py
[2023-12-25T06:24:55.683-0300] {processor.py:840} INFO - DAG(s) 'example_bash_operator' retrieved from /home/felipe/.local/lib/python3.10/site-packages/airflow/example_dags/example_bash_operator.py
[2023-12-25T06:24:55.752-0300] {logging_mixin.py:188} INFO - [2023-12-25T06:24:55.752-0300] {dag.py:3033} INFO - Sync 1 DAGs
[2023-12-25T06:24:55.809-0300] {logging_mixin.py:188} INFO - [2023-12-25T06:24:55.808-0300] {dag.py:3820} INFO - Setting next_dagrun for example_bash_operator to 2023-12-24T00:00:00+00:00, run_after=2023-12-25T00:00:00+00:00
[2023-12-25T06:24:55.878-0300] {processor.py:183} INFO - Processing /home/felipe/.local/lib/python3.10/site-packages/airflow/example_dags/example_bash_operator.py took 0.247 seconds
[2023-12-25T06:25:46.748-0300] {processor.py:161} INFO - Started process (PID=12625) to work on /home/felipe/.local/lib/python3.10/site-packages/airflow/example_dags/example_bash_operator.py
[2023-12-25T06:25:46.751-0300] {processor.py:830} INFO - Processing file /home/felipe/.local/lib/python3.10/site-packages/airflow/example_dags/example_bash_operator.py for tasks to queue
[2023-12-25T06:25:46.752-0300] {logging_mixin.py:188} INFO - [2023-12-25T06:25:46.752-0300] {dagbag.py:538} INFO - Filling up the DagBag from /home/felipe/.local/lib/python3.10/site-packages/airflow/example_dags/example_bash_operator.py
[2023-12-25T06:25:46.772-0300] {processor.py:840} INFO - DAG(s) 'example_bash_operator' retrieved from /home/felipe/.local/lib/python3.10/site-packages/airflow/example_dags/example_bash_operator.py
[2023-12-25T06:25:46.816-0300] {logging_mixin.py:188} INFO - [2023-12-25T06:25:46.815-0300] {dag.py:3033} INFO - Sync 1 DAGs
[2023-12-25T06:25:46.871-0300] {logging_mixin.py:188} INFO - [2023-12-25T06:25:46.871-0300] {dag.py:3820} INFO - Setting next_dagrun for example_bash_operator to 2023-12-24T00:00:00+00:00, run_after=2023-12-25T00:00:00+00:00
[2023-12-25T06:25:46.920-0300] {processor.py:183} INFO - Processing /home/felipe/.local/lib/python3.10/site-packages/airflow/example_dags/example_bash_operator.py took 0.176 seconds
[2023-12-25T06:26:39.420-0300] {processor.py:161} INFO - Started process (PID=12682) to work on /home/felipe/.local/lib/python3.10/site-packages/airflow/example_dags/example_bash_operator.py
[2023-12-25T06:26:39.423-0300] {processor.py:830} INFO - Processing file /home/felipe/.local/lib/python3.10/site-packages/airflow/example_dags/example_bash_operator.py for tasks to queue
[2023-12-25T06:26:39.425-0300] {logging_mixin.py:188} INFO - [2023-12-25T06:26:39.425-0300] {dagbag.py:538} INFO - Filling up the DagBag from /home/felipe/.local/lib/python3.10/site-packages/airflow/example_dags/example_bash_operator.py
[2023-12-25T06:26:39.459-0300] {processor.py:840} INFO - DAG(s) 'example_bash_operator' retrieved from /home/felipe/.local/lib/python3.10/site-packages/airflow/example_dags/example_bash_operator.py
[2023-12-25T06:26:39.510-0300] {logging_mixin.py:188} INFO - [2023-12-25T06:26:39.510-0300] {dag.py:3033} INFO - Sync 1 DAGs
[2023-12-25T06:26:39.550-0300] {logging_mixin.py:188} INFO - [2023-12-25T06:26:39.549-0300] {dag.py:3820} INFO - Setting next_dagrun for example_bash_operator to 2023-12-24T00:00:00+00:00, run_after=2023-12-25T00:00:00+00:00
[2023-12-25T06:26:39.597-0300] {processor.py:183} INFO - Processing /home/felipe/.local/lib/python3.10/site-packages/airflow/example_dags/example_bash_operator.py took 0.185 seconds
[2023-12-25T06:27:29.359-0300] {processor.py:161} INFO - Started process (PID=12728) to work on /home/felipe/.local/lib/python3.10/site-packages/airflow/example_dags/example_bash_operator.py
[2023-12-25T06:27:29.361-0300] {processor.py:830} INFO - Processing file /home/felipe/.local/lib/python3.10/site-packages/airflow/example_dags/example_bash_operator.py for tasks to queue
[2023-12-25T06:27:29.364-0300] {logging_mixin.py:188} INFO - [2023-12-25T06:27:29.363-0300] {dagbag.py:538} INFO - Filling up the DagBag from /home/felipe/.local/lib/python3.10/site-packages/airflow/example_dags/example_bash_operator.py
[2023-12-25T06:27:29.387-0300] {processor.py:840} INFO - DAG(s) 'example_bash_operator' retrieved from /home/felipe/.local/lib/python3.10/site-packages/airflow/example_dags/example_bash_operator.py
[2023-12-25T06:27:29.436-0300] {logging_mixin.py:188} INFO - [2023-12-25T06:27:29.436-0300] {dag.py:3033} INFO - Sync 1 DAGs
[2023-12-25T06:27:29.490-0300] {logging_mixin.py:188} INFO - [2023-12-25T06:27:29.490-0300] {dag.py:3820} INFO - Setting next_dagrun for example_bash_operator to 2023-12-24T00:00:00+00:00, run_after=2023-12-25T00:00:00+00:00
[2023-12-25T06:27:29.541-0300] {processor.py:183} INFO - Processing /home/felipe/.local/lib/python3.10/site-packages/airflow/example_dags/example_bash_operator.py took 0.186 seconds
[2023-12-25T06:28:20.512-0300] {processor.py:161} INFO - Started process (PID=12777) to work on /home/felipe/.local/lib/python3.10/site-packages/airflow/example_dags/example_bash_operator.py
[2023-12-25T06:28:20.514-0300] {processor.py:830} INFO - Processing file /home/felipe/.local/lib/python3.10/site-packages/airflow/example_dags/example_bash_operator.py for tasks to queue
[2023-12-25T06:28:20.516-0300] {logging_mixin.py:188} INFO - [2023-12-25T06:28:20.516-0300] {dagbag.py:538} INFO - Filling up the DagBag from /home/felipe/.local/lib/python3.10/site-packages/airflow/example_dags/example_bash_operator.py
[2023-12-25T06:28:20.539-0300] {processor.py:840} INFO - DAG(s) 'example_bash_operator' retrieved from /home/felipe/.local/lib/python3.10/site-packages/airflow/example_dags/example_bash_operator.py
[2023-12-25T06:28:20.589-0300] {logging_mixin.py:188} INFO - [2023-12-25T06:28:20.588-0300] {dag.py:3033} INFO - Sync 1 DAGs
[2023-12-25T06:28:20.646-0300] {logging_mixin.py:188} INFO - [2023-12-25T06:28:20.645-0300] {dag.py:3820} INFO - Setting next_dagrun for example_bash_operator to 2023-12-24T00:00:00+00:00, run_after=2023-12-25T00:00:00+00:00
[2023-12-25T06:28:20.692-0300] {processor.py:183} INFO - Processing /home/felipe/.local/lib/python3.10/site-packages/airflow/example_dags/example_bash_operator.py took 0.186 seconds
[2023-12-25T06:29:12.350-0300] {processor.py:161} INFO - Started process (PID=12823) to work on /home/felipe/.local/lib/python3.10/site-packages/airflow/example_dags/example_bash_operator.py
[2023-12-25T06:29:12.353-0300] {processor.py:830} INFO - Processing file /home/felipe/.local/lib/python3.10/site-packages/airflow/example_dags/example_bash_operator.py for tasks to queue
[2023-12-25T06:29:12.356-0300] {logging_mixin.py:188} INFO - [2023-12-25T06:29:12.355-0300] {dagbag.py:538} INFO - Filling up the DagBag from /home/felipe/.local/lib/python3.10/site-packages/airflow/example_dags/example_bash_operator.py
[2023-12-25T06:29:12.422-0300] {processor.py:840} INFO - DAG(s) 'example_bash_operator' retrieved from /home/felipe/.local/lib/python3.10/site-packages/airflow/example_dags/example_bash_operator.py
[2023-12-25T06:29:12.574-0300] {logging_mixin.py:188} INFO - [2023-12-25T06:29:12.573-0300] {dag.py:3033} INFO - Sync 1 DAGs
[2023-12-25T06:29:12.637-0300] {logging_mixin.py:188} INFO - [2023-12-25T06:29:12.637-0300] {dag.py:3820} INFO - Setting next_dagrun for example_bash_operator to 2023-12-24T00:00:00+00:00, run_after=2023-12-25T00:00:00+00:00
[2023-12-25T06:29:12.696-0300] {processor.py:183} INFO - Processing /home/felipe/.local/lib/python3.10/site-packages/airflow/example_dags/example_bash_operator.py took 0.362 seconds
[2023-12-25T06:30:03.890-0300] {processor.py:161} INFO - Started process (PID=12898) to work on /home/felipe/.local/lib/python3.10/site-packages/airflow/example_dags/example_bash_operator.py
[2023-12-25T06:30:03.893-0300] {processor.py:830} INFO - Processing file /home/felipe/.local/lib/python3.10/site-packages/airflow/example_dags/example_bash_operator.py for tasks to queue
[2023-12-25T06:30:03.894-0300] {logging_mixin.py:188} INFO - [2023-12-25T06:30:03.894-0300] {dagbag.py:538} INFO - Filling up the DagBag from /home/felipe/.local/lib/python3.10/site-packages/airflow/example_dags/example_bash_operator.py
[2023-12-25T06:30:03.920-0300] {processor.py:840} INFO - DAG(s) 'example_bash_operator' retrieved from /home/felipe/.local/lib/python3.10/site-packages/airflow/example_dags/example_bash_operator.py
[2023-12-25T06:30:03.971-0300] {logging_mixin.py:188} INFO - [2023-12-25T06:30:03.970-0300] {dag.py:3033} INFO - Sync 1 DAGs
[2023-12-25T06:30:04.026-0300] {logging_mixin.py:188} INFO - [2023-12-25T06:30:04.025-0300] {dag.py:3820} INFO - Setting next_dagrun for example_bash_operator to 2023-12-24T00:00:00+00:00, run_after=2023-12-25T00:00:00+00:00
[2023-12-25T06:30:04.078-0300] {processor.py:183} INFO - Processing /home/felipe/.local/lib/python3.10/site-packages/airflow/example_dags/example_bash_operator.py took 0.193 seconds
[2023-12-25T06:30:53.171-0300] {processor.py:161} INFO - Started process (PID=12953) to work on /home/felipe/.local/lib/python3.10/site-packages/airflow/example_dags/example_bash_operator.py
[2023-12-25T06:30:53.174-0300] {processor.py:830} INFO - Processing file /home/felipe/.local/lib/python3.10/site-packages/airflow/example_dags/example_bash_operator.py for tasks to queue
[2023-12-25T06:30:53.175-0300] {logging_mixin.py:188} INFO - [2023-12-25T06:30:53.175-0300] {dagbag.py:538} INFO - Filling up the DagBag from /home/felipe/.local/lib/python3.10/site-packages/airflow/example_dags/example_bash_operator.py
[2023-12-25T06:30:53.204-0300] {processor.py:840} INFO - DAG(s) 'example_bash_operator' retrieved from /home/felipe/.local/lib/python3.10/site-packages/airflow/example_dags/example_bash_operator.py
[2023-12-25T06:30:53.261-0300] {logging_mixin.py:188} INFO - [2023-12-25T06:30:53.261-0300] {dag.py:3033} INFO - Sync 1 DAGs
[2023-12-25T06:30:53.334-0300] {logging_mixin.py:188} INFO - [2023-12-25T06:30:53.333-0300] {dag.py:3820} INFO - Setting next_dagrun for example_bash_operator to 2023-12-24T00:00:00+00:00, run_after=2023-12-25T00:00:00+00:00
[2023-12-25T06:30:53.380-0300] {processor.py:183} INFO - Processing /home/felipe/.local/lib/python3.10/site-packages/airflow/example_dags/example_bash_operator.py took 0.215 seconds
[2023-12-25T06:31:47.800-0300] {processor.py:161} INFO - Started process (PID=13000) to work on /home/felipe/.local/lib/python3.10/site-packages/airflow/example_dags/example_bash_operator.py
[2023-12-25T06:31:47.807-0300] {processor.py:830} INFO - Processing file /home/felipe/.local/lib/python3.10/site-packages/airflow/example_dags/example_bash_operator.py for tasks to queue
[2023-12-25T06:31:47.814-0300] {logging_mixin.py:188} INFO - [2023-12-25T06:31:47.813-0300] {dagbag.py:538} INFO - Filling up the DagBag from /home/felipe/.local/lib/python3.10/site-packages/airflow/example_dags/example_bash_operator.py
[2023-12-25T06:31:47.847-0300] {processor.py:840} INFO - DAG(s) 'example_bash_operator' retrieved from /home/felipe/.local/lib/python3.10/site-packages/airflow/example_dags/example_bash_operator.py
[2023-12-25T06:31:47.945-0300] {logging_mixin.py:188} INFO - [2023-12-25T06:31:47.944-0300] {dag.py:3033} INFO - Sync 1 DAGs
[2023-12-25T06:31:47.996-0300] {logging_mixin.py:188} INFO - [2023-12-25T06:31:47.995-0300] {dag.py:3820} INFO - Setting next_dagrun for example_bash_operator to 2023-12-24T00:00:00+00:00, run_after=2023-12-25T00:00:00+00:00
[2023-12-25T06:31:48.046-0300] {processor.py:183} INFO - Processing /home/felipe/.local/lib/python3.10/site-packages/airflow/example_dags/example_bash_operator.py took 0.262 seconds
[2023-12-25T06:32:42.389-0300] {processor.py:161} INFO - Started process (PID=13049) to work on /home/felipe/.local/lib/python3.10/site-packages/airflow/example_dags/example_bash_operator.py
[2023-12-25T06:32:42.391-0300] {processor.py:830} INFO - Processing file /home/felipe/.local/lib/python3.10/site-packages/airflow/example_dags/example_bash_operator.py for tasks to queue
[2023-12-25T06:32:42.392-0300] {logging_mixin.py:188} INFO - [2023-12-25T06:32:42.392-0300] {dagbag.py:538} INFO - Filling up the DagBag from /home/felipe/.local/lib/python3.10/site-packages/airflow/example_dags/example_bash_operator.py
[2023-12-25T06:32:42.413-0300] {processor.py:840} INFO - DAG(s) 'example_bash_operator' retrieved from /home/felipe/.local/lib/python3.10/site-packages/airflow/example_dags/example_bash_operator.py
[2023-12-25T06:32:42.458-0300] {logging_mixin.py:188} INFO - [2023-12-25T06:32:42.457-0300] {dag.py:3033} INFO - Sync 1 DAGs
[2023-12-25T06:32:42.498-0300] {logging_mixin.py:188} INFO - [2023-12-25T06:32:42.497-0300] {dag.py:3820} INFO - Setting next_dagrun for example_bash_operator to 2023-12-24T00:00:00+00:00, run_after=2023-12-25T00:00:00+00:00
[2023-12-25T06:32:42.553-0300] {processor.py:183} INFO - Processing /home/felipe/.local/lib/python3.10/site-packages/airflow/example_dags/example_bash_operator.py took 0.169 seconds
[2023-12-25T06:33:31.274-0300] {processor.py:161} INFO - Started process (PID=13093) to work on /home/felipe/.local/lib/python3.10/site-packages/airflow/example_dags/example_bash_operator.py
[2023-12-25T06:33:31.276-0300] {processor.py:830} INFO - Processing file /home/felipe/.local/lib/python3.10/site-packages/airflow/example_dags/example_bash_operator.py for tasks to queue
[2023-12-25T06:33:31.279-0300] {logging_mixin.py:188} INFO - [2023-12-25T06:33:31.278-0300] {dagbag.py:538} INFO - Filling up the DagBag from /home/felipe/.local/lib/python3.10/site-packages/airflow/example_dags/example_bash_operator.py
[2023-12-25T06:33:31.306-0300] {processor.py:840} INFO - DAG(s) 'example_bash_operator' retrieved from /home/felipe/.local/lib/python3.10/site-packages/airflow/example_dags/example_bash_operator.py
[2023-12-25T06:33:31.363-0300] {logging_mixin.py:188} INFO - [2023-12-25T06:33:31.362-0300] {dag.py:3033} INFO - Sync 1 DAGs
[2023-12-25T06:33:31.406-0300] {logging_mixin.py:188} INFO - [2023-12-25T06:33:31.405-0300] {dag.py:3820} INFO - Setting next_dagrun for example_bash_operator to 2023-12-24T00:00:00+00:00, run_after=2023-12-25T00:00:00+00:00
[2023-12-25T06:33:31.463-0300] {processor.py:183} INFO - Processing /home/felipe/.local/lib/python3.10/site-packages/airflow/example_dags/example_bash_operator.py took 0.196 seconds
[2023-12-25T06:34:23.481-0300] {processor.py:161} INFO - Started process (PID=13140) to work on /home/felipe/.local/lib/python3.10/site-packages/airflow/example_dags/example_bash_operator.py
[2023-12-25T06:34:23.483-0300] {processor.py:830} INFO - Processing file /home/felipe/.local/lib/python3.10/site-packages/airflow/example_dags/example_bash_operator.py for tasks to queue
[2023-12-25T06:34:23.484-0300] {logging_mixin.py:188} INFO - [2023-12-25T06:34:23.484-0300] {dagbag.py:538} INFO - Filling up the DagBag from /home/felipe/.local/lib/python3.10/site-packages/airflow/example_dags/example_bash_operator.py
[2023-12-25T06:34:23.504-0300] {processor.py:840} INFO - DAG(s) 'example_bash_operator' retrieved from /home/felipe/.local/lib/python3.10/site-packages/airflow/example_dags/example_bash_operator.py
[2023-12-25T06:34:23.547-0300] {logging_mixin.py:188} INFO - [2023-12-25T06:34:23.547-0300] {dag.py:3033} INFO - Sync 1 DAGs
[2023-12-25T06:34:23.588-0300] {logging_mixin.py:188} INFO - [2023-12-25T06:34:23.588-0300] {dag.py:3820} INFO - Setting next_dagrun for example_bash_operator to 2023-12-24T00:00:00+00:00, run_after=2023-12-25T00:00:00+00:00
[2023-12-25T06:34:23.635-0300] {processor.py:183} INFO - Processing /home/felipe/.local/lib/python3.10/site-packages/airflow/example_dags/example_bash_operator.py took 0.159 seconds
[2023-12-25T06:35:15.670-0300] {processor.py:161} INFO - Started process (PID=13222) to work on /home/felipe/.local/lib/python3.10/site-packages/airflow/example_dags/example_bash_operator.py
[2023-12-25T06:35:15.673-0300] {processor.py:830} INFO - Processing file /home/felipe/.local/lib/python3.10/site-packages/airflow/example_dags/example_bash_operator.py for tasks to queue
[2023-12-25T06:35:15.676-0300] {logging_mixin.py:188} INFO - [2023-12-25T06:35:15.675-0300] {dagbag.py:538} INFO - Filling up the DagBag from /home/felipe/.local/lib/python3.10/site-packages/airflow/example_dags/example_bash_operator.py
[2023-12-25T06:35:15.714-0300] {processor.py:840} INFO - DAG(s) 'example_bash_operator' retrieved from /home/felipe/.local/lib/python3.10/site-packages/airflow/example_dags/example_bash_operator.py
[2023-12-25T06:35:15.825-0300] {logging_mixin.py:188} INFO - [2023-12-25T06:35:15.825-0300] {dag.py:3033} INFO - Sync 1 DAGs
[2023-12-25T06:35:15.881-0300] {logging_mixin.py:188} INFO - [2023-12-25T06:35:15.880-0300] {dag.py:3820} INFO - Setting next_dagrun for example_bash_operator to 2023-12-24T00:00:00+00:00, run_after=2023-12-25T00:00:00+00:00
[2023-12-25T06:35:15.933-0300] {processor.py:183} INFO - Processing /home/felipe/.local/lib/python3.10/site-packages/airflow/example_dags/example_bash_operator.py took 0.270 seconds
[2023-12-25T06:36:11.284-0300] {processor.py:161} INFO - Started process (PID=13273) to work on /home/felipe/.local/lib/python3.10/site-packages/airflow/example_dags/example_bash_operator.py
[2023-12-25T06:36:11.286-0300] {processor.py:830} INFO - Processing file /home/felipe/.local/lib/python3.10/site-packages/airflow/example_dags/example_bash_operator.py for tasks to queue
[2023-12-25T06:36:11.288-0300] {logging_mixin.py:188} INFO - [2023-12-25T06:36:11.287-0300] {dagbag.py:538} INFO - Filling up the DagBag from /home/felipe/.local/lib/python3.10/site-packages/airflow/example_dags/example_bash_operator.py
[2023-12-25T06:36:11.315-0300] {processor.py:840} INFO - DAG(s) 'example_bash_operator' retrieved from /home/felipe/.local/lib/python3.10/site-packages/airflow/example_dags/example_bash_operator.py
[2023-12-25T06:36:11.372-0300] {logging_mixin.py:188} INFO - [2023-12-25T06:36:11.372-0300] {dag.py:3033} INFO - Sync 1 DAGs
[2023-12-25T06:36:11.434-0300] {logging_mixin.py:188} INFO - [2023-12-25T06:36:11.433-0300] {dag.py:3820} INFO - Setting next_dagrun for example_bash_operator to 2023-12-24T00:00:00+00:00, run_after=2023-12-25T00:00:00+00:00
[2023-12-25T06:36:11.487-0300] {processor.py:183} INFO - Processing /home/felipe/.local/lib/python3.10/site-packages/airflow/example_dags/example_bash_operator.py took 0.208 seconds
[2023-12-25T06:37:09.960-0300] {processor.py:161} INFO - Started process (PID=13325) to work on /home/felipe/.local/lib/python3.10/site-packages/airflow/example_dags/example_bash_operator.py
[2023-12-25T06:37:09.963-0300] {processor.py:830} INFO - Processing file /home/felipe/.local/lib/python3.10/site-packages/airflow/example_dags/example_bash_operator.py for tasks to queue
[2023-12-25T06:37:09.965-0300] {logging_mixin.py:188} INFO - [2023-12-25T06:37:09.964-0300] {dagbag.py:538} INFO - Filling up the DagBag from /home/felipe/.local/lib/python3.10/site-packages/airflow/example_dags/example_bash_operator.py
[2023-12-25T06:37:09.986-0300] {processor.py:840} INFO - DAG(s) 'example_bash_operator' retrieved from /home/felipe/.local/lib/python3.10/site-packages/airflow/example_dags/example_bash_operator.py
[2023-12-25T06:37:10.034-0300] {logging_mixin.py:188} INFO - [2023-12-25T06:37:10.034-0300] {dag.py:3033} INFO - Sync 1 DAGs
[2023-12-25T06:37:10.080-0300] {logging_mixin.py:188} INFO - [2023-12-25T06:37:10.080-0300] {dag.py:3820} INFO - Setting next_dagrun for example_bash_operator to 2023-12-24T00:00:00+00:00, run_after=2023-12-25T00:00:00+00:00
[2023-12-25T06:37:10.149-0300] {processor.py:183} INFO - Processing /home/felipe/.local/lib/python3.10/site-packages/airflow/example_dags/example_bash_operator.py took 0.193 seconds
[2023-12-25T06:38:12.087-0300] {processor.py:161} INFO - Started process (PID=13378) to work on /home/felipe/.local/lib/python3.10/site-packages/airflow/example_dags/example_bash_operator.py
[2023-12-25T06:38:12.089-0300] {processor.py:830} INFO - Processing file /home/felipe/.local/lib/python3.10/site-packages/airflow/example_dags/example_bash_operator.py for tasks to queue
[2023-12-25T06:38:12.093-0300] {logging_mixin.py:188} INFO - [2023-12-25T06:38:12.092-0300] {dagbag.py:538} INFO - Filling up the DagBag from /home/felipe/.local/lib/python3.10/site-packages/airflow/example_dags/example_bash_operator.py
[2023-12-25T06:38:12.119-0300] {processor.py:840} INFO - DAG(s) 'example_bash_operator' retrieved from /home/felipe/.local/lib/python3.10/site-packages/airflow/example_dags/example_bash_operator.py
[2023-12-25T06:38:12.205-0300] {logging_mixin.py:188} INFO - [2023-12-25T06:38:12.204-0300] {dag.py:3033} INFO - Sync 1 DAGs
[2023-12-25T06:38:12.287-0300] {logging_mixin.py:188} INFO - [2023-12-25T06:38:12.286-0300] {dag.py:3820} INFO - Setting next_dagrun for example_bash_operator to 2023-12-24T00:00:00+00:00, run_after=2023-12-25T00:00:00+00:00
[2023-12-25T06:38:12.349-0300] {processor.py:183} INFO - Processing /home/felipe/.local/lib/python3.10/site-packages/airflow/example_dags/example_bash_operator.py took 0.267 seconds
