[2023-12-25T06:23:15.200-0300] {processor.py:161} INFO - Started process (PID=12451) to work on /home/felipe/.local/lib/python3.10/site-packages/airflow/example_dags/example_dynamic_task_mapping.py
[2023-12-25T06:23:15.202-0300] {processor.py:830} INFO - Processing file /home/felipe/.local/lib/python3.10/site-packages/airflow/example_dags/example_dynamic_task_mapping.py for tasks to queue
[2023-12-25T06:23:15.204-0300] {logging_mixin.py:188} INFO - [2023-12-25T06:23:15.203-0300] {dagbag.py:538} INFO - Filling up the DagBag from /home/felipe/.local/lib/python3.10/site-packages/airflow/example_dags/example_dynamic_task_mapping.py
[2023-12-25T06:23:15.221-0300] {processor.py:840} INFO - DAG(s) 'example_dynamic_task_mapping' retrieved from /home/felipe/.local/lib/python3.10/site-packages/airflow/example_dags/example_dynamic_task_mapping.py
[2023-12-25T06:23:15.252-0300] {logging_mixin.py:188} INFO - [2023-12-25T06:23:15.252-0300] {dag.py:3033} INFO - Sync 1 DAGs
[2023-12-25T06:23:15.305-0300] {logging_mixin.py:188} INFO - [2023-12-25T06:23:15.304-0300] {dag.py:3820} INFO - Setting next_dagrun for example_dynamic_task_mapping to 2022-03-04T00:00:00+00:00, run_after=2022-03-05T00:00:00+00:00
[2023-12-25T06:23:15.355-0300] {processor.py:183} INFO - Processing /home/felipe/.local/lib/python3.10/site-packages/airflow/example_dags/example_dynamic_task_mapping.py took 0.161 seconds
[2023-12-25T06:24:13.821-0300] {processor.py:161} INFO - Started process (PID=12504) to work on /home/felipe/.local/lib/python3.10/site-packages/airflow/example_dags/example_dynamic_task_mapping.py
[2023-12-25T06:24:13.823-0300] {processor.py:830} INFO - Processing file /home/felipe/.local/lib/python3.10/site-packages/airflow/example_dags/example_dynamic_task_mapping.py for tasks to queue
[2023-12-25T06:24:13.826-0300] {logging_mixin.py:188} INFO - [2023-12-25T06:24:13.825-0300] {dagbag.py:538} INFO - Filling up the DagBag from /home/felipe/.local/lib/python3.10/site-packages/airflow/example_dags/example_dynamic_task_mapping.py
[2023-12-25T06:24:13.844-0300] {processor.py:840} INFO - DAG(s) 'example_dynamic_task_mapping' retrieved from /home/felipe/.local/lib/python3.10/site-packages/airflow/example_dags/example_dynamic_task_mapping.py
[2023-12-25T06:24:13.883-0300] {logging_mixin.py:188} INFO - [2023-12-25T06:24:13.883-0300] {dag.py:3033} INFO - Sync 1 DAGs
[2023-12-25T06:24:13.940-0300] {logging_mixin.py:188} INFO - [2023-12-25T06:24:13.939-0300] {dag.py:3820} INFO - Setting next_dagrun for example_dynamic_task_mapping to 2022-03-04T00:00:00+00:00, run_after=2022-03-05T00:00:00+00:00
[2023-12-25T06:24:14.030-0300] {processor.py:183} INFO - Processing /home/felipe/.local/lib/python3.10/site-packages/airflow/example_dags/example_dynamic_task_mapping.py took 0.215 seconds
[2023-12-25T06:25:31.229-0300] {processor.py:161} INFO - Started process (PID=12612) to work on /home/felipe/.local/lib/python3.10/site-packages/airflow/example_dags/example_dynamic_task_mapping.py
[2023-12-25T06:25:31.233-0300] {processor.py:830} INFO - Processing file /home/felipe/.local/lib/python3.10/site-packages/airflow/example_dags/example_dynamic_task_mapping.py for tasks to queue
[2023-12-25T06:25:31.236-0300] {logging_mixin.py:188} INFO - [2023-12-25T06:25:31.235-0300] {dagbag.py:538} INFO - Filling up the DagBag from /home/felipe/.local/lib/python3.10/site-packages/airflow/example_dags/example_dynamic_task_mapping.py
[2023-12-25T06:25:31.255-0300] {processor.py:840} INFO - DAG(s) 'example_dynamic_task_mapping' retrieved from /home/felipe/.local/lib/python3.10/site-packages/airflow/example_dags/example_dynamic_task_mapping.py
[2023-12-25T06:25:31.291-0300] {logging_mixin.py:188} INFO - [2023-12-25T06:25:31.290-0300] {dag.py:3033} INFO - Sync 1 DAGs
[2023-12-25T06:25:31.357-0300] {logging_mixin.py:188} INFO - [2023-12-25T06:25:31.356-0300] {dag.py:3820} INFO - Setting next_dagrun for example_dynamic_task_mapping to 2022-03-04T00:00:00+00:00, run_after=2022-03-05T00:00:00+00:00
[2023-12-25T06:25:31.404-0300] {processor.py:183} INFO - Processing /home/felipe/.local/lib/python3.10/site-packages/airflow/example_dags/example_dynamic_task_mapping.py took 0.180 seconds
[2023-12-25T06:26:46.378-0300] {processor.py:161} INFO - Started process (PID=12688) to work on /home/felipe/.local/lib/python3.10/site-packages/airflow/example_dags/example_dynamic_task_mapping.py
[2023-12-25T06:26:46.380-0300] {processor.py:830} INFO - Processing file /home/felipe/.local/lib/python3.10/site-packages/airflow/example_dags/example_dynamic_task_mapping.py for tasks to queue
[2023-12-25T06:26:46.381-0300] {logging_mixin.py:188} INFO - [2023-12-25T06:26:46.381-0300] {dagbag.py:538} INFO - Filling up the DagBag from /home/felipe/.local/lib/python3.10/site-packages/airflow/example_dags/example_dynamic_task_mapping.py
[2023-12-25T06:26:46.393-0300] {processor.py:840} INFO - DAG(s) 'example_dynamic_task_mapping' retrieved from /home/felipe/.local/lib/python3.10/site-packages/airflow/example_dags/example_dynamic_task_mapping.py
[2023-12-25T06:26:46.417-0300] {logging_mixin.py:188} INFO - [2023-12-25T06:26:46.417-0300] {dag.py:3033} INFO - Sync 1 DAGs
[2023-12-25T06:26:46.455-0300] {logging_mixin.py:188} INFO - [2023-12-25T06:26:46.455-0300] {dag.py:3820} INFO - Setting next_dagrun for example_dynamic_task_mapping to 2022-03-04T00:00:00+00:00, run_after=2022-03-05T00:00:00+00:00
[2023-12-25T06:26:46.498-0300] {processor.py:183} INFO - Processing /home/felipe/.local/lib/python3.10/site-packages/airflow/example_dags/example_dynamic_task_mapping.py took 0.125 seconds
[2023-12-25T06:28:01.679-0300] {processor.py:161} INFO - Started process (PID=12759) to work on /home/felipe/.local/lib/python3.10/site-packages/airflow/example_dags/example_dynamic_task_mapping.py
[2023-12-25T06:28:01.682-0300] {processor.py:830} INFO - Processing file /home/felipe/.local/lib/python3.10/site-packages/airflow/example_dags/example_dynamic_task_mapping.py for tasks to queue
[2023-12-25T06:28:01.684-0300] {logging_mixin.py:188} INFO - [2023-12-25T06:28:01.683-0300] {dagbag.py:538} INFO - Filling up the DagBag from /home/felipe/.local/lib/python3.10/site-packages/airflow/example_dags/example_dynamic_task_mapping.py
[2023-12-25T06:28:01.698-0300] {processor.py:840} INFO - DAG(s) 'example_dynamic_task_mapping' retrieved from /home/felipe/.local/lib/python3.10/site-packages/airflow/example_dags/example_dynamic_task_mapping.py
[2023-12-25T06:28:01.725-0300] {logging_mixin.py:188} INFO - [2023-12-25T06:28:01.724-0300] {dag.py:3033} INFO - Sync 1 DAGs
[2023-12-25T06:28:01.784-0300] {logging_mixin.py:188} INFO - [2023-12-25T06:28:01.783-0300] {dag.py:3820} INFO - Setting next_dagrun for example_dynamic_task_mapping to 2022-03-04T00:00:00+00:00, run_after=2022-03-05T00:00:00+00:00
[2023-12-25T06:28:01.835-0300] {processor.py:183} INFO - Processing /home/felipe/.local/lib/python3.10/site-packages/airflow/example_dags/example_dynamic_task_mapping.py took 0.162 seconds
[2023-12-25T06:29:20.428-0300] {processor.py:161} INFO - Started process (PID=12830) to work on /home/felipe/.local/lib/python3.10/site-packages/airflow/example_dags/example_dynamic_task_mapping.py
[2023-12-25T06:29:20.430-0300] {processor.py:830} INFO - Processing file /home/felipe/.local/lib/python3.10/site-packages/airflow/example_dags/example_dynamic_task_mapping.py for tasks to queue
[2023-12-25T06:29:20.432-0300] {logging_mixin.py:188} INFO - [2023-12-25T06:29:20.432-0300] {dagbag.py:538} INFO - Filling up the DagBag from /home/felipe/.local/lib/python3.10/site-packages/airflow/example_dags/example_dynamic_task_mapping.py
[2023-12-25T06:29:20.445-0300] {processor.py:840} INFO - DAG(s) 'example_dynamic_task_mapping' retrieved from /home/felipe/.local/lib/python3.10/site-packages/airflow/example_dags/example_dynamic_task_mapping.py
[2023-12-25T06:29:20.472-0300] {logging_mixin.py:188} INFO - [2023-12-25T06:29:20.471-0300] {dag.py:3033} INFO - Sync 1 DAGs
[2023-12-25T06:29:20.521-0300] {logging_mixin.py:188} INFO - [2023-12-25T06:29:20.519-0300] {dag.py:3820} INFO - Setting next_dagrun for example_dynamic_task_mapping to 2022-03-04T00:00:00+00:00, run_after=2022-03-05T00:00:00+00:00
[2023-12-25T06:29:20.582-0300] {processor.py:183} INFO - Processing /home/felipe/.local/lib/python3.10/site-packages/airflow/example_dags/example_dynamic_task_mapping.py took 0.160 seconds
[2023-12-25T06:30:36.069-0300] {processor.py:161} INFO - Started process (PID=12937) to work on /home/felipe/.local/lib/python3.10/site-packages/airflow/example_dags/example_dynamic_task_mapping.py
[2023-12-25T06:30:36.071-0300] {processor.py:830} INFO - Processing file /home/felipe/.local/lib/python3.10/site-packages/airflow/example_dags/example_dynamic_task_mapping.py for tasks to queue
[2023-12-25T06:30:36.073-0300] {logging_mixin.py:188} INFO - [2023-12-25T06:30:36.072-0300] {dagbag.py:538} INFO - Filling up the DagBag from /home/felipe/.local/lib/python3.10/site-packages/airflow/example_dags/example_dynamic_task_mapping.py
[2023-12-25T06:30:36.084-0300] {processor.py:840} INFO - DAG(s) 'example_dynamic_task_mapping' retrieved from /home/felipe/.local/lib/python3.10/site-packages/airflow/example_dags/example_dynamic_task_mapping.py
[2023-12-25T06:30:36.109-0300] {logging_mixin.py:188} INFO - [2023-12-25T06:30:36.109-0300] {dag.py:3033} INFO - Sync 1 DAGs
[2023-12-25T06:30:36.147-0300] {logging_mixin.py:188} INFO - [2023-12-25T06:30:36.146-0300] {dag.py:3820} INFO - Setting next_dagrun for example_dynamic_task_mapping to 2022-03-04T00:00:00+00:00, run_after=2022-03-05T00:00:00+00:00
[2023-12-25T06:30:36.199-0300] {processor.py:183} INFO - Processing /home/felipe/.local/lib/python3.10/site-packages/airflow/example_dags/example_dynamic_task_mapping.py took 0.135 seconds
[2023-12-25T06:31:59.407-0300] {processor.py:161} INFO - Started process (PID=13009) to work on /home/felipe/.local/lib/python3.10/site-packages/airflow/example_dags/example_dynamic_task_mapping.py
[2023-12-25T06:31:59.410-0300] {processor.py:830} INFO - Processing file /home/felipe/.local/lib/python3.10/site-packages/airflow/example_dags/example_dynamic_task_mapping.py for tasks to queue
[2023-12-25T06:31:59.411-0300] {logging_mixin.py:188} INFO - [2023-12-25T06:31:59.411-0300] {dagbag.py:538} INFO - Filling up the DagBag from /home/felipe/.local/lib/python3.10/site-packages/airflow/example_dags/example_dynamic_task_mapping.py
[2023-12-25T06:31:59.423-0300] {processor.py:840} INFO - DAG(s) 'example_dynamic_task_mapping' retrieved from /home/felipe/.local/lib/python3.10/site-packages/airflow/example_dags/example_dynamic_task_mapping.py
[2023-12-25T06:31:59.447-0300] {logging_mixin.py:188} INFO - [2023-12-25T06:31:59.447-0300] {dag.py:3033} INFO - Sync 1 DAGs
[2023-12-25T06:31:59.485-0300] {logging_mixin.py:188} INFO - [2023-12-25T06:31:59.485-0300] {dag.py:3820} INFO - Setting next_dagrun for example_dynamic_task_mapping to 2022-03-04T00:00:00+00:00, run_after=2022-03-05T00:00:00+00:00
[2023-12-25T06:31:59.539-0300] {processor.py:183} INFO - Processing /home/felipe/.local/lib/python3.10/site-packages/airflow/example_dags/example_dynamic_task_mapping.py took 0.136 seconds
[2023-12-25T06:33:13.050-0300] {processor.py:161} INFO - Started process (PID=13077) to work on /home/felipe/.local/lib/python3.10/site-packages/airflow/example_dags/example_dynamic_task_mapping.py
[2023-12-25T06:33:13.053-0300] {processor.py:830} INFO - Processing file /home/felipe/.local/lib/python3.10/site-packages/airflow/example_dags/example_dynamic_task_mapping.py for tasks to queue
[2023-12-25T06:33:13.058-0300] {logging_mixin.py:188} INFO - [2023-12-25T06:33:13.057-0300] {dagbag.py:538} INFO - Filling up the DagBag from /home/felipe/.local/lib/python3.10/site-packages/airflow/example_dags/example_dynamic_task_mapping.py
[2023-12-25T06:33:13.081-0300] {processor.py:840} INFO - DAG(s) 'example_dynamic_task_mapping' retrieved from /home/felipe/.local/lib/python3.10/site-packages/airflow/example_dags/example_dynamic_task_mapping.py
[2023-12-25T06:33:13.113-0300] {logging_mixin.py:188} INFO - [2023-12-25T06:33:13.112-0300] {dag.py:3033} INFO - Sync 1 DAGs
[2023-12-25T06:33:13.157-0300] {logging_mixin.py:188} INFO - [2023-12-25T06:33:13.156-0300] {dag.py:3820} INFO - Setting next_dagrun for example_dynamic_task_mapping to 2022-03-04T00:00:00+00:00, run_after=2022-03-05T00:00:00+00:00
[2023-12-25T06:33:13.203-0300] {processor.py:183} INFO - Processing /home/felipe/.local/lib/python3.10/site-packages/airflow/example_dags/example_dynamic_task_mapping.py took 0.159 seconds
[2023-12-25T06:34:31.221-0300] {processor.py:161} INFO - Started process (PID=13147) to work on /home/felipe/.local/lib/python3.10/site-packages/airflow/example_dags/example_dynamic_task_mapping.py
[2023-12-25T06:34:31.224-0300] {processor.py:830} INFO - Processing file /home/felipe/.local/lib/python3.10/site-packages/airflow/example_dags/example_dynamic_task_mapping.py for tasks to queue
[2023-12-25T06:34:31.226-0300] {logging_mixin.py:188} INFO - [2023-12-25T06:34:31.226-0300] {dagbag.py:538} INFO - Filling up the DagBag from /home/felipe/.local/lib/python3.10/site-packages/airflow/example_dags/example_dynamic_task_mapping.py
[2023-12-25T06:34:31.242-0300] {processor.py:840} INFO - DAG(s) 'example_dynamic_task_mapping' retrieved from /home/felipe/.local/lib/python3.10/site-packages/airflow/example_dags/example_dynamic_task_mapping.py
[2023-12-25T06:34:31.275-0300] {logging_mixin.py:188} INFO - [2023-12-25T06:34:31.274-0300] {dag.py:3033} INFO - Sync 1 DAGs
[2023-12-25T06:34:31.323-0300] {logging_mixin.py:188} INFO - [2023-12-25T06:34:31.323-0300] {dag.py:3820} INFO - Setting next_dagrun for example_dynamic_task_mapping to 2022-03-04T00:00:00+00:00, run_after=2022-03-05T00:00:00+00:00
[2023-12-25T06:34:31.370-0300] {processor.py:183} INFO - Processing /home/felipe/.local/lib/python3.10/site-packages/airflow/example_dags/example_dynamic_task_mapping.py took 0.155 seconds
[2023-12-25T06:35:52.859-0300] {processor.py:161} INFO - Started process (PID=13257) to work on /home/felipe/.local/lib/python3.10/site-packages/airflow/example_dags/example_dynamic_task_mapping.py
[2023-12-25T06:35:52.862-0300] {processor.py:830} INFO - Processing file /home/felipe/.local/lib/python3.10/site-packages/airflow/example_dags/example_dynamic_task_mapping.py for tasks to queue
[2023-12-25T06:35:52.864-0300] {logging_mixin.py:188} INFO - [2023-12-25T06:35:52.863-0300] {dagbag.py:538} INFO - Filling up the DagBag from /home/felipe/.local/lib/python3.10/site-packages/airflow/example_dags/example_dynamic_task_mapping.py
[2023-12-25T06:35:52.879-0300] {processor.py:840} INFO - DAG(s) 'example_dynamic_task_mapping' retrieved from /home/felipe/.local/lib/python3.10/site-packages/airflow/example_dags/example_dynamic_task_mapping.py
[2023-12-25T06:35:52.913-0300] {logging_mixin.py:188} INFO - [2023-12-25T06:35:52.912-0300] {dag.py:3033} INFO - Sync 1 DAGs
[2023-12-25T06:35:52.971-0300] {logging_mixin.py:188} INFO - [2023-12-25T06:35:52.970-0300] {dag.py:3820} INFO - Setting next_dagrun for example_dynamic_task_mapping to 2022-03-04T00:00:00+00:00, run_after=2022-03-05T00:00:00+00:00
[2023-12-25T06:35:53.060-0300] {processor.py:183} INFO - Processing /home/felipe/.local/lib/python3.10/site-packages/airflow/example_dags/example_dynamic_task_mapping.py took 0.213 seconds
[2023-12-25T06:36:51.367-0300] {processor.py:161} INFO - Started process (PID=13307) to work on /home/felipe/.local/lib/python3.10/site-packages/airflow/example_dags/example_dynamic_task_mapping.py
[2023-12-25T06:36:51.370-0300] {processor.py:830} INFO - Processing file /home/felipe/.local/lib/python3.10/site-packages/airflow/example_dags/example_dynamic_task_mapping.py for tasks to queue
[2023-12-25T06:36:51.372-0300] {logging_mixin.py:188} INFO - [2023-12-25T06:36:51.371-0300] {dagbag.py:538} INFO - Filling up the DagBag from /home/felipe/.local/lib/python3.10/site-packages/airflow/example_dags/example_dynamic_task_mapping.py
[2023-12-25T06:36:51.384-0300] {processor.py:840} INFO - DAG(s) 'example_dynamic_task_mapping' retrieved from /home/felipe/.local/lib/python3.10/site-packages/airflow/example_dags/example_dynamic_task_mapping.py
[2023-12-25T06:36:51.422-0300] {logging_mixin.py:188} INFO - [2023-12-25T06:36:51.421-0300] {dag.py:3033} INFO - Sync 1 DAGs
[2023-12-25T06:36:51.476-0300] {logging_mixin.py:188} INFO - [2023-12-25T06:36:51.475-0300] {dag.py:3820} INFO - Setting next_dagrun for example_dynamic_task_mapping to 2022-03-04T00:00:00+00:00, run_after=2022-03-05T00:00:00+00:00
[2023-12-25T06:36:51.526-0300] {processor.py:183} INFO - Processing /home/felipe/.local/lib/python3.10/site-packages/airflow/example_dags/example_dynamic_task_mapping.py took 0.164 seconds
[2023-12-25T06:37:50.859-0300] {processor.py:161} INFO - Started process (PID=13359) to work on /home/felipe/.local/lib/python3.10/site-packages/airflow/example_dags/example_dynamic_task_mapping.py
[2023-12-25T06:37:50.862-0300] {processor.py:830} INFO - Processing file /home/felipe/.local/lib/python3.10/site-packages/airflow/example_dags/example_dynamic_task_mapping.py for tasks to queue
[2023-12-25T06:37:50.866-0300] {logging_mixin.py:188} INFO - [2023-12-25T06:37:50.865-0300] {dagbag.py:538} INFO - Filling up the DagBag from /home/felipe/.local/lib/python3.10/site-packages/airflow/example_dags/example_dynamic_task_mapping.py
[2023-12-25T06:37:50.884-0300] {processor.py:840} INFO - DAG(s) 'example_dynamic_task_mapping' retrieved from /home/felipe/.local/lib/python3.10/site-packages/airflow/example_dags/example_dynamic_task_mapping.py
[2023-12-25T06:37:50.922-0300] {logging_mixin.py:188} INFO - [2023-12-25T06:37:50.921-0300] {dag.py:3033} INFO - Sync 1 DAGs
[2023-12-25T06:37:50.978-0300] {logging_mixin.py:188} INFO - [2023-12-25T06:37:50.977-0300] {dag.py:3820} INFO - Setting next_dagrun for example_dynamic_task_mapping to 2022-03-04T00:00:00+00:00, run_after=2022-03-05T00:00:00+00:00
[2023-12-25T06:37:51.037-0300] {processor.py:183} INFO - Processing /home/felipe/.local/lib/python3.10/site-packages/airflow/example_dags/example_dynamic_task_mapping.py took 0.182 seconds
