[2023-12-25T06:23:07.307-0300] {processor.py:161} INFO - Started process (PID=12444) to work on /home/felipe/.local/lib/python3.10/site-packages/airflow/example_dags/example_kubernetes_executor.py
[2023-12-25T06:23:07.309-0300] {processor.py:830} INFO - Processing file /home/felipe/.local/lib/python3.10/site-packages/airflow/example_dags/example_kubernetes_executor.py for tasks to queue
[2023-12-25T06:23:07.310-0300] {logging_mixin.py:188} INFO - [2023-12-25T06:23:07.310-0300] {dagbag.py:538} INFO - Filling up the DagBag from /home/felipe/.local/lib/python3.10/site-packages/airflow/example_dags/example_kubernetes_executor.py
[2023-12-25T06:23:07.315-0300] {logging_mixin.py:188} INFO - [2023-12-25T06:23:07.315-0300] {example_kubernetes_executor.py:38} WARNING - The example_kubernetes_executor example DAG requires the kubernetes provider. Please install it with: pip install apache-airflow[cncf.kubernetes]
[2023-12-25T06:23:07.316-0300] {processor.py:842} WARNING - No viable dags retrieved from /home/felipe/.local/lib/python3.10/site-packages/airflow/example_dags/example_kubernetes_executor.py
[2023-12-25T06:23:07.333-0300] {processor.py:183} INFO - Processing /home/felipe/.local/lib/python3.10/site-packages/airflow/example_dags/example_kubernetes_executor.py took 0.030 seconds
[2023-12-25T06:24:05.712-0300] {processor.py:161} INFO - Started process (PID=12497) to work on /home/felipe/.local/lib/python3.10/site-packages/airflow/example_dags/example_kubernetes_executor.py
[2023-12-25T06:24:05.725-0300] {processor.py:830} INFO - Processing file /home/felipe/.local/lib/python3.10/site-packages/airflow/example_dags/example_kubernetes_executor.py for tasks to queue
[2023-12-25T06:24:05.727-0300] {logging_mixin.py:188} INFO - [2023-12-25T06:24:05.727-0300] {dagbag.py:538} INFO - Filling up the DagBag from /home/felipe/.local/lib/python3.10/site-packages/airflow/example_dags/example_kubernetes_executor.py
[2023-12-25T06:24:05.733-0300] {logging_mixin.py:188} INFO - [2023-12-25T06:24:05.732-0300] {example_kubernetes_executor.py:38} WARNING - The example_kubernetes_executor example DAG requires the kubernetes provider. Please install it with: pip install apache-airflow[cncf.kubernetes]
[2023-12-25T06:24:05.733-0300] {processor.py:842} WARNING - No viable dags retrieved from /home/felipe/.local/lib/python3.10/site-packages/airflow/example_dags/example_kubernetes_executor.py
[2023-12-25T06:24:05.756-0300] {processor.py:183} INFO - Processing /home/felipe/.local/lib/python3.10/site-packages/airflow/example_dags/example_kubernetes_executor.py took 0.049 seconds
[2023-12-25T06:25:00.921-0300] {processor.py:161} INFO - Started process (PID=12574) to work on /home/felipe/.local/lib/python3.10/site-packages/airflow/example_dags/example_kubernetes_executor.py
[2023-12-25T06:25:00.923-0300] {processor.py:830} INFO - Processing file /home/felipe/.local/lib/python3.10/site-packages/airflow/example_dags/example_kubernetes_executor.py for tasks to queue
[2023-12-25T06:25:00.924-0300] {logging_mixin.py:188} INFO - [2023-12-25T06:25:00.924-0300] {dagbag.py:538} INFO - Filling up the DagBag from /home/felipe/.local/lib/python3.10/site-packages/airflow/example_dags/example_kubernetes_executor.py
[2023-12-25T06:25:00.930-0300] {logging_mixin.py:188} INFO - [2023-12-25T06:25:00.929-0300] {example_kubernetes_executor.py:38} WARNING - The example_kubernetes_executor example DAG requires the kubernetes provider. Please install it with: pip install apache-airflow[cncf.kubernetes]
[2023-12-25T06:25:00.931-0300] {processor.py:842} WARNING - No viable dags retrieved from /home/felipe/.local/lib/python3.10/site-packages/airflow/example_dags/example_kubernetes_executor.py
[2023-12-25T06:25:00.948-0300] {processor.py:183} INFO - Processing /home/felipe/.local/lib/python3.10/site-packages/airflow/example_dags/example_kubernetes_executor.py took 0.031 seconds
[2023-12-25T06:25:52.398-0300] {processor.py:161} INFO - Started process (PID=12630) to work on /home/felipe/.local/lib/python3.10/site-packages/airflow/example_dags/example_kubernetes_executor.py
[2023-12-25T06:25:52.401-0300] {processor.py:830} INFO - Processing file /home/felipe/.local/lib/python3.10/site-packages/airflow/example_dags/example_kubernetes_executor.py for tasks to queue
[2023-12-25T06:25:52.403-0300] {logging_mixin.py:188} INFO - [2023-12-25T06:25:52.402-0300] {dagbag.py:538} INFO - Filling up the DagBag from /home/felipe/.local/lib/python3.10/site-packages/airflow/example_dags/example_kubernetes_executor.py
[2023-12-25T06:25:52.408-0300] {logging_mixin.py:188} INFO - [2023-12-25T06:25:52.407-0300] {example_kubernetes_executor.py:38} WARNING - The example_kubernetes_executor example DAG requires the kubernetes provider. Please install it with: pip install apache-airflow[cncf.kubernetes]
[2023-12-25T06:25:52.409-0300] {processor.py:842} WARNING - No viable dags retrieved from /home/felipe/.local/lib/python3.10/site-packages/airflow/example_dags/example_kubernetes_executor.py
[2023-12-25T06:25:52.425-0300] {processor.py:183} INFO - Processing /home/felipe/.local/lib/python3.10/site-packages/airflow/example_dags/example_kubernetes_executor.py took 0.031 seconds
[2023-12-25T06:26:46.100-0300] {processor.py:161} INFO - Started process (PID=12687) to work on /home/felipe/.local/lib/python3.10/site-packages/airflow/example_dags/example_kubernetes_executor.py
[2023-12-25T06:26:46.102-0300] {processor.py:830} INFO - Processing file /home/felipe/.local/lib/python3.10/site-packages/airflow/example_dags/example_kubernetes_executor.py for tasks to queue
[2023-12-25T06:26:46.104-0300] {logging_mixin.py:188} INFO - [2023-12-25T06:26:46.104-0300] {dagbag.py:538} INFO - Filling up the DagBag from /home/felipe/.local/lib/python3.10/site-packages/airflow/example_dags/example_kubernetes_executor.py
[2023-12-25T06:26:46.109-0300] {logging_mixin.py:188} INFO - [2023-12-25T06:26:46.109-0300] {example_kubernetes_executor.py:38} WARNING - The example_kubernetes_executor example DAG requires the kubernetes provider. Please install it with: pip install apache-airflow[cncf.kubernetes]
[2023-12-25T06:26:46.110-0300] {processor.py:842} WARNING - No viable dags retrieved from /home/felipe/.local/lib/python3.10/site-packages/airflow/example_dags/example_kubernetes_executor.py
[2023-12-25T06:26:46.127-0300] {processor.py:183} INFO - Processing /home/felipe/.local/lib/python3.10/site-packages/airflow/example_dags/example_kubernetes_executor.py took 0.031 seconds
[2023-12-25T06:27:59.678-0300] {processor.py:161} INFO - Started process (PID=12757) to work on /home/felipe/.local/lib/python3.10/site-packages/airflow/example_dags/example_kubernetes_executor.py
[2023-12-25T06:27:59.682-0300] {processor.py:830} INFO - Processing file /home/felipe/.local/lib/python3.10/site-packages/airflow/example_dags/example_kubernetes_executor.py for tasks to queue
[2023-12-25T06:27:59.684-0300] {logging_mixin.py:188} INFO - [2023-12-25T06:27:59.684-0300] {dagbag.py:538} INFO - Filling up the DagBag from /home/felipe/.local/lib/python3.10/site-packages/airflow/example_dags/example_kubernetes_executor.py
[2023-12-25T06:27:59.689-0300] {logging_mixin.py:188} INFO - [2023-12-25T06:27:59.689-0300] {example_kubernetes_executor.py:38} WARNING - The example_kubernetes_executor example DAG requires the kubernetes provider. Please install it with: pip install apache-airflow[cncf.kubernetes]
[2023-12-25T06:27:59.690-0300] {processor.py:842} WARNING - No viable dags retrieved from /home/felipe/.local/lib/python3.10/site-packages/airflow/example_dags/example_kubernetes_executor.py
[2023-12-25T06:27:59.709-0300] {processor.py:183} INFO - Processing /home/felipe/.local/lib/python3.10/site-packages/airflow/example_dags/example_kubernetes_executor.py took 0.036 seconds
[2023-12-25T06:29:15.191-0300] {processor.py:161} INFO - Started process (PID=12825) to work on /home/felipe/.local/lib/python3.10/site-packages/airflow/example_dags/example_kubernetes_executor.py
[2023-12-25T06:29:15.194-0300] {processor.py:830} INFO - Processing file /home/felipe/.local/lib/python3.10/site-packages/airflow/example_dags/example_kubernetes_executor.py for tasks to queue
[2023-12-25T06:29:15.195-0300] {logging_mixin.py:188} INFO - [2023-12-25T06:29:15.195-0300] {dagbag.py:538} INFO - Filling up the DagBag from /home/felipe/.local/lib/python3.10/site-packages/airflow/example_dags/example_kubernetes_executor.py
[2023-12-25T06:29:15.201-0300] {logging_mixin.py:188} INFO - [2023-12-25T06:29:15.201-0300] {example_kubernetes_executor.py:38} WARNING - The example_kubernetes_executor example DAG requires the kubernetes provider. Please install it with: pip install apache-airflow[cncf.kubernetes]
[2023-12-25T06:29:15.202-0300] {processor.py:842} WARNING - No viable dags retrieved from /home/felipe/.local/lib/python3.10/site-packages/airflow/example_dags/example_kubernetes_executor.py
[2023-12-25T06:29:15.222-0300] {processor.py:183} INFO - Processing /home/felipe/.local/lib/python3.10/site-packages/airflow/example_dags/example_kubernetes_executor.py took 0.036 seconds
[2023-12-25T06:30:04.978-0300] {processor.py:161} INFO - Started process (PID=12900) to work on /home/felipe/.local/lib/python3.10/site-packages/airflow/example_dags/example_kubernetes_executor.py
[2023-12-25T06:30:04.980-0300] {processor.py:830} INFO - Processing file /home/felipe/.local/lib/python3.10/site-packages/airflow/example_dags/example_kubernetes_executor.py for tasks to queue
[2023-12-25T06:30:04.982-0300] {logging_mixin.py:188} INFO - [2023-12-25T06:30:04.981-0300] {dagbag.py:538} INFO - Filling up the DagBag from /home/felipe/.local/lib/python3.10/site-packages/airflow/example_dags/example_kubernetes_executor.py
[2023-12-25T06:30:04.986-0300] {logging_mixin.py:188} INFO - [2023-12-25T06:30:04.986-0300] {example_kubernetes_executor.py:38} WARNING - The example_kubernetes_executor example DAG requires the kubernetes provider. Please install it with: pip install apache-airflow[cncf.kubernetes]
[2023-12-25T06:30:04.987-0300] {processor.py:842} WARNING - No viable dags retrieved from /home/felipe/.local/lib/python3.10/site-packages/airflow/example_dags/example_kubernetes_executor.py
[2023-12-25T06:30:05.003-0300] {processor.py:183} INFO - Processing /home/felipe/.local/lib/python3.10/site-packages/airflow/example_dags/example_kubernetes_executor.py took 0.030 seconds
[2023-12-25T06:30:56.870-0300] {processor.py:161} INFO - Started process (PID=12956) to work on /home/felipe/.local/lib/python3.10/site-packages/airflow/example_dags/example_kubernetes_executor.py
[2023-12-25T06:30:56.874-0300] {processor.py:830} INFO - Processing file /home/felipe/.local/lib/python3.10/site-packages/airflow/example_dags/example_kubernetes_executor.py for tasks to queue
[2023-12-25T06:30:56.876-0300] {logging_mixin.py:188} INFO - [2023-12-25T06:30:56.875-0300] {dagbag.py:538} INFO - Filling up the DagBag from /home/felipe/.local/lib/python3.10/site-packages/airflow/example_dags/example_kubernetes_executor.py
[2023-12-25T06:30:56.884-0300] {logging_mixin.py:188} INFO - [2023-12-25T06:30:56.883-0300] {example_kubernetes_executor.py:38} WARNING - The example_kubernetes_executor example DAG requires the kubernetes provider. Please install it with: pip install apache-airflow[cncf.kubernetes]
[2023-12-25T06:30:56.885-0300] {processor.py:842} WARNING - No viable dags retrieved from /home/felipe/.local/lib/python3.10/site-packages/airflow/example_dags/example_kubernetes_executor.py
[2023-12-25T06:30:56.907-0300] {processor.py:183} INFO - Processing /home/felipe/.local/lib/python3.10/site-packages/airflow/example_dags/example_kubernetes_executor.py took 0.043 seconds
[2023-12-25T06:31:53.466-0300] {processor.py:161} INFO - Started process (PID=13004) to work on /home/felipe/.local/lib/python3.10/site-packages/airflow/example_dags/example_kubernetes_executor.py
[2023-12-25T06:31:53.468-0300] {processor.py:830} INFO - Processing file /home/felipe/.local/lib/python3.10/site-packages/airflow/example_dags/example_kubernetes_executor.py for tasks to queue
[2023-12-25T06:31:53.470-0300] {logging_mixin.py:188} INFO - [2023-12-25T06:31:53.470-0300] {dagbag.py:538} INFO - Filling up the DagBag from /home/felipe/.local/lib/python3.10/site-packages/airflow/example_dags/example_kubernetes_executor.py
[2023-12-25T06:31:53.475-0300] {logging_mixin.py:188} INFO - [2023-12-25T06:31:53.475-0300] {example_kubernetes_executor.py:38} WARNING - The example_kubernetes_executor example DAG requires the kubernetes provider. Please install it with: pip install apache-airflow[cncf.kubernetes]
[2023-12-25T06:31:53.476-0300] {processor.py:842} WARNING - No viable dags retrieved from /home/felipe/.local/lib/python3.10/site-packages/airflow/example_dags/example_kubernetes_executor.py
[2023-12-25T06:31:53.493-0300] {processor.py:183} INFO - Processing /home/felipe/.local/lib/python3.10/site-packages/airflow/example_dags/example_kubernetes_executor.py took 0.031 seconds
[2023-12-25T06:32:47.299-0300] {processor.py:161} INFO - Started process (PID=13053) to work on /home/felipe/.local/lib/python3.10/site-packages/airflow/example_dags/example_kubernetes_executor.py
[2023-12-25T06:32:47.301-0300] {processor.py:830} INFO - Processing file /home/felipe/.local/lib/python3.10/site-packages/airflow/example_dags/example_kubernetes_executor.py for tasks to queue
[2023-12-25T06:32:47.304-0300] {logging_mixin.py:188} INFO - [2023-12-25T06:32:47.303-0300] {dagbag.py:538} INFO - Filling up the DagBag from /home/felipe/.local/lib/python3.10/site-packages/airflow/example_dags/example_kubernetes_executor.py
[2023-12-25T06:32:47.312-0300] {logging_mixin.py:188} INFO - [2023-12-25T06:32:47.311-0300] {example_kubernetes_executor.py:38} WARNING - The example_kubernetes_executor example DAG requires the kubernetes provider. Please install it with: pip install apache-airflow[cncf.kubernetes]
[2023-12-25T06:32:47.312-0300] {processor.py:842} WARNING - No viable dags retrieved from /home/felipe/.local/lib/python3.10/site-packages/airflow/example_dags/example_kubernetes_executor.py
[2023-12-25T06:32:47.329-0300] {processor.py:183} INFO - Processing /home/felipe/.local/lib/python3.10/site-packages/airflow/example_dags/example_kubernetes_executor.py took 0.035 seconds
[2023-12-25T06:34:01.531-0300] {processor.py:161} INFO - Started process (PID=13122) to work on /home/felipe/.local/lib/python3.10/site-packages/airflow/example_dags/example_kubernetes_executor.py
[2023-12-25T06:34:01.533-0300] {processor.py:830} INFO - Processing file /home/felipe/.local/lib/python3.10/site-packages/airflow/example_dags/example_kubernetes_executor.py for tasks to queue
[2023-12-25T06:34:01.535-0300] {logging_mixin.py:188} INFO - [2023-12-25T06:34:01.534-0300] {dagbag.py:538} INFO - Filling up the DagBag from /home/felipe/.local/lib/python3.10/site-packages/airflow/example_dags/example_kubernetes_executor.py
[2023-12-25T06:34:01.540-0300] {logging_mixin.py:188} INFO - [2023-12-25T06:34:01.540-0300] {example_kubernetes_executor.py:38} WARNING - The example_kubernetes_executor example DAG requires the kubernetes provider. Please install it with: pip install apache-airflow[cncf.kubernetes]
[2023-12-25T06:34:01.541-0300] {processor.py:842} WARNING - No viable dags retrieved from /home/felipe/.local/lib/python3.10/site-packages/airflow/example_dags/example_kubernetes_executor.py
[2023-12-25T06:34:01.558-0300] {processor.py:183} INFO - Processing /home/felipe/.local/lib/python3.10/site-packages/airflow/example_dags/example_kubernetes_executor.py took 0.031 seconds
[2023-12-25T06:34:54.517-0300] {processor.py:161} INFO - Started process (PID=13174) to work on /home/felipe/.local/lib/python3.10/site-packages/airflow/example_dags/example_kubernetes_executor.py
[2023-12-25T06:34:54.520-0300] {processor.py:830} INFO - Processing file /home/felipe/.local/lib/python3.10/site-packages/airflow/example_dags/example_kubernetes_executor.py for tasks to queue
[2023-12-25T06:34:54.522-0300] {logging_mixin.py:188} INFO - [2023-12-25T06:34:54.521-0300] {dagbag.py:538} INFO - Filling up the DagBag from /home/felipe/.local/lib/python3.10/site-packages/airflow/example_dags/example_kubernetes_executor.py
[2023-12-25T06:34:54.527-0300] {logging_mixin.py:188} INFO - [2023-12-25T06:34:54.527-0300] {example_kubernetes_executor.py:38} WARNING - The example_kubernetes_executor example DAG requires the kubernetes provider. Please install it with: pip install apache-airflow[cncf.kubernetes]
[2023-12-25T06:34:54.527-0300] {processor.py:842} WARNING - No viable dags retrieved from /home/felipe/.local/lib/python3.10/site-packages/airflow/example_dags/example_kubernetes_executor.py
[2023-12-25T06:34:54.544-0300] {processor.py:183} INFO - Processing /home/felipe/.local/lib/python3.10/site-packages/airflow/example_dags/example_kubernetes_executor.py took 0.031 seconds
[2023-12-25T06:35:48.729-0300] {processor.py:161} INFO - Started process (PID=13254) to work on /home/felipe/.local/lib/python3.10/site-packages/airflow/example_dags/example_kubernetes_executor.py
[2023-12-25T06:35:48.733-0300] {processor.py:830} INFO - Processing file /home/felipe/.local/lib/python3.10/site-packages/airflow/example_dags/example_kubernetes_executor.py for tasks to queue
[2023-12-25T06:35:48.735-0300] {logging_mixin.py:188} INFO - [2023-12-25T06:35:48.734-0300] {dagbag.py:538} INFO - Filling up the DagBag from /home/felipe/.local/lib/python3.10/site-packages/airflow/example_dags/example_kubernetes_executor.py
[2023-12-25T06:35:48.752-0300] {logging_mixin.py:188} INFO - [2023-12-25T06:35:48.751-0300] {example_kubernetes_executor.py:38} WARNING - The example_kubernetes_executor example DAG requires the kubernetes provider. Please install it with: pip install apache-airflow[cncf.kubernetes]
[2023-12-25T06:35:48.753-0300] {processor.py:842} WARNING - No viable dags retrieved from /home/felipe/.local/lib/python3.10/site-packages/airflow/example_dags/example_kubernetes_executor.py
[2023-12-25T06:35:48.832-0300] {processor.py:183} INFO - Processing /home/felipe/.local/lib/python3.10/site-packages/airflow/example_dags/example_kubernetes_executor.py took 0.124 seconds
[2023-12-25T06:36:47.660-0300] {processor.py:161} INFO - Started process (PID=13304) to work on /home/felipe/.local/lib/python3.10/site-packages/airflow/example_dags/example_kubernetes_executor.py
[2023-12-25T06:36:47.663-0300] {processor.py:830} INFO - Processing file /home/felipe/.local/lib/python3.10/site-packages/airflow/example_dags/example_kubernetes_executor.py for tasks to queue
[2023-12-25T06:36:47.665-0300] {logging_mixin.py:188} INFO - [2023-12-25T06:36:47.664-0300] {dagbag.py:538} INFO - Filling up the DagBag from /home/felipe/.local/lib/python3.10/site-packages/airflow/example_dags/example_kubernetes_executor.py
[2023-12-25T06:36:47.670-0300] {logging_mixin.py:188} INFO - [2023-12-25T06:36:47.670-0300] {example_kubernetes_executor.py:38} WARNING - The example_kubernetes_executor example DAG requires the kubernetes provider. Please install it with: pip install apache-airflow[cncf.kubernetes]
[2023-12-25T06:36:47.671-0300] {processor.py:842} WARNING - No viable dags retrieved from /home/felipe/.local/lib/python3.10/site-packages/airflow/example_dags/example_kubernetes_executor.py
[2023-12-25T06:36:47.687-0300] {processor.py:183} INFO - Processing /home/felipe/.local/lib/python3.10/site-packages/airflow/example_dags/example_kubernetes_executor.py took 0.031 seconds
[2023-12-25T06:37:45.631-0300] {processor.py:161} INFO - Started process (PID=13355) to work on /home/felipe/.local/lib/python3.10/site-packages/airflow/example_dags/example_kubernetes_executor.py
[2023-12-25T06:37:45.653-0300] {processor.py:830} INFO - Processing file /home/felipe/.local/lib/python3.10/site-packages/airflow/example_dags/example_kubernetes_executor.py for tasks to queue
[2023-12-25T06:37:45.656-0300] {logging_mixin.py:188} INFO - [2023-12-25T06:37:45.655-0300] {dagbag.py:538} INFO - Filling up the DagBag from /home/felipe/.local/lib/python3.10/site-packages/airflow/example_dags/example_kubernetes_executor.py
[2023-12-25T06:37:45.693-0300] {logging_mixin.py:188} INFO - [2023-12-25T06:37:45.692-0300] {example_kubernetes_executor.py:38} WARNING - The example_kubernetes_executor example DAG requires the kubernetes provider. Please install it with: pip install apache-airflow[cncf.kubernetes]
[2023-12-25T06:37:45.695-0300] {processor.py:842} WARNING - No viable dags retrieved from /home/felipe/.local/lib/python3.10/site-packages/airflow/example_dags/example_kubernetes_executor.py
[2023-12-25T06:37:45.792-0300] {processor.py:183} INFO - Processing /home/felipe/.local/lib/python3.10/site-packages/airflow/example_dags/example_kubernetes_executor.py took 0.188 seconds
[2023-12-25T06:38:45.343-0300] {processor.py:161} INFO - Started process (PID=13408) to work on /home/felipe/.local/lib/python3.10/site-packages/airflow/example_dags/example_kubernetes_executor.py
[2023-12-25T06:38:45.345-0300] {processor.py:830} INFO - Processing file /home/felipe/.local/lib/python3.10/site-packages/airflow/example_dags/example_kubernetes_executor.py for tasks to queue
[2023-12-25T06:38:45.347-0300] {logging_mixin.py:188} INFO - [2023-12-25T06:38:45.346-0300] {dagbag.py:538} INFO - Filling up the DagBag from /home/felipe/.local/lib/python3.10/site-packages/airflow/example_dags/example_kubernetes_executor.py
[2023-12-25T06:38:45.360-0300] {logging_mixin.py:188} INFO - [2023-12-25T06:38:45.360-0300] {example_kubernetes_executor.py:38} WARNING - The example_kubernetes_executor example DAG requires the kubernetes provider. Please install it with: pip install apache-airflow[cncf.kubernetes]
[2023-12-25T06:38:45.361-0300] {processor.py:842} WARNING - No viable dags retrieved from /home/felipe/.local/lib/python3.10/site-packages/airflow/example_dags/example_kubernetes_executor.py
[2023-12-25T06:38:45.384-0300] {processor.py:183} INFO - Processing /home/felipe/.local/lib/python3.10/site-packages/airflow/example_dags/example_kubernetes_executor.py took 0.055 seconds
