[2023-12-25T06:23:00.632-0300] {processor.py:161} INFO - Started process (PID=12438) to work on /home/felipe/.local/lib/python3.10/site-packages/airflow/example_dags/example_branch_day_of_week_operator.py
[2023-12-25T06:23:00.634-0300] {processor.py:830} INFO - Processing file /home/felipe/.local/lib/python3.10/site-packages/airflow/example_dags/example_branch_day_of_week_operator.py for tasks to queue
[2023-12-25T06:23:00.636-0300] {logging_mixin.py:188} INFO - [2023-12-25T06:23:00.635-0300] {dagbag.py:538} INFO - Filling up the DagBag from /home/felipe/.local/lib/python3.10/site-packages/airflow/example_dags/example_branch_day_of_week_operator.py
[2023-12-25T06:23:00.654-0300] {processor.py:840} INFO - DAG(s) 'example_weekday_branch_operator' retrieved from /home/felipe/.local/lib/python3.10/site-packages/airflow/example_dags/example_branch_day_of_week_operator.py
[2023-12-25T06:23:00.687-0300] {logging_mixin.py:188} INFO - [2023-12-25T06:23:00.687-0300] {dag.py:3033} INFO - Sync 1 DAGs
[2023-12-25T06:23:00.742-0300] {logging_mixin.py:188} INFO - [2023-12-25T06:23:00.741-0300] {dag.py:3820} INFO - Setting next_dagrun for example_weekday_branch_operator to 2023-12-24T00:00:00+00:00, run_after=2023-12-25T00:00:00+00:00
[2023-12-25T06:23:00.797-0300] {processor.py:183} INFO - Processing /home/felipe/.local/lib/python3.10/site-packages/airflow/example_dags/example_branch_day_of_week_operator.py took 0.171 seconds
[2023-12-25T06:23:58.448-0300] {processor.py:161} INFO - Started process (PID=12491) to work on /home/felipe/.local/lib/python3.10/site-packages/airflow/example_dags/example_branch_day_of_week_operator.py
[2023-12-25T06:23:58.452-0300] {processor.py:830} INFO - Processing file /home/felipe/.local/lib/python3.10/site-packages/airflow/example_dags/example_branch_day_of_week_operator.py for tasks to queue
[2023-12-25T06:23:58.455-0300] {logging_mixin.py:188} INFO - [2023-12-25T06:23:58.454-0300] {dagbag.py:538} INFO - Filling up the DagBag from /home/felipe/.local/lib/python3.10/site-packages/airflow/example_dags/example_branch_day_of_week_operator.py
[2023-12-25T06:23:58.478-0300] {processor.py:840} INFO - DAG(s) 'example_weekday_branch_operator' retrieved from /home/felipe/.local/lib/python3.10/site-packages/airflow/example_dags/example_branch_day_of_week_operator.py
[2023-12-25T06:23:58.525-0300] {logging_mixin.py:188} INFO - [2023-12-25T06:23:58.524-0300] {dag.py:3033} INFO - Sync 1 DAGs
[2023-12-25T06:23:58.606-0300] {logging_mixin.py:188} INFO - [2023-12-25T06:23:58.605-0300] {dag.py:3820} INFO - Setting next_dagrun for example_weekday_branch_operator to 2023-12-24T00:00:00+00:00, run_after=2023-12-25T00:00:00+00:00
[2023-12-25T06:23:58.669-0300] {processor.py:183} INFO - Processing /home/felipe/.local/lib/python3.10/site-packages/airflow/example_dags/example_branch_day_of_week_operator.py took 0.228 seconds
[2023-12-25T06:24:54.343-0300] {processor.py:161} INFO - Started process (PID=12541) to work on /home/felipe/.local/lib/python3.10/site-packages/airflow/example_dags/example_branch_day_of_week_operator.py
[2023-12-25T06:24:54.345-0300] {processor.py:830} INFO - Processing file /home/felipe/.local/lib/python3.10/site-packages/airflow/example_dags/example_branch_day_of_week_operator.py for tasks to queue
[2023-12-25T06:24:54.347-0300] {logging_mixin.py:188} INFO - [2023-12-25T06:24:54.346-0300] {dagbag.py:538} INFO - Filling up the DagBag from /home/felipe/.local/lib/python3.10/site-packages/airflow/example_dags/example_branch_day_of_week_operator.py
[2023-12-25T06:24:54.361-0300] {processor.py:840} INFO - DAG(s) 'example_weekday_branch_operator' retrieved from /home/felipe/.local/lib/python3.10/site-packages/airflow/example_dags/example_branch_day_of_week_operator.py
[2023-12-25T06:24:54.393-0300] {logging_mixin.py:188} INFO - [2023-12-25T06:24:54.392-0300] {dag.py:3033} INFO - Sync 1 DAGs
[2023-12-25T06:24:54.435-0300] {logging_mixin.py:188} INFO - [2023-12-25T06:24:54.434-0300] {dag.py:3820} INFO - Setting next_dagrun for example_weekday_branch_operator to 2023-12-24T00:00:00+00:00, run_after=2023-12-25T00:00:00+00:00
[2023-12-25T06:24:54.482-0300] {processor.py:183} INFO - Processing /home/felipe/.local/lib/python3.10/site-packages/airflow/example_dags/example_branch_day_of_week_operator.py took 0.143 seconds
[2023-12-25T06:25:45.450-0300] {processor.py:161} INFO - Started process (PID=12624) to work on /home/felipe/.local/lib/python3.10/site-packages/airflow/example_dags/example_branch_day_of_week_operator.py
[2023-12-25T06:25:45.452-0300] {processor.py:830} INFO - Processing file /home/felipe/.local/lib/python3.10/site-packages/airflow/example_dags/example_branch_day_of_week_operator.py for tasks to queue
[2023-12-25T06:25:45.454-0300] {logging_mixin.py:188} INFO - [2023-12-25T06:25:45.453-0300] {dagbag.py:538} INFO - Filling up the DagBag from /home/felipe/.local/lib/python3.10/site-packages/airflow/example_dags/example_branch_day_of_week_operator.py
[2023-12-25T06:25:45.466-0300] {processor.py:840} INFO - DAG(s) 'example_weekday_branch_operator' retrieved from /home/felipe/.local/lib/python3.10/site-packages/airflow/example_dags/example_branch_day_of_week_operator.py
[2023-12-25T06:25:45.495-0300] {logging_mixin.py:188} INFO - [2023-12-25T06:25:45.495-0300] {dag.py:3033} INFO - Sync 1 DAGs
[2023-12-25T06:25:45.551-0300] {logging_mixin.py:188} INFO - [2023-12-25T06:25:45.550-0300] {dag.py:3820} INFO - Setting next_dagrun for example_weekday_branch_operator to 2023-12-24T00:00:00+00:00, run_after=2023-12-25T00:00:00+00:00
[2023-12-25T06:25:45.598-0300] {processor.py:183} INFO - Processing /home/felipe/.local/lib/python3.10/site-packages/airflow/example_dags/example_branch_day_of_week_operator.py took 0.152 seconds
[2023-12-25T06:26:38.318-0300] {processor.py:161} INFO - Started process (PID=12681) to work on /home/felipe/.local/lib/python3.10/site-packages/airflow/example_dags/example_branch_day_of_week_operator.py
[2023-12-25T06:26:38.320-0300] {processor.py:830} INFO - Processing file /home/felipe/.local/lib/python3.10/site-packages/airflow/example_dags/example_branch_day_of_week_operator.py for tasks to queue
[2023-12-25T06:26:38.322-0300] {logging_mixin.py:188} INFO - [2023-12-25T06:26:38.321-0300] {dagbag.py:538} INFO - Filling up the DagBag from /home/felipe/.local/lib/python3.10/site-packages/airflow/example_dags/example_branch_day_of_week_operator.py
[2023-12-25T06:26:38.334-0300] {processor.py:840} INFO - DAG(s) 'example_weekday_branch_operator' retrieved from /home/felipe/.local/lib/python3.10/site-packages/airflow/example_dags/example_branch_day_of_week_operator.py
[2023-12-25T06:26:38.362-0300] {logging_mixin.py:188} INFO - [2023-12-25T06:26:38.362-0300] {dag.py:3033} INFO - Sync 1 DAGs
[2023-12-25T06:26:38.402-0300] {logging_mixin.py:188} INFO - [2023-12-25T06:26:38.402-0300] {dag.py:3820} INFO - Setting next_dagrun for example_weekday_branch_operator to 2023-12-24T00:00:00+00:00, run_after=2023-12-25T00:00:00+00:00
[2023-12-25T06:26:38.448-0300] {processor.py:183} INFO - Processing /home/felipe/.local/lib/python3.10/site-packages/airflow/example_dags/example_branch_day_of_week_operator.py took 0.134 seconds
[2023-12-25T06:27:28.094-0300] {processor.py:161} INFO - Started process (PID=12727) to work on /home/felipe/.local/lib/python3.10/site-packages/airflow/example_dags/example_branch_day_of_week_operator.py
[2023-12-25T06:27:28.097-0300] {processor.py:830} INFO - Processing file /home/felipe/.local/lib/python3.10/site-packages/airflow/example_dags/example_branch_day_of_week_operator.py for tasks to queue
[2023-12-25T06:27:28.101-0300] {logging_mixin.py:188} INFO - [2023-12-25T06:27:28.100-0300] {dagbag.py:538} INFO - Filling up the DagBag from /home/felipe/.local/lib/python3.10/site-packages/airflow/example_dags/example_branch_day_of_week_operator.py
[2023-12-25T06:27:28.114-0300] {processor.py:840} INFO - DAG(s) 'example_weekday_branch_operator' retrieved from /home/felipe/.local/lib/python3.10/site-packages/airflow/example_dags/example_branch_day_of_week_operator.py
[2023-12-25T06:27:28.149-0300] {logging_mixin.py:188} INFO - [2023-12-25T06:27:28.149-0300] {dag.py:3033} INFO - Sync 1 DAGs
[2023-12-25T06:27:28.204-0300] {logging_mixin.py:188} INFO - [2023-12-25T06:27:28.204-0300] {dag.py:3820} INFO - Setting next_dagrun for example_weekday_branch_operator to 2023-12-24T00:00:00+00:00, run_after=2023-12-25T00:00:00+00:00
[2023-12-25T06:27:28.251-0300] {processor.py:183} INFO - Processing /home/felipe/.local/lib/python3.10/site-packages/airflow/example_dags/example_branch_day_of_week_operator.py took 0.162 seconds
[2023-12-25T06:28:19.217-0300] {processor.py:161} INFO - Started process (PID=12776) to work on /home/felipe/.local/lib/python3.10/site-packages/airflow/example_dags/example_branch_day_of_week_operator.py
[2023-12-25T06:28:19.220-0300] {processor.py:830} INFO - Processing file /home/felipe/.local/lib/python3.10/site-packages/airflow/example_dags/example_branch_day_of_week_operator.py for tasks to queue
[2023-12-25T06:28:19.222-0300] {logging_mixin.py:188} INFO - [2023-12-25T06:28:19.221-0300] {dagbag.py:538} INFO - Filling up the DagBag from /home/felipe/.local/lib/python3.10/site-packages/airflow/example_dags/example_branch_day_of_week_operator.py
[2023-12-25T06:28:19.236-0300] {processor.py:840} INFO - DAG(s) 'example_weekday_branch_operator' retrieved from /home/felipe/.local/lib/python3.10/site-packages/airflow/example_dags/example_branch_day_of_week_operator.py
[2023-12-25T06:28:19.268-0300] {logging_mixin.py:188} INFO - [2023-12-25T06:28:19.267-0300] {dag.py:3033} INFO - Sync 1 DAGs
[2023-12-25T06:28:19.324-0300] {logging_mixin.py:188} INFO - [2023-12-25T06:28:19.324-0300] {dag.py:3820} INFO - Setting next_dagrun for example_weekday_branch_operator to 2023-12-24T00:00:00+00:00, run_after=2023-12-25T00:00:00+00:00
[2023-12-25T06:28:19.373-0300] {processor.py:183} INFO - Processing /home/felipe/.local/lib/python3.10/site-packages/airflow/example_dags/example_branch_day_of_week_operator.py took 0.162 seconds
[2023-12-25T06:29:11.507-0300] {processor.py:161} INFO - Started process (PID=12822) to work on /home/felipe/.local/lib/python3.10/site-packages/airflow/example_dags/example_branch_day_of_week_operator.py
[2023-12-25T06:29:11.510-0300] {processor.py:830} INFO - Processing file /home/felipe/.local/lib/python3.10/site-packages/airflow/example_dags/example_branch_day_of_week_operator.py for tasks to queue
[2023-12-25T06:29:11.512-0300] {logging_mixin.py:188} INFO - [2023-12-25T06:29:11.511-0300] {dagbag.py:538} INFO - Filling up the DagBag from /home/felipe/.local/lib/python3.10/site-packages/airflow/example_dags/example_branch_day_of_week_operator.py
[2023-12-25T06:29:11.525-0300] {processor.py:840} INFO - DAG(s) 'example_weekday_branch_operator' retrieved from /home/felipe/.local/lib/python3.10/site-packages/airflow/example_dags/example_branch_day_of_week_operator.py
[2023-12-25T06:29:11.557-0300] {logging_mixin.py:188} INFO - [2023-12-25T06:29:11.556-0300] {dag.py:3033} INFO - Sync 1 DAGs
[2023-12-25T06:29:11.604-0300] {logging_mixin.py:188} INFO - [2023-12-25T06:29:11.604-0300] {dag.py:3820} INFO - Setting next_dagrun for example_weekday_branch_operator to 2023-12-24T00:00:00+00:00, run_after=2023-12-25T00:00:00+00:00
[2023-12-25T06:29:11.657-0300] {processor.py:183} INFO - Processing /home/felipe/.local/lib/python3.10/site-packages/airflow/example_dags/example_branch_day_of_week_operator.py took 0.154 seconds
[2023-12-25T06:30:03.049-0300] {processor.py:161} INFO - Started process (PID=12897) to work on /home/felipe/.local/lib/python3.10/site-packages/airflow/example_dags/example_branch_day_of_week_operator.py
[2023-12-25T06:30:03.051-0300] {processor.py:830} INFO - Processing file /home/felipe/.local/lib/python3.10/site-packages/airflow/example_dags/example_branch_day_of_week_operator.py for tasks to queue
[2023-12-25T06:30:03.054-0300] {logging_mixin.py:188} INFO - [2023-12-25T06:30:03.053-0300] {dagbag.py:538} INFO - Filling up the DagBag from /home/felipe/.local/lib/python3.10/site-packages/airflow/example_dags/example_branch_day_of_week_operator.py
[2023-12-25T06:30:03.068-0300] {processor.py:840} INFO - DAG(s) 'example_weekday_branch_operator' retrieved from /home/felipe/.local/lib/python3.10/site-packages/airflow/example_dags/example_branch_day_of_week_operator.py
[2023-12-25T06:30:03.100-0300] {logging_mixin.py:188} INFO - [2023-12-25T06:30:03.099-0300] {dag.py:3033} INFO - Sync 1 DAGs
[2023-12-25T06:30:03.156-0300] {logging_mixin.py:188} INFO - [2023-12-25T06:30:03.155-0300] {dag.py:3820} INFO - Setting next_dagrun for example_weekday_branch_operator to 2023-12-24T00:00:00+00:00, run_after=2023-12-25T00:00:00+00:00
[2023-12-25T06:30:03.208-0300] {processor.py:183} INFO - Processing /home/felipe/.local/lib/python3.10/site-packages/airflow/example_dags/example_branch_day_of_week_operator.py took 0.163 seconds
[2023-12-25T06:30:51.766-0300] {processor.py:161} INFO - Started process (PID=12952) to work on /home/felipe/.local/lib/python3.10/site-packages/airflow/example_dags/example_branch_day_of_week_operator.py
[2023-12-25T06:30:51.769-0300] {processor.py:830} INFO - Processing file /home/felipe/.local/lib/python3.10/site-packages/airflow/example_dags/example_branch_day_of_week_operator.py for tasks to queue
[2023-12-25T06:30:51.772-0300] {logging_mixin.py:188} INFO - [2023-12-25T06:30:51.771-0300] {dagbag.py:538} INFO - Filling up the DagBag from /home/felipe/.local/lib/python3.10/site-packages/airflow/example_dags/example_branch_day_of_week_operator.py
[2023-12-25T06:30:51.804-0300] {processor.py:840} INFO - DAG(s) 'example_weekday_branch_operator' retrieved from /home/felipe/.local/lib/python3.10/site-packages/airflow/example_dags/example_branch_day_of_week_operator.py
[2023-12-25T06:30:51.882-0300] {logging_mixin.py:188} INFO - [2023-12-25T06:30:51.882-0300] {dag.py:3033} INFO - Sync 1 DAGs
[2023-12-25T06:30:51.971-0300] {logging_mixin.py:188} INFO - [2023-12-25T06:30:51.971-0300] {dag.py:3820} INFO - Setting next_dagrun for example_weekday_branch_operator to 2023-12-24T00:00:00+00:00, run_after=2023-12-25T00:00:00+00:00
[2023-12-25T06:30:52.034-0300] {processor.py:183} INFO - Processing /home/felipe/.local/lib/python3.10/site-packages/airflow/example_dags/example_branch_day_of_week_operator.py took 0.278 seconds
[2023-12-25T06:31:46.510-0300] {processor.py:161} INFO - Started process (PID=12999) to work on /home/felipe/.local/lib/python3.10/site-packages/airflow/example_dags/example_branch_day_of_week_operator.py
[2023-12-25T06:31:46.512-0300] {processor.py:830} INFO - Processing file /home/felipe/.local/lib/python3.10/site-packages/airflow/example_dags/example_branch_day_of_week_operator.py for tasks to queue
[2023-12-25T06:31:46.514-0300] {logging_mixin.py:188} INFO - [2023-12-25T06:31:46.513-0300] {dagbag.py:538} INFO - Filling up the DagBag from /home/felipe/.local/lib/python3.10/site-packages/airflow/example_dags/example_branch_day_of_week_operator.py
[2023-12-25T06:31:46.534-0300] {processor.py:840} INFO - DAG(s) 'example_weekday_branch_operator' retrieved from /home/felipe/.local/lib/python3.10/site-packages/airflow/example_dags/example_branch_day_of_week_operator.py
[2023-12-25T06:31:46.566-0300] {logging_mixin.py:188} INFO - [2023-12-25T06:31:46.566-0300] {dag.py:3033} INFO - Sync 1 DAGs
[2023-12-25T06:31:46.614-0300] {logging_mixin.py:188} INFO - [2023-12-25T06:31:46.613-0300] {dag.py:3820} INFO - Setting next_dagrun for example_weekday_branch_operator to 2023-12-24T00:00:00+00:00, run_after=2023-12-25T00:00:00+00:00
[2023-12-25T06:31:46.661-0300] {processor.py:183} INFO - Processing /home/felipe/.local/lib/python3.10/site-packages/airflow/example_dags/example_branch_day_of_week_operator.py took 0.158 seconds
[2023-12-25T06:32:41.714-0300] {processor.py:161} INFO - Started process (PID=13048) to work on /home/felipe/.local/lib/python3.10/site-packages/airflow/example_dags/example_branch_day_of_week_operator.py
[2023-12-25T06:32:41.719-0300] {processor.py:830} INFO - Processing file /home/felipe/.local/lib/python3.10/site-packages/airflow/example_dags/example_branch_day_of_week_operator.py for tasks to queue
[2023-12-25T06:32:41.721-0300] {logging_mixin.py:188} INFO - [2023-12-25T06:32:41.721-0300] {dagbag.py:538} INFO - Filling up the DagBag from /home/felipe/.local/lib/python3.10/site-packages/airflow/example_dags/example_branch_day_of_week_operator.py
[2023-12-25T06:32:41.742-0300] {processor.py:840} INFO - DAG(s) 'example_weekday_branch_operator' retrieved from /home/felipe/.local/lib/python3.10/site-packages/airflow/example_dags/example_branch_day_of_week_operator.py
[2023-12-25T06:32:41.773-0300] {logging_mixin.py:188} INFO - [2023-12-25T06:32:41.773-0300] {dag.py:3033} INFO - Sync 1 DAGs
[2023-12-25T06:32:41.818-0300] {logging_mixin.py:188} INFO - [2023-12-25T06:32:41.817-0300] {dag.py:3820} INFO - Setting next_dagrun for example_weekday_branch_operator to 2023-12-24T00:00:00+00:00, run_after=2023-12-25T00:00:00+00:00
[2023-12-25T06:32:41.863-0300] {processor.py:183} INFO - Processing /home/felipe/.local/lib/python3.10/site-packages/airflow/example_dags/example_branch_day_of_week_operator.py took 0.153 seconds
[2023-12-25T06:33:29.984-0300] {processor.py:161} INFO - Started process (PID=13092) to work on /home/felipe/.local/lib/python3.10/site-packages/airflow/example_dags/example_branch_day_of_week_operator.py
[2023-12-25T06:33:29.986-0300] {processor.py:830} INFO - Processing file /home/felipe/.local/lib/python3.10/site-packages/airflow/example_dags/example_branch_day_of_week_operator.py for tasks to queue
[2023-12-25T06:33:29.988-0300] {logging_mixin.py:188} INFO - [2023-12-25T06:33:29.987-0300] {dagbag.py:538} INFO - Filling up the DagBag from /home/felipe/.local/lib/python3.10/site-packages/airflow/example_dags/example_branch_day_of_week_operator.py
[2023-12-25T06:33:30.000-0300] {processor.py:840} INFO - DAG(s) 'example_weekday_branch_operator' retrieved from /home/felipe/.local/lib/python3.10/site-packages/airflow/example_dags/example_branch_day_of_week_operator.py
[2023-12-25T06:33:30.030-0300] {logging_mixin.py:188} INFO - [2023-12-25T06:33:30.029-0300] {dag.py:3033} INFO - Sync 1 DAGs
[2023-12-25T06:33:30.069-0300] {logging_mixin.py:188} INFO - [2023-12-25T06:33:30.068-0300] {dag.py:3820} INFO - Setting next_dagrun for example_weekday_branch_operator to 2023-12-24T00:00:00+00:00, run_after=2023-12-25T00:00:00+00:00
[2023-12-25T06:33:30.119-0300] {processor.py:183} INFO - Processing /home/felipe/.local/lib/python3.10/site-packages/airflow/example_dags/example_branch_day_of_week_operator.py took 0.140 seconds
[2023-12-25T06:34:22.197-0300] {processor.py:161} INFO - Started process (PID=13139) to work on /home/felipe/.local/lib/python3.10/site-packages/airflow/example_dags/example_branch_day_of_week_operator.py
[2023-12-25T06:34:22.199-0300] {processor.py:830} INFO - Processing file /home/felipe/.local/lib/python3.10/site-packages/airflow/example_dags/example_branch_day_of_week_operator.py for tasks to queue
[2023-12-25T06:34:22.201-0300] {logging_mixin.py:188} INFO - [2023-12-25T06:34:22.200-0300] {dagbag.py:538} INFO - Filling up the DagBag from /home/felipe/.local/lib/python3.10/site-packages/airflow/example_dags/example_branch_day_of_week_operator.py
[2023-12-25T06:34:22.214-0300] {processor.py:840} INFO - DAG(s) 'example_weekday_branch_operator' retrieved from /home/felipe/.local/lib/python3.10/site-packages/airflow/example_dags/example_branch_day_of_week_operator.py
[2023-12-25T06:34:22.242-0300] {logging_mixin.py:188} INFO - [2023-12-25T06:34:22.241-0300] {dag.py:3033} INFO - Sync 1 DAGs
[2023-12-25T06:34:22.283-0300] {logging_mixin.py:188} INFO - [2023-12-25T06:34:22.283-0300] {dag.py:3820} INFO - Setting next_dagrun for example_weekday_branch_operator to 2023-12-24T00:00:00+00:00, run_after=2023-12-25T00:00:00+00:00
[2023-12-25T06:34:22.328-0300] {processor.py:183} INFO - Processing /home/felipe/.local/lib/python3.10/site-packages/airflow/example_dags/example_branch_day_of_week_operator.py took 0.135 seconds
[2023-12-25T06:35:14.337-0300] {processor.py:161} INFO - Started process (PID=13221) to work on /home/felipe/.local/lib/python3.10/site-packages/airflow/example_dags/example_branch_day_of_week_operator.py
[2023-12-25T06:35:14.340-0300] {processor.py:830} INFO - Processing file /home/felipe/.local/lib/python3.10/site-packages/airflow/example_dags/example_branch_day_of_week_operator.py for tasks to queue
[2023-12-25T06:35:14.342-0300] {logging_mixin.py:188} INFO - [2023-12-25T06:35:14.342-0300] {dagbag.py:538} INFO - Filling up the DagBag from /home/felipe/.local/lib/python3.10/site-packages/airflow/example_dags/example_branch_day_of_week_operator.py
[2023-12-25T06:35:14.358-0300] {processor.py:840} INFO - DAG(s) 'example_weekday_branch_operator' retrieved from /home/felipe/.local/lib/python3.10/site-packages/airflow/example_dags/example_branch_day_of_week_operator.py
[2023-12-25T06:35:14.397-0300] {logging_mixin.py:188} INFO - [2023-12-25T06:35:14.396-0300] {dag.py:3033} INFO - Sync 1 DAGs
[2023-12-25T06:35:14.455-0300] {logging_mixin.py:188} INFO - [2023-12-25T06:35:14.454-0300] {dag.py:3820} INFO - Setting next_dagrun for example_weekday_branch_operator to 2023-12-24T00:00:00+00:00, run_after=2023-12-25T00:00:00+00:00
[2023-12-25T06:35:14.524-0300] {processor.py:183} INFO - Processing /home/felipe/.local/lib/python3.10/site-packages/airflow/example_dags/example_branch_day_of_week_operator.py took 0.193 seconds
[2023-12-25T06:36:10.582-0300] {processor.py:161} INFO - Started process (PID=13272) to work on /home/felipe/.local/lib/python3.10/site-packages/airflow/example_dags/example_branch_day_of_week_operator.py
[2023-12-25T06:36:10.585-0300] {processor.py:830} INFO - Processing file /home/felipe/.local/lib/python3.10/site-packages/airflow/example_dags/example_branch_day_of_week_operator.py for tasks to queue
[2023-12-25T06:36:10.586-0300] {logging_mixin.py:188} INFO - [2023-12-25T06:36:10.586-0300] {dagbag.py:538} INFO - Filling up the DagBag from /home/felipe/.local/lib/python3.10/site-packages/airflow/example_dags/example_branch_day_of_week_operator.py
[2023-12-25T06:36:10.599-0300] {processor.py:840} INFO - DAG(s) 'example_weekday_branch_operator' retrieved from /home/felipe/.local/lib/python3.10/site-packages/airflow/example_dags/example_branch_day_of_week_operator.py
[2023-12-25T06:36:10.630-0300] {logging_mixin.py:188} INFO - [2023-12-25T06:36:10.630-0300] {dag.py:3033} INFO - Sync 1 DAGs
[2023-12-25T06:36:10.674-0300] {logging_mixin.py:188} INFO - [2023-12-25T06:36:10.673-0300] {dag.py:3820} INFO - Setting next_dagrun for example_weekday_branch_operator to 2023-12-24T00:00:00+00:00, run_after=2023-12-25T00:00:00+00:00
[2023-12-25T06:36:10.727-0300] {processor.py:183} INFO - Processing /home/felipe/.local/lib/python3.10/site-packages/airflow/example_dags/example_branch_day_of_week_operator.py took 0.150 seconds
[2023-12-25T06:37:08.594-0300] {processor.py:161} INFO - Started process (PID=13324) to work on /home/felipe/.local/lib/python3.10/site-packages/airflow/example_dags/example_branch_day_of_week_operator.py
[2023-12-25T06:37:08.597-0300] {processor.py:830} INFO - Processing file /home/felipe/.local/lib/python3.10/site-packages/airflow/example_dags/example_branch_day_of_week_operator.py for tasks to queue
[2023-12-25T06:37:08.599-0300] {logging_mixin.py:188} INFO - [2023-12-25T06:37:08.598-0300] {dagbag.py:538} INFO - Filling up the DagBag from /home/felipe/.local/lib/python3.10/site-packages/airflow/example_dags/example_branch_day_of_week_operator.py
[2023-12-25T06:37:08.636-0300] {processor.py:840} INFO - DAG(s) 'example_weekday_branch_operator' retrieved from /home/felipe/.local/lib/python3.10/site-packages/airflow/example_dags/example_branch_day_of_week_operator.py
[2023-12-25T06:37:08.688-0300] {logging_mixin.py:188} INFO - [2023-12-25T06:37:08.687-0300] {dag.py:3033} INFO - Sync 1 DAGs
[2023-12-25T06:37:08.743-0300] {logging_mixin.py:188} INFO - [2023-12-25T06:37:08.742-0300] {dag.py:3820} INFO - Setting next_dagrun for example_weekday_branch_operator to 2023-12-24T00:00:00+00:00, run_after=2023-12-25T00:00:00+00:00
[2023-12-25T06:37:08.793-0300] {processor.py:183} INFO - Processing /home/felipe/.local/lib/python3.10/site-packages/airflow/example_dags/example_branch_day_of_week_operator.py took 0.203 seconds
[2023-12-25T06:38:10.787-0300] {processor.py:161} INFO - Started process (PID=13377) to work on /home/felipe/.local/lib/python3.10/site-packages/airflow/example_dags/example_branch_day_of_week_operator.py
[2023-12-25T06:38:10.789-0300] {processor.py:830} INFO - Processing file /home/felipe/.local/lib/python3.10/site-packages/airflow/example_dags/example_branch_day_of_week_operator.py for tasks to queue
[2023-12-25T06:38:10.792-0300] {logging_mixin.py:188} INFO - [2023-12-25T06:38:10.791-0300] {dagbag.py:538} INFO - Filling up the DagBag from /home/felipe/.local/lib/python3.10/site-packages/airflow/example_dags/example_branch_day_of_week_operator.py
[2023-12-25T06:38:10.808-0300] {processor.py:840} INFO - DAG(s) 'example_weekday_branch_operator' retrieved from /home/felipe/.local/lib/python3.10/site-packages/airflow/example_dags/example_branch_day_of_week_operator.py
[2023-12-25T06:38:10.839-0300] {logging_mixin.py:188} INFO - [2023-12-25T06:38:10.839-0300] {dag.py:3033} INFO - Sync 1 DAGs
[2023-12-25T06:38:10.883-0300] {logging_mixin.py:188} INFO - [2023-12-25T06:38:10.883-0300] {dag.py:3820} INFO - Setting next_dagrun for example_weekday_branch_operator to 2023-12-24T00:00:00+00:00, run_after=2023-12-25T00:00:00+00:00
[2023-12-25T06:38:10.932-0300] {processor.py:183} INFO - Processing /home/felipe/.local/lib/python3.10/site-packages/airflow/example_dags/example_branch_day_of_week_operator.py took 0.150 seconds
