[2023-12-25T06:23:03.256-0300] {processor.py:161} INFO - Started process (PID=12441) to work on /home/felipe/.local/lib/python3.10/site-packages/airflow/example_dags/example_complex.py
[2023-12-25T06:23:03.258-0300] {processor.py:830} INFO - Processing file /home/felipe/.local/lib/python3.10/site-packages/airflow/example_dags/example_complex.py for tasks to queue
[2023-12-25T06:23:03.259-0300] {logging_mixin.py:188} INFO - [2023-12-25T06:23:03.259-0300] {dagbag.py:538} INFO - Filling up the DagBag from /home/felipe/.local/lib/python3.10/site-packages/airflow/example_dags/example_complex.py
[2023-12-25T06:23:03.280-0300] {processor.py:840} INFO - DAG(s) 'example_complex' retrieved from /home/felipe/.local/lib/python3.10/site-packages/airflow/example_dags/example_complex.py
[2023-12-25T06:23:03.335-0300] {logging_mixin.py:188} INFO - [2023-12-25T06:23:03.335-0300] {dag.py:3033} INFO - Sync 1 DAGs
[2023-12-25T06:23:03.370-0300] {logging_mixin.py:188} INFO - [2023-12-25T06:23:03.369-0300] {dag.py:3820} INFO - Setting next_dagrun for example_complex to None, run_after=None
[2023-12-25T06:23:03.433-0300] {processor.py:183} INFO - Processing /home/felipe/.local/lib/python3.10/site-packages/airflow/example_dags/example_complex.py took 0.181 seconds
[2023-12-25T06:24:02.368-0300] {processor.py:161} INFO - Started process (PID=12494) to work on /home/felipe/.local/lib/python3.10/site-packages/airflow/example_dags/example_complex.py
[2023-12-25T06:24:02.371-0300] {processor.py:830} INFO - Processing file /home/felipe/.local/lib/python3.10/site-packages/airflow/example_dags/example_complex.py for tasks to queue
[2023-12-25T06:24:02.375-0300] {logging_mixin.py:188} INFO - [2023-12-25T06:24:02.374-0300] {dagbag.py:538} INFO - Filling up the DagBag from /home/felipe/.local/lib/python3.10/site-packages/airflow/example_dags/example_complex.py
[2023-12-25T06:24:02.404-0300] {processor.py:840} INFO - DAG(s) 'example_complex' retrieved from /home/felipe/.local/lib/python3.10/site-packages/airflow/example_dags/example_complex.py
[2023-12-25T06:24:02.479-0300] {logging_mixin.py:188} INFO - [2023-12-25T06:24:02.478-0300] {dag.py:3033} INFO - Sync 1 DAGs
[2023-12-25T06:24:02.501-0300] {logging_mixin.py:188} INFO - [2023-12-25T06:24:02.500-0300] {dag.py:3820} INFO - Setting next_dagrun for example_complex to None, run_after=None
[2023-12-25T06:24:02.570-0300] {processor.py:183} INFO - Processing /home/felipe/.local/lib/python3.10/site-packages/airflow/example_dags/example_complex.py took 0.210 seconds
[2023-12-25T06:24:57.324-0300] {processor.py:161} INFO - Started process (PID=12548) to work on /home/felipe/.local/lib/python3.10/site-packages/airflow/example_dags/example_complex.py
[2023-12-25T06:24:57.328-0300] {processor.py:830} INFO - Processing file /home/felipe/.local/lib/python3.10/site-packages/airflow/example_dags/example_complex.py for tasks to queue
[2023-12-25T06:24:57.331-0300] {logging_mixin.py:188} INFO - [2023-12-25T06:24:57.330-0300] {dagbag.py:538} INFO - Filling up the DagBag from /home/felipe/.local/lib/python3.10/site-packages/airflow/example_dags/example_complex.py
[2023-12-25T06:24:57.369-0300] {processor.py:840} INFO - DAG(s) 'example_complex' retrieved from /home/felipe/.local/lib/python3.10/site-packages/airflow/example_dags/example_complex.py
[2023-12-25T06:24:57.425-0300] {logging_mixin.py:188} INFO - [2023-12-25T06:24:57.425-0300] {dag.py:3033} INFO - Sync 1 DAGs
[2023-12-25T06:24:57.449-0300] {logging_mixin.py:188} INFO - [2023-12-25T06:24:57.449-0300] {dag.py:3820} INFO - Setting next_dagrun for example_complex to None, run_after=None
[2023-12-25T06:24:57.494-0300] {processor.py:183} INFO - Processing /home/felipe/.local/lib/python3.10/site-packages/airflow/example_dags/example_complex.py took 0.181 seconds
[2023-12-25T06:25:48.397-0300] {processor.py:161} INFO - Started process (PID=12627) to work on /home/felipe/.local/lib/python3.10/site-packages/airflow/example_dags/example_complex.py
[2023-12-25T06:25:48.400-0300] {processor.py:830} INFO - Processing file /home/felipe/.local/lib/python3.10/site-packages/airflow/example_dags/example_complex.py for tasks to queue
[2023-12-25T06:25:48.402-0300] {logging_mixin.py:188} INFO - [2023-12-25T06:25:48.401-0300] {dagbag.py:538} INFO - Filling up the DagBag from /home/felipe/.local/lib/python3.10/site-packages/airflow/example_dags/example_complex.py
[2023-12-25T06:25:48.421-0300] {processor.py:840} INFO - DAG(s) 'example_complex' retrieved from /home/felipe/.local/lib/python3.10/site-packages/airflow/example_dags/example_complex.py
[2023-12-25T06:25:48.468-0300] {logging_mixin.py:188} INFO - [2023-12-25T06:25:48.467-0300] {dag.py:3033} INFO - Sync 1 DAGs
[2023-12-25T06:25:48.525-0300] {logging_mixin.py:188} INFO - [2023-12-25T06:25:48.524-0300] {dag.py:3820} INFO - Setting next_dagrun for example_complex to None, run_after=None
[2023-12-25T06:25:48.702-0300] {processor.py:183} INFO - Processing /home/felipe/.local/lib/python3.10/site-packages/airflow/example_dags/example_complex.py took 0.309 seconds
[2023-12-25T06:26:42.186-0300] {processor.py:161} INFO - Started process (PID=12684) to work on /home/felipe/.local/lib/python3.10/site-packages/airflow/example_dags/example_complex.py
[2023-12-25T06:26:42.189-0300] {processor.py:830} INFO - Processing file /home/felipe/.local/lib/python3.10/site-packages/airflow/example_dags/example_complex.py for tasks to queue
[2023-12-25T06:26:42.192-0300] {logging_mixin.py:188} INFO - [2023-12-25T06:26:42.191-0300] {dagbag.py:538} INFO - Filling up the DagBag from /home/felipe/.local/lib/python3.10/site-packages/airflow/example_dags/example_complex.py
[2023-12-25T06:26:42.214-0300] {processor.py:840} INFO - DAG(s) 'example_complex' retrieved from /home/felipe/.local/lib/python3.10/site-packages/airflow/example_dags/example_complex.py
[2023-12-25T06:26:42.266-0300] {logging_mixin.py:188} INFO - [2023-12-25T06:26:42.266-0300] {dag.py:3033} INFO - Sync 1 DAGs
[2023-12-25T06:26:42.340-0300] {logging_mixin.py:188} INFO - [2023-12-25T06:26:42.339-0300] {dag.py:3820} INFO - Setting next_dagrun for example_complex to None, run_after=None
[2023-12-25T06:26:42.467-0300] {processor.py:183} INFO - Processing /home/felipe/.local/lib/python3.10/site-packages/airflow/example_dags/example_complex.py took 0.288 seconds
[2023-12-25T06:27:55.743-0300] {processor.py:161} INFO - Started process (PID=12754) to work on /home/felipe/.local/lib/python3.10/site-packages/airflow/example_dags/example_complex.py
[2023-12-25T06:27:55.746-0300] {processor.py:830} INFO - Processing file /home/felipe/.local/lib/python3.10/site-packages/airflow/example_dags/example_complex.py for tasks to queue
[2023-12-25T06:27:55.749-0300] {logging_mixin.py:188} INFO - [2023-12-25T06:27:55.748-0300] {dagbag.py:538} INFO - Filling up the DagBag from /home/felipe/.local/lib/python3.10/site-packages/airflow/example_dags/example_complex.py
[2023-12-25T06:27:55.770-0300] {processor.py:840} INFO - DAG(s) 'example_complex' retrieved from /home/felipe/.local/lib/python3.10/site-packages/airflow/example_dags/example_complex.py
[2023-12-25T06:27:55.823-0300] {logging_mixin.py:188} INFO - [2023-12-25T06:27:55.823-0300] {dag.py:3033} INFO - Sync 1 DAGs
[2023-12-25T06:27:55.852-0300] {logging_mixin.py:188} INFO - [2023-12-25T06:27:55.851-0300] {dag.py:3820} INFO - Setting next_dagrun for example_complex to None, run_after=None
[2023-12-25T06:27:55.899-0300] {processor.py:183} INFO - Processing /home/felipe/.local/lib/python3.10/site-packages/airflow/example_dags/example_complex.py took 0.160 seconds
[2023-12-25T06:28:48.498-0300] {processor.py:161} INFO - Started process (PID=12802) to work on /home/felipe/.local/lib/python3.10/site-packages/airflow/example_dags/example_complex.py
[2023-12-25T06:28:48.500-0300] {processor.py:830} INFO - Processing file /home/felipe/.local/lib/python3.10/site-packages/airflow/example_dags/example_complex.py for tasks to queue
[2023-12-25T06:28:48.501-0300] {logging_mixin.py:188} INFO - [2023-12-25T06:28:48.501-0300] {dagbag.py:538} INFO - Filling up the DagBag from /home/felipe/.local/lib/python3.10/site-packages/airflow/example_dags/example_complex.py
[2023-12-25T06:28:48.521-0300] {processor.py:840} INFO - DAG(s) 'example_complex' retrieved from /home/felipe/.local/lib/python3.10/site-packages/airflow/example_dags/example_complex.py
[2023-12-25T06:28:48.568-0300] {logging_mixin.py:188} INFO - [2023-12-25T06:28:48.568-0300] {dag.py:3033} INFO - Sync 1 DAGs
[2023-12-25T06:28:48.599-0300] {logging_mixin.py:188} INFO - [2023-12-25T06:28:48.599-0300] {dag.py:3820} INFO - Setting next_dagrun for example_complex to None, run_after=None
[2023-12-25T06:28:48.670-0300] {processor.py:183} INFO - Processing /home/felipe/.local/lib/python3.10/site-packages/airflow/example_dags/example_complex.py took 0.177 seconds
[2023-12-25T06:29:40.832-0300] {processor.py:161} INFO - Started process (PID=12848) to work on /home/felipe/.local/lib/python3.10/site-packages/airflow/example_dags/example_complex.py
[2023-12-25T06:29:40.834-0300] {processor.py:830} INFO - Processing file /home/felipe/.local/lib/python3.10/site-packages/airflow/example_dags/example_complex.py for tasks to queue
[2023-12-25T06:29:40.836-0300] {logging_mixin.py:188} INFO - [2023-12-25T06:29:40.835-0300] {dagbag.py:538} INFO - Filling up the DagBag from /home/felipe/.local/lib/python3.10/site-packages/airflow/example_dags/example_complex.py
[2023-12-25T06:29:40.858-0300] {processor.py:840} INFO - DAG(s) 'example_complex' retrieved from /home/felipe/.local/lib/python3.10/site-packages/airflow/example_dags/example_complex.py
[2023-12-25T06:29:40.913-0300] {logging_mixin.py:188} INFO - [2023-12-25T06:29:40.912-0300] {dag.py:3033} INFO - Sync 1 DAGs
[2023-12-25T06:29:40.947-0300] {logging_mixin.py:188} INFO - [2023-12-25T06:29:40.947-0300] {dag.py:3820} INFO - Setting next_dagrun for example_complex to None, run_after=None
[2023-12-25T06:29:40.998-0300] {processor.py:183} INFO - Processing /home/felipe/.local/lib/python3.10/site-packages/airflow/example_dags/example_complex.py took 0.171 seconds
[2023-12-25T06:30:32.071-0300] {processor.py:161} INFO - Started process (PID=12933) to work on /home/felipe/.local/lib/python3.10/site-packages/airflow/example_dags/example_complex.py
[2023-12-25T06:30:32.074-0300] {processor.py:830} INFO - Processing file /home/felipe/.local/lib/python3.10/site-packages/airflow/example_dags/example_complex.py for tasks to queue
[2023-12-25T06:30:32.075-0300] {logging_mixin.py:188} INFO - [2023-12-25T06:30:32.075-0300] {dagbag.py:538} INFO - Filling up the DagBag from /home/felipe/.local/lib/python3.10/site-packages/airflow/example_dags/example_complex.py
[2023-12-25T06:30:32.094-0300] {processor.py:840} INFO - DAG(s) 'example_complex' retrieved from /home/felipe/.local/lib/python3.10/site-packages/airflow/example_dags/example_complex.py
[2023-12-25T06:30:32.147-0300] {logging_mixin.py:188} INFO - [2023-12-25T06:30:32.146-0300] {dag.py:3033} INFO - Sync 1 DAGs
[2023-12-25T06:30:32.178-0300] {logging_mixin.py:188} INFO - [2023-12-25T06:30:32.178-0300] {dag.py:3820} INFO - Setting next_dagrun for example_complex to None, run_after=None
[2023-12-25T06:30:32.222-0300] {processor.py:183} INFO - Processing /home/felipe/.local/lib/python3.10/site-packages/airflow/example_dags/example_complex.py took 0.155 seconds
[2023-12-25T06:31:23.674-0300] {processor.py:161} INFO - Started process (PID=12978) to work on /home/felipe/.local/lib/python3.10/site-packages/airflow/example_dags/example_complex.py
[2023-12-25T06:31:23.676-0300] {processor.py:830} INFO - Processing file /home/felipe/.local/lib/python3.10/site-packages/airflow/example_dags/example_complex.py for tasks to queue
[2023-12-25T06:31:23.678-0300] {logging_mixin.py:188} INFO - [2023-12-25T06:31:23.677-0300] {dagbag.py:538} INFO - Filling up the DagBag from /home/felipe/.local/lib/python3.10/site-packages/airflow/example_dags/example_complex.py
[2023-12-25T06:31:23.699-0300] {processor.py:840} INFO - DAG(s) 'example_complex' retrieved from /home/felipe/.local/lib/python3.10/site-packages/airflow/example_dags/example_complex.py
[2023-12-25T06:31:23.755-0300] {logging_mixin.py:188} INFO - [2023-12-25T06:31:23.754-0300] {dag.py:3033} INFO - Sync 1 DAGs
[2023-12-25T06:31:23.781-0300] {logging_mixin.py:188} INFO - [2023-12-25T06:31:23.781-0300] {dag.py:3820} INFO - Setting next_dagrun for example_complex to None, run_after=None
[2023-12-25T06:31:23.833-0300] {processor.py:183} INFO - Processing /home/felipe/.local/lib/python3.10/site-packages/airflow/example_dags/example_complex.py took 0.164 seconds
[2023-12-25T06:32:21.262-0300] {processor.py:161} INFO - Started process (PID=13029) to work on /home/felipe/.local/lib/python3.10/site-packages/airflow/example_dags/example_complex.py
[2023-12-25T06:32:21.264-0300] {processor.py:830} INFO - Processing file /home/felipe/.local/lib/python3.10/site-packages/airflow/example_dags/example_complex.py for tasks to queue
[2023-12-25T06:32:21.266-0300] {logging_mixin.py:188} INFO - [2023-12-25T06:32:21.265-0300] {dagbag.py:538} INFO - Filling up the DagBag from /home/felipe/.local/lib/python3.10/site-packages/airflow/example_dags/example_complex.py
[2023-12-25T06:32:21.291-0300] {processor.py:840} INFO - DAG(s) 'example_complex' retrieved from /home/felipe/.local/lib/python3.10/site-packages/airflow/example_dags/example_complex.py
[2023-12-25T06:32:21.338-0300] {logging_mixin.py:188} INFO - [2023-12-25T06:32:21.338-0300] {dag.py:3033} INFO - Sync 1 DAGs
[2023-12-25T06:32:21.369-0300] {logging_mixin.py:188} INFO - [2023-12-25T06:32:21.369-0300] {dag.py:3820} INFO - Setting next_dagrun for example_complex to None, run_after=None
[2023-12-25T06:32:21.417-0300] {processor.py:183} INFO - Processing /home/felipe/.local/lib/python3.10/site-packages/airflow/example_dags/example_complex.py took 0.159 seconds
[2023-12-25T06:33:10.460-0300] {processor.py:161} INFO - Started process (PID=13075) to work on /home/felipe/.local/lib/python3.10/site-packages/airflow/example_dags/example_complex.py
[2023-12-25T06:33:10.463-0300] {processor.py:830} INFO - Processing file /home/felipe/.local/lib/python3.10/site-packages/airflow/example_dags/example_complex.py for tasks to queue
[2023-12-25T06:33:10.464-0300] {logging_mixin.py:188} INFO - [2023-12-25T06:33:10.464-0300] {dagbag.py:538} INFO - Filling up the DagBag from /home/felipe/.local/lib/python3.10/site-packages/airflow/example_dags/example_complex.py
[2023-12-25T06:33:10.484-0300] {processor.py:840} INFO - DAG(s) 'example_complex' retrieved from /home/felipe/.local/lib/python3.10/site-packages/airflow/example_dags/example_complex.py
[2023-12-25T06:33:10.535-0300] {logging_mixin.py:188} INFO - [2023-12-25T06:33:10.534-0300] {dag.py:3033} INFO - Sync 1 DAGs
[2023-12-25T06:33:10.567-0300] {logging_mixin.py:188} INFO - [2023-12-25T06:33:10.567-0300] {dag.py:3820} INFO - Setting next_dagrun for example_complex to None, run_after=None
[2023-12-25T06:33:10.614-0300] {processor.py:183} INFO - Processing /home/felipe/.local/lib/python3.10/site-packages/airflow/example_dags/example_complex.py took 0.158 seconds
[2023-12-25T06:34:25.825-0300] {processor.py:161} INFO - Started process (PID=13142) to work on /home/felipe/.local/lib/python3.10/site-packages/airflow/example_dags/example_complex.py
[2023-12-25T06:34:25.828-0300] {processor.py:830} INFO - Processing file /home/felipe/.local/lib/python3.10/site-packages/airflow/example_dags/example_complex.py for tasks to queue
[2023-12-25T06:34:25.830-0300] {logging_mixin.py:188} INFO - [2023-12-25T06:34:25.829-0300] {dagbag.py:538} INFO - Filling up the DagBag from /home/felipe/.local/lib/python3.10/site-packages/airflow/example_dags/example_complex.py
[2023-12-25T06:34:25.850-0300] {processor.py:840} INFO - DAG(s) 'example_complex' retrieved from /home/felipe/.local/lib/python3.10/site-packages/airflow/example_dags/example_complex.py
[2023-12-25T06:34:25.896-0300] {logging_mixin.py:188} INFO - [2023-12-25T06:34:25.896-0300] {dag.py:3033} INFO - Sync 1 DAGs
[2023-12-25T06:34:25.926-0300] {logging_mixin.py:188} INFO - [2023-12-25T06:34:25.925-0300] {dag.py:3820} INFO - Setting next_dagrun for example_complex to None, run_after=None
[2023-12-25T06:34:25.971-0300] {processor.py:183} INFO - Processing /home/felipe/.local/lib/python3.10/site-packages/airflow/example_dags/example_complex.py took 0.150 seconds
[2023-12-25T06:35:18.410-0300] {processor.py:161} INFO - Started process (PID=13224) to work on /home/felipe/.local/lib/python3.10/site-packages/airflow/example_dags/example_complex.py
[2023-12-25T06:35:18.412-0300] {processor.py:830} INFO - Processing file /home/felipe/.local/lib/python3.10/site-packages/airflow/example_dags/example_complex.py for tasks to queue
[2023-12-25T06:35:18.415-0300] {logging_mixin.py:188} INFO - [2023-12-25T06:35:18.414-0300] {dagbag.py:538} INFO - Filling up the DagBag from /home/felipe/.local/lib/python3.10/site-packages/airflow/example_dags/example_complex.py
[2023-12-25T06:35:18.437-0300] {processor.py:840} INFO - DAG(s) 'example_complex' retrieved from /home/felipe/.local/lib/python3.10/site-packages/airflow/example_dags/example_complex.py
[2023-12-25T06:35:18.489-0300] {logging_mixin.py:188} INFO - [2023-12-25T06:35:18.489-0300] {dag.py:3033} INFO - Sync 1 DAGs
[2023-12-25T06:35:18.524-0300] {logging_mixin.py:188} INFO - [2023-12-25T06:35:18.523-0300] {dag.py:3820} INFO - Setting next_dagrun for example_complex to None, run_after=None
[2023-12-25T06:35:18.607-0300] {processor.py:183} INFO - Processing /home/felipe/.local/lib/python3.10/site-packages/airflow/example_dags/example_complex.py took 0.202 seconds
[2023-12-25T06:36:13.218-0300] {processor.py:161} INFO - Started process (PID=13275) to work on /home/felipe/.local/lib/python3.10/site-packages/airflow/example_dags/example_complex.py
[2023-12-25T06:36:13.220-0300] {processor.py:830} INFO - Processing file /home/felipe/.local/lib/python3.10/site-packages/airflow/example_dags/example_complex.py for tasks to queue
[2023-12-25T06:36:13.222-0300] {logging_mixin.py:188} INFO - [2023-12-25T06:36:13.221-0300] {dagbag.py:538} INFO - Filling up the DagBag from /home/felipe/.local/lib/python3.10/site-packages/airflow/example_dags/example_complex.py
[2023-12-25T06:36:13.247-0300] {processor.py:840} INFO - DAG(s) 'example_complex' retrieved from /home/felipe/.local/lib/python3.10/site-packages/airflow/example_dags/example_complex.py
[2023-12-25T06:36:13.318-0300] {logging_mixin.py:188} INFO - [2023-12-25T06:36:13.317-0300] {dag.py:3033} INFO - Sync 1 DAGs
[2023-12-25T06:36:13.347-0300] {logging_mixin.py:188} INFO - [2023-12-25T06:36:13.346-0300] {dag.py:3820} INFO - Setting next_dagrun for example_complex to None, run_after=None
[2023-12-25T06:36:13.399-0300] {processor.py:183} INFO - Processing /home/felipe/.local/lib/python3.10/site-packages/airflow/example_dags/example_complex.py took 0.187 seconds
[2023-12-25T06:37:12.167-0300] {processor.py:161} INFO - Started process (PID=13327) to work on /home/felipe/.local/lib/python3.10/site-packages/airflow/example_dags/example_complex.py
[2023-12-25T06:37:12.170-0300] {processor.py:830} INFO - Processing file /home/felipe/.local/lib/python3.10/site-packages/airflow/example_dags/example_complex.py for tasks to queue
[2023-12-25T06:37:12.172-0300] {logging_mixin.py:188} INFO - [2023-12-25T06:37:12.172-0300] {dagbag.py:538} INFO - Filling up the DagBag from /home/felipe/.local/lib/python3.10/site-packages/airflow/example_dags/example_complex.py
[2023-12-25T06:37:12.207-0300] {processor.py:840} INFO - DAG(s) 'example_complex' retrieved from /home/felipe/.local/lib/python3.10/site-packages/airflow/example_dags/example_complex.py
[2023-12-25T06:37:12.312-0300] {logging_mixin.py:188} INFO - [2023-12-25T06:37:12.311-0300] {dag.py:3033} INFO - Sync 1 DAGs
[2023-12-25T06:37:12.350-0300] {logging_mixin.py:188} INFO - [2023-12-25T06:37:12.350-0300] {dag.py:3820} INFO - Setting next_dagrun for example_complex to None, run_after=None
[2023-12-25T06:37:12.422-0300] {processor.py:183} INFO - Processing /home/felipe/.local/lib/python3.10/site-packages/airflow/example_dags/example_complex.py took 0.261 seconds
[2023-12-25T06:38:14.569-0300] {processor.py:161} INFO - Started process (PID=13380) to work on /home/felipe/.local/lib/python3.10/site-packages/airflow/example_dags/example_complex.py
[2023-12-25T06:38:14.572-0300] {processor.py:830} INFO - Processing file /home/felipe/.local/lib/python3.10/site-packages/airflow/example_dags/example_complex.py for tasks to queue
[2023-12-25T06:38:14.574-0300] {logging_mixin.py:188} INFO - [2023-12-25T06:38:14.573-0300] {dagbag.py:538} INFO - Filling up the DagBag from /home/felipe/.local/lib/python3.10/site-packages/airflow/example_dags/example_complex.py
[2023-12-25T06:38:14.595-0300] {processor.py:840} INFO - DAG(s) 'example_complex' retrieved from /home/felipe/.local/lib/python3.10/site-packages/airflow/example_dags/example_complex.py
[2023-12-25T06:38:14.658-0300] {logging_mixin.py:188} INFO - [2023-12-25T06:38:14.658-0300] {dag.py:3033} INFO - Sync 1 DAGs
[2023-12-25T06:38:14.683-0300] {logging_mixin.py:188} INFO - [2023-12-25T06:38:14.682-0300] {dag.py:3820} INFO - Setting next_dagrun for example_complex to None, run_after=None
[2023-12-25T06:38:14.743-0300] {processor.py:183} INFO - Processing /home/felipe/.local/lib/python3.10/site-packages/airflow/example_dags/example_complex.py took 0.179 seconds
