[2023-12-25T06:23:16.467-0300] {processor.py:161} INFO - Started process (PID=12452) to work on /home/felipe/.local/lib/python3.10/site-packages/airflow/example_dags/example_nested_branch_dag.py
[2023-12-25T06:23:16.468-0300] {processor.py:830} INFO - Processing file /home/felipe/.local/lib/python3.10/site-packages/airflow/example_dags/example_nested_branch_dag.py for tasks to queue
[2023-12-25T06:23:16.470-0300] {logging_mixin.py:188} INFO - [2023-12-25T06:23:16.470-0300] {dagbag.py:538} INFO - Filling up the DagBag from /home/felipe/.local/lib/python3.10/site-packages/airflow/example_dags/example_nested_branch_dag.py
[2023-12-25T06:23:16.495-0300] {processor.py:840} INFO - DAG(s) 'example_nested_branch_dag' retrieved from /home/felipe/.local/lib/python3.10/site-packages/airflow/example_dags/example_nested_branch_dag.py
[2023-12-25T06:23:16.534-0300] {logging_mixin.py:188} INFO - [2023-12-25T06:23:16.534-0300] {dag.py:3033} INFO - Sync 1 DAGs
[2023-12-25T06:23:16.595-0300] {logging_mixin.py:188} INFO - [2023-12-25T06:23:16.594-0300] {dag.py:3820} INFO - Setting next_dagrun for example_nested_branch_dag to 2023-12-24T00:00:00+00:00, run_after=2023-12-25T00:00:00+00:00
[2023-12-25T06:23:16.655-0300] {processor.py:183} INFO - Processing /home/felipe/.local/lib/python3.10/site-packages/airflow/example_dags/example_nested_branch_dag.py took 0.192 seconds
[2023-12-25T06:24:41.794-0300] {processor.py:161} INFO - Started process (PID=12529) to work on /home/felipe/.local/lib/python3.10/site-packages/airflow/example_dags/example_nested_branch_dag.py
[2023-12-25T06:24:41.797-0300] {processor.py:830} INFO - Processing file /home/felipe/.local/lib/python3.10/site-packages/airflow/example_dags/example_nested_branch_dag.py for tasks to queue
[2023-12-25T06:24:41.800-0300] {logging_mixin.py:188} INFO - [2023-12-25T06:24:41.799-0300] {dagbag.py:538} INFO - Filling up the DagBag from /home/felipe/.local/lib/python3.10/site-packages/airflow/example_dags/example_nested_branch_dag.py
[2023-12-25T06:24:41.826-0300] {processor.py:840} INFO - DAG(s) 'example_nested_branch_dag' retrieved from /home/felipe/.local/lib/python3.10/site-packages/airflow/example_dags/example_nested_branch_dag.py
[2023-12-25T06:24:41.861-0300] {logging_mixin.py:188} INFO - [2023-12-25T06:24:41.860-0300] {dag.py:3033} INFO - Sync 1 DAGs
[2023-12-25T06:24:41.904-0300] {logging_mixin.py:188} INFO - [2023-12-25T06:24:41.903-0300] {dag.py:3820} INFO - Setting next_dagrun for example_nested_branch_dag to 2023-12-24T00:00:00+00:00, run_after=2023-12-25T00:00:00+00:00
[2023-12-25T06:24:41.951-0300] {processor.py:183} INFO - Processing /home/felipe/.local/lib/python3.10/site-packages/airflow/example_dags/example_nested_branch_dag.py took 0.164 seconds
[2023-12-25T06:25:56.114-0300] {processor.py:161} INFO - Started process (PID=12633) to work on /home/felipe/.local/lib/python3.10/site-packages/airflow/example_dags/example_nested_branch_dag.py
[2023-12-25T06:25:56.116-0300] {processor.py:830} INFO - Processing file /home/felipe/.local/lib/python3.10/site-packages/airflow/example_dags/example_nested_branch_dag.py for tasks to queue
[2023-12-25T06:25:56.119-0300] {logging_mixin.py:188} INFO - [2023-12-25T06:25:56.118-0300] {dagbag.py:538} INFO - Filling up the DagBag from /home/felipe/.local/lib/python3.10/site-packages/airflow/example_dags/example_nested_branch_dag.py
[2023-12-25T06:25:56.135-0300] {processor.py:840} INFO - DAG(s) 'example_nested_branch_dag' retrieved from /home/felipe/.local/lib/python3.10/site-packages/airflow/example_dags/example_nested_branch_dag.py
[2023-12-25T06:25:56.165-0300] {logging_mixin.py:188} INFO - [2023-12-25T06:25:56.164-0300] {dag.py:3033} INFO - Sync 1 DAGs
[2023-12-25T06:25:56.221-0300] {logging_mixin.py:188} INFO - [2023-12-25T06:25:56.220-0300] {dag.py:3820} INFO - Setting next_dagrun for example_nested_branch_dag to 2023-12-24T00:00:00+00:00, run_after=2023-12-25T00:00:00+00:00
[2023-12-25T06:25:56.268-0300] {processor.py:183} INFO - Processing /home/felipe/.local/lib/python3.10/site-packages/airflow/example_dags/example_nested_branch_dag.py took 0.158 seconds
[2023-12-25T06:27:10.292-0300] {processor.py:161} INFO - Started process (PID=12709) to work on /home/felipe/.local/lib/python3.10/site-packages/airflow/example_dags/example_nested_branch_dag.py
[2023-12-25T06:27:10.295-0300] {processor.py:830} INFO - Processing file /home/felipe/.local/lib/python3.10/site-packages/airflow/example_dags/example_nested_branch_dag.py for tasks to queue
[2023-12-25T06:27:10.296-0300] {logging_mixin.py:188} INFO - [2023-12-25T06:27:10.296-0300] {dagbag.py:538} INFO - Filling up the DagBag from /home/felipe/.local/lib/python3.10/site-packages/airflow/example_dags/example_nested_branch_dag.py
[2023-12-25T06:27:10.313-0300] {processor.py:840} INFO - DAG(s) 'example_nested_branch_dag' retrieved from /home/felipe/.local/lib/python3.10/site-packages/airflow/example_dags/example_nested_branch_dag.py
[2023-12-25T06:27:10.343-0300] {logging_mixin.py:188} INFO - [2023-12-25T06:27:10.343-0300] {dag.py:3033} INFO - Sync 1 DAGs
[2023-12-25T06:27:10.396-0300] {logging_mixin.py:188} INFO - [2023-12-25T06:27:10.396-0300] {dag.py:3820} INFO - Setting next_dagrun for example_nested_branch_dag to 2023-12-24T00:00:00+00:00, run_after=2023-12-25T00:00:00+00:00
[2023-12-25T06:27:10.445-0300] {processor.py:183} INFO - Processing /home/felipe/.local/lib/python3.10/site-packages/airflow/example_dags/example_nested_branch_dag.py took 0.157 seconds
[2023-12-25T06:28:27.077-0300] {processor.py:161} INFO - Started process (PID=12783) to work on /home/felipe/.local/lib/python3.10/site-packages/airflow/example_dags/example_nested_branch_dag.py
[2023-12-25T06:28:27.080-0300] {processor.py:830} INFO - Processing file /home/felipe/.local/lib/python3.10/site-packages/airflow/example_dags/example_nested_branch_dag.py for tasks to queue
[2023-12-25T06:28:27.082-0300] {logging_mixin.py:188} INFO - [2023-12-25T06:28:27.081-0300] {dagbag.py:538} INFO - Filling up the DagBag from /home/felipe/.local/lib/python3.10/site-packages/airflow/example_dags/example_nested_branch_dag.py
[2023-12-25T06:28:27.121-0300] {processor.py:840} INFO - DAG(s) 'example_nested_branch_dag' retrieved from /home/felipe/.local/lib/python3.10/site-packages/airflow/example_dags/example_nested_branch_dag.py
[2023-12-25T06:28:27.161-0300] {logging_mixin.py:188} INFO - [2023-12-25T06:28:27.160-0300] {dag.py:3033} INFO - Sync 1 DAGs
[2023-12-25T06:28:27.217-0300] {logging_mixin.py:188} INFO - [2023-12-25T06:28:27.217-0300] {dag.py:3820} INFO - Setting next_dagrun for example_nested_branch_dag to 2023-12-24T00:00:00+00:00, run_after=2023-12-25T00:00:00+00:00
[2023-12-25T06:28:27.273-0300] {processor.py:183} INFO - Processing /home/felipe/.local/lib/python3.10/site-packages/airflow/example_dags/example_nested_branch_dag.py took 0.201 seconds
[2023-12-25T06:29:44.737-0300] {processor.py:161} INFO - Started process (PID=12852) to work on /home/felipe/.local/lib/python3.10/site-packages/airflow/example_dags/example_nested_branch_dag.py
[2023-12-25T06:29:44.743-0300] {processor.py:830} INFO - Processing file /home/felipe/.local/lib/python3.10/site-packages/airflow/example_dags/example_nested_branch_dag.py for tasks to queue
[2023-12-25T06:29:44.745-0300] {logging_mixin.py:188} INFO - [2023-12-25T06:29:44.744-0300] {dagbag.py:538} INFO - Filling up the DagBag from /home/felipe/.local/lib/python3.10/site-packages/airflow/example_dags/example_nested_branch_dag.py
[2023-12-25T06:29:44.764-0300] {processor.py:840} INFO - DAG(s) 'example_nested_branch_dag' retrieved from /home/felipe/.local/lib/python3.10/site-packages/airflow/example_dags/example_nested_branch_dag.py
[2023-12-25T06:29:44.797-0300] {logging_mixin.py:188} INFO - [2023-12-25T06:29:44.796-0300] {dag.py:3033} INFO - Sync 1 DAGs
[2023-12-25T06:29:44.855-0300] {logging_mixin.py:188} INFO - [2023-12-25T06:29:44.855-0300] {dag.py:3820} INFO - Setting next_dagrun for example_nested_branch_dag to 2023-12-24T00:00:00+00:00, run_after=2023-12-25T00:00:00+00:00
[2023-12-25T06:29:44.907-0300] {processor.py:183} INFO - Processing /home/felipe/.local/lib/python3.10/site-packages/airflow/example_dags/example_nested_branch_dag.py took 0.176 seconds
[2023-12-25T06:31:00.064-0300] {processor.py:161} INFO - Started process (PID=12959) to work on /home/felipe/.local/lib/python3.10/site-packages/airflow/example_dags/example_nested_branch_dag.py
[2023-12-25T06:31:00.067-0300] {processor.py:830} INFO - Processing file /home/felipe/.local/lib/python3.10/site-packages/airflow/example_dags/example_nested_branch_dag.py for tasks to queue
[2023-12-25T06:31:00.070-0300] {logging_mixin.py:188} INFO - [2023-12-25T06:31:00.069-0300] {dagbag.py:538} INFO - Filling up the DagBag from /home/felipe/.local/lib/python3.10/site-packages/airflow/example_dags/example_nested_branch_dag.py
[2023-12-25T06:31:00.098-0300] {processor.py:840} INFO - DAG(s) 'example_nested_branch_dag' retrieved from /home/felipe/.local/lib/python3.10/site-packages/airflow/example_dags/example_nested_branch_dag.py
[2023-12-25T06:31:00.135-0300] {logging_mixin.py:188} INFO - [2023-12-25T06:31:00.135-0300] {dag.py:3033} INFO - Sync 1 DAGs
[2023-12-25T06:31:00.220-0300] {logging_mixin.py:188} INFO - [2023-12-25T06:31:00.219-0300] {dag.py:3820} INFO - Setting next_dagrun for example_nested_branch_dag to 2023-12-24T00:00:00+00:00, run_after=2023-12-25T00:00:00+00:00
[2023-12-25T06:31:00.266-0300] {processor.py:183} INFO - Processing /home/felipe/.local/lib/python3.10/site-packages/airflow/example_dags/example_nested_branch_dag.py took 0.219 seconds
[2023-12-25T06:32:00.672-0300] {processor.py:161} INFO - Started process (PID=13010) to work on /home/felipe/.local/lib/python3.10/site-packages/airflow/example_dags/example_nested_branch_dag.py
[2023-12-25T06:32:00.674-0300] {processor.py:830} INFO - Processing file /home/felipe/.local/lib/python3.10/site-packages/airflow/example_dags/example_nested_branch_dag.py for tasks to queue
[2023-12-25T06:32:00.676-0300] {logging_mixin.py:188} INFO - [2023-12-25T06:32:00.675-0300] {dagbag.py:538} INFO - Filling up the DagBag from /home/felipe/.local/lib/python3.10/site-packages/airflow/example_dags/example_nested_branch_dag.py
[2023-12-25T06:32:00.694-0300] {processor.py:840} INFO - DAG(s) 'example_nested_branch_dag' retrieved from /home/felipe/.local/lib/python3.10/site-packages/airflow/example_dags/example_nested_branch_dag.py
[2023-12-25T06:32:00.724-0300] {logging_mixin.py:188} INFO - [2023-12-25T06:32:00.723-0300] {dag.py:3033} INFO - Sync 1 DAGs
[2023-12-25T06:32:00.772-0300] {logging_mixin.py:188} INFO - [2023-12-25T06:32:00.772-0300] {dag.py:3820} INFO - Setting next_dagrun for example_nested_branch_dag to 2023-12-24T00:00:00+00:00, run_after=2023-12-25T00:00:00+00:00
[2023-12-25T06:32:00.819-0300] {processor.py:183} INFO - Processing /home/felipe/.local/lib/python3.10/site-packages/airflow/example_dags/example_nested_branch_dag.py took 0.151 seconds
[2023-12-25T06:33:14.309-0300] {processor.py:161} INFO - Started process (PID=13078) to work on /home/felipe/.local/lib/python3.10/site-packages/airflow/example_dags/example_nested_branch_dag.py
[2023-12-25T06:33:14.311-0300] {processor.py:830} INFO - Processing file /home/felipe/.local/lib/python3.10/site-packages/airflow/example_dags/example_nested_branch_dag.py for tasks to queue
[2023-12-25T06:33:14.313-0300] {logging_mixin.py:188} INFO - [2023-12-25T06:33:14.312-0300] {dagbag.py:538} INFO - Filling up the DagBag from /home/felipe/.local/lib/python3.10/site-packages/airflow/example_dags/example_nested_branch_dag.py
[2023-12-25T06:33:14.330-0300] {processor.py:840} INFO - DAG(s) 'example_nested_branch_dag' retrieved from /home/felipe/.local/lib/python3.10/site-packages/airflow/example_dags/example_nested_branch_dag.py
[2023-12-25T06:33:14.358-0300] {logging_mixin.py:188} INFO - [2023-12-25T06:33:14.358-0300] {dag.py:3033} INFO - Sync 1 DAGs
[2023-12-25T06:33:14.401-0300] {logging_mixin.py:188} INFO - [2023-12-25T06:33:14.401-0300] {dag.py:3820} INFO - Setting next_dagrun for example_nested_branch_dag to 2023-12-24T00:00:00+00:00, run_after=2023-12-25T00:00:00+00:00
[2023-12-25T06:33:14.446-0300] {processor.py:183} INFO - Processing /home/felipe/.local/lib/python3.10/site-packages/airflow/example_dags/example_nested_branch_dag.py took 0.142 seconds
[2023-12-25T06:34:32.490-0300] {processor.py:161} INFO - Started process (PID=13148) to work on /home/felipe/.local/lib/python3.10/site-packages/airflow/example_dags/example_nested_branch_dag.py
[2023-12-25T06:34:32.492-0300] {processor.py:830} INFO - Processing file /home/felipe/.local/lib/python3.10/site-packages/airflow/example_dags/example_nested_branch_dag.py for tasks to queue
[2023-12-25T06:34:32.494-0300] {logging_mixin.py:188} INFO - [2023-12-25T06:34:32.494-0300] {dagbag.py:538} INFO - Filling up the DagBag from /home/felipe/.local/lib/python3.10/site-packages/airflow/example_dags/example_nested_branch_dag.py
[2023-12-25T06:34:32.512-0300] {processor.py:840} INFO - DAG(s) 'example_nested_branch_dag' retrieved from /home/felipe/.local/lib/python3.10/site-packages/airflow/example_dags/example_nested_branch_dag.py
[2023-12-25T06:34:32.542-0300] {logging_mixin.py:188} INFO - [2023-12-25T06:34:32.542-0300] {dag.py:3033} INFO - Sync 1 DAGs
[2023-12-25T06:34:32.590-0300] {logging_mixin.py:188} INFO - [2023-12-25T06:34:32.589-0300] {dag.py:3820} INFO - Setting next_dagrun for example_nested_branch_dag to 2023-12-24T00:00:00+00:00, run_after=2023-12-25T00:00:00+00:00
[2023-12-25T06:34:32.637-0300] {processor.py:183} INFO - Processing /home/felipe/.local/lib/python3.10/site-packages/airflow/example_dags/example_nested_branch_dag.py took 0.151 seconds
[2023-12-25T06:35:54.256-0300] {processor.py:161} INFO - Started process (PID=13258) to work on /home/felipe/.local/lib/python3.10/site-packages/airflow/example_dags/example_nested_branch_dag.py
[2023-12-25T06:35:54.260-0300] {processor.py:830} INFO - Processing file /home/felipe/.local/lib/python3.10/site-packages/airflow/example_dags/example_nested_branch_dag.py for tasks to queue
[2023-12-25T06:35:54.261-0300] {logging_mixin.py:188} INFO - [2023-12-25T06:35:54.261-0300] {dagbag.py:538} INFO - Filling up the DagBag from /home/felipe/.local/lib/python3.10/site-packages/airflow/example_dags/example_nested_branch_dag.py
[2023-12-25T06:35:54.283-0300] {processor.py:840} INFO - DAG(s) 'example_nested_branch_dag' retrieved from /home/felipe/.local/lib/python3.10/site-packages/airflow/example_dags/example_nested_branch_dag.py
[2023-12-25T06:35:54.334-0300] {logging_mixin.py:188} INFO - [2023-12-25T06:35:54.333-0300] {dag.py:3033} INFO - Sync 1 DAGs
[2023-12-25T06:35:54.393-0300] {logging_mixin.py:188} INFO - [2023-12-25T06:35:54.393-0300] {dag.py:3820} INFO - Setting next_dagrun for example_nested_branch_dag to 2023-12-24T00:00:00+00:00, run_after=2023-12-25T00:00:00+00:00
[2023-12-25T06:35:54.488-0300] {processor.py:183} INFO - Processing /home/felipe/.local/lib/python3.10/site-packages/airflow/example_dags/example_nested_branch_dag.py took 0.242 seconds
[2023-12-25T06:37:20.672-0300] {processor.py:161} INFO - Started process (PID=13334) to work on /home/felipe/.local/lib/python3.10/site-packages/airflow/example_dags/example_nested_branch_dag.py
[2023-12-25T06:37:20.674-0300] {processor.py:830} INFO - Processing file /home/felipe/.local/lib/python3.10/site-packages/airflow/example_dags/example_nested_branch_dag.py for tasks to queue
[2023-12-25T06:37:20.676-0300] {logging_mixin.py:188} INFO - [2023-12-25T06:37:20.675-0300] {dagbag.py:538} INFO - Filling up the DagBag from /home/felipe/.local/lib/python3.10/site-packages/airflow/example_dags/example_nested_branch_dag.py
[2023-12-25T06:37:20.694-0300] {processor.py:840} INFO - DAG(s) 'example_nested_branch_dag' retrieved from /home/felipe/.local/lib/python3.10/site-packages/airflow/example_dags/example_nested_branch_dag.py
[2023-12-25T06:37:20.726-0300] {logging_mixin.py:188} INFO - [2023-12-25T06:37:20.726-0300] {dag.py:3033} INFO - Sync 1 DAGs
[2023-12-25T06:37:20.783-0300] {logging_mixin.py:188} INFO - [2023-12-25T06:37:20.783-0300] {dag.py:3820} INFO - Setting next_dagrun for example_nested_branch_dag to 2023-12-24T00:00:00+00:00, run_after=2023-12-25T00:00:00+00:00
[2023-12-25T06:37:20.833-0300] {processor.py:183} INFO - Processing /home/felipe/.local/lib/python3.10/site-packages/airflow/example_dags/example_nested_branch_dag.py took 0.165 seconds
[2023-12-25T06:38:22.584-0300] {processor.py:161} INFO - Started process (PID=13387) to work on /home/felipe/.local/lib/python3.10/site-packages/airflow/example_dags/example_nested_branch_dag.py
[2023-12-25T06:38:22.586-0300] {processor.py:830} INFO - Processing file /home/felipe/.local/lib/python3.10/site-packages/airflow/example_dags/example_nested_branch_dag.py for tasks to queue
[2023-12-25T06:38:22.588-0300] {logging_mixin.py:188} INFO - [2023-12-25T06:38:22.587-0300] {dagbag.py:538} INFO - Filling up the DagBag from /home/felipe/.local/lib/python3.10/site-packages/airflow/example_dags/example_nested_branch_dag.py
[2023-12-25T06:38:22.605-0300] {processor.py:840} INFO - DAG(s) 'example_nested_branch_dag' retrieved from /home/felipe/.local/lib/python3.10/site-packages/airflow/example_dags/example_nested_branch_dag.py
[2023-12-25T06:38:22.637-0300] {logging_mixin.py:188} INFO - [2023-12-25T06:38:22.637-0300] {dag.py:3033} INFO - Sync 1 DAGs
[2023-12-25T06:38:22.683-0300] {logging_mixin.py:188} INFO - [2023-12-25T06:38:22.682-0300] {dag.py:3820} INFO - Setting next_dagrun for example_nested_branch_dag to 2023-12-24T00:00:00+00:00, run_after=2023-12-25T00:00:00+00:00
[2023-12-25T06:38:22.733-0300] {processor.py:183} INFO - Processing /home/felipe/.local/lib/python3.10/site-packages/airflow/example_dags/example_nested_branch_dag.py took 0.153 seconds
