[2023-12-25T06:22:26.017-0300] {processor.py:161} INFO - Started process (PID=12378) to work on /home/felipe/.local/lib/python3.10/site-packages/airflow/example_dags/example_task_group_decorator.py
[2023-12-25T06:22:26.019-0300] {processor.py:830} INFO - Processing file /home/felipe/.local/lib/python3.10/site-packages/airflow/example_dags/example_task_group_decorator.py for tasks to queue
[2023-12-25T06:22:26.021-0300] {logging_mixin.py:188} INFO - [2023-12-25T06:22:26.020-0300] {dagbag.py:538} INFO - Filling up the DagBag from /home/felipe/.local/lib/python3.10/site-packages/airflow/example_dags/example_task_group_decorator.py
[2023-12-25T06:22:26.065-0300] {processor.py:840} INFO - DAG(s) 'example_task_group_decorator' retrieved from /home/felipe/.local/lib/python3.10/site-packages/airflow/example_dags/example_task_group_decorator.py
[2023-12-25T06:22:26.125-0300] {logging_mixin.py:188} INFO - [2023-12-25T06:22:26.124-0300] {dag.py:3033} INFO - Sync 1 DAGs
[2023-12-25T06:22:26.187-0300] {logging_mixin.py:188} INFO - [2023-12-25T06:22:26.187-0300] {dag.py:3820} INFO - Setting next_dagrun for example_task_group_decorator to 2023-12-24T00:00:00+00:00, run_after=2023-12-25T00:00:00+00:00
[2023-12-25T06:22:26.262-0300] {processor.py:183} INFO - Processing /home/felipe/.local/lib/python3.10/site-packages/airflow/example_dags/example_task_group_decorator.py took 0.250 seconds
[2023-12-25T06:23:21.635-0300] {processor.py:161} INFO - Started process (PID=12456) to work on /home/felipe/.local/lib/python3.10/site-packages/airflow/example_dags/example_task_group_decorator.py
[2023-12-25T06:23:21.638-0300] {processor.py:830} INFO - Processing file /home/felipe/.local/lib/python3.10/site-packages/airflow/example_dags/example_task_group_decorator.py for tasks to queue
[2023-12-25T06:23:21.641-0300] {logging_mixin.py:188} INFO - [2023-12-25T06:23:21.640-0300] {dagbag.py:538} INFO - Filling up the DagBag from /home/felipe/.local/lib/python3.10/site-packages/airflow/example_dags/example_task_group_decorator.py
[2023-12-25T06:23:21.708-0300] {processor.py:840} INFO - DAG(s) 'example_task_group_decorator' retrieved from /home/felipe/.local/lib/python3.10/site-packages/airflow/example_dags/example_task_group_decorator.py
[2023-12-25T06:23:21.774-0300] {logging_mixin.py:188} INFO - [2023-12-25T06:23:21.774-0300] {dag.py:3033} INFO - Sync 1 DAGs
[2023-12-25T06:23:21.818-0300] {logging_mixin.py:188} INFO - [2023-12-25T06:23:21.818-0300] {dag.py:3820} INFO - Setting next_dagrun for example_task_group_decorator to 2023-12-24T00:00:00+00:00, run_after=2023-12-25T00:00:00+00:00
[2023-12-25T06:23:21.870-0300] {processor.py:183} INFO - Processing /home/felipe/.local/lib/python3.10/site-packages/airflow/example_dags/example_task_group_decorator.py took 0.249 seconds
[2023-12-25T06:24:17.102-0300] {processor.py:161} INFO - Started process (PID=12509) to work on /home/felipe/.local/lib/python3.10/site-packages/airflow/example_dags/example_task_group_decorator.py
[2023-12-25T06:24:17.105-0300] {processor.py:830} INFO - Processing file /home/felipe/.local/lib/python3.10/site-packages/airflow/example_dags/example_task_group_decorator.py for tasks to queue
[2023-12-25T06:24:17.107-0300] {logging_mixin.py:188} INFO - [2023-12-25T06:24:17.106-0300] {dagbag.py:538} INFO - Filling up the DagBag from /home/felipe/.local/lib/python3.10/site-packages/airflow/example_dags/example_task_group_decorator.py
[2023-12-25T06:24:17.149-0300] {processor.py:840} INFO - DAG(s) 'example_task_group_decorator' retrieved from /home/felipe/.local/lib/python3.10/site-packages/airflow/example_dags/example_task_group_decorator.py
[2023-12-25T06:24:17.204-0300] {logging_mixin.py:188} INFO - [2023-12-25T06:24:17.204-0300] {dag.py:3033} INFO - Sync 1 DAGs
[2023-12-25T06:24:17.255-0300] {logging_mixin.py:188} INFO - [2023-12-25T06:24:17.254-0300] {dag.py:3820} INFO - Setting next_dagrun for example_task_group_decorator to 2023-12-24T00:00:00+00:00, run_after=2023-12-25T00:00:00+00:00
[2023-12-25T06:24:17.355-0300] {processor.py:183} INFO - Processing /home/felipe/.local/lib/python3.10/site-packages/airflow/example_dags/example_task_group_decorator.py took 0.257 seconds
[2023-12-25T06:25:11.420-0300] {processor.py:161} INFO - Started process (PID=12594) to work on /home/felipe/.local/lib/python3.10/site-packages/airflow/example_dags/example_task_group_decorator.py
[2023-12-25T06:25:11.423-0300] {processor.py:830} INFO - Processing file /home/felipe/.local/lib/python3.10/site-packages/airflow/example_dags/example_task_group_decorator.py for tasks to queue
[2023-12-25T06:25:11.425-0300] {logging_mixin.py:188} INFO - [2023-12-25T06:25:11.424-0300] {dagbag.py:538} INFO - Filling up the DagBag from /home/felipe/.local/lib/python3.10/site-packages/airflow/example_dags/example_task_group_decorator.py
[2023-12-25T06:25:11.452-0300] {processor.py:840} INFO - DAG(s) 'example_task_group_decorator' retrieved from /home/felipe/.local/lib/python3.10/site-packages/airflow/example_dags/example_task_group_decorator.py
[2023-12-25T06:25:11.490-0300] {logging_mixin.py:188} INFO - [2023-12-25T06:25:11.490-0300] {dag.py:3033} INFO - Sync 1 DAGs
[2023-12-25T06:25:11.537-0300] {logging_mixin.py:188} INFO - [2023-12-25T06:25:11.536-0300] {dag.py:3820} INFO - Setting next_dagrun for example_task_group_decorator to 2023-12-24T00:00:00+00:00, run_after=2023-12-25T00:00:00+00:00
[2023-12-25T06:25:11.599-0300] {processor.py:183} INFO - Processing /home/felipe/.local/lib/python3.10/site-packages/airflow/example_dags/example_task_group_decorator.py took 0.183 seconds
[2023-12-25T06:26:00.059-0300] {processor.py:161} INFO - Started process (PID=12643) to work on /home/felipe/.local/lib/python3.10/site-packages/airflow/example_dags/example_task_group_decorator.py
[2023-12-25T06:26:00.076-0300] {processor.py:830} INFO - Processing file /home/felipe/.local/lib/python3.10/site-packages/airflow/example_dags/example_task_group_decorator.py for tasks to queue
[2023-12-25T06:26:00.079-0300] {logging_mixin.py:188} INFO - [2023-12-25T06:26:00.078-0300] {dagbag.py:538} INFO - Filling up the DagBag from /home/felipe/.local/lib/python3.10/site-packages/airflow/example_dags/example_task_group_decorator.py
[2023-12-25T06:26:00.119-0300] {processor.py:840} INFO - DAG(s) 'example_task_group_decorator' retrieved from /home/felipe/.local/lib/python3.10/site-packages/airflow/example_dags/example_task_group_decorator.py
[2023-12-25T06:26:00.162-0300] {logging_mixin.py:188} INFO - [2023-12-25T06:26:00.162-0300] {dag.py:3033} INFO - Sync 1 DAGs
[2023-12-25T06:26:00.229-0300] {logging_mixin.py:188} INFO - [2023-12-25T06:26:00.228-0300] {dag.py:3820} INFO - Setting next_dagrun for example_task_group_decorator to 2023-12-24T00:00:00+00:00, run_after=2023-12-25T00:00:00+00:00
[2023-12-25T06:26:00.277-0300] {processor.py:183} INFO - Processing /home/felipe/.local/lib/python3.10/site-packages/airflow/example_dags/example_task_group_decorator.py took 0.233 seconds
[2023-12-25T06:26:49.756-0300] {processor.py:161} INFO - Started process (PID=12691) to work on /home/felipe/.local/lib/python3.10/site-packages/airflow/example_dags/example_task_group_decorator.py
[2023-12-25T06:26:49.759-0300] {processor.py:830} INFO - Processing file /home/felipe/.local/lib/python3.10/site-packages/airflow/example_dags/example_task_group_decorator.py for tasks to queue
[2023-12-25T06:26:49.761-0300] {logging_mixin.py:188} INFO - [2023-12-25T06:26:49.760-0300] {dagbag.py:538} INFO - Filling up the DagBag from /home/felipe/.local/lib/python3.10/site-packages/airflow/example_dags/example_task_group_decorator.py
[2023-12-25T06:26:49.793-0300] {processor.py:840} INFO - DAG(s) 'example_task_group_decorator' retrieved from /home/felipe/.local/lib/python3.10/site-packages/airflow/example_dags/example_task_group_decorator.py
[2023-12-25T06:26:49.827-0300] {logging_mixin.py:188} INFO - [2023-12-25T06:26:49.826-0300] {dag.py:3033} INFO - Sync 1 DAGs
[2023-12-25T06:26:49.873-0300] {logging_mixin.py:188} INFO - [2023-12-25T06:26:49.873-0300] {dag.py:3820} INFO - Setting next_dagrun for example_task_group_decorator to 2023-12-24T00:00:00+00:00, run_after=2023-12-25T00:00:00+00:00
[2023-12-25T06:26:49.922-0300] {processor.py:183} INFO - Processing /home/felipe/.local/lib/python3.10/site-packages/airflow/example_dags/example_task_group_decorator.py took 0.173 seconds
[2023-12-25T06:27:39.864-0300] {processor.py:161} INFO - Started process (PID=12737) to work on /home/felipe/.local/lib/python3.10/site-packages/airflow/example_dags/example_task_group_decorator.py
[2023-12-25T06:27:39.867-0300] {processor.py:830} INFO - Processing file /home/felipe/.local/lib/python3.10/site-packages/airflow/example_dags/example_task_group_decorator.py for tasks to queue
[2023-12-25T06:27:39.869-0300] {logging_mixin.py:188} INFO - [2023-12-25T06:27:39.869-0300] {dagbag.py:538} INFO - Filling up the DagBag from /home/felipe/.local/lib/python3.10/site-packages/airflow/example_dags/example_task_group_decorator.py
[2023-12-25T06:27:39.900-0300] {processor.py:840} INFO - DAG(s) 'example_task_group_decorator' retrieved from /home/felipe/.local/lib/python3.10/site-packages/airflow/example_dags/example_task_group_decorator.py
[2023-12-25T06:27:39.938-0300] {logging_mixin.py:188} INFO - [2023-12-25T06:27:39.937-0300] {dag.py:3033} INFO - Sync 1 DAGs
[2023-12-25T06:27:39.991-0300] {logging_mixin.py:188} INFO - [2023-12-25T06:27:39.990-0300] {dag.py:3820} INFO - Setting next_dagrun for example_task_group_decorator to 2023-12-24T00:00:00+00:00, run_after=2023-12-25T00:00:00+00:00
[2023-12-25T06:27:40.040-0300] {processor.py:183} INFO - Processing /home/felipe/.local/lib/python3.10/site-packages/airflow/example_dags/example_task_group_decorator.py took 0.181 seconds
[2023-12-25T06:28:31.215-0300] {processor.py:161} INFO - Started process (PID=12787) to work on /home/felipe/.local/lib/python3.10/site-packages/airflow/example_dags/example_task_group_decorator.py
[2023-12-25T06:28:31.218-0300] {processor.py:830} INFO - Processing file /home/felipe/.local/lib/python3.10/site-packages/airflow/example_dags/example_task_group_decorator.py for tasks to queue
[2023-12-25T06:28:31.219-0300] {logging_mixin.py:188} INFO - [2023-12-25T06:28:31.219-0300] {dagbag.py:538} INFO - Filling up the DagBag from /home/felipe/.local/lib/python3.10/site-packages/airflow/example_dags/example_task_group_decorator.py
[2023-12-25T06:28:31.249-0300] {processor.py:840} INFO - DAG(s) 'example_task_group_decorator' retrieved from /home/felipe/.local/lib/python3.10/site-packages/airflow/example_dags/example_task_group_decorator.py
[2023-12-25T06:28:31.285-0300] {logging_mixin.py:188} INFO - [2023-12-25T06:28:31.284-0300] {dag.py:3033} INFO - Sync 1 DAGs
[2023-12-25T06:28:31.322-0300] {logging_mixin.py:188} INFO - [2023-12-25T06:28:31.322-0300] {dag.py:3820} INFO - Setting next_dagrun for example_task_group_decorator to 2023-12-24T00:00:00+00:00, run_after=2023-12-25T00:00:00+00:00
[2023-12-25T06:28:31.370-0300] {processor.py:183} INFO - Processing /home/felipe/.local/lib/python3.10/site-packages/airflow/example_dags/example_task_group_decorator.py took 0.159 seconds
[2023-12-25T06:29:22.830-0300] {processor.py:161} INFO - Started process (PID=12833) to work on /home/felipe/.local/lib/python3.10/site-packages/airflow/example_dags/example_task_group_decorator.py
[2023-12-25T06:29:22.833-0300] {processor.py:830} INFO - Processing file /home/felipe/.local/lib/python3.10/site-packages/airflow/example_dags/example_task_group_decorator.py for tasks to queue
[2023-12-25T06:29:22.836-0300] {logging_mixin.py:188} INFO - [2023-12-25T06:29:22.835-0300] {dagbag.py:538} INFO - Filling up the DagBag from /home/felipe/.local/lib/python3.10/site-packages/airflow/example_dags/example_task_group_decorator.py
[2023-12-25T06:29:22.886-0300] {processor.py:840} INFO - DAG(s) 'example_task_group_decorator' retrieved from /home/felipe/.local/lib/python3.10/site-packages/airflow/example_dags/example_task_group_decorator.py
[2023-12-25T06:29:22.930-0300] {logging_mixin.py:188} INFO - [2023-12-25T06:29:22.929-0300] {dag.py:3033} INFO - Sync 1 DAGs
[2023-12-25T06:29:22.977-0300] {logging_mixin.py:188} INFO - [2023-12-25T06:29:22.976-0300] {dag.py:3820} INFO - Setting next_dagrun for example_task_group_decorator to 2023-12-24T00:00:00+00:00, run_after=2023-12-25T00:00:00+00:00
[2023-12-25T06:29:23.053-0300] {processor.py:183} INFO - Processing /home/felipe/.local/lib/python3.10/site-packages/airflow/example_dags/example_task_group_decorator.py took 0.237 seconds
[2023-12-25T06:30:14.177-0300] {processor.py:161} INFO - Started process (PID=12910) to work on /home/felipe/.local/lib/python3.10/site-packages/airflow/example_dags/example_task_group_decorator.py
[2023-12-25T06:30:14.180-0300] {processor.py:830} INFO - Processing file /home/felipe/.local/lib/python3.10/site-packages/airflow/example_dags/example_task_group_decorator.py for tasks to queue
[2023-12-25T06:30:14.182-0300] {logging_mixin.py:188} INFO - [2023-12-25T06:30:14.181-0300] {dagbag.py:538} INFO - Filling up the DagBag from /home/felipe/.local/lib/python3.10/site-packages/airflow/example_dags/example_task_group_decorator.py
[2023-12-25T06:30:14.211-0300] {processor.py:840} INFO - DAG(s) 'example_task_group_decorator' retrieved from /home/felipe/.local/lib/python3.10/site-packages/airflow/example_dags/example_task_group_decorator.py
[2023-12-25T06:30:14.246-0300] {logging_mixin.py:188} INFO - [2023-12-25T06:30:14.246-0300] {dag.py:3033} INFO - Sync 1 DAGs
[2023-12-25T06:30:14.285-0300] {logging_mixin.py:188} INFO - [2023-12-25T06:30:14.284-0300] {dag.py:3820} INFO - Setting next_dagrun for example_task_group_decorator to 2023-12-24T00:00:00+00:00, run_after=2023-12-25T00:00:00+00:00
[2023-12-25T06:30:14.330-0300] {processor.py:183} INFO - Processing /home/felipe/.local/lib/python3.10/site-packages/airflow/example_dags/example_task_group_decorator.py took 0.157 seconds
[2023-12-25T06:31:05.214-0300] {processor.py:161} INFO - Started process (PID=12963) to work on /home/felipe/.local/lib/python3.10/site-packages/airflow/example_dags/example_task_group_decorator.py
[2023-12-25T06:31:05.216-0300] {processor.py:830} INFO - Processing file /home/felipe/.local/lib/python3.10/site-packages/airflow/example_dags/example_task_group_decorator.py for tasks to queue
[2023-12-25T06:31:05.217-0300] {logging_mixin.py:188} INFO - [2023-12-25T06:31:05.217-0300] {dagbag.py:538} INFO - Filling up the DagBag from /home/felipe/.local/lib/python3.10/site-packages/airflow/example_dags/example_task_group_decorator.py
[2023-12-25T06:31:05.244-0300] {processor.py:840} INFO - DAG(s) 'example_task_group_decorator' retrieved from /home/felipe/.local/lib/python3.10/site-packages/airflow/example_dags/example_task_group_decorator.py
[2023-12-25T06:31:05.279-0300] {logging_mixin.py:188} INFO - [2023-12-25T06:31:05.278-0300] {dag.py:3033} INFO - Sync 1 DAGs
[2023-12-25T06:31:05.321-0300] {logging_mixin.py:188} INFO - [2023-12-25T06:31:05.320-0300] {dag.py:3820} INFO - Setting next_dagrun for example_task_group_decorator to 2023-12-24T00:00:00+00:00, run_after=2023-12-25T00:00:00+00:00
[2023-12-25T06:31:05.366-0300] {processor.py:183} INFO - Processing /home/felipe/.local/lib/python3.10/site-packages/airflow/example_dags/example_task_group_decorator.py took 0.157 seconds
[2023-12-25T06:32:03.706-0300] {processor.py:161} INFO - Started process (PID=13013) to work on /home/felipe/.local/lib/python3.10/site-packages/airflow/example_dags/example_task_group_decorator.py
[2023-12-25T06:32:03.708-0300] {processor.py:830} INFO - Processing file /home/felipe/.local/lib/python3.10/site-packages/airflow/example_dags/example_task_group_decorator.py for tasks to queue
[2023-12-25T06:32:03.710-0300] {logging_mixin.py:188} INFO - [2023-12-25T06:32:03.709-0300] {dagbag.py:538} INFO - Filling up the DagBag from /home/felipe/.local/lib/python3.10/site-packages/airflow/example_dags/example_task_group_decorator.py
[2023-12-25T06:32:03.737-0300] {processor.py:840} INFO - DAG(s) 'example_task_group_decorator' retrieved from /home/felipe/.local/lib/python3.10/site-packages/airflow/example_dags/example_task_group_decorator.py
[2023-12-25T06:32:03.772-0300] {logging_mixin.py:188} INFO - [2023-12-25T06:32:03.772-0300] {dag.py:3033} INFO - Sync 1 DAGs
[2023-12-25T06:32:03.816-0300] {logging_mixin.py:188} INFO - [2023-12-25T06:32:03.816-0300] {dag.py:3820} INFO - Setting next_dagrun for example_task_group_decorator to 2023-12-24T00:00:00+00:00, run_after=2023-12-25T00:00:00+00:00
[2023-12-25T06:32:03.862-0300] {processor.py:183} INFO - Processing /home/felipe/.local/lib/python3.10/site-packages/airflow/example_dags/example_task_group_decorator.py took 0.160 seconds
[2023-12-25T06:32:53.469-0300] {processor.py:161} INFO - Started process (PID=13059) to work on /home/felipe/.local/lib/python3.10/site-packages/airflow/example_dags/example_task_group_decorator.py
[2023-12-25T06:32:53.471-0300] {processor.py:830} INFO - Processing file /home/felipe/.local/lib/python3.10/site-packages/airflow/example_dags/example_task_group_decorator.py for tasks to queue
[2023-12-25T06:32:53.474-0300] {logging_mixin.py:188} INFO - [2023-12-25T06:32:53.473-0300] {dagbag.py:538} INFO - Filling up the DagBag from /home/felipe/.local/lib/python3.10/site-packages/airflow/example_dags/example_task_group_decorator.py
[2023-12-25T06:32:53.501-0300] {processor.py:840} INFO - DAG(s) 'example_task_group_decorator' retrieved from /home/felipe/.local/lib/python3.10/site-packages/airflow/example_dags/example_task_group_decorator.py
[2023-12-25T06:32:53.537-0300] {logging_mixin.py:188} INFO - [2023-12-25T06:32:53.536-0300] {dag.py:3033} INFO - Sync 1 DAGs
[2023-12-25T06:32:53.577-0300] {logging_mixin.py:188} INFO - [2023-12-25T06:32:53.576-0300] {dag.py:3820} INFO - Setting next_dagrun for example_task_group_decorator to 2023-12-24T00:00:00+00:00, run_after=2023-12-25T00:00:00+00:00
[2023-12-25T06:32:53.624-0300] {processor.py:183} INFO - Processing /home/felipe/.local/lib/python3.10/site-packages/airflow/example_dags/example_task_group_decorator.py took 0.159 seconds
[2023-12-25T06:33:42.566-0300] {processor.py:161} INFO - Started process (PID=13103) to work on /home/felipe/.local/lib/python3.10/site-packages/airflow/example_dags/example_task_group_decorator.py
[2023-12-25T06:33:42.568-0300] {processor.py:830} INFO - Processing file /home/felipe/.local/lib/python3.10/site-packages/airflow/example_dags/example_task_group_decorator.py for tasks to queue
[2023-12-25T06:33:42.570-0300] {logging_mixin.py:188} INFO - [2023-12-25T06:33:42.569-0300] {dagbag.py:538} INFO - Filling up the DagBag from /home/felipe/.local/lib/python3.10/site-packages/airflow/example_dags/example_task_group_decorator.py
[2023-12-25T06:33:42.601-0300] {processor.py:840} INFO - DAG(s) 'example_task_group_decorator' retrieved from /home/felipe/.local/lib/python3.10/site-packages/airflow/example_dags/example_task_group_decorator.py
[2023-12-25T06:33:42.636-0300] {logging_mixin.py:188} INFO - [2023-12-25T06:33:42.636-0300] {dag.py:3033} INFO - Sync 1 DAGs
[2023-12-25T06:33:42.684-0300] {logging_mixin.py:188} INFO - [2023-12-25T06:33:42.683-0300] {dag.py:3820} INFO - Setting next_dagrun for example_task_group_decorator to 2023-12-24T00:00:00+00:00, run_after=2023-12-25T00:00:00+00:00
[2023-12-25T06:33:42.732-0300] {processor.py:183} INFO - Processing /home/felipe/.local/lib/python3.10/site-packages/airflow/example_dags/example_task_group_decorator.py took 0.170 seconds
[2023-12-25T06:34:36.212-0300] {processor.py:161} INFO - Started process (PID=13151) to work on /home/felipe/.local/lib/python3.10/site-packages/airflow/example_dags/example_task_group_decorator.py
[2023-12-25T06:34:36.215-0300] {processor.py:830} INFO - Processing file /home/felipe/.local/lib/python3.10/site-packages/airflow/example_dags/example_task_group_decorator.py for tasks to queue
[2023-12-25T06:34:36.217-0300] {logging_mixin.py:188} INFO - [2023-12-25T06:34:36.217-0300] {dagbag.py:538} INFO - Filling up the DagBag from /home/felipe/.local/lib/python3.10/site-packages/airflow/example_dags/example_task_group_decorator.py
[2023-12-25T06:34:36.245-0300] {processor.py:840} INFO - DAG(s) 'example_task_group_decorator' retrieved from /home/felipe/.local/lib/python3.10/site-packages/airflow/example_dags/example_task_group_decorator.py
[2023-12-25T06:34:36.280-0300] {logging_mixin.py:188} INFO - [2023-12-25T06:34:36.280-0300] {dag.py:3033} INFO - Sync 1 DAGs
[2023-12-25T06:34:36.324-0300] {logging_mixin.py:188} INFO - [2023-12-25T06:34:36.323-0300] {dag.py:3820} INFO - Setting next_dagrun for example_task_group_decorator to 2023-12-24T00:00:00+00:00, run_after=2023-12-25T00:00:00+00:00
[2023-12-25T06:34:36.373-0300] {processor.py:183} INFO - Processing /home/felipe/.local/lib/python3.10/site-packages/airflow/example_dags/example_task_group_decorator.py took 0.167 seconds
[2023-12-25T06:35:28.033-0300] {processor.py:161} INFO - Started process (PID=13234) to work on /home/felipe/.local/lib/python3.10/site-packages/airflow/example_dags/example_task_group_decorator.py
[2023-12-25T06:35:28.036-0300] {processor.py:830} INFO - Processing file /home/felipe/.local/lib/python3.10/site-packages/airflow/example_dags/example_task_group_decorator.py for tasks to queue
[2023-12-25T06:35:28.038-0300] {logging_mixin.py:188} INFO - [2023-12-25T06:35:28.037-0300] {dagbag.py:538} INFO - Filling up the DagBag from /home/felipe/.local/lib/python3.10/site-packages/airflow/example_dags/example_task_group_decorator.py
[2023-12-25T06:35:28.073-0300] {processor.py:840} INFO - DAG(s) 'example_task_group_decorator' retrieved from /home/felipe/.local/lib/python3.10/site-packages/airflow/example_dags/example_task_group_decorator.py
[2023-12-25T06:35:28.112-0300] {logging_mixin.py:188} INFO - [2023-12-25T06:35:28.112-0300] {dag.py:3033} INFO - Sync 1 DAGs
[2023-12-25T06:35:28.159-0300] {logging_mixin.py:188} INFO - [2023-12-25T06:35:28.158-0300] {dag.py:3820} INFO - Setting next_dagrun for example_task_group_decorator to 2023-12-24T00:00:00+00:00, run_after=2023-12-25T00:00:00+00:00
[2023-12-25T06:35:28.221-0300] {processor.py:183} INFO - Processing /home/felipe/.local/lib/python3.10/site-packages/airflow/example_dags/example_task_group_decorator.py took 0.192 seconds
[2023-12-25T06:36:26.377-0300] {processor.py:161} INFO - Started process (PID=13286) to work on /home/felipe/.local/lib/python3.10/site-packages/airflow/example_dags/example_task_group_decorator.py
[2023-12-25T06:36:26.380-0300] {processor.py:830} INFO - Processing file /home/felipe/.local/lib/python3.10/site-packages/airflow/example_dags/example_task_group_decorator.py for tasks to queue
[2023-12-25T06:36:26.381-0300] {logging_mixin.py:188} INFO - [2023-12-25T06:36:26.381-0300] {dagbag.py:538} INFO - Filling up the DagBag from /home/felipe/.local/lib/python3.10/site-packages/airflow/example_dags/example_task_group_decorator.py
[2023-12-25T06:36:26.415-0300] {processor.py:840} INFO - DAG(s) 'example_task_group_decorator' retrieved from /home/felipe/.local/lib/python3.10/site-packages/airflow/example_dags/example_task_group_decorator.py
[2023-12-25T06:36:26.490-0300] {logging_mixin.py:188} INFO - [2023-12-25T06:36:26.490-0300] {dag.py:3033} INFO - Sync 1 DAGs
[2023-12-25T06:36:26.539-0300] {logging_mixin.py:188} INFO - [2023-12-25T06:36:26.538-0300] {dag.py:3820} INFO - Setting next_dagrun for example_task_group_decorator to 2023-12-24T00:00:00+00:00, run_after=2023-12-25T00:00:00+00:00
[2023-12-25T06:36:26.601-0300] {processor.py:183} INFO - Processing /home/felipe/.local/lib/python3.10/site-packages/airflow/example_dags/example_task_group_decorator.py took 0.228 seconds
[2023-12-25T06:37:25.128-0300] {processor.py:161} INFO - Started process (PID=13338) to work on /home/felipe/.local/lib/python3.10/site-packages/airflow/example_dags/example_task_group_decorator.py
[2023-12-25T06:37:25.130-0300] {processor.py:830} INFO - Processing file /home/felipe/.local/lib/python3.10/site-packages/airflow/example_dags/example_task_group_decorator.py for tasks to queue
[2023-12-25T06:37:25.132-0300] {logging_mixin.py:188} INFO - [2023-12-25T06:37:25.131-0300] {dagbag.py:538} INFO - Filling up the DagBag from /home/felipe/.local/lib/python3.10/site-packages/airflow/example_dags/example_task_group_decorator.py
[2023-12-25T06:37:25.159-0300] {processor.py:840} INFO - DAG(s) 'example_task_group_decorator' retrieved from /home/felipe/.local/lib/python3.10/site-packages/airflow/example_dags/example_task_group_decorator.py
[2023-12-25T06:37:25.193-0300] {logging_mixin.py:188} INFO - [2023-12-25T06:37:25.193-0300] {dag.py:3033} INFO - Sync 1 DAGs
[2023-12-25T06:37:25.230-0300] {logging_mixin.py:188} INFO - [2023-12-25T06:37:25.229-0300] {dag.py:3820} INFO - Setting next_dagrun for example_task_group_decorator to 2023-12-24T00:00:00+00:00, run_after=2023-12-25T00:00:00+00:00
[2023-12-25T06:37:25.279-0300] {processor.py:183} INFO - Processing /home/felipe/.local/lib/python3.10/site-packages/airflow/example_dags/example_task_group_decorator.py took 0.156 seconds
[2023-12-25T06:38:26.584-0300] {processor.py:161} INFO - Started process (PID=13391) to work on /home/felipe/.local/lib/python3.10/site-packages/airflow/example_dags/example_task_group_decorator.py
[2023-12-25T06:38:26.586-0300] {processor.py:830} INFO - Processing file /home/felipe/.local/lib/python3.10/site-packages/airflow/example_dags/example_task_group_decorator.py for tasks to queue
[2023-12-25T06:38:26.587-0300] {logging_mixin.py:188} INFO - [2023-12-25T06:38:26.587-0300] {dagbag.py:538} INFO - Filling up the DagBag from /home/felipe/.local/lib/python3.10/site-packages/airflow/example_dags/example_task_group_decorator.py
[2023-12-25T06:38:26.615-0300] {processor.py:840} INFO - DAG(s) 'example_task_group_decorator' retrieved from /home/felipe/.local/lib/python3.10/site-packages/airflow/example_dags/example_task_group_decorator.py
[2023-12-25T06:38:26.651-0300] {logging_mixin.py:188} INFO - [2023-12-25T06:38:26.650-0300] {dag.py:3033} INFO - Sync 1 DAGs
[2023-12-25T06:38:26.687-0300] {logging_mixin.py:188} INFO - [2023-12-25T06:38:26.687-0300] {dag.py:3820} INFO - Setting next_dagrun for example_task_group_decorator to 2023-12-24T00:00:00+00:00, run_after=2023-12-25T00:00:00+00:00
[2023-12-25T06:38:26.732-0300] {processor.py:183} INFO - Processing /home/felipe/.local/lib/python3.10/site-packages/airflow/example_dags/example_task_group_decorator.py took 0.153 seconds
