[2023-12-25T06:21:40.368-0300] {processor.py:161} INFO - Started process (PID=12186) to work on /home/felipe/.local/lib/python3.10/site-packages/airflow/example_dags/example_latest_only_with_trigger.py
[2023-12-25T06:21:40.370-0300] {processor.py:830} INFO - Processing file /home/felipe/.local/lib/python3.10/site-packages/airflow/example_dags/example_latest_only_with_trigger.py for tasks to queue
[2023-12-25T06:21:40.372-0300] {logging_mixin.py:188} INFO - [2023-12-25T06:21:40.371-0300] {dagbag.py:538} INFO - Filling up the DagBag from /home/felipe/.local/lib/python3.10/site-packages/airflow/example_dags/example_latest_only_with_trigger.py
[2023-12-25T06:21:40.419-0300] {processor.py:840} INFO - DAG(s) 'latest_only_with_trigger' retrieved from /home/felipe/.local/lib/python3.10/site-packages/airflow/example_dags/example_latest_only_with_trigger.py
[2023-12-25T06:21:40.552-0300] {logging_mixin.py:188} INFO - [2023-12-25T06:21:40.551-0300] {dag.py:3033} INFO - Sync 1 DAGs
[2023-12-25T06:21:40.751-0300] {logging_mixin.py:188} INFO - [2023-12-25T06:21:40.750-0300] {dag.py:3820} INFO - Setting next_dagrun for latest_only_with_trigger to 2023-12-25T04:00:00+00:00, run_after=2023-12-25T08:00:00+00:00
[2023-12-25T06:21:41.011-0300] {processor.py:183} INFO - Processing /home/felipe/.local/lib/python3.10/site-packages/airflow/example_dags/example_latest_only_with_trigger.py took 0.670 seconds
[2023-12-25T06:23:12.947-0300] {processor.py:161} INFO - Started process (PID=12449) to work on /home/felipe/.local/lib/python3.10/site-packages/airflow/example_dags/example_latest_only_with_trigger.py
[2023-12-25T06:23:12.950-0300] {processor.py:830} INFO - Processing file /home/felipe/.local/lib/python3.10/site-packages/airflow/example_dags/example_latest_only_with_trigger.py for tasks to queue
[2023-12-25T06:23:12.952-0300] {logging_mixin.py:188} INFO - [2023-12-25T06:23:12.951-0300] {dagbag.py:538} INFO - Filling up the DagBag from /home/felipe/.local/lib/python3.10/site-packages/airflow/example_dags/example_latest_only_with_trigger.py
[2023-12-25T06:23:12.964-0300] {processor.py:840} INFO - DAG(s) 'latest_only_with_trigger' retrieved from /home/felipe/.local/lib/python3.10/site-packages/airflow/example_dags/example_latest_only_with_trigger.py
[2023-12-25T06:23:12.997-0300] {logging_mixin.py:188} INFO - [2023-12-25T06:23:12.997-0300] {dag.py:3033} INFO - Sync 1 DAGs
[2023-12-25T06:23:13.056-0300] {logging_mixin.py:188} INFO - [2023-12-25T06:23:13.054-0300] {dag.py:3820} INFO - Setting next_dagrun for latest_only_with_trigger to 2023-12-25T04:00:00+00:00, run_after=2023-12-25T08:00:00+00:00
[2023-12-25T06:23:13.109-0300] {processor.py:183} INFO - Processing /home/felipe/.local/lib/python3.10/site-packages/airflow/example_dags/example_latest_only_with_trigger.py took 0.167 seconds
[2023-12-25T06:24:11.684-0300] {processor.py:161} INFO - Started process (PID=12502) to work on /home/felipe/.local/lib/python3.10/site-packages/airflow/example_dags/example_latest_only_with_trigger.py
[2023-12-25T06:24:11.697-0300] {processor.py:830} INFO - Processing file /home/felipe/.local/lib/python3.10/site-packages/airflow/example_dags/example_latest_only_with_trigger.py for tasks to queue
[2023-12-25T06:24:11.700-0300] {logging_mixin.py:188} INFO - [2023-12-25T06:24:11.699-0300] {dagbag.py:538} INFO - Filling up the DagBag from /home/felipe/.local/lib/python3.10/site-packages/airflow/example_dags/example_latest_only_with_trigger.py
[2023-12-25T06:24:11.719-0300] {processor.py:840} INFO - DAG(s) 'latest_only_with_trigger' retrieved from /home/felipe/.local/lib/python3.10/site-packages/airflow/example_dags/example_latest_only_with_trigger.py
[2023-12-25T06:24:11.784-0300] {logging_mixin.py:188} INFO - [2023-12-25T06:24:11.784-0300] {dag.py:3033} INFO - Sync 1 DAGs
[2023-12-25T06:24:11.842-0300] {logging_mixin.py:188} INFO - [2023-12-25T06:24:11.842-0300] {dag.py:3820} INFO - Setting next_dagrun for latest_only_with_trigger to 2023-12-25T04:00:00+00:00, run_after=2023-12-25T08:00:00+00:00
[2023-12-25T06:24:11.918-0300] {processor.py:183} INFO - Processing /home/felipe/.local/lib/python3.10/site-packages/airflow/example_dags/example_latest_only_with_trigger.py took 0.241 seconds
[2023-12-25T06:25:06.012-0300] {processor.py:161} INFO - Started process (PID=12589) to work on /home/felipe/.local/lib/python3.10/site-packages/airflow/example_dags/example_latest_only_with_trigger.py
[2023-12-25T06:25:06.014-0300] {processor.py:830} INFO - Processing file /home/felipe/.local/lib/python3.10/site-packages/airflow/example_dags/example_latest_only_with_trigger.py for tasks to queue
[2023-12-25T06:25:06.016-0300] {logging_mixin.py:188} INFO - [2023-12-25T06:25:06.015-0300] {dagbag.py:538} INFO - Filling up the DagBag from /home/felipe/.local/lib/python3.10/site-packages/airflow/example_dags/example_latest_only_with_trigger.py
[2023-12-25T06:25:06.028-0300] {processor.py:840} INFO - DAG(s) 'latest_only_with_trigger' retrieved from /home/felipe/.local/lib/python3.10/site-packages/airflow/example_dags/example_latest_only_with_trigger.py
[2023-12-25T06:25:06.063-0300] {logging_mixin.py:188} INFO - [2023-12-25T06:25:06.063-0300] {dag.py:3033} INFO - Sync 1 DAGs
[2023-12-25T06:25:06.108-0300] {logging_mixin.py:188} INFO - [2023-12-25T06:25:06.107-0300] {dag.py:3820} INFO - Setting next_dagrun for latest_only_with_trigger to 2023-12-25T04:00:00+00:00, run_after=2023-12-25T08:00:00+00:00
[2023-12-25T06:25:06.152-0300] {processor.py:183} INFO - Processing /home/felipe/.local/lib/python3.10/site-packages/airflow/example_dags/example_latest_only_with_trigger.py took 0.146 seconds
[2023-12-25T06:26:19.856-0300] {processor.py:161} INFO - Started process (PID=12664) to work on /home/felipe/.local/lib/python3.10/site-packages/airflow/example_dags/example_latest_only_with_trigger.py
[2023-12-25T06:26:19.858-0300] {processor.py:830} INFO - Processing file /home/felipe/.local/lib/python3.10/site-packages/airflow/example_dags/example_latest_only_with_trigger.py for tasks to queue
[2023-12-25T06:26:19.860-0300] {logging_mixin.py:188} INFO - [2023-12-25T06:26:19.860-0300] {dagbag.py:538} INFO - Filling up the DagBag from /home/felipe/.local/lib/python3.10/site-packages/airflow/example_dags/example_latest_only_with_trigger.py
[2023-12-25T06:26:19.870-0300] {processor.py:840} INFO - DAG(s) 'latest_only_with_trigger' retrieved from /home/felipe/.local/lib/python3.10/site-packages/airflow/example_dags/example_latest_only_with_trigger.py
[2023-12-25T06:26:19.898-0300] {logging_mixin.py:188} INFO - [2023-12-25T06:26:19.898-0300] {dag.py:3033} INFO - Sync 1 DAGs
[2023-12-25T06:26:19.935-0300] {logging_mixin.py:188} INFO - [2023-12-25T06:26:19.935-0300] {dag.py:3820} INFO - Setting next_dagrun for latest_only_with_trigger to 2023-12-25T04:00:00+00:00, run_after=2023-12-25T08:00:00+00:00
[2023-12-25T06:26:19.994-0300] {processor.py:183} INFO - Processing /home/felipe/.local/lib/python3.10/site-packages/airflow/example_dags/example_latest_only_with_trigger.py took 0.142 seconds
[2023-12-25T06:27:33.392-0300] {processor.py:161} INFO - Started process (PID=12732) to work on /home/felipe/.local/lib/python3.10/site-packages/airflow/example_dags/example_latest_only_with_trigger.py
[2023-12-25T06:27:33.396-0300] {processor.py:830} INFO - Processing file /home/felipe/.local/lib/python3.10/site-packages/airflow/example_dags/example_latest_only_with_trigger.py for tasks to queue
[2023-12-25T06:27:33.398-0300] {logging_mixin.py:188} INFO - [2023-12-25T06:27:33.397-0300] {dagbag.py:538} INFO - Filling up the DagBag from /home/felipe/.local/lib/python3.10/site-packages/airflow/example_dags/example_latest_only_with_trigger.py
[2023-12-25T06:27:33.409-0300] {processor.py:840} INFO - DAG(s) 'latest_only_with_trigger' retrieved from /home/felipe/.local/lib/python3.10/site-packages/airflow/example_dags/example_latest_only_with_trigger.py
[2023-12-25T06:27:33.443-0300] {logging_mixin.py:188} INFO - [2023-12-25T06:27:33.442-0300] {dag.py:3033} INFO - Sync 1 DAGs
[2023-12-25T06:27:33.516-0300] {logging_mixin.py:188} INFO - [2023-12-25T06:27:33.516-0300] {dag.py:3820} INFO - Setting next_dagrun for latest_only_with_trigger to 2023-12-25T04:00:00+00:00, run_after=2023-12-25T08:00:00+00:00
[2023-12-25T06:27:33.600-0300] {processor.py:183} INFO - Processing /home/felipe/.local/lib/python3.10/site-packages/airflow/example_dags/example_latest_only_with_trigger.py took 0.213 seconds
[2023-12-25T06:28:51.690-0300] {processor.py:161} INFO - Started process (PID=12805) to work on /home/felipe/.local/lib/python3.10/site-packages/airflow/example_dags/example_latest_only_with_trigger.py
[2023-12-25T06:28:51.705-0300] {processor.py:830} INFO - Processing file /home/felipe/.local/lib/python3.10/site-packages/airflow/example_dags/example_latest_only_with_trigger.py for tasks to queue
[2023-12-25T06:28:51.707-0300] {logging_mixin.py:188} INFO - [2023-12-25T06:28:51.706-0300] {dagbag.py:538} INFO - Filling up the DagBag from /home/felipe/.local/lib/python3.10/site-packages/airflow/example_dags/example_latest_only_with_trigger.py
[2023-12-25T06:28:51.741-0300] {processor.py:840} INFO - DAG(s) 'latest_only_with_trigger' retrieved from /home/felipe/.local/lib/python3.10/site-packages/airflow/example_dags/example_latest_only_with_trigger.py
[2023-12-25T06:28:51.812-0300] {logging_mixin.py:188} INFO - [2023-12-25T06:28:51.811-0300] {dag.py:3033} INFO - Sync 1 DAGs
[2023-12-25T06:28:51.857-0300] {logging_mixin.py:188} INFO - [2023-12-25T06:28:51.856-0300] {dag.py:3820} INFO - Setting next_dagrun for latest_only_with_trigger to 2023-12-25T04:00:00+00:00, run_after=2023-12-25T08:00:00+00:00
[2023-12-25T06:28:51.908-0300] {processor.py:183} INFO - Processing /home/felipe/.local/lib/python3.10/site-packages/airflow/example_dags/example_latest_only_with_trigger.py took 0.224 seconds
[2023-12-25T06:30:08.679-0300] {processor.py:161} INFO - Started process (PID=12905) to work on /home/felipe/.local/lib/python3.10/site-packages/airflow/example_dags/example_latest_only_with_trigger.py
[2023-12-25T06:30:08.681-0300] {processor.py:830} INFO - Processing file /home/felipe/.local/lib/python3.10/site-packages/airflow/example_dags/example_latest_only_with_trigger.py for tasks to queue
[2023-12-25T06:30:08.683-0300] {logging_mixin.py:188} INFO - [2023-12-25T06:30:08.682-0300] {dagbag.py:538} INFO - Filling up the DagBag from /home/felipe/.local/lib/python3.10/site-packages/airflow/example_dags/example_latest_only_with_trigger.py
[2023-12-25T06:30:08.693-0300] {processor.py:840} INFO - DAG(s) 'latest_only_with_trigger' retrieved from /home/felipe/.local/lib/python3.10/site-packages/airflow/example_dags/example_latest_only_with_trigger.py
[2023-12-25T06:30:08.724-0300] {logging_mixin.py:188} INFO - [2023-12-25T06:30:08.724-0300] {dag.py:3033} INFO - Sync 1 DAGs
[2023-12-25T06:30:08.777-0300] {logging_mixin.py:188} INFO - [2023-12-25T06:30:08.777-0300] {dag.py:3820} INFO - Setting next_dagrun for latest_only_with_trigger to 2023-12-25T04:00:00+00:00, run_after=2023-12-25T08:00:00+00:00
[2023-12-25T06:30:08.829-0300] {processor.py:183} INFO - Processing /home/felipe/.local/lib/python3.10/site-packages/airflow/example_dags/example_latest_only_with_trigger.py took 0.155 seconds
[2023-12-25T06:31:26.270-0300] {processor.py:161} INFO - Started process (PID=12980) to work on /home/felipe/.local/lib/python3.10/site-packages/airflow/example_dags/example_latest_only_with_trigger.py
[2023-12-25T06:31:26.275-0300] {processor.py:830} INFO - Processing file /home/felipe/.local/lib/python3.10/site-packages/airflow/example_dags/example_latest_only_with_trigger.py for tasks to queue
[2023-12-25T06:31:26.277-0300] {logging_mixin.py:188} INFO - [2023-12-25T06:31:26.276-0300] {dagbag.py:538} INFO - Filling up the DagBag from /home/felipe/.local/lib/python3.10/site-packages/airflow/example_dags/example_latest_only_with_trigger.py
[2023-12-25T06:31:26.297-0300] {processor.py:840} INFO - DAG(s) 'latest_only_with_trigger' retrieved from /home/felipe/.local/lib/python3.10/site-packages/airflow/example_dags/example_latest_only_with_trigger.py
[2023-12-25T06:31:26.341-0300] {logging_mixin.py:188} INFO - [2023-12-25T06:31:26.341-0300] {dag.py:3033} INFO - Sync 1 DAGs
[2023-12-25T06:31:26.400-0300] {logging_mixin.py:188} INFO - [2023-12-25T06:31:26.400-0300] {dag.py:3820} INFO - Setting next_dagrun for latest_only_with_trigger to 2023-12-25T04:00:00+00:00, run_after=2023-12-25T08:00:00+00:00
[2023-12-25T06:31:26.460-0300] {processor.py:183} INFO - Processing /home/felipe/.local/lib/python3.10/site-packages/airflow/example_dags/example_latest_only_with_trigger.py took 0.196 seconds
[2023-12-25T06:32:22.736-0300] {processor.py:161} INFO - Started process (PID=13031) to work on /home/felipe/.local/lib/python3.10/site-packages/airflow/example_dags/example_latest_only_with_trigger.py
[2023-12-25T06:32:22.738-0300] {processor.py:830} INFO - Processing file /home/felipe/.local/lib/python3.10/site-packages/airflow/example_dags/example_latest_only_with_trigger.py for tasks to queue
[2023-12-25T06:32:22.740-0300] {logging_mixin.py:188} INFO - [2023-12-25T06:32:22.739-0300] {dagbag.py:538} INFO - Filling up the DagBag from /home/felipe/.local/lib/python3.10/site-packages/airflow/example_dags/example_latest_only_with_trigger.py
[2023-12-25T06:32:22.750-0300] {processor.py:840} INFO - DAG(s) 'latest_only_with_trigger' retrieved from /home/felipe/.local/lib/python3.10/site-packages/airflow/example_dags/example_latest_only_with_trigger.py
[2023-12-25T06:32:22.778-0300] {logging_mixin.py:188} INFO - [2023-12-25T06:32:22.777-0300] {dag.py:3033} INFO - Sync 1 DAGs
[2023-12-25T06:32:22.815-0300] {logging_mixin.py:188} INFO - [2023-12-25T06:32:22.815-0300] {dag.py:3820} INFO - Setting next_dagrun for latest_only_with_trigger to 2023-12-25T04:00:00+00:00, run_after=2023-12-25T08:00:00+00:00
[2023-12-25T06:32:22.863-0300] {processor.py:183} INFO - Processing /home/felipe/.local/lib/python3.10/site-packages/airflow/example_dags/example_latest_only_with_trigger.py took 0.132 seconds
[2023-12-25T06:33:36.360-0300] {processor.py:161} INFO - Started process (PID=13097) to work on /home/felipe/.local/lib/python3.10/site-packages/airflow/example_dags/example_latest_only_with_trigger.py
[2023-12-25T06:33:36.362-0300] {processor.py:830} INFO - Processing file /home/felipe/.local/lib/python3.10/site-packages/airflow/example_dags/example_latest_only_with_trigger.py for tasks to queue
[2023-12-25T06:33:36.367-0300] {logging_mixin.py:188} INFO - [2023-12-25T06:33:36.366-0300] {dagbag.py:538} INFO - Filling up the DagBag from /home/felipe/.local/lib/python3.10/site-packages/airflow/example_dags/example_latest_only_with_trigger.py
[2023-12-25T06:33:36.377-0300] {processor.py:840} INFO - DAG(s) 'latest_only_with_trigger' retrieved from /home/felipe/.local/lib/python3.10/site-packages/airflow/example_dags/example_latest_only_with_trigger.py
[2023-12-25T06:33:36.406-0300] {logging_mixin.py:188} INFO - [2023-12-25T06:33:36.406-0300] {dag.py:3033} INFO - Sync 1 DAGs
[2023-12-25T06:33:36.447-0300] {logging_mixin.py:188} INFO - [2023-12-25T06:33:36.446-0300] {dag.py:3820} INFO - Setting next_dagrun for latest_only_with_trigger to 2023-12-25T04:00:00+00:00, run_after=2023-12-25T08:00:00+00:00
[2023-12-25T06:33:36.501-0300] {processor.py:183} INFO - Processing /home/felipe/.local/lib/python3.10/site-packages/airflow/example_dags/example_latest_only_with_trigger.py took 0.145 seconds
[2023-12-25T06:34:28.770-0300] {processor.py:161} INFO - Started process (PID=13145) to work on /home/felipe/.local/lib/python3.10/site-packages/airflow/example_dags/example_latest_only_with_trigger.py
[2023-12-25T06:34:28.772-0300] {processor.py:830} INFO - Processing file /home/felipe/.local/lib/python3.10/site-packages/airflow/example_dags/example_latest_only_with_trigger.py for tasks to queue
[2023-12-25T06:34:28.774-0300] {logging_mixin.py:188} INFO - [2023-12-25T06:34:28.773-0300] {dagbag.py:538} INFO - Filling up the DagBag from /home/felipe/.local/lib/python3.10/site-packages/airflow/example_dags/example_latest_only_with_trigger.py
[2023-12-25T06:34:28.783-0300] {processor.py:840} INFO - DAG(s) 'latest_only_with_trigger' retrieved from /home/felipe/.local/lib/python3.10/site-packages/airflow/example_dags/example_latest_only_with_trigger.py
[2023-12-25T06:34:28.812-0300] {logging_mixin.py:188} INFO - [2023-12-25T06:34:28.811-0300] {dag.py:3033} INFO - Sync 1 DAGs
[2023-12-25T06:34:28.881-0300] {logging_mixin.py:188} INFO - [2023-12-25T06:34:28.881-0300] {dag.py:3820} INFO - Setting next_dagrun for latest_only_with_trigger to 2023-12-25T04:00:00+00:00, run_after=2023-12-25T08:00:00+00:00
[2023-12-25T06:34:28.929-0300] {processor.py:183} INFO - Processing /home/felipe/.local/lib/python3.10/site-packages/airflow/example_dags/example_latest_only_with_trigger.py took 0.164 seconds
[2023-12-25T06:35:24.965-0300] {processor.py:161} INFO - Started process (PID=13229) to work on /home/felipe/.local/lib/python3.10/site-packages/airflow/example_dags/example_latest_only_with_trigger.py
[2023-12-25T06:35:24.969-0300] {processor.py:830} INFO - Processing file /home/felipe/.local/lib/python3.10/site-packages/airflow/example_dags/example_latest_only_with_trigger.py for tasks to queue
[2023-12-25T06:35:24.972-0300] {logging_mixin.py:188} INFO - [2023-12-25T06:35:24.971-0300] {dagbag.py:538} INFO - Filling up the DagBag from /home/felipe/.local/lib/python3.10/site-packages/airflow/example_dags/example_latest_only_with_trigger.py
[2023-12-25T06:35:24.983-0300] {processor.py:840} INFO - DAG(s) 'latest_only_with_trigger' retrieved from /home/felipe/.local/lib/python3.10/site-packages/airflow/example_dags/example_latest_only_with_trigger.py
[2023-12-25T06:35:25.023-0300] {logging_mixin.py:188} INFO - [2023-12-25T06:35:25.022-0300] {dag.py:3033} INFO - Sync 1 DAGs
[2023-12-25T06:35:25.069-0300] {logging_mixin.py:188} INFO - [2023-12-25T06:35:25.067-0300] {dag.py:3820} INFO - Setting next_dagrun for latest_only_with_trigger to 2023-12-25T04:00:00+00:00, run_after=2023-12-25T08:00:00+00:00
[2023-12-25T06:35:25.122-0300] {processor.py:183} INFO - Processing /home/felipe/.local/lib/python3.10/site-packages/airflow/example_dags/example_latest_only_with_trigger.py took 0.172 seconds
[2023-12-25T06:36:19.926-0300] {processor.py:161} INFO - Started process (PID=13280) to work on /home/felipe/.local/lib/python3.10/site-packages/airflow/example_dags/example_latest_only_with_trigger.py
[2023-12-25T06:36:19.928-0300] {processor.py:830} INFO - Processing file /home/felipe/.local/lib/python3.10/site-packages/airflow/example_dags/example_latest_only_with_trigger.py for tasks to queue
[2023-12-25T06:36:19.930-0300] {logging_mixin.py:188} INFO - [2023-12-25T06:36:19.929-0300] {dagbag.py:538} INFO - Filling up the DagBag from /home/felipe/.local/lib/python3.10/site-packages/airflow/example_dags/example_latest_only_with_trigger.py
[2023-12-25T06:36:19.941-0300] {processor.py:840} INFO - DAG(s) 'latest_only_with_trigger' retrieved from /home/felipe/.local/lib/python3.10/site-packages/airflow/example_dags/example_latest_only_with_trigger.py
[2023-12-25T06:36:19.971-0300] {logging_mixin.py:188} INFO - [2023-12-25T06:36:19.970-0300] {dag.py:3033} INFO - Sync 1 DAGs
[2023-12-25T06:36:20.011-0300] {logging_mixin.py:188} INFO - [2023-12-25T06:36:20.010-0300] {dag.py:3820} INFO - Setting next_dagrun for latest_only_with_trigger to 2023-12-25T04:00:00+00:00, run_after=2023-12-25T08:00:00+00:00
[2023-12-25T06:36:20.066-0300] {processor.py:183} INFO - Processing /home/felipe/.local/lib/python3.10/site-packages/airflow/example_dags/example_latest_only_with_trigger.py took 0.144 seconds
[2023-12-25T06:37:18.033-0300] {processor.py:161} INFO - Started process (PID=13332) to work on /home/felipe/.local/lib/python3.10/site-packages/airflow/example_dags/example_latest_only_with_trigger.py
[2023-12-25T06:37:18.035-0300] {processor.py:830} INFO - Processing file /home/felipe/.local/lib/python3.10/site-packages/airflow/example_dags/example_latest_only_with_trigger.py for tasks to queue
[2023-12-25T06:37:18.037-0300] {logging_mixin.py:188} INFO - [2023-12-25T06:37:18.036-0300] {dagbag.py:538} INFO - Filling up the DagBag from /home/felipe/.local/lib/python3.10/site-packages/airflow/example_dags/example_latest_only_with_trigger.py
[2023-12-25T06:37:18.047-0300] {processor.py:840} INFO - DAG(s) 'latest_only_with_trigger' retrieved from /home/felipe/.local/lib/python3.10/site-packages/airflow/example_dags/example_latest_only_with_trigger.py
[2023-12-25T06:37:18.088-0300] {logging_mixin.py:188} INFO - [2023-12-25T06:37:18.088-0300] {dag.py:3033} INFO - Sync 1 DAGs
[2023-12-25T06:37:18.142-0300] {logging_mixin.py:188} INFO - [2023-12-25T06:37:18.141-0300] {dag.py:3820} INFO - Setting next_dagrun for latest_only_with_trigger to 2023-12-25T04:00:00+00:00, run_after=2023-12-25T08:00:00+00:00
[2023-12-25T06:37:18.198-0300] {processor.py:183} INFO - Processing /home/felipe/.local/lib/python3.10/site-packages/airflow/example_dags/example_latest_only_with_trigger.py took 0.173 seconds
[2023-12-25T06:38:20.652-0300] {processor.py:161} INFO - Started process (PID=13385) to work on /home/felipe/.local/lib/python3.10/site-packages/airflow/example_dags/example_latest_only_with_trigger.py
[2023-12-25T06:38:20.656-0300] {processor.py:830} INFO - Processing file /home/felipe/.local/lib/python3.10/site-packages/airflow/example_dags/example_latest_only_with_trigger.py for tasks to queue
[2023-12-25T06:38:20.660-0300] {logging_mixin.py:188} INFO - [2023-12-25T06:38:20.659-0300] {dagbag.py:538} INFO - Filling up the DagBag from /home/felipe/.local/lib/python3.10/site-packages/airflow/example_dags/example_latest_only_with_trigger.py
[2023-12-25T06:38:20.670-0300] {processor.py:840} INFO - DAG(s) 'latest_only_with_trigger' retrieved from /home/felipe/.local/lib/python3.10/site-packages/airflow/example_dags/example_latest_only_with_trigger.py
[2023-12-25T06:38:20.704-0300] {logging_mixin.py:188} INFO - [2023-12-25T06:38:20.703-0300] {dag.py:3033} INFO - Sync 1 DAGs
[2023-12-25T06:38:20.757-0300] {logging_mixin.py:188} INFO - [2023-12-25T06:38:20.756-0300] {dag.py:3820} INFO - Setting next_dagrun for latest_only_with_trigger to 2023-12-25T04:00:00+00:00, run_after=2023-12-25T08:00:00+00:00
[2023-12-25T06:38:20.824-0300] {processor.py:183} INFO - Processing /home/felipe/.local/lib/python3.10/site-packages/airflow/example_dags/example_latest_only_with_trigger.py took 0.179 seconds
