[2023-12-25T06:23:09.794-0300] {processor.py:161} INFO - Started process (PID=12446) to work on /home/felipe/.local/lib/python3.10/site-packages/airflow/example_dags/example_latest_only.py
[2023-12-25T06:23:09.796-0300] {processor.py:830} INFO - Processing file /home/felipe/.local/lib/python3.10/site-packages/airflow/example_dags/example_latest_only.py for tasks to queue
[2023-12-25T06:23:09.798-0300] {logging_mixin.py:188} INFO - [2023-12-25T06:23:09.797-0300] {dagbag.py:538} INFO - Filling up the DagBag from /home/felipe/.local/lib/python3.10/site-packages/airflow/example_dags/example_latest_only.py
[2023-12-25T06:23:09.807-0300] {processor.py:840} INFO - DAG(s) 'latest_only' retrieved from /home/felipe/.local/lib/python3.10/site-packages/airflow/example_dags/example_latest_only.py
[2023-12-25T06:23:09.840-0300] {logging_mixin.py:188} INFO - [2023-12-25T06:23:09.838-0300] {dag.py:3033} INFO - Sync 1 DAGs
[2023-12-25T06:23:09.902-0300] {logging_mixin.py:188} INFO - [2023-12-25T06:23:09.902-0300] {dag.py:3820} INFO - Setting next_dagrun for latest_only to 2023-12-25T04:00:00+00:00, run_after=2023-12-25T08:00:00+00:00
[2023-12-25T06:23:09.980-0300] {processor.py:183} INFO - Processing /home/felipe/.local/lib/python3.10/site-packages/airflow/example_dags/example_latest_only.py took 0.191 seconds
[2023-12-25T06:24:07.661-0300] {processor.py:161} INFO - Started process (PID=12499) to work on /home/felipe/.local/lib/python3.10/site-packages/airflow/example_dags/example_latest_only.py
[2023-12-25T06:24:07.664-0300] {processor.py:830} INFO - Processing file /home/felipe/.local/lib/python3.10/site-packages/airflow/example_dags/example_latest_only.py for tasks to queue
[2023-12-25T06:24:07.666-0300] {logging_mixin.py:188} INFO - [2023-12-25T06:24:07.665-0300] {dagbag.py:538} INFO - Filling up the DagBag from /home/felipe/.local/lib/python3.10/site-packages/airflow/example_dags/example_latest_only.py
[2023-12-25T06:24:07.676-0300] {processor.py:840} INFO - DAG(s) 'latest_only' retrieved from /home/felipe/.local/lib/python3.10/site-packages/airflow/example_dags/example_latest_only.py
[2023-12-25T06:24:07.704-0300] {logging_mixin.py:188} INFO - [2023-12-25T06:24:07.703-0300] {dag.py:3033} INFO - Sync 1 DAGs
[2023-12-25T06:24:07.752-0300] {logging_mixin.py:188} INFO - [2023-12-25T06:24:07.752-0300] {dag.py:3820} INFO - Setting next_dagrun for latest_only to 2023-12-25T04:00:00+00:00, run_after=2023-12-25T08:00:00+00:00
[2023-12-25T06:24:07.807-0300] {processor.py:183} INFO - Processing /home/felipe/.local/lib/python3.10/site-packages/airflow/example_dags/example_latest_only.py took 0.153 seconds
[2023-12-25T06:25:03.361-0300] {processor.py:161} INFO - Started process (PID=12586) to work on /home/felipe/.local/lib/python3.10/site-packages/airflow/example_dags/example_latest_only.py
[2023-12-25T06:25:03.363-0300] {processor.py:830} INFO - Processing file /home/felipe/.local/lib/python3.10/site-packages/airflow/example_dags/example_latest_only.py for tasks to queue
[2023-12-25T06:25:03.365-0300] {logging_mixin.py:188} INFO - [2023-12-25T06:25:03.364-0300] {dagbag.py:538} INFO - Filling up the DagBag from /home/felipe/.local/lib/python3.10/site-packages/airflow/example_dags/example_latest_only.py
[2023-12-25T06:25:03.373-0300] {processor.py:840} INFO - DAG(s) 'latest_only' retrieved from /home/felipe/.local/lib/python3.10/site-packages/airflow/example_dags/example_latest_only.py
[2023-12-25T06:25:03.402-0300] {logging_mixin.py:188} INFO - [2023-12-25T06:25:03.402-0300] {dag.py:3033} INFO - Sync 1 DAGs
[2023-12-25T06:25:03.446-0300] {logging_mixin.py:188} INFO - [2023-12-25T06:25:03.446-0300] {dag.py:3820} INFO - Setting next_dagrun for latest_only to 2023-12-25T04:00:00+00:00, run_after=2023-12-25T08:00:00+00:00
[2023-12-25T06:25:03.494-0300] {processor.py:183} INFO - Processing /home/felipe/.local/lib/python3.10/site-packages/airflow/example_dags/example_latest_only.py took 0.138 seconds
[2023-12-25T06:26:17.111-0300] {processor.py:161} INFO - Started process (PID=12661) to work on /home/felipe/.local/lib/python3.10/site-packages/airflow/example_dags/example_latest_only.py
[2023-12-25T06:26:17.114-0300] {processor.py:830} INFO - Processing file /home/felipe/.local/lib/python3.10/site-packages/airflow/example_dags/example_latest_only.py for tasks to queue
[2023-12-25T06:26:17.115-0300] {logging_mixin.py:188} INFO - [2023-12-25T06:26:17.115-0300] {dagbag.py:538} INFO - Filling up the DagBag from /home/felipe/.local/lib/python3.10/site-packages/airflow/example_dags/example_latest_only.py
[2023-12-25T06:26:17.126-0300] {processor.py:840} INFO - DAG(s) 'latest_only' retrieved from /home/felipe/.local/lib/python3.10/site-packages/airflow/example_dags/example_latest_only.py
[2023-12-25T06:26:17.161-0300] {logging_mixin.py:188} INFO - [2023-12-25T06:26:17.161-0300] {dag.py:3033} INFO - Sync 1 DAGs
[2023-12-25T06:26:17.209-0300] {logging_mixin.py:188} INFO - [2023-12-25T06:26:17.208-0300] {dag.py:3820} INFO - Setting next_dagrun for latest_only to 2023-12-25T04:00:00+00:00, run_after=2023-12-25T08:00:00+00:00
[2023-12-25T06:26:17.252-0300] {processor.py:183} INFO - Processing /home/felipe/.local/lib/python3.10/site-packages/airflow/example_dags/example_latest_only.py took 0.146 seconds
[2023-12-25T06:27:08.088-0300] {processor.py:161} INFO - Started process (PID=12707) to work on /home/felipe/.local/lib/python3.10/site-packages/airflow/example_dags/example_latest_only.py
[2023-12-25T06:27:08.091-0300] {processor.py:830} INFO - Processing file /home/felipe/.local/lib/python3.10/site-packages/airflow/example_dags/example_latest_only.py for tasks to queue
[2023-12-25T06:27:08.093-0300] {logging_mixin.py:188} INFO - [2023-12-25T06:27:08.092-0300] {dagbag.py:538} INFO - Filling up the DagBag from /home/felipe/.local/lib/python3.10/site-packages/airflow/example_dags/example_latest_only.py
[2023-12-25T06:27:08.101-0300] {processor.py:840} INFO - DAG(s) 'latest_only' retrieved from /home/felipe/.local/lib/python3.10/site-packages/airflow/example_dags/example_latest_only.py
[2023-12-25T06:27:08.129-0300] {logging_mixin.py:188} INFO - [2023-12-25T06:27:08.128-0300] {dag.py:3033} INFO - Sync 1 DAGs
[2023-12-25T06:27:08.168-0300] {logging_mixin.py:188} INFO - [2023-12-25T06:27:08.168-0300] {dag.py:3820} INFO - Setting next_dagrun for latest_only to 2023-12-25T04:00:00+00:00, run_after=2023-12-25T08:00:00+00:00
[2023-12-25T06:27:08.225-0300] {processor.py:183} INFO - Processing /home/felipe/.local/lib/python3.10/site-packages/airflow/example_dags/example_latest_only.py took 0.141 seconds
[2023-12-25T06:28:22.216-0300] {processor.py:161} INFO - Started process (PID=12779) to work on /home/felipe/.local/lib/python3.10/site-packages/airflow/example_dags/example_latest_only.py
[2023-12-25T06:28:22.218-0300] {processor.py:830} INFO - Processing file /home/felipe/.local/lib/python3.10/site-packages/airflow/example_dags/example_latest_only.py for tasks to queue
[2023-12-25T06:28:22.220-0300] {logging_mixin.py:188} INFO - [2023-12-25T06:28:22.220-0300] {dagbag.py:538} INFO - Filling up the DagBag from /home/felipe/.local/lib/python3.10/site-packages/airflow/example_dags/example_latest_only.py
[2023-12-25T06:28:22.231-0300] {processor.py:840} INFO - DAG(s) 'latest_only' retrieved from /home/felipe/.local/lib/python3.10/site-packages/airflow/example_dags/example_latest_only.py
[2023-12-25T06:28:22.260-0300] {logging_mixin.py:188} INFO - [2023-12-25T06:28:22.260-0300] {dag.py:3033} INFO - Sync 1 DAGs
[2023-12-25T06:28:22.315-0300] {logging_mixin.py:188} INFO - [2023-12-25T06:28:22.315-0300] {dag.py:3820} INFO - Setting next_dagrun for latest_only to 2023-12-25T04:00:00+00:00, run_after=2023-12-25T08:00:00+00:00
[2023-12-25T06:28:22.365-0300] {processor.py:183} INFO - Processing /home/felipe/.local/lib/python3.10/site-packages/airflow/example_dags/example_latest_only.py took 0.154 seconds
[2023-12-25T06:29:16.795-0300] {processor.py:161} INFO - Started process (PID=12827) to work on /home/felipe/.local/lib/python3.10/site-packages/airflow/example_dags/example_latest_only.py
[2023-12-25T06:29:16.798-0300] {processor.py:830} INFO - Processing file /home/felipe/.local/lib/python3.10/site-packages/airflow/example_dags/example_latest_only.py for tasks to queue
[2023-12-25T06:29:16.800-0300] {logging_mixin.py:188} INFO - [2023-12-25T06:29:16.799-0300] {dagbag.py:538} INFO - Filling up the DagBag from /home/felipe/.local/lib/python3.10/site-packages/airflow/example_dags/example_latest_only.py
[2023-12-25T06:29:16.810-0300] {processor.py:840} INFO - DAG(s) 'latest_only' retrieved from /home/felipe/.local/lib/python3.10/site-packages/airflow/example_dags/example_latest_only.py
[2023-12-25T06:29:16.838-0300] {logging_mixin.py:188} INFO - [2023-12-25T06:29:16.837-0300] {dag.py:3033} INFO - Sync 1 DAGs
[2023-12-25T06:29:16.881-0300] {logging_mixin.py:188} INFO - [2023-12-25T06:29:16.881-0300] {dag.py:3820} INFO - Setting next_dagrun for latest_only to 2023-12-25T04:00:00+00:00, run_after=2023-12-25T08:00:00+00:00
[2023-12-25T06:29:16.935-0300] {processor.py:183} INFO - Processing /home/felipe/.local/lib/python3.10/site-packages/airflow/example_dags/example_latest_only.py took 0.146 seconds
[2023-12-25T06:30:07.416-0300] {processor.py:161} INFO - Started process (PID=12904) to work on /home/felipe/.local/lib/python3.10/site-packages/airflow/example_dags/example_latest_only.py
[2023-12-25T06:30:07.418-0300] {processor.py:830} INFO - Processing file /home/felipe/.local/lib/python3.10/site-packages/airflow/example_dags/example_latest_only.py for tasks to queue
[2023-12-25T06:30:07.421-0300] {logging_mixin.py:188} INFO - [2023-12-25T06:30:07.419-0300] {dagbag.py:538} INFO - Filling up the DagBag from /home/felipe/.local/lib/python3.10/site-packages/airflow/example_dags/example_latest_only.py
[2023-12-25T06:30:07.431-0300] {processor.py:840} INFO - DAG(s) 'latest_only' retrieved from /home/felipe/.local/lib/python3.10/site-packages/airflow/example_dags/example_latest_only.py
[2023-12-25T06:30:07.461-0300] {logging_mixin.py:188} INFO - [2023-12-25T06:30:07.460-0300] {dag.py:3033} INFO - Sync 1 DAGs
[2023-12-25T06:30:07.506-0300] {logging_mixin.py:188} INFO - [2023-12-25T06:30:07.505-0300] {dag.py:3820} INFO - Setting next_dagrun for latest_only to 2023-12-25T04:00:00+00:00, run_after=2023-12-25T08:00:00+00:00
[2023-12-25T06:30:07.551-0300] {processor.py:183} INFO - Processing /home/felipe/.local/lib/python3.10/site-packages/airflow/example_dags/example_latest_only.py took 0.140 seconds
[2023-12-25T06:31:24.982-0300] {processor.py:161} INFO - Started process (PID=12979) to work on /home/felipe/.local/lib/python3.10/site-packages/airflow/example_dags/example_latest_only.py
[2023-12-25T06:31:24.985-0300] {processor.py:830} INFO - Processing file /home/felipe/.local/lib/python3.10/site-packages/airflow/example_dags/example_latest_only.py for tasks to queue
[2023-12-25T06:31:24.987-0300] {logging_mixin.py:188} INFO - [2023-12-25T06:31:24.987-0300] {dagbag.py:538} INFO - Filling up the DagBag from /home/felipe/.local/lib/python3.10/site-packages/airflow/example_dags/example_latest_only.py
[2023-12-25T06:31:24.998-0300] {processor.py:840} INFO - DAG(s) 'latest_only' retrieved from /home/felipe/.local/lib/python3.10/site-packages/airflow/example_dags/example_latest_only.py
[2023-12-25T06:31:25.031-0300] {logging_mixin.py:188} INFO - [2023-12-25T06:31:25.030-0300] {dag.py:3033} INFO - Sync 1 DAGs
[2023-12-25T06:31:25.089-0300] {logging_mixin.py:188} INFO - [2023-12-25T06:31:25.088-0300] {dag.py:3820} INFO - Setting next_dagrun for latest_only to 2023-12-25T04:00:00+00:00, run_after=2023-12-25T08:00:00+00:00
[2023-12-25T06:31:25.150-0300] {processor.py:183} INFO - Processing /home/felipe/.local/lib/python3.10/site-packages/airflow/example_dags/example_latest_only.py took 0.173 seconds
[2023-12-25T06:32:22.018-0300] {processor.py:161} INFO - Started process (PID=13030) to work on /home/felipe/.local/lib/python3.10/site-packages/airflow/example_dags/example_latest_only.py
[2023-12-25T06:32:22.020-0300] {processor.py:830} INFO - Processing file /home/felipe/.local/lib/python3.10/site-packages/airflow/example_dags/example_latest_only.py for tasks to queue
[2023-12-25T06:32:22.022-0300] {logging_mixin.py:188} INFO - [2023-12-25T06:32:22.021-0300] {dagbag.py:538} INFO - Filling up the DagBag from /home/felipe/.local/lib/python3.10/site-packages/airflow/example_dags/example_latest_only.py
[2023-12-25T06:32:22.031-0300] {processor.py:840} INFO - DAG(s) 'latest_only' retrieved from /home/felipe/.local/lib/python3.10/site-packages/airflow/example_dags/example_latest_only.py
[2023-12-25T06:32:22.057-0300] {logging_mixin.py:188} INFO - [2023-12-25T06:32:22.057-0300] {dag.py:3033} INFO - Sync 1 DAGs
[2023-12-25T06:32:22.094-0300] {logging_mixin.py:188} INFO - [2023-12-25T06:32:22.094-0300] {dag.py:3820} INFO - Setting next_dagrun for latest_only to 2023-12-25T04:00:00+00:00, run_after=2023-12-25T08:00:00+00:00
[2023-12-25T06:32:22.159-0300] {processor.py:183} INFO - Processing /home/felipe/.local/lib/python3.10/site-packages/airflow/example_dags/example_latest_only.py took 0.145 seconds
[2023-12-25T06:33:35.068-0300] {processor.py:161} INFO - Started process (PID=13096) to work on /home/felipe/.local/lib/python3.10/site-packages/airflow/example_dags/example_latest_only.py
[2023-12-25T06:33:35.071-0300] {processor.py:830} INFO - Processing file /home/felipe/.local/lib/python3.10/site-packages/airflow/example_dags/example_latest_only.py for tasks to queue
[2023-12-25T06:33:35.072-0300] {logging_mixin.py:188} INFO - [2023-12-25T06:33:35.072-0300] {dagbag.py:538} INFO - Filling up the DagBag from /home/felipe/.local/lib/python3.10/site-packages/airflow/example_dags/example_latest_only.py
[2023-12-25T06:33:35.082-0300] {processor.py:840} INFO - DAG(s) 'latest_only' retrieved from /home/felipe/.local/lib/python3.10/site-packages/airflow/example_dags/example_latest_only.py
[2023-12-25T06:33:35.108-0300] {logging_mixin.py:188} INFO - [2023-12-25T06:33:35.107-0300] {dag.py:3033} INFO - Sync 1 DAGs
[2023-12-25T06:33:35.145-0300] {logging_mixin.py:188} INFO - [2023-12-25T06:33:35.145-0300] {dag.py:3820} INFO - Setting next_dagrun for latest_only to 2023-12-25T04:00:00+00:00, run_after=2023-12-25T08:00:00+00:00
[2023-12-25T06:33:35.203-0300] {processor.py:183} INFO - Processing /home/felipe/.local/lib/python3.10/site-packages/airflow/example_dags/example_latest_only.py took 0.139 seconds
[2023-12-25T06:34:27.480-0300] {processor.py:161} INFO - Started process (PID=13144) to work on /home/felipe/.local/lib/python3.10/site-packages/airflow/example_dags/example_latest_only.py
[2023-12-25T06:34:27.482-0300] {processor.py:830} INFO - Processing file /home/felipe/.local/lib/python3.10/site-packages/airflow/example_dags/example_latest_only.py for tasks to queue
[2023-12-25T06:34:27.484-0300] {logging_mixin.py:188} INFO - [2023-12-25T06:34:27.483-0300] {dagbag.py:538} INFO - Filling up the DagBag from /home/felipe/.local/lib/python3.10/site-packages/airflow/example_dags/example_latest_only.py
[2023-12-25T06:34:27.492-0300] {processor.py:840} INFO - DAG(s) 'latest_only' retrieved from /home/felipe/.local/lib/python3.10/site-packages/airflow/example_dags/example_latest_only.py
[2023-12-25T06:34:27.519-0300] {logging_mixin.py:188} INFO - [2023-12-25T06:34:27.519-0300] {dag.py:3033} INFO - Sync 1 DAGs
[2023-12-25T06:34:27.557-0300] {logging_mixin.py:188} INFO - [2023-12-25T06:34:27.556-0300] {dag.py:3820} INFO - Setting next_dagrun for latest_only to 2023-12-25T04:00:00+00:00, run_after=2023-12-25T08:00:00+00:00
[2023-12-25T06:34:27.601-0300] {processor.py:183} INFO - Processing /home/felipe/.local/lib/python3.10/site-packages/airflow/example_dags/example_latest_only.py took 0.126 seconds
[2023-12-25T06:35:20.942-0300] {processor.py:161} INFO - Started process (PID=13226) to work on /home/felipe/.local/lib/python3.10/site-packages/airflow/example_dags/example_latest_only.py
[2023-12-25T06:35:20.945-0300] {processor.py:830} INFO - Processing file /home/felipe/.local/lib/python3.10/site-packages/airflow/example_dags/example_latest_only.py for tasks to queue
[2023-12-25T06:35:20.946-0300] {logging_mixin.py:188} INFO - [2023-12-25T06:35:20.946-0300] {dagbag.py:538} INFO - Filling up the DagBag from /home/felipe/.local/lib/python3.10/site-packages/airflow/example_dags/example_latest_only.py
[2023-12-25T06:35:20.957-0300] {processor.py:840} INFO - DAG(s) 'latest_only' retrieved from /home/felipe/.local/lib/python3.10/site-packages/airflow/example_dags/example_latest_only.py
[2023-12-25T06:35:20.994-0300] {logging_mixin.py:188} INFO - [2023-12-25T06:35:20.994-0300] {dag.py:3033} INFO - Sync 1 DAGs
[2023-12-25T06:35:21.061-0300] {logging_mixin.py:188} INFO - [2023-12-25T06:35:21.060-0300] {dag.py:3820} INFO - Setting next_dagrun for latest_only to 2023-12-25T04:00:00+00:00, run_after=2023-12-25T08:00:00+00:00
[2023-12-25T06:35:21.135-0300] {processor.py:183} INFO - Processing /home/felipe/.local/lib/python3.10/site-packages/airflow/example_dags/example_latest_only.py took 0.198 seconds
[2023-12-25T06:36:15.894-0300] {processor.py:161} INFO - Started process (PID=13277) to work on /home/felipe/.local/lib/python3.10/site-packages/airflow/example_dags/example_latest_only.py
[2023-12-25T06:36:15.899-0300] {processor.py:830} INFO - Processing file /home/felipe/.local/lib/python3.10/site-packages/airflow/example_dags/example_latest_only.py for tasks to queue
[2023-12-25T06:36:15.914-0300] {logging_mixin.py:188} INFO - [2023-12-25T06:36:15.911-0300] {dagbag.py:538} INFO - Filling up the DagBag from /home/felipe/.local/lib/python3.10/site-packages/airflow/example_dags/example_latest_only.py
[2023-12-25T06:36:15.969-0300] {processor.py:840} INFO - DAG(s) 'latest_only' retrieved from /home/felipe/.local/lib/python3.10/site-packages/airflow/example_dags/example_latest_only.py
[2023-12-25T06:36:16.063-0300] {logging_mixin.py:188} INFO - [2023-12-25T06:36:16.062-0300] {dag.py:3033} INFO - Sync 1 DAGs
[2023-12-25T06:36:16.166-0300] {logging_mixin.py:188} INFO - [2023-12-25T06:36:16.165-0300] {dag.py:3820} INFO - Setting next_dagrun for latest_only to 2023-12-25T04:00:00+00:00, run_after=2023-12-25T08:00:00+00:00
[2023-12-25T06:36:16.233-0300] {processor.py:183} INFO - Processing /home/felipe/.local/lib/python3.10/site-packages/airflow/example_dags/example_latest_only.py took 0.368 seconds
[2023-12-25T06:37:14.848-0300] {processor.py:161} INFO - Started process (PID=13329) to work on /home/felipe/.local/lib/python3.10/site-packages/airflow/example_dags/example_latest_only.py
[2023-12-25T06:37:14.851-0300] {processor.py:830} INFO - Processing file /home/felipe/.local/lib/python3.10/site-packages/airflow/example_dags/example_latest_only.py for tasks to queue
[2023-12-25T06:37:14.852-0300] {logging_mixin.py:188} INFO - [2023-12-25T06:37:14.852-0300] {dagbag.py:538} INFO - Filling up the DagBag from /home/felipe/.local/lib/python3.10/site-packages/airflow/example_dags/example_latest_only.py
[2023-12-25T06:37:14.862-0300] {processor.py:840} INFO - DAG(s) 'latest_only' retrieved from /home/felipe/.local/lib/python3.10/site-packages/airflow/example_dags/example_latest_only.py
[2023-12-25T06:37:14.902-0300] {logging_mixin.py:188} INFO - [2023-12-25T06:37:14.901-0300] {dag.py:3033} INFO - Sync 1 DAGs
[2023-12-25T06:37:14.956-0300] {logging_mixin.py:188} INFO - [2023-12-25T06:37:14.955-0300] {dag.py:3820} INFO - Setting next_dagrun for latest_only to 2023-12-25T04:00:00+00:00, run_after=2023-12-25T08:00:00+00:00
[2023-12-25T06:37:15.013-0300] {processor.py:183} INFO - Processing /home/felipe/.local/lib/python3.10/site-packages/airflow/example_dags/example_latest_only.py took 0.171 seconds
[2023-12-25T06:38:16.626-0300] {processor.py:161} INFO - Started process (PID=13382) to work on /home/felipe/.local/lib/python3.10/site-packages/airflow/example_dags/example_latest_only.py
[2023-12-25T06:38:16.629-0300] {processor.py:830} INFO - Processing file /home/felipe/.local/lib/python3.10/site-packages/airflow/example_dags/example_latest_only.py for tasks to queue
[2023-12-25T06:38:16.632-0300] {logging_mixin.py:188} INFO - [2023-12-25T06:38:16.631-0300] {dagbag.py:538} INFO - Filling up the DagBag from /home/felipe/.local/lib/python3.10/site-packages/airflow/example_dags/example_latest_only.py
[2023-12-25T06:38:16.645-0300] {processor.py:840} INFO - DAG(s) 'latest_only' retrieved from /home/felipe/.local/lib/python3.10/site-packages/airflow/example_dags/example_latest_only.py
[2023-12-25T06:38:16.679-0300] {logging_mixin.py:188} INFO - [2023-12-25T06:38:16.678-0300] {dag.py:3033} INFO - Sync 1 DAGs
[2023-12-25T06:38:16.727-0300] {logging_mixin.py:188} INFO - [2023-12-25T06:38:16.726-0300] {dag.py:3820} INFO - Setting next_dagrun for latest_only to 2023-12-25T04:00:00+00:00, run_after=2023-12-25T08:00:00+00:00
[2023-12-25T06:38:16.772-0300] {processor.py:183} INFO - Processing /home/felipe/.local/lib/python3.10/site-packages/airflow/example_dags/example_latest_only.py took 0.152 seconds
