[2023-12-25T06:23:13.798-0300] {processor.py:161} INFO - Started process (PID=12450) to work on /home/felipe/.local/lib/python3.10/site-packages/airflow/example_dags/example_branch_datetime_operator.py
[2023-12-25T06:23:13.799-0300] {processor.py:830} INFO - Processing file /home/felipe/.local/lib/python3.10/site-packages/airflow/example_dags/example_branch_datetime_operator.py for tasks to queue
[2023-12-25T06:23:13.801-0300] {logging_mixin.py:188} INFO - [2023-12-25T06:23:13.801-0300] {dagbag.py:538} INFO - Filling up the DagBag from /home/felipe/.local/lib/python3.10/site-packages/airflow/example_dags/example_branch_datetime_operator.py
[2023-12-25T06:23:13.820-0300] {processor.py:840} INFO - DAG(s) 'example_branch_datetime_operator_3', 'example_branch_datetime_operator_2', 'example_branch_datetime_operator' retrieved from /home/felipe/.local/lib/python3.10/site-packages/airflow/example_dags/example_branch_datetime_operator.py
[2023-12-25T06:23:13.864-0300] {logging_mixin.py:188} INFO - [2023-12-25T06:23:13.863-0300] {dag.py:3033} INFO - Sync 3 DAGs
[2023-12-25T06:23:13.927-0300] {logging_mixin.py:188} INFO - [2023-12-25T06:23:13.927-0300] {dag.py:3820} INFO - Setting next_dagrun for example_branch_datetime_operator to 2023-12-24T00:00:00+00:00, run_after=2023-12-25T00:00:00+00:00
[2023-12-25T06:23:13.939-0300] {logging_mixin.py:188} INFO - [2023-12-25T06:23:13.938-0300] {dag.py:3820} INFO - Setting next_dagrun for example_branch_datetime_operator_2 to 2023-12-24T00:00:00+00:00, run_after=2023-12-25T00:00:00+00:00
[2023-12-25T06:23:13.946-0300] {logging_mixin.py:188} INFO - [2023-12-25T06:23:13.945-0300] {dag.py:3820} INFO - Setting next_dagrun for example_branch_datetime_operator_3 to 2023-12-24T00:00:00+00:00, run_after=2023-12-25T00:00:00+00:00
[2023-12-25T06:23:14.008-0300] {processor.py:183} INFO - Processing /home/felipe/.local/lib/python3.10/site-packages/airflow/example_dags/example_branch_datetime_operator.py took 0.216 seconds
[2023-12-25T06:24:13.105-0300] {processor.py:161} INFO - Started process (PID=12503) to work on /home/felipe/.local/lib/python3.10/site-packages/airflow/example_dags/example_branch_datetime_operator.py
[2023-12-25T06:24:13.131-0300] {processor.py:830} INFO - Processing file /home/felipe/.local/lib/python3.10/site-packages/airflow/example_dags/example_branch_datetime_operator.py for tasks to queue
[2023-12-25T06:24:13.134-0300] {logging_mixin.py:188} INFO - [2023-12-25T06:24:13.133-0300] {dagbag.py:538} INFO - Filling up the DagBag from /home/felipe/.local/lib/python3.10/site-packages/airflow/example_dags/example_branch_datetime_operator.py
[2023-12-25T06:24:13.191-0300] {processor.py:840} INFO - DAG(s) 'example_branch_datetime_operator_2', 'example_branch_datetime_operator_3', 'example_branch_datetime_operator' retrieved from /home/felipe/.local/lib/python3.10/site-packages/airflow/example_dags/example_branch_datetime_operator.py
[2023-12-25T06:24:13.267-0300] {logging_mixin.py:188} INFO - [2023-12-25T06:24:13.267-0300] {dag.py:3033} INFO - Sync 3 DAGs
[2023-12-25T06:24:13.356-0300] {logging_mixin.py:188} INFO - [2023-12-25T06:24:13.355-0300] {dag.py:3820} INFO - Setting next_dagrun for example_branch_datetime_operator to 2023-12-24T00:00:00+00:00, run_after=2023-12-25T00:00:00+00:00
[2023-12-25T06:24:13.374-0300] {logging_mixin.py:188} INFO - [2023-12-25T06:24:13.373-0300] {dag.py:3820} INFO - Setting next_dagrun for example_branch_datetime_operator_2 to 2023-12-24T00:00:00+00:00, run_after=2023-12-25T00:00:00+00:00
[2023-12-25T06:24:13.388-0300] {logging_mixin.py:188} INFO - [2023-12-25T06:24:13.387-0300] {dag.py:3820} INFO - Setting next_dagrun for example_branch_datetime_operator_3 to 2023-12-24T00:00:00+00:00, run_after=2023-12-25T00:00:00+00:00
[2023-12-25T06:24:13.457-0300] {processor.py:183} INFO - Processing /home/felipe/.local/lib/python3.10/site-packages/airflow/example_dags/example_branch_datetime_operator.py took 0.356 seconds
[2023-12-25T06:25:08.542-0300] {processor.py:161} INFO - Started process (PID=12591) to work on /home/felipe/.local/lib/python3.10/site-packages/airflow/example_dags/example_branch_datetime_operator.py
[2023-12-25T06:25:08.544-0300] {processor.py:830} INFO - Processing file /home/felipe/.local/lib/python3.10/site-packages/airflow/example_dags/example_branch_datetime_operator.py for tasks to queue
[2023-12-25T06:25:08.546-0300] {logging_mixin.py:188} INFO - [2023-12-25T06:25:08.545-0300] {dagbag.py:538} INFO - Filling up the DagBag from /home/felipe/.local/lib/python3.10/site-packages/airflow/example_dags/example_branch_datetime_operator.py
[2023-12-25T06:25:08.562-0300] {processor.py:840} INFO - DAG(s) 'example_branch_datetime_operator_3', 'example_branch_datetime_operator', 'example_branch_datetime_operator_2' retrieved from /home/felipe/.local/lib/python3.10/site-packages/airflow/example_dags/example_branch_datetime_operator.py
[2023-12-25T06:25:08.604-0300] {logging_mixin.py:188} INFO - [2023-12-25T06:25:08.604-0300] {dag.py:3033} INFO - Sync 3 DAGs
[2023-12-25T06:25:08.653-0300] {logging_mixin.py:188} INFO - [2023-12-25T06:25:08.652-0300] {dag.py:3820} INFO - Setting next_dagrun for example_branch_datetime_operator to 2023-12-24T00:00:00+00:00, run_after=2023-12-25T00:00:00+00:00
[2023-12-25T06:25:08.663-0300] {logging_mixin.py:188} INFO - [2023-12-25T06:25:08.662-0300] {dag.py:3820} INFO - Setting next_dagrun for example_branch_datetime_operator_2 to 2023-12-24T00:00:00+00:00, run_after=2023-12-25T00:00:00+00:00
[2023-12-25T06:25:08.668-0300] {logging_mixin.py:188} INFO - [2023-12-25T06:25:08.668-0300] {dag.py:3820} INFO - Setting next_dagrun for example_branch_datetime_operator_3 to 2023-12-24T00:00:00+00:00, run_after=2023-12-25T00:00:00+00:00
[2023-12-25T06:25:08.711-0300] {processor.py:183} INFO - Processing /home/felipe/.local/lib/python3.10/site-packages/airflow/example_dags/example_branch_datetime_operator.py took 0.175 seconds
[2023-12-25T06:26:22.380-0300] {processor.py:161} INFO - Started process (PID=12666) to work on /home/felipe/.local/lib/python3.10/site-packages/airflow/example_dags/example_branch_datetime_operator.py
[2023-12-25T06:26:22.383-0300] {processor.py:830} INFO - Processing file /home/felipe/.local/lib/python3.10/site-packages/airflow/example_dags/example_branch_datetime_operator.py for tasks to queue
[2023-12-25T06:26:22.384-0300] {logging_mixin.py:188} INFO - [2023-12-25T06:26:22.384-0300] {dagbag.py:538} INFO - Filling up the DagBag from /home/felipe/.local/lib/python3.10/site-packages/airflow/example_dags/example_branch_datetime_operator.py
[2023-12-25T06:26:22.402-0300] {processor.py:840} INFO - DAG(s) 'example_branch_datetime_operator_3', 'example_branch_datetime_operator', 'example_branch_datetime_operator_2' retrieved from /home/felipe/.local/lib/python3.10/site-packages/airflow/example_dags/example_branch_datetime_operator.py
[2023-12-25T06:26:22.445-0300] {logging_mixin.py:188} INFO - [2023-12-25T06:26:22.444-0300] {dag.py:3033} INFO - Sync 3 DAGs
[2023-12-25T06:26:22.493-0300] {logging_mixin.py:188} INFO - [2023-12-25T06:26:22.493-0300] {dag.py:3820} INFO - Setting next_dagrun for example_branch_datetime_operator to 2023-12-24T00:00:00+00:00, run_after=2023-12-25T00:00:00+00:00
[2023-12-25T06:26:22.503-0300] {logging_mixin.py:188} INFO - [2023-12-25T06:26:22.502-0300] {dag.py:3820} INFO - Setting next_dagrun for example_branch_datetime_operator_2 to 2023-12-24T00:00:00+00:00, run_after=2023-12-25T00:00:00+00:00
[2023-12-25T06:26:22.508-0300] {logging_mixin.py:188} INFO - [2023-12-25T06:26:22.507-0300] {dag.py:3820} INFO - Setting next_dagrun for example_branch_datetime_operator_3 to 2023-12-24T00:00:00+00:00, run_after=2023-12-25T00:00:00+00:00
[2023-12-25T06:26:22.551-0300] {processor.py:183} INFO - Processing /home/felipe/.local/lib/python3.10/site-packages/airflow/example_dags/example_branch_datetime_operator.py took 0.175 seconds
[2023-12-25T06:27:36.027-0300] {processor.py:161} INFO - Started process (PID=12734) to work on /home/felipe/.local/lib/python3.10/site-packages/airflow/example_dags/example_branch_datetime_operator.py
[2023-12-25T06:27:36.030-0300] {processor.py:830} INFO - Processing file /home/felipe/.local/lib/python3.10/site-packages/airflow/example_dags/example_branch_datetime_operator.py for tasks to queue
[2023-12-25T06:27:36.033-0300] {logging_mixin.py:188} INFO - [2023-12-25T06:27:36.031-0300] {dagbag.py:538} INFO - Filling up the DagBag from /home/felipe/.local/lib/python3.10/site-packages/airflow/example_dags/example_branch_datetime_operator.py
[2023-12-25T06:27:36.053-0300] {processor.py:840} INFO - DAG(s) 'example_branch_datetime_operator_3', 'example_branch_datetime_operator_2', 'example_branch_datetime_operator' retrieved from /home/felipe/.local/lib/python3.10/site-packages/airflow/example_dags/example_branch_datetime_operator.py
[2023-12-25T06:27:36.099-0300] {logging_mixin.py:188} INFO - [2023-12-25T06:27:36.099-0300] {dag.py:3033} INFO - Sync 3 DAGs
[2023-12-25T06:27:36.155-0300] {logging_mixin.py:188} INFO - [2023-12-25T06:27:36.155-0300] {dag.py:3820} INFO - Setting next_dagrun for example_branch_datetime_operator to 2023-12-24T00:00:00+00:00, run_after=2023-12-25T00:00:00+00:00
[2023-12-25T06:27:36.167-0300] {logging_mixin.py:188} INFO - [2023-12-25T06:27:36.166-0300] {dag.py:3820} INFO - Setting next_dagrun for example_branch_datetime_operator_2 to 2023-12-24T00:00:00+00:00, run_after=2023-12-25T00:00:00+00:00
[2023-12-25T06:27:36.172-0300] {logging_mixin.py:188} INFO - [2023-12-25T06:27:36.172-0300] {dag.py:3820} INFO - Setting next_dagrun for example_branch_datetime_operator_3 to 2023-12-24T00:00:00+00:00, run_after=2023-12-25T00:00:00+00:00
[2023-12-25T06:27:36.220-0300] {processor.py:183} INFO - Processing /home/felipe/.local/lib/python3.10/site-packages/airflow/example_dags/example_branch_datetime_operator.py took 0.197 seconds
[2023-12-25T06:28:54.530-0300] {processor.py:161} INFO - Started process (PID=12807) to work on /home/felipe/.local/lib/python3.10/site-packages/airflow/example_dags/example_branch_datetime_operator.py
[2023-12-25T06:28:54.532-0300] {processor.py:830} INFO - Processing file /home/felipe/.local/lib/python3.10/site-packages/airflow/example_dags/example_branch_datetime_operator.py for tasks to queue
[2023-12-25T06:28:54.534-0300] {logging_mixin.py:188} INFO - [2023-12-25T06:28:54.533-0300] {dagbag.py:538} INFO - Filling up the DagBag from /home/felipe/.local/lib/python3.10/site-packages/airflow/example_dags/example_branch_datetime_operator.py
[2023-12-25T06:28:54.563-0300] {processor.py:840} INFO - DAG(s) 'example_branch_datetime_operator', 'example_branch_datetime_operator_3', 'example_branch_datetime_operator_2' retrieved from /home/felipe/.local/lib/python3.10/site-packages/airflow/example_dags/example_branch_datetime_operator.py
[2023-12-25T06:28:54.606-0300] {logging_mixin.py:188} INFO - [2023-12-25T06:28:54.606-0300] {dag.py:3033} INFO - Sync 3 DAGs
[2023-12-25T06:28:54.661-0300] {logging_mixin.py:188} INFO - [2023-12-25T06:28:54.661-0300] {dag.py:3820} INFO - Setting next_dagrun for example_branch_datetime_operator to 2023-12-24T00:00:00+00:00, run_after=2023-12-25T00:00:00+00:00
[2023-12-25T06:28:54.671-0300] {logging_mixin.py:188} INFO - [2023-12-25T06:28:54.670-0300] {dag.py:3820} INFO - Setting next_dagrun for example_branch_datetime_operator_2 to 2023-12-24T00:00:00+00:00, run_after=2023-12-25T00:00:00+00:00
[2023-12-25T06:28:54.676-0300] {logging_mixin.py:188} INFO - [2023-12-25T06:28:54.675-0300] {dag.py:3820} INFO - Setting next_dagrun for example_branch_datetime_operator_3 to 2023-12-24T00:00:00+00:00, run_after=2023-12-25T00:00:00+00:00
[2023-12-25T06:28:54.719-0300] {processor.py:183} INFO - Processing /home/felipe/.local/lib/python3.10/site-packages/airflow/example_dags/example_branch_datetime_operator.py took 0.196 seconds
[2023-12-25T06:30:11.196-0300] {processor.py:161} INFO - Started process (PID=12907) to work on /home/felipe/.local/lib/python3.10/site-packages/airflow/example_dags/example_branch_datetime_operator.py
[2023-12-25T06:30:11.199-0300] {processor.py:830} INFO - Processing file /home/felipe/.local/lib/python3.10/site-packages/airflow/example_dags/example_branch_datetime_operator.py for tasks to queue
[2023-12-25T06:30:11.200-0300] {logging_mixin.py:188} INFO - [2023-12-25T06:30:11.200-0300] {dagbag.py:538} INFO - Filling up the DagBag from /home/felipe/.local/lib/python3.10/site-packages/airflow/example_dags/example_branch_datetime_operator.py
[2023-12-25T06:30:11.224-0300] {processor.py:840} INFO - DAG(s) 'example_branch_datetime_operator_3', 'example_branch_datetime_operator_2', 'example_branch_datetime_operator' retrieved from /home/felipe/.local/lib/python3.10/site-packages/airflow/example_dags/example_branch_datetime_operator.py
[2023-12-25T06:30:11.274-0300] {logging_mixin.py:188} INFO - [2023-12-25T06:30:11.273-0300] {dag.py:3033} INFO - Sync 3 DAGs
[2023-12-25T06:30:11.327-0300] {logging_mixin.py:188} INFO - [2023-12-25T06:30:11.326-0300] {dag.py:3820} INFO - Setting next_dagrun for example_branch_datetime_operator to 2023-12-24T00:00:00+00:00, run_after=2023-12-25T00:00:00+00:00
[2023-12-25T06:30:11.345-0300] {logging_mixin.py:188} INFO - [2023-12-25T06:30:11.345-0300] {dag.py:3820} INFO - Setting next_dagrun for example_branch_datetime_operator_2 to 2023-12-24T00:00:00+00:00, run_after=2023-12-25T00:00:00+00:00
[2023-12-25T06:30:11.352-0300] {logging_mixin.py:188} INFO - [2023-12-25T06:30:11.351-0300] {dag.py:3820} INFO - Setting next_dagrun for example_branch_datetime_operator_3 to 2023-12-24T00:00:00+00:00, run_after=2023-12-25T00:00:00+00:00
[2023-12-25T06:30:11.394-0300] {processor.py:183} INFO - Processing /home/felipe/.local/lib/python3.10/site-packages/airflow/example_dags/example_branch_datetime_operator.py took 0.203 seconds
[2023-12-25T06:31:28.989-0300] {processor.py:161} INFO - Started process (PID=12982) to work on /home/felipe/.local/lib/python3.10/site-packages/airflow/example_dags/example_branch_datetime_operator.py
[2023-12-25T06:31:28.997-0300] {processor.py:830} INFO - Processing file /home/felipe/.local/lib/python3.10/site-packages/airflow/example_dags/example_branch_datetime_operator.py for tasks to queue
[2023-12-25T06:31:29.000-0300] {logging_mixin.py:188} INFO - [2023-12-25T06:31:28.999-0300] {dagbag.py:538} INFO - Filling up the DagBag from /home/felipe/.local/lib/python3.10/site-packages/airflow/example_dags/example_branch_datetime_operator.py
[2023-12-25T06:31:29.029-0300] {processor.py:840} INFO - DAG(s) 'example_branch_datetime_operator', 'example_branch_datetime_operator_2', 'example_branch_datetime_operator_3' retrieved from /home/felipe/.local/lib/python3.10/site-packages/airflow/example_dags/example_branch_datetime_operator.py
[2023-12-25T06:31:29.118-0300] {logging_mixin.py:188} INFO - [2023-12-25T06:31:29.117-0300] {dag.py:3033} INFO - Sync 3 DAGs
[2023-12-25T06:31:29.184-0300] {logging_mixin.py:188} INFO - [2023-12-25T06:31:29.184-0300] {dag.py:3820} INFO - Setting next_dagrun for example_branch_datetime_operator to 2023-12-24T00:00:00+00:00, run_after=2023-12-25T00:00:00+00:00
[2023-12-25T06:31:29.200-0300] {logging_mixin.py:188} INFO - [2023-12-25T06:31:29.200-0300] {dag.py:3820} INFO - Setting next_dagrun for example_branch_datetime_operator_2 to 2023-12-24T00:00:00+00:00, run_after=2023-12-25T00:00:00+00:00
[2023-12-25T06:31:29.207-0300] {logging_mixin.py:188} INFO - [2023-12-25T06:31:29.206-0300] {dag.py:3820} INFO - Setting next_dagrun for example_branch_datetime_operator_3 to 2023-12-24T00:00:00+00:00, run_after=2023-12-25T00:00:00+00:00
[2023-12-25T06:31:29.256-0300] {processor.py:183} INFO - Processing /home/felipe/.local/lib/python3.10/site-packages/airflow/example_dags/example_branch_datetime_operator.py took 0.273 seconds
[2023-12-25T06:32:25.378-0300] {processor.py:161} INFO - Started process (PID=13033) to work on /home/felipe/.local/lib/python3.10/site-packages/airflow/example_dags/example_branch_datetime_operator.py
[2023-12-25T06:32:25.381-0300] {processor.py:830} INFO - Processing file /home/felipe/.local/lib/python3.10/site-packages/airflow/example_dags/example_branch_datetime_operator.py for tasks to queue
[2023-12-25T06:32:25.383-0300] {logging_mixin.py:188} INFO - [2023-12-25T06:32:25.382-0300] {dagbag.py:538} INFO - Filling up the DagBag from /home/felipe/.local/lib/python3.10/site-packages/airflow/example_dags/example_branch_datetime_operator.py
[2023-12-25T06:32:25.400-0300] {processor.py:840} INFO - DAG(s) 'example_branch_datetime_operator_2', 'example_branch_datetime_operator_3', 'example_branch_datetime_operator' retrieved from /home/felipe/.local/lib/python3.10/site-packages/airflow/example_dags/example_branch_datetime_operator.py
[2023-12-25T06:32:25.440-0300] {logging_mixin.py:188} INFO - [2023-12-25T06:32:25.440-0300] {dag.py:3033} INFO - Sync 3 DAGs
[2023-12-25T06:32:25.491-0300] {logging_mixin.py:188} INFO - [2023-12-25T06:32:25.491-0300] {dag.py:3820} INFO - Setting next_dagrun for example_branch_datetime_operator to 2023-12-24T00:00:00+00:00, run_after=2023-12-25T00:00:00+00:00
[2023-12-25T06:32:25.502-0300] {logging_mixin.py:188} INFO - [2023-12-25T06:32:25.502-0300] {dag.py:3820} INFO - Setting next_dagrun for example_branch_datetime_operator_2 to 2023-12-24T00:00:00+00:00, run_after=2023-12-25T00:00:00+00:00
[2023-12-25T06:32:25.507-0300] {logging_mixin.py:188} INFO - [2023-12-25T06:32:25.507-0300] {dag.py:3820} INFO - Setting next_dagrun for example_branch_datetime_operator_3 to 2023-12-24T00:00:00+00:00, run_after=2023-12-25T00:00:00+00:00
[2023-12-25T06:32:25.550-0300] {processor.py:183} INFO - Processing /home/felipe/.local/lib/python3.10/site-packages/airflow/example_dags/example_branch_datetime_operator.py took 0.176 seconds
[2023-12-25T06:33:38.798-0300] {processor.py:161} INFO - Started process (PID=13099) to work on /home/felipe/.local/lib/python3.10/site-packages/airflow/example_dags/example_branch_datetime_operator.py
[2023-12-25T06:33:38.800-0300] {processor.py:830} INFO - Processing file /home/felipe/.local/lib/python3.10/site-packages/airflow/example_dags/example_branch_datetime_operator.py for tasks to queue
[2023-12-25T06:33:38.803-0300] {logging_mixin.py:188} INFO - [2023-12-25T06:33:38.802-0300] {dagbag.py:538} INFO - Filling up the DagBag from /home/felipe/.local/lib/python3.10/site-packages/airflow/example_dags/example_branch_datetime_operator.py
[2023-12-25T06:33:38.820-0300] {processor.py:840} INFO - DAG(s) 'example_branch_datetime_operator', 'example_branch_datetime_operator_3', 'example_branch_datetime_operator_2' retrieved from /home/felipe/.local/lib/python3.10/site-packages/airflow/example_dags/example_branch_datetime_operator.py
[2023-12-25T06:33:38.860-0300] {logging_mixin.py:188} INFO - [2023-12-25T06:33:38.860-0300] {dag.py:3033} INFO - Sync 3 DAGs
[2023-12-25T06:33:38.911-0300] {logging_mixin.py:188} INFO - [2023-12-25T06:33:38.911-0300] {dag.py:3820} INFO - Setting next_dagrun for example_branch_datetime_operator to 2023-12-24T00:00:00+00:00, run_after=2023-12-25T00:00:00+00:00
[2023-12-25T06:33:38.921-0300] {logging_mixin.py:188} INFO - [2023-12-25T06:33:38.921-0300] {dag.py:3820} INFO - Setting next_dagrun for example_branch_datetime_operator_2 to 2023-12-24T00:00:00+00:00, run_after=2023-12-25T00:00:00+00:00
[2023-12-25T06:33:38.926-0300] {logging_mixin.py:188} INFO - [2023-12-25T06:33:38.926-0300] {dag.py:3820} INFO - Setting next_dagrun for example_branch_datetime_operator_3 to 2023-12-24T00:00:00+00:00, run_after=2023-12-25T00:00:00+00:00
[2023-12-25T06:33:38.967-0300] {processor.py:183} INFO - Processing /home/felipe/.local/lib/python3.10/site-packages/airflow/example_dags/example_branch_datetime_operator.py took 0.174 seconds
[2023-12-25T06:34:57.791-0300] {processor.py:161} INFO - Started process (PID=13183) to work on /home/felipe/.local/lib/python3.10/site-packages/airflow/example_dags/example_branch_datetime_operator.py
[2023-12-25T06:34:57.795-0300] {processor.py:830} INFO - Processing file /home/felipe/.local/lib/python3.10/site-packages/airflow/example_dags/example_branch_datetime_operator.py for tasks to queue
[2023-12-25T06:34:57.807-0300] {logging_mixin.py:188} INFO - [2023-12-25T06:34:57.806-0300] {dagbag.py:538} INFO - Filling up the DagBag from /home/felipe/.local/lib/python3.10/site-packages/airflow/example_dags/example_branch_datetime_operator.py
[2023-12-25T06:34:57.847-0300] {processor.py:840} INFO - DAG(s) 'example_branch_datetime_operator_2', 'example_branch_datetime_operator_3', 'example_branch_datetime_operator' retrieved from /home/felipe/.local/lib/python3.10/site-packages/airflow/example_dags/example_branch_datetime_operator.py
[2023-12-25T06:34:57.906-0300] {logging_mixin.py:188} INFO - [2023-12-25T06:34:57.906-0300] {dag.py:3033} INFO - Sync 3 DAGs
[2023-12-25T06:34:57.948-0300] {logging_mixin.py:188} INFO - [2023-12-25T06:34:57.947-0300] {dag.py:3820} INFO - Setting next_dagrun for example_branch_datetime_operator to 2023-12-24T00:00:00+00:00, run_after=2023-12-25T00:00:00+00:00
[2023-12-25T06:34:57.957-0300] {logging_mixin.py:188} INFO - [2023-12-25T06:34:57.957-0300] {dag.py:3820} INFO - Setting next_dagrun for example_branch_datetime_operator_2 to 2023-12-24T00:00:00+00:00, run_after=2023-12-25T00:00:00+00:00
[2023-12-25T06:34:57.963-0300] {logging_mixin.py:188} INFO - [2023-12-25T06:34:57.962-0300] {dag.py:3820} INFO - Setting next_dagrun for example_branch_datetime_operator_3 to 2023-12-24T00:00:00+00:00, run_after=2023-12-25T00:00:00+00:00
[2023-12-25T06:34:58.008-0300] {processor.py:183} INFO - Processing /home/felipe/.local/lib/python3.10/site-packages/airflow/example_dags/example_branch_datetime_operator.py took 0.236 seconds
[2023-12-25T06:36:22.593-0300] {processor.py:161} INFO - Started process (PID=13282) to work on /home/felipe/.local/lib/python3.10/site-packages/airflow/example_dags/example_branch_datetime_operator.py
[2023-12-25T06:36:22.595-0300] {processor.py:830} INFO - Processing file /home/felipe/.local/lib/python3.10/site-packages/airflow/example_dags/example_branch_datetime_operator.py for tasks to queue
[2023-12-25T06:36:22.597-0300] {logging_mixin.py:188} INFO - [2023-12-25T06:36:22.596-0300] {dagbag.py:538} INFO - Filling up the DagBag from /home/felipe/.local/lib/python3.10/site-packages/airflow/example_dags/example_branch_datetime_operator.py
[2023-12-25T06:36:22.617-0300] {processor.py:840} INFO - DAG(s) 'example_branch_datetime_operator', 'example_branch_datetime_operator_3', 'example_branch_datetime_operator_2' retrieved from /home/felipe/.local/lib/python3.10/site-packages/airflow/example_dags/example_branch_datetime_operator.py
[2023-12-25T06:36:22.661-0300] {logging_mixin.py:188} INFO - [2023-12-25T06:36:22.661-0300] {dag.py:3033} INFO - Sync 3 DAGs
[2023-12-25T06:36:22.710-0300] {logging_mixin.py:188} INFO - [2023-12-25T06:36:22.710-0300] {dag.py:3820} INFO - Setting next_dagrun for example_branch_datetime_operator to 2023-12-24T00:00:00+00:00, run_after=2023-12-25T00:00:00+00:00
[2023-12-25T06:36:22.721-0300] {logging_mixin.py:188} INFO - [2023-12-25T06:36:22.721-0300] {dag.py:3820} INFO - Setting next_dagrun for example_branch_datetime_operator_2 to 2023-12-24T00:00:00+00:00, run_after=2023-12-25T00:00:00+00:00
[2023-12-25T06:36:22.726-0300] {logging_mixin.py:188} INFO - [2023-12-25T06:36:22.726-0300] {dag.py:3820} INFO - Setting next_dagrun for example_branch_datetime_operator_3 to 2023-12-24T00:00:00+00:00, run_after=2023-12-25T00:00:00+00:00
[2023-12-25T06:36:22.771-0300] {processor.py:183} INFO - Processing /home/felipe/.local/lib/python3.10/site-packages/airflow/example_dags/example_branch_datetime_operator.py took 0.183 seconds
[2023-12-25T06:37:49.561-0300] {processor.py:161} INFO - Started process (PID=13358) to work on /home/felipe/.local/lib/python3.10/site-packages/airflow/example_dags/example_branch_datetime_operator.py
[2023-12-25T06:37:49.564-0300] {processor.py:830} INFO - Processing file /home/felipe/.local/lib/python3.10/site-packages/airflow/example_dags/example_branch_datetime_operator.py for tasks to queue
[2023-12-25T06:37:49.566-0300] {logging_mixin.py:188} INFO - [2023-12-25T06:37:49.565-0300] {dagbag.py:538} INFO - Filling up the DagBag from /home/felipe/.local/lib/python3.10/site-packages/airflow/example_dags/example_branch_datetime_operator.py
[2023-12-25T06:37:49.583-0300] {processor.py:840} INFO - DAG(s) 'example_branch_datetime_operator', 'example_branch_datetime_operator_2', 'example_branch_datetime_operator_3' retrieved from /home/felipe/.local/lib/python3.10/site-packages/airflow/example_dags/example_branch_datetime_operator.py
[2023-12-25T06:37:49.624-0300] {logging_mixin.py:188} INFO - [2023-12-25T06:37:49.623-0300] {dag.py:3033} INFO - Sync 3 DAGs
[2023-12-25T06:37:49.681-0300] {logging_mixin.py:188} INFO - [2023-12-25T06:37:49.680-0300] {dag.py:3820} INFO - Setting next_dagrun for example_branch_datetime_operator to 2023-12-24T00:00:00+00:00, run_after=2023-12-25T00:00:00+00:00
[2023-12-25T06:37:49.690-0300] {logging_mixin.py:188} INFO - [2023-12-25T06:37:49.690-0300] {dag.py:3820} INFO - Setting next_dagrun for example_branch_datetime_operator_2 to 2023-12-24T00:00:00+00:00, run_after=2023-12-25T00:00:00+00:00
[2023-12-25T06:37:49.697-0300] {logging_mixin.py:188} INFO - [2023-12-25T06:37:49.696-0300] {dag.py:3820} INFO - Setting next_dagrun for example_branch_datetime_operator_3 to 2023-12-24T00:00:00+00:00, run_after=2023-12-25T00:00:00+00:00
[2023-12-25T06:37:49.746-0300] {processor.py:183} INFO - Processing /home/felipe/.local/lib/python3.10/site-packages/airflow/example_dags/example_branch_datetime_operator.py took 0.189 seconds
[2023-12-25T06:38:48.681-0300] {processor.py:161} INFO - Started process (PID=13411) to work on /home/felipe/.local/lib/python3.10/site-packages/airflow/example_dags/example_branch_datetime_operator.py
[2023-12-25T06:38:48.684-0300] {processor.py:830} INFO - Processing file /home/felipe/.local/lib/python3.10/site-packages/airflow/example_dags/example_branch_datetime_operator.py for tasks to queue
[2023-12-25T06:38:48.686-0300] {logging_mixin.py:188} INFO - [2023-12-25T06:38:48.685-0300] {dagbag.py:538} INFO - Filling up the DagBag from /home/felipe/.local/lib/python3.10/site-packages/airflow/example_dags/example_branch_datetime_operator.py
[2023-12-25T06:38:48.707-0300] {processor.py:840} INFO - DAG(s) 'example_branch_datetime_operator_3', 'example_branch_datetime_operator_2', 'example_branch_datetime_operator' retrieved from /home/felipe/.local/lib/python3.10/site-packages/airflow/example_dags/example_branch_datetime_operator.py
[2023-12-25T06:38:48.759-0300] {logging_mixin.py:188} INFO - [2023-12-25T06:38:48.758-0300] {dag.py:3033} INFO - Sync 3 DAGs
[2023-12-25T06:38:48.808-0300] {logging_mixin.py:188} INFO - [2023-12-25T06:38:48.807-0300] {dag.py:3820} INFO - Setting next_dagrun for example_branch_datetime_operator to 2023-12-24T00:00:00+00:00, run_after=2023-12-25T00:00:00+00:00
[2023-12-25T06:38:48.818-0300] {logging_mixin.py:188} INFO - [2023-12-25T06:38:48.817-0300] {dag.py:3820} INFO - Setting next_dagrun for example_branch_datetime_operator_2 to 2023-12-24T00:00:00+00:00, run_after=2023-12-25T00:00:00+00:00
[2023-12-25T06:38:48.823-0300] {logging_mixin.py:188} INFO - [2023-12-25T06:38:48.823-0300] {dag.py:3820} INFO - Setting next_dagrun for example_branch_datetime_operator_3 to 2023-12-24T00:00:00+00:00, run_after=2023-12-25T00:00:00+00:00
[2023-12-25T06:38:48.867-0300] {processor.py:183} INFO - Processing /home/felipe/.local/lib/python3.10/site-packages/airflow/example_dags/example_branch_datetime_operator.py took 0.192 seconds
