[2023-12-25T06:22:40.040-0300] {processor.py:161} INFO - Started process (PID=12418) to work on /home/felipe/.local/lib/python3.10/site-packages/airflow/example_dags/example_xcomargs.py
[2023-12-25T06:22:40.041-0300] {processor.py:830} INFO - Processing file /home/felipe/.local/lib/python3.10/site-packages/airflow/example_dags/example_xcomargs.py for tasks to queue
[2023-12-25T06:22:40.043-0300] {logging_mixin.py:188} INFO - [2023-12-25T06:22:40.042-0300] {dagbag.py:538} INFO - Filling up the DagBag from /home/felipe/.local/lib/python3.10/site-packages/airflow/example_dags/example_xcomargs.py
[2023-12-25T06:22:40.060-0300] {processor.py:840} INFO - DAG(s) 'example_xcom_args_with_operators', 'example_xcom_args' retrieved from /home/felipe/.local/lib/python3.10/site-packages/airflow/example_dags/example_xcomargs.py
[2023-12-25T06:22:40.097-0300] {logging_mixin.py:188} INFO - [2023-12-25T06:22:40.096-0300] {dag.py:3033} INFO - Sync 2 DAGs
[2023-12-25T06:22:40.121-0300] {logging_mixin.py:188} INFO - [2023-12-25T06:22:40.121-0300] {dag.py:3820} INFO - Setting next_dagrun for example_xcom_args to None, run_after=None
[2023-12-25T06:22:40.128-0300] {logging_mixin.py:188} INFO - [2023-12-25T06:22:40.128-0300] {dag.py:3820} INFO - Setting next_dagrun for example_xcom_args_with_operators to None, run_after=None
[2023-12-25T06:22:40.185-0300] {processor.py:183} INFO - Processing /home/felipe/.local/lib/python3.10/site-packages/airflow/example_dags/example_xcomargs.py took 0.149 seconds
[2023-12-25T06:23:34.671-0300] {processor.py:161} INFO - Started process (PID=12469) to work on /home/felipe/.local/lib/python3.10/site-packages/airflow/example_dags/example_xcomargs.py
[2023-12-25T06:23:34.674-0300] {processor.py:830} INFO - Processing file /home/felipe/.local/lib/python3.10/site-packages/airflow/example_dags/example_xcomargs.py for tasks to queue
[2023-12-25T06:23:34.678-0300] {logging_mixin.py:188} INFO - [2023-12-25T06:23:34.676-0300] {dagbag.py:538} INFO - Filling up the DagBag from /home/felipe/.local/lib/python3.10/site-packages/airflow/example_dags/example_xcomargs.py
[2023-12-25T06:23:34.696-0300] {processor.py:840} INFO - DAG(s) 'example_xcom_args', 'example_xcom_args_with_operators' retrieved from /home/felipe/.local/lib/python3.10/site-packages/airflow/example_dags/example_xcomargs.py
[2023-12-25T06:23:34.738-0300] {logging_mixin.py:188} INFO - [2023-12-25T06:23:34.738-0300] {dag.py:3033} INFO - Sync 2 DAGs
[2023-12-25T06:23:34.770-0300] {logging_mixin.py:188} INFO - [2023-12-25T06:23:34.769-0300] {dag.py:3820} INFO - Setting next_dagrun for example_xcom_args to None, run_after=None
[2023-12-25T06:23:34.777-0300] {logging_mixin.py:188} INFO - [2023-12-25T06:23:34.776-0300] {dag.py:3820} INFO - Setting next_dagrun for example_xcom_args_with_operators to None, run_after=None
[2023-12-25T06:23:34.823-0300] {processor.py:183} INFO - Processing /home/felipe/.local/lib/python3.10/site-packages/airflow/example_dags/example_xcomargs.py took 0.159 seconds
[2023-12-25T06:24:31.645-0300] {processor.py:161} INFO - Started process (PID=12520) to work on /home/felipe/.local/lib/python3.10/site-packages/airflow/example_dags/example_xcomargs.py
[2023-12-25T06:24:31.648-0300] {processor.py:830} INFO - Processing file /home/felipe/.local/lib/python3.10/site-packages/airflow/example_dags/example_xcomargs.py for tasks to queue
[2023-12-25T06:24:31.650-0300] {logging_mixin.py:188} INFO - [2023-12-25T06:24:31.649-0300] {dagbag.py:538} INFO - Filling up the DagBag from /home/felipe/.local/lib/python3.10/site-packages/airflow/example_dags/example_xcomargs.py
[2023-12-25T06:24:31.670-0300] {processor.py:840} INFO - DAG(s) 'example_xcom_args', 'example_xcom_args_with_operators' retrieved from /home/felipe/.local/lib/python3.10/site-packages/airflow/example_dags/example_xcomargs.py
[2023-12-25T06:24:31.757-0300] {logging_mixin.py:188} INFO - [2023-12-25T06:24:31.756-0300] {dag.py:3033} INFO - Sync 2 DAGs
[2023-12-25T06:24:31.801-0300] {logging_mixin.py:188} INFO - [2023-12-25T06:24:31.800-0300] {dag.py:3820} INFO - Setting next_dagrun for example_xcom_args to None, run_after=None
[2023-12-25T06:24:31.814-0300] {logging_mixin.py:188} INFO - [2023-12-25T06:24:31.813-0300] {dag.py:3820} INFO - Setting next_dagrun for example_xcom_args_with_operators to None, run_after=None
[2023-12-25T06:24:31.875-0300] {processor.py:183} INFO - Processing /home/felipe/.local/lib/python3.10/site-packages/airflow/example_dags/example_xcomargs.py took 0.235 seconds
[2023-12-25T06:25:23.310-0300] {processor.py:161} INFO - Started process (PID=12605) to work on /home/felipe/.local/lib/python3.10/site-packages/airflow/example_dags/example_xcomargs.py
[2023-12-25T06:25:23.312-0300] {processor.py:830} INFO - Processing file /home/felipe/.local/lib/python3.10/site-packages/airflow/example_dags/example_xcomargs.py for tasks to queue
[2023-12-25T06:25:23.314-0300] {logging_mixin.py:188} INFO - [2023-12-25T06:25:23.313-0300] {dagbag.py:538} INFO - Filling up the DagBag from /home/felipe/.local/lib/python3.10/site-packages/airflow/example_dags/example_xcomargs.py
[2023-12-25T06:25:23.328-0300] {processor.py:840} INFO - DAG(s) 'example_xcom_args_with_operators', 'example_xcom_args' retrieved from /home/felipe/.local/lib/python3.10/site-packages/airflow/example_dags/example_xcomargs.py
[2023-12-25T06:25:23.365-0300] {logging_mixin.py:188} INFO - [2023-12-25T06:25:23.365-0300] {dag.py:3033} INFO - Sync 2 DAGs
[2023-12-25T06:25:23.388-0300] {logging_mixin.py:188} INFO - [2023-12-25T06:25:23.387-0300] {dag.py:3820} INFO - Setting next_dagrun for example_xcom_args to None, run_after=None
[2023-12-25T06:25:23.401-0300] {logging_mixin.py:188} INFO - [2023-12-25T06:25:23.400-0300] {dag.py:3820} INFO - Setting next_dagrun for example_xcom_args_with_operators to None, run_after=None
[2023-12-25T06:25:23.449-0300] {processor.py:183} INFO - Processing /home/felipe/.local/lib/python3.10/site-packages/airflow/example_dags/example_xcomargs.py took 0.144 seconds
[2023-12-25T06:26:12.024-0300] {processor.py:161} INFO - Started process (PID=12657) to work on /home/felipe/.local/lib/python3.10/site-packages/airflow/example_dags/example_xcomargs.py
[2023-12-25T06:26:12.026-0300] {processor.py:830} INFO - Processing file /home/felipe/.local/lib/python3.10/site-packages/airflow/example_dags/example_xcomargs.py for tasks to queue
[2023-12-25T06:26:12.028-0300] {logging_mixin.py:188} INFO - [2023-12-25T06:26:12.027-0300] {dagbag.py:538} INFO - Filling up the DagBag from /home/felipe/.local/lib/python3.10/site-packages/airflow/example_dags/example_xcomargs.py
[2023-12-25T06:26:12.045-0300] {processor.py:840} INFO - DAG(s) 'example_xcom_args', 'example_xcom_args_with_operators' retrieved from /home/felipe/.local/lib/python3.10/site-packages/airflow/example_dags/example_xcomargs.py
[2023-12-25T06:26:12.080-0300] {logging_mixin.py:188} INFO - [2023-12-25T06:26:12.079-0300] {dag.py:3033} INFO - Sync 2 DAGs
[2023-12-25T06:26:12.103-0300] {logging_mixin.py:188} INFO - [2023-12-25T06:26:12.102-0300] {dag.py:3820} INFO - Setting next_dagrun for example_xcom_args to None, run_after=None
[2023-12-25T06:26:12.120-0300] {logging_mixin.py:188} INFO - [2023-12-25T06:26:12.119-0300] {dag.py:3820} INFO - Setting next_dagrun for example_xcom_args_with_operators to None, run_after=None
[2023-12-25T06:26:12.162-0300] {processor.py:183} INFO - Processing /home/felipe/.local/lib/python3.10/site-packages/airflow/example_dags/example_xcomargs.py took 0.143 seconds
[2023-12-25T06:27:01.645-0300] {processor.py:161} INFO - Started process (PID=12702) to work on /home/felipe/.local/lib/python3.10/site-packages/airflow/example_dags/example_xcomargs.py
[2023-12-25T06:27:01.647-0300] {processor.py:830} INFO - Processing file /home/felipe/.local/lib/python3.10/site-packages/airflow/example_dags/example_xcomargs.py for tasks to queue
[2023-12-25T06:27:01.649-0300] {logging_mixin.py:188} INFO - [2023-12-25T06:27:01.648-0300] {dagbag.py:538} INFO - Filling up the DagBag from /home/felipe/.local/lib/python3.10/site-packages/airflow/example_dags/example_xcomargs.py
[2023-12-25T06:27:01.663-0300] {processor.py:840} INFO - DAG(s) 'example_xcom_args', 'example_xcom_args_with_operators' retrieved from /home/felipe/.local/lib/python3.10/site-packages/airflow/example_dags/example_xcomargs.py
[2023-12-25T06:27:01.696-0300] {logging_mixin.py:188} INFO - [2023-12-25T06:27:01.695-0300] {dag.py:3033} INFO - Sync 2 DAGs
[2023-12-25T06:27:01.720-0300] {logging_mixin.py:188} INFO - [2023-12-25T06:27:01.719-0300] {dag.py:3820} INFO - Setting next_dagrun for example_xcom_args to None, run_after=None
[2023-12-25T06:27:01.733-0300] {logging_mixin.py:188} INFO - [2023-12-25T06:27:01.733-0300] {dag.py:3820} INFO - Setting next_dagrun for example_xcom_args_with_operators to None, run_after=None
[2023-12-25T06:27:01.780-0300] {processor.py:183} INFO - Processing /home/felipe/.local/lib/python3.10/site-packages/airflow/example_dags/example_xcomargs.py took 0.140 seconds
[2023-12-25T06:27:51.407-0300] {processor.py:161} INFO - Started process (PID=12750) to work on /home/felipe/.local/lib/python3.10/site-packages/airflow/example_dags/example_xcomargs.py
[2023-12-25T06:27:51.410-0300] {processor.py:830} INFO - Processing file /home/felipe/.local/lib/python3.10/site-packages/airflow/example_dags/example_xcomargs.py for tasks to queue
[2023-12-25T06:27:51.412-0300] {logging_mixin.py:188} INFO - [2023-12-25T06:27:51.411-0300] {dagbag.py:538} INFO - Filling up the DagBag from /home/felipe/.local/lib/python3.10/site-packages/airflow/example_dags/example_xcomargs.py
[2023-12-25T06:27:51.427-0300] {processor.py:840} INFO - DAG(s) 'example_xcom_args', 'example_xcom_args_with_operators' retrieved from /home/felipe/.local/lib/python3.10/site-packages/airflow/example_dags/example_xcomargs.py
[2023-12-25T06:27:51.466-0300] {logging_mixin.py:188} INFO - [2023-12-25T06:27:51.466-0300] {dag.py:3033} INFO - Sync 2 DAGs
[2023-12-25T06:27:51.496-0300] {logging_mixin.py:188} INFO - [2023-12-25T06:27:51.496-0300] {dag.py:3820} INFO - Setting next_dagrun for example_xcom_args to None, run_after=None
[2023-12-25T06:27:51.508-0300] {logging_mixin.py:188} INFO - [2023-12-25T06:27:51.508-0300] {dag.py:3820} INFO - Setting next_dagrun for example_xcom_args_with_operators to None, run_after=None
[2023-12-25T06:27:51.556-0300] {processor.py:183} INFO - Processing /home/felipe/.local/lib/python3.10/site-packages/airflow/example_dags/example_xcomargs.py took 0.152 seconds
[2023-12-25T06:28:43.949-0300] {processor.py:161} INFO - Started process (PID=12798) to work on /home/felipe/.local/lib/python3.10/site-packages/airflow/example_dags/example_xcomargs.py
[2023-12-25T06:28:43.952-0300] {processor.py:830} INFO - Processing file /home/felipe/.local/lib/python3.10/site-packages/airflow/example_dags/example_xcomargs.py for tasks to queue
[2023-12-25T06:28:43.953-0300] {logging_mixin.py:188} INFO - [2023-12-25T06:28:43.953-0300] {dagbag.py:538} INFO - Filling up the DagBag from /home/felipe/.local/lib/python3.10/site-packages/airflow/example_dags/example_xcomargs.py
[2023-12-25T06:28:43.971-0300] {processor.py:840} INFO - DAG(s) 'example_xcom_args', 'example_xcom_args_with_operators' retrieved from /home/felipe/.local/lib/python3.10/site-packages/airflow/example_dags/example_xcomargs.py
[2023-12-25T06:28:44.014-0300] {logging_mixin.py:188} INFO - [2023-12-25T06:28:44.014-0300] {dag.py:3033} INFO - Sync 2 DAGs
[2023-12-25T06:28:44.047-0300] {logging_mixin.py:188} INFO - [2023-12-25T06:28:44.046-0300] {dag.py:3820} INFO - Setting next_dagrun for example_xcom_args to None, run_after=None
[2023-12-25T06:28:44.053-0300] {logging_mixin.py:188} INFO - [2023-12-25T06:28:44.053-0300] {dag.py:3820} INFO - Setting next_dagrun for example_xcom_args_with_operators to None, run_after=None
[2023-12-25T06:28:44.100-0300] {processor.py:183} INFO - Processing /home/felipe/.local/lib/python3.10/site-packages/airflow/example_dags/example_xcomargs.py took 0.155 seconds
[2023-12-25T06:29:35.712-0300] {processor.py:161} INFO - Started process (PID=12844) to work on /home/felipe/.local/lib/python3.10/site-packages/airflow/example_dags/example_xcomargs.py
[2023-12-25T06:29:35.714-0300] {processor.py:830} INFO - Processing file /home/felipe/.local/lib/python3.10/site-packages/airflow/example_dags/example_xcomargs.py for tasks to queue
[2023-12-25T06:29:35.716-0300] {logging_mixin.py:188} INFO - [2023-12-25T06:29:35.715-0300] {dagbag.py:538} INFO - Filling up the DagBag from /home/felipe/.local/lib/python3.10/site-packages/airflow/example_dags/example_xcomargs.py
[2023-12-25T06:29:35.736-0300] {processor.py:840} INFO - DAG(s) 'example_xcom_args', 'example_xcom_args_with_operators' retrieved from /home/felipe/.local/lib/python3.10/site-packages/airflow/example_dags/example_xcomargs.py
[2023-12-25T06:29:35.773-0300] {logging_mixin.py:188} INFO - [2023-12-25T06:29:35.773-0300] {dag.py:3033} INFO - Sync 2 DAGs
[2023-12-25T06:29:35.804-0300] {logging_mixin.py:188} INFO - [2023-12-25T06:29:35.804-0300] {dag.py:3820} INFO - Setting next_dagrun for example_xcom_args to None, run_after=None
[2023-12-25T06:29:35.813-0300] {logging_mixin.py:188} INFO - [2023-12-25T06:29:35.812-0300] {dag.py:3820} INFO - Setting next_dagrun for example_xcom_args_with_operators to None, run_after=None
[2023-12-25T06:29:35.871-0300] {processor.py:183} INFO - Processing /home/felipe/.local/lib/python3.10/site-packages/airflow/example_dags/example_xcomargs.py took 0.164 seconds
[2023-12-25T06:30:26.988-0300] {processor.py:161} INFO - Started process (PID=12929) to work on /home/felipe/.local/lib/python3.10/site-packages/airflow/example_dags/example_xcomargs.py
[2023-12-25T06:30:26.990-0300] {processor.py:830} INFO - Processing file /home/felipe/.local/lib/python3.10/site-packages/airflow/example_dags/example_xcomargs.py for tasks to queue
[2023-12-25T06:30:26.992-0300] {logging_mixin.py:188} INFO - [2023-12-25T06:30:26.991-0300] {dagbag.py:538} INFO - Filling up the DagBag from /home/felipe/.local/lib/python3.10/site-packages/airflow/example_dags/example_xcomargs.py
[2023-12-25T06:30:27.006-0300] {processor.py:840} INFO - DAG(s) 'example_xcom_args', 'example_xcom_args_with_operators' retrieved from /home/felipe/.local/lib/python3.10/site-packages/airflow/example_dags/example_xcomargs.py
[2023-12-25T06:30:27.039-0300] {logging_mixin.py:188} INFO - [2023-12-25T06:30:27.039-0300] {dag.py:3033} INFO - Sync 2 DAGs
[2023-12-25T06:30:27.061-0300] {logging_mixin.py:188} INFO - [2023-12-25T06:30:27.060-0300] {dag.py:3820} INFO - Setting next_dagrun for example_xcom_args to None, run_after=None
[2023-12-25T06:30:27.069-0300] {logging_mixin.py:188} INFO - [2023-12-25T06:30:27.068-0300] {dag.py:3820} INFO - Setting next_dagrun for example_xcom_args_with_operators to None, run_after=None
[2023-12-25T06:30:27.122-0300] {processor.py:183} INFO - Processing /home/felipe/.local/lib/python3.10/site-packages/airflow/example_dags/example_xcomargs.py took 0.138 seconds
[2023-12-25T06:31:18.620-0300] {processor.py:161} INFO - Started process (PID=12974) to work on /home/felipe/.local/lib/python3.10/site-packages/airflow/example_dags/example_xcomargs.py
[2023-12-25T06:31:18.622-0300] {processor.py:830} INFO - Processing file /home/felipe/.local/lib/python3.10/site-packages/airflow/example_dags/example_xcomargs.py for tasks to queue
[2023-12-25T06:31:18.624-0300] {logging_mixin.py:188} INFO - [2023-12-25T06:31:18.623-0300] {dagbag.py:538} INFO - Filling up the DagBag from /home/felipe/.local/lib/python3.10/site-packages/airflow/example_dags/example_xcomargs.py
[2023-12-25T06:31:18.639-0300] {processor.py:840} INFO - DAG(s) 'example_xcom_args', 'example_xcom_args_with_operators' retrieved from /home/felipe/.local/lib/python3.10/site-packages/airflow/example_dags/example_xcomargs.py
[2023-12-25T06:31:18.676-0300] {logging_mixin.py:188} INFO - [2023-12-25T06:31:18.675-0300] {dag.py:3033} INFO - Sync 2 DAGs
[2023-12-25T06:31:18.698-0300] {logging_mixin.py:188} INFO - [2023-12-25T06:31:18.697-0300] {dag.py:3820} INFO - Setting next_dagrun for example_xcom_args to None, run_after=None
[2023-12-25T06:31:18.708-0300] {logging_mixin.py:188} INFO - [2023-12-25T06:31:18.708-0300] {dag.py:3820} INFO - Setting next_dagrun for example_xcom_args_with_operators to None, run_after=None
[2023-12-25T06:31:18.753-0300] {processor.py:183} INFO - Processing /home/felipe/.local/lib/python3.10/site-packages/airflow/example_dags/example_xcomargs.py took 0.138 seconds
[2023-12-25T06:32:15.471-0300] {processor.py:161} INFO - Started process (PID=13024) to work on /home/felipe/.local/lib/python3.10/site-packages/airflow/example_dags/example_xcomargs.py
[2023-12-25T06:32:15.473-0300] {processor.py:830} INFO - Processing file /home/felipe/.local/lib/python3.10/site-packages/airflow/example_dags/example_xcomargs.py for tasks to queue
[2023-12-25T06:32:15.475-0300] {logging_mixin.py:188} INFO - [2023-12-25T06:32:15.474-0300] {dagbag.py:538} INFO - Filling up the DagBag from /home/felipe/.local/lib/python3.10/site-packages/airflow/example_dags/example_xcomargs.py
[2023-12-25T06:32:15.489-0300] {processor.py:840} INFO - DAG(s) 'example_xcom_args', 'example_xcom_args_with_operators' retrieved from /home/felipe/.local/lib/python3.10/site-packages/airflow/example_dags/example_xcomargs.py
[2023-12-25T06:32:15.523-0300] {logging_mixin.py:188} INFO - [2023-12-25T06:32:15.523-0300] {dag.py:3033} INFO - Sync 2 DAGs
[2023-12-25T06:32:15.545-0300] {logging_mixin.py:188} INFO - [2023-12-25T06:32:15.545-0300] {dag.py:3820} INFO - Setting next_dagrun for example_xcom_args to None, run_after=None
[2023-12-25T06:32:15.555-0300] {logging_mixin.py:188} INFO - [2023-12-25T06:32:15.554-0300] {dag.py:3820} INFO - Setting next_dagrun for example_xcom_args_with_operators to None, run_after=None
[2023-12-25T06:32:15.602-0300] {processor.py:183} INFO - Processing /home/felipe/.local/lib/python3.10/site-packages/airflow/example_dags/example_xcomargs.py took 0.136 seconds
[2023-12-25T06:33:06.431-0300] {processor.py:161} INFO - Started process (PID=13070) to work on /home/felipe/.local/lib/python3.10/site-packages/airflow/example_dags/example_xcomargs.py
[2023-12-25T06:33:06.433-0300] {processor.py:830} INFO - Processing file /home/felipe/.local/lib/python3.10/site-packages/airflow/example_dags/example_xcomargs.py for tasks to queue
[2023-12-25T06:33:06.435-0300] {logging_mixin.py:188} INFO - [2023-12-25T06:33:06.435-0300] {dagbag.py:538} INFO - Filling up the DagBag from /home/felipe/.local/lib/python3.10/site-packages/airflow/example_dags/example_xcomargs.py
[2023-12-25T06:33:06.449-0300] {processor.py:840} INFO - DAG(s) 'example_xcom_args_with_operators', 'example_xcom_args' retrieved from /home/felipe/.local/lib/python3.10/site-packages/airflow/example_dags/example_xcomargs.py
[2023-12-25T06:33:06.486-0300] {logging_mixin.py:188} INFO - [2023-12-25T06:33:06.485-0300] {dag.py:3033} INFO - Sync 2 DAGs
[2023-12-25T06:33:06.508-0300] {logging_mixin.py:188} INFO - [2023-12-25T06:33:06.508-0300] {dag.py:3820} INFO - Setting next_dagrun for example_xcom_args to None, run_after=None
[2023-12-25T06:33:06.521-0300] {logging_mixin.py:188} INFO - [2023-12-25T06:33:06.521-0300] {dag.py:3820} INFO - Setting next_dagrun for example_xcom_args_with_operators to None, run_after=None
[2023-12-25T06:33:06.567-0300] {processor.py:183} INFO - Processing /home/felipe/.local/lib/python3.10/site-packages/airflow/example_dags/example_xcomargs.py took 0.140 seconds
[2023-12-25T06:33:54.070-0300] {processor.py:161} INFO - Started process (PID=13114) to work on /home/felipe/.local/lib/python3.10/site-packages/airflow/example_dags/example_xcomargs.py
[2023-12-25T06:33:54.073-0300] {processor.py:830} INFO - Processing file /home/felipe/.local/lib/python3.10/site-packages/airflow/example_dags/example_xcomargs.py for tasks to queue
[2023-12-25T06:33:54.074-0300] {logging_mixin.py:188} INFO - [2023-12-25T06:33:54.074-0300] {dagbag.py:538} INFO - Filling up the DagBag from /home/felipe/.local/lib/python3.10/site-packages/airflow/example_dags/example_xcomargs.py
[2023-12-25T06:33:54.091-0300] {processor.py:840} INFO - DAG(s) 'example_xcom_args_with_operators', 'example_xcom_args' retrieved from /home/felipe/.local/lib/python3.10/site-packages/airflow/example_dags/example_xcomargs.py
[2023-12-25T06:33:54.124-0300] {logging_mixin.py:188} INFO - [2023-12-25T06:33:54.123-0300] {dag.py:3033} INFO - Sync 2 DAGs
[2023-12-25T06:33:54.147-0300] {logging_mixin.py:188} INFO - [2023-12-25T06:33:54.146-0300] {dag.py:3820} INFO - Setting next_dagrun for example_xcom_args to None, run_after=None
[2023-12-25T06:33:54.155-0300] {logging_mixin.py:188} INFO - [2023-12-25T06:33:54.154-0300] {dag.py:3820} INFO - Setting next_dagrun for example_xcom_args_with_operators to None, run_after=None
[2023-12-25T06:33:54.197-0300] {processor.py:183} INFO - Processing /home/felipe/.local/lib/python3.10/site-packages/airflow/example_dags/example_xcomargs.py took 0.132 seconds
[2023-12-25T06:34:46.883-0300] {processor.py:161} INFO - Started process (PID=13168) to work on /home/felipe/.local/lib/python3.10/site-packages/airflow/example_dags/example_xcomargs.py
[2023-12-25T06:34:46.885-0300] {processor.py:830} INFO - Processing file /home/felipe/.local/lib/python3.10/site-packages/airflow/example_dags/example_xcomargs.py for tasks to queue
[2023-12-25T06:34:46.887-0300] {logging_mixin.py:188} INFO - [2023-12-25T06:34:46.887-0300] {dagbag.py:538} INFO - Filling up the DagBag from /home/felipe/.local/lib/python3.10/site-packages/airflow/example_dags/example_xcomargs.py
[2023-12-25T06:34:46.901-0300] {processor.py:840} INFO - DAG(s) 'example_xcom_args_with_operators', 'example_xcom_args' retrieved from /home/felipe/.local/lib/python3.10/site-packages/airflow/example_dags/example_xcomargs.py
[2023-12-25T06:34:46.934-0300] {logging_mixin.py:188} INFO - [2023-12-25T06:34:46.933-0300] {dag.py:3033} INFO - Sync 2 DAGs
[2023-12-25T06:34:46.956-0300] {logging_mixin.py:188} INFO - [2023-12-25T06:34:46.956-0300] {dag.py:3820} INFO - Setting next_dagrun for example_xcom_args to None, run_after=None
[2023-12-25T06:34:46.966-0300] {logging_mixin.py:188} INFO - [2023-12-25T06:34:46.964-0300] {dag.py:3820} INFO - Setting next_dagrun for example_xcom_args_with_operators to None, run_after=None
[2023-12-25T06:34:47.013-0300] {processor.py:183} INFO - Processing /home/felipe/.local/lib/python3.10/site-packages/airflow/example_dags/example_xcomargs.py took 0.134 seconds
[2023-12-25T06:35:41.568-0300] {processor.py:161} INFO - Started process (PID=13246) to work on /home/felipe/.local/lib/python3.10/site-packages/airflow/example_dags/example_xcomargs.py
[2023-12-25T06:35:41.571-0300] {processor.py:830} INFO - Processing file /home/felipe/.local/lib/python3.10/site-packages/airflow/example_dags/example_xcomargs.py for tasks to queue
[2023-12-25T06:35:41.574-0300] {logging_mixin.py:188} INFO - [2023-12-25T06:35:41.573-0300] {dagbag.py:538} INFO - Filling up the DagBag from /home/felipe/.local/lib/python3.10/site-packages/airflow/example_dags/example_xcomargs.py
[2023-12-25T06:35:41.594-0300] {processor.py:840} INFO - DAG(s) 'example_xcom_args', 'example_xcom_args_with_operators' retrieved from /home/felipe/.local/lib/python3.10/site-packages/airflow/example_dags/example_xcomargs.py
[2023-12-25T06:35:41.634-0300] {logging_mixin.py:188} INFO - [2023-12-25T06:35:41.634-0300] {dag.py:3033} INFO - Sync 2 DAGs
[2023-12-25T06:35:41.659-0300] {logging_mixin.py:188} INFO - [2023-12-25T06:35:41.659-0300] {dag.py:3820} INFO - Setting next_dagrun for example_xcom_args to None, run_after=None
[2023-12-25T06:35:41.666-0300] {logging_mixin.py:188} INFO - [2023-12-25T06:35:41.665-0300] {dag.py:3820} INFO - Setting next_dagrun for example_xcom_args_with_operators to None, run_after=None
[2023-12-25T06:35:41.709-0300] {processor.py:183} INFO - Processing /home/felipe/.local/lib/python3.10/site-packages/airflow/example_dags/example_xcomargs.py took 0.147 seconds
[2023-12-25T06:36:39.492-0300] {processor.py:161} INFO - Started process (PID=13297) to work on /home/felipe/.local/lib/python3.10/site-packages/airflow/example_dags/example_xcomargs.py
[2023-12-25T06:36:39.495-0300] {processor.py:830} INFO - Processing file /home/felipe/.local/lib/python3.10/site-packages/airflow/example_dags/example_xcomargs.py for tasks to queue
[2023-12-25T06:36:39.497-0300] {logging_mixin.py:188} INFO - [2023-12-25T06:36:39.496-0300] {dagbag.py:538} INFO - Filling up the DagBag from /home/felipe/.local/lib/python3.10/site-packages/airflow/example_dags/example_xcomargs.py
[2023-12-25T06:36:39.516-0300] {processor.py:840} INFO - DAG(s) 'example_xcom_args', 'example_xcom_args_with_operators' retrieved from /home/felipe/.local/lib/python3.10/site-packages/airflow/example_dags/example_xcomargs.py
[2023-12-25T06:36:39.565-0300] {logging_mixin.py:188} INFO - [2023-12-25T06:36:39.564-0300] {dag.py:3033} INFO - Sync 2 DAGs
[2023-12-25T06:36:39.599-0300] {logging_mixin.py:188} INFO - [2023-12-25T06:36:39.598-0300] {dag.py:3820} INFO - Setting next_dagrun for example_xcom_args to None, run_after=None
[2023-12-25T06:36:39.607-0300] {logging_mixin.py:188} INFO - [2023-12-25T06:36:39.607-0300] {dag.py:3820} INFO - Setting next_dagrun for example_xcom_args_with_operators to None, run_after=None
[2023-12-25T06:36:39.655-0300] {processor.py:183} INFO - Processing /home/felipe/.local/lib/python3.10/site-packages/airflow/example_dags/example_xcomargs.py took 0.168 seconds
[2023-12-25T06:37:39.654-0300] {processor.py:161} INFO - Started process (PID=13349) to work on /home/felipe/.local/lib/python3.10/site-packages/airflow/example_dags/example_xcomargs.py
[2023-12-25T06:37:39.656-0300] {processor.py:830} INFO - Processing file /home/felipe/.local/lib/python3.10/site-packages/airflow/example_dags/example_xcomargs.py for tasks to queue
[2023-12-25T06:37:39.659-0300] {logging_mixin.py:188} INFO - [2023-12-25T06:37:39.658-0300] {dagbag.py:538} INFO - Filling up the DagBag from /home/felipe/.local/lib/python3.10/site-packages/airflow/example_dags/example_xcomargs.py
[2023-12-25T06:37:39.676-0300] {processor.py:840} INFO - DAG(s) 'example_xcom_args_with_operators', 'example_xcom_args' retrieved from /home/felipe/.local/lib/python3.10/site-packages/airflow/example_dags/example_xcomargs.py
[2023-12-25T06:37:39.714-0300] {logging_mixin.py:188} INFO - [2023-12-25T06:37:39.714-0300] {dag.py:3033} INFO - Sync 2 DAGs
[2023-12-25T06:37:39.751-0300] {logging_mixin.py:188} INFO - [2023-12-25T06:37:39.750-0300] {dag.py:3820} INFO - Setting next_dagrun for example_xcom_args to None, run_after=None
[2023-12-25T06:37:39.758-0300] {logging_mixin.py:188} INFO - [2023-12-25T06:37:39.758-0300] {dag.py:3820} INFO - Setting next_dagrun for example_xcom_args_with_operators to None, run_after=None
[2023-12-25T06:37:39.810-0300] {processor.py:183} INFO - Processing /home/felipe/.local/lib/python3.10/site-packages/airflow/example_dags/example_xcomargs.py took 0.162 seconds
[2023-12-25T06:38:38.281-0300] {processor.py:161} INFO - Started process (PID=13402) to work on /home/felipe/.local/lib/python3.10/site-packages/airflow/example_dags/example_xcomargs.py
[2023-12-25T06:38:38.283-0300] {processor.py:830} INFO - Processing file /home/felipe/.local/lib/python3.10/site-packages/airflow/example_dags/example_xcomargs.py for tasks to queue
[2023-12-25T06:38:38.285-0300] {logging_mixin.py:188} INFO - [2023-12-25T06:38:38.284-0300] {dagbag.py:538} INFO - Filling up the DagBag from /home/felipe/.local/lib/python3.10/site-packages/airflow/example_dags/example_xcomargs.py
[2023-12-25T06:38:38.302-0300] {processor.py:840} INFO - DAG(s) 'example_xcom_args_with_operators', 'example_xcom_args' retrieved from /home/felipe/.local/lib/python3.10/site-packages/airflow/example_dags/example_xcomargs.py
[2023-12-25T06:38:38.390-0300] {logging_mixin.py:188} INFO - [2023-12-25T06:38:38.389-0300] {dag.py:3033} INFO - Sync 2 DAGs
[2023-12-25T06:38:38.451-0300] {logging_mixin.py:188} INFO - [2023-12-25T06:38:38.451-0300] {dag.py:3820} INFO - Setting next_dagrun for example_xcom_args to None, run_after=None
[2023-12-25T06:38:38.460-0300] {logging_mixin.py:188} INFO - [2023-12-25T06:38:38.459-0300] {dag.py:3820} INFO - Setting next_dagrun for example_xcom_args_with_operators to None, run_after=None
[2023-12-25T06:38:38.504-0300] {processor.py:183} INFO - Processing /home/felipe/.local/lib/python3.10/site-packages/airflow/example_dags/example_xcomargs.py took 0.229 seconds
