[2023-12-25T06:23:11.076-0300] {processor.py:161} INFO - Started process (PID=12447) to work on /home/felipe/.local/lib/python3.10/site-packages/airflow/example_dags/example_params_ui_tutorial.py
[2023-12-25T06:23:11.078-0300] {processor.py:830} INFO - Processing file /home/felipe/.local/lib/python3.10/site-packages/airflow/example_dags/example_params_ui_tutorial.py for tasks to queue
[2023-12-25T06:23:11.079-0300] {logging_mixin.py:188} INFO - [2023-12-25T06:23:11.079-0300] {dagbag.py:538} INFO - Filling up the DagBag from /home/felipe/.local/lib/python3.10/site-packages/airflow/example_dags/example_params_ui_tutorial.py
[2023-12-25T06:23:11.101-0300] {processor.py:840} INFO - DAG(s) 'example_params_ui_tutorial' retrieved from /home/felipe/.local/lib/python3.10/site-packages/airflow/example_dags/example_params_ui_tutorial.py
[2023-12-25T06:23:11.363-0300] {logging_mixin.py:188} INFO - [2023-12-25T06:23:11.362-0300] {dag.py:3033} INFO - Sync 1 DAGs
[2023-12-25T06:23:11.383-0300] {logging_mixin.py:188} INFO - [2023-12-25T06:23:11.382-0300] {dag.py:3820} INFO - Setting next_dagrun for example_params_ui_tutorial to None, run_after=None
[2023-12-25T06:23:11.441-0300] {processor.py:183} INFO - Processing /home/felipe/.local/lib/python3.10/site-packages/airflow/example_dags/example_params_ui_tutorial.py took 0.369 seconds
[2023-12-25T06:24:08.938-0300] {processor.py:161} INFO - Started process (PID=12500) to work on /home/felipe/.local/lib/python3.10/site-packages/airflow/example_dags/example_params_ui_tutorial.py
[2023-12-25T06:24:08.967-0300] {processor.py:830} INFO - Processing file /home/felipe/.local/lib/python3.10/site-packages/airflow/example_dags/example_params_ui_tutorial.py for tasks to queue
[2023-12-25T06:24:08.970-0300] {logging_mixin.py:188} INFO - [2023-12-25T06:24:08.969-0300] {dagbag.py:538} INFO - Filling up the DagBag from /home/felipe/.local/lib/python3.10/site-packages/airflow/example_dags/example_params_ui_tutorial.py
[2023-12-25T06:24:08.995-0300] {processor.py:840} INFO - DAG(s) 'example_params_ui_tutorial' retrieved from /home/felipe/.local/lib/python3.10/site-packages/airflow/example_dags/example_params_ui_tutorial.py
[2023-12-25T06:24:09.141-0300] {logging_mixin.py:188} INFO - [2023-12-25T06:24:09.140-0300] {dag.py:3033} INFO - Sync 1 DAGs
[2023-12-25T06:24:09.176-0300] {logging_mixin.py:188} INFO - [2023-12-25T06:24:09.176-0300] {dag.py:3820} INFO - Setting next_dagrun for example_params_ui_tutorial to None, run_after=None
[2023-12-25T06:24:09.240-0300] {processor.py:183} INFO - Processing /home/felipe/.local/lib/python3.10/site-packages/airflow/example_dags/example_params_ui_tutorial.py took 0.310 seconds
[2023-12-25T06:25:04.624-0300] {processor.py:161} INFO - Started process (PID=12587) to work on /home/felipe/.local/lib/python3.10/site-packages/airflow/example_dags/example_params_ui_tutorial.py
[2023-12-25T06:25:04.626-0300] {processor.py:830} INFO - Processing file /home/felipe/.local/lib/python3.10/site-packages/airflow/example_dags/example_params_ui_tutorial.py for tasks to queue
[2023-12-25T06:25:04.628-0300] {logging_mixin.py:188} INFO - [2023-12-25T06:25:04.627-0300] {dagbag.py:538} INFO - Filling up the DagBag from /home/felipe/.local/lib/python3.10/site-packages/airflow/example_dags/example_params_ui_tutorial.py
[2023-12-25T06:25:04.649-0300] {processor.py:840} INFO - DAG(s) 'example_params_ui_tutorial' retrieved from /home/felipe/.local/lib/python3.10/site-packages/airflow/example_dags/example_params_ui_tutorial.py
[2023-12-25T06:25:04.745-0300] {logging_mixin.py:188} INFO - [2023-12-25T06:25:04.744-0300] {dag.py:3033} INFO - Sync 1 DAGs
[2023-12-25T06:25:04.765-0300] {logging_mixin.py:188} INFO - [2023-12-25T06:25:04.765-0300] {dag.py:3820} INFO - Setting next_dagrun for example_params_ui_tutorial to None, run_after=None
[2023-12-25T06:25:04.810-0300] {processor.py:183} INFO - Processing /home/felipe/.local/lib/python3.10/site-packages/airflow/example_dags/example_params_ui_tutorial.py took 0.190 seconds
[2023-12-25T06:26:17.675-0300] {processor.py:161} INFO - Started process (PID=12662) to work on /home/felipe/.local/lib/python3.10/site-packages/airflow/example_dags/example_params_ui_tutorial.py
[2023-12-25T06:26:17.677-0300] {processor.py:830} INFO - Processing file /home/felipe/.local/lib/python3.10/site-packages/airflow/example_dags/example_params_ui_tutorial.py for tasks to queue
[2023-12-25T06:26:17.679-0300] {logging_mixin.py:188} INFO - [2023-12-25T06:26:17.678-0300] {dagbag.py:538} INFO - Filling up the DagBag from /home/felipe/.local/lib/python3.10/site-packages/airflow/example_dags/example_params_ui_tutorial.py
[2023-12-25T06:26:17.699-0300] {processor.py:840} INFO - DAG(s) 'example_params_ui_tutorial' retrieved from /home/felipe/.local/lib/python3.10/site-packages/airflow/example_dags/example_params_ui_tutorial.py
[2023-12-25T06:26:17.792-0300] {logging_mixin.py:188} INFO - [2023-12-25T06:26:17.792-0300] {dag.py:3033} INFO - Sync 1 DAGs
[2023-12-25T06:26:17.814-0300] {logging_mixin.py:188} INFO - [2023-12-25T06:26:17.814-0300] {dag.py:3820} INFO - Setting next_dagrun for example_params_ui_tutorial to None, run_after=None
[2023-12-25T06:26:17.869-0300] {processor.py:183} INFO - Processing /home/felipe/.local/lib/python3.10/site-packages/airflow/example_dags/example_params_ui_tutorial.py took 0.199 seconds
[2023-12-25T06:27:30.944-0300] {processor.py:161} INFO - Started process (PID=12730) to work on /home/felipe/.local/lib/python3.10/site-packages/airflow/example_dags/example_params_ui_tutorial.py
[2023-12-25T06:27:30.947-0300] {processor.py:830} INFO - Processing file /home/felipe/.local/lib/python3.10/site-packages/airflow/example_dags/example_params_ui_tutorial.py for tasks to queue
[2023-12-25T06:27:30.950-0300] {logging_mixin.py:188} INFO - [2023-12-25T06:27:30.950-0300] {dagbag.py:538} INFO - Filling up the DagBag from /home/felipe/.local/lib/python3.10/site-packages/airflow/example_dags/example_params_ui_tutorial.py
[2023-12-25T06:27:30.973-0300] {processor.py:840} INFO - DAG(s) 'example_params_ui_tutorial' retrieved from /home/felipe/.local/lib/python3.10/site-packages/airflow/example_dags/example_params_ui_tutorial.py
[2023-12-25T06:27:31.083-0300] {logging_mixin.py:188} INFO - [2023-12-25T06:27:31.082-0300] {dag.py:3033} INFO - Sync 1 DAGs
[2023-12-25T06:27:31.103-0300] {logging_mixin.py:188} INFO - [2023-12-25T06:27:31.103-0300] {dag.py:3820} INFO - Setting next_dagrun for example_params_ui_tutorial to None, run_after=None
[2023-12-25T06:27:31.154-0300] {processor.py:183} INFO - Processing /home/felipe/.local/lib/python3.10/site-packages/airflow/example_dags/example_params_ui_tutorial.py took 0.214 seconds
[2023-12-25T06:28:23.486-0300] {processor.py:161} INFO - Started process (PID=12780) to work on /home/felipe/.local/lib/python3.10/site-packages/airflow/example_dags/example_params_ui_tutorial.py
[2023-12-25T06:28:23.488-0300] {processor.py:830} INFO - Processing file /home/felipe/.local/lib/python3.10/site-packages/airflow/example_dags/example_params_ui_tutorial.py for tasks to queue
[2023-12-25T06:28:23.490-0300] {logging_mixin.py:188} INFO - [2023-12-25T06:28:23.490-0300] {dagbag.py:538} INFO - Filling up the DagBag from /home/felipe/.local/lib/python3.10/site-packages/airflow/example_dags/example_params_ui_tutorial.py
[2023-12-25T06:28:23.513-0300] {processor.py:840} INFO - DAG(s) 'example_params_ui_tutorial' retrieved from /home/felipe/.local/lib/python3.10/site-packages/airflow/example_dags/example_params_ui_tutorial.py
[2023-12-25T06:28:23.623-0300] {logging_mixin.py:188} INFO - [2023-12-25T06:28:23.622-0300] {dag.py:3033} INFO - Sync 1 DAGs
[2023-12-25T06:28:23.650-0300] {logging_mixin.py:188} INFO - [2023-12-25T06:28:23.650-0300] {dag.py:3820} INFO - Setting next_dagrun for example_params_ui_tutorial to None, run_after=None
[2023-12-25T06:28:23.697-0300] {processor.py:183} INFO - Processing /home/felipe/.local/lib/python3.10/site-packages/airflow/example_dags/example_params_ui_tutorial.py took 0.216 seconds
[2023-12-25T06:29:18.140-0300] {processor.py:161} INFO - Started process (PID=12828) to work on /home/felipe/.local/lib/python3.10/site-packages/airflow/example_dags/example_params_ui_tutorial.py
[2023-12-25T06:29:18.143-0300] {processor.py:830} INFO - Processing file /home/felipe/.local/lib/python3.10/site-packages/airflow/example_dags/example_params_ui_tutorial.py for tasks to queue
[2023-12-25T06:29:18.145-0300] {logging_mixin.py:188} INFO - [2023-12-25T06:29:18.145-0300] {dagbag.py:538} INFO - Filling up the DagBag from /home/felipe/.local/lib/python3.10/site-packages/airflow/example_dags/example_params_ui_tutorial.py
[2023-12-25T06:29:18.167-0300] {processor.py:840} INFO - DAG(s) 'example_params_ui_tutorial' retrieved from /home/felipe/.local/lib/python3.10/site-packages/airflow/example_dags/example_params_ui_tutorial.py
[2023-12-25T06:29:18.283-0300] {logging_mixin.py:188} INFO - [2023-12-25T06:29:18.283-0300] {dag.py:3033} INFO - Sync 1 DAGs
[2023-12-25T06:29:18.304-0300] {logging_mixin.py:188} INFO - [2023-12-25T06:29:18.304-0300] {dag.py:3820} INFO - Setting next_dagrun for example_params_ui_tutorial to None, run_after=None
[2023-12-25T06:29:18.349-0300] {processor.py:183} INFO - Processing /home/felipe/.local/lib/python3.10/site-packages/airflow/example_dags/example_params_ui_tutorial.py took 0.215 seconds
[2023-12-25T06:30:34.636-0300] {processor.py:161} INFO - Started process (PID=12935) to work on /home/felipe/.local/lib/python3.10/site-packages/airflow/example_dags/example_params_ui_tutorial.py
[2023-12-25T06:30:34.638-0300] {processor.py:830} INFO - Processing file /home/felipe/.local/lib/python3.10/site-packages/airflow/example_dags/example_params_ui_tutorial.py for tasks to queue
[2023-12-25T06:30:34.640-0300] {logging_mixin.py:188} INFO - [2023-12-25T06:30:34.640-0300] {dagbag.py:538} INFO - Filling up the DagBag from /home/felipe/.local/lib/python3.10/site-packages/airflow/example_dags/example_params_ui_tutorial.py
[2023-12-25T06:30:34.662-0300] {processor.py:840} INFO - DAG(s) 'example_params_ui_tutorial' retrieved from /home/felipe/.local/lib/python3.10/site-packages/airflow/example_dags/example_params_ui_tutorial.py
[2023-12-25T06:30:34.785-0300] {logging_mixin.py:188} INFO - [2023-12-25T06:30:34.785-0300] {dag.py:3033} INFO - Sync 1 DAGs
[2023-12-25T06:30:34.807-0300] {logging_mixin.py:188} INFO - [2023-12-25T06:30:34.807-0300] {dag.py:3820} INFO - Setting next_dagrun for example_params_ui_tutorial to None, run_after=None
[2023-12-25T06:30:34.868-0300] {processor.py:183} INFO - Processing /home/felipe/.local/lib/python3.10/site-packages/airflow/example_dags/example_params_ui_tutorial.py took 0.236 seconds
[2023-12-25T06:31:55.742-0300] {processor.py:161} INFO - Started process (PID=13006) to work on /home/felipe/.local/lib/python3.10/site-packages/airflow/example_dags/example_params_ui_tutorial.py
[2023-12-25T06:31:55.745-0300] {processor.py:830} INFO - Processing file /home/felipe/.local/lib/python3.10/site-packages/airflow/example_dags/example_params_ui_tutorial.py for tasks to queue
[2023-12-25T06:31:55.746-0300] {logging_mixin.py:188} INFO - [2023-12-25T06:31:55.746-0300] {dagbag.py:538} INFO - Filling up the DagBag from /home/felipe/.local/lib/python3.10/site-packages/airflow/example_dags/example_params_ui_tutorial.py
[2023-12-25T06:31:55.772-0300] {processor.py:840} INFO - DAG(s) 'example_params_ui_tutorial' retrieved from /home/felipe/.local/lib/python3.10/site-packages/airflow/example_dags/example_params_ui_tutorial.py
[2023-12-25T06:31:55.936-0300] {logging_mixin.py:188} INFO - [2023-12-25T06:31:55.936-0300] {dag.py:3033} INFO - Sync 1 DAGs
[2023-12-25T06:31:55.968-0300] {logging_mixin.py:188} INFO - [2023-12-25T06:31:55.967-0300] {dag.py:3820} INFO - Setting next_dagrun for example_params_ui_tutorial to None, run_after=None
[2023-12-25T06:31:56.036-0300] {processor.py:183} INFO - Processing /home/felipe/.local/lib/python3.10/site-packages/airflow/example_dags/example_params_ui_tutorial.py took 0.298 seconds
[2023-12-25T06:32:49.472-0300] {processor.py:161} INFO - Started process (PID=13055) to work on /home/felipe/.local/lib/python3.10/site-packages/airflow/example_dags/example_params_ui_tutorial.py
[2023-12-25T06:32:49.474-0300] {processor.py:830} INFO - Processing file /home/felipe/.local/lib/python3.10/site-packages/airflow/example_dags/example_params_ui_tutorial.py for tasks to queue
[2023-12-25T06:32:49.476-0300] {logging_mixin.py:188} INFO - [2023-12-25T06:32:49.475-0300] {dagbag.py:538} INFO - Filling up the DagBag from /home/felipe/.local/lib/python3.10/site-packages/airflow/example_dags/example_params_ui_tutorial.py
[2023-12-25T06:32:49.496-0300] {processor.py:840} INFO - DAG(s) 'example_params_ui_tutorial' retrieved from /home/felipe/.local/lib/python3.10/site-packages/airflow/example_dags/example_params_ui_tutorial.py
[2023-12-25T06:32:49.599-0300] {logging_mixin.py:188} INFO - [2023-12-25T06:32:49.599-0300] {dag.py:3033} INFO - Sync 1 DAGs
[2023-12-25T06:32:49.621-0300] {logging_mixin.py:188} INFO - [2023-12-25T06:32:49.621-0300] {dag.py:3820} INFO - Setting next_dagrun for example_params_ui_tutorial to None, run_after=None
[2023-12-25T06:32:49.668-0300] {processor.py:183} INFO - Processing /home/felipe/.local/lib/python3.10/site-packages/airflow/example_dags/example_params_ui_tutorial.py took 0.201 seconds
[2023-12-25T06:34:03.991-0300] {processor.py:161} INFO - Started process (PID=13124) to work on /home/felipe/.local/lib/python3.10/site-packages/airflow/example_dags/example_params_ui_tutorial.py
[2023-12-25T06:34:03.994-0300] {processor.py:830} INFO - Processing file /home/felipe/.local/lib/python3.10/site-packages/airflow/example_dags/example_params_ui_tutorial.py for tasks to queue
[2023-12-25T06:34:03.995-0300] {logging_mixin.py:188} INFO - [2023-12-25T06:34:03.995-0300] {dagbag.py:538} INFO - Filling up the DagBag from /home/felipe/.local/lib/python3.10/site-packages/airflow/example_dags/example_params_ui_tutorial.py
[2023-12-25T06:34:04.016-0300] {processor.py:840} INFO - DAG(s) 'example_params_ui_tutorial' retrieved from /home/felipe/.local/lib/python3.10/site-packages/airflow/example_dags/example_params_ui_tutorial.py
[2023-12-25T06:34:04.117-0300] {logging_mixin.py:188} INFO - [2023-12-25T06:34:04.116-0300] {dag.py:3033} INFO - Sync 1 DAGs
[2023-12-25T06:34:04.137-0300] {logging_mixin.py:188} INFO - [2023-12-25T06:34:04.136-0300] {dag.py:3820} INFO - Setting next_dagrun for example_params_ui_tutorial to None, run_after=None
[2023-12-25T06:34:04.184-0300] {processor.py:183} INFO - Processing /home/felipe/.local/lib/python3.10/site-packages/airflow/example_dags/example_params_ui_tutorial.py took 0.198 seconds
[2023-12-25T06:35:22.357-0300] {processor.py:161} INFO - Started process (PID=13227) to work on /home/felipe/.local/lib/python3.10/site-packages/airflow/example_dags/example_params_ui_tutorial.py
[2023-12-25T06:35:22.359-0300] {processor.py:830} INFO - Processing file /home/felipe/.local/lib/python3.10/site-packages/airflow/example_dags/example_params_ui_tutorial.py for tasks to queue
[2023-12-25T06:35:22.362-0300] {logging_mixin.py:188} INFO - [2023-12-25T06:35:22.361-0300] {dagbag.py:538} INFO - Filling up the DagBag from /home/felipe/.local/lib/python3.10/site-packages/airflow/example_dags/example_params_ui_tutorial.py
[2023-12-25T06:35:22.389-0300] {processor.py:840} INFO - DAG(s) 'example_params_ui_tutorial' retrieved from /home/felipe/.local/lib/python3.10/site-packages/airflow/example_dags/example_params_ui_tutorial.py
[2023-12-25T06:35:22.495-0300] {logging_mixin.py:188} INFO - [2023-12-25T06:35:22.495-0300] {dag.py:3033} INFO - Sync 1 DAGs
[2023-12-25T06:35:22.518-0300] {logging_mixin.py:188} INFO - [2023-12-25T06:35:22.517-0300] {dag.py:3820} INFO - Setting next_dagrun for example_params_ui_tutorial to None, run_after=None
[2023-12-25T06:35:22.568-0300] {processor.py:183} INFO - Processing /home/felipe/.local/lib/python3.10/site-packages/airflow/example_dags/example_params_ui_tutorial.py took 0.217 seconds
[2023-12-25T06:36:17.339-0300] {processor.py:161} INFO - Started process (PID=13278) to work on /home/felipe/.local/lib/python3.10/site-packages/airflow/example_dags/example_params_ui_tutorial.py
[2023-12-25T06:36:17.342-0300] {processor.py:830} INFO - Processing file /home/felipe/.local/lib/python3.10/site-packages/airflow/example_dags/example_params_ui_tutorial.py for tasks to queue
[2023-12-25T06:36:17.344-0300] {logging_mixin.py:188} INFO - [2023-12-25T06:36:17.343-0300] {dagbag.py:538} INFO - Filling up the DagBag from /home/felipe/.local/lib/python3.10/site-packages/airflow/example_dags/example_params_ui_tutorial.py
[2023-12-25T06:36:17.371-0300] {processor.py:840} INFO - DAG(s) 'example_params_ui_tutorial' retrieved from /home/felipe/.local/lib/python3.10/site-packages/airflow/example_dags/example_params_ui_tutorial.py
[2023-12-25T06:36:17.507-0300] {logging_mixin.py:188} INFO - [2023-12-25T06:36:17.506-0300] {dag.py:3033} INFO - Sync 1 DAGs
[2023-12-25T06:36:17.544-0300] {logging_mixin.py:188} INFO - [2023-12-25T06:36:17.544-0300] {dag.py:3820} INFO - Setting next_dagrun for example_params_ui_tutorial to None, run_after=None
[2023-12-25T06:36:17.655-0300] {processor.py:183} INFO - Processing /home/felipe/.local/lib/python3.10/site-packages/airflow/example_dags/example_params_ui_tutorial.py took 0.322 seconds
[2023-12-25T06:37:16.135-0300] {processor.py:161} INFO - Started process (PID=13330) to work on /home/felipe/.local/lib/python3.10/site-packages/airflow/example_dags/example_params_ui_tutorial.py
[2023-12-25T06:37:16.137-0300] {processor.py:830} INFO - Processing file /home/felipe/.local/lib/python3.10/site-packages/airflow/example_dags/example_params_ui_tutorial.py for tasks to queue
[2023-12-25T06:37:16.143-0300] {logging_mixin.py:188} INFO - [2023-12-25T06:37:16.141-0300] {dagbag.py:538} INFO - Filling up the DagBag from /home/felipe/.local/lib/python3.10/site-packages/airflow/example_dags/example_params_ui_tutorial.py
[2023-12-25T06:37:16.168-0300] {processor.py:840} INFO - DAG(s) 'example_params_ui_tutorial' retrieved from /home/felipe/.local/lib/python3.10/site-packages/airflow/example_dags/example_params_ui_tutorial.py
[2023-12-25T06:37:16.280-0300] {logging_mixin.py:188} INFO - [2023-12-25T06:37:16.280-0300] {dag.py:3033} INFO - Sync 1 DAGs
[2023-12-25T06:37:16.305-0300] {logging_mixin.py:188} INFO - [2023-12-25T06:37:16.304-0300] {dag.py:3820} INFO - Setting next_dagrun for example_params_ui_tutorial to None, run_after=None
[2023-12-25T06:37:16.354-0300] {processor.py:183} INFO - Processing /home/felipe/.local/lib/python3.10/site-packages/airflow/example_dags/example_params_ui_tutorial.py took 0.224 seconds
[2023-12-25T06:38:17.894-0300] {processor.py:161} INFO - Started process (PID=13383) to work on /home/felipe/.local/lib/python3.10/site-packages/airflow/example_dags/example_params_ui_tutorial.py
[2023-12-25T06:38:17.897-0300] {processor.py:830} INFO - Processing file /home/felipe/.local/lib/python3.10/site-packages/airflow/example_dags/example_params_ui_tutorial.py for tasks to queue
[2023-12-25T06:38:17.899-0300] {logging_mixin.py:188} INFO - [2023-12-25T06:38:17.898-0300] {dagbag.py:538} INFO - Filling up the DagBag from /home/felipe/.local/lib/python3.10/site-packages/airflow/example_dags/example_params_ui_tutorial.py
[2023-12-25T06:38:17.921-0300] {processor.py:840} INFO - DAG(s) 'example_params_ui_tutorial' retrieved from /home/felipe/.local/lib/python3.10/site-packages/airflow/example_dags/example_params_ui_tutorial.py
[2023-12-25T06:38:18.014-0300] {logging_mixin.py:188} INFO - [2023-12-25T06:38:18.014-0300] {dag.py:3033} INFO - Sync 1 DAGs
[2023-12-25T06:38:18.046-0300] {logging_mixin.py:188} INFO - [2023-12-25T06:38:18.045-0300] {dag.py:3820} INFO - Setting next_dagrun for example_params_ui_tutorial to None, run_after=None
[2023-12-25T06:38:18.115-0300] {processor.py:183} INFO - Processing /home/felipe/.local/lib/python3.10/site-packages/airflow/example_dags/example_params_ui_tutorial.py took 0.225 seconds
