[2023-12-25T06:22:41.355-0300] {processor.py:161} INFO - Started process (PID=12419) to work on /home/felipe/.local/lib/python3.10/site-packages/airflow/example_dags/example_subdag_operator.py
[2023-12-25T06:22:41.357-0300] {processor.py:830} INFO - Processing file /home/felipe/.local/lib/python3.10/site-packages/airflow/example_dags/example_subdag_operator.py for tasks to queue
[2023-12-25T06:22:41.359-0300] {logging_mixin.py:188} INFO - [2023-12-25T06:22:41.358-0300] {dagbag.py:538} INFO - Filling up the DagBag from /home/felipe/.local/lib/python3.10/site-packages/airflow/example_dags/example_subdag_operator.py
[2023-12-25T06:22:41.453-0300] {processor.py:840} INFO - DAG(s) 'example_subdag_operator.section-1', 'example_subdag_operator.section-2', 'example_subdag_operator' retrieved from /home/felipe/.local/lib/python3.10/site-packages/airflow/example_dags/example_subdag_operator.py
[2023-12-25T06:22:41.512-0300] {logging_mixin.py:188} INFO - [2023-12-25T06:22:41.511-0300] {dag.py:3033} INFO - Sync 3 DAGs
[2023-12-25T06:22:41.561-0300] {logging_mixin.py:188} INFO - [2023-12-25T06:22:41.561-0300] {dag.py:3820} INFO - Setting next_dagrun for example_subdag_operator to 2022-01-01T00:00:00+00:00, run_after=2022-01-01T00:00:00+00:00
[2023-12-25T06:22:41.572-0300] {logging_mixin.py:188} INFO - [2023-12-25T06:22:41.572-0300] {dag.py:3820} INFO - Setting next_dagrun for example_subdag_operator.section-1 to None, run_after=None
[2023-12-25T06:22:41.575-0300] {logging_mixin.py:188} INFO - [2023-12-25T06:22:41.575-0300] {dag.py:3820} INFO - Setting next_dagrun for example_subdag_operator.section-2 to None, run_after=None
[2023-12-25T06:22:41.594-0300] {logging_mixin.py:188} INFO - [2023-12-25T06:22:41.594-0300] {dag.py:3033} INFO - Sync 2 DAGs
[2023-12-25T06:22:41.609-0300] {logging_mixin.py:188} INFO - [2023-12-25T06:22:41.609-0300] {dag.py:3820} INFO - Setting next_dagrun for example_subdag_operator.section-1 to None, run_after=None
[2023-12-25T06:22:41.610-0300] {logging_mixin.py:188} INFO - [2023-12-25T06:22:41.610-0300] {dag.py:3820} INFO - Setting next_dagrun for example_subdag_operator.section-2 to None, run_after=None
[2023-12-25T06:22:41.710-0300] {processor.py:183} INFO - Processing /home/felipe/.local/lib/python3.10/site-packages/airflow/example_dags/example_subdag_operator.py took 0.360 seconds
[2023-12-25T06:23:35.000-0300] {processor.py:161} INFO - Started process (PID=12470) to work on /home/felipe/.local/lib/python3.10/site-packages/airflow/example_dags/example_subdag_operator.py
[2023-12-25T06:23:35.003-0300] {processor.py:830} INFO - Processing file /home/felipe/.local/lib/python3.10/site-packages/airflow/example_dags/example_subdag_operator.py for tasks to queue
[2023-12-25T06:23:35.006-0300] {logging_mixin.py:188} INFO - [2023-12-25T06:23:35.005-0300] {dagbag.py:538} INFO - Filling up the DagBag from /home/felipe/.local/lib/python3.10/site-packages/airflow/example_dags/example_subdag_operator.py
[2023-12-25T06:23:35.050-0300] {processor.py:840} INFO - DAG(s) 'example_subdag_operator.section-1', 'example_subdag_operator.section-2', 'example_subdag_operator' retrieved from /home/felipe/.local/lib/python3.10/site-packages/airflow/example_dags/example_subdag_operator.py
[2023-12-25T06:23:35.081-0300] {logging_mixin.py:188} INFO - [2023-12-25T06:23:35.081-0300] {dag.py:3033} INFO - Sync 3 DAGs
[2023-12-25T06:23:35.122-0300] {logging_mixin.py:188} INFO - [2023-12-25T06:23:35.121-0300] {dag.py:3820} INFO - Setting next_dagrun for example_subdag_operator to 2022-01-01T00:00:00+00:00, run_after=2022-01-01T00:00:00+00:00
[2023-12-25T06:23:35.130-0300] {logging_mixin.py:188} INFO - [2023-12-25T06:23:35.130-0300] {dag.py:3820} INFO - Setting next_dagrun for example_subdag_operator.section-1 to None, run_after=None
[2023-12-25T06:23:35.134-0300] {logging_mixin.py:188} INFO - [2023-12-25T06:23:35.133-0300] {dag.py:3820} INFO - Setting next_dagrun for example_subdag_operator.section-2 to None, run_after=None
[2023-12-25T06:23:35.148-0300] {logging_mixin.py:188} INFO - [2023-12-25T06:23:35.147-0300] {dag.py:3033} INFO - Sync 2 DAGs
[2023-12-25T06:23:35.159-0300] {logging_mixin.py:188} INFO - [2023-12-25T06:23:35.158-0300] {dag.py:3820} INFO - Setting next_dagrun for example_subdag_operator.section-1 to None, run_after=None
[2023-12-25T06:23:35.160-0300] {logging_mixin.py:188} INFO - [2023-12-25T06:23:35.159-0300] {dag.py:3820} INFO - Setting next_dagrun for example_subdag_operator.section-2 to None, run_after=None
[2023-12-25T06:23:35.196-0300] {processor.py:183} INFO - Processing /home/felipe/.local/lib/python3.10/site-packages/airflow/example_dags/example_subdag_operator.py took 0.203 seconds
[2023-12-25T06:24:32.971-0300] {processor.py:161} INFO - Started process (PID=12521) to work on /home/felipe/.local/lib/python3.10/site-packages/airflow/example_dags/example_subdag_operator.py
[2023-12-25T06:24:32.973-0300] {processor.py:830} INFO - Processing file /home/felipe/.local/lib/python3.10/site-packages/airflow/example_dags/example_subdag_operator.py for tasks to queue
[2023-12-25T06:24:32.975-0300] {logging_mixin.py:188} INFO - [2023-12-25T06:24:32.975-0300] {dagbag.py:538} INFO - Filling up the DagBag from /home/felipe/.local/lib/python3.10/site-packages/airflow/example_dags/example_subdag_operator.py
[2023-12-25T06:24:33.019-0300] {processor.py:840} INFO - DAG(s) 'example_subdag_operator.section-1', 'example_subdag_operator.section-2', 'example_subdag_operator' retrieved from /home/felipe/.local/lib/python3.10/site-packages/airflow/example_dags/example_subdag_operator.py
[2023-12-25T06:24:33.057-0300] {logging_mixin.py:188} INFO - [2023-12-25T06:24:33.057-0300] {dag.py:3033} INFO - Sync 3 DAGs
[2023-12-25T06:24:33.112-0300] {logging_mixin.py:188} INFO - [2023-12-25T06:24:33.111-0300] {dag.py:3820} INFO - Setting next_dagrun for example_subdag_operator to 2022-01-01T00:00:00+00:00, run_after=2022-01-01T00:00:00+00:00
[2023-12-25T06:24:33.121-0300] {logging_mixin.py:188} INFO - [2023-12-25T06:24:33.120-0300] {dag.py:3820} INFO - Setting next_dagrun for example_subdag_operator.section-1 to None, run_after=None
[2023-12-25T06:24:33.124-0300] {logging_mixin.py:188} INFO - [2023-12-25T06:24:33.123-0300] {dag.py:3820} INFO - Setting next_dagrun for example_subdag_operator.section-2 to None, run_after=None
[2023-12-25T06:24:33.141-0300] {logging_mixin.py:188} INFO - [2023-12-25T06:24:33.140-0300] {dag.py:3033} INFO - Sync 2 DAGs
[2023-12-25T06:24:33.154-0300] {logging_mixin.py:188} INFO - [2023-12-25T06:24:33.153-0300] {dag.py:3820} INFO - Setting next_dagrun for example_subdag_operator.section-1 to None, run_after=None
[2023-12-25T06:24:33.155-0300] {logging_mixin.py:188} INFO - [2023-12-25T06:24:33.155-0300] {dag.py:3820} INFO - Setting next_dagrun for example_subdag_operator.section-2 to None, run_after=None
[2023-12-25T06:24:33.190-0300] {processor.py:183} INFO - Processing /home/felipe/.local/lib/python3.10/site-packages/airflow/example_dags/example_subdag_operator.py took 0.225 seconds
[2023-12-25T06:25:24.573-0300] {processor.py:161} INFO - Started process (PID=12606) to work on /home/felipe/.local/lib/python3.10/site-packages/airflow/example_dags/example_subdag_operator.py
[2023-12-25T06:25:24.575-0300] {processor.py:830} INFO - Processing file /home/felipe/.local/lib/python3.10/site-packages/airflow/example_dags/example_subdag_operator.py for tasks to queue
[2023-12-25T06:25:24.577-0300] {logging_mixin.py:188} INFO - [2023-12-25T06:25:24.577-0300] {dagbag.py:538} INFO - Filling up the DagBag from /home/felipe/.local/lib/python3.10/site-packages/airflow/example_dags/example_subdag_operator.py
[2023-12-25T06:25:24.612-0300] {processor.py:840} INFO - DAG(s) 'example_subdag_operator.section-1', 'example_subdag_operator.section-2', 'example_subdag_operator' retrieved from /home/felipe/.local/lib/python3.10/site-packages/airflow/example_dags/example_subdag_operator.py
[2023-12-25T06:25:24.641-0300] {logging_mixin.py:188} INFO - [2023-12-25T06:25:24.641-0300] {dag.py:3033} INFO - Sync 3 DAGs
[2023-12-25T06:25:24.698-0300] {logging_mixin.py:188} INFO - [2023-12-25T06:25:24.697-0300] {dag.py:3820} INFO - Setting next_dagrun for example_subdag_operator to 2022-01-01T00:00:00+00:00, run_after=2022-01-01T00:00:00+00:00
[2023-12-25T06:25:24.706-0300] {logging_mixin.py:188} INFO - [2023-12-25T06:25:24.705-0300] {dag.py:3820} INFO - Setting next_dagrun for example_subdag_operator.section-1 to None, run_after=None
[2023-12-25T06:25:24.710-0300] {logging_mixin.py:188} INFO - [2023-12-25T06:25:24.709-0300] {dag.py:3820} INFO - Setting next_dagrun for example_subdag_operator.section-2 to None, run_after=None
[2023-12-25T06:25:24.729-0300] {logging_mixin.py:188} INFO - [2023-12-25T06:25:24.729-0300] {dag.py:3033} INFO - Sync 2 DAGs
[2023-12-25T06:25:24.741-0300] {logging_mixin.py:188} INFO - [2023-12-25T06:25:24.741-0300] {dag.py:3820} INFO - Setting next_dagrun for example_subdag_operator.section-1 to None, run_after=None
[2023-12-25T06:25:24.742-0300] {logging_mixin.py:188} INFO - [2023-12-25T06:25:24.742-0300] {dag.py:3820} INFO - Setting next_dagrun for example_subdag_operator.section-2 to None, run_after=None
[2023-12-25T06:25:24.785-0300] {processor.py:183} INFO - Processing /home/felipe/.local/lib/python3.10/site-packages/airflow/example_dags/example_subdag_operator.py took 0.214 seconds
[2023-12-25T06:26:13.292-0300] {processor.py:161} INFO - Started process (PID=12658) to work on /home/felipe/.local/lib/python3.10/site-packages/airflow/example_dags/example_subdag_operator.py
[2023-12-25T06:26:13.294-0300] {processor.py:830} INFO - Processing file /home/felipe/.local/lib/python3.10/site-packages/airflow/example_dags/example_subdag_operator.py for tasks to queue
[2023-12-25T06:26:13.296-0300] {logging_mixin.py:188} INFO - [2023-12-25T06:26:13.296-0300] {dagbag.py:538} INFO - Filling up the DagBag from /home/felipe/.local/lib/python3.10/site-packages/airflow/example_dags/example_subdag_operator.py
[2023-12-25T06:26:13.330-0300] {processor.py:840} INFO - DAG(s) 'example_subdag_operator.section-1', 'example_subdag_operator.section-2', 'example_subdag_operator' retrieved from /home/felipe/.local/lib/python3.10/site-packages/airflow/example_dags/example_subdag_operator.py
[2023-12-25T06:26:13.360-0300] {logging_mixin.py:188} INFO - [2023-12-25T06:26:13.360-0300] {dag.py:3033} INFO - Sync 3 DAGs
[2023-12-25T06:26:13.407-0300] {logging_mixin.py:188} INFO - [2023-12-25T06:26:13.406-0300] {dag.py:3820} INFO - Setting next_dagrun for example_subdag_operator to 2022-01-01T00:00:00+00:00, run_after=2022-01-01T00:00:00+00:00
[2023-12-25T06:26:13.414-0300] {logging_mixin.py:188} INFO - [2023-12-25T06:26:13.413-0300] {dag.py:3820} INFO - Setting next_dagrun for example_subdag_operator.section-1 to None, run_after=None
[2023-12-25T06:26:13.416-0300] {logging_mixin.py:188} INFO - [2023-12-25T06:26:13.416-0300] {dag.py:3820} INFO - Setting next_dagrun for example_subdag_operator.section-2 to None, run_after=None
[2023-12-25T06:26:13.429-0300] {logging_mixin.py:188} INFO - [2023-12-25T06:26:13.429-0300] {dag.py:3033} INFO - Sync 2 DAGs
[2023-12-25T06:26:13.438-0300] {logging_mixin.py:188} INFO - [2023-12-25T06:26:13.437-0300] {dag.py:3820} INFO - Setting next_dagrun for example_subdag_operator.section-1 to None, run_after=None
[2023-12-25T06:26:13.439-0300] {logging_mixin.py:188} INFO - [2023-12-25T06:26:13.438-0300] {dag.py:3820} INFO - Setting next_dagrun for example_subdag_operator.section-2 to None, run_after=None
[2023-12-25T06:26:13.472-0300] {processor.py:183} INFO - Processing /home/felipe/.local/lib/python3.10/site-packages/airflow/example_dags/example_subdag_operator.py took 0.185 seconds
[2023-12-25T06:27:02.914-0300] {processor.py:161} INFO - Started process (PID=12703) to work on /home/felipe/.local/lib/python3.10/site-packages/airflow/example_dags/example_subdag_operator.py
[2023-12-25T06:27:02.917-0300] {processor.py:830} INFO - Processing file /home/felipe/.local/lib/python3.10/site-packages/airflow/example_dags/example_subdag_operator.py for tasks to queue
[2023-12-25T06:27:02.922-0300] {logging_mixin.py:188} INFO - [2023-12-25T06:27:02.921-0300] {dagbag.py:538} INFO - Filling up the DagBag from /home/felipe/.local/lib/python3.10/site-packages/airflow/example_dags/example_subdag_operator.py
[2023-12-25T06:27:02.966-0300] {processor.py:840} INFO - DAG(s) 'example_subdag_operator.section-1', 'example_subdag_operator.section-2', 'example_subdag_operator' retrieved from /home/felipe/.local/lib/python3.10/site-packages/airflow/example_dags/example_subdag_operator.py
[2023-12-25T06:27:03.004-0300] {logging_mixin.py:188} INFO - [2023-12-25T06:27:03.003-0300] {dag.py:3033} INFO - Sync 3 DAGs
[2023-12-25T06:27:03.045-0300] {logging_mixin.py:188} INFO - [2023-12-25T06:27:03.045-0300] {dag.py:3820} INFO - Setting next_dagrun for example_subdag_operator to 2022-01-01T00:00:00+00:00, run_after=2022-01-01T00:00:00+00:00
[2023-12-25T06:27:03.053-0300] {logging_mixin.py:188} INFO - [2023-12-25T06:27:03.053-0300] {dag.py:3820} INFO - Setting next_dagrun for example_subdag_operator.section-1 to None, run_after=None
[2023-12-25T06:27:03.056-0300] {logging_mixin.py:188} INFO - [2023-12-25T06:27:03.055-0300] {dag.py:3820} INFO - Setting next_dagrun for example_subdag_operator.section-2 to None, run_after=None
[2023-12-25T06:27:03.069-0300] {logging_mixin.py:188} INFO - [2023-12-25T06:27:03.069-0300] {dag.py:3033} INFO - Sync 2 DAGs
[2023-12-25T06:27:03.079-0300] {logging_mixin.py:188} INFO - [2023-12-25T06:27:03.078-0300] {dag.py:3820} INFO - Setting next_dagrun for example_subdag_operator.section-1 to None, run_after=None
[2023-12-25T06:27:03.080-0300] {logging_mixin.py:188} INFO - [2023-12-25T06:27:03.079-0300] {dag.py:3820} INFO - Setting next_dagrun for example_subdag_operator.section-2 to None, run_after=None
[2023-12-25T06:27:03.114-0300] {processor.py:183} INFO - Processing /home/felipe/.local/lib/python3.10/site-packages/airflow/example_dags/example_subdag_operator.py took 0.207 seconds
[2023-12-25T06:27:52.676-0300] {processor.py:161} INFO - Started process (PID=12751) to work on /home/felipe/.local/lib/python3.10/site-packages/airflow/example_dags/example_subdag_operator.py
[2023-12-25T06:27:52.681-0300] {processor.py:830} INFO - Processing file /home/felipe/.local/lib/python3.10/site-packages/airflow/example_dags/example_subdag_operator.py for tasks to queue
[2023-12-25T06:27:52.683-0300] {logging_mixin.py:188} INFO - [2023-12-25T06:27:52.683-0300] {dagbag.py:538} INFO - Filling up the DagBag from /home/felipe/.local/lib/python3.10/site-packages/airflow/example_dags/example_subdag_operator.py
[2023-12-25T06:27:52.727-0300] {processor.py:840} INFO - DAG(s) 'example_subdag_operator.section-1', 'example_subdag_operator.section-2', 'example_subdag_operator' retrieved from /home/felipe/.local/lib/python3.10/site-packages/airflow/example_dags/example_subdag_operator.py
[2023-12-25T06:27:52.761-0300] {logging_mixin.py:188} INFO - [2023-12-25T06:27:52.760-0300] {dag.py:3033} INFO - Sync 3 DAGs
[2023-12-25T06:27:52.810-0300] {logging_mixin.py:188} INFO - [2023-12-25T06:27:52.810-0300] {dag.py:3820} INFO - Setting next_dagrun for example_subdag_operator to 2022-01-01T00:00:00+00:00, run_after=2022-01-01T00:00:00+00:00
[2023-12-25T06:27:52.819-0300] {logging_mixin.py:188} INFO - [2023-12-25T06:27:52.819-0300] {dag.py:3820} INFO - Setting next_dagrun for example_subdag_operator.section-1 to None, run_after=None
[2023-12-25T06:27:52.821-0300] {logging_mixin.py:188} INFO - [2023-12-25T06:27:52.821-0300] {dag.py:3820} INFO - Setting next_dagrun for example_subdag_operator.section-2 to None, run_after=None
[2023-12-25T06:27:52.836-0300] {logging_mixin.py:188} INFO - [2023-12-25T06:27:52.836-0300] {dag.py:3033} INFO - Sync 2 DAGs
[2023-12-25T06:27:52.846-0300] {logging_mixin.py:188} INFO - [2023-12-25T06:27:52.846-0300] {dag.py:3820} INFO - Setting next_dagrun for example_subdag_operator.section-1 to None, run_after=None
[2023-12-25T06:27:52.847-0300] {logging_mixin.py:188} INFO - [2023-12-25T06:27:52.847-0300] {dag.py:3820} INFO - Setting next_dagrun for example_subdag_operator.section-2 to None, run_after=None
[2023-12-25T06:27:52.882-0300] {processor.py:183} INFO - Processing /home/felipe/.local/lib/python3.10/site-packages/airflow/example_dags/example_subdag_operator.py took 0.211 seconds
[2023-12-25T06:28:45.216-0300] {processor.py:161} INFO - Started process (PID=12799) to work on /home/felipe/.local/lib/python3.10/site-packages/airflow/example_dags/example_subdag_operator.py
[2023-12-25T06:28:45.219-0300] {processor.py:830} INFO - Processing file /home/felipe/.local/lib/python3.10/site-packages/airflow/example_dags/example_subdag_operator.py for tasks to queue
[2023-12-25T06:28:45.222-0300] {logging_mixin.py:188} INFO - [2023-12-25T06:28:45.222-0300] {dagbag.py:538} INFO - Filling up the DagBag from /home/felipe/.local/lib/python3.10/site-packages/airflow/example_dags/example_subdag_operator.py
[2023-12-25T06:28:45.261-0300] {processor.py:840} INFO - DAG(s) 'example_subdag_operator.section-1', 'example_subdag_operator.section-2', 'example_subdag_operator' retrieved from /home/felipe/.local/lib/python3.10/site-packages/airflow/example_dags/example_subdag_operator.py
[2023-12-25T06:28:45.306-0300] {logging_mixin.py:188} INFO - [2023-12-25T06:28:45.306-0300] {dag.py:3033} INFO - Sync 3 DAGs
[2023-12-25T06:28:45.352-0300] {logging_mixin.py:188} INFO - [2023-12-25T06:28:45.351-0300] {dag.py:3820} INFO - Setting next_dagrun for example_subdag_operator to 2022-01-01T00:00:00+00:00, run_after=2022-01-01T00:00:00+00:00
[2023-12-25T06:28:45.359-0300] {logging_mixin.py:188} INFO - [2023-12-25T06:28:45.358-0300] {dag.py:3820} INFO - Setting next_dagrun for example_subdag_operator.section-1 to None, run_after=None
[2023-12-25T06:28:45.362-0300] {logging_mixin.py:188} INFO - [2023-12-25T06:28:45.362-0300] {dag.py:3820} INFO - Setting next_dagrun for example_subdag_operator.section-2 to None, run_after=None
[2023-12-25T06:28:45.377-0300] {logging_mixin.py:188} INFO - [2023-12-25T06:28:45.377-0300] {dag.py:3033} INFO - Sync 2 DAGs
[2023-12-25T06:28:45.386-0300] {logging_mixin.py:188} INFO - [2023-12-25T06:28:45.386-0300] {dag.py:3820} INFO - Setting next_dagrun for example_subdag_operator.section-1 to None, run_after=None
[2023-12-25T06:28:45.387-0300] {logging_mixin.py:188} INFO - [2023-12-25T06:28:45.387-0300] {dag.py:3820} INFO - Setting next_dagrun for example_subdag_operator.section-2 to None, run_after=None
[2023-12-25T06:28:45.428-0300] {processor.py:183} INFO - Processing /home/felipe/.local/lib/python3.10/site-packages/airflow/example_dags/example_subdag_operator.py took 0.215 seconds
[2023-12-25T06:29:37.001-0300] {processor.py:161} INFO - Started process (PID=12845) to work on /home/felipe/.local/lib/python3.10/site-packages/airflow/example_dags/example_subdag_operator.py
[2023-12-25T06:29:37.003-0300] {processor.py:830} INFO - Processing file /home/felipe/.local/lib/python3.10/site-packages/airflow/example_dags/example_subdag_operator.py for tasks to queue
[2023-12-25T06:29:37.007-0300] {logging_mixin.py:188} INFO - [2023-12-25T06:29:37.005-0300] {dagbag.py:538} INFO - Filling up the DagBag from /home/felipe/.local/lib/python3.10/site-packages/airflow/example_dags/example_subdag_operator.py
[2023-12-25T06:29:37.074-0300] {processor.py:840} INFO - DAG(s) 'example_subdag_operator.section-1', 'example_subdag_operator.section-2', 'example_subdag_operator' retrieved from /home/felipe/.local/lib/python3.10/site-packages/airflow/example_dags/example_subdag_operator.py
[2023-12-25T06:29:37.124-0300] {logging_mixin.py:188} INFO - [2023-12-25T06:29:37.123-0300] {dag.py:3033} INFO - Sync 3 DAGs
[2023-12-25T06:29:37.203-0300] {logging_mixin.py:188} INFO - [2023-12-25T06:29:37.202-0300] {dag.py:3820} INFO - Setting next_dagrun for example_subdag_operator to 2022-01-01T00:00:00+00:00, run_after=2022-01-01T00:00:00+00:00
[2023-12-25T06:29:37.223-0300] {logging_mixin.py:188} INFO - [2023-12-25T06:29:37.222-0300] {dag.py:3820} INFO - Setting next_dagrun for example_subdag_operator.section-1 to None, run_after=None
[2023-12-25T06:29:37.227-0300] {logging_mixin.py:188} INFO - [2023-12-25T06:29:37.226-0300] {dag.py:3820} INFO - Setting next_dagrun for example_subdag_operator.section-2 to None, run_after=None
[2023-12-25T06:29:37.246-0300] {logging_mixin.py:188} INFO - [2023-12-25T06:29:37.245-0300] {dag.py:3033} INFO - Sync 2 DAGs
[2023-12-25T06:29:37.257-0300] {logging_mixin.py:188} INFO - [2023-12-25T06:29:37.256-0300] {dag.py:3820} INFO - Setting next_dagrun for example_subdag_operator.section-1 to None, run_after=None
[2023-12-25T06:29:37.259-0300] {logging_mixin.py:188} INFO - [2023-12-25T06:29:37.259-0300] {dag.py:3820} INFO - Setting next_dagrun for example_subdag_operator.section-2 to None, run_after=None
[2023-12-25T06:29:37.301-0300] {processor.py:183} INFO - Processing /home/felipe/.local/lib/python3.10/site-packages/airflow/example_dags/example_subdag_operator.py took 0.306 seconds
[2023-12-25T06:30:28.252-0300] {processor.py:161} INFO - Started process (PID=12930) to work on /home/felipe/.local/lib/python3.10/site-packages/airflow/example_dags/example_subdag_operator.py
[2023-12-25T06:30:28.254-0300] {processor.py:830} INFO - Processing file /home/felipe/.local/lib/python3.10/site-packages/airflow/example_dags/example_subdag_operator.py for tasks to queue
[2023-12-25T06:30:28.256-0300] {logging_mixin.py:188} INFO - [2023-12-25T06:30:28.255-0300] {dagbag.py:538} INFO - Filling up the DagBag from /home/felipe/.local/lib/python3.10/site-packages/airflow/example_dags/example_subdag_operator.py
[2023-12-25T06:30:28.291-0300] {processor.py:840} INFO - DAG(s) 'example_subdag_operator.section-1', 'example_subdag_operator.section-2', 'example_subdag_operator' retrieved from /home/felipe/.local/lib/python3.10/site-packages/airflow/example_dags/example_subdag_operator.py
[2023-12-25T06:30:28.321-0300] {logging_mixin.py:188} INFO - [2023-12-25T06:30:28.320-0300] {dag.py:3033} INFO - Sync 3 DAGs
[2023-12-25T06:30:28.369-0300] {logging_mixin.py:188} INFO - [2023-12-25T06:30:28.368-0300] {dag.py:3820} INFO - Setting next_dagrun for example_subdag_operator to 2022-01-01T00:00:00+00:00, run_after=2022-01-01T00:00:00+00:00
[2023-12-25T06:30:28.376-0300] {logging_mixin.py:188} INFO - [2023-12-25T06:30:28.376-0300] {dag.py:3820} INFO - Setting next_dagrun for example_subdag_operator.section-1 to None, run_after=None
[2023-12-25T06:30:28.379-0300] {logging_mixin.py:188} INFO - [2023-12-25T06:30:28.378-0300] {dag.py:3820} INFO - Setting next_dagrun for example_subdag_operator.section-2 to None, run_after=None
[2023-12-25T06:30:28.394-0300] {logging_mixin.py:188} INFO - [2023-12-25T06:30:28.393-0300] {dag.py:3033} INFO - Sync 2 DAGs
[2023-12-25T06:30:28.403-0300] {logging_mixin.py:188} INFO - [2023-12-25T06:30:28.403-0300] {dag.py:3820} INFO - Setting next_dagrun for example_subdag_operator.section-1 to None, run_after=None
[2023-12-25T06:30:28.404-0300] {logging_mixin.py:188} INFO - [2023-12-25T06:30:28.404-0300] {dag.py:3820} INFO - Setting next_dagrun for example_subdag_operator.section-2 to None, run_after=None
[2023-12-25T06:30:28.438-0300] {processor.py:183} INFO - Processing /home/felipe/.local/lib/python3.10/site-packages/airflow/example_dags/example_subdag_operator.py took 0.191 seconds
[2023-12-25T06:31:19.911-0300] {processor.py:161} INFO - Started process (PID=12975) to work on /home/felipe/.local/lib/python3.10/site-packages/airflow/example_dags/example_subdag_operator.py
[2023-12-25T06:31:19.913-0300] {processor.py:830} INFO - Processing file /home/felipe/.local/lib/python3.10/site-packages/airflow/example_dags/example_subdag_operator.py for tasks to queue
[2023-12-25T06:31:19.915-0300] {logging_mixin.py:188} INFO - [2023-12-25T06:31:19.914-0300] {dagbag.py:538} INFO - Filling up the DagBag from /home/felipe/.local/lib/python3.10/site-packages/airflow/example_dags/example_subdag_operator.py
[2023-12-25T06:31:19.960-0300] {processor.py:840} INFO - DAG(s) 'example_subdag_operator.section-1', 'example_subdag_operator.section-2', 'example_subdag_operator' retrieved from /home/felipe/.local/lib/python3.10/site-packages/airflow/example_dags/example_subdag_operator.py
[2023-12-25T06:31:19.995-0300] {logging_mixin.py:188} INFO - [2023-12-25T06:31:19.994-0300] {dag.py:3033} INFO - Sync 3 DAGs
[2023-12-25T06:31:20.048-0300] {logging_mixin.py:188} INFO - [2023-12-25T06:31:20.047-0300] {dag.py:3820} INFO - Setting next_dagrun for example_subdag_operator to 2022-01-01T00:00:00+00:00, run_after=2022-01-01T00:00:00+00:00
[2023-12-25T06:31:20.057-0300] {logging_mixin.py:188} INFO - [2023-12-25T06:31:20.057-0300] {dag.py:3820} INFO - Setting next_dagrun for example_subdag_operator.section-1 to None, run_after=None
[2023-12-25T06:31:20.060-0300] {logging_mixin.py:188} INFO - [2023-12-25T06:31:20.060-0300] {dag.py:3820} INFO - Setting next_dagrun for example_subdag_operator.section-2 to None, run_after=None
[2023-12-25T06:31:20.074-0300] {logging_mixin.py:188} INFO - [2023-12-25T06:31:20.074-0300] {dag.py:3033} INFO - Sync 2 DAGs
[2023-12-25T06:31:20.083-0300] {logging_mixin.py:188} INFO - [2023-12-25T06:31:20.083-0300] {dag.py:3820} INFO - Setting next_dagrun for example_subdag_operator.section-1 to None, run_after=None
[2023-12-25T06:31:20.084-0300] {logging_mixin.py:188} INFO - [2023-12-25T06:31:20.084-0300] {dag.py:3820} INFO - Setting next_dagrun for example_subdag_operator.section-2 to None, run_after=None
[2023-12-25T06:31:20.120-0300] {processor.py:183} INFO - Processing /home/felipe/.local/lib/python3.10/site-packages/airflow/example_dags/example_subdag_operator.py took 0.215 seconds
[2023-12-25T06:32:16.735-0300] {processor.py:161} INFO - Started process (PID=13025) to work on /home/felipe/.local/lib/python3.10/site-packages/airflow/example_dags/example_subdag_operator.py
[2023-12-25T06:32:16.737-0300] {processor.py:830} INFO - Processing file /home/felipe/.local/lib/python3.10/site-packages/airflow/example_dags/example_subdag_operator.py for tasks to queue
[2023-12-25T06:32:16.739-0300] {logging_mixin.py:188} INFO - [2023-12-25T06:32:16.739-0300] {dagbag.py:538} INFO - Filling up the DagBag from /home/felipe/.local/lib/python3.10/site-packages/airflow/example_dags/example_subdag_operator.py
[2023-12-25T06:32:16.773-0300] {processor.py:840} INFO - DAG(s) 'example_subdag_operator.section-1', 'example_subdag_operator.section-2', 'example_subdag_operator' retrieved from /home/felipe/.local/lib/python3.10/site-packages/airflow/example_dags/example_subdag_operator.py
[2023-12-25T06:32:16.802-0300] {logging_mixin.py:188} INFO - [2023-12-25T06:32:16.801-0300] {dag.py:3033} INFO - Sync 3 DAGs
[2023-12-25T06:32:16.847-0300] {logging_mixin.py:188} INFO - [2023-12-25T06:32:16.847-0300] {dag.py:3820} INFO - Setting next_dagrun for example_subdag_operator to 2022-01-01T00:00:00+00:00, run_after=2022-01-01T00:00:00+00:00
[2023-12-25T06:32:16.854-0300] {logging_mixin.py:188} INFO - [2023-12-25T06:32:16.854-0300] {dag.py:3820} INFO - Setting next_dagrun for example_subdag_operator.section-1 to None, run_after=None
[2023-12-25T06:32:16.856-0300] {logging_mixin.py:188} INFO - [2023-12-25T06:32:16.856-0300] {dag.py:3820} INFO - Setting next_dagrun for example_subdag_operator.section-2 to None, run_after=None
[2023-12-25T06:32:16.869-0300] {logging_mixin.py:188} INFO - [2023-12-25T06:32:16.868-0300] {dag.py:3033} INFO - Sync 2 DAGs
[2023-12-25T06:32:16.880-0300] {logging_mixin.py:188} INFO - [2023-12-25T06:32:16.879-0300] {dag.py:3820} INFO - Setting next_dagrun for example_subdag_operator.section-1 to None, run_after=None
[2023-12-25T06:32:16.881-0300] {logging_mixin.py:188} INFO - [2023-12-25T06:32:16.880-0300] {dag.py:3820} INFO - Setting next_dagrun for example_subdag_operator.section-2 to None, run_after=None
[2023-12-25T06:32:16.913-0300] {processor.py:183} INFO - Processing /home/felipe/.local/lib/python3.10/site-packages/airflow/example_dags/example_subdag_operator.py took 0.183 seconds
[2023-12-25T06:33:07.693-0300] {processor.py:161} INFO - Started process (PID=13071) to work on /home/felipe/.local/lib/python3.10/site-packages/airflow/example_dags/example_subdag_operator.py
[2023-12-25T06:33:07.695-0300] {processor.py:830} INFO - Processing file /home/felipe/.local/lib/python3.10/site-packages/airflow/example_dags/example_subdag_operator.py for tasks to queue
[2023-12-25T06:33:07.697-0300] {logging_mixin.py:188} INFO - [2023-12-25T06:33:07.696-0300] {dagbag.py:538} INFO - Filling up the DagBag from /home/felipe/.local/lib/python3.10/site-packages/airflow/example_dags/example_subdag_operator.py
[2023-12-25T06:33:07.732-0300] {processor.py:840} INFO - DAG(s) 'example_subdag_operator.section-1', 'example_subdag_operator.section-2', 'example_subdag_operator' retrieved from /home/felipe/.local/lib/python3.10/site-packages/airflow/example_dags/example_subdag_operator.py
[2023-12-25T06:33:07.762-0300] {logging_mixin.py:188} INFO - [2023-12-25T06:33:07.762-0300] {dag.py:3033} INFO - Sync 3 DAGs
[2023-12-25T06:33:07.885-0300] {logging_mixin.py:188} INFO - [2023-12-25T06:33:07.885-0300] {dag.py:3820} INFO - Setting next_dagrun for example_subdag_operator to 2022-01-01T00:00:00+00:00, run_after=2022-01-01T00:00:00+00:00
[2023-12-25T06:33:07.918-0300] {logging_mixin.py:188} INFO - [2023-12-25T06:33:07.917-0300] {dag.py:3820} INFO - Setting next_dagrun for example_subdag_operator.section-1 to None, run_after=None
[2023-12-25T06:33:07.932-0300] {logging_mixin.py:188} INFO - [2023-12-25T06:33:07.931-0300] {dag.py:3820} INFO - Setting next_dagrun for example_subdag_operator.section-2 to None, run_after=None
[2023-12-25T06:33:07.981-0300] {logging_mixin.py:188} INFO - [2023-12-25T06:33:07.980-0300] {dag.py:3033} INFO - Sync 2 DAGs
[2023-12-25T06:33:08.015-0300] {logging_mixin.py:188} INFO - [2023-12-25T06:33:08.015-0300] {dag.py:3820} INFO - Setting next_dagrun for example_subdag_operator.section-1 to None, run_after=None
[2023-12-25T06:33:08.025-0300] {logging_mixin.py:188} INFO - [2023-12-25T06:33:08.024-0300] {dag.py:3820} INFO - Setting next_dagrun for example_subdag_operator.section-2 to None, run_after=None
[2023-12-25T06:33:08.095-0300] {processor.py:183} INFO - Processing /home/felipe/.local/lib/python3.10/site-packages/airflow/example_dags/example_subdag_operator.py took 0.407 seconds
[2023-12-25T06:33:55.338-0300] {processor.py:161} INFO - Started process (PID=13115) to work on /home/felipe/.local/lib/python3.10/site-packages/airflow/example_dags/example_subdag_operator.py
[2023-12-25T06:33:55.340-0300] {processor.py:830} INFO - Processing file /home/felipe/.local/lib/python3.10/site-packages/airflow/example_dags/example_subdag_operator.py for tasks to queue
[2023-12-25T06:33:55.342-0300] {logging_mixin.py:188} INFO - [2023-12-25T06:33:55.341-0300] {dagbag.py:538} INFO - Filling up the DagBag from /home/felipe/.local/lib/python3.10/site-packages/airflow/example_dags/example_subdag_operator.py
[2023-12-25T06:33:55.377-0300] {processor.py:840} INFO - DAG(s) 'example_subdag_operator.section-1', 'example_subdag_operator.section-2', 'example_subdag_operator' retrieved from /home/felipe/.local/lib/python3.10/site-packages/airflow/example_dags/example_subdag_operator.py
[2023-12-25T06:33:55.406-0300] {logging_mixin.py:188} INFO - [2023-12-25T06:33:55.406-0300] {dag.py:3033} INFO - Sync 3 DAGs
[2023-12-25T06:33:55.455-0300] {logging_mixin.py:188} INFO - [2023-12-25T06:33:55.454-0300] {dag.py:3820} INFO - Setting next_dagrun for example_subdag_operator to 2022-01-01T00:00:00+00:00, run_after=2022-01-01T00:00:00+00:00
[2023-12-25T06:33:55.463-0300] {logging_mixin.py:188} INFO - [2023-12-25T06:33:55.462-0300] {dag.py:3820} INFO - Setting next_dagrun for example_subdag_operator.section-1 to None, run_after=None
[2023-12-25T06:33:55.465-0300] {logging_mixin.py:188} INFO - [2023-12-25T06:33:55.465-0300] {dag.py:3820} INFO - Setting next_dagrun for example_subdag_operator.section-2 to None, run_after=None
[2023-12-25T06:33:55.479-0300] {logging_mixin.py:188} INFO - [2023-12-25T06:33:55.478-0300] {dag.py:3033} INFO - Sync 2 DAGs
[2023-12-25T06:33:55.487-0300] {logging_mixin.py:188} INFO - [2023-12-25T06:33:55.487-0300] {dag.py:3820} INFO - Setting next_dagrun for example_subdag_operator.section-1 to None, run_after=None
[2023-12-25T06:33:55.488-0300] {logging_mixin.py:188} INFO - [2023-12-25T06:33:55.488-0300] {dag.py:3820} INFO - Setting next_dagrun for example_subdag_operator.section-2 to None, run_after=None
[2023-12-25T06:33:55.519-0300] {processor.py:183} INFO - Processing /home/felipe/.local/lib/python3.10/site-packages/airflow/example_dags/example_subdag_operator.py took 0.185 seconds
[2023-12-25T06:34:48.163-0300] {processor.py:161} INFO - Started process (PID=13169) to work on /home/felipe/.local/lib/python3.10/site-packages/airflow/example_dags/example_subdag_operator.py
[2023-12-25T06:34:48.166-0300] {processor.py:830} INFO - Processing file /home/felipe/.local/lib/python3.10/site-packages/airflow/example_dags/example_subdag_operator.py for tasks to queue
[2023-12-25T06:34:48.167-0300] {logging_mixin.py:188} INFO - [2023-12-25T06:34:48.167-0300] {dagbag.py:538} INFO - Filling up the DagBag from /home/felipe/.local/lib/python3.10/site-packages/airflow/example_dags/example_subdag_operator.py
[2023-12-25T06:34:48.202-0300] {processor.py:840} INFO - DAG(s) 'example_subdag_operator.section-1', 'example_subdag_operator.section-2', 'example_subdag_operator' retrieved from /home/felipe/.local/lib/python3.10/site-packages/airflow/example_dags/example_subdag_operator.py
[2023-12-25T06:34:48.231-0300] {logging_mixin.py:188} INFO - [2023-12-25T06:34:48.231-0300] {dag.py:3033} INFO - Sync 3 DAGs
[2023-12-25T06:34:48.280-0300] {logging_mixin.py:188} INFO - [2023-12-25T06:34:48.279-0300] {dag.py:3820} INFO - Setting next_dagrun for example_subdag_operator to 2022-01-01T00:00:00+00:00, run_after=2022-01-01T00:00:00+00:00
[2023-12-25T06:34:48.287-0300] {logging_mixin.py:188} INFO - [2023-12-25T06:34:48.286-0300] {dag.py:3820} INFO - Setting next_dagrun for example_subdag_operator.section-1 to None, run_after=None
[2023-12-25T06:34:48.289-0300] {logging_mixin.py:188} INFO - [2023-12-25T06:34:48.289-0300] {dag.py:3820} INFO - Setting next_dagrun for example_subdag_operator.section-2 to None, run_after=None
[2023-12-25T06:34:48.302-0300] {logging_mixin.py:188} INFO - [2023-12-25T06:34:48.301-0300] {dag.py:3033} INFO - Sync 2 DAGs
[2023-12-25T06:34:48.311-0300] {logging_mixin.py:188} INFO - [2023-12-25T06:34:48.310-0300] {dag.py:3820} INFO - Setting next_dagrun for example_subdag_operator.section-1 to None, run_after=None
[2023-12-25T06:34:48.312-0300] {logging_mixin.py:188} INFO - [2023-12-25T06:34:48.311-0300] {dag.py:3820} INFO - Setting next_dagrun for example_subdag_operator.section-2 to None, run_after=None
[2023-12-25T06:34:48.343-0300] {processor.py:183} INFO - Processing /home/felipe/.local/lib/python3.10/site-packages/airflow/example_dags/example_subdag_operator.py took 0.184 seconds
[2023-12-25T06:35:42.837-0300] {processor.py:161} INFO - Started process (PID=13247) to work on /home/felipe/.local/lib/python3.10/site-packages/airflow/example_dags/example_subdag_operator.py
[2023-12-25T06:35:42.840-0300] {processor.py:830} INFO - Processing file /home/felipe/.local/lib/python3.10/site-packages/airflow/example_dags/example_subdag_operator.py for tasks to queue
[2023-12-25T06:35:42.841-0300] {logging_mixin.py:188} INFO - [2023-12-25T06:35:42.840-0300] {dagbag.py:538} INFO - Filling up the DagBag from /home/felipe/.local/lib/python3.10/site-packages/airflow/example_dags/example_subdag_operator.py
[2023-12-25T06:35:42.876-0300] {processor.py:840} INFO - DAG(s) 'example_subdag_operator.section-1', 'example_subdag_operator.section-2', 'example_subdag_operator' retrieved from /home/felipe/.local/lib/python3.10/site-packages/airflow/example_dags/example_subdag_operator.py
[2023-12-25T06:35:42.906-0300] {logging_mixin.py:188} INFO - [2023-12-25T06:35:42.906-0300] {dag.py:3033} INFO - Sync 3 DAGs
[2023-12-25T06:35:42.947-0300] {logging_mixin.py:188} INFO - [2023-12-25T06:35:42.947-0300] {dag.py:3820} INFO - Setting next_dagrun for example_subdag_operator to 2022-01-01T00:00:00+00:00, run_after=2022-01-01T00:00:00+00:00
[2023-12-25T06:35:42.954-0300] {logging_mixin.py:188} INFO - [2023-12-25T06:35:42.954-0300] {dag.py:3820} INFO - Setting next_dagrun for example_subdag_operator.section-1 to None, run_after=None
[2023-12-25T06:35:42.957-0300] {logging_mixin.py:188} INFO - [2023-12-25T06:35:42.957-0300] {dag.py:3820} INFO - Setting next_dagrun for example_subdag_operator.section-2 to None, run_after=None
[2023-12-25T06:35:42.972-0300] {logging_mixin.py:188} INFO - [2023-12-25T06:35:42.972-0300] {dag.py:3033} INFO - Sync 2 DAGs
[2023-12-25T06:35:42.986-0300] {logging_mixin.py:188} INFO - [2023-12-25T06:35:42.985-0300] {dag.py:3820} INFO - Setting next_dagrun for example_subdag_operator.section-1 to None, run_after=None
[2023-12-25T06:35:42.990-0300] {logging_mixin.py:188} INFO - [2023-12-25T06:35:42.987-0300] {dag.py:3820} INFO - Setting next_dagrun for example_subdag_operator.section-2 to None, run_after=None
[2023-12-25T06:35:43.044-0300] {processor.py:183} INFO - Processing /home/felipe/.local/lib/python3.10/site-packages/airflow/example_dags/example_subdag_operator.py took 0.211 seconds
[2023-12-25T06:36:40.786-0300] {processor.py:161} INFO - Started process (PID=13298) to work on /home/felipe/.local/lib/python3.10/site-packages/airflow/example_dags/example_subdag_operator.py
[2023-12-25T06:36:40.788-0300] {processor.py:830} INFO - Processing file /home/felipe/.local/lib/python3.10/site-packages/airflow/example_dags/example_subdag_operator.py for tasks to queue
[2023-12-25T06:36:40.790-0300] {logging_mixin.py:188} INFO - [2023-12-25T06:36:40.789-0300] {dagbag.py:538} INFO - Filling up the DagBag from /home/felipe/.local/lib/python3.10/site-packages/airflow/example_dags/example_subdag_operator.py
[2023-12-25T06:36:40.830-0300] {processor.py:840} INFO - DAG(s) 'example_subdag_operator.section-1', 'example_subdag_operator.section-2', 'example_subdag_operator' retrieved from /home/felipe/.local/lib/python3.10/site-packages/airflow/example_dags/example_subdag_operator.py
[2023-12-25T06:36:40.863-0300] {logging_mixin.py:188} INFO - [2023-12-25T06:36:40.863-0300] {dag.py:3033} INFO - Sync 3 DAGs
[2023-12-25T06:36:40.917-0300] {logging_mixin.py:188} INFO - [2023-12-25T06:36:40.917-0300] {dag.py:3820} INFO - Setting next_dagrun for example_subdag_operator to 2022-01-01T00:00:00+00:00, run_after=2022-01-01T00:00:00+00:00
[2023-12-25T06:36:40.924-0300] {logging_mixin.py:188} INFO - [2023-12-25T06:36:40.924-0300] {dag.py:3820} INFO - Setting next_dagrun for example_subdag_operator.section-1 to None, run_after=None
[2023-12-25T06:36:40.926-0300] {logging_mixin.py:188} INFO - [2023-12-25T06:36:40.926-0300] {dag.py:3820} INFO - Setting next_dagrun for example_subdag_operator.section-2 to None, run_after=None
[2023-12-25T06:36:40.941-0300] {logging_mixin.py:188} INFO - [2023-12-25T06:36:40.941-0300] {dag.py:3033} INFO - Sync 2 DAGs
[2023-12-25T06:36:40.955-0300] {logging_mixin.py:188} INFO - [2023-12-25T06:36:40.954-0300] {dag.py:3820} INFO - Setting next_dagrun for example_subdag_operator.section-1 to None, run_after=None
[2023-12-25T06:36:40.956-0300] {logging_mixin.py:188} INFO - [2023-12-25T06:36:40.955-0300] {dag.py:3820} INFO - Setting next_dagrun for example_subdag_operator.section-2 to None, run_after=None
[2023-12-25T06:36:41.017-0300] {processor.py:183} INFO - Processing /home/felipe/.local/lib/python3.10/site-packages/airflow/example_dags/example_subdag_operator.py took 0.235 seconds
[2023-12-25T06:37:40.959-0300] {processor.py:161} INFO - Started process (PID=13350) to work on /home/felipe/.local/lib/python3.10/site-packages/airflow/example_dags/example_subdag_operator.py
[2023-12-25T06:37:40.967-0300] {processor.py:830} INFO - Processing file /home/felipe/.local/lib/python3.10/site-packages/airflow/example_dags/example_subdag_operator.py for tasks to queue
[2023-12-25T06:37:40.970-0300] {logging_mixin.py:188} INFO - [2023-12-25T06:37:40.969-0300] {dagbag.py:538} INFO - Filling up the DagBag from /home/felipe/.local/lib/python3.10/site-packages/airflow/example_dags/example_subdag_operator.py
[2023-12-25T06:37:41.024-0300] {processor.py:840} INFO - DAG(s) 'example_subdag_operator.section-1', 'example_subdag_operator.section-2', 'example_subdag_operator' retrieved from /home/felipe/.local/lib/python3.10/site-packages/airflow/example_dags/example_subdag_operator.py
[2023-12-25T06:37:41.069-0300] {logging_mixin.py:188} INFO - [2023-12-25T06:37:41.068-0300] {dag.py:3033} INFO - Sync 3 DAGs
[2023-12-25T06:37:41.113-0300] {logging_mixin.py:188} INFO - [2023-12-25T06:37:41.113-0300] {dag.py:3820} INFO - Setting next_dagrun for example_subdag_operator to 2022-01-01T00:00:00+00:00, run_after=2022-01-01T00:00:00+00:00
[2023-12-25T06:37:41.121-0300] {logging_mixin.py:188} INFO - [2023-12-25T06:37:41.120-0300] {dag.py:3820} INFO - Setting next_dagrun for example_subdag_operator.section-1 to None, run_after=None
[2023-12-25T06:37:41.123-0300] {logging_mixin.py:188} INFO - [2023-12-25T06:37:41.123-0300] {dag.py:3820} INFO - Setting next_dagrun for example_subdag_operator.section-2 to None, run_after=None
[2023-12-25T06:37:41.138-0300] {logging_mixin.py:188} INFO - [2023-12-25T06:37:41.138-0300] {dag.py:3033} INFO - Sync 2 DAGs
[2023-12-25T06:37:41.152-0300] {logging_mixin.py:188} INFO - [2023-12-25T06:37:41.151-0300] {dag.py:3820} INFO - Setting next_dagrun for example_subdag_operator.section-1 to None, run_after=None
[2023-12-25T06:37:41.153-0300] {logging_mixin.py:188} INFO - [2023-12-25T06:37:41.152-0300] {dag.py:3820} INFO - Setting next_dagrun for example_subdag_operator.section-2 to None, run_after=None
[2023-12-25T06:37:41.192-0300] {processor.py:183} INFO - Processing /home/felipe/.local/lib/python3.10/site-packages/airflow/example_dags/example_subdag_operator.py took 0.239 seconds
[2023-12-25T06:38:39.647-0300] {processor.py:161} INFO - Started process (PID=13403) to work on /home/felipe/.local/lib/python3.10/site-packages/airflow/example_dags/example_subdag_operator.py
[2023-12-25T06:38:39.649-0300] {processor.py:830} INFO - Processing file /home/felipe/.local/lib/python3.10/site-packages/airflow/example_dags/example_subdag_operator.py for tasks to queue
[2023-12-25T06:38:39.651-0300] {logging_mixin.py:188} INFO - [2023-12-25T06:38:39.651-0300] {dagbag.py:538} INFO - Filling up the DagBag from /home/felipe/.local/lib/python3.10/site-packages/airflow/example_dags/example_subdag_operator.py
[2023-12-25T06:38:39.690-0300] {processor.py:840} INFO - DAG(s) 'example_subdag_operator.section-1', 'example_subdag_operator.section-2', 'example_subdag_operator' retrieved from /home/felipe/.local/lib/python3.10/site-packages/airflow/example_dags/example_subdag_operator.py
[2023-12-25T06:38:39.723-0300] {logging_mixin.py:188} INFO - [2023-12-25T06:38:39.722-0300] {dag.py:3033} INFO - Sync 3 DAGs
[2023-12-25T06:38:39.774-0300] {logging_mixin.py:188} INFO - [2023-12-25T06:38:39.773-0300] {dag.py:3820} INFO - Setting next_dagrun for example_subdag_operator to 2022-01-01T00:00:00+00:00, run_after=2022-01-01T00:00:00+00:00
[2023-12-25T06:38:39.781-0300] {logging_mixin.py:188} INFO - [2023-12-25T06:38:39.781-0300] {dag.py:3820} INFO - Setting next_dagrun for example_subdag_operator.section-1 to None, run_after=None
[2023-12-25T06:38:39.784-0300] {logging_mixin.py:188} INFO - [2023-12-25T06:38:39.783-0300] {dag.py:3820} INFO - Setting next_dagrun for example_subdag_operator.section-2 to None, run_after=None
[2023-12-25T06:38:39.797-0300] {logging_mixin.py:188} INFO - [2023-12-25T06:38:39.797-0300] {dag.py:3033} INFO - Sync 2 DAGs
[2023-12-25T06:38:39.806-0300] {logging_mixin.py:188} INFO - [2023-12-25T06:38:39.806-0300] {dag.py:3820} INFO - Setting next_dagrun for example_subdag_operator.section-1 to None, run_after=None
[2023-12-25T06:38:39.809-0300] {logging_mixin.py:188} INFO - [2023-12-25T06:38:39.807-0300] {dag.py:3820} INFO - Setting next_dagrun for example_subdag_operator.section-2 to None, run_after=None
[2023-12-25T06:38:39.849-0300] {processor.py:183} INFO - Processing /home/felipe/.local/lib/python3.10/site-packages/airflow/example_dags/example_subdag_operator.py took 0.206 seconds
