[2023-12-25T06:22:36.801-0300] {processor.py:161} INFO - Started process (PID=12415) to work on /home/felipe/.local/lib/python3.10/site-packages/airflow/example_dags/example_setup_teardown_taskflow.py
[2023-12-25T06:22:36.803-0300] {processor.py:830} INFO - Processing file /home/felipe/.local/lib/python3.10/site-packages/airflow/example_dags/example_setup_teardown_taskflow.py for tasks to queue
[2023-12-25T06:22:36.804-0300] {logging_mixin.py:188} INFO - [2023-12-25T06:22:36.804-0300] {dagbag.py:538} INFO - Filling up the DagBag from /home/felipe/.local/lib/python3.10/site-packages/airflow/example_dags/example_setup_teardown_taskflow.py
[2023-12-25T06:22:36.825-0300] {processor.py:840} INFO - DAG(s) 'example_setup_teardown_taskflow' retrieved from /home/felipe/.local/lib/python3.10/site-packages/airflow/example_dags/example_setup_teardown_taskflow.py
[2023-12-25T06:22:36.859-0300] {logging_mixin.py:188} INFO - [2023-12-25T06:22:36.859-0300] {dag.py:3033} INFO - Sync 1 DAGs
[2023-12-25T06:22:36.916-0300] {logging_mixin.py:188} INFO - [2023-12-25T06:22:36.915-0300] {dag.py:3820} INFO - Setting next_dagrun for example_setup_teardown_taskflow to 2023-12-24T00:00:00+00:00, run_after=2023-12-25T00:00:00+00:00
[2023-12-25T06:22:36.980-0300] {processor.py:183} INFO - Processing /home/felipe/.local/lib/python3.10/site-packages/airflow/example_dags/example_setup_teardown_taskflow.py took 0.184 seconds
[2023-12-25T06:23:31.004-0300] {processor.py:161} INFO - Started process (PID=12466) to work on /home/felipe/.local/lib/python3.10/site-packages/airflow/example_dags/example_setup_teardown_taskflow.py
[2023-12-25T06:23:31.007-0300] {processor.py:830} INFO - Processing file /home/felipe/.local/lib/python3.10/site-packages/airflow/example_dags/example_setup_teardown_taskflow.py for tasks to queue
[2023-12-25T06:23:31.009-0300] {logging_mixin.py:188} INFO - [2023-12-25T06:23:31.009-0300] {dagbag.py:538} INFO - Filling up the DagBag from /home/felipe/.local/lib/python3.10/site-packages/airflow/example_dags/example_setup_teardown_taskflow.py
[2023-12-25T06:23:31.031-0300] {processor.py:840} INFO - DAG(s) 'example_setup_teardown_taskflow' retrieved from /home/felipe/.local/lib/python3.10/site-packages/airflow/example_dags/example_setup_teardown_taskflow.py
[2023-12-25T06:23:31.068-0300] {logging_mixin.py:188} INFO - [2023-12-25T06:23:31.067-0300] {dag.py:3033} INFO - Sync 1 DAGs
[2023-12-25T06:23:31.114-0300] {logging_mixin.py:188} INFO - [2023-12-25T06:23:31.113-0300] {dag.py:3820} INFO - Setting next_dagrun for example_setup_teardown_taskflow to 2023-12-24T00:00:00+00:00, run_after=2023-12-25T00:00:00+00:00
[2023-12-25T06:23:31.164-0300] {processor.py:183} INFO - Processing /home/felipe/.local/lib/python3.10/site-packages/airflow/example_dags/example_setup_teardown_taskflow.py took 0.169 seconds
[2023-12-25T06:24:27.578-0300] {processor.py:161} INFO - Started process (PID=12517) to work on /home/felipe/.local/lib/python3.10/site-packages/airflow/example_dags/example_setup_teardown_taskflow.py
[2023-12-25T06:24:27.581-0300] {processor.py:830} INFO - Processing file /home/felipe/.local/lib/python3.10/site-packages/airflow/example_dags/example_setup_teardown_taskflow.py for tasks to queue
[2023-12-25T06:24:27.583-0300] {logging_mixin.py:188} INFO - [2023-12-25T06:24:27.582-0300] {dagbag.py:538} INFO - Filling up the DagBag from /home/felipe/.local/lib/python3.10/site-packages/airflow/example_dags/example_setup_teardown_taskflow.py
[2023-12-25T06:24:27.618-0300] {processor.py:840} INFO - DAG(s) 'example_setup_teardown_taskflow' retrieved from /home/felipe/.local/lib/python3.10/site-packages/airflow/example_dags/example_setup_teardown_taskflow.py
[2023-12-25T06:24:27.675-0300] {logging_mixin.py:188} INFO - [2023-12-25T06:24:27.674-0300] {dag.py:3033} INFO - Sync 1 DAGs
[2023-12-25T06:24:27.718-0300] {logging_mixin.py:188} INFO - [2023-12-25T06:24:27.717-0300] {dag.py:3820} INFO - Setting next_dagrun for example_setup_teardown_taskflow to 2023-12-24T00:00:00+00:00, run_after=2023-12-25T00:00:00+00:00
[2023-12-25T06:24:27.771-0300] {processor.py:183} INFO - Processing /home/felipe/.local/lib/python3.10/site-packages/airflow/example_dags/example_setup_teardown_taskflow.py took 0.205 seconds
[2023-12-25T06:25:20.097-0300] {processor.py:161} INFO - Started process (PID=12602) to work on /home/felipe/.local/lib/python3.10/site-packages/airflow/example_dags/example_setup_teardown_taskflow.py
[2023-12-25T06:25:20.100-0300] {processor.py:830} INFO - Processing file /home/felipe/.local/lib/python3.10/site-packages/airflow/example_dags/example_setup_teardown_taskflow.py for tasks to queue
[2023-12-25T06:25:20.102-0300] {logging_mixin.py:188} INFO - [2023-12-25T06:25:20.101-0300] {dagbag.py:538} INFO - Filling up the DagBag from /home/felipe/.local/lib/python3.10/site-packages/airflow/example_dags/example_setup_teardown_taskflow.py
[2023-12-25T06:25:20.125-0300] {processor.py:840} INFO - DAG(s) 'example_setup_teardown_taskflow' retrieved from /home/felipe/.local/lib/python3.10/site-packages/airflow/example_dags/example_setup_teardown_taskflow.py
[2023-12-25T06:25:20.158-0300] {logging_mixin.py:188} INFO - [2023-12-25T06:25:20.157-0300] {dag.py:3033} INFO - Sync 1 DAGs
[2023-12-25T06:25:20.204-0300] {logging_mixin.py:188} INFO - [2023-12-25T06:25:20.204-0300] {dag.py:3820} INFO - Setting next_dagrun for example_setup_teardown_taskflow to 2023-12-24T00:00:00+00:00, run_after=2023-12-25T00:00:00+00:00
[2023-12-25T06:25:20.255-0300] {processor.py:183} INFO - Processing /home/felipe/.local/lib/python3.10/site-packages/airflow/example_dags/example_setup_teardown_taskflow.py took 0.166 seconds
[2023-12-25T06:26:08.209-0300] {processor.py:161} INFO - Started process (PID=12653) to work on /home/felipe/.local/lib/python3.10/site-packages/airflow/example_dags/example_setup_teardown_taskflow.py
[2023-12-25T06:26:08.212-0300] {processor.py:830} INFO - Processing file /home/felipe/.local/lib/python3.10/site-packages/airflow/example_dags/example_setup_teardown_taskflow.py for tasks to queue
[2023-12-25T06:26:08.214-0300] {logging_mixin.py:188} INFO - [2023-12-25T06:26:08.213-0300] {dagbag.py:538} INFO - Filling up the DagBag from /home/felipe/.local/lib/python3.10/site-packages/airflow/example_dags/example_setup_teardown_taskflow.py
[2023-12-25T06:26:08.231-0300] {processor.py:840} INFO - DAG(s) 'example_setup_teardown_taskflow' retrieved from /home/felipe/.local/lib/python3.10/site-packages/airflow/example_dags/example_setup_teardown_taskflow.py
[2023-12-25T06:26:08.261-0300] {logging_mixin.py:188} INFO - [2023-12-25T06:26:08.261-0300] {dag.py:3033} INFO - Sync 1 DAGs
[2023-12-25T06:26:08.310-0300] {logging_mixin.py:188} INFO - [2023-12-25T06:26:08.310-0300] {dag.py:3820} INFO - Setting next_dagrun for example_setup_teardown_taskflow to 2023-12-24T00:00:00+00:00, run_after=2023-12-25T00:00:00+00:00
[2023-12-25T06:26:08.358-0300] {processor.py:183} INFO - Processing /home/felipe/.local/lib/python3.10/site-packages/airflow/example_dags/example_setup_teardown_taskflow.py took 0.153 seconds
[2023-12-25T06:26:58.754-0300] {processor.py:161} INFO - Started process (PID=12699) to work on /home/felipe/.local/lib/python3.10/site-packages/airflow/example_dags/example_setup_teardown_taskflow.py
[2023-12-25T06:26:58.756-0300] {processor.py:830} INFO - Processing file /home/felipe/.local/lib/python3.10/site-packages/airflow/example_dags/example_setup_teardown_taskflow.py for tasks to queue
[2023-12-25T06:26:58.758-0300] {logging_mixin.py:188} INFO - [2023-12-25T06:26:58.758-0300] {dagbag.py:538} INFO - Filling up the DagBag from /home/felipe/.local/lib/python3.10/site-packages/airflow/example_dags/example_setup_teardown_taskflow.py
[2023-12-25T06:26:58.775-0300] {processor.py:840} INFO - DAG(s) 'example_setup_teardown_taskflow' retrieved from /home/felipe/.local/lib/python3.10/site-packages/airflow/example_dags/example_setup_teardown_taskflow.py
[2023-12-25T06:26:58.804-0300] {logging_mixin.py:188} INFO - [2023-12-25T06:26:58.804-0300] {dag.py:3033} INFO - Sync 1 DAGs
[2023-12-25T06:26:58.851-0300] {logging_mixin.py:188} INFO - [2023-12-25T06:26:58.851-0300] {dag.py:3820} INFO - Setting next_dagrun for example_setup_teardown_taskflow to 2023-12-24T00:00:00+00:00, run_after=2023-12-25T00:00:00+00:00
[2023-12-25T06:26:58.895-0300] {processor.py:183} INFO - Processing /home/felipe/.local/lib/python3.10/site-packages/airflow/example_dags/example_setup_teardown_taskflow.py took 0.145 seconds
[2023-12-25T06:27:47.896-0300] {processor.py:161} INFO - Started process (PID=12747) to work on /home/felipe/.local/lib/python3.10/site-packages/airflow/example_dags/example_setup_teardown_taskflow.py
[2023-12-25T06:27:47.899-0300] {processor.py:830} INFO - Processing file /home/felipe/.local/lib/python3.10/site-packages/airflow/example_dags/example_setup_teardown_taskflow.py for tasks to queue
[2023-12-25T06:27:47.901-0300] {logging_mixin.py:188} INFO - [2023-12-25T06:27:47.900-0300] {dagbag.py:538} INFO - Filling up the DagBag from /home/felipe/.local/lib/python3.10/site-packages/airflow/example_dags/example_setup_teardown_taskflow.py
[2023-12-25T06:27:47.917-0300] {processor.py:840} INFO - DAG(s) 'example_setup_teardown_taskflow' retrieved from /home/felipe/.local/lib/python3.10/site-packages/airflow/example_dags/example_setup_teardown_taskflow.py
[2023-12-25T06:27:47.948-0300] {logging_mixin.py:188} INFO - [2023-12-25T06:27:47.948-0300] {dag.py:3033} INFO - Sync 1 DAGs
[2023-12-25T06:27:47.987-0300] {logging_mixin.py:188} INFO - [2023-12-25T06:27:47.987-0300] {dag.py:3820} INFO - Setting next_dagrun for example_setup_teardown_taskflow to 2023-12-24T00:00:00+00:00, run_after=2023-12-25T00:00:00+00:00
[2023-12-25T06:27:48.036-0300] {processor.py:183} INFO - Processing /home/felipe/.local/lib/python3.10/site-packages/airflow/example_dags/example_setup_teardown_taskflow.py took 0.144 seconds
[2023-12-25T06:28:40.100-0300] {processor.py:161} INFO - Started process (PID=12795) to work on /home/felipe/.local/lib/python3.10/site-packages/airflow/example_dags/example_setup_teardown_taskflow.py
[2023-12-25T06:28:40.103-0300] {processor.py:830} INFO - Processing file /home/felipe/.local/lib/python3.10/site-packages/airflow/example_dags/example_setup_teardown_taskflow.py for tasks to queue
[2023-12-25T06:28:40.104-0300] {logging_mixin.py:188} INFO - [2023-12-25T06:28:40.104-0300] {dagbag.py:538} INFO - Filling up the DagBag from /home/felipe/.local/lib/python3.10/site-packages/airflow/example_dags/example_setup_teardown_taskflow.py
[2023-12-25T06:28:40.124-0300] {processor.py:840} INFO - DAG(s) 'example_setup_teardown_taskflow' retrieved from /home/felipe/.local/lib/python3.10/site-packages/airflow/example_dags/example_setup_teardown_taskflow.py
[2023-12-25T06:28:40.157-0300] {logging_mixin.py:188} INFO - [2023-12-25T06:28:40.157-0300] {dag.py:3033} INFO - Sync 1 DAGs
[2023-12-25T06:28:40.211-0300] {logging_mixin.py:188} INFO - [2023-12-25T06:28:40.211-0300] {dag.py:3820} INFO - Setting next_dagrun for example_setup_teardown_taskflow to 2023-12-24T00:00:00+00:00, run_after=2023-12-25T00:00:00+00:00
[2023-12-25T06:28:40.267-0300] {processor.py:183} INFO - Processing /home/felipe/.local/lib/python3.10/site-packages/airflow/example_dags/example_setup_teardown_taskflow.py took 0.171 seconds
[2023-12-25T06:29:32.744-0300] {processor.py:161} INFO - Started process (PID=12841) to work on /home/felipe/.local/lib/python3.10/site-packages/airflow/example_dags/example_setup_teardown_taskflow.py
[2023-12-25T06:29:32.786-0300] {processor.py:830} INFO - Processing file /home/felipe/.local/lib/python3.10/site-packages/airflow/example_dags/example_setup_teardown_taskflow.py for tasks to queue
[2023-12-25T06:29:32.789-0300] {logging_mixin.py:188} INFO - [2023-12-25T06:29:32.788-0300] {dagbag.py:538} INFO - Filling up the DagBag from /home/felipe/.local/lib/python3.10/site-packages/airflow/example_dags/example_setup_teardown_taskflow.py
[2023-12-25T06:29:32.827-0300] {processor.py:840} INFO - DAG(s) 'example_setup_teardown_taskflow' retrieved from /home/felipe/.local/lib/python3.10/site-packages/airflow/example_dags/example_setup_teardown_taskflow.py
[2023-12-25T06:29:32.881-0300] {logging_mixin.py:188} INFO - [2023-12-25T06:29:32.881-0300] {dag.py:3033} INFO - Sync 1 DAGs
[2023-12-25T06:29:32.927-0300] {logging_mixin.py:188} INFO - [2023-12-25T06:29:32.926-0300] {dag.py:3820} INFO - Setting next_dagrun for example_setup_teardown_taskflow to 2023-12-24T00:00:00+00:00, run_after=2023-12-25T00:00:00+00:00
[2023-12-25T06:29:32.993-0300] {processor.py:183} INFO - Processing /home/felipe/.local/lib/python3.10/site-packages/airflow/example_dags/example_setup_teardown_taskflow.py took 0.260 seconds
[2023-12-25T06:30:23.047-0300] {processor.py:161} INFO - Started process (PID=12920) to work on /home/felipe/.local/lib/python3.10/site-packages/airflow/example_dags/example_setup_teardown_taskflow.py
[2023-12-25T06:30:23.060-0300] {processor.py:830} INFO - Processing file /home/felipe/.local/lib/python3.10/site-packages/airflow/example_dags/example_setup_teardown_taskflow.py for tasks to queue
[2023-12-25T06:30:23.063-0300] {logging_mixin.py:188} INFO - [2023-12-25T06:30:23.062-0300] {dagbag.py:538} INFO - Filling up the DagBag from /home/felipe/.local/lib/python3.10/site-packages/airflow/example_dags/example_setup_teardown_taskflow.py
[2023-12-25T06:30:23.103-0300] {processor.py:840} INFO - DAG(s) 'example_setup_teardown_taskflow' retrieved from /home/felipe/.local/lib/python3.10/site-packages/airflow/example_dags/example_setup_teardown_taskflow.py
[2023-12-25T06:30:23.181-0300] {logging_mixin.py:188} INFO - [2023-12-25T06:30:23.181-0300] {dag.py:3033} INFO - Sync 1 DAGs
[2023-12-25T06:30:23.226-0300] {logging_mixin.py:188} INFO - [2023-12-25T06:30:23.226-0300] {dag.py:3820} INFO - Setting next_dagrun for example_setup_teardown_taskflow to 2023-12-24T00:00:00+00:00, run_after=2023-12-25T00:00:00+00:00
[2023-12-25T06:30:23.279-0300] {processor.py:183} INFO - Processing /home/felipe/.local/lib/python3.10/site-packages/airflow/example_dags/example_setup_teardown_taskflow.py took 0.237 seconds
[2023-12-25T06:31:14.815-0300] {processor.py:161} INFO - Started process (PID=12971) to work on /home/felipe/.local/lib/python3.10/site-packages/airflow/example_dags/example_setup_teardown_taskflow.py
[2023-12-25T06:31:14.817-0300] {processor.py:830} INFO - Processing file /home/felipe/.local/lib/python3.10/site-packages/airflow/example_dags/example_setup_teardown_taskflow.py for tasks to queue
[2023-12-25T06:31:14.819-0300] {logging_mixin.py:188} INFO - [2023-12-25T06:31:14.819-0300] {dagbag.py:538} INFO - Filling up the DagBag from /home/felipe/.local/lib/python3.10/site-packages/airflow/example_dags/example_setup_teardown_taskflow.py
[2023-12-25T06:31:14.836-0300] {processor.py:840} INFO - DAG(s) 'example_setup_teardown_taskflow' retrieved from /home/felipe/.local/lib/python3.10/site-packages/airflow/example_dags/example_setup_teardown_taskflow.py
[2023-12-25T06:31:14.866-0300] {logging_mixin.py:188} INFO - [2023-12-25T06:31:14.865-0300] {dag.py:3033} INFO - Sync 1 DAGs
[2023-12-25T06:31:14.914-0300] {logging_mixin.py:188} INFO - [2023-12-25T06:31:14.913-0300] {dag.py:3820} INFO - Setting next_dagrun for example_setup_teardown_taskflow to 2023-12-24T00:00:00+00:00, run_after=2023-12-25T00:00:00+00:00
[2023-12-25T06:31:14.960-0300] {processor.py:183} INFO - Processing /home/felipe/.local/lib/python3.10/site-packages/airflow/example_dags/example_setup_teardown_taskflow.py took 0.150 seconds
[2023-12-25T06:32:11.655-0300] {processor.py:161} INFO - Started process (PID=13021) to work on /home/felipe/.local/lib/python3.10/site-packages/airflow/example_dags/example_setup_teardown_taskflow.py
[2023-12-25T06:32:11.657-0300] {processor.py:830} INFO - Processing file /home/felipe/.local/lib/python3.10/site-packages/airflow/example_dags/example_setup_teardown_taskflow.py for tasks to queue
[2023-12-25T06:32:11.659-0300] {logging_mixin.py:188} INFO - [2023-12-25T06:32:11.658-0300] {dagbag.py:538} INFO - Filling up the DagBag from /home/felipe/.local/lib/python3.10/site-packages/airflow/example_dags/example_setup_teardown_taskflow.py
[2023-12-25T06:32:11.675-0300] {processor.py:840} INFO - DAG(s) 'example_setup_teardown_taskflow' retrieved from /home/felipe/.local/lib/python3.10/site-packages/airflow/example_dags/example_setup_teardown_taskflow.py
[2023-12-25T06:32:11.704-0300] {logging_mixin.py:188} INFO - [2023-12-25T06:32:11.703-0300] {dag.py:3033} INFO - Sync 1 DAGs
[2023-12-25T06:32:11.741-0300] {logging_mixin.py:188} INFO - [2023-12-25T06:32:11.741-0300] {dag.py:3820} INFO - Setting next_dagrun for example_setup_teardown_taskflow to 2023-12-24T00:00:00+00:00, run_after=2023-12-25T00:00:00+00:00
[2023-12-25T06:32:11.792-0300] {processor.py:183} INFO - Processing /home/felipe/.local/lib/python3.10/site-packages/airflow/example_dags/example_setup_teardown_taskflow.py took 0.141 seconds
[2023-12-25T06:33:02.607-0300] {processor.py:161} INFO - Started process (PID=13067) to work on /home/felipe/.local/lib/python3.10/site-packages/airflow/example_dags/example_setup_teardown_taskflow.py
[2023-12-25T06:33:02.609-0300] {processor.py:830} INFO - Processing file /home/felipe/.local/lib/python3.10/site-packages/airflow/example_dags/example_setup_teardown_taskflow.py for tasks to queue
[2023-12-25T06:33:02.611-0300] {logging_mixin.py:188} INFO - [2023-12-25T06:33:02.611-0300] {dagbag.py:538} INFO - Filling up the DagBag from /home/felipe/.local/lib/python3.10/site-packages/airflow/example_dags/example_setup_teardown_taskflow.py
[2023-12-25T06:33:02.629-0300] {processor.py:840} INFO - DAG(s) 'example_setup_teardown_taskflow' retrieved from /home/felipe/.local/lib/python3.10/site-packages/airflow/example_dags/example_setup_teardown_taskflow.py
[2023-12-25T06:33:02.659-0300] {logging_mixin.py:188} INFO - [2023-12-25T06:33:02.658-0300] {dag.py:3033} INFO - Sync 1 DAGs
[2023-12-25T06:33:02.705-0300] {logging_mixin.py:188} INFO - [2023-12-25T06:33:02.704-0300] {dag.py:3820} INFO - Setting next_dagrun for example_setup_teardown_taskflow to 2023-12-24T00:00:00+00:00, run_after=2023-12-25T00:00:00+00:00
[2023-12-25T06:33:02.753-0300] {processor.py:183} INFO - Processing /home/felipe/.local/lib/python3.10/site-packages/airflow/example_dags/example_setup_teardown_taskflow.py took 0.151 seconds
[2023-12-25T06:33:50.951-0300] {processor.py:161} INFO - Started process (PID=13111) to work on /home/felipe/.local/lib/python3.10/site-packages/airflow/example_dags/example_setup_teardown_taskflow.py
[2023-12-25T06:33:50.953-0300] {processor.py:830} INFO - Processing file /home/felipe/.local/lib/python3.10/site-packages/airflow/example_dags/example_setup_teardown_taskflow.py for tasks to queue
[2023-12-25T06:33:50.955-0300] {logging_mixin.py:188} INFO - [2023-12-25T06:33:50.954-0300] {dagbag.py:538} INFO - Filling up the DagBag from /home/felipe/.local/lib/python3.10/site-packages/airflow/example_dags/example_setup_teardown_taskflow.py
[2023-12-25T06:33:50.972-0300] {processor.py:840} INFO - DAG(s) 'example_setup_teardown_taskflow' retrieved from /home/felipe/.local/lib/python3.10/site-packages/airflow/example_dags/example_setup_teardown_taskflow.py
[2023-12-25T06:33:51.001-0300] {logging_mixin.py:188} INFO - [2023-12-25T06:33:51.001-0300] {dag.py:3033} INFO - Sync 1 DAGs
[2023-12-25T06:33:51.049-0300] {logging_mixin.py:188} INFO - [2023-12-25T06:33:51.048-0300] {dag.py:3820} INFO - Setting next_dagrun for example_setup_teardown_taskflow to 2023-12-24T00:00:00+00:00, run_after=2023-12-25T00:00:00+00:00
[2023-12-25T06:33:51.096-0300] {processor.py:183} INFO - Processing /home/felipe/.local/lib/python3.10/site-packages/airflow/example_dags/example_setup_teardown_taskflow.py took 0.150 seconds
[2023-12-25T06:34:43.064-0300] {processor.py:161} INFO - Started process (PID=13159) to work on /home/felipe/.local/lib/python3.10/site-packages/airflow/example_dags/example_setup_teardown_taskflow.py
[2023-12-25T06:34:43.066-0300] {processor.py:830} INFO - Processing file /home/felipe/.local/lib/python3.10/site-packages/airflow/example_dags/example_setup_teardown_taskflow.py for tasks to queue
[2023-12-25T06:34:43.067-0300] {logging_mixin.py:188} INFO - [2023-12-25T06:34:43.067-0300] {dagbag.py:538} INFO - Filling up the DagBag from /home/felipe/.local/lib/python3.10/site-packages/airflow/example_dags/example_setup_teardown_taskflow.py
[2023-12-25T06:34:43.084-0300] {processor.py:840} INFO - DAG(s) 'example_setup_teardown_taskflow' retrieved from /home/felipe/.local/lib/python3.10/site-packages/airflow/example_dags/example_setup_teardown_taskflow.py
[2023-12-25T06:34:43.114-0300] {logging_mixin.py:188} INFO - [2023-12-25T06:34:43.114-0300] {dag.py:3033} INFO - Sync 1 DAGs
[2023-12-25T06:34:43.150-0300] {logging_mixin.py:188} INFO - [2023-12-25T06:34:43.150-0300] {dag.py:3820} INFO - Setting next_dagrun for example_setup_teardown_taskflow to 2023-12-24T00:00:00+00:00, run_after=2023-12-25T00:00:00+00:00
[2023-12-25T06:34:43.196-0300] {processor.py:183} INFO - Processing /home/felipe/.local/lib/python3.10/site-packages/airflow/example_dags/example_setup_teardown_taskflow.py took 0.137 seconds
[2023-12-25T06:35:38.203-0300] {processor.py:161} INFO - Started process (PID=13243) to work on /home/felipe/.local/lib/python3.10/site-packages/airflow/example_dags/example_setup_teardown_taskflow.py
[2023-12-25T06:35:38.205-0300] {processor.py:830} INFO - Processing file /home/felipe/.local/lib/python3.10/site-packages/airflow/example_dags/example_setup_teardown_taskflow.py for tasks to queue
[2023-12-25T06:35:38.207-0300] {logging_mixin.py:188} INFO - [2023-12-25T06:35:38.206-0300] {dagbag.py:538} INFO - Filling up the DagBag from /home/felipe/.local/lib/python3.10/site-packages/airflow/example_dags/example_setup_teardown_taskflow.py
[2023-12-25T06:35:38.224-0300] {processor.py:840} INFO - DAG(s) 'example_setup_teardown_taskflow' retrieved from /home/felipe/.local/lib/python3.10/site-packages/airflow/example_dags/example_setup_teardown_taskflow.py
[2023-12-25T06:35:38.254-0300] {logging_mixin.py:188} INFO - [2023-12-25T06:35:38.253-0300] {dag.py:3033} INFO - Sync 1 DAGs
[2023-12-25T06:35:38.293-0300] {logging_mixin.py:188} INFO - [2023-12-25T06:35:38.292-0300] {dag.py:3820} INFO - Setting next_dagrun for example_setup_teardown_taskflow to 2023-12-24T00:00:00+00:00, run_after=2023-12-25T00:00:00+00:00
[2023-12-25T06:35:38.339-0300] {processor.py:183} INFO - Processing /home/felipe/.local/lib/python3.10/site-packages/airflow/example_dags/example_setup_teardown_taskflow.py took 0.141 seconds
[2023-12-25T06:36:35.637-0300] {processor.py:161} INFO - Started process (PID=13294) to work on /home/felipe/.local/lib/python3.10/site-packages/airflow/example_dags/example_setup_teardown_taskflow.py
[2023-12-25T06:36:35.640-0300] {processor.py:830} INFO - Processing file /home/felipe/.local/lib/python3.10/site-packages/airflow/example_dags/example_setup_teardown_taskflow.py for tasks to queue
[2023-12-25T06:36:35.644-0300] {logging_mixin.py:188} INFO - [2023-12-25T06:36:35.642-0300] {dagbag.py:538} INFO - Filling up the DagBag from /home/felipe/.local/lib/python3.10/site-packages/airflow/example_dags/example_setup_teardown_taskflow.py
[2023-12-25T06:36:35.672-0300] {processor.py:840} INFO - DAG(s) 'example_setup_teardown_taskflow' retrieved from /home/felipe/.local/lib/python3.10/site-packages/airflow/example_dags/example_setup_teardown_taskflow.py
[2023-12-25T06:36:35.727-0300] {logging_mixin.py:188} INFO - [2023-12-25T06:36:35.726-0300] {dag.py:3033} INFO - Sync 1 DAGs
[2023-12-25T06:36:35.774-0300] {logging_mixin.py:188} INFO - [2023-12-25T06:36:35.774-0300] {dag.py:3820} INFO - Setting next_dagrun for example_setup_teardown_taskflow to 2023-12-24T00:00:00+00:00, run_after=2023-12-25T00:00:00+00:00
[2023-12-25T06:36:35.823-0300] {processor.py:183} INFO - Processing /home/felipe/.local/lib/python3.10/site-packages/airflow/example_dags/example_setup_teardown_taskflow.py took 0.191 seconds
[2023-12-25T06:37:35.442-0300] {processor.py:161} INFO - Started process (PID=13346) to work on /home/felipe/.local/lib/python3.10/site-packages/airflow/example_dags/example_setup_teardown_taskflow.py
[2023-12-25T06:37:35.451-0300] {processor.py:830} INFO - Processing file /home/felipe/.local/lib/python3.10/site-packages/airflow/example_dags/example_setup_teardown_taskflow.py for tasks to queue
[2023-12-25T06:37:35.455-0300] {logging_mixin.py:188} INFO - [2023-12-25T06:37:35.454-0300] {dagbag.py:538} INFO - Filling up the DagBag from /home/felipe/.local/lib/python3.10/site-packages/airflow/example_dags/example_setup_teardown_taskflow.py
[2023-12-25T06:37:35.543-0300] {processor.py:840} INFO - DAG(s) 'example_setup_teardown_taskflow' retrieved from /home/felipe/.local/lib/python3.10/site-packages/airflow/example_dags/example_setup_teardown_taskflow.py
[2023-12-25T06:37:35.632-0300] {logging_mixin.py:188} INFO - [2023-12-25T06:37:35.631-0300] {dag.py:3033} INFO - Sync 1 DAGs
[2023-12-25T06:37:35.717-0300] {logging_mixin.py:188} INFO - [2023-12-25T06:37:35.716-0300] {dag.py:3820} INFO - Setting next_dagrun for example_setup_teardown_taskflow to 2023-12-24T00:00:00+00:00, run_after=2023-12-25T00:00:00+00:00
[2023-12-25T06:37:35.819-0300] {processor.py:183} INFO - Processing /home/felipe/.local/lib/python3.10/site-packages/airflow/example_dags/example_setup_teardown_taskflow.py took 0.389 seconds
[2023-12-25T06:38:34.447-0300] {processor.py:161} INFO - Started process (PID=13399) to work on /home/felipe/.local/lib/python3.10/site-packages/airflow/example_dags/example_setup_teardown_taskflow.py
[2023-12-25T06:38:34.449-0300] {processor.py:830} INFO - Processing file /home/felipe/.local/lib/python3.10/site-packages/airflow/example_dags/example_setup_teardown_taskflow.py for tasks to queue
[2023-12-25T06:38:34.451-0300] {logging_mixin.py:188} INFO - [2023-12-25T06:38:34.450-0300] {dagbag.py:538} INFO - Filling up the DagBag from /home/felipe/.local/lib/python3.10/site-packages/airflow/example_dags/example_setup_teardown_taskflow.py
[2023-12-25T06:38:34.468-0300] {processor.py:840} INFO - DAG(s) 'example_setup_teardown_taskflow' retrieved from /home/felipe/.local/lib/python3.10/site-packages/airflow/example_dags/example_setup_teardown_taskflow.py
[2023-12-25T06:38:34.499-0300] {logging_mixin.py:188} INFO - [2023-12-25T06:38:34.499-0300] {dag.py:3033} INFO - Sync 1 DAGs
[2023-12-25T06:38:34.540-0300] {logging_mixin.py:188} INFO - [2023-12-25T06:38:34.540-0300] {dag.py:3820} INFO - Setting next_dagrun for example_setup_teardown_taskflow to 2023-12-24T00:00:00+00:00, run_after=2023-12-25T00:00:00+00:00
[2023-12-25T06:38:34.592-0300] {processor.py:183} INFO - Processing /home/felipe/.local/lib/python3.10/site-packages/airflow/example_dags/example_setup_teardown_taskflow.py took 0.152 seconds
