[2023-12-25T06:22:38.091-0300] {processor.py:161} INFO - Started process (PID=12416) to work on /home/felipe/.local/lib/python3.10/site-packages/airflow/example_dags/tutorial_dag.py
[2023-12-25T06:22:38.093-0300] {processor.py:830} INFO - Processing file /home/felipe/.local/lib/python3.10/site-packages/airflow/example_dags/tutorial_dag.py for tasks to queue
[2023-12-25T06:22:38.095-0300] {logging_mixin.py:188} INFO - [2023-12-25T06:22:38.094-0300] {dagbag.py:538} INFO - Filling up the DagBag from /home/felipe/.local/lib/python3.10/site-packages/airflow/example_dags/tutorial_dag.py
[2023-12-25T06:22:38.104-0300] {processor.py:840} INFO - DAG(s) 'tutorial_dag' retrieved from /home/felipe/.local/lib/python3.10/site-packages/airflow/example_dags/tutorial_dag.py
[2023-12-25T06:22:38.136-0300] {logging_mixin.py:188} INFO - [2023-12-25T06:22:38.135-0300] {dag.py:3033} INFO - Sync 1 DAGs
[2023-12-25T06:22:38.163-0300] {logging_mixin.py:188} INFO - [2023-12-25T06:22:38.163-0300] {dag.py:3820} INFO - Setting next_dagrun for tutorial_dag to None, run_after=None
[2023-12-25T06:22:38.230-0300] {processor.py:183} INFO - Processing /home/felipe/.local/lib/python3.10/site-packages/airflow/example_dags/tutorial_dag.py took 0.144 seconds
[2023-12-25T06:23:32.274-0300] {processor.py:161} INFO - Started process (PID=12467) to work on /home/felipe/.local/lib/python3.10/site-packages/airflow/example_dags/tutorial_dag.py
[2023-12-25T06:23:32.277-0300] {processor.py:830} INFO - Processing file /home/felipe/.local/lib/python3.10/site-packages/airflow/example_dags/tutorial_dag.py for tasks to queue
[2023-12-25T06:23:32.280-0300] {logging_mixin.py:188} INFO - [2023-12-25T06:23:32.279-0300] {dagbag.py:538} INFO - Filling up the DagBag from /home/felipe/.local/lib/python3.10/site-packages/airflow/example_dags/tutorial_dag.py
[2023-12-25T06:23:32.289-0300] {processor.py:840} INFO - DAG(s) 'tutorial_dag' retrieved from /home/felipe/.local/lib/python3.10/site-packages/airflow/example_dags/tutorial_dag.py
[2023-12-25T06:23:32.318-0300] {logging_mixin.py:188} INFO - [2023-12-25T06:23:32.317-0300] {dag.py:3033} INFO - Sync 1 DAGs
[2023-12-25T06:23:32.341-0300] {logging_mixin.py:188} INFO - [2023-12-25T06:23:32.341-0300] {dag.py:3820} INFO - Setting next_dagrun for tutorial_dag to None, run_after=None
[2023-12-25T06:23:32.398-0300] {processor.py:183} INFO - Processing /home/felipe/.local/lib/python3.10/site-packages/airflow/example_dags/tutorial_dag.py took 0.128 seconds
[2023-12-25T06:24:28.962-0300] {processor.py:161} INFO - Started process (PID=12518) to work on /home/felipe/.local/lib/python3.10/site-packages/airflow/example_dags/tutorial_dag.py
[2023-12-25T06:24:28.964-0300] {processor.py:830} INFO - Processing file /home/felipe/.local/lib/python3.10/site-packages/airflow/example_dags/tutorial_dag.py for tasks to queue
[2023-12-25T06:24:28.966-0300] {logging_mixin.py:188} INFO - [2023-12-25T06:24:28.966-0300] {dagbag.py:538} INFO - Filling up the DagBag from /home/felipe/.local/lib/python3.10/site-packages/airflow/example_dags/tutorial_dag.py
[2023-12-25T06:24:28.976-0300] {processor.py:840} INFO - DAG(s) 'tutorial_dag' retrieved from /home/felipe/.local/lib/python3.10/site-packages/airflow/example_dags/tutorial_dag.py
[2023-12-25T06:24:29.006-0300] {logging_mixin.py:188} INFO - [2023-12-25T06:24:29.006-0300] {dag.py:3033} INFO - Sync 1 DAGs
[2023-12-25T06:24:29.031-0300] {logging_mixin.py:188} INFO - [2023-12-25T06:24:29.030-0300] {dag.py:3820} INFO - Setting next_dagrun for tutorial_dag to None, run_after=None
[2023-12-25T06:24:29.086-0300] {processor.py:183} INFO - Processing /home/felipe/.local/lib/python3.10/site-packages/airflow/example_dags/tutorial_dag.py took 0.130 seconds
[2023-12-25T06:25:20.755-0300] {processor.py:161} INFO - Started process (PID=12603) to work on /home/felipe/.local/lib/python3.10/site-packages/airflow/example_dags/tutorial_dag.py
[2023-12-25T06:25:20.758-0300] {processor.py:830} INFO - Processing file /home/felipe/.local/lib/python3.10/site-packages/airflow/example_dags/tutorial_dag.py for tasks to queue
[2023-12-25T06:25:20.759-0300] {logging_mixin.py:188} INFO - [2023-12-25T06:25:20.759-0300] {dagbag.py:538} INFO - Filling up the DagBag from /home/felipe/.local/lib/python3.10/site-packages/airflow/example_dags/tutorial_dag.py
[2023-12-25T06:25:20.767-0300] {processor.py:840} INFO - DAG(s) 'tutorial_dag' retrieved from /home/felipe/.local/lib/python3.10/site-packages/airflow/example_dags/tutorial_dag.py
[2023-12-25T06:25:20.794-0300] {logging_mixin.py:188} INFO - [2023-12-25T06:25:20.794-0300] {dag.py:3033} INFO - Sync 1 DAGs
[2023-12-25T06:25:20.815-0300] {logging_mixin.py:188} INFO - [2023-12-25T06:25:20.815-0300] {dag.py:3820} INFO - Setting next_dagrun for tutorial_dag to None, run_after=None
[2023-12-25T06:25:20.860-0300] {processor.py:183} INFO - Processing /home/felipe/.local/lib/python3.10/site-packages/airflow/example_dags/tutorial_dag.py took 0.109 seconds
[2023-12-25T06:26:09.495-0300] {processor.py:161} INFO - Started process (PID=12654) to work on /home/felipe/.local/lib/python3.10/site-packages/airflow/example_dags/tutorial_dag.py
[2023-12-25T06:26:09.497-0300] {processor.py:830} INFO - Processing file /home/felipe/.local/lib/python3.10/site-packages/airflow/example_dags/tutorial_dag.py for tasks to queue
[2023-12-25T06:26:09.499-0300] {logging_mixin.py:188} INFO - [2023-12-25T06:26:09.499-0300] {dagbag.py:538} INFO - Filling up the DagBag from /home/felipe/.local/lib/python3.10/site-packages/airflow/example_dags/tutorial_dag.py
[2023-12-25T06:26:09.508-0300] {processor.py:840} INFO - DAG(s) 'tutorial_dag' retrieved from /home/felipe/.local/lib/python3.10/site-packages/airflow/example_dags/tutorial_dag.py
[2023-12-25T06:26:09.550-0300] {logging_mixin.py:188} INFO - [2023-12-25T06:26:09.549-0300] {dag.py:3033} INFO - Sync 1 DAGs
[2023-12-25T06:26:09.584-0300] {logging_mixin.py:188} INFO - [2023-12-25T06:26:09.583-0300] {dag.py:3820} INFO - Setting next_dagrun for tutorial_dag to None, run_after=None
[2023-12-25T06:26:09.630-0300] {processor.py:183} INFO - Processing /home/felipe/.local/lib/python3.10/site-packages/airflow/example_dags/tutorial_dag.py took 0.139 seconds
[2023-12-25T06:27:00.052-0300] {processor.py:161} INFO - Started process (PID=12700) to work on /home/felipe/.local/lib/python3.10/site-packages/airflow/example_dags/tutorial_dag.py
[2023-12-25T06:27:00.055-0300] {processor.py:830} INFO - Processing file /home/felipe/.local/lib/python3.10/site-packages/airflow/example_dags/tutorial_dag.py for tasks to queue
[2023-12-25T06:27:00.057-0300] {logging_mixin.py:188} INFO - [2023-12-25T06:27:00.056-0300] {dagbag.py:538} INFO - Filling up the DagBag from /home/felipe/.local/lib/python3.10/site-packages/airflow/example_dags/tutorial_dag.py
[2023-12-25T06:27:00.071-0300] {processor.py:840} INFO - DAG(s) 'tutorial_dag' retrieved from /home/felipe/.local/lib/python3.10/site-packages/airflow/example_dags/tutorial_dag.py
[2023-12-25T06:27:00.104-0300] {logging_mixin.py:188} INFO - [2023-12-25T06:27:00.104-0300] {dag.py:3033} INFO - Sync 1 DAGs
[2023-12-25T06:27:00.127-0300] {logging_mixin.py:188} INFO - [2023-12-25T06:27:00.127-0300] {dag.py:3820} INFO - Setting next_dagrun for tutorial_dag to None, run_after=None
[2023-12-25T06:27:00.184-0300] {processor.py:183} INFO - Processing /home/felipe/.local/lib/python3.10/site-packages/airflow/example_dags/tutorial_dag.py took 0.138 seconds
[2023-12-25T06:27:49.185-0300] {processor.py:161} INFO - Started process (PID=12748) to work on /home/felipe/.local/lib/python3.10/site-packages/airflow/example_dags/tutorial_dag.py
[2023-12-25T06:27:49.187-0300] {processor.py:830} INFO - Processing file /home/felipe/.local/lib/python3.10/site-packages/airflow/example_dags/tutorial_dag.py for tasks to queue
[2023-12-25T06:27:49.189-0300] {logging_mixin.py:188} INFO - [2023-12-25T06:27:49.188-0300] {dagbag.py:538} INFO - Filling up the DagBag from /home/felipe/.local/lib/python3.10/site-packages/airflow/example_dags/tutorial_dag.py
[2023-12-25T06:27:49.198-0300] {processor.py:840} INFO - DAG(s) 'tutorial_dag' retrieved from /home/felipe/.local/lib/python3.10/site-packages/airflow/example_dags/tutorial_dag.py
[2023-12-25T06:27:49.227-0300] {logging_mixin.py:188} INFO - [2023-12-25T06:27:49.227-0300] {dag.py:3033} INFO - Sync 1 DAGs
[2023-12-25T06:27:49.253-0300] {logging_mixin.py:188} INFO - [2023-12-25T06:27:49.252-0300] {dag.py:3820} INFO - Setting next_dagrun for tutorial_dag to None, run_after=None
[2023-12-25T06:27:49.315-0300] {processor.py:183} INFO - Processing /home/felipe/.local/lib/python3.10/site-packages/airflow/example_dags/tutorial_dag.py took 0.136 seconds
[2023-12-25T06:28:41.390-0300] {processor.py:161} INFO - Started process (PID=12796) to work on /home/felipe/.local/lib/python3.10/site-packages/airflow/example_dags/tutorial_dag.py
[2023-12-25T06:28:41.393-0300] {processor.py:830} INFO - Processing file /home/felipe/.local/lib/python3.10/site-packages/airflow/example_dags/tutorial_dag.py for tasks to queue
[2023-12-25T06:28:41.395-0300] {logging_mixin.py:188} INFO - [2023-12-25T06:28:41.394-0300] {dagbag.py:538} INFO - Filling up the DagBag from /home/felipe/.local/lib/python3.10/site-packages/airflow/example_dags/tutorial_dag.py
[2023-12-25T06:28:41.413-0300] {processor.py:840} INFO - DAG(s) 'tutorial_dag' retrieved from /home/felipe/.local/lib/python3.10/site-packages/airflow/example_dags/tutorial_dag.py
[2023-12-25T06:28:41.441-0300] {logging_mixin.py:188} INFO - [2023-12-25T06:28:41.440-0300] {dag.py:3033} INFO - Sync 1 DAGs
[2023-12-25T06:28:41.465-0300] {logging_mixin.py:188} INFO - [2023-12-25T06:28:41.464-0300] {dag.py:3820} INFO - Setting next_dagrun for tutorial_dag to None, run_after=None
[2023-12-25T06:28:41.512-0300] {processor.py:183} INFO - Processing /home/felipe/.local/lib/python3.10/site-packages/airflow/example_dags/tutorial_dag.py took 0.129 seconds
[2023-12-25T06:29:33.223-0300] {processor.py:161} INFO - Started process (PID=12842) to work on /home/felipe/.local/lib/python3.10/site-packages/airflow/example_dags/tutorial_dag.py
[2023-12-25T06:29:33.226-0300] {processor.py:830} INFO - Processing file /home/felipe/.local/lib/python3.10/site-packages/airflow/example_dags/tutorial_dag.py for tasks to queue
[2023-12-25T06:29:33.230-0300] {logging_mixin.py:188} INFO - [2023-12-25T06:29:33.228-0300] {dagbag.py:538} INFO - Filling up the DagBag from /home/felipe/.local/lib/python3.10/site-packages/airflow/example_dags/tutorial_dag.py
[2023-12-25T06:29:33.242-0300] {processor.py:840} INFO - DAG(s) 'tutorial_dag' retrieved from /home/felipe/.local/lib/python3.10/site-packages/airflow/example_dags/tutorial_dag.py
[2023-12-25T06:29:33.279-0300] {logging_mixin.py:188} INFO - [2023-12-25T06:29:33.278-0300] {dag.py:3033} INFO - Sync 1 DAGs
[2023-12-25T06:29:33.306-0300] {logging_mixin.py:188} INFO - [2023-12-25T06:29:33.305-0300] {dag.py:3820} INFO - Setting next_dagrun for tutorial_dag to None, run_after=None
[2023-12-25T06:29:33.357-0300] {processor.py:183} INFO - Processing /home/felipe/.local/lib/python3.10/site-packages/airflow/example_dags/tutorial_dag.py took 0.138 seconds
[2023-12-25T06:30:24.423-0300] {processor.py:161} INFO - Started process (PID=12927) to work on /home/felipe/.local/lib/python3.10/site-packages/airflow/example_dags/tutorial_dag.py
[2023-12-25T06:30:24.426-0300] {processor.py:830} INFO - Processing file /home/felipe/.local/lib/python3.10/site-packages/airflow/example_dags/tutorial_dag.py for tasks to queue
[2023-12-25T06:30:24.427-0300] {logging_mixin.py:188} INFO - [2023-12-25T06:30:24.427-0300] {dagbag.py:538} INFO - Filling up the DagBag from /home/felipe/.local/lib/python3.10/site-packages/airflow/example_dags/tutorial_dag.py
[2023-12-25T06:30:24.436-0300] {processor.py:840} INFO - DAG(s) 'tutorial_dag' retrieved from /home/felipe/.local/lib/python3.10/site-packages/airflow/example_dags/tutorial_dag.py
[2023-12-25T06:30:24.463-0300] {logging_mixin.py:188} INFO - [2023-12-25T06:30:24.462-0300] {dag.py:3033} INFO - Sync 1 DAGs
[2023-12-25T06:30:24.485-0300] {logging_mixin.py:188} INFO - [2023-12-25T06:30:24.484-0300] {dag.py:3820} INFO - Setting next_dagrun for tutorial_dag to None, run_after=None
[2023-12-25T06:30:24.539-0300] {processor.py:183} INFO - Processing /home/felipe/.local/lib/python3.10/site-packages/airflow/example_dags/tutorial_dag.py took 0.120 seconds
[2023-12-25T06:31:16.081-0300] {processor.py:161} INFO - Started process (PID=12972) to work on /home/felipe/.local/lib/python3.10/site-packages/airflow/example_dags/tutorial_dag.py
[2023-12-25T06:31:16.083-0300] {processor.py:830} INFO - Processing file /home/felipe/.local/lib/python3.10/site-packages/airflow/example_dags/tutorial_dag.py for tasks to queue
[2023-12-25T06:31:16.085-0300] {logging_mixin.py:188} INFO - [2023-12-25T06:31:16.085-0300] {dagbag.py:538} INFO - Filling up the DagBag from /home/felipe/.local/lib/python3.10/site-packages/airflow/example_dags/tutorial_dag.py
[2023-12-25T06:31:16.095-0300] {processor.py:840} INFO - DAG(s) 'tutorial_dag' retrieved from /home/felipe/.local/lib/python3.10/site-packages/airflow/example_dags/tutorial_dag.py
[2023-12-25T06:31:16.121-0300] {logging_mixin.py:188} INFO - [2023-12-25T06:31:16.121-0300] {dag.py:3033} INFO - Sync 1 DAGs
[2023-12-25T06:31:16.144-0300] {logging_mixin.py:188} INFO - [2023-12-25T06:31:16.143-0300] {dag.py:3820} INFO - Setting next_dagrun for tutorial_dag to None, run_after=None
[2023-12-25T06:31:16.198-0300] {processor.py:183} INFO - Processing /home/felipe/.local/lib/python3.10/site-packages/airflow/example_dags/tutorial_dag.py took 0.121 seconds
[2023-12-25T06:32:12.943-0300] {processor.py:161} INFO - Started process (PID=13022) to work on /home/felipe/.local/lib/python3.10/site-packages/airflow/example_dags/tutorial_dag.py
[2023-12-25T06:32:12.945-0300] {processor.py:830} INFO - Processing file /home/felipe/.local/lib/python3.10/site-packages/airflow/example_dags/tutorial_dag.py for tasks to queue
[2023-12-25T06:32:12.947-0300] {logging_mixin.py:188} INFO - [2023-12-25T06:32:12.946-0300] {dagbag.py:538} INFO - Filling up the DagBag from /home/felipe/.local/lib/python3.10/site-packages/airflow/example_dags/tutorial_dag.py
[2023-12-25T06:32:12.957-0300] {processor.py:840} INFO - DAG(s) 'tutorial_dag' retrieved from /home/felipe/.local/lib/python3.10/site-packages/airflow/example_dags/tutorial_dag.py
[2023-12-25T06:32:12.996-0300] {logging_mixin.py:188} INFO - [2023-12-25T06:32:12.996-0300] {dag.py:3033} INFO - Sync 1 DAGs
[2023-12-25T06:32:13.017-0300] {logging_mixin.py:188} INFO - [2023-12-25T06:32:13.017-0300] {dag.py:3820} INFO - Setting next_dagrun for tutorial_dag to None, run_after=None
[2023-12-25T06:32:13.075-0300] {processor.py:183} INFO - Processing /home/felipe/.local/lib/python3.10/site-packages/airflow/example_dags/tutorial_dag.py took 0.137 seconds
[2023-12-25T06:33:03.870-0300] {processor.py:161} INFO - Started process (PID=13068) to work on /home/felipe/.local/lib/python3.10/site-packages/airflow/example_dags/tutorial_dag.py
[2023-12-25T06:33:03.872-0300] {processor.py:830} INFO - Processing file /home/felipe/.local/lib/python3.10/site-packages/airflow/example_dags/tutorial_dag.py for tasks to queue
[2023-12-25T06:33:03.874-0300] {logging_mixin.py:188} INFO - [2023-12-25T06:33:03.874-0300] {dagbag.py:538} INFO - Filling up the DagBag from /home/felipe/.local/lib/python3.10/site-packages/airflow/example_dags/tutorial_dag.py
[2023-12-25T06:33:03.882-0300] {processor.py:840} INFO - DAG(s) 'tutorial_dag' retrieved from /home/felipe/.local/lib/python3.10/site-packages/airflow/example_dags/tutorial_dag.py
[2023-12-25T06:33:03.910-0300] {logging_mixin.py:188} INFO - [2023-12-25T06:33:03.910-0300] {dag.py:3033} INFO - Sync 1 DAGs
[2023-12-25T06:33:03.932-0300] {logging_mixin.py:188} INFO - [2023-12-25T06:33:03.931-0300] {dag.py:3820} INFO - Setting next_dagrun for tutorial_dag to None, run_after=None
[2023-12-25T06:33:03.992-0300] {processor.py:183} INFO - Processing /home/felipe/.local/lib/python3.10/site-packages/airflow/example_dags/tutorial_dag.py took 0.127 seconds
[2023-12-25T06:33:52.236-0300] {processor.py:161} INFO - Started process (PID=13112) to work on /home/felipe/.local/lib/python3.10/site-packages/airflow/example_dags/tutorial_dag.py
[2023-12-25T06:33:52.239-0300] {processor.py:830} INFO - Processing file /home/felipe/.local/lib/python3.10/site-packages/airflow/example_dags/tutorial_dag.py for tasks to queue
[2023-12-25T06:33:52.241-0300] {logging_mixin.py:188} INFO - [2023-12-25T06:33:52.240-0300] {dagbag.py:538} INFO - Filling up the DagBag from /home/felipe/.local/lib/python3.10/site-packages/airflow/example_dags/tutorial_dag.py
[2023-12-25T06:33:52.250-0300] {processor.py:840} INFO - DAG(s) 'tutorial_dag' retrieved from /home/felipe/.local/lib/python3.10/site-packages/airflow/example_dags/tutorial_dag.py
[2023-12-25T06:33:52.276-0300] {logging_mixin.py:188} INFO - [2023-12-25T06:33:52.275-0300] {dag.py:3033} INFO - Sync 1 DAGs
[2023-12-25T06:33:52.298-0300] {logging_mixin.py:188} INFO - [2023-12-25T06:33:52.298-0300] {dag.py:3820} INFO - Setting next_dagrun for tutorial_dag to None, run_after=None
[2023-12-25T06:33:52.354-0300] {processor.py:183} INFO - Processing /home/felipe/.local/lib/python3.10/site-packages/airflow/example_dags/tutorial_dag.py took 0.122 seconds
[2023-12-25T06:34:44.352-0300] {processor.py:161} INFO - Started process (PID=13160) to work on /home/felipe/.local/lib/python3.10/site-packages/airflow/example_dags/tutorial_dag.py
[2023-12-25T06:34:44.354-0300] {processor.py:830} INFO - Processing file /home/felipe/.local/lib/python3.10/site-packages/airflow/example_dags/tutorial_dag.py for tasks to queue
[2023-12-25T06:34:44.356-0300] {logging_mixin.py:188} INFO - [2023-12-25T06:34:44.356-0300] {dagbag.py:538} INFO - Filling up the DagBag from /home/felipe/.local/lib/python3.10/site-packages/airflow/example_dags/tutorial_dag.py
[2023-12-25T06:34:44.365-0300] {processor.py:840} INFO - DAG(s) 'tutorial_dag' retrieved from /home/felipe/.local/lib/python3.10/site-packages/airflow/example_dags/tutorial_dag.py
[2023-12-25T06:34:44.394-0300] {logging_mixin.py:188} INFO - [2023-12-25T06:34:44.394-0300] {dag.py:3033} INFO - Sync 1 DAGs
[2023-12-25T06:34:44.416-0300] {logging_mixin.py:188} INFO - [2023-12-25T06:34:44.416-0300] {dag.py:3820} INFO - Setting next_dagrun for tutorial_dag to None, run_after=None
[2023-12-25T06:34:44.482-0300] {processor.py:183} INFO - Processing /home/felipe/.local/lib/python3.10/site-packages/airflow/example_dags/tutorial_dag.py took 0.135 seconds
[2023-12-25T06:35:39.519-0300] {processor.py:161} INFO - Started process (PID=13244) to work on /home/felipe/.local/lib/python3.10/site-packages/airflow/example_dags/tutorial_dag.py
[2023-12-25T06:35:39.523-0300] {processor.py:830} INFO - Processing file /home/felipe/.local/lib/python3.10/site-packages/airflow/example_dags/tutorial_dag.py for tasks to queue
[2023-12-25T06:35:39.527-0300] {logging_mixin.py:188} INFO - [2023-12-25T06:35:39.526-0300] {dagbag.py:538} INFO - Filling up the DagBag from /home/felipe/.local/lib/python3.10/site-packages/airflow/example_dags/tutorial_dag.py
[2023-12-25T06:35:39.560-0300] {processor.py:840} INFO - DAG(s) 'tutorial_dag' retrieved from /home/felipe/.local/lib/python3.10/site-packages/airflow/example_dags/tutorial_dag.py
[2023-12-25T06:35:39.604-0300] {logging_mixin.py:188} INFO - [2023-12-25T06:35:39.603-0300] {dag.py:3033} INFO - Sync 1 DAGs
[2023-12-25T06:35:39.646-0300] {logging_mixin.py:188} INFO - [2023-12-25T06:35:39.645-0300] {dag.py:3820} INFO - Setting next_dagrun for tutorial_dag to None, run_after=None
[2023-12-25T06:35:39.717-0300] {processor.py:183} INFO - Processing /home/felipe/.local/lib/python3.10/site-packages/airflow/example_dags/tutorial_dag.py took 0.215 seconds
[2023-12-25T06:36:36.909-0300] {processor.py:161} INFO - Started process (PID=13295) to work on /home/felipe/.local/lib/python3.10/site-packages/airflow/example_dags/tutorial_dag.py
[2023-12-25T06:36:36.912-0300] {processor.py:830} INFO - Processing file /home/felipe/.local/lib/python3.10/site-packages/airflow/example_dags/tutorial_dag.py for tasks to queue
[2023-12-25T06:36:36.916-0300] {logging_mixin.py:188} INFO - [2023-12-25T06:36:36.915-0300] {dagbag.py:538} INFO - Filling up the DagBag from /home/felipe/.local/lib/python3.10/site-packages/airflow/example_dags/tutorial_dag.py
[2023-12-25T06:36:36.948-0300] {processor.py:840} INFO - DAG(s) 'tutorial_dag' retrieved from /home/felipe/.local/lib/python3.10/site-packages/airflow/example_dags/tutorial_dag.py
[2023-12-25T06:36:36.982-0300] {logging_mixin.py:188} INFO - [2023-12-25T06:36:36.982-0300] {dag.py:3033} INFO - Sync 1 DAGs
[2023-12-25T06:36:37.022-0300] {logging_mixin.py:188} INFO - [2023-12-25T06:36:37.021-0300] {dag.py:3820} INFO - Setting next_dagrun for tutorial_dag to None, run_after=None
[2023-12-25T06:36:37.094-0300] {processor.py:183} INFO - Processing /home/felipe/.local/lib/python3.10/site-packages/airflow/example_dags/tutorial_dag.py took 0.193 seconds
[2023-12-25T06:37:36.917-0300] {processor.py:161} INFO - Started process (PID=13347) to work on /home/felipe/.local/lib/python3.10/site-packages/airflow/example_dags/tutorial_dag.py
[2023-12-25T06:37:36.919-0300] {processor.py:830} INFO - Processing file /home/felipe/.local/lib/python3.10/site-packages/airflow/example_dags/tutorial_dag.py for tasks to queue
[2023-12-25T06:37:36.921-0300] {logging_mixin.py:188} INFO - [2023-12-25T06:37:36.920-0300] {dagbag.py:538} INFO - Filling up the DagBag from /home/felipe/.local/lib/python3.10/site-packages/airflow/example_dags/tutorial_dag.py
[2023-12-25T06:37:36.929-0300] {processor.py:840} INFO - DAG(s) 'tutorial_dag' retrieved from /home/felipe/.local/lib/python3.10/site-packages/airflow/example_dags/tutorial_dag.py
[2023-12-25T06:37:36.955-0300] {logging_mixin.py:188} INFO - [2023-12-25T06:37:36.954-0300] {dag.py:3033} INFO - Sync 1 DAGs
[2023-12-25T06:37:36.976-0300] {logging_mixin.py:188} INFO - [2023-12-25T06:37:36.976-0300] {dag.py:3820} INFO - Setting next_dagrun for tutorial_dag to None, run_after=None
[2023-12-25T06:37:37.028-0300] {processor.py:183} INFO - Processing /home/felipe/.local/lib/python3.10/site-packages/airflow/example_dags/tutorial_dag.py took 0.115 seconds
[2023-12-25T06:38:35.711-0300] {processor.py:161} INFO - Started process (PID=13400) to work on /home/felipe/.local/lib/python3.10/site-packages/airflow/example_dags/tutorial_dag.py
[2023-12-25T06:38:35.713-0300] {processor.py:830} INFO - Processing file /home/felipe/.local/lib/python3.10/site-packages/airflow/example_dags/tutorial_dag.py for tasks to queue
[2023-12-25T06:38:35.715-0300] {logging_mixin.py:188} INFO - [2023-12-25T06:38:35.714-0300] {dagbag.py:538} INFO - Filling up the DagBag from /home/felipe/.local/lib/python3.10/site-packages/airflow/example_dags/tutorial_dag.py
[2023-12-25T06:38:35.725-0300] {processor.py:840} INFO - DAG(s) 'tutorial_dag' retrieved from /home/felipe/.local/lib/python3.10/site-packages/airflow/example_dags/tutorial_dag.py
[2023-12-25T06:38:35.754-0300] {logging_mixin.py:188} INFO - [2023-12-25T06:38:35.753-0300] {dag.py:3033} INFO - Sync 1 DAGs
[2023-12-25T06:38:35.778-0300] {logging_mixin.py:188} INFO - [2023-12-25T06:38:35.778-0300] {dag.py:3820} INFO - Setting next_dagrun for tutorial_dag to None, run_after=None
[2023-12-25T06:38:35.834-0300] {processor.py:183} INFO - Processing /home/felipe/.local/lib/python3.10/site-packages/airflow/example_dags/tutorial_dag.py took 0.129 seconds
