[2023-12-25T06:22:34.263-0300] {processor.py:161} INFO - Started process (PID=12413) to work on /home/felipe/.local/lib/python3.10/site-packages/airflow/example_dags/tutorial_objectstorage.py
[2023-12-25T06:22:34.265-0300] {processor.py:830} INFO - Processing file /home/felipe/.local/lib/python3.10/site-packages/airflow/example_dags/tutorial_objectstorage.py for tasks to queue
[2023-12-25T06:22:34.267-0300] {logging_mixin.py:188} INFO - [2023-12-25T06:22:34.266-0300] {dagbag.py:538} INFO - Filling up the DagBag from /home/felipe/.local/lib/python3.10/site-packages/airflow/example_dags/tutorial_objectstorage.py
[2023-12-25T06:22:34.285-0300] {processor.py:840} INFO - DAG(s) 'tutorial_objectstorage' retrieved from /home/felipe/.local/lib/python3.10/site-packages/airflow/example_dags/tutorial_objectstorage.py
[2023-12-25T06:22:34.332-0300] {logging_mixin.py:188} INFO - [2023-12-25T06:22:34.331-0300] {dag.py:3033} INFO - Sync 1 DAGs
[2023-12-25T06:22:34.361-0300] {logging_mixin.py:188} INFO - [2023-12-25T06:22:34.360-0300] {dag.py:3820} INFO - Setting next_dagrun for tutorial_objectstorage to None, run_after=None
[2023-12-25T06:22:34.425-0300] {processor.py:183} INFO - Processing /home/felipe/.local/lib/python3.10/site-packages/airflow/example_dags/tutorial_objectstorage.py took 0.170 seconds
[2023-12-25T06:23:28.810-0300] {processor.py:161} INFO - Started process (PID=12462) to work on /home/felipe/.local/lib/python3.10/site-packages/airflow/example_dags/tutorial_objectstorage.py
[2023-12-25T06:23:28.813-0300] {processor.py:830} INFO - Processing file /home/felipe/.local/lib/python3.10/site-packages/airflow/example_dags/tutorial_objectstorage.py for tasks to queue
[2023-12-25T06:23:28.816-0300] {logging_mixin.py:188} INFO - [2023-12-25T06:23:28.815-0300] {dagbag.py:538} INFO - Filling up the DagBag from /home/felipe/.local/lib/python3.10/site-packages/airflow/example_dags/tutorial_objectstorage.py
[2023-12-25T06:23:28.830-0300] {processor.py:840} INFO - DAG(s) 'tutorial_objectstorage' retrieved from /home/felipe/.local/lib/python3.10/site-packages/airflow/example_dags/tutorial_objectstorage.py
[2023-12-25T06:23:28.866-0300] {logging_mixin.py:188} INFO - [2023-12-25T06:23:28.865-0300] {dag.py:3033} INFO - Sync 1 DAGs
[2023-12-25T06:23:28.903-0300] {logging_mixin.py:188} INFO - [2023-12-25T06:23:28.903-0300] {dag.py:3820} INFO - Setting next_dagrun for tutorial_objectstorage to None, run_after=None
[2023-12-25T06:23:28.980-0300] {processor.py:183} INFO - Processing /home/felipe/.local/lib/python3.10/site-packages/airflow/example_dags/tutorial_objectstorage.py took 0.176 seconds
[2023-12-25T06:24:25.003-0300] {processor.py:161} INFO - Started process (PID=12515) to work on /home/felipe/.local/lib/python3.10/site-packages/airflow/example_dags/tutorial_objectstorage.py
[2023-12-25T06:24:25.006-0300] {processor.py:830} INFO - Processing file /home/felipe/.local/lib/python3.10/site-packages/airflow/example_dags/tutorial_objectstorage.py for tasks to queue
[2023-12-25T06:24:25.007-0300] {logging_mixin.py:188} INFO - [2023-12-25T06:24:25.007-0300] {dagbag.py:538} INFO - Filling up the DagBag from /home/felipe/.local/lib/python3.10/site-packages/airflow/example_dags/tutorial_objectstorage.py
[2023-12-25T06:24:25.017-0300] {processor.py:840} INFO - DAG(s) 'tutorial_objectstorage' retrieved from /home/felipe/.local/lib/python3.10/site-packages/airflow/example_dags/tutorial_objectstorage.py
[2023-12-25T06:24:25.042-0300] {logging_mixin.py:188} INFO - [2023-12-25T06:24:25.042-0300] {dag.py:3033} INFO - Sync 1 DAGs
[2023-12-25T06:24:25.066-0300] {logging_mixin.py:188} INFO - [2023-12-25T06:24:25.065-0300] {dag.py:3820} INFO - Setting next_dagrun for tutorial_objectstorage to None, run_after=None
[2023-12-25T06:24:25.114-0300] {processor.py:183} INFO - Processing /home/felipe/.local/lib/python3.10/site-packages/airflow/example_dags/tutorial_objectstorage.py took 0.115 seconds
[2023-12-25T06:25:17.548-0300] {processor.py:161} INFO - Started process (PID=12600) to work on /home/felipe/.local/lib/python3.10/site-packages/airflow/example_dags/tutorial_objectstorage.py
[2023-12-25T06:25:17.551-0300] {processor.py:830} INFO - Processing file /home/felipe/.local/lib/python3.10/site-packages/airflow/example_dags/tutorial_objectstorage.py for tasks to queue
[2023-12-25T06:25:17.552-0300] {logging_mixin.py:188} INFO - [2023-12-25T06:25:17.551-0300] {dagbag.py:538} INFO - Filling up the DagBag from /home/felipe/.local/lib/python3.10/site-packages/airflow/example_dags/tutorial_objectstorage.py
[2023-12-25T06:25:17.562-0300] {processor.py:840} INFO - DAG(s) 'tutorial_objectstorage' retrieved from /home/felipe/.local/lib/python3.10/site-packages/airflow/example_dags/tutorial_objectstorage.py
[2023-12-25T06:25:17.588-0300] {logging_mixin.py:188} INFO - [2023-12-25T06:25:17.587-0300] {dag.py:3033} INFO - Sync 1 DAGs
[2023-12-25T06:25:17.612-0300] {logging_mixin.py:188} INFO - [2023-12-25T06:25:17.612-0300] {dag.py:3820} INFO - Setting next_dagrun for tutorial_objectstorage to None, run_after=None
[2023-12-25T06:25:17.667-0300] {processor.py:183} INFO - Processing /home/felipe/.local/lib/python3.10/site-packages/airflow/example_dags/tutorial_objectstorage.py took 0.123 seconds
[2023-12-25T06:26:06.742-0300] {processor.py:161} INFO - Started process (PID=12651) to work on /home/felipe/.local/lib/python3.10/site-packages/airflow/example_dags/tutorial_objectstorage.py
[2023-12-25T06:26:06.744-0300] {processor.py:830} INFO - Processing file /home/felipe/.local/lib/python3.10/site-packages/airflow/example_dags/tutorial_objectstorage.py for tasks to queue
[2023-12-25T06:26:06.746-0300] {logging_mixin.py:188} INFO - [2023-12-25T06:26:06.746-0300] {dagbag.py:538} INFO - Filling up the DagBag from /home/felipe/.local/lib/python3.10/site-packages/airflow/example_dags/tutorial_objectstorage.py
[2023-12-25T06:26:06.757-0300] {processor.py:840} INFO - DAG(s) 'tutorial_objectstorage' retrieved from /home/felipe/.local/lib/python3.10/site-packages/airflow/example_dags/tutorial_objectstorage.py
[2023-12-25T06:26:06.786-0300] {logging_mixin.py:188} INFO - [2023-12-25T06:26:06.785-0300] {dag.py:3033} INFO - Sync 1 DAGs
[2023-12-25T06:26:06.809-0300] {logging_mixin.py:188} INFO - [2023-12-25T06:26:06.809-0300] {dag.py:3820} INFO - Setting next_dagrun for tutorial_objectstorage to None, run_after=None
[2023-12-25T06:26:06.863-0300] {processor.py:183} INFO - Processing /home/felipe/.local/lib/python3.10/site-packages/airflow/example_dags/tutorial_objectstorage.py took 0.125 seconds
[2023-12-25T06:26:56.460-0300] {processor.py:161} INFO - Started process (PID=12697) to work on /home/felipe/.local/lib/python3.10/site-packages/airflow/example_dags/tutorial_objectstorage.py
[2023-12-25T06:26:56.462-0300] {processor.py:830} INFO - Processing file /home/felipe/.local/lib/python3.10/site-packages/airflow/example_dags/tutorial_objectstorage.py for tasks to queue
[2023-12-25T06:26:56.464-0300] {logging_mixin.py:188} INFO - [2023-12-25T06:26:56.464-0300] {dagbag.py:538} INFO - Filling up the DagBag from /home/felipe/.local/lib/python3.10/site-packages/airflow/example_dags/tutorial_objectstorage.py
[2023-12-25T06:26:56.475-0300] {processor.py:840} INFO - DAG(s) 'tutorial_objectstorage' retrieved from /home/felipe/.local/lib/python3.10/site-packages/airflow/example_dags/tutorial_objectstorage.py
[2023-12-25T06:26:56.500-0300] {logging_mixin.py:188} INFO - [2023-12-25T06:26:56.500-0300] {dag.py:3033} INFO - Sync 1 DAGs
[2023-12-25T06:26:56.521-0300] {logging_mixin.py:188} INFO - [2023-12-25T06:26:56.521-0300] {dag.py:3820} INFO - Setting next_dagrun for tutorial_objectstorage to None, run_after=None
[2023-12-25T06:26:56.578-0300] {processor.py:183} INFO - Processing /home/felipe/.local/lib/python3.10/site-packages/airflow/example_dags/tutorial_objectstorage.py took 0.123 seconds
[2023-12-25T06:27:46.533-0300] {processor.py:161} INFO - Started process (PID=12743) to work on /home/felipe/.local/lib/python3.10/site-packages/airflow/example_dags/tutorial_objectstorage.py
[2023-12-25T06:27:46.535-0300] {processor.py:830} INFO - Processing file /home/felipe/.local/lib/python3.10/site-packages/airflow/example_dags/tutorial_objectstorage.py for tasks to queue
[2023-12-25T06:27:46.537-0300] {logging_mixin.py:188} INFO - [2023-12-25T06:27:46.536-0300] {dagbag.py:538} INFO - Filling up the DagBag from /home/felipe/.local/lib/python3.10/site-packages/airflow/example_dags/tutorial_objectstorage.py
[2023-12-25T06:27:46.547-0300] {processor.py:840} INFO - DAG(s) 'tutorial_objectstorage' retrieved from /home/felipe/.local/lib/python3.10/site-packages/airflow/example_dags/tutorial_objectstorage.py
[2023-12-25T06:27:46.572-0300] {logging_mixin.py:188} INFO - [2023-12-25T06:27:46.572-0300] {dag.py:3033} INFO - Sync 1 DAGs
[2023-12-25T06:27:46.594-0300] {logging_mixin.py:188} INFO - [2023-12-25T06:27:46.593-0300] {dag.py:3820} INFO - Setting next_dagrun for tutorial_objectstorage to None, run_after=None
[2023-12-25T06:27:46.644-0300] {processor.py:183} INFO - Processing /home/felipe/.local/lib/python3.10/site-packages/airflow/example_dags/tutorial_objectstorage.py took 0.116 seconds
[2023-12-25T06:28:37.565-0300] {processor.py:161} INFO - Started process (PID=12793) to work on /home/felipe/.local/lib/python3.10/site-packages/airflow/example_dags/tutorial_objectstorage.py
[2023-12-25T06:28:37.567-0300] {processor.py:830} INFO - Processing file /home/felipe/.local/lib/python3.10/site-packages/airflow/example_dags/tutorial_objectstorage.py for tasks to queue
[2023-12-25T06:28:37.569-0300] {logging_mixin.py:188} INFO - [2023-12-25T06:28:37.568-0300] {dagbag.py:538} INFO - Filling up the DagBag from /home/felipe/.local/lib/python3.10/site-packages/airflow/example_dags/tutorial_objectstorage.py
[2023-12-25T06:28:37.581-0300] {processor.py:840} INFO - DAG(s) 'tutorial_objectstorage' retrieved from /home/felipe/.local/lib/python3.10/site-packages/airflow/example_dags/tutorial_objectstorage.py
[2023-12-25T06:28:37.608-0300] {logging_mixin.py:188} INFO - [2023-12-25T06:28:37.607-0300] {dag.py:3033} INFO - Sync 1 DAGs
[2023-12-25T06:28:37.633-0300] {logging_mixin.py:188} INFO - [2023-12-25T06:28:37.633-0300] {dag.py:3820} INFO - Setting next_dagrun for tutorial_objectstorage to None, run_after=None
[2023-12-25T06:28:37.696-0300] {processor.py:183} INFO - Processing /home/felipe/.local/lib/python3.10/site-packages/airflow/example_dags/tutorial_objectstorage.py took 0.137 seconds
[2023-12-25T06:29:30.185-0300] {processor.py:161} INFO - Started process (PID=12839) to work on /home/felipe/.local/lib/python3.10/site-packages/airflow/example_dags/tutorial_objectstorage.py
[2023-12-25T06:29:30.187-0300] {processor.py:830} INFO - Processing file /home/felipe/.local/lib/python3.10/site-packages/airflow/example_dags/tutorial_objectstorage.py for tasks to queue
[2023-12-25T06:29:30.190-0300] {logging_mixin.py:188} INFO - [2023-12-25T06:29:30.189-0300] {dagbag.py:538} INFO - Filling up the DagBag from /home/felipe/.local/lib/python3.10/site-packages/airflow/example_dags/tutorial_objectstorage.py
[2023-12-25T06:29:30.201-0300] {processor.py:840} INFO - DAG(s) 'tutorial_objectstorage' retrieved from /home/felipe/.local/lib/python3.10/site-packages/airflow/example_dags/tutorial_objectstorage.py
[2023-12-25T06:29:30.231-0300] {logging_mixin.py:188} INFO - [2023-12-25T06:29:30.230-0300] {dag.py:3033} INFO - Sync 1 DAGs
[2023-12-25T06:29:30.256-0300] {logging_mixin.py:188} INFO - [2023-12-25T06:29:30.256-0300] {dag.py:3820} INFO - Setting next_dagrun for tutorial_objectstorage to None, run_after=None
[2023-12-25T06:29:30.315-0300] {processor.py:183} INFO - Processing /home/felipe/.local/lib/python3.10/site-packages/airflow/example_dags/tutorial_objectstorage.py took 0.135 seconds
[2023-12-25T06:30:20.474-0300] {processor.py:161} INFO - Started process (PID=12916) to work on /home/felipe/.local/lib/python3.10/site-packages/airflow/example_dags/tutorial_objectstorage.py
[2023-12-25T06:30:20.477-0300] {processor.py:830} INFO - Processing file /home/felipe/.local/lib/python3.10/site-packages/airflow/example_dags/tutorial_objectstorage.py for tasks to queue
[2023-12-25T06:30:20.478-0300] {logging_mixin.py:188} INFO - [2023-12-25T06:30:20.478-0300] {dagbag.py:538} INFO - Filling up the DagBag from /home/felipe/.local/lib/python3.10/site-packages/airflow/example_dags/tutorial_objectstorage.py
[2023-12-25T06:30:20.488-0300] {processor.py:840} INFO - DAG(s) 'tutorial_objectstorage' retrieved from /home/felipe/.local/lib/python3.10/site-packages/airflow/example_dags/tutorial_objectstorage.py
[2023-12-25T06:30:20.514-0300] {logging_mixin.py:188} INFO - [2023-12-25T06:30:20.513-0300] {dag.py:3033} INFO - Sync 1 DAGs
[2023-12-25T06:30:20.535-0300] {logging_mixin.py:188} INFO - [2023-12-25T06:30:20.535-0300] {dag.py:3820} INFO - Setting next_dagrun for tutorial_objectstorage to None, run_after=None
[2023-12-25T06:30:20.583-0300] {processor.py:183} INFO - Processing /home/felipe/.local/lib/python3.10/site-packages/airflow/example_dags/tutorial_objectstorage.py took 0.113 seconds
[2023-12-25T06:31:11.853-0300] {processor.py:161} INFO - Started process (PID=12969) to work on /home/felipe/.local/lib/python3.10/site-packages/airflow/example_dags/tutorial_objectstorage.py
[2023-12-25T06:31:11.855-0300] {processor.py:830} INFO - Processing file /home/felipe/.local/lib/python3.10/site-packages/airflow/example_dags/tutorial_objectstorage.py for tasks to queue
[2023-12-25T06:31:11.857-0300] {logging_mixin.py:188} INFO - [2023-12-25T06:31:11.857-0300] {dagbag.py:538} INFO - Filling up the DagBag from /home/felipe/.local/lib/python3.10/site-packages/airflow/example_dags/tutorial_objectstorage.py
[2023-12-25T06:31:11.869-0300] {processor.py:840} INFO - DAG(s) 'tutorial_objectstorage' retrieved from /home/felipe/.local/lib/python3.10/site-packages/airflow/example_dags/tutorial_objectstorage.py
[2023-12-25T06:31:11.894-0300] {logging_mixin.py:188} INFO - [2023-12-25T06:31:11.894-0300] {dag.py:3033} INFO - Sync 1 DAGs
[2023-12-25T06:31:11.917-0300] {logging_mixin.py:188} INFO - [2023-12-25T06:31:11.916-0300] {dag.py:3820} INFO - Setting next_dagrun for tutorial_objectstorage to None, run_after=None
[2023-12-25T06:31:11.970-0300] {processor.py:183} INFO - Processing /home/felipe/.local/lib/python3.10/site-packages/airflow/example_dags/tutorial_objectstorage.py took 0.122 seconds
[2023-12-25T06:32:09.999-0300] {processor.py:161} INFO - Started process (PID=13019) to work on /home/felipe/.local/lib/python3.10/site-packages/airflow/example_dags/tutorial_objectstorage.py
[2023-12-25T06:32:10.001-0300] {processor.py:830} INFO - Processing file /home/felipe/.local/lib/python3.10/site-packages/airflow/example_dags/tutorial_objectstorage.py for tasks to queue
[2023-12-25T06:32:10.002-0300] {logging_mixin.py:188} INFO - [2023-12-25T06:32:10.002-0300] {dagbag.py:538} INFO - Filling up the DagBag from /home/felipe/.local/lib/python3.10/site-packages/airflow/example_dags/tutorial_objectstorage.py
[2023-12-25T06:32:10.012-0300] {processor.py:840} INFO - DAG(s) 'tutorial_objectstorage' retrieved from /home/felipe/.local/lib/python3.10/site-packages/airflow/example_dags/tutorial_objectstorage.py
[2023-12-25T06:32:10.038-0300] {logging_mixin.py:188} INFO - [2023-12-25T06:32:10.037-0300] {dag.py:3033} INFO - Sync 1 DAGs
[2023-12-25T06:32:10.059-0300] {logging_mixin.py:188} INFO - [2023-12-25T06:32:10.058-0300] {dag.py:3820} INFO - Setting next_dagrun for tutorial_objectstorage to None, run_after=None
[2023-12-25T06:32:10.106-0300] {processor.py:183} INFO - Processing /home/felipe/.local/lib/python3.10/site-packages/airflow/example_dags/tutorial_objectstorage.py took 0.112 seconds
[2023-12-25T06:33:00.082-0300] {processor.py:161} INFO - Started process (PID=13065) to work on /home/felipe/.local/lib/python3.10/site-packages/airflow/example_dags/tutorial_objectstorage.py
[2023-12-25T06:33:00.084-0300] {processor.py:830} INFO - Processing file /home/felipe/.local/lib/python3.10/site-packages/airflow/example_dags/tutorial_objectstorage.py for tasks to queue
[2023-12-25T06:33:00.086-0300] {logging_mixin.py:188} INFO - [2023-12-25T06:33:00.085-0300] {dagbag.py:538} INFO - Filling up the DagBag from /home/felipe/.local/lib/python3.10/site-packages/airflow/example_dags/tutorial_objectstorage.py
[2023-12-25T06:33:00.096-0300] {processor.py:840} INFO - DAG(s) 'tutorial_objectstorage' retrieved from /home/felipe/.local/lib/python3.10/site-packages/airflow/example_dags/tutorial_objectstorage.py
[2023-12-25T06:33:00.122-0300] {logging_mixin.py:188} INFO - [2023-12-25T06:33:00.121-0300] {dag.py:3033} INFO - Sync 1 DAGs
[2023-12-25T06:33:00.143-0300] {logging_mixin.py:188} INFO - [2023-12-25T06:33:00.143-0300] {dag.py:3820} INFO - Setting next_dagrun for tutorial_objectstorage to None, run_after=None
[2023-12-25T06:33:00.196-0300] {processor.py:183} INFO - Processing /home/felipe/.local/lib/python3.10/site-packages/airflow/example_dags/tutorial_objectstorage.py took 0.119 seconds
[2023-12-25T06:33:49.593-0300] {processor.py:161} INFO - Started process (PID=13109) to work on /home/felipe/.local/lib/python3.10/site-packages/airflow/example_dags/tutorial_objectstorage.py
[2023-12-25T06:33:49.596-0300] {processor.py:830} INFO - Processing file /home/felipe/.local/lib/python3.10/site-packages/airflow/example_dags/tutorial_objectstorage.py for tasks to queue
[2023-12-25T06:33:49.597-0300] {logging_mixin.py:188} INFO - [2023-12-25T06:33:49.597-0300] {dagbag.py:538} INFO - Filling up the DagBag from /home/felipe/.local/lib/python3.10/site-packages/airflow/example_dags/tutorial_objectstorage.py
[2023-12-25T06:33:49.608-0300] {processor.py:840} INFO - DAG(s) 'tutorial_objectstorage' retrieved from /home/felipe/.local/lib/python3.10/site-packages/airflow/example_dags/tutorial_objectstorage.py
[2023-12-25T06:33:49.634-0300] {logging_mixin.py:188} INFO - [2023-12-25T06:33:49.633-0300] {dag.py:3033} INFO - Sync 1 DAGs
[2023-12-25T06:33:49.656-0300] {logging_mixin.py:188} INFO - [2023-12-25T06:33:49.655-0300] {dag.py:3820} INFO - Setting next_dagrun for tutorial_objectstorage to None, run_after=None
[2023-12-25T06:33:49.713-0300] {processor.py:183} INFO - Processing /home/felipe/.local/lib/python3.10/site-packages/airflow/example_dags/tutorial_objectstorage.py took 0.124 seconds
[2023-12-25T06:34:41.489-0300] {processor.py:161} INFO - Started process (PID=13157) to work on /home/felipe/.local/lib/python3.10/site-packages/airflow/example_dags/tutorial_objectstorage.py
[2023-12-25T06:34:41.491-0300] {processor.py:830} INFO - Processing file /home/felipe/.local/lib/python3.10/site-packages/airflow/example_dags/tutorial_objectstorage.py for tasks to queue
[2023-12-25T06:34:41.493-0300] {logging_mixin.py:188} INFO - [2023-12-25T06:34:41.492-0300] {dagbag.py:538} INFO - Filling up the DagBag from /home/felipe/.local/lib/python3.10/site-packages/airflow/example_dags/tutorial_objectstorage.py
[2023-12-25T06:34:41.502-0300] {processor.py:840} INFO - DAG(s) 'tutorial_objectstorage' retrieved from /home/felipe/.local/lib/python3.10/site-packages/airflow/example_dags/tutorial_objectstorage.py
[2023-12-25T06:34:41.527-0300] {logging_mixin.py:188} INFO - [2023-12-25T06:34:41.527-0300] {dag.py:3033} INFO - Sync 1 DAGs
[2023-12-25T06:34:41.548-0300] {logging_mixin.py:188} INFO - [2023-12-25T06:34:41.548-0300] {dag.py:3820} INFO - Setting next_dagrun for tutorial_objectstorage to None, run_after=None
[2023-12-25T06:34:41.604-0300] {processor.py:183} INFO - Processing /home/felipe/.local/lib/python3.10/site-packages/airflow/example_dags/tutorial_objectstorage.py took 0.120 seconds
[2023-12-25T06:35:35.263-0300] {processor.py:161} INFO - Started process (PID=13241) to work on /home/felipe/.local/lib/python3.10/site-packages/airflow/example_dags/tutorial_objectstorage.py
[2023-12-25T06:35:35.265-0300] {processor.py:830} INFO - Processing file /home/felipe/.local/lib/python3.10/site-packages/airflow/example_dags/tutorial_objectstorage.py for tasks to queue
[2023-12-25T06:35:35.268-0300] {logging_mixin.py:188} INFO - [2023-12-25T06:35:35.267-0300] {dagbag.py:538} INFO - Filling up the DagBag from /home/felipe/.local/lib/python3.10/site-packages/airflow/example_dags/tutorial_objectstorage.py
[2023-12-25T06:35:35.283-0300] {processor.py:840} INFO - DAG(s) 'tutorial_objectstorage' retrieved from /home/felipe/.local/lib/python3.10/site-packages/airflow/example_dags/tutorial_objectstorage.py
[2023-12-25T06:35:35.315-0300] {logging_mixin.py:188} INFO - [2023-12-25T06:35:35.314-0300] {dag.py:3033} INFO - Sync 1 DAGs
[2023-12-25T06:35:35.347-0300] {logging_mixin.py:188} INFO - [2023-12-25T06:35:35.346-0300] {dag.py:3820} INFO - Setting next_dagrun for tutorial_objectstorage to None, run_after=None
[2023-12-25T06:35:35.402-0300] {processor.py:183} INFO - Processing /home/felipe/.local/lib/python3.10/site-packages/airflow/example_dags/tutorial_objectstorage.py took 0.144 seconds
[2023-12-25T06:36:33.904-0300] {processor.py:161} INFO - Started process (PID=13292) to work on /home/felipe/.local/lib/python3.10/site-packages/airflow/example_dags/tutorial_objectstorage.py
[2023-12-25T06:36:33.906-0300] {processor.py:830} INFO - Processing file /home/felipe/.local/lib/python3.10/site-packages/airflow/example_dags/tutorial_objectstorage.py for tasks to queue
[2023-12-25T06:36:33.908-0300] {logging_mixin.py:188} INFO - [2023-12-25T06:36:33.907-0300] {dagbag.py:538} INFO - Filling up the DagBag from /home/felipe/.local/lib/python3.10/site-packages/airflow/example_dags/tutorial_objectstorage.py
[2023-12-25T06:36:33.920-0300] {processor.py:840} INFO - DAG(s) 'tutorial_objectstorage' retrieved from /home/felipe/.local/lib/python3.10/site-packages/airflow/example_dags/tutorial_objectstorage.py
[2023-12-25T06:36:33.948-0300] {logging_mixin.py:188} INFO - [2023-12-25T06:36:33.947-0300] {dag.py:3033} INFO - Sync 1 DAGs
[2023-12-25T06:36:33.972-0300] {logging_mixin.py:188} INFO - [2023-12-25T06:36:33.971-0300] {dag.py:3820} INFO - Setting next_dagrun for tutorial_objectstorage to None, run_after=None
[2023-12-25T06:36:34.018-0300] {processor.py:183} INFO - Processing /home/felipe/.local/lib/python3.10/site-packages/airflow/example_dags/tutorial_objectstorage.py took 0.119 seconds
[2023-12-25T06:37:32.634-0300] {processor.py:161} INFO - Started process (PID=13344) to work on /home/felipe/.local/lib/python3.10/site-packages/airflow/example_dags/tutorial_objectstorage.py
[2023-12-25T06:37:32.638-0300] {processor.py:830} INFO - Processing file /home/felipe/.local/lib/python3.10/site-packages/airflow/example_dags/tutorial_objectstorage.py for tasks to queue
[2023-12-25T06:37:32.642-0300] {logging_mixin.py:188} INFO - [2023-12-25T06:37:32.640-0300] {dagbag.py:538} INFO - Filling up the DagBag from /home/felipe/.local/lib/python3.10/site-packages/airflow/example_dags/tutorial_objectstorage.py
[2023-12-25T06:37:32.673-0300] {processor.py:840} INFO - DAG(s) 'tutorial_objectstorage' retrieved from /home/felipe/.local/lib/python3.10/site-packages/airflow/example_dags/tutorial_objectstorage.py
[2023-12-25T06:37:32.801-0300] {logging_mixin.py:188} INFO - [2023-12-25T06:37:32.800-0300] {dag.py:3033} INFO - Sync 1 DAGs
[2023-12-25T06:37:32.873-0300] {logging_mixin.py:188} INFO - [2023-12-25T06:37:32.873-0300] {dag.py:3820} INFO - Setting next_dagrun for tutorial_objectstorage to None, run_after=None
[2023-12-25T06:37:32.949-0300] {processor.py:183} INFO - Processing /home/felipe/.local/lib/python3.10/site-packages/airflow/example_dags/tutorial_objectstorage.py took 0.333 seconds
[2023-12-25T06:38:31.876-0300] {processor.py:161} INFO - Started process (PID=13397) to work on /home/felipe/.local/lib/python3.10/site-packages/airflow/example_dags/tutorial_objectstorage.py
[2023-12-25T06:38:31.879-0300] {processor.py:830} INFO - Processing file /home/felipe/.local/lib/python3.10/site-packages/airflow/example_dags/tutorial_objectstorage.py for tasks to queue
[2023-12-25T06:38:31.881-0300] {logging_mixin.py:188} INFO - [2023-12-25T06:38:31.880-0300] {dagbag.py:538} INFO - Filling up the DagBag from /home/felipe/.local/lib/python3.10/site-packages/airflow/example_dags/tutorial_objectstorage.py
[2023-12-25T06:38:31.894-0300] {processor.py:840} INFO - DAG(s) 'tutorial_objectstorage' retrieved from /home/felipe/.local/lib/python3.10/site-packages/airflow/example_dags/tutorial_objectstorage.py
[2023-12-25T06:38:31.920-0300] {logging_mixin.py:188} INFO - [2023-12-25T06:38:31.919-0300] {dag.py:3033} INFO - Sync 1 DAGs
[2023-12-25T06:38:31.944-0300] {logging_mixin.py:188} INFO - [2023-12-25T06:38:31.943-0300] {dag.py:3820} INFO - Setting next_dagrun for tutorial_objectstorage to None, run_after=None
[2023-12-25T06:38:31.992-0300] {processor.py:183} INFO - Processing /home/felipe/.local/lib/python3.10/site-packages/airflow/example_dags/tutorial_objectstorage.py took 0.121 seconds
