[2023-12-25T06:22:26.468-0300] {processor.py:161} INFO - Started process (PID=12379) to work on /home/felipe/.local/lib/python3.10/site-packages/airflow/example_dags/tutorial.py
[2023-12-25T06:22:26.469-0300] {processor.py:830} INFO - Processing file /home/felipe/.local/lib/python3.10/site-packages/airflow/example_dags/tutorial.py for tasks to queue
[2023-12-25T06:22:26.472-0300] {logging_mixin.py:188} INFO - [2023-12-25T06:22:26.471-0300] {dagbag.py:538} INFO - Filling up the DagBag from /home/felipe/.local/lib/python3.10/site-packages/airflow/example_dags/tutorial.py
[2023-12-25T06:22:26.487-0300] {processor.py:840} INFO - DAG(s) 'tutorial' retrieved from /home/felipe/.local/lib/python3.10/site-packages/airflow/example_dags/tutorial.py
[2023-12-25T06:22:26.520-0300] {logging_mixin.py:188} INFO - [2023-12-25T06:22:26.519-0300] {dag.py:3033} INFO - Sync 1 DAGs
[2023-12-25T06:22:26.620-0300] {logging_mixin.py:188} INFO - [2023-12-25T06:22:26.619-0300] {dag.py:3820} INFO - Setting next_dagrun for tutorial to 2023-12-24T00:00:00+00:00, run_after=2023-12-25T00:00:00+00:00
[2023-12-25T06:22:26.741-0300] {processor.py:183} INFO - Processing /home/felipe/.local/lib/python3.10/site-packages/airflow/example_dags/tutorial.py took 0.281 seconds
[2023-12-25T06:23:23.015-0300] {processor.py:161} INFO - Started process (PID=12457) to work on /home/felipe/.local/lib/python3.10/site-packages/airflow/example_dags/tutorial.py
[2023-12-25T06:23:23.022-0300] {processor.py:830} INFO - Processing file /home/felipe/.local/lib/python3.10/site-packages/airflow/example_dags/tutorial.py for tasks to queue
[2023-12-25T06:23:23.025-0300] {logging_mixin.py:188} INFO - [2023-12-25T06:23:23.024-0300] {dagbag.py:538} INFO - Filling up the DagBag from /home/felipe/.local/lib/python3.10/site-packages/airflow/example_dags/tutorial.py
[2023-12-25T06:23:23.039-0300] {processor.py:840} INFO - DAG(s) 'tutorial' retrieved from /home/felipe/.local/lib/python3.10/site-packages/airflow/example_dags/tutorial.py
[2023-12-25T06:23:23.067-0300] {logging_mixin.py:188} INFO - [2023-12-25T06:23:23.067-0300] {dag.py:3033} INFO - Sync 1 DAGs
[2023-12-25T06:23:23.110-0300] {logging_mixin.py:188} INFO - [2023-12-25T06:23:23.109-0300] {dag.py:3820} INFO - Setting next_dagrun for tutorial to 2023-12-24T00:00:00+00:00, run_after=2023-12-25T00:00:00+00:00
[2023-12-25T06:23:23.210-0300] {processor.py:183} INFO - Processing /home/felipe/.local/lib/python3.10/site-packages/airflow/example_dags/tutorial.py took 0.200 seconds
[2023-12-25T06:24:18.519-0300] {processor.py:161} INFO - Started process (PID=12510) to work on /home/felipe/.local/lib/python3.10/site-packages/airflow/example_dags/tutorial.py
[2023-12-25T06:24:18.525-0300] {processor.py:830} INFO - Processing file /home/felipe/.local/lib/python3.10/site-packages/airflow/example_dags/tutorial.py for tasks to queue
[2023-12-25T06:24:18.527-0300] {logging_mixin.py:188} INFO - [2023-12-25T06:24:18.526-0300] {dagbag.py:538} INFO - Filling up the DagBag from /home/felipe/.local/lib/python3.10/site-packages/airflow/example_dags/tutorial.py
[2023-12-25T06:24:18.543-0300] {processor.py:840} INFO - DAG(s) 'tutorial' retrieved from /home/felipe/.local/lib/python3.10/site-packages/airflow/example_dags/tutorial.py
[2023-12-25T06:24:18.590-0300] {logging_mixin.py:188} INFO - [2023-12-25T06:24:18.589-0300] {dag.py:3033} INFO - Sync 1 DAGs
[2023-12-25T06:24:18.661-0300] {logging_mixin.py:188} INFO - [2023-12-25T06:24:18.660-0300] {dag.py:3820} INFO - Setting next_dagrun for tutorial to 2023-12-24T00:00:00+00:00, run_after=2023-12-25T00:00:00+00:00
[2023-12-25T06:24:18.742-0300] {processor.py:183} INFO - Processing /home/felipe/.local/lib/python3.10/site-packages/airflow/example_dags/tutorial.py took 0.229 seconds
[2023-12-25T06:25:12.755-0300] {processor.py:161} INFO - Started process (PID=12595) to work on /home/felipe/.local/lib/python3.10/site-packages/airflow/example_dags/tutorial.py
[2023-12-25T06:25:12.758-0300] {processor.py:830} INFO - Processing file /home/felipe/.local/lib/python3.10/site-packages/airflow/example_dags/tutorial.py for tasks to queue
[2023-12-25T06:25:12.762-0300] {logging_mixin.py:188} INFO - [2023-12-25T06:25:12.761-0300] {dagbag.py:538} INFO - Filling up the DagBag from /home/felipe/.local/lib/python3.10/site-packages/airflow/example_dags/tutorial.py
[2023-12-25T06:25:12.779-0300] {processor.py:840} INFO - DAG(s) 'tutorial' retrieved from /home/felipe/.local/lib/python3.10/site-packages/airflow/example_dags/tutorial.py
[2023-12-25T06:25:12.809-0300] {logging_mixin.py:188} INFO - [2023-12-25T06:25:12.809-0300] {dag.py:3033} INFO - Sync 1 DAGs
[2023-12-25T06:25:12.861-0300] {logging_mixin.py:188} INFO - [2023-12-25T06:25:12.860-0300] {dag.py:3820} INFO - Setting next_dagrun for tutorial to 2023-12-24T00:00:00+00:00, run_after=2023-12-25T00:00:00+00:00
[2023-12-25T06:25:12.911-0300] {processor.py:183} INFO - Processing /home/felipe/.local/lib/python3.10/site-packages/airflow/example_dags/tutorial.py took 0.162 seconds
[2023-12-25T06:26:00.772-0300] {processor.py:161} INFO - Started process (PID=12646) to work on /home/felipe/.local/lib/python3.10/site-packages/airflow/example_dags/tutorial.py
[2023-12-25T06:26:00.776-0300] {processor.py:830} INFO - Processing file /home/felipe/.local/lib/python3.10/site-packages/airflow/example_dags/tutorial.py for tasks to queue
[2023-12-25T06:26:00.778-0300] {logging_mixin.py:188} INFO - [2023-12-25T06:26:00.777-0300] {dagbag.py:538} INFO - Filling up the DagBag from /home/felipe/.local/lib/python3.10/site-packages/airflow/example_dags/tutorial.py
[2023-12-25T06:26:00.800-0300] {processor.py:840} INFO - DAG(s) 'tutorial' retrieved from /home/felipe/.local/lib/python3.10/site-packages/airflow/example_dags/tutorial.py
[2023-12-25T06:26:00.843-0300] {logging_mixin.py:188} INFO - [2023-12-25T06:26:00.842-0300] {dag.py:3033} INFO - Sync 1 DAGs
[2023-12-25T06:26:00.880-0300] {logging_mixin.py:188} INFO - [2023-12-25T06:26:00.879-0300] {dag.py:3820} INFO - Setting next_dagrun for tutorial to 2023-12-24T00:00:00+00:00, run_after=2023-12-25T00:00:00+00:00
[2023-12-25T06:26:00.927-0300] {processor.py:183} INFO - Processing /home/felipe/.local/lib/python3.10/site-packages/airflow/example_dags/tutorial.py took 0.169 seconds
[2023-12-25T06:26:50.097-0300] {processor.py:161} INFO - Started process (PID=12692) to work on /home/felipe/.local/lib/python3.10/site-packages/airflow/example_dags/tutorial.py
[2023-12-25T06:26:50.100-0300] {processor.py:830} INFO - Processing file /home/felipe/.local/lib/python3.10/site-packages/airflow/example_dags/tutorial.py for tasks to queue
[2023-12-25T06:26:50.101-0300] {logging_mixin.py:188} INFO - [2023-12-25T06:26:50.101-0300] {dagbag.py:538} INFO - Filling up the DagBag from /home/felipe/.local/lib/python3.10/site-packages/airflow/example_dags/tutorial.py
[2023-12-25T06:26:50.112-0300] {processor.py:840} INFO - DAG(s) 'tutorial' retrieved from /home/felipe/.local/lib/python3.10/site-packages/airflow/example_dags/tutorial.py
[2023-12-25T06:26:50.139-0300] {logging_mixin.py:188} INFO - [2023-12-25T06:26:50.138-0300] {dag.py:3033} INFO - Sync 1 DAGs
[2023-12-25T06:26:50.179-0300] {logging_mixin.py:188} INFO - [2023-12-25T06:26:50.179-0300] {dag.py:3820} INFO - Setting next_dagrun for tutorial to 2023-12-24T00:00:00+00:00, run_after=2023-12-25T00:00:00+00:00
[2023-12-25T06:26:50.235-0300] {processor.py:183} INFO - Processing /home/felipe/.local/lib/python3.10/site-packages/airflow/example_dags/tutorial.py took 0.142 seconds
[2023-12-25T06:27:40.618-0300] {processor.py:161} INFO - Started process (PID=12738) to work on /home/felipe/.local/lib/python3.10/site-packages/airflow/example_dags/tutorial.py
[2023-12-25T06:27:40.621-0300] {processor.py:830} INFO - Processing file /home/felipe/.local/lib/python3.10/site-packages/airflow/example_dags/tutorial.py for tasks to queue
[2023-12-25T06:27:40.622-0300] {logging_mixin.py:188} INFO - [2023-12-25T06:27:40.622-0300] {dagbag.py:538} INFO - Filling up the DagBag from /home/felipe/.local/lib/python3.10/site-packages/airflow/example_dags/tutorial.py
[2023-12-25T06:27:40.634-0300] {processor.py:840} INFO - DAG(s) 'tutorial' retrieved from /home/felipe/.local/lib/python3.10/site-packages/airflow/example_dags/tutorial.py
[2023-12-25T06:27:40.661-0300] {logging_mixin.py:188} INFO - [2023-12-25T06:27:40.660-0300] {dag.py:3033} INFO - Sync 1 DAGs
[2023-12-25T06:27:40.707-0300] {logging_mixin.py:188} INFO - [2023-12-25T06:27:40.706-0300] {dag.py:3820} INFO - Setting next_dagrun for tutorial to 2023-12-24T00:00:00+00:00, run_after=2023-12-25T00:00:00+00:00
[2023-12-25T06:27:40.757-0300] {processor.py:183} INFO - Processing /home/felipe/.local/lib/python3.10/site-packages/airflow/example_dags/tutorial.py took 0.144 seconds
[2023-12-25T06:28:32.494-0300] {processor.py:161} INFO - Started process (PID=12788) to work on /home/felipe/.local/lib/python3.10/site-packages/airflow/example_dags/tutorial.py
[2023-12-25T06:28:32.498-0300] {processor.py:830} INFO - Processing file /home/felipe/.local/lib/python3.10/site-packages/airflow/example_dags/tutorial.py for tasks to queue
[2023-12-25T06:28:32.500-0300] {logging_mixin.py:188} INFO - [2023-12-25T06:28:32.499-0300] {dagbag.py:538} INFO - Filling up the DagBag from /home/felipe/.local/lib/python3.10/site-packages/airflow/example_dags/tutorial.py
[2023-12-25T06:28:32.516-0300] {processor.py:840} INFO - DAG(s) 'tutorial' retrieved from /home/felipe/.local/lib/python3.10/site-packages/airflow/example_dags/tutorial.py
[2023-12-25T06:28:32.551-0300] {logging_mixin.py:188} INFO - [2023-12-25T06:28:32.551-0300] {dag.py:3033} INFO - Sync 1 DAGs
[2023-12-25T06:28:32.609-0300] {logging_mixin.py:188} INFO - [2023-12-25T06:28:32.608-0300] {dag.py:3820} INFO - Setting next_dagrun for tutorial to 2023-12-24T00:00:00+00:00, run_after=2023-12-25T00:00:00+00:00
[2023-12-25T06:28:32.661-0300] {processor.py:183} INFO - Processing /home/felipe/.local/lib/python3.10/site-packages/airflow/example_dags/tutorial.py took 0.175 seconds
[2023-12-25T06:29:24.219-0300] {processor.py:161} INFO - Started process (PID=12834) to work on /home/felipe/.local/lib/python3.10/site-packages/airflow/example_dags/tutorial.py
[2023-12-25T06:29:24.222-0300] {processor.py:830} INFO - Processing file /home/felipe/.local/lib/python3.10/site-packages/airflow/example_dags/tutorial.py for tasks to queue
[2023-12-25T06:29:24.224-0300] {logging_mixin.py:188} INFO - [2023-12-25T06:29:24.224-0300] {dagbag.py:538} INFO - Filling up the DagBag from /home/felipe/.local/lib/python3.10/site-packages/airflow/example_dags/tutorial.py
[2023-12-25T06:29:24.236-0300] {processor.py:840} INFO - DAG(s) 'tutorial' retrieved from /home/felipe/.local/lib/python3.10/site-packages/airflow/example_dags/tutorial.py
[2023-12-25T06:29:24.271-0300] {logging_mixin.py:188} INFO - [2023-12-25T06:29:24.270-0300] {dag.py:3033} INFO - Sync 1 DAGs
[2023-12-25T06:29:24.320-0300] {logging_mixin.py:188} INFO - [2023-12-25T06:29:24.319-0300] {dag.py:3820} INFO - Setting next_dagrun for tutorial to 2023-12-24T00:00:00+00:00, run_after=2023-12-25T00:00:00+00:00
[2023-12-25T06:29:24.377-0300] {processor.py:183} INFO - Processing /home/felipe/.local/lib/python3.10/site-packages/airflow/example_dags/tutorial.py took 0.163 seconds
[2023-12-25T06:30:15.193-0300] {processor.py:161} INFO - Started process (PID=12911) to work on /home/felipe/.local/lib/python3.10/site-packages/airflow/example_dags/tutorial.py
[2023-12-25T06:30:15.196-0300] {processor.py:830} INFO - Processing file /home/felipe/.local/lib/python3.10/site-packages/airflow/example_dags/tutorial.py for tasks to queue
[2023-12-25T06:30:15.198-0300] {logging_mixin.py:188} INFO - [2023-12-25T06:30:15.198-0300] {dagbag.py:538} INFO - Filling up the DagBag from /home/felipe/.local/lib/python3.10/site-packages/airflow/example_dags/tutorial.py
[2023-12-25T06:30:15.211-0300] {processor.py:840} INFO - DAG(s) 'tutorial' retrieved from /home/felipe/.local/lib/python3.10/site-packages/airflow/example_dags/tutorial.py
[2023-12-25T06:30:15.240-0300] {logging_mixin.py:188} INFO - [2023-12-25T06:30:15.239-0300] {dag.py:3033} INFO - Sync 1 DAGs
[2023-12-25T06:30:15.295-0300] {logging_mixin.py:188} INFO - [2023-12-25T06:30:15.294-0300] {dag.py:3820} INFO - Setting next_dagrun for tutorial to 2023-12-24T00:00:00+00:00, run_after=2023-12-25T00:00:00+00:00
[2023-12-25T06:30:15.342-0300] {processor.py:183} INFO - Processing /home/felipe/.local/lib/python3.10/site-packages/airflow/example_dags/tutorial.py took 0.154 seconds
[2023-12-25T06:31:05.855-0300] {processor.py:161} INFO - Started process (PID=12964) to work on /home/felipe/.local/lib/python3.10/site-packages/airflow/example_dags/tutorial.py
[2023-12-25T06:31:05.858-0300] {processor.py:830} INFO - Processing file /home/felipe/.local/lib/python3.10/site-packages/airflow/example_dags/tutorial.py for tasks to queue
[2023-12-25T06:31:05.860-0300] {logging_mixin.py:188} INFO - [2023-12-25T06:31:05.859-0300] {dagbag.py:538} INFO - Filling up the DagBag from /home/felipe/.local/lib/python3.10/site-packages/airflow/example_dags/tutorial.py
[2023-12-25T06:31:05.870-0300] {processor.py:840} INFO - DAG(s) 'tutorial' retrieved from /home/felipe/.local/lib/python3.10/site-packages/airflow/example_dags/tutorial.py
[2023-12-25T06:31:05.896-0300] {logging_mixin.py:188} INFO - [2023-12-25T06:31:05.895-0300] {dag.py:3033} INFO - Sync 1 DAGs
[2023-12-25T06:31:05.939-0300] {logging_mixin.py:188} INFO - [2023-12-25T06:31:05.938-0300] {dag.py:3820} INFO - Setting next_dagrun for tutorial to 2023-12-24T00:00:00+00:00, run_after=2023-12-25T00:00:00+00:00
[2023-12-25T06:31:05.984-0300] {processor.py:183} INFO - Processing /home/felipe/.local/lib/python3.10/site-packages/airflow/example_dags/tutorial.py took 0.132 seconds
[2023-12-25T06:32:04.970-0300] {processor.py:161} INFO - Started process (PID=13014) to work on /home/felipe/.local/lib/python3.10/site-packages/airflow/example_dags/tutorial.py
[2023-12-25T06:32:04.972-0300] {processor.py:830} INFO - Processing file /home/felipe/.local/lib/python3.10/site-packages/airflow/example_dags/tutorial.py for tasks to queue
[2023-12-25T06:32:04.975-0300] {logging_mixin.py:188} INFO - [2023-12-25T06:32:04.973-0300] {dagbag.py:538} INFO - Filling up the DagBag from /home/felipe/.local/lib/python3.10/site-packages/airflow/example_dags/tutorial.py
[2023-12-25T06:32:04.986-0300] {processor.py:840} INFO - DAG(s) 'tutorial' retrieved from /home/felipe/.local/lib/python3.10/site-packages/airflow/example_dags/tutorial.py
[2023-12-25T06:32:05.012-0300] {logging_mixin.py:188} INFO - [2023-12-25T06:32:05.012-0300] {dag.py:3033} INFO - Sync 1 DAGs
[2023-12-25T06:32:05.049-0300] {logging_mixin.py:188} INFO - [2023-12-25T06:32:05.049-0300] {dag.py:3820} INFO - Setting next_dagrun for tutorial to 2023-12-24T00:00:00+00:00, run_after=2023-12-25T00:00:00+00:00
[2023-12-25T06:32:05.104-0300] {processor.py:183} INFO - Processing /home/felipe/.local/lib/python3.10/site-packages/airflow/example_dags/tutorial.py took 0.140 seconds
[2023-12-25T06:32:54.756-0300] {processor.py:161} INFO - Started process (PID=13060) to work on /home/felipe/.local/lib/python3.10/site-packages/airflow/example_dags/tutorial.py
[2023-12-25T06:32:54.758-0300] {processor.py:830} INFO - Processing file /home/felipe/.local/lib/python3.10/site-packages/airflow/example_dags/tutorial.py for tasks to queue
[2023-12-25T06:32:54.760-0300] {logging_mixin.py:188} INFO - [2023-12-25T06:32:54.759-0300] {dagbag.py:538} INFO - Filling up the DagBag from /home/felipe/.local/lib/python3.10/site-packages/airflow/example_dags/tutorial.py
[2023-12-25T06:32:54.770-0300] {processor.py:840} INFO - DAG(s) 'tutorial' retrieved from /home/felipe/.local/lib/python3.10/site-packages/airflow/example_dags/tutorial.py
[2023-12-25T06:32:54.796-0300] {logging_mixin.py:188} INFO - [2023-12-25T06:32:54.795-0300] {dag.py:3033} INFO - Sync 1 DAGs
[2023-12-25T06:32:54.834-0300] {logging_mixin.py:188} INFO - [2023-12-25T06:32:54.834-0300] {dag.py:3820} INFO - Setting next_dagrun for tutorial to 2023-12-24T00:00:00+00:00, run_after=2023-12-25T00:00:00+00:00
[2023-12-25T06:32:54.893-0300] {processor.py:183} INFO - Processing /home/felipe/.local/lib/python3.10/site-packages/airflow/example_dags/tutorial.py took 0.142 seconds
[2023-12-25T06:33:43.841-0300] {processor.py:161} INFO - Started process (PID=13104) to work on /home/felipe/.local/lib/python3.10/site-packages/airflow/example_dags/tutorial.py
[2023-12-25T06:33:43.843-0300] {processor.py:830} INFO - Processing file /home/felipe/.local/lib/python3.10/site-packages/airflow/example_dags/tutorial.py for tasks to queue
[2023-12-25T06:33:43.845-0300] {logging_mixin.py:188} INFO - [2023-12-25T06:33:43.844-0300] {dagbag.py:538} INFO - Filling up the DagBag from /home/felipe/.local/lib/python3.10/site-packages/airflow/example_dags/tutorial.py
[2023-12-25T06:33:43.855-0300] {processor.py:840} INFO - DAG(s) 'tutorial' retrieved from /home/felipe/.local/lib/python3.10/site-packages/airflow/example_dags/tutorial.py
[2023-12-25T06:33:43.882-0300] {logging_mixin.py:188} INFO - [2023-12-25T06:33:43.881-0300] {dag.py:3033} INFO - Sync 1 DAGs
[2023-12-25T06:33:43.922-0300] {logging_mixin.py:188} INFO - [2023-12-25T06:33:43.921-0300] {dag.py:3820} INFO - Setting next_dagrun for tutorial to 2023-12-24T00:00:00+00:00, run_after=2023-12-25T00:00:00+00:00
[2023-12-25T06:33:43.977-0300] {processor.py:183} INFO - Processing /home/felipe/.local/lib/python3.10/site-packages/airflow/example_dags/tutorial.py took 0.142 seconds
[2023-12-25T06:34:37.470-0300] {processor.py:161} INFO - Started process (PID=13152) to work on /home/felipe/.local/lib/python3.10/site-packages/airflow/example_dags/tutorial.py
[2023-12-25T06:34:37.473-0300] {processor.py:830} INFO - Processing file /home/felipe/.local/lib/python3.10/site-packages/airflow/example_dags/tutorial.py for tasks to queue
[2023-12-25T06:34:37.474-0300] {logging_mixin.py:188} INFO - [2023-12-25T06:34:37.474-0300] {dagbag.py:538} INFO - Filling up the DagBag from /home/felipe/.local/lib/python3.10/site-packages/airflow/example_dags/tutorial.py
[2023-12-25T06:34:37.485-0300] {processor.py:840} INFO - DAG(s) 'tutorial' retrieved from /home/felipe/.local/lib/python3.10/site-packages/airflow/example_dags/tutorial.py
[2023-12-25T06:34:37.510-0300] {logging_mixin.py:188} INFO - [2023-12-25T06:34:37.510-0300] {dag.py:3033} INFO - Sync 1 DAGs
[2023-12-25T06:34:37.547-0300] {logging_mixin.py:188} INFO - [2023-12-25T06:34:37.546-0300] {dag.py:3820} INFO - Setting next_dagrun for tutorial to 2023-12-24T00:00:00+00:00, run_after=2023-12-25T00:00:00+00:00
[2023-12-25T06:34:37.596-0300] {processor.py:183} INFO - Processing /home/felipe/.local/lib/python3.10/site-packages/airflow/example_dags/tutorial.py took 0.130 seconds
[2023-12-25T06:35:29.328-0300] {processor.py:161} INFO - Started process (PID=13235) to work on /home/felipe/.local/lib/python3.10/site-packages/airflow/example_dags/tutorial.py
[2023-12-25T06:35:29.330-0300] {processor.py:830} INFO - Processing file /home/felipe/.local/lib/python3.10/site-packages/airflow/example_dags/tutorial.py for tasks to queue
[2023-12-25T06:35:29.332-0300] {logging_mixin.py:188} INFO - [2023-12-25T06:35:29.331-0300] {dagbag.py:538} INFO - Filling up the DagBag from /home/felipe/.local/lib/python3.10/site-packages/airflow/example_dags/tutorial.py
[2023-12-25T06:35:29.343-0300] {processor.py:840} INFO - DAG(s) 'tutorial' retrieved from /home/felipe/.local/lib/python3.10/site-packages/airflow/example_dags/tutorial.py
[2023-12-25T06:35:29.376-0300] {logging_mixin.py:188} INFO - [2023-12-25T06:35:29.376-0300] {dag.py:3033} INFO - Sync 1 DAGs
[2023-12-25T06:35:29.424-0300] {logging_mixin.py:188} INFO - [2023-12-25T06:35:29.424-0300] {dag.py:3820} INFO - Setting next_dagrun for tutorial to 2023-12-24T00:00:00+00:00, run_after=2023-12-25T00:00:00+00:00
[2023-12-25T06:35:29.474-0300] {processor.py:183} INFO - Processing /home/felipe/.local/lib/python3.10/site-packages/airflow/example_dags/tutorial.py took 0.150 seconds
[2023-12-25T06:36:27.754-0300] {processor.py:161} INFO - Started process (PID=13287) to work on /home/felipe/.local/lib/python3.10/site-packages/airflow/example_dags/tutorial.py
[2023-12-25T06:36:27.756-0300] {processor.py:830} INFO - Processing file /home/felipe/.local/lib/python3.10/site-packages/airflow/example_dags/tutorial.py for tasks to queue
[2023-12-25T06:36:27.757-0300] {logging_mixin.py:188} INFO - [2023-12-25T06:36:27.757-0300] {dagbag.py:538} INFO - Filling up the DagBag from /home/felipe/.local/lib/python3.10/site-packages/airflow/example_dags/tutorial.py
[2023-12-25T06:36:27.768-0300] {processor.py:840} INFO - DAG(s) 'tutorial' retrieved from /home/felipe/.local/lib/python3.10/site-packages/airflow/example_dags/tutorial.py
[2023-12-25T06:36:27.799-0300] {logging_mixin.py:188} INFO - [2023-12-25T06:36:27.799-0300] {dag.py:3033} INFO - Sync 1 DAGs
[2023-12-25T06:36:27.843-0300] {logging_mixin.py:188} INFO - [2023-12-25T06:36:27.842-0300] {dag.py:3820} INFO - Setting next_dagrun for tutorial to 2023-12-24T00:00:00+00:00, run_after=2023-12-25T00:00:00+00:00
[2023-12-25T06:36:27.892-0300] {processor.py:183} INFO - Processing /home/felipe/.local/lib/python3.10/site-packages/airflow/example_dags/tutorial.py took 0.142 seconds
[2023-12-25T06:37:26.401-0300] {processor.py:161} INFO - Started process (PID=13339) to work on /home/felipe/.local/lib/python3.10/site-packages/airflow/example_dags/tutorial.py
[2023-12-25T06:37:26.403-0300] {processor.py:830} INFO - Processing file /home/felipe/.local/lib/python3.10/site-packages/airflow/example_dags/tutorial.py for tasks to queue
[2023-12-25T06:37:26.405-0300] {logging_mixin.py:188} INFO - [2023-12-25T06:37:26.405-0300] {dagbag.py:538} INFO - Filling up the DagBag from /home/felipe/.local/lib/python3.10/site-packages/airflow/example_dags/tutorial.py
[2023-12-25T06:37:26.420-0300] {processor.py:840} INFO - DAG(s) 'tutorial' retrieved from /home/felipe/.local/lib/python3.10/site-packages/airflow/example_dags/tutorial.py
[2023-12-25T06:37:26.448-0300] {logging_mixin.py:188} INFO - [2023-12-25T06:37:26.448-0300] {dag.py:3033} INFO - Sync 1 DAGs
[2023-12-25T06:37:26.492-0300] {logging_mixin.py:188} INFO - [2023-12-25T06:37:26.491-0300] {dag.py:3820} INFO - Setting next_dagrun for tutorial to 2023-12-24T00:00:00+00:00, run_after=2023-12-25T00:00:00+00:00
[2023-12-25T06:37:26.547-0300] {processor.py:183} INFO - Processing /home/felipe/.local/lib/python3.10/site-packages/airflow/example_dags/tutorial.py took 0.152 seconds
[2023-12-25T06:38:26.893-0300] {processor.py:161} INFO - Started process (PID=13392) to work on /home/felipe/.local/lib/python3.10/site-packages/airflow/example_dags/tutorial.py
[2023-12-25T06:38:26.895-0300] {processor.py:830} INFO - Processing file /home/felipe/.local/lib/python3.10/site-packages/airflow/example_dags/tutorial.py for tasks to queue
[2023-12-25T06:38:26.896-0300] {logging_mixin.py:188} INFO - [2023-12-25T06:38:26.896-0300] {dagbag.py:538} INFO - Filling up the DagBag from /home/felipe/.local/lib/python3.10/site-packages/airflow/example_dags/tutorial.py
[2023-12-25T06:38:26.907-0300] {processor.py:840} INFO - DAG(s) 'tutorial' retrieved from /home/felipe/.local/lib/python3.10/site-packages/airflow/example_dags/tutorial.py
[2023-12-25T06:38:26.933-0300] {logging_mixin.py:188} INFO - [2023-12-25T06:38:26.933-0300] {dag.py:3033} INFO - Sync 1 DAGs
[2023-12-25T06:38:26.973-0300] {logging_mixin.py:188} INFO - [2023-12-25T06:38:26.972-0300] {dag.py:3820} INFO - Setting next_dagrun for tutorial to 2023-12-24T00:00:00+00:00, run_after=2023-12-25T00:00:00+00:00
[2023-12-25T06:38:27.021-0300] {processor.py:183} INFO - Processing /home/felipe/.local/lib/python3.10/site-packages/airflow/example_dags/tutorial.py took 0.133 seconds
