[2023-12-24T16:57:44.037-0300] {processor.py:161} INFO - Started process (PID=3443) to work on /home/felipe/.local/lib/python3.10/site-packages/airflow/example_dags/example_nested_branch_dag.py
[2023-12-24T16:57:44.038-0300] {processor.py:830} INFO - Processing file /home/felipe/.local/lib/python3.10/site-packages/airflow/example_dags/example_nested_branch_dag.py for tasks to queue
[2023-12-24T16:57:44.040-0300] {logging_mixin.py:188} INFO - [2023-12-24T16:57:44.039-0300] {dagbag.py:538} INFO - Filling up the DagBag from /home/felipe/.local/lib/python3.10/site-packages/airflow/example_dags/example_nested_branch_dag.py
[2023-12-24T16:57:44.057-0300] {processor.py:840} INFO - DAG(s) 'example_nested_branch_dag' retrieved from /home/felipe/.local/lib/python3.10/site-packages/airflow/example_dags/example_nested_branch_dag.py
[2023-12-24T16:57:44.302-0300] {logging_mixin.py:188} INFO - [2023-12-24T16:57:44.301-0300] {override.py:1769} INFO - Created Permission View: can edit on DAG:example_nested_branch_dag
[2023-12-24T16:57:44.330-0300] {logging_mixin.py:188} INFO - [2023-12-24T16:57:44.329-0300] {override.py:1769} INFO - Created Permission View: can delete on DAG:example_nested_branch_dag
[2023-12-24T16:57:44.348-0300] {logging_mixin.py:188} INFO - [2023-12-24T16:57:44.348-0300] {override.py:1769} INFO - Created Permission View: can read on DAG:example_nested_branch_dag
[2023-12-24T16:57:44.349-0300] {logging_mixin.py:188} INFO - [2023-12-24T16:57:44.349-0300] {dag.py:3033} INFO - Sync 1 DAGs
[2023-12-24T16:57:44.370-0300] {logging_mixin.py:188} INFO - [2023-12-24T16:57:44.369-0300] {dag.py:3055} INFO - Creating ORM DAG for example_nested_branch_dag
[2023-12-24T16:57:44.389-0300] {logging_mixin.py:188} INFO - [2023-12-24T16:57:44.389-0300] {dag.py:3820} INFO - Setting next_dagrun for example_nested_branch_dag to 2023-12-23T00:00:00+00:00, run_after=2023-12-24T00:00:00+00:00
[2023-12-24T16:57:44.445-0300] {processor.py:183} INFO - Processing /home/felipe/.local/lib/python3.10/site-packages/airflow/example_dags/example_nested_branch_dag.py took 0.412 seconds
[2023-12-24T16:58:38.697-0300] {processor.py:161} INFO - Started process (PID=3502) to work on /home/felipe/.local/lib/python3.10/site-packages/airflow/example_dags/example_nested_branch_dag.py
[2023-12-24T16:58:38.703-0300] {processor.py:830} INFO - Processing file /home/felipe/.local/lib/python3.10/site-packages/airflow/example_dags/example_nested_branch_dag.py for tasks to queue
[2023-12-24T16:58:38.704-0300] {logging_mixin.py:188} INFO - [2023-12-24T16:58:38.704-0300] {dagbag.py:538} INFO - Filling up the DagBag from /home/felipe/.local/lib/python3.10/site-packages/airflow/example_dags/example_nested_branch_dag.py
[2023-12-24T16:58:38.730-0300] {processor.py:840} INFO - DAG(s) 'example_nested_branch_dag' retrieved from /home/felipe/.local/lib/python3.10/site-packages/airflow/example_dags/example_nested_branch_dag.py
[2023-12-24T16:58:38.766-0300] {logging_mixin.py:188} INFO - [2023-12-24T16:58:38.765-0300] {dag.py:3033} INFO - Sync 1 DAGs
[2023-12-24T16:58:38.816-0300] {logging_mixin.py:188} INFO - [2023-12-24T16:58:38.816-0300] {dag.py:3820} INFO - Setting next_dagrun for example_nested_branch_dag to 2023-12-23T00:00:00+00:00, run_after=2023-12-24T00:00:00+00:00
[2023-12-24T16:58:38.872-0300] {processor.py:183} INFO - Processing /home/felipe/.local/lib/python3.10/site-packages/airflow/example_dags/example_nested_branch_dag.py took 0.185 seconds
[2023-12-24T16:59:56.437-0300] {processor.py:161} INFO - Started process (PID=3614) to work on /home/felipe/.local/lib/python3.10/site-packages/airflow/example_dags/example_nested_branch_dag.py
[2023-12-24T16:59:56.446-0300] {processor.py:830} INFO - Processing file /home/felipe/.local/lib/python3.10/site-packages/airflow/example_dags/example_nested_branch_dag.py for tasks to queue
[2023-12-24T16:59:56.449-0300] {logging_mixin.py:188} INFO - [2023-12-24T16:59:56.447-0300] {dagbag.py:538} INFO - Filling up the DagBag from /home/felipe/.local/lib/python3.10/site-packages/airflow/example_dags/example_nested_branch_dag.py
[2023-12-24T16:59:56.540-0300] {processor.py:840} INFO - DAG(s) 'example_nested_branch_dag' retrieved from /home/felipe/.local/lib/python3.10/site-packages/airflow/example_dags/example_nested_branch_dag.py
[2023-12-24T16:59:56.644-0300] {logging_mixin.py:188} INFO - [2023-12-24T16:59:56.643-0300] {dag.py:3033} INFO - Sync 1 DAGs
[2023-12-24T16:59:56.775-0300] {logging_mixin.py:188} INFO - [2023-12-24T16:59:56.774-0300] {dag.py:3820} INFO - Setting next_dagrun for example_nested_branch_dag to 2023-12-23T00:00:00+00:00, run_after=2023-12-24T00:00:00+00:00
[2023-12-24T16:59:56.837-0300] {processor.py:183} INFO - Processing /home/felipe/.local/lib/python3.10/site-packages/airflow/example_dags/example_nested_branch_dag.py took 0.408 seconds
[2023-12-24T17:01:12.612-0300] {processor.py:161} INFO - Started process (PID=3687) to work on /home/felipe/.local/lib/python3.10/site-packages/airflow/example_dags/example_nested_branch_dag.py
[2023-12-24T17:01:12.619-0300] {processor.py:830} INFO - Processing file /home/felipe/.local/lib/python3.10/site-packages/airflow/example_dags/example_nested_branch_dag.py for tasks to queue
[2023-12-24T17:01:12.621-0300] {logging_mixin.py:188} INFO - [2023-12-24T17:01:12.620-0300] {dagbag.py:538} INFO - Filling up the DagBag from /home/felipe/.local/lib/python3.10/site-packages/airflow/example_dags/example_nested_branch_dag.py
[2023-12-24T17:01:12.643-0300] {processor.py:840} INFO - DAG(s) 'example_nested_branch_dag' retrieved from /home/felipe/.local/lib/python3.10/site-packages/airflow/example_dags/example_nested_branch_dag.py
[2023-12-24T17:01:12.678-0300] {logging_mixin.py:188} INFO - [2023-12-24T17:01:12.678-0300] {dag.py:3033} INFO - Sync 1 DAGs
[2023-12-24T17:01:12.729-0300] {logging_mixin.py:188} INFO - [2023-12-24T17:01:12.728-0300] {dag.py:3820} INFO - Setting next_dagrun for example_nested_branch_dag to 2023-12-23T00:00:00+00:00, run_after=2023-12-24T00:00:00+00:00
[2023-12-24T17:01:12.774-0300] {processor.py:183} INFO - Processing /home/felipe/.local/lib/python3.10/site-packages/airflow/example_dags/example_nested_branch_dag.py took 0.169 seconds
[2023-12-24T17:02:34.665-0300] {processor.py:161} INFO - Started process (PID=3790) to work on /home/felipe/.local/lib/python3.10/site-packages/airflow/example_dags/example_nested_branch_dag.py
[2023-12-24T17:02:34.667-0300] {processor.py:830} INFO - Processing file /home/felipe/.local/lib/python3.10/site-packages/airflow/example_dags/example_nested_branch_dag.py for tasks to queue
[2023-12-24T17:02:34.669-0300] {logging_mixin.py:188} INFO - [2023-12-24T17:02:34.669-0300] {dagbag.py:538} INFO - Filling up the DagBag from /home/felipe/.local/lib/python3.10/site-packages/airflow/example_dags/example_nested_branch_dag.py
[2023-12-24T17:02:34.689-0300] {processor.py:840} INFO - DAG(s) 'example_nested_branch_dag' retrieved from /home/felipe/.local/lib/python3.10/site-packages/airflow/example_dags/example_nested_branch_dag.py
[2023-12-24T17:02:34.720-0300] {logging_mixin.py:188} INFO - [2023-12-24T17:02:34.720-0300] {dag.py:3033} INFO - Sync 1 DAGs
[2023-12-24T17:02:34.768-0300] {logging_mixin.py:188} INFO - [2023-12-24T17:02:34.768-0300] {dag.py:3820} INFO - Setting next_dagrun for example_nested_branch_dag to 2023-12-23T00:00:00+00:00, run_after=2023-12-24T00:00:00+00:00
[2023-12-24T17:02:34.819-0300] {processor.py:183} INFO - Processing /home/felipe/.local/lib/python3.10/site-packages/airflow/example_dags/example_nested_branch_dag.py took 0.158 seconds
[2023-12-24T17:04:00.935-0300] {processor.py:161} INFO - Started process (PID=3922) to work on /home/felipe/.local/lib/python3.10/site-packages/airflow/example_dags/example_nested_branch_dag.py
[2023-12-24T17:04:00.940-0300] {processor.py:830} INFO - Processing file /home/felipe/.local/lib/python3.10/site-packages/airflow/example_dags/example_nested_branch_dag.py for tasks to queue
[2023-12-24T17:04:00.942-0300] {logging_mixin.py:188} INFO - [2023-12-24T17:04:00.942-0300] {dagbag.py:538} INFO - Filling up the DagBag from /home/felipe/.local/lib/python3.10/site-packages/airflow/example_dags/example_nested_branch_dag.py
[2023-12-24T17:04:00.959-0300] {processor.py:840} INFO - DAG(s) 'example_nested_branch_dag' retrieved from /home/felipe/.local/lib/python3.10/site-packages/airflow/example_dags/example_nested_branch_dag.py
[2023-12-24T17:04:00.990-0300] {logging_mixin.py:188} INFO - [2023-12-24T17:04:00.990-0300] {dag.py:3033} INFO - Sync 1 DAGs
[2023-12-24T17:04:01.045-0300] {logging_mixin.py:188} INFO - [2023-12-24T17:04:01.044-0300] {dag.py:3820} INFO - Setting next_dagrun for example_nested_branch_dag to 2023-12-23T00:00:00+00:00, run_after=2023-12-24T00:00:00+00:00
[2023-12-24T17:04:01.101-0300] {processor.py:183} INFO - Processing /home/felipe/.local/lib/python3.10/site-packages/airflow/example_dags/example_nested_branch_dag.py took 0.172 seconds
[2023-12-24T17:05:23.262-0300] {processor.py:161} INFO - Started process (PID=4148) to work on /home/felipe/.local/lib/python3.10/site-packages/airflow/example_dags/example_nested_branch_dag.py
[2023-12-24T17:05:23.264-0300] {processor.py:830} INFO - Processing file /home/felipe/.local/lib/python3.10/site-packages/airflow/example_dags/example_nested_branch_dag.py for tasks to queue
[2023-12-24T17:05:23.266-0300] {logging_mixin.py:188} INFO - [2023-12-24T17:05:23.265-0300] {dagbag.py:538} INFO - Filling up the DagBag from /home/felipe/.local/lib/python3.10/site-packages/airflow/example_dags/example_nested_branch_dag.py
[2023-12-24T17:05:23.284-0300] {processor.py:840} INFO - DAG(s) 'example_nested_branch_dag' retrieved from /home/felipe/.local/lib/python3.10/site-packages/airflow/example_dags/example_nested_branch_dag.py
[2023-12-24T17:05:23.316-0300] {logging_mixin.py:188} INFO - [2023-12-24T17:05:23.316-0300] {dag.py:3033} INFO - Sync 1 DAGs
[2023-12-24T17:05:23.374-0300] {logging_mixin.py:188} INFO - [2023-12-24T17:05:23.374-0300] {dag.py:3820} INFO - Setting next_dagrun for example_nested_branch_dag to 2023-12-23T00:00:00+00:00, run_after=2023-12-24T00:00:00+00:00
[2023-12-24T17:05:23.427-0300] {processor.py:183} INFO - Processing /home/felipe/.local/lib/python3.10/site-packages/airflow/example_dags/example_nested_branch_dag.py took 0.170 seconds
[2023-12-24T17:06:41.454-0300] {processor.py:161} INFO - Started process (PID=4236) to work on /home/felipe/.local/lib/python3.10/site-packages/airflow/example_dags/example_nested_branch_dag.py
[2023-12-24T17:06:41.457-0300] {processor.py:830} INFO - Processing file /home/felipe/.local/lib/python3.10/site-packages/airflow/example_dags/example_nested_branch_dag.py for tasks to queue
[2023-12-24T17:06:41.458-0300] {logging_mixin.py:188} INFO - [2023-12-24T17:06:41.458-0300] {dagbag.py:538} INFO - Filling up the DagBag from /home/felipe/.local/lib/python3.10/site-packages/airflow/example_dags/example_nested_branch_dag.py
[2023-12-24T17:06:41.477-0300] {processor.py:840} INFO - DAG(s) 'example_nested_branch_dag' retrieved from /home/felipe/.local/lib/python3.10/site-packages/airflow/example_dags/example_nested_branch_dag.py
[2023-12-24T17:06:41.507-0300] {logging_mixin.py:188} INFO - [2023-12-24T17:06:41.507-0300] {dag.py:3033} INFO - Sync 1 DAGs
[2023-12-24T17:06:41.553-0300] {logging_mixin.py:188} INFO - [2023-12-24T17:06:41.552-0300] {dag.py:3820} INFO - Setting next_dagrun for example_nested_branch_dag to 2023-12-23T00:00:00+00:00, run_after=2023-12-24T00:00:00+00:00
[2023-12-24T17:06:41.602-0300] {processor.py:183} INFO - Processing /home/felipe/.local/lib/python3.10/site-packages/airflow/example_dags/example_nested_branch_dag.py took 0.153 seconds
[2023-12-24T17:07:58.873-0300] {processor.py:161} INFO - Started process (PID=4318) to work on /home/felipe/.local/lib/python3.10/site-packages/airflow/example_dags/example_nested_branch_dag.py
[2023-12-24T17:07:58.875-0300] {processor.py:830} INFO - Processing file /home/felipe/.local/lib/python3.10/site-packages/airflow/example_dags/example_nested_branch_dag.py for tasks to queue
[2023-12-24T17:07:58.877-0300] {logging_mixin.py:188} INFO - [2023-12-24T17:07:58.876-0300] {dagbag.py:538} INFO - Filling up the DagBag from /home/felipe/.local/lib/python3.10/site-packages/airflow/example_dags/example_nested_branch_dag.py
[2023-12-24T17:07:58.894-0300] {processor.py:840} INFO - DAG(s) 'example_nested_branch_dag' retrieved from /home/felipe/.local/lib/python3.10/site-packages/airflow/example_dags/example_nested_branch_dag.py
[2023-12-24T17:07:58.924-0300] {logging_mixin.py:188} INFO - [2023-12-24T17:07:58.923-0300] {dag.py:3033} INFO - Sync 1 DAGs
[2023-12-24T17:07:58.969-0300] {logging_mixin.py:188} INFO - [2023-12-24T17:07:58.968-0300] {dag.py:3820} INFO - Setting next_dagrun for example_nested_branch_dag to 2023-12-23T00:00:00+00:00, run_after=2023-12-24T00:00:00+00:00
[2023-12-24T17:07:59.019-0300] {processor.py:183} INFO - Processing /home/felipe/.local/lib/python3.10/site-packages/airflow/example_dags/example_nested_branch_dag.py took 0.150 seconds
[2023-12-24T17:09:15.249-0300] {processor.py:161} INFO - Started process (PID=4390) to work on /home/felipe/.local/lib/python3.10/site-packages/airflow/example_dags/example_nested_branch_dag.py
[2023-12-24T17:09:15.252-0300] {processor.py:830} INFO - Processing file /home/felipe/.local/lib/python3.10/site-packages/airflow/example_dags/example_nested_branch_dag.py for tasks to queue
[2023-12-24T17:09:15.254-0300] {logging_mixin.py:188} INFO - [2023-12-24T17:09:15.254-0300] {dagbag.py:538} INFO - Filling up the DagBag from /home/felipe/.local/lib/python3.10/site-packages/airflow/example_dags/example_nested_branch_dag.py
[2023-12-24T17:09:15.272-0300] {processor.py:840} INFO - DAG(s) 'example_nested_branch_dag' retrieved from /home/felipe/.local/lib/python3.10/site-packages/airflow/example_dags/example_nested_branch_dag.py
[2023-12-24T17:09:15.301-0300] {logging_mixin.py:188} INFO - [2023-12-24T17:09:15.300-0300] {dag.py:3033} INFO - Sync 1 DAGs
[2023-12-24T17:09:15.347-0300] {logging_mixin.py:188} INFO - [2023-12-24T17:09:15.346-0300] {dag.py:3820} INFO - Setting next_dagrun for example_nested_branch_dag to 2023-12-23T00:00:00+00:00, run_after=2023-12-24T00:00:00+00:00
[2023-12-24T17:09:15.397-0300] {processor.py:183} INFO - Processing /home/felipe/.local/lib/python3.10/site-packages/airflow/example_dags/example_nested_branch_dag.py took 0.153 seconds
[2023-12-24T17:10:33.219-0300] {processor.py:161} INFO - Started process (PID=4461) to work on /home/felipe/.local/lib/python3.10/site-packages/airflow/example_dags/example_nested_branch_dag.py
[2023-12-24T17:10:33.221-0300] {processor.py:830} INFO - Processing file /home/felipe/.local/lib/python3.10/site-packages/airflow/example_dags/example_nested_branch_dag.py for tasks to queue
[2023-12-24T17:10:33.223-0300] {logging_mixin.py:188} INFO - [2023-12-24T17:10:33.223-0300] {dagbag.py:538} INFO - Filling up the DagBag from /home/felipe/.local/lib/python3.10/site-packages/airflow/example_dags/example_nested_branch_dag.py
[2023-12-24T17:10:33.240-0300] {processor.py:840} INFO - DAG(s) 'example_nested_branch_dag' retrieved from /home/felipe/.local/lib/python3.10/site-packages/airflow/example_dags/example_nested_branch_dag.py
[2023-12-24T17:10:33.270-0300] {logging_mixin.py:188} INFO - [2023-12-24T17:10:33.270-0300] {dag.py:3033} INFO - Sync 1 DAGs
[2023-12-24T17:10:33.314-0300] {logging_mixin.py:188} INFO - [2023-12-24T17:10:33.314-0300] {dag.py:3820} INFO - Setting next_dagrun for example_nested_branch_dag to 2023-12-23T00:00:00+00:00, run_after=2023-12-24T00:00:00+00:00
[2023-12-24T17:10:33.365-0300] {processor.py:183} INFO - Processing /home/felipe/.local/lib/python3.10/site-packages/airflow/example_dags/example_nested_branch_dag.py took 0.151 seconds
[2023-12-24T17:11:44.791-0300] {processor.py:161} INFO - Started process (PID=4558) to work on /home/felipe/.local/lib/python3.10/site-packages/airflow/example_dags/example_nested_branch_dag.py
[2023-12-24T17:11:44.793-0300] {processor.py:830} INFO - Processing file /home/felipe/.local/lib/python3.10/site-packages/airflow/example_dags/example_nested_branch_dag.py for tasks to queue
[2023-12-24T17:11:44.795-0300] {logging_mixin.py:188} INFO - [2023-12-24T17:11:44.794-0300] {dagbag.py:538} INFO - Filling up the DagBag from /home/felipe/.local/lib/python3.10/site-packages/airflow/example_dags/example_nested_branch_dag.py
[2023-12-24T17:11:44.813-0300] {processor.py:840} INFO - DAG(s) 'example_nested_branch_dag' retrieved from /home/felipe/.local/lib/python3.10/site-packages/airflow/example_dags/example_nested_branch_dag.py
[2023-12-24T17:11:44.842-0300] {logging_mixin.py:188} INFO - [2023-12-24T17:11:44.842-0300] {dag.py:3033} INFO - Sync 1 DAGs
[2023-12-24T17:11:44.893-0300] {logging_mixin.py:188} INFO - [2023-12-24T17:11:44.892-0300] {dag.py:3820} INFO - Setting next_dagrun for example_nested_branch_dag to 2023-12-23T00:00:00+00:00, run_after=2023-12-24T00:00:00+00:00
[2023-12-24T17:11:44.940-0300] {processor.py:183} INFO - Processing /home/felipe/.local/lib/python3.10/site-packages/airflow/example_dags/example_nested_branch_dag.py took 0.162 seconds
[2023-12-24T17:12:55.659-0300] {processor.py:161} INFO - Started process (PID=4629) to work on /home/felipe/.local/lib/python3.10/site-packages/airflow/example_dags/example_nested_branch_dag.py
[2023-12-24T17:12:55.662-0300] {processor.py:830} INFO - Processing file /home/felipe/.local/lib/python3.10/site-packages/airflow/example_dags/example_nested_branch_dag.py for tasks to queue
[2023-12-24T17:12:55.663-0300] {logging_mixin.py:188} INFO - [2023-12-24T17:12:55.663-0300] {dagbag.py:538} INFO - Filling up the DagBag from /home/felipe/.local/lib/python3.10/site-packages/airflow/example_dags/example_nested_branch_dag.py
[2023-12-24T17:12:55.686-0300] {processor.py:840} INFO - DAG(s) 'example_nested_branch_dag' retrieved from /home/felipe/.local/lib/python3.10/site-packages/airflow/example_dags/example_nested_branch_dag.py
[2023-12-24T17:12:55.724-0300] {logging_mixin.py:188} INFO - [2023-12-24T17:12:55.723-0300] {dag.py:3033} INFO - Sync 1 DAGs
[2023-12-24T17:12:55.790-0300] {logging_mixin.py:188} INFO - [2023-12-24T17:12:55.789-0300] {dag.py:3820} INFO - Setting next_dagrun for example_nested_branch_dag to 2023-12-23T00:00:00+00:00, run_after=2023-12-24T00:00:00+00:00
[2023-12-24T17:12:55.843-0300] {processor.py:183} INFO - Processing /home/felipe/.local/lib/python3.10/site-packages/airflow/example_dags/example_nested_branch_dag.py took 0.188 seconds
[2023-12-24T17:14:14.243-0300] {processor.py:161} INFO - Started process (PID=4699) to work on /home/felipe/.local/lib/python3.10/site-packages/airflow/example_dags/example_nested_branch_dag.py
[2023-12-24T17:14:14.245-0300] {processor.py:830} INFO - Processing file /home/felipe/.local/lib/python3.10/site-packages/airflow/example_dags/example_nested_branch_dag.py for tasks to queue
[2023-12-24T17:14:14.246-0300] {logging_mixin.py:188} INFO - [2023-12-24T17:14:14.246-0300] {dagbag.py:538} INFO - Filling up the DagBag from /home/felipe/.local/lib/python3.10/site-packages/airflow/example_dags/example_nested_branch_dag.py
[2023-12-24T17:14:14.265-0300] {processor.py:840} INFO - DAG(s) 'example_nested_branch_dag' retrieved from /home/felipe/.local/lib/python3.10/site-packages/airflow/example_dags/example_nested_branch_dag.py
[2023-12-24T17:14:14.298-0300] {logging_mixin.py:188} INFO - [2023-12-24T17:14:14.298-0300] {dag.py:3033} INFO - Sync 1 DAGs
[2023-12-24T17:14:14.342-0300] {logging_mixin.py:188} INFO - [2023-12-24T17:14:14.342-0300] {dag.py:3820} INFO - Setting next_dagrun for example_nested_branch_dag to 2023-12-23T00:00:00+00:00, run_after=2023-12-24T00:00:00+00:00
[2023-12-24T17:14:14.388-0300] {processor.py:183} INFO - Processing /home/felipe/.local/lib/python3.10/site-packages/airflow/example_dags/example_nested_branch_dag.py took 0.149 seconds
[2023-12-24T17:15:46.281-0300] {processor.py:161} INFO - Started process (PID=4772) to work on /home/felipe/.local/lib/python3.10/site-packages/airflow/example_dags/example_nested_branch_dag.py
[2023-12-24T17:15:46.284-0300] {processor.py:830} INFO - Processing file /home/felipe/.local/lib/python3.10/site-packages/airflow/example_dags/example_nested_branch_dag.py for tasks to queue
[2023-12-24T17:15:46.285-0300] {logging_mixin.py:188} INFO - [2023-12-24T17:15:46.285-0300] {dagbag.py:538} INFO - Filling up the DagBag from /home/felipe/.local/lib/python3.10/site-packages/airflow/example_dags/example_nested_branch_dag.py
[2023-12-24T17:15:46.304-0300] {processor.py:840} INFO - DAG(s) 'example_nested_branch_dag' retrieved from /home/felipe/.local/lib/python3.10/site-packages/airflow/example_dags/example_nested_branch_dag.py
[2023-12-24T17:15:46.336-0300] {logging_mixin.py:188} INFO - [2023-12-24T17:15:46.336-0300] {dag.py:3033} INFO - Sync 1 DAGs
[2023-12-24T17:15:46.398-0300] {logging_mixin.py:188} INFO - [2023-12-24T17:15:46.397-0300] {dag.py:3820} INFO - Setting next_dagrun for example_nested_branch_dag to 2023-12-23T00:00:00+00:00, run_after=2023-12-24T00:00:00+00:00
[2023-12-24T17:15:46.450-0300] {processor.py:183} INFO - Processing /home/felipe/.local/lib/python3.10/site-packages/airflow/example_dags/example_nested_branch_dag.py took 0.175 seconds
[2023-12-24T17:16:43.738-0300] {processor.py:161} INFO - Started process (PID=4850) to work on /home/felipe/.local/lib/python3.10/site-packages/airflow/example_dags/example_nested_branch_dag.py
[2023-12-24T17:16:43.745-0300] {processor.py:830} INFO - Processing file /home/felipe/.local/lib/python3.10/site-packages/airflow/example_dags/example_nested_branch_dag.py for tasks to queue
[2023-12-24T17:16:43.747-0300] {logging_mixin.py:188} INFO - [2023-12-24T17:16:43.746-0300] {dagbag.py:538} INFO - Filling up the DagBag from /home/felipe/.local/lib/python3.10/site-packages/airflow/example_dags/example_nested_branch_dag.py
[2023-12-24T17:16:43.766-0300] {processor.py:840} INFO - DAG(s) 'example_nested_branch_dag' retrieved from /home/felipe/.local/lib/python3.10/site-packages/airflow/example_dags/example_nested_branch_dag.py
[2023-12-24T17:16:43.798-0300] {logging_mixin.py:188} INFO - [2023-12-24T17:16:43.797-0300] {dag.py:3033} INFO - Sync 1 DAGs
[2023-12-24T17:16:43.846-0300] {logging_mixin.py:188} INFO - [2023-12-24T17:16:43.846-0300] {dag.py:3820} INFO - Setting next_dagrun for example_nested_branch_dag to 2023-12-23T00:00:00+00:00, run_after=2023-12-24T00:00:00+00:00
[2023-12-24T17:16:43.897-0300] {processor.py:183} INFO - Processing /home/felipe/.local/lib/python3.10/site-packages/airflow/example_dags/example_nested_branch_dag.py took 0.164 seconds
[2023-12-24T17:18:04.061-0300] {processor.py:161} INFO - Started process (PID=4925) to work on /home/felipe/.local/lib/python3.10/site-packages/airflow/example_dags/example_nested_branch_dag.py
[2023-12-24T17:18:04.073-0300] {processor.py:830} INFO - Processing file /home/felipe/.local/lib/python3.10/site-packages/airflow/example_dags/example_nested_branch_dag.py for tasks to queue
[2023-12-24T17:18:04.075-0300] {logging_mixin.py:188} INFO - [2023-12-24T17:18:04.074-0300] {dagbag.py:538} INFO - Filling up the DagBag from /home/felipe/.local/lib/python3.10/site-packages/airflow/example_dags/example_nested_branch_dag.py
[2023-12-24T17:18:04.091-0300] {processor.py:840} INFO - DAG(s) 'example_nested_branch_dag' retrieved from /home/felipe/.local/lib/python3.10/site-packages/airflow/example_dags/example_nested_branch_dag.py
[2023-12-24T17:18:04.122-0300] {logging_mixin.py:188} INFO - [2023-12-24T17:18:04.121-0300] {dag.py:3033} INFO - Sync 1 DAGs
[2023-12-24T17:18:04.180-0300] {logging_mixin.py:188} INFO - [2023-12-24T17:18:04.180-0300] {dag.py:3820} INFO - Setting next_dagrun for example_nested_branch_dag to 2023-12-23T00:00:00+00:00, run_after=2023-12-24T00:00:00+00:00
[2023-12-24T17:18:04.284-0300] {processor.py:183} INFO - Processing /home/felipe/.local/lib/python3.10/site-packages/airflow/example_dags/example_nested_branch_dag.py took 0.227 seconds
[2023-12-24T17:19:21.158-0300] {processor.py:161} INFO - Started process (PID=5001) to work on /home/felipe/.local/lib/python3.10/site-packages/airflow/example_dags/example_nested_branch_dag.py
[2023-12-24T17:19:21.161-0300] {processor.py:830} INFO - Processing file /home/felipe/.local/lib/python3.10/site-packages/airflow/example_dags/example_nested_branch_dag.py for tasks to queue
[2023-12-24T17:19:21.163-0300] {logging_mixin.py:188} INFO - [2023-12-24T17:19:21.162-0300] {dagbag.py:538} INFO - Filling up the DagBag from /home/felipe/.local/lib/python3.10/site-packages/airflow/example_dags/example_nested_branch_dag.py
[2023-12-24T17:19:21.183-0300] {processor.py:840} INFO - DAG(s) 'example_nested_branch_dag' retrieved from /home/felipe/.local/lib/python3.10/site-packages/airflow/example_dags/example_nested_branch_dag.py
[2023-12-24T17:19:21.223-0300] {logging_mixin.py:188} INFO - [2023-12-24T17:19:21.223-0300] {dag.py:3033} INFO - Sync 1 DAGs
[2023-12-24T17:19:21.286-0300] {logging_mixin.py:188} INFO - [2023-12-24T17:19:21.286-0300] {dag.py:3820} INFO - Setting next_dagrun for example_nested_branch_dag to 2023-12-23T00:00:00+00:00, run_after=2023-12-24T00:00:00+00:00
[2023-12-24T17:19:21.348-0300] {processor.py:183} INFO - Processing /home/felipe/.local/lib/python3.10/site-packages/airflow/example_dags/example_nested_branch_dag.py took 0.195 seconds
[2023-12-24T17:20:44.067-0300] {processor.py:161} INFO - Started process (PID=5079) to work on /home/felipe/.local/lib/python3.10/site-packages/airflow/example_dags/example_nested_branch_dag.py
[2023-12-24T17:20:44.069-0300] {processor.py:830} INFO - Processing file /home/felipe/.local/lib/python3.10/site-packages/airflow/example_dags/example_nested_branch_dag.py for tasks to queue
[2023-12-24T17:20:44.071-0300] {logging_mixin.py:188} INFO - [2023-12-24T17:20:44.070-0300] {dagbag.py:538} INFO - Filling up the DagBag from /home/felipe/.local/lib/python3.10/site-packages/airflow/example_dags/example_nested_branch_dag.py
[2023-12-24T17:20:44.091-0300] {processor.py:840} INFO - DAG(s) 'example_nested_branch_dag' retrieved from /home/felipe/.local/lib/python3.10/site-packages/airflow/example_dags/example_nested_branch_dag.py
[2023-12-24T17:20:44.123-0300] {logging_mixin.py:188} INFO - [2023-12-24T17:20:44.123-0300] {dag.py:3033} INFO - Sync 1 DAGs
[2023-12-24T17:20:44.177-0300] {logging_mixin.py:188} INFO - [2023-12-24T17:20:44.177-0300] {dag.py:3820} INFO - Setting next_dagrun for example_nested_branch_dag to 2023-12-23T00:00:00+00:00, run_after=2023-12-24T00:00:00+00:00
[2023-12-24T17:20:44.233-0300] {processor.py:183} INFO - Processing /home/felipe/.local/lib/python3.10/site-packages/airflow/example_dags/example_nested_branch_dag.py took 0.171 seconds
[2023-12-24T17:22:02.619-0300] {processor.py:161} INFO - Started process (PID=5183) to work on /home/felipe/.local/lib/python3.10/site-packages/airflow/example_dags/example_nested_branch_dag.py
[2023-12-24T17:22:02.622-0300] {processor.py:830} INFO - Processing file /home/felipe/.local/lib/python3.10/site-packages/airflow/example_dags/example_nested_branch_dag.py for tasks to queue
[2023-12-24T17:22:02.626-0300] {logging_mixin.py:188} INFO - [2023-12-24T17:22:02.625-0300] {dagbag.py:538} INFO - Filling up the DagBag from /home/felipe/.local/lib/python3.10/site-packages/airflow/example_dags/example_nested_branch_dag.py
[2023-12-24T17:22:02.649-0300] {processor.py:840} INFO - DAG(s) 'example_nested_branch_dag' retrieved from /home/felipe/.local/lib/python3.10/site-packages/airflow/example_dags/example_nested_branch_dag.py
[2023-12-24T17:22:02.683-0300] {logging_mixin.py:188} INFO - [2023-12-24T17:22:02.682-0300] {dag.py:3033} INFO - Sync 1 DAGs
[2023-12-24T17:22:02.755-0300] {logging_mixin.py:188} INFO - [2023-12-24T17:22:02.754-0300] {dag.py:3820} INFO - Setting next_dagrun for example_nested_branch_dag to 2023-12-23T00:00:00+00:00, run_after=2023-12-24T00:00:00+00:00
[2023-12-24T17:22:02.832-0300] {processor.py:183} INFO - Processing /home/felipe/.local/lib/python3.10/site-packages/airflow/example_dags/example_nested_branch_dag.py took 0.220 seconds
[2023-12-24T17:22:59.127-0300] {processor.py:161} INFO - Started process (PID=5245) to work on /home/felipe/.local/lib/python3.10/site-packages/airflow/example_dags/example_nested_branch_dag.py
[2023-12-24T17:22:59.130-0300] {processor.py:830} INFO - Processing file /home/felipe/.local/lib/python3.10/site-packages/airflow/example_dags/example_nested_branch_dag.py for tasks to queue
[2023-12-24T17:22:59.133-0300] {logging_mixin.py:188} INFO - [2023-12-24T17:22:59.132-0300] {dagbag.py:538} INFO - Filling up the DagBag from /home/felipe/.local/lib/python3.10/site-packages/airflow/example_dags/example_nested_branch_dag.py
[2023-12-24T17:22:59.160-0300] {processor.py:840} INFO - DAG(s) 'example_nested_branch_dag' retrieved from /home/felipe/.local/lib/python3.10/site-packages/airflow/example_dags/example_nested_branch_dag.py
[2023-12-24T17:22:59.204-0300] {logging_mixin.py:188} INFO - [2023-12-24T17:22:59.204-0300] {dag.py:3033} INFO - Sync 1 DAGs
[2023-12-24T17:22:59.248-0300] {logging_mixin.py:188} INFO - [2023-12-24T17:22:59.248-0300] {dag.py:3820} INFO - Setting next_dagrun for example_nested_branch_dag to 2023-12-23T00:00:00+00:00, run_after=2023-12-24T00:00:00+00:00
[2023-12-24T17:22:59.299-0300] {processor.py:183} INFO - Processing /home/felipe/.local/lib/python3.10/site-packages/airflow/example_dags/example_nested_branch_dag.py took 0.179 seconds
[2023-12-24T17:24:24.349-0300] {processor.py:161} INFO - Started process (PID=5331) to work on /home/felipe/.local/lib/python3.10/site-packages/airflow/example_dags/example_nested_branch_dag.py
[2023-12-24T17:24:24.352-0300] {processor.py:830} INFO - Processing file /home/felipe/.local/lib/python3.10/site-packages/airflow/example_dags/example_nested_branch_dag.py for tasks to queue
[2023-12-24T17:24:24.354-0300] {logging_mixin.py:188} INFO - [2023-12-24T17:24:24.353-0300] {dagbag.py:538} INFO - Filling up the DagBag from /home/felipe/.local/lib/python3.10/site-packages/airflow/example_dags/example_nested_branch_dag.py
[2023-12-24T17:24:24.373-0300] {processor.py:840} INFO - DAG(s) 'example_nested_branch_dag' retrieved from /home/felipe/.local/lib/python3.10/site-packages/airflow/example_dags/example_nested_branch_dag.py
[2023-12-24T17:24:24.410-0300] {logging_mixin.py:188} INFO - [2023-12-24T17:24:24.410-0300] {dag.py:3033} INFO - Sync 1 DAGs
[2023-12-24T17:24:24.459-0300] {logging_mixin.py:188} INFO - [2023-12-24T17:24:24.458-0300] {dag.py:3820} INFO - Setting next_dagrun for example_nested_branch_dag to 2023-12-23T00:00:00+00:00, run_after=2023-12-24T00:00:00+00:00
[2023-12-24T17:24:24.506-0300] {processor.py:183} INFO - Processing /home/felipe/.local/lib/python3.10/site-packages/airflow/example_dags/example_nested_branch_dag.py took 0.162 seconds
[2023-12-24T17:25:24.423-0300] {processor.py:161} INFO - Started process (PID=5390) to work on /home/felipe/.local/lib/python3.10/site-packages/airflow/example_dags/example_nested_branch_dag.py
[2023-12-24T17:25:24.430-0300] {processor.py:830} INFO - Processing file /home/felipe/.local/lib/python3.10/site-packages/airflow/example_dags/example_nested_branch_dag.py for tasks to queue
[2023-12-24T17:25:24.432-0300] {logging_mixin.py:188} INFO - [2023-12-24T17:25:24.432-0300] {dagbag.py:538} INFO - Filling up the DagBag from /home/felipe/.local/lib/python3.10/site-packages/airflow/example_dags/example_nested_branch_dag.py
[2023-12-24T17:25:24.471-0300] {processor.py:840} INFO - DAG(s) 'example_nested_branch_dag' retrieved from /home/felipe/.local/lib/python3.10/site-packages/airflow/example_dags/example_nested_branch_dag.py
[2023-12-24T17:25:24.584-0300] {logging_mixin.py:188} INFO - [2023-12-24T17:25:24.584-0300] {dag.py:3033} INFO - Sync 1 DAGs
[2023-12-24T17:25:24.668-0300] {logging_mixin.py:188} INFO - [2023-12-24T17:25:24.667-0300] {dag.py:3820} INFO - Setting next_dagrun for example_nested_branch_dag to 2023-12-23T00:00:00+00:00, run_after=2023-12-24T00:00:00+00:00
[2023-12-24T17:25:24.731-0300] {processor.py:183} INFO - Processing /home/felipe/.local/lib/python3.10/site-packages/airflow/example_dags/example_nested_branch_dag.py took 0.314 seconds
[2023-12-24T17:26:42.133-0300] {processor.py:161} INFO - Started process (PID=5458) to work on /home/felipe/.local/lib/python3.10/site-packages/airflow/example_dags/example_nested_branch_dag.py
[2023-12-24T17:26:42.136-0300] {processor.py:830} INFO - Processing file /home/felipe/.local/lib/python3.10/site-packages/airflow/example_dags/example_nested_branch_dag.py for tasks to queue
[2023-12-24T17:26:42.138-0300] {logging_mixin.py:188} INFO - [2023-12-24T17:26:42.137-0300] {dagbag.py:538} INFO - Filling up the DagBag from /home/felipe/.local/lib/python3.10/site-packages/airflow/example_dags/example_nested_branch_dag.py
[2023-12-24T17:26:42.163-0300] {processor.py:840} INFO - DAG(s) 'example_nested_branch_dag' retrieved from /home/felipe/.local/lib/python3.10/site-packages/airflow/example_dags/example_nested_branch_dag.py
[2023-12-24T17:26:42.202-0300] {logging_mixin.py:188} INFO - [2023-12-24T17:26:42.202-0300] {dag.py:3033} INFO - Sync 1 DAGs
[2023-12-24T17:26:42.249-0300] {logging_mixin.py:188} INFO - [2023-12-24T17:26:42.248-0300] {dag.py:3820} INFO - Setting next_dagrun for example_nested_branch_dag to 2023-12-23T00:00:00+00:00, run_after=2023-12-24T00:00:00+00:00
[2023-12-24T17:26:42.295-0300] {processor.py:183} INFO - Processing /home/felipe/.local/lib/python3.10/site-packages/airflow/example_dags/example_nested_branch_dag.py took 0.166 seconds
[2023-12-24T17:27:37.998-0300] {processor.py:161} INFO - Started process (PID=5536) to work on /home/felipe/.local/lib/python3.10/site-packages/airflow/example_dags/example_nested_branch_dag.py
[2023-12-24T17:27:38.000-0300] {processor.py:830} INFO - Processing file /home/felipe/.local/lib/python3.10/site-packages/airflow/example_dags/example_nested_branch_dag.py for tasks to queue
[2023-12-24T17:27:38.002-0300] {logging_mixin.py:188} INFO - [2023-12-24T17:27:38.001-0300] {dagbag.py:538} INFO - Filling up the DagBag from /home/felipe/.local/lib/python3.10/site-packages/airflow/example_dags/example_nested_branch_dag.py
[2023-12-24T17:27:38.022-0300] {processor.py:840} INFO - DAG(s) 'example_nested_branch_dag' retrieved from /home/felipe/.local/lib/python3.10/site-packages/airflow/example_dags/example_nested_branch_dag.py
[2023-12-24T17:27:38.059-0300] {logging_mixin.py:188} INFO - [2023-12-24T17:27:38.058-0300] {dag.py:3033} INFO - Sync 1 DAGs
[2023-12-24T17:27:38.110-0300] {logging_mixin.py:188} INFO - [2023-12-24T17:27:38.110-0300] {dag.py:3820} INFO - Setting next_dagrun for example_nested_branch_dag to 2023-12-23T00:00:00+00:00, run_after=2023-12-24T00:00:00+00:00
[2023-12-24T17:27:38.184-0300] {processor.py:183} INFO - Processing /home/felipe/.local/lib/python3.10/site-packages/airflow/example_dags/example_nested_branch_dag.py took 0.190 seconds
[2023-12-24T17:29:02.128-0300] {processor.py:161} INFO - Started process (PID=5610) to work on /home/felipe/.local/lib/python3.10/site-packages/airflow/example_dags/example_nested_branch_dag.py
[2023-12-24T17:29:02.131-0300] {processor.py:830} INFO - Processing file /home/felipe/.local/lib/python3.10/site-packages/airflow/example_dags/example_nested_branch_dag.py for tasks to queue
[2023-12-24T17:29:02.133-0300] {logging_mixin.py:188} INFO - [2023-12-24T17:29:02.132-0300] {dagbag.py:538} INFO - Filling up the DagBag from /home/felipe/.local/lib/python3.10/site-packages/airflow/example_dags/example_nested_branch_dag.py
[2023-12-24T17:29:02.152-0300] {processor.py:840} INFO - DAG(s) 'example_nested_branch_dag' retrieved from /home/felipe/.local/lib/python3.10/site-packages/airflow/example_dags/example_nested_branch_dag.py
[2023-12-24T17:29:02.193-0300] {logging_mixin.py:188} INFO - [2023-12-24T17:29:02.193-0300] {dag.py:3033} INFO - Sync 1 DAGs
[2023-12-24T17:29:02.248-0300] {logging_mixin.py:188} INFO - [2023-12-24T17:29:02.248-0300] {dag.py:3820} INFO - Setting next_dagrun for example_nested_branch_dag to 2023-12-23T00:00:00+00:00, run_after=2023-12-24T00:00:00+00:00
[2023-12-24T17:29:02.304-0300] {processor.py:183} INFO - Processing /home/felipe/.local/lib/python3.10/site-packages/airflow/example_dags/example_nested_branch_dag.py took 0.180 seconds
[2023-12-24T17:30:21.759-0300] {processor.py:161} INFO - Started process (PID=5680) to work on /home/felipe/.local/lib/python3.10/site-packages/airflow/example_dags/example_nested_branch_dag.py
[2023-12-24T17:30:21.762-0300] {processor.py:830} INFO - Processing file /home/felipe/.local/lib/python3.10/site-packages/airflow/example_dags/example_nested_branch_dag.py for tasks to queue
[2023-12-24T17:30:21.764-0300] {logging_mixin.py:188} INFO - [2023-12-24T17:30:21.763-0300] {dagbag.py:538} INFO - Filling up the DagBag from /home/felipe/.local/lib/python3.10/site-packages/airflow/example_dags/example_nested_branch_dag.py
[2023-12-24T17:30:21.781-0300] {processor.py:840} INFO - DAG(s) 'example_nested_branch_dag' retrieved from /home/felipe/.local/lib/python3.10/site-packages/airflow/example_dags/example_nested_branch_dag.py
[2023-12-24T17:30:21.811-0300] {logging_mixin.py:188} INFO - [2023-12-24T17:30:21.811-0300] {dag.py:3033} INFO - Sync 1 DAGs
[2023-12-24T17:30:21.853-0300] {logging_mixin.py:188} INFO - [2023-12-24T17:30:21.852-0300] {dag.py:3820} INFO - Setting next_dagrun for example_nested_branch_dag to 2023-12-23T00:00:00+00:00, run_after=2023-12-24T00:00:00+00:00
[2023-12-24T17:30:21.907-0300] {processor.py:183} INFO - Processing /home/felipe/.local/lib/python3.10/site-packages/airflow/example_dags/example_nested_branch_dag.py took 0.154 seconds
[2023-12-24T17:31:46.379-0300] {processor.py:161} INFO - Started process (PID=5787) to work on /home/felipe/.local/lib/python3.10/site-packages/airflow/example_dags/example_nested_branch_dag.py
[2023-12-24T17:31:46.381-0300] {processor.py:830} INFO - Processing file /home/felipe/.local/lib/python3.10/site-packages/airflow/example_dags/example_nested_branch_dag.py for tasks to queue
[2023-12-24T17:31:46.383-0300] {logging_mixin.py:188} INFO - [2023-12-24T17:31:46.383-0300] {dagbag.py:538} INFO - Filling up the DagBag from /home/felipe/.local/lib/python3.10/site-packages/airflow/example_dags/example_nested_branch_dag.py
[2023-12-24T17:31:46.401-0300] {processor.py:840} INFO - DAG(s) 'example_nested_branch_dag' retrieved from /home/felipe/.local/lib/python3.10/site-packages/airflow/example_dags/example_nested_branch_dag.py
[2023-12-24T17:31:46.434-0300] {logging_mixin.py:188} INFO - [2023-12-24T17:31:46.434-0300] {dag.py:3033} INFO - Sync 1 DAGs
[2023-12-24T17:31:46.492-0300] {logging_mixin.py:188} INFO - [2023-12-24T17:31:46.491-0300] {dag.py:3820} INFO - Setting next_dagrun for example_nested_branch_dag to 2023-12-23T00:00:00+00:00, run_after=2023-12-24T00:00:00+00:00
[2023-12-24T17:31:46.542-0300] {processor.py:183} INFO - Processing /home/felipe/.local/lib/python3.10/site-packages/airflow/example_dags/example_nested_branch_dag.py took 0.167 seconds
[2023-12-24T17:33:09.291-0300] {processor.py:161} INFO - Started process (PID=5860) to work on /home/felipe/.local/lib/python3.10/site-packages/airflow/example_dags/example_nested_branch_dag.py
[2023-12-24T17:33:09.293-0300] {processor.py:830} INFO - Processing file /home/felipe/.local/lib/python3.10/site-packages/airflow/example_dags/example_nested_branch_dag.py for tasks to queue
[2023-12-24T17:33:09.295-0300] {logging_mixin.py:188} INFO - [2023-12-24T17:33:09.294-0300] {dagbag.py:538} INFO - Filling up the DagBag from /home/felipe/.local/lib/python3.10/site-packages/airflow/example_dags/example_nested_branch_dag.py
[2023-12-24T17:33:09.311-0300] {processor.py:840} INFO - DAG(s) 'example_nested_branch_dag' retrieved from /home/felipe/.local/lib/python3.10/site-packages/airflow/example_dags/example_nested_branch_dag.py
[2023-12-24T17:33:09.341-0300] {logging_mixin.py:188} INFO - [2023-12-24T17:33:09.340-0300] {dag.py:3033} INFO - Sync 1 DAGs
[2023-12-24T17:33:09.382-0300] {logging_mixin.py:188} INFO - [2023-12-24T17:33:09.382-0300] {dag.py:3820} INFO - Setting next_dagrun for example_nested_branch_dag to 2023-12-23T00:00:00+00:00, run_after=2023-12-24T00:00:00+00:00
[2023-12-24T17:33:09.429-0300] {processor.py:183} INFO - Processing /home/felipe/.local/lib/python3.10/site-packages/airflow/example_dags/example_nested_branch_dag.py took 0.142 seconds
[2023-12-24T17:34:28.271-0300] {processor.py:161} INFO - Started process (PID=5931) to work on /home/felipe/.local/lib/python3.10/site-packages/airflow/example_dags/example_nested_branch_dag.py
[2023-12-24T17:34:28.273-0300] {processor.py:830} INFO - Processing file /home/felipe/.local/lib/python3.10/site-packages/airflow/example_dags/example_nested_branch_dag.py for tasks to queue
[2023-12-24T17:34:28.275-0300] {logging_mixin.py:188} INFO - [2023-12-24T17:34:28.274-0300] {dagbag.py:538} INFO - Filling up the DagBag from /home/felipe/.local/lib/python3.10/site-packages/airflow/example_dags/example_nested_branch_dag.py
[2023-12-24T17:34:28.295-0300] {processor.py:840} INFO - DAG(s) 'example_nested_branch_dag' retrieved from /home/felipe/.local/lib/python3.10/site-packages/airflow/example_dags/example_nested_branch_dag.py
[2023-12-24T17:34:28.328-0300] {logging_mixin.py:188} INFO - [2023-12-24T17:34:28.327-0300] {dag.py:3033} INFO - Sync 1 DAGs
[2023-12-24T17:34:28.374-0300] {logging_mixin.py:188} INFO - [2023-12-24T17:34:28.374-0300] {dag.py:3820} INFO - Setting next_dagrun for example_nested_branch_dag to 2023-12-23T00:00:00+00:00, run_after=2023-12-24T00:00:00+00:00
[2023-12-24T17:34:28.446-0300] {processor.py:183} INFO - Processing /home/felipe/.local/lib/python3.10/site-packages/airflow/example_dags/example_nested_branch_dag.py took 0.180 seconds
[2023-12-24T17:35:51.531-0300] {processor.py:161} INFO - Started process (PID=6005) to work on /home/felipe/.local/lib/python3.10/site-packages/airflow/example_dags/example_nested_branch_dag.py
[2023-12-24T17:35:51.533-0300] {processor.py:830} INFO - Processing file /home/felipe/.local/lib/python3.10/site-packages/airflow/example_dags/example_nested_branch_dag.py for tasks to queue
[2023-12-24T17:35:51.535-0300] {logging_mixin.py:188} INFO - [2023-12-24T17:35:51.534-0300] {dagbag.py:538} INFO - Filling up the DagBag from /home/felipe/.local/lib/python3.10/site-packages/airflow/example_dags/example_nested_branch_dag.py
[2023-12-24T17:35:51.552-0300] {processor.py:840} INFO - DAG(s) 'example_nested_branch_dag' retrieved from /home/felipe/.local/lib/python3.10/site-packages/airflow/example_dags/example_nested_branch_dag.py
[2023-12-24T17:35:51.582-0300] {logging_mixin.py:188} INFO - [2023-12-24T17:35:51.582-0300] {dag.py:3033} INFO - Sync 1 DAGs
[2023-12-24T17:35:51.621-0300] {logging_mixin.py:188} INFO - [2023-12-24T17:35:51.620-0300] {dag.py:3820} INFO - Setting next_dagrun for example_nested_branch_dag to 2023-12-23T00:00:00+00:00, run_after=2023-12-24T00:00:00+00:00
[2023-12-24T17:35:51.667-0300] {processor.py:183} INFO - Processing /home/felipe/.local/lib/python3.10/site-packages/airflow/example_dags/example_nested_branch_dag.py took 0.141 seconds
[2023-12-24T17:36:50.506-0300] {processor.py:161} INFO - Started process (PID=6093) to work on /home/felipe/.local/lib/python3.10/site-packages/airflow/example_dags/example_nested_branch_dag.py
[2023-12-24T17:36:50.508-0300] {processor.py:830} INFO - Processing file /home/felipe/.local/lib/python3.10/site-packages/airflow/example_dags/example_nested_branch_dag.py for tasks to queue
[2023-12-24T17:36:50.510-0300] {logging_mixin.py:188} INFO - [2023-12-24T17:36:50.509-0300] {dagbag.py:538} INFO - Filling up the DagBag from /home/felipe/.local/lib/python3.10/site-packages/airflow/example_dags/example_nested_branch_dag.py
[2023-12-24T17:36:50.530-0300] {processor.py:840} INFO - DAG(s) 'example_nested_branch_dag' retrieved from /home/felipe/.local/lib/python3.10/site-packages/airflow/example_dags/example_nested_branch_dag.py
[2023-12-24T17:36:50.573-0300] {logging_mixin.py:188} INFO - [2023-12-24T17:36:50.572-0300] {dag.py:3033} INFO - Sync 1 DAGs
[2023-12-24T17:36:50.636-0300] {logging_mixin.py:188} INFO - [2023-12-24T17:36:50.635-0300] {dag.py:3820} INFO - Setting next_dagrun for example_nested_branch_dag to 2023-12-23T00:00:00+00:00, run_after=2023-12-24T00:00:00+00:00
[2023-12-24T17:36:50.692-0300] {processor.py:183} INFO - Processing /home/felipe/.local/lib/python3.10/site-packages/airflow/example_dags/example_nested_branch_dag.py took 0.192 seconds
[2023-12-24T17:38:17.546-0300] {processor.py:161} INFO - Started process (PID=6275) to work on /home/felipe/.local/lib/python3.10/site-packages/airflow/example_dags/example_nested_branch_dag.py
[2023-12-24T17:38:17.548-0300] {processor.py:830} INFO - Processing file /home/felipe/.local/lib/python3.10/site-packages/airflow/example_dags/example_nested_branch_dag.py for tasks to queue
[2023-12-24T17:38:17.549-0300] {logging_mixin.py:188} INFO - [2023-12-24T17:38:17.549-0300] {dagbag.py:538} INFO - Filling up the DagBag from /home/felipe/.local/lib/python3.10/site-packages/airflow/example_dags/example_nested_branch_dag.py
[2023-12-24T17:38:17.569-0300] {processor.py:840} INFO - DAG(s) 'example_nested_branch_dag' retrieved from /home/felipe/.local/lib/python3.10/site-packages/airflow/example_dags/example_nested_branch_dag.py
[2023-12-24T17:38:17.598-0300] {logging_mixin.py:188} INFO - [2023-12-24T17:38:17.597-0300] {dag.py:3033} INFO - Sync 1 DAGs
[2023-12-24T17:38:17.645-0300] {logging_mixin.py:188} INFO - [2023-12-24T17:38:17.645-0300] {dag.py:3820} INFO - Setting next_dagrun for example_nested_branch_dag to 2023-12-23T00:00:00+00:00, run_after=2023-12-24T00:00:00+00:00
[2023-12-24T17:38:17.714-0300] {processor.py:183} INFO - Processing /home/felipe/.local/lib/python3.10/site-packages/airflow/example_dags/example_nested_branch_dag.py took 0.172 seconds
[2023-12-24T17:39:48.945-0300] {processor.py:161} INFO - Started process (PID=6563) to work on /home/felipe/.local/lib/python3.10/site-packages/airflow/example_dags/example_nested_branch_dag.py
[2023-12-24T17:39:48.947-0300] {processor.py:830} INFO - Processing file /home/felipe/.local/lib/python3.10/site-packages/airflow/example_dags/example_nested_branch_dag.py for tasks to queue
[2023-12-24T17:39:48.949-0300] {logging_mixin.py:188} INFO - [2023-12-24T17:39:48.948-0300] {dagbag.py:538} INFO - Filling up the DagBag from /home/felipe/.local/lib/python3.10/site-packages/airflow/example_dags/example_nested_branch_dag.py
[2023-12-24T17:39:48.966-0300] {processor.py:840} INFO - DAG(s) 'example_nested_branch_dag' retrieved from /home/felipe/.local/lib/python3.10/site-packages/airflow/example_dags/example_nested_branch_dag.py
[2023-12-24T17:39:49.003-0300] {logging_mixin.py:188} INFO - [2023-12-24T17:39:49.002-0300] {dag.py:3033} INFO - Sync 1 DAGs
[2023-12-24T17:39:49.047-0300] {logging_mixin.py:188} INFO - [2023-12-24T17:39:49.046-0300] {dag.py:3820} INFO - Setting next_dagrun for example_nested_branch_dag to 2023-12-23T00:00:00+00:00, run_after=2023-12-24T00:00:00+00:00
[2023-12-24T17:39:49.099-0300] {processor.py:183} INFO - Processing /home/felipe/.local/lib/python3.10/site-packages/airflow/example_dags/example_nested_branch_dag.py took 0.158 seconds
[2023-12-24T17:40:49.342-0300] {processor.py:161} INFO - Started process (PID=6614) to work on /home/felipe/.local/lib/python3.10/site-packages/airflow/example_dags/example_nested_branch_dag.py
[2023-12-24T17:40:49.344-0300] {processor.py:830} INFO - Processing file /home/felipe/.local/lib/python3.10/site-packages/airflow/example_dags/example_nested_branch_dag.py for tasks to queue
[2023-12-24T17:40:49.346-0300] {logging_mixin.py:188} INFO - [2023-12-24T17:40:49.345-0300] {dagbag.py:538} INFO - Filling up the DagBag from /home/felipe/.local/lib/python3.10/site-packages/airflow/example_dags/example_nested_branch_dag.py
[2023-12-24T17:40:49.363-0300] {processor.py:840} INFO - DAG(s) 'example_nested_branch_dag' retrieved from /home/felipe/.local/lib/python3.10/site-packages/airflow/example_dags/example_nested_branch_dag.py
[2023-12-24T17:40:49.396-0300] {logging_mixin.py:188} INFO - [2023-12-24T17:40:49.395-0300] {dag.py:3033} INFO - Sync 1 DAGs
[2023-12-24T17:40:49.449-0300] {logging_mixin.py:188} INFO - [2023-12-24T17:40:49.448-0300] {dag.py:3820} INFO - Setting next_dagrun for example_nested_branch_dag to 2023-12-23T00:00:00+00:00, run_after=2023-12-24T00:00:00+00:00
[2023-12-24T17:40:49.498-0300] {processor.py:183} INFO - Processing /home/felipe/.local/lib/python3.10/site-packages/airflow/example_dags/example_nested_branch_dag.py took 0.161 seconds
[2023-12-24T17:42:05.979-0300] {processor.py:161} INFO - Started process (PID=6686) to work on /home/felipe/.local/lib/python3.10/site-packages/airflow/example_dags/example_nested_branch_dag.py
[2023-12-24T17:42:05.981-0300] {processor.py:830} INFO - Processing file /home/felipe/.local/lib/python3.10/site-packages/airflow/example_dags/example_nested_branch_dag.py for tasks to queue
[2023-12-24T17:42:05.983-0300] {logging_mixin.py:188} INFO - [2023-12-24T17:42:05.982-0300] {dagbag.py:538} INFO - Filling up the DagBag from /home/felipe/.local/lib/python3.10/site-packages/airflow/example_dags/example_nested_branch_dag.py
[2023-12-24T17:42:06.001-0300] {processor.py:840} INFO - DAG(s) 'example_nested_branch_dag' retrieved from /home/felipe/.local/lib/python3.10/site-packages/airflow/example_dags/example_nested_branch_dag.py
[2023-12-24T17:42:06.032-0300] {logging_mixin.py:188} INFO - [2023-12-24T17:42:06.031-0300] {dag.py:3033} INFO - Sync 1 DAGs
[2023-12-24T17:42:06.076-0300] {logging_mixin.py:188} INFO - [2023-12-24T17:42:06.076-0300] {dag.py:3820} INFO - Setting next_dagrun for example_nested_branch_dag to 2023-12-23T00:00:00+00:00, run_after=2023-12-24T00:00:00+00:00
[2023-12-24T17:42:06.129-0300] {processor.py:183} INFO - Processing /home/felipe/.local/lib/python3.10/site-packages/airflow/example_dags/example_nested_branch_dag.py took 0.154 seconds
[2023-12-24T17:43:23.980-0300] {processor.py:161} INFO - Started process (PID=6790) to work on /home/felipe/.local/lib/python3.10/site-packages/airflow/example_dags/example_nested_branch_dag.py
[2023-12-24T17:43:23.981-0300] {processor.py:830} INFO - Processing file /home/felipe/.local/lib/python3.10/site-packages/airflow/example_dags/example_nested_branch_dag.py for tasks to queue
[2023-12-24T17:43:23.983-0300] {logging_mixin.py:188} INFO - [2023-12-24T17:43:23.983-0300] {dagbag.py:538} INFO - Filling up the DagBag from /home/felipe/.local/lib/python3.10/site-packages/airflow/example_dags/example_nested_branch_dag.py
[2023-12-24T17:43:24.001-0300] {processor.py:840} INFO - DAG(s) 'example_nested_branch_dag' retrieved from /home/felipe/.local/lib/python3.10/site-packages/airflow/example_dags/example_nested_branch_dag.py
[2023-12-24T17:43:24.031-0300] {logging_mixin.py:188} INFO - [2023-12-24T17:43:24.031-0300] {dag.py:3033} INFO - Sync 1 DAGs
[2023-12-24T17:43:24.080-0300] {logging_mixin.py:188} INFO - [2023-12-24T17:43:24.080-0300] {dag.py:3820} INFO - Setting next_dagrun for example_nested_branch_dag to 2023-12-23T00:00:00+00:00, run_after=2023-12-24T00:00:00+00:00
[2023-12-24T17:43:24.133-0300] {processor.py:183} INFO - Processing /home/felipe/.local/lib/python3.10/site-packages/airflow/example_dags/example_nested_branch_dag.py took 0.158 seconds
[2023-12-24T17:44:25.190-0300] {processor.py:161} INFO - Started process (PID=6843) to work on /home/felipe/.local/lib/python3.10/site-packages/airflow/example_dags/example_nested_branch_dag.py
[2023-12-24T17:44:25.192-0300] {processor.py:830} INFO - Processing file /home/felipe/.local/lib/python3.10/site-packages/airflow/example_dags/example_nested_branch_dag.py for tasks to queue
[2023-12-24T17:44:25.194-0300] {logging_mixin.py:188} INFO - [2023-12-24T17:44:25.193-0300] {dagbag.py:538} INFO - Filling up the DagBag from /home/felipe/.local/lib/python3.10/site-packages/airflow/example_dags/example_nested_branch_dag.py
[2023-12-24T17:44:25.210-0300] {processor.py:840} INFO - DAG(s) 'example_nested_branch_dag' retrieved from /home/felipe/.local/lib/python3.10/site-packages/airflow/example_dags/example_nested_branch_dag.py
[2023-12-24T17:44:25.262-0300] {logging_mixin.py:188} INFO - [2023-12-24T17:44:25.261-0300] {dag.py:3033} INFO - Sync 1 DAGs
[2023-12-24T17:44:25.313-0300] {logging_mixin.py:188} INFO - [2023-12-24T17:44:25.312-0300] {dag.py:3820} INFO - Setting next_dagrun for example_nested_branch_dag to 2023-12-23T00:00:00+00:00, run_after=2023-12-24T00:00:00+00:00
[2023-12-24T17:44:25.358-0300] {processor.py:183} INFO - Processing /home/felipe/.local/lib/python3.10/site-packages/airflow/example_dags/example_nested_branch_dag.py took 0.172 seconds
[2023-12-24T17:45:20.100-0300] {processor.py:161} INFO - Started process (PID=6894) to work on /home/felipe/.local/lib/python3.10/site-packages/airflow/example_dags/example_nested_branch_dag.py
[2023-12-24T17:45:20.102-0300] {processor.py:830} INFO - Processing file /home/felipe/.local/lib/python3.10/site-packages/airflow/example_dags/example_nested_branch_dag.py for tasks to queue
[2023-12-24T17:45:20.104-0300] {logging_mixin.py:188} INFO - [2023-12-24T17:45:20.103-0300] {dagbag.py:538} INFO - Filling up the DagBag from /home/felipe/.local/lib/python3.10/site-packages/airflow/example_dags/example_nested_branch_dag.py
[2023-12-24T17:45:20.120-0300] {processor.py:840} INFO - DAG(s) 'example_nested_branch_dag' retrieved from /home/felipe/.local/lib/python3.10/site-packages/airflow/example_dags/example_nested_branch_dag.py
[2023-12-24T17:45:20.148-0300] {logging_mixin.py:188} INFO - [2023-12-24T17:45:20.147-0300] {dag.py:3033} INFO - Sync 1 DAGs
[2023-12-24T17:45:20.189-0300] {logging_mixin.py:188} INFO - [2023-12-24T17:45:20.189-0300] {dag.py:3820} INFO - Setting next_dagrun for example_nested_branch_dag to 2023-12-23T00:00:00+00:00, run_after=2023-12-24T00:00:00+00:00
[2023-12-24T17:45:20.233-0300] {processor.py:183} INFO - Processing /home/felipe/.local/lib/python3.10/site-packages/airflow/example_dags/example_nested_branch_dag.py took 0.137 seconds
[2023-12-24T17:46:35.882-0300] {processor.py:161} INFO - Started process (PID=6966) to work on /home/felipe/.local/lib/python3.10/site-packages/airflow/example_dags/example_nested_branch_dag.py
[2023-12-24T17:46:35.885-0300] {processor.py:830} INFO - Processing file /home/felipe/.local/lib/python3.10/site-packages/airflow/example_dags/example_nested_branch_dag.py for tasks to queue
[2023-12-24T17:46:35.887-0300] {logging_mixin.py:188} INFO - [2023-12-24T17:46:35.886-0300] {dagbag.py:538} INFO - Filling up the DagBag from /home/felipe/.local/lib/python3.10/site-packages/airflow/example_dags/example_nested_branch_dag.py
[2023-12-24T17:46:35.906-0300] {processor.py:840} INFO - DAG(s) 'example_nested_branch_dag' retrieved from /home/felipe/.local/lib/python3.10/site-packages/airflow/example_dags/example_nested_branch_dag.py
[2023-12-24T17:46:35.934-0300] {logging_mixin.py:188} INFO - [2023-12-24T17:46:35.933-0300] {dag.py:3033} INFO - Sync 1 DAGs
[2023-12-24T17:46:35.971-0300] {logging_mixin.py:188} INFO - [2023-12-24T17:46:35.971-0300] {dag.py:3820} INFO - Setting next_dagrun for example_nested_branch_dag to 2023-12-23T00:00:00+00:00, run_after=2023-12-24T00:00:00+00:00
[2023-12-24T17:46:36.016-0300] {processor.py:183} INFO - Processing /home/felipe/.local/lib/python3.10/site-packages/airflow/example_dags/example_nested_branch_dag.py took 0.139 seconds
[2023-12-24T17:47:57.525-0300] {processor.py:161} INFO - Started process (PID=7063) to work on /home/felipe/.local/lib/python3.10/site-packages/airflow/example_dags/example_nested_branch_dag.py
[2023-12-24T17:47:57.527-0300] {processor.py:830} INFO - Processing file /home/felipe/.local/lib/python3.10/site-packages/airflow/example_dags/example_nested_branch_dag.py for tasks to queue
[2023-12-24T17:47:57.529-0300] {logging_mixin.py:188} INFO - [2023-12-24T17:47:57.528-0300] {dagbag.py:538} INFO - Filling up the DagBag from /home/felipe/.local/lib/python3.10/site-packages/airflow/example_dags/example_nested_branch_dag.py
[2023-12-24T17:47:57.547-0300] {processor.py:840} INFO - DAG(s) 'example_nested_branch_dag' retrieved from /home/felipe/.local/lib/python3.10/site-packages/airflow/example_dags/example_nested_branch_dag.py
[2023-12-24T17:47:57.576-0300] {logging_mixin.py:188} INFO - [2023-12-24T17:47:57.576-0300] {dag.py:3033} INFO - Sync 1 DAGs
[2023-12-24T17:47:57.617-0300] {logging_mixin.py:188} INFO - [2023-12-24T17:47:57.617-0300] {dag.py:3820} INFO - Setting next_dagrun for example_nested_branch_dag to 2023-12-23T00:00:00+00:00, run_after=2023-12-24T00:00:00+00:00
[2023-12-24T17:47:57.673-0300] {processor.py:183} INFO - Processing /home/felipe/.local/lib/python3.10/site-packages/airflow/example_dags/example_nested_branch_dag.py took 0.152 seconds
[2023-12-24T17:49:17.150-0300] {processor.py:161} INFO - Started process (PID=7141) to work on /home/felipe/.local/lib/python3.10/site-packages/airflow/example_dags/example_nested_branch_dag.py
[2023-12-24T17:49:17.152-0300] {processor.py:830} INFO - Processing file /home/felipe/.local/lib/python3.10/site-packages/airflow/example_dags/example_nested_branch_dag.py for tasks to queue
[2023-12-24T17:49:17.154-0300] {logging_mixin.py:188} INFO - [2023-12-24T17:49:17.153-0300] {dagbag.py:538} INFO - Filling up the DagBag from /home/felipe/.local/lib/python3.10/site-packages/airflow/example_dags/example_nested_branch_dag.py
[2023-12-24T17:49:17.172-0300] {processor.py:840} INFO - DAG(s) 'example_nested_branch_dag' retrieved from /home/felipe/.local/lib/python3.10/site-packages/airflow/example_dags/example_nested_branch_dag.py
[2023-12-24T17:49:17.202-0300] {logging_mixin.py:188} INFO - [2023-12-24T17:49:17.201-0300] {dag.py:3033} INFO - Sync 1 DAGs
[2023-12-24T17:49:17.243-0300] {logging_mixin.py:188} INFO - [2023-12-24T17:49:17.243-0300] {dag.py:3820} INFO - Setting next_dagrun for example_nested_branch_dag to 2023-12-23T00:00:00+00:00, run_after=2023-12-24T00:00:00+00:00
[2023-12-24T17:49:17.296-0300] {processor.py:183} INFO - Processing /home/felipe/.local/lib/python3.10/site-packages/airflow/example_dags/example_nested_branch_dag.py took 0.150 seconds
[2023-12-24T17:50:37.925-0300] {processor.py:161} INFO - Started process (PID=7212) to work on /home/felipe/.local/lib/python3.10/site-packages/airflow/example_dags/example_nested_branch_dag.py
[2023-12-24T17:50:37.927-0300] {processor.py:830} INFO - Processing file /home/felipe/.local/lib/python3.10/site-packages/airflow/example_dags/example_nested_branch_dag.py for tasks to queue
[2023-12-24T17:50:37.928-0300] {logging_mixin.py:188} INFO - [2023-12-24T17:50:37.928-0300] {dagbag.py:538} INFO - Filling up the DagBag from /home/felipe/.local/lib/python3.10/site-packages/airflow/example_dags/example_nested_branch_dag.py
[2023-12-24T17:50:37.946-0300] {processor.py:840} INFO - DAG(s) 'example_nested_branch_dag' retrieved from /home/felipe/.local/lib/python3.10/site-packages/airflow/example_dags/example_nested_branch_dag.py
[2023-12-24T17:50:37.976-0300] {logging_mixin.py:188} INFO - [2023-12-24T17:50:37.975-0300] {dag.py:3033} INFO - Sync 1 DAGs
[2023-12-24T17:50:38.040-0300] {logging_mixin.py:188} INFO - [2023-12-24T17:50:38.040-0300] {dag.py:3820} INFO - Setting next_dagrun for example_nested_branch_dag to 2023-12-23T00:00:00+00:00, run_after=2023-12-24T00:00:00+00:00
[2023-12-24T17:50:38.114-0300] {processor.py:183} INFO - Processing /home/felipe/.local/lib/python3.10/site-packages/airflow/example_dags/example_nested_branch_dag.py took 0.193 seconds
[2023-12-24T17:51:59.947-0300] {processor.py:161} INFO - Started process (PID=7286) to work on /home/felipe/.local/lib/python3.10/site-packages/airflow/example_dags/example_nested_branch_dag.py
[2023-12-24T17:51:59.949-0300] {processor.py:830} INFO - Processing file /home/felipe/.local/lib/python3.10/site-packages/airflow/example_dags/example_nested_branch_dag.py for tasks to queue
[2023-12-24T17:51:59.950-0300] {logging_mixin.py:188} INFO - [2023-12-24T17:51:59.950-0300] {dagbag.py:538} INFO - Filling up the DagBag from /home/felipe/.local/lib/python3.10/site-packages/airflow/example_dags/example_nested_branch_dag.py
[2023-12-24T17:51:59.968-0300] {processor.py:840} INFO - DAG(s) 'example_nested_branch_dag' retrieved from /home/felipe/.local/lib/python3.10/site-packages/airflow/example_dags/example_nested_branch_dag.py
[2023-12-24T17:51:59.996-0300] {logging_mixin.py:188} INFO - [2023-12-24T17:51:59.995-0300] {dag.py:3033} INFO - Sync 1 DAGs
[2023-12-24T17:52:00.035-0300] {logging_mixin.py:188} INFO - [2023-12-24T17:52:00.035-0300] {dag.py:3820} INFO - Setting next_dagrun for example_nested_branch_dag to 2023-12-23T00:00:00+00:00, run_after=2023-12-24T00:00:00+00:00
[2023-12-24T17:52:00.124-0300] {processor.py:183} INFO - Processing /home/felipe/.local/lib/python3.10/site-packages/airflow/example_dags/example_nested_branch_dag.py took 0.181 seconds
[2023-12-24T17:53:22.514-0300] {processor.py:161} INFO - Started process (PID=7384) to work on /home/felipe/.local/lib/python3.10/site-packages/airflow/example_dags/example_nested_branch_dag.py
[2023-12-24T17:53:22.516-0300] {processor.py:830} INFO - Processing file /home/felipe/.local/lib/python3.10/site-packages/airflow/example_dags/example_nested_branch_dag.py for tasks to queue
[2023-12-24T17:53:22.518-0300] {logging_mixin.py:188} INFO - [2023-12-24T17:53:22.517-0300] {dagbag.py:538} INFO - Filling up the DagBag from /home/felipe/.local/lib/python3.10/site-packages/airflow/example_dags/example_nested_branch_dag.py
[2023-12-24T17:53:22.534-0300] {processor.py:840} INFO - DAG(s) 'example_nested_branch_dag' retrieved from /home/felipe/.local/lib/python3.10/site-packages/airflow/example_dags/example_nested_branch_dag.py
[2023-12-24T17:53:22.562-0300] {logging_mixin.py:188} INFO - [2023-12-24T17:53:22.562-0300] {dag.py:3033} INFO - Sync 1 DAGs
[2023-12-24T17:53:22.600-0300] {logging_mixin.py:188} INFO - [2023-12-24T17:53:22.599-0300] {dag.py:3820} INFO - Setting next_dagrun for example_nested_branch_dag to 2023-12-23T00:00:00+00:00, run_after=2023-12-24T00:00:00+00:00
[2023-12-24T17:53:22.653-0300] {processor.py:183} INFO - Processing /home/felipe/.local/lib/python3.10/site-packages/airflow/example_dags/example_nested_branch_dag.py took 0.143 seconds
[2023-12-24T17:54:47.748-0300] {processor.py:161} INFO - Started process (PID=7463) to work on /home/felipe/.local/lib/python3.10/site-packages/airflow/example_dags/example_nested_branch_dag.py
[2023-12-24T17:54:47.749-0300] {processor.py:830} INFO - Processing file /home/felipe/.local/lib/python3.10/site-packages/airflow/example_dags/example_nested_branch_dag.py for tasks to queue
[2023-12-24T17:54:47.751-0300] {logging_mixin.py:188} INFO - [2023-12-24T17:54:47.751-0300] {dagbag.py:538} INFO - Filling up the DagBag from /home/felipe/.local/lib/python3.10/site-packages/airflow/example_dags/example_nested_branch_dag.py
[2023-12-24T17:54:47.767-0300] {processor.py:840} INFO - DAG(s) 'example_nested_branch_dag' retrieved from /home/felipe/.local/lib/python3.10/site-packages/airflow/example_dags/example_nested_branch_dag.py
[2023-12-24T17:54:47.794-0300] {logging_mixin.py:188} INFO - [2023-12-24T17:54:47.793-0300] {dag.py:3033} INFO - Sync 1 DAGs
[2023-12-24T17:54:47.832-0300] {logging_mixin.py:188} INFO - [2023-12-24T17:54:47.831-0300] {dag.py:3820} INFO - Setting next_dagrun for example_nested_branch_dag to 2023-12-23T00:00:00+00:00, run_after=2023-12-24T00:00:00+00:00
[2023-12-24T17:54:47.884-0300] {processor.py:183} INFO - Processing /home/felipe/.local/lib/python3.10/site-packages/airflow/example_dags/example_nested_branch_dag.py took 0.141 seconds
[2023-12-24T17:56:00.820-0300] {processor.py:161} INFO - Started process (PID=7530) to work on /home/felipe/.local/lib/python3.10/site-packages/airflow/example_dags/example_nested_branch_dag.py
[2023-12-24T17:56:00.822-0300] {processor.py:830} INFO - Processing file /home/felipe/.local/lib/python3.10/site-packages/airflow/example_dags/example_nested_branch_dag.py for tasks to queue
[2023-12-24T17:56:00.823-0300] {logging_mixin.py:188} INFO - [2023-12-24T17:56:00.823-0300] {dagbag.py:538} INFO - Filling up the DagBag from /home/felipe/.local/lib/python3.10/site-packages/airflow/example_dags/example_nested_branch_dag.py
[2023-12-24T17:56:00.839-0300] {processor.py:840} INFO - DAG(s) 'example_nested_branch_dag' retrieved from /home/felipe/.local/lib/python3.10/site-packages/airflow/example_dags/example_nested_branch_dag.py
[2023-12-24T17:56:00.866-0300] {logging_mixin.py:188} INFO - [2023-12-24T17:56:00.865-0300] {dag.py:3033} INFO - Sync 1 DAGs
[2023-12-24T17:56:00.905-0300] {logging_mixin.py:188} INFO - [2023-12-24T17:56:00.905-0300] {dag.py:3820} INFO - Setting next_dagrun for example_nested_branch_dag to 2023-12-23T00:00:00+00:00, run_after=2023-12-24T00:00:00+00:00
[2023-12-24T17:56:00.950-0300] {processor.py:183} INFO - Processing /home/felipe/.local/lib/python3.10/site-packages/airflow/example_dags/example_nested_branch_dag.py took 0.133 seconds
[2023-12-24T17:57:18.415-0300] {processor.py:161} INFO - Started process (PID=7599) to work on /home/felipe/.local/lib/python3.10/site-packages/airflow/example_dags/example_nested_branch_dag.py
[2023-12-24T17:57:18.417-0300] {processor.py:830} INFO - Processing file /home/felipe/.local/lib/python3.10/site-packages/airflow/example_dags/example_nested_branch_dag.py for tasks to queue
[2023-12-24T17:57:18.419-0300] {logging_mixin.py:188} INFO - [2023-12-24T17:57:18.418-0300] {dagbag.py:538} INFO - Filling up the DagBag from /home/felipe/.local/lib/python3.10/site-packages/airflow/example_dags/example_nested_branch_dag.py
[2023-12-24T17:57:18.435-0300] {processor.py:840} INFO - DAG(s) 'example_nested_branch_dag' retrieved from /home/felipe/.local/lib/python3.10/site-packages/airflow/example_dags/example_nested_branch_dag.py
[2023-12-24T17:57:18.463-0300] {logging_mixin.py:188} INFO - [2023-12-24T17:57:18.462-0300] {dag.py:3033} INFO - Sync 1 DAGs
[2023-12-24T17:57:18.499-0300] {logging_mixin.py:188} INFO - [2023-12-24T17:57:18.499-0300] {dag.py:3820} INFO - Setting next_dagrun for example_nested_branch_dag to 2023-12-23T00:00:00+00:00, run_after=2023-12-24T00:00:00+00:00
[2023-12-24T17:57:18.547-0300] {processor.py:183} INFO - Processing /home/felipe/.local/lib/python3.10/site-packages/airflow/example_dags/example_nested_branch_dag.py took 0.136 seconds
[2023-12-24T17:58:38.050-0300] {processor.py:161} INFO - Started process (PID=7697) to work on /home/felipe/.local/lib/python3.10/site-packages/airflow/example_dags/example_nested_branch_dag.py
[2023-12-24T17:58:38.052-0300] {processor.py:830} INFO - Processing file /home/felipe/.local/lib/python3.10/site-packages/airflow/example_dags/example_nested_branch_dag.py for tasks to queue
[2023-12-24T17:58:38.054-0300] {logging_mixin.py:188} INFO - [2023-12-24T17:58:38.053-0300] {dagbag.py:538} INFO - Filling up the DagBag from /home/felipe/.local/lib/python3.10/site-packages/airflow/example_dags/example_nested_branch_dag.py
[2023-12-24T17:58:38.070-0300] {processor.py:840} INFO - DAG(s) 'example_nested_branch_dag' retrieved from /home/felipe/.local/lib/python3.10/site-packages/airflow/example_dags/example_nested_branch_dag.py
[2023-12-24T17:58:38.096-0300] {logging_mixin.py:188} INFO - [2023-12-24T17:58:38.096-0300] {dag.py:3033} INFO - Sync 1 DAGs
[2023-12-24T17:58:38.134-0300] {logging_mixin.py:188} INFO - [2023-12-24T17:58:38.134-0300] {dag.py:3820} INFO - Setting next_dagrun for example_nested_branch_dag to 2023-12-23T00:00:00+00:00, run_after=2023-12-24T00:00:00+00:00
[2023-12-24T17:58:38.186-0300] {processor.py:183} INFO - Processing /home/felipe/.local/lib/python3.10/site-packages/airflow/example_dags/example_nested_branch_dag.py took 0.139 seconds
[2023-12-24T17:59:34.939-0300] {processor.py:161} INFO - Started process (PID=7752) to work on /home/felipe/.local/lib/python3.10/site-packages/airflow/example_dags/example_nested_branch_dag.py
[2023-12-24T17:59:34.941-0300] {processor.py:830} INFO - Processing file /home/felipe/.local/lib/python3.10/site-packages/airflow/example_dags/example_nested_branch_dag.py for tasks to queue
[2023-12-24T17:59:34.942-0300] {logging_mixin.py:188} INFO - [2023-12-24T17:59:34.942-0300] {dagbag.py:538} INFO - Filling up the DagBag from /home/felipe/.local/lib/python3.10/site-packages/airflow/example_dags/example_nested_branch_dag.py
[2023-12-24T17:59:34.957-0300] {processor.py:840} INFO - DAG(s) 'example_nested_branch_dag' retrieved from /home/felipe/.local/lib/python3.10/site-packages/airflow/example_dags/example_nested_branch_dag.py
[2023-12-24T17:59:34.987-0300] {logging_mixin.py:188} INFO - [2023-12-24T17:59:34.986-0300] {dag.py:3033} INFO - Sync 1 DAGs
[2023-12-24T17:59:35.023-0300] {logging_mixin.py:188} INFO - [2023-12-24T17:59:35.023-0300] {dag.py:3820} INFO - Setting next_dagrun for example_nested_branch_dag to 2023-12-23T00:00:00+00:00, run_after=2023-12-24T00:00:00+00:00
[2023-12-24T17:59:35.063-0300] {processor.py:183} INFO - Processing /home/felipe/.local/lib/python3.10/site-packages/airflow/example_dags/example_nested_branch_dag.py took 0.128 seconds
[2023-12-24T18:00:55.426-0300] {processor.py:161} INFO - Started process (PID=7821) to work on /home/felipe/.local/lib/python3.10/site-packages/airflow/example_dags/example_nested_branch_dag.py
[2023-12-24T18:00:55.428-0300] {processor.py:830} INFO - Processing file /home/felipe/.local/lib/python3.10/site-packages/airflow/example_dags/example_nested_branch_dag.py for tasks to queue
[2023-12-24T18:00:55.430-0300] {logging_mixin.py:188} INFO - [2023-12-24T18:00:55.429-0300] {dagbag.py:538} INFO - Filling up the DagBag from /home/felipe/.local/lib/python3.10/site-packages/airflow/example_dags/example_nested_branch_dag.py
[2023-12-24T18:00:55.449-0300] {processor.py:840} INFO - DAG(s) 'example_nested_branch_dag' retrieved from /home/felipe/.local/lib/python3.10/site-packages/airflow/example_dags/example_nested_branch_dag.py
[2023-12-24T18:00:55.476-0300] {logging_mixin.py:188} INFO - [2023-12-24T18:00:55.475-0300] {dag.py:3033} INFO - Sync 1 DAGs
[2023-12-24T18:00:55.513-0300] {logging_mixin.py:188} INFO - [2023-12-24T18:00:55.513-0300] {dag.py:3820} INFO - Setting next_dagrun for example_nested_branch_dag to 2023-12-23T00:00:00+00:00, run_after=2023-12-24T00:00:00+00:00
[2023-12-24T18:00:55.562-0300] {processor.py:183} INFO - Processing /home/felipe/.local/lib/python3.10/site-packages/airflow/example_dags/example_nested_branch_dag.py took 0.139 seconds
[2023-12-24T18:25:39.173-0300] {processor.py:161} INFO - Started process (PID=7987) to work on /home/felipe/.local/lib/python3.10/site-packages/airflow/example_dags/example_nested_branch_dag.py
[2023-12-24T18:25:39.176-0300] {processor.py:830} INFO - Processing file /home/felipe/.local/lib/python3.10/site-packages/airflow/example_dags/example_nested_branch_dag.py for tasks to queue
[2023-12-24T18:25:39.177-0300] {logging_mixin.py:188} INFO - [2023-12-24T18:25:39.177-0300] {dagbag.py:538} INFO - Filling up the DagBag from /home/felipe/.local/lib/python3.10/site-packages/airflow/example_dags/example_nested_branch_dag.py
[2023-12-24T18:25:39.194-0300] {processor.py:840} INFO - DAG(s) 'example_nested_branch_dag' retrieved from /home/felipe/.local/lib/python3.10/site-packages/airflow/example_dags/example_nested_branch_dag.py
[2023-12-24T18:25:39.226-0300] {logging_mixin.py:188} INFO - [2023-12-24T18:25:39.226-0300] {dag.py:3033} INFO - Sync 1 DAGs
[2023-12-24T18:25:39.268-0300] {logging_mixin.py:188} INFO - [2023-12-24T18:25:39.267-0300] {dag.py:3820} INFO - Setting next_dagrun for example_nested_branch_dag to 2023-12-23T00:00:00+00:00, run_after=2023-12-24T00:00:00+00:00
[2023-12-24T18:25:39.317-0300] {processor.py:183} INFO - Processing /home/felipe/.local/lib/python3.10/site-packages/airflow/example_dags/example_nested_branch_dag.py took 0.148 seconds
[2023-12-24T18:27:03.039-0300] {processor.py:161} INFO - Started process (PID=8076) to work on /home/felipe/.local/lib/python3.10/site-packages/airflow/example_dags/example_nested_branch_dag.py
[2023-12-24T18:27:03.041-0300] {processor.py:830} INFO - Processing file /home/felipe/.local/lib/python3.10/site-packages/airflow/example_dags/example_nested_branch_dag.py for tasks to queue
[2023-12-24T18:27:03.043-0300] {logging_mixin.py:188} INFO - [2023-12-24T18:27:03.043-0300] {dagbag.py:538} INFO - Filling up the DagBag from /home/felipe/.local/lib/python3.10/site-packages/airflow/example_dags/example_nested_branch_dag.py
[2023-12-24T18:27:03.063-0300] {processor.py:840} INFO - DAG(s) 'example_nested_branch_dag' retrieved from /home/felipe/.local/lib/python3.10/site-packages/airflow/example_dags/example_nested_branch_dag.py
[2023-12-24T18:27:03.096-0300] {logging_mixin.py:188} INFO - [2023-12-24T18:27:03.096-0300] {dag.py:3033} INFO - Sync 1 DAGs
[2023-12-24T18:27:03.143-0300] {logging_mixin.py:188} INFO - [2023-12-24T18:27:03.142-0300] {dag.py:3820} INFO - Setting next_dagrun for example_nested_branch_dag to 2023-12-23T00:00:00+00:00, run_after=2023-12-24T00:00:00+00:00
[2023-12-24T18:27:03.212-0300] {processor.py:183} INFO - Processing /home/felipe/.local/lib/python3.10/site-packages/airflow/example_dags/example_nested_branch_dag.py took 0.177 seconds
[2023-12-24T18:28:01.233-0300] {processor.py:161} INFO - Started process (PID=8133) to work on /home/felipe/.local/lib/python3.10/site-packages/airflow/example_dags/example_nested_branch_dag.py
[2023-12-24T18:28:01.235-0300] {processor.py:830} INFO - Processing file /home/felipe/.local/lib/python3.10/site-packages/airflow/example_dags/example_nested_branch_dag.py for tasks to queue
[2023-12-24T18:28:01.238-0300] {logging_mixin.py:188} INFO - [2023-12-24T18:28:01.237-0300] {dagbag.py:538} INFO - Filling up the DagBag from /home/felipe/.local/lib/python3.10/site-packages/airflow/example_dags/example_nested_branch_dag.py
[2023-12-24T18:28:01.256-0300] {processor.py:840} INFO - DAG(s) 'example_nested_branch_dag' retrieved from /home/felipe/.local/lib/python3.10/site-packages/airflow/example_dags/example_nested_branch_dag.py
[2023-12-24T18:28:01.285-0300] {logging_mixin.py:188} INFO - [2023-12-24T18:28:01.285-0300] {dag.py:3033} INFO - Sync 1 DAGs
[2023-12-24T18:28:01.337-0300] {logging_mixin.py:188} INFO - [2023-12-24T18:28:01.336-0300] {dag.py:3820} INFO - Setting next_dagrun for example_nested_branch_dag to 2023-12-23T00:00:00+00:00, run_after=2023-12-24T00:00:00+00:00
[2023-12-24T18:28:01.386-0300] {processor.py:183} INFO - Processing /home/felipe/.local/lib/python3.10/site-packages/airflow/example_dags/example_nested_branch_dag.py took 0.158 seconds
[2023-12-24T18:29:02.209-0300] {processor.py:161} INFO - Started process (PID=8186) to work on /home/felipe/.local/lib/python3.10/site-packages/airflow/example_dags/example_nested_branch_dag.py
[2023-12-24T18:29:02.212-0300] {processor.py:830} INFO - Processing file /home/felipe/.local/lib/python3.10/site-packages/airflow/example_dags/example_nested_branch_dag.py for tasks to queue
[2023-12-24T18:29:02.214-0300] {logging_mixin.py:188} INFO - [2023-12-24T18:29:02.213-0300] {dagbag.py:538} INFO - Filling up the DagBag from /home/felipe/.local/lib/python3.10/site-packages/airflow/example_dags/example_nested_branch_dag.py
[2023-12-24T18:29:02.233-0300] {processor.py:840} INFO - DAG(s) 'example_nested_branch_dag' retrieved from /home/felipe/.local/lib/python3.10/site-packages/airflow/example_dags/example_nested_branch_dag.py
[2023-12-24T18:29:02.267-0300] {logging_mixin.py:188} INFO - [2023-12-24T18:29:02.267-0300] {dag.py:3033} INFO - Sync 1 DAGs
[2023-12-24T18:29:02.317-0300] {logging_mixin.py:188} INFO - [2023-12-24T18:29:02.316-0300] {dag.py:3820} INFO - Setting next_dagrun for example_nested_branch_dag to 2023-12-23T00:00:00+00:00, run_after=2023-12-24T00:00:00+00:00
[2023-12-24T18:29:02.379-0300] {processor.py:183} INFO - Processing /home/felipe/.local/lib/python3.10/site-packages/airflow/example_dags/example_nested_branch_dag.py took 0.175 seconds
[2023-12-24T18:30:29.607-0300] {processor.py:161} INFO - Started process (PID=8264) to work on /home/felipe/.local/lib/python3.10/site-packages/airflow/example_dags/example_nested_branch_dag.py
[2023-12-24T18:30:29.610-0300] {processor.py:830} INFO - Processing file /home/felipe/.local/lib/python3.10/site-packages/airflow/example_dags/example_nested_branch_dag.py for tasks to queue
[2023-12-24T18:30:29.612-0300] {logging_mixin.py:188} INFO - [2023-12-24T18:30:29.611-0300] {dagbag.py:538} INFO - Filling up the DagBag from /home/felipe/.local/lib/python3.10/site-packages/airflow/example_dags/example_nested_branch_dag.py
[2023-12-24T18:30:29.635-0300] {processor.py:840} INFO - DAG(s) 'example_nested_branch_dag' retrieved from /home/felipe/.local/lib/python3.10/site-packages/airflow/example_dags/example_nested_branch_dag.py
[2023-12-24T18:30:29.678-0300] {logging_mixin.py:188} INFO - [2023-12-24T18:30:29.678-0300] {dag.py:3033} INFO - Sync 1 DAGs
[2023-12-24T18:30:29.732-0300] {logging_mixin.py:188} INFO - [2023-12-24T18:30:29.732-0300] {dag.py:3820} INFO - Setting next_dagrun for example_nested_branch_dag to 2023-12-23T00:00:00+00:00, run_after=2023-12-24T00:00:00+00:00
[2023-12-24T18:30:29.791-0300] {processor.py:183} INFO - Processing /home/felipe/.local/lib/python3.10/site-packages/airflow/example_dags/example_nested_branch_dag.py took 0.193 seconds
[2023-12-24T18:31:29.638-0300] {processor.py:161} INFO - Started process (PID=8345) to work on /home/felipe/.local/lib/python3.10/site-packages/airflow/example_dags/example_nested_branch_dag.py
[2023-12-24T18:31:29.640-0300] {processor.py:830} INFO - Processing file /home/felipe/.local/lib/python3.10/site-packages/airflow/example_dags/example_nested_branch_dag.py for tasks to queue
[2023-12-24T18:31:29.643-0300] {logging_mixin.py:188} INFO - [2023-12-24T18:31:29.642-0300] {dagbag.py:538} INFO - Filling up the DagBag from /home/felipe/.local/lib/python3.10/site-packages/airflow/example_dags/example_nested_branch_dag.py
[2023-12-24T18:31:29.663-0300] {processor.py:840} INFO - DAG(s) 'example_nested_branch_dag' retrieved from /home/felipe/.local/lib/python3.10/site-packages/airflow/example_dags/example_nested_branch_dag.py
[2023-12-24T18:31:29.699-0300] {logging_mixin.py:188} INFO - [2023-12-24T18:31:29.698-0300] {dag.py:3033} INFO - Sync 1 DAGs
[2023-12-24T18:31:29.758-0300] {logging_mixin.py:188} INFO - [2023-12-24T18:31:29.758-0300] {dag.py:3820} INFO - Setting next_dagrun for example_nested_branch_dag to 2023-12-23T00:00:00+00:00, run_after=2023-12-24T00:00:00+00:00
[2023-12-24T18:31:29.859-0300] {processor.py:183} INFO - Processing /home/felipe/.local/lib/python3.10/site-packages/airflow/example_dags/example_nested_branch_dag.py took 0.225 seconds
[2023-12-24T18:39:20.946-0300] {processor.py:161} INFO - Started process (PID=10853) to work on /home/felipe/.local/lib/python3.10/site-packages/airflow/example_dags/example_nested_branch_dag.py
[2023-12-24T18:39:20.951-0300] {processor.py:830} INFO - Processing file /home/felipe/.local/lib/python3.10/site-packages/airflow/example_dags/example_nested_branch_dag.py for tasks to queue
[2023-12-24T18:39:20.953-0300] {logging_mixin.py:188} INFO - [2023-12-24T18:39:20.952-0300] {dagbag.py:538} INFO - Filling up the DagBag from /home/felipe/.local/lib/python3.10/site-packages/airflow/example_dags/example_nested_branch_dag.py
[2023-12-24T18:39:20.972-0300] {processor.py:840} INFO - DAG(s) 'example_nested_branch_dag' retrieved from /home/felipe/.local/lib/python3.10/site-packages/airflow/example_dags/example_nested_branch_dag.py
[2023-12-24T18:39:21.005-0300] {logging_mixin.py:188} INFO - [2023-12-24T18:39:21.005-0300] {dag.py:3033} INFO - Sync 1 DAGs
[2023-12-24T18:39:21.056-0300] {logging_mixin.py:188} INFO - [2023-12-24T18:39:21.056-0300] {dag.py:3820} INFO - Setting next_dagrun for example_nested_branch_dag to 2023-12-23T00:00:00+00:00, run_after=2023-12-24T00:00:00+00:00
[2023-12-24T18:39:21.106-0300] {processor.py:183} INFO - Processing /home/felipe/.local/lib/python3.10/site-packages/airflow/example_dags/example_nested_branch_dag.py took 0.165 seconds
[2023-12-24T18:40:49.410-0300] {processor.py:161} INFO - Started process (PID=10953) to work on /home/felipe/.local/lib/python3.10/site-packages/airflow/example_dags/example_nested_branch_dag.py
[2023-12-24T18:40:49.413-0300] {processor.py:830} INFO - Processing file /home/felipe/.local/lib/python3.10/site-packages/airflow/example_dags/example_nested_branch_dag.py for tasks to queue
[2023-12-24T18:40:49.415-0300] {logging_mixin.py:188} INFO - [2023-12-24T18:40:49.415-0300] {dagbag.py:538} INFO - Filling up the DagBag from /home/felipe/.local/lib/python3.10/site-packages/airflow/example_dags/example_nested_branch_dag.py
[2023-12-24T18:40:49.435-0300] {processor.py:840} INFO - DAG(s) 'example_nested_branch_dag' retrieved from /home/felipe/.local/lib/python3.10/site-packages/airflow/example_dags/example_nested_branch_dag.py
[2023-12-24T18:40:49.468-0300] {logging_mixin.py:188} INFO - [2023-12-24T18:40:49.468-0300] {dag.py:3033} INFO - Sync 1 DAGs
[2023-12-24T18:40:49.511-0300] {logging_mixin.py:188} INFO - [2023-12-24T18:40:49.510-0300] {dag.py:3820} INFO - Setting next_dagrun for example_nested_branch_dag to 2023-12-23T00:00:00+00:00, run_after=2023-12-24T00:00:00+00:00
[2023-12-24T18:40:49.562-0300] {processor.py:183} INFO - Processing /home/felipe/.local/lib/python3.10/site-packages/airflow/example_dags/example_nested_branch_dag.py took 0.158 seconds
[2023-12-24T18:41:48.572-0300] {processor.py:161} INFO - Started process (PID=11030) to work on /home/felipe/.local/lib/python3.10/site-packages/airflow/example_dags/example_nested_branch_dag.py
[2023-12-24T18:41:48.574-0300] {processor.py:830} INFO - Processing file /home/felipe/.local/lib/python3.10/site-packages/airflow/example_dags/example_nested_branch_dag.py for tasks to queue
[2023-12-24T18:41:48.576-0300] {logging_mixin.py:188} INFO - [2023-12-24T18:41:48.575-0300] {dagbag.py:538} INFO - Filling up the DagBag from /home/felipe/.local/lib/python3.10/site-packages/airflow/example_dags/example_nested_branch_dag.py
[2023-12-24T18:41:48.594-0300] {processor.py:840} INFO - DAG(s) 'example_nested_branch_dag' retrieved from /home/felipe/.local/lib/python3.10/site-packages/airflow/example_dags/example_nested_branch_dag.py
[2023-12-24T18:41:48.623-0300] {logging_mixin.py:188} INFO - [2023-12-24T18:41:48.623-0300] {dag.py:3033} INFO - Sync 1 DAGs
[2023-12-24T18:41:48.666-0300] {logging_mixin.py:188} INFO - [2023-12-24T18:41:48.666-0300] {dag.py:3820} INFO - Setting next_dagrun for example_nested_branch_dag to 2023-12-23T00:00:00+00:00, run_after=2023-12-24T00:00:00+00:00
[2023-12-24T18:41:48.715-0300] {processor.py:183} INFO - Processing /home/felipe/.local/lib/python3.10/site-packages/airflow/example_dags/example_nested_branch_dag.py took 0.148 seconds
[2023-12-24T18:42:45.926-0300] {processor.py:161} INFO - Started process (PID=11080) to work on /home/felipe/.local/lib/python3.10/site-packages/airflow/example_dags/example_nested_branch_dag.py
[2023-12-24T18:42:45.929-0300] {processor.py:830} INFO - Processing file /home/felipe/.local/lib/python3.10/site-packages/airflow/example_dags/example_nested_branch_dag.py for tasks to queue
[2023-12-24T18:42:45.931-0300] {logging_mixin.py:188} INFO - [2023-12-24T18:42:45.930-0300] {dagbag.py:538} INFO - Filling up the DagBag from /home/felipe/.local/lib/python3.10/site-packages/airflow/example_dags/example_nested_branch_dag.py
[2023-12-24T18:42:45.950-0300] {processor.py:840} INFO - DAG(s) 'example_nested_branch_dag' retrieved from /home/felipe/.local/lib/python3.10/site-packages/airflow/example_dags/example_nested_branch_dag.py
[2023-12-24T18:42:45.988-0300] {logging_mixin.py:188} INFO - [2023-12-24T18:42:45.987-0300] {dag.py:3033} INFO - Sync 1 DAGs
[2023-12-24T18:42:46.033-0300] {logging_mixin.py:188} INFO - [2023-12-24T18:42:46.033-0300] {dag.py:3820} INFO - Setting next_dagrun for example_nested_branch_dag to 2023-12-23T00:00:00+00:00, run_after=2023-12-24T00:00:00+00:00
[2023-12-24T18:42:46.094-0300] {processor.py:183} INFO - Processing /home/felipe/.local/lib/python3.10/site-packages/airflow/example_dags/example_nested_branch_dag.py took 0.172 seconds
[2023-12-24T18:43:40.595-0300] {processor.py:161} INFO - Started process (PID=11135) to work on /home/felipe/.local/lib/python3.10/site-packages/airflow/example_dags/example_nested_branch_dag.py
[2023-12-24T18:43:40.597-0300] {processor.py:830} INFO - Processing file /home/felipe/.local/lib/python3.10/site-packages/airflow/example_dags/example_nested_branch_dag.py for tasks to queue
[2023-12-24T18:43:40.600-0300] {logging_mixin.py:188} INFO - [2023-12-24T18:43:40.600-0300] {dagbag.py:538} INFO - Filling up the DagBag from /home/felipe/.local/lib/python3.10/site-packages/airflow/example_dags/example_nested_branch_dag.py
[2023-12-24T18:43:40.626-0300] {processor.py:840} INFO - DAG(s) 'example_nested_branch_dag' retrieved from /home/felipe/.local/lib/python3.10/site-packages/airflow/example_dags/example_nested_branch_dag.py
[2023-12-24T18:43:40.663-0300] {logging_mixin.py:188} INFO - [2023-12-24T18:43:40.663-0300] {dag.py:3033} INFO - Sync 1 DAGs
[2023-12-24T18:43:40.709-0300] {logging_mixin.py:188} INFO - [2023-12-24T18:43:40.708-0300] {dag.py:3820} INFO - Setting next_dagrun for example_nested_branch_dag to 2023-12-23T00:00:00+00:00, run_after=2023-12-24T00:00:00+00:00
[2023-12-24T18:43:40.773-0300] {processor.py:183} INFO - Processing /home/felipe/.local/lib/python3.10/site-packages/airflow/example_dags/example_nested_branch_dag.py took 0.183 seconds
[2023-12-24T18:45:09.087-0300] {processor.py:161} INFO - Started process (PID=11213) to work on /home/felipe/.local/lib/python3.10/site-packages/airflow/example_dags/example_nested_branch_dag.py
[2023-12-24T18:45:09.089-0300] {processor.py:830} INFO - Processing file /home/felipe/.local/lib/python3.10/site-packages/airflow/example_dags/example_nested_branch_dag.py for tasks to queue
[2023-12-24T18:45:09.091-0300] {logging_mixin.py:188} INFO - [2023-12-24T18:45:09.091-0300] {dagbag.py:538} INFO - Filling up the DagBag from /home/felipe/.local/lib/python3.10/site-packages/airflow/example_dags/example_nested_branch_dag.py
[2023-12-24T18:45:09.111-0300] {processor.py:840} INFO - DAG(s) 'example_nested_branch_dag' retrieved from /home/felipe/.local/lib/python3.10/site-packages/airflow/example_dags/example_nested_branch_dag.py
[2023-12-24T18:45:09.146-0300] {logging_mixin.py:188} INFO - [2023-12-24T18:45:09.145-0300] {dag.py:3033} INFO - Sync 1 DAGs
[2023-12-24T18:45:09.198-0300] {logging_mixin.py:188} INFO - [2023-12-24T18:45:09.197-0300] {dag.py:3820} INFO - Setting next_dagrun for example_nested_branch_dag to 2023-12-23T00:00:00+00:00, run_after=2023-12-24T00:00:00+00:00
[2023-12-24T18:45:09.257-0300] {processor.py:183} INFO - Processing /home/felipe/.local/lib/python3.10/site-packages/airflow/example_dags/example_nested_branch_dag.py took 0.175 seconds
[2023-12-24T18:46:06.452-0300] {processor.py:161} INFO - Started process (PID=11291) to work on /home/felipe/.local/lib/python3.10/site-packages/airflow/example_dags/example_nested_branch_dag.py
[2023-12-24T18:46:06.454-0300] {processor.py:830} INFO - Processing file /home/felipe/.local/lib/python3.10/site-packages/airflow/example_dags/example_nested_branch_dag.py for tasks to queue
[2023-12-24T18:46:06.457-0300] {logging_mixin.py:188} INFO - [2023-12-24T18:46:06.456-0300] {dagbag.py:538} INFO - Filling up the DagBag from /home/felipe/.local/lib/python3.10/site-packages/airflow/example_dags/example_nested_branch_dag.py
[2023-12-24T18:46:06.477-0300] {processor.py:840} INFO - DAG(s) 'example_nested_branch_dag' retrieved from /home/felipe/.local/lib/python3.10/site-packages/airflow/example_dags/example_nested_branch_dag.py
[2023-12-24T18:46:06.509-0300] {logging_mixin.py:188} INFO - [2023-12-24T18:46:06.509-0300] {dag.py:3033} INFO - Sync 1 DAGs
[2023-12-24T18:46:06.554-0300] {logging_mixin.py:188} INFO - [2023-12-24T18:46:06.554-0300] {dag.py:3820} INFO - Setting next_dagrun for example_nested_branch_dag to 2023-12-23T00:00:00+00:00, run_after=2023-12-24T00:00:00+00:00
[2023-12-24T18:46:06.608-0300] {processor.py:183} INFO - Processing /home/felipe/.local/lib/python3.10/site-packages/airflow/example_dags/example_nested_branch_dag.py took 0.161 seconds
[2023-12-24T18:47:05.078-0300] {processor.py:161} INFO - Started process (PID=11347) to work on /home/felipe/.local/lib/python3.10/site-packages/airflow/example_dags/example_nested_branch_dag.py
[2023-12-24T18:47:05.081-0300] {processor.py:830} INFO - Processing file /home/felipe/.local/lib/python3.10/site-packages/airflow/example_dags/example_nested_branch_dag.py for tasks to queue
[2023-12-24T18:47:05.083-0300] {logging_mixin.py:188} INFO - [2023-12-24T18:47:05.082-0300] {dagbag.py:538} INFO - Filling up the DagBag from /home/felipe/.local/lib/python3.10/site-packages/airflow/example_dags/example_nested_branch_dag.py
[2023-12-24T18:47:05.103-0300] {processor.py:840} INFO - DAG(s) 'example_nested_branch_dag' retrieved from /home/felipe/.local/lib/python3.10/site-packages/airflow/example_dags/example_nested_branch_dag.py
[2023-12-24T18:47:05.139-0300] {logging_mixin.py:188} INFO - [2023-12-24T18:47:05.139-0300] {dag.py:3033} INFO - Sync 1 DAGs
[2023-12-24T18:47:05.183-0300] {logging_mixin.py:188} INFO - [2023-12-24T18:47:05.183-0300] {dag.py:3820} INFO - Setting next_dagrun for example_nested_branch_dag to 2023-12-23T00:00:00+00:00, run_after=2023-12-24T00:00:00+00:00
[2023-12-24T18:47:05.243-0300] {processor.py:183} INFO - Processing /home/felipe/.local/lib/python3.10/site-packages/airflow/example_dags/example_nested_branch_dag.py took 0.170 seconds
[2023-12-24T18:48:34.506-0300] {processor.py:161} INFO - Started process (PID=11433) to work on /home/felipe/.local/lib/python3.10/site-packages/airflow/example_dags/example_nested_branch_dag.py
[2023-12-24T18:48:34.513-0300] {processor.py:830} INFO - Processing file /home/felipe/.local/lib/python3.10/site-packages/airflow/example_dags/example_nested_branch_dag.py for tasks to queue
[2023-12-24T18:48:34.516-0300] {logging_mixin.py:188} INFO - [2023-12-24T18:48:34.515-0300] {dagbag.py:538} INFO - Filling up the DagBag from /home/felipe/.local/lib/python3.10/site-packages/airflow/example_dags/example_nested_branch_dag.py
[2023-12-24T18:48:34.540-0300] {processor.py:840} INFO - DAG(s) 'example_nested_branch_dag' retrieved from /home/felipe/.local/lib/python3.10/site-packages/airflow/example_dags/example_nested_branch_dag.py
[2023-12-24T18:48:34.578-0300] {logging_mixin.py:188} INFO - [2023-12-24T18:48:34.577-0300] {dag.py:3033} INFO - Sync 1 DAGs
[2023-12-24T18:48:34.625-0300] {logging_mixin.py:188} INFO - [2023-12-24T18:48:34.625-0300] {dag.py:3820} INFO - Setting next_dagrun for example_nested_branch_dag to 2023-12-23T00:00:00+00:00, run_after=2023-12-24T00:00:00+00:00
[2023-12-24T18:48:34.681-0300] {processor.py:183} INFO - Processing /home/felipe/.local/lib/python3.10/site-packages/airflow/example_dags/example_nested_branch_dag.py took 0.195 seconds
[2023-12-24T18:49:34.602-0300] {processor.py:161} INFO - Started process (PID=11486) to work on /home/felipe/.local/lib/python3.10/site-packages/airflow/example_dags/example_nested_branch_dag.py
[2023-12-24T18:49:34.605-0300] {processor.py:830} INFO - Processing file /home/felipe/.local/lib/python3.10/site-packages/airflow/example_dags/example_nested_branch_dag.py for tasks to queue
[2023-12-24T18:49:34.606-0300] {logging_mixin.py:188} INFO - [2023-12-24T18:49:34.606-0300] {dagbag.py:538} INFO - Filling up the DagBag from /home/felipe/.local/lib/python3.10/site-packages/airflow/example_dags/example_nested_branch_dag.py
[2023-12-24T18:49:34.623-0300] {processor.py:840} INFO - DAG(s) 'example_nested_branch_dag' retrieved from /home/felipe/.local/lib/python3.10/site-packages/airflow/example_dags/example_nested_branch_dag.py
[2023-12-24T18:49:34.652-0300] {logging_mixin.py:188} INFO - [2023-12-24T18:49:34.651-0300] {dag.py:3033} INFO - Sync 1 DAGs
[2023-12-24T18:49:34.692-0300] {logging_mixin.py:188} INFO - [2023-12-24T18:49:34.692-0300] {dag.py:3820} INFO - Setting next_dagrun for example_nested_branch_dag to 2023-12-23T00:00:00+00:00, run_after=2023-12-24T00:00:00+00:00
[2023-12-24T18:49:34.740-0300] {processor.py:183} INFO - Processing /home/felipe/.local/lib/python3.10/site-packages/airflow/example_dags/example_nested_branch_dag.py took 0.142 seconds
[2023-12-24T18:50:32.275-0300] {processor.py:161} INFO - Started process (PID=11535) to work on /home/felipe/.local/lib/python3.10/site-packages/airflow/example_dags/example_nested_branch_dag.py
[2023-12-24T18:50:32.277-0300] {processor.py:830} INFO - Processing file /home/felipe/.local/lib/python3.10/site-packages/airflow/example_dags/example_nested_branch_dag.py for tasks to queue
[2023-12-24T18:50:32.279-0300] {logging_mixin.py:188} INFO - [2023-12-24T18:50:32.278-0300] {dagbag.py:538} INFO - Filling up the DagBag from /home/felipe/.local/lib/python3.10/site-packages/airflow/example_dags/example_nested_branch_dag.py
[2023-12-24T18:50:32.295-0300] {processor.py:840} INFO - DAG(s) 'example_nested_branch_dag' retrieved from /home/felipe/.local/lib/python3.10/site-packages/airflow/example_dags/example_nested_branch_dag.py
[2023-12-24T18:50:32.326-0300] {logging_mixin.py:188} INFO - [2023-12-24T18:50:32.325-0300] {dag.py:3033} INFO - Sync 1 DAGs
[2023-12-24T18:50:32.364-0300] {logging_mixin.py:188} INFO - [2023-12-24T18:50:32.364-0300] {dag.py:3820} INFO - Setting next_dagrun for example_nested_branch_dag to 2023-12-23T00:00:00+00:00, run_after=2023-12-24T00:00:00+00:00
[2023-12-24T18:50:32.413-0300] {processor.py:183} INFO - Processing /home/felipe/.local/lib/python3.10/site-packages/airflow/example_dags/example_nested_branch_dag.py took 0.143 seconds
[2023-12-24T18:51:54.604-0300] {processor.py:161} INFO - Started process (PID=11635) to work on /home/felipe/.local/lib/python3.10/site-packages/airflow/example_dags/example_nested_branch_dag.py
[2023-12-24T18:51:54.606-0300] {processor.py:830} INFO - Processing file /home/felipe/.local/lib/python3.10/site-packages/airflow/example_dags/example_nested_branch_dag.py for tasks to queue
[2023-12-24T18:51:54.608-0300] {logging_mixin.py:188} INFO - [2023-12-24T18:51:54.607-0300] {dagbag.py:538} INFO - Filling up the DagBag from /home/felipe/.local/lib/python3.10/site-packages/airflow/example_dags/example_nested_branch_dag.py
[2023-12-24T18:51:54.625-0300] {processor.py:840} INFO - DAG(s) 'example_nested_branch_dag' retrieved from /home/felipe/.local/lib/python3.10/site-packages/airflow/example_dags/example_nested_branch_dag.py
[2023-12-24T18:51:54.655-0300] {logging_mixin.py:188} INFO - [2023-12-24T18:51:54.654-0300] {dag.py:3033} INFO - Sync 1 DAGs
[2023-12-24T18:51:54.694-0300] {logging_mixin.py:188} INFO - [2023-12-24T18:51:54.694-0300] {dag.py:3820} INFO - Setting next_dagrun for example_nested_branch_dag to 2023-12-23T00:00:00+00:00, run_after=2023-12-24T00:00:00+00:00
[2023-12-24T18:51:54.740-0300] {processor.py:183} INFO - Processing /home/felipe/.local/lib/python3.10/site-packages/airflow/example_dags/example_nested_branch_dag.py took 0.141 seconds
[2023-12-24T18:53:20.999-0300] {processor.py:161} INFO - Started process (PID=11712) to work on /home/felipe/.local/lib/python3.10/site-packages/airflow/example_dags/example_nested_branch_dag.py
[2023-12-24T18:53:21.002-0300] {processor.py:830} INFO - Processing file /home/felipe/.local/lib/python3.10/site-packages/airflow/example_dags/example_nested_branch_dag.py for tasks to queue
[2023-12-24T18:53:21.003-0300] {logging_mixin.py:188} INFO - [2023-12-24T18:53:21.003-0300] {dagbag.py:538} INFO - Filling up the DagBag from /home/felipe/.local/lib/python3.10/site-packages/airflow/example_dags/example_nested_branch_dag.py
[2023-12-24T18:53:21.020-0300] {processor.py:840} INFO - DAG(s) 'example_nested_branch_dag' retrieved from /home/felipe/.local/lib/python3.10/site-packages/airflow/example_dags/example_nested_branch_dag.py
[2023-12-24T18:53:21.052-0300] {logging_mixin.py:188} INFO - [2023-12-24T18:53:21.051-0300] {dag.py:3033} INFO - Sync 1 DAGs
[2023-12-24T18:53:21.092-0300] {logging_mixin.py:188} INFO - [2023-12-24T18:53:21.091-0300] {dag.py:3820} INFO - Setting next_dagrun for example_nested_branch_dag to 2023-12-23T00:00:00+00:00, run_after=2023-12-24T00:00:00+00:00
[2023-12-24T18:53:21.144-0300] {processor.py:183} INFO - Processing /home/felipe/.local/lib/python3.10/site-packages/airflow/example_dags/example_nested_branch_dag.py took 0.148 seconds
[2023-12-24T18:54:20.619-0300] {processor.py:161} INFO - Started process (PID=11763) to work on /home/felipe/.local/lib/python3.10/site-packages/airflow/example_dags/example_nested_branch_dag.py
[2023-12-24T18:54:20.622-0300] {processor.py:830} INFO - Processing file /home/felipe/.local/lib/python3.10/site-packages/airflow/example_dags/example_nested_branch_dag.py for tasks to queue
[2023-12-24T18:54:20.624-0300] {logging_mixin.py:188} INFO - [2023-12-24T18:54:20.623-0300] {dagbag.py:538} INFO - Filling up the DagBag from /home/felipe/.local/lib/python3.10/site-packages/airflow/example_dags/example_nested_branch_dag.py
[2023-12-24T18:54:20.642-0300] {processor.py:840} INFO - DAG(s) 'example_nested_branch_dag' retrieved from /home/felipe/.local/lib/python3.10/site-packages/airflow/example_dags/example_nested_branch_dag.py
[2023-12-24T18:54:20.672-0300] {logging_mixin.py:188} INFO - [2023-12-24T18:54:20.671-0300] {dag.py:3033} INFO - Sync 1 DAGs
[2023-12-24T18:54:20.713-0300] {logging_mixin.py:188} INFO - [2023-12-24T18:54:20.712-0300] {dag.py:3820} INFO - Setting next_dagrun for example_nested_branch_dag to 2023-12-23T00:00:00+00:00, run_after=2023-12-24T00:00:00+00:00
[2023-12-24T18:54:20.766-0300] {processor.py:183} INFO - Processing /home/felipe/.local/lib/python3.10/site-packages/airflow/example_dags/example_nested_branch_dag.py took 0.151 seconds
[2023-12-24T18:55:43.115-0300] {processor.py:161} INFO - Started process (PID=11835) to work on /home/felipe/.local/lib/python3.10/site-packages/airflow/example_dags/example_nested_branch_dag.py
[2023-12-24T18:55:43.117-0300] {processor.py:830} INFO - Processing file /home/felipe/.local/lib/python3.10/site-packages/airflow/example_dags/example_nested_branch_dag.py for tasks to queue
[2023-12-24T18:55:43.119-0300] {logging_mixin.py:188} INFO - [2023-12-24T18:55:43.119-0300] {dagbag.py:538} INFO - Filling up the DagBag from /home/felipe/.local/lib/python3.10/site-packages/airflow/example_dags/example_nested_branch_dag.py
[2023-12-24T18:55:43.136-0300] {processor.py:840} INFO - DAG(s) 'example_nested_branch_dag' retrieved from /home/felipe/.local/lib/python3.10/site-packages/airflow/example_dags/example_nested_branch_dag.py
[2023-12-24T18:55:43.171-0300] {logging_mixin.py:188} INFO - [2023-12-24T18:55:43.170-0300] {dag.py:3033} INFO - Sync 1 DAGs
[2023-12-24T18:55:43.215-0300] {logging_mixin.py:188} INFO - [2023-12-24T18:55:43.214-0300] {dag.py:3820} INFO - Setting next_dagrun for example_nested_branch_dag to 2023-12-23T00:00:00+00:00, run_after=2023-12-24T00:00:00+00:00
[2023-12-24T18:55:43.269-0300] {processor.py:183} INFO - Processing /home/felipe/.local/lib/python3.10/site-packages/airflow/example_dags/example_nested_branch_dag.py took 0.158 seconds
