[2023-12-24T17:38:36.259-0300] {taskinstance.py:1957} INFO - Dependencies all met for dep_context=non-requeueable deps ti=<TaskInstance: download_rocket_launches.get_pictures manual__2023-12-24T20:38:22.243532+00:00 [queued]>
[2023-12-24T17:38:36.273-0300] {taskinstance.py:1957} INFO - Dependencies all met for dep_context=requeueable deps ti=<TaskInstance: download_rocket_launches.get_pictures manual__2023-12-24T20:38:22.243532+00:00 [queued]>
[2023-12-24T17:38:36.274-0300] {taskinstance.py:2171} INFO - Starting attempt 1 of 1
[2023-12-24T17:38:36.305-0300] {taskinstance.py:2192} INFO - Executing <Task(PythonOperator): get_pictures> on 2023-12-24 20:38:22.243532+00:00
[2023-12-24T17:38:36.309-0300] {standard_task_runner.py:60} INFO - Started process 6386 to run task
[2023-12-24T17:38:36.315-0300] {standard_task_runner.py:87} INFO - Running: ['airflow', 'tasks', 'run', 'download_rocket_launches', 'get_pictures', 'manual__2023-12-24T20:38:22.243532+00:00', '--job-id', '4', '--raw', '--subdir', 'DAGS_FOLDER/launch_rocket.py', '--cfg-path', '/tmp/tmpj64_xhpq']
[2023-12-24T17:38:36.316-0300] {standard_task_runner.py:88} INFO - Job 4: Subtask get_pictures
[2023-12-24T17:38:36.385-0300] {task_command.py:423} INFO - Running <TaskInstance: download_rocket_launches.get_pictures manual__2023-12-24T20:38:22.243532+00:00 [running]> on host felipelx.
[2023-12-24T17:38:36.495-0300] {taskinstance.py:2481} INFO - Exporting env vars: AIRFLOW_CTX_DAG_OWNER='airflow' AIRFLOW_CTX_DAG_ID='download_rocket_launches' AIRFLOW_CTX_TASK_ID='get_pictures' AIRFLOW_CTX_EXECUTION_DATE='2023-12-24T20:38:22.243532+00:00' AIRFLOW_CTX_TRY_NUMBER='1' AIRFLOW_CTX_DAG_RUN_ID='manual__2023-12-24T20:38:22.243532+00:00'
[2023-12-24T17:38:37.580-0300] {logging_mixin.py:188} INFO - Downloaded https://spacelaunchnow-prod-east.nyc3.digitaloceanspaces.com/media/launch_images/falcon2520925_image_20231223073520.jpeg to /tmp/images/falcon2520925_image_20231223073520.jpeg
[2023-12-24T17:38:38.530-0300] {logging_mixin.py:188} INFO - Downloaded https://spacelaunchnow-prod-east.nyc3.digitaloceanspaces.com/media/launcher_images/kuaizhou_image_20191027094423.jpeg to /tmp/images/kuaizhou_image_20191027094423.jpeg
[2023-12-24T17:38:39.408-0300] {logging_mixin.py:188} INFO - Downloaded https://spacelaunchnow-prod-east.nyc3.digitaloceanspaces.com/media/launcher_images/long2520march252011_image_20190222031217.jpeg to /tmp/images/long2520march252011_image_20190222031217.jpeg
[2023-12-24T17:38:40.558-0300] {logging_mixin.py:188} INFO - Downloaded https://spacelaunchnow-prod-east.nyc3.digitaloceanspaces.com/media/launcher_images/long2520march25203b25202f2520yz-1_image_20200102180729.jpg to /tmp/images/long2520march25203b25202f2520yz-1_image_20200102180729.jpg
[2023-12-24T17:38:41.650-0300] {logging_mixin.py:188} INFO - Downloaded https://spacelaunchnow-prod-east.nyc3.digitaloceanspaces.com/media/launcher_images/soyuz_image_20190222031122.jpeg to /tmp/images/soyuz_image_20190222031122.jpeg
[2023-12-24T17:38:42.506-0300] {logging_mixin.py:188} INFO - Downloaded https://spacelaunchnow-prod-east.nyc3.digitaloceanspaces.com/media/launcher_images/kuaizhou_image_20191027094423.jpeg to /tmp/images/kuaizhou_image_20191027094423.jpeg
[2023-12-24T17:38:43.551-0300] {logging_mixin.py:188} INFO - Downloaded https://spacelaunchnow-prod-east.nyc3.digitaloceanspaces.com/media/launch_images/falcon2520heav_image_20231210135716.jpeg to /tmp/images/falcon2520heav_image_20231210135716.jpeg
[2023-12-24T17:38:44.940-0300] {logging_mixin.py:188} INFO - Downloaded https://spacelaunchnow-prod-east.nyc3.digitaloceanspaces.com/media/launch_images/falcon2520925_image_20231108221042.png to /tmp/images/falcon2520925_image_20231108221042.png
[2023-12-24T17:38:46.202-0300] {logging_mixin.py:188} INFO - Downloaded https://spacelaunchnow-prod-east.nyc3.digitaloceanspaces.com/media/launcher_images/ceres-1_image_20230722081939.jpeg to /tmp/images/ceres-1_image_20230722081939.jpeg
[2023-12-24T17:38:47.502-0300] {logging_mixin.py:188} INFO - Downloaded https://spacelaunchnow-prod-east.nyc3.digitaloceanspaces.com/media/launch_images/falcon2520925_image_20230920071550.png to /tmp/images/falcon2520925_image_20230920071550.png
[2023-12-24T17:38:47.505-0300] {python.py:201} INFO - Done. Returned value was: None
[2023-12-24T17:38:47.516-0300] {taskinstance.py:1138} INFO - Marking task as SUCCESS. dag_id=download_rocket_launches, task_id=get_pictures, execution_date=20231224T203822, start_date=20231224T203836, end_date=20231224T203847
[2023-12-24T17:38:47.546-0300] {local_task_job_runner.py:234} INFO - Task exited with return code 0
[2023-12-24T17:38:47.571-0300] {taskinstance.py:3281} INFO - 1 downstream tasks scheduled from follow-on schedule check
