[2023-12-24T17:21:44.348-0300] {processor.py:161} INFO - Started process (PID=5165) to work on /home/felipe/airflow/dags/launch_rocket.py
[2023-12-24T17:21:44.349-0300] {processor.py:830} INFO - Processing file /home/felipe/airflow/dags/launch_rocket.py for tasks to queue
[2023-12-24T17:21:44.351-0300] {logging_mixin.py:188} INFO - [2023-12-24T17:21:44.350-0300] {dagbag.py:538} INFO - Filling up the DagBag from /home/felipe/airflow/dags/launch_rocket.py
[2023-12-24T17:21:44.365-0300] {processor.py:840} INFO - DAG(s) 'download_rocket_launches' retrieved from /home/felipe/airflow/dags/launch_rocket.py
[2023-12-24T17:21:44.570-0300] {logging_mixin.py:188} INFO - [2023-12-24T17:21:44.569-0300] {override.py:1769} INFO - Created Permission View: can edit on DAG:download_rocket_launches
[2023-12-24T17:21:44.596-0300] {logging_mixin.py:188} INFO - [2023-12-24T17:21:44.595-0300] {override.py:1769} INFO - Created Permission View: can delete on DAG:download_rocket_launches
[2023-12-24T17:21:44.616-0300] {logging_mixin.py:188} INFO - [2023-12-24T17:21:44.615-0300] {override.py:1769} INFO - Created Permission View: can read on DAG:download_rocket_launches
[2023-12-24T17:21:44.616-0300] {logging_mixin.py:188} INFO - [2023-12-24T17:21:44.616-0300] {dag.py:3033} INFO - Sync 1 DAGs
[2023-12-24T17:21:44.639-0300] {logging_mixin.py:188} INFO - [2023-12-24T17:21:44.638-0300] {dag.py:3055} INFO - Creating ORM DAG for download_rocket_launches
[2023-12-24T17:21:44.640-0300] {logging_mixin.py:188} INFO - [2023-12-24T17:21:44.640-0300] {dag.py:3820} INFO - Setting next_dagrun for download_rocket_launches to None, run_after=None
[2023-12-24T17:21:44.686-0300] {processor.py:183} INFO - Processing /home/felipe/airflow/dags/launch_rocket.py took 0.342 seconds
[2023-12-24T17:22:34.793-0300] {processor.py:161} INFO - Started process (PID=5217) to work on /home/felipe/airflow/dags/launch_rocket.py
[2023-12-24T17:22:34.795-0300] {processor.py:830} INFO - Processing file /home/felipe/airflow/dags/launch_rocket.py for tasks to queue
[2023-12-24T17:22:34.797-0300] {logging_mixin.py:188} INFO - [2023-12-24T17:22:34.796-0300] {dagbag.py:538} INFO - Filling up the DagBag from /home/felipe/airflow/dags/launch_rocket.py
[2023-12-24T17:22:34.807-0300] {processor.py:840} INFO - DAG(s) 'download_rocket_launches' retrieved from /home/felipe/airflow/dags/launch_rocket.py
[2023-12-24T17:22:34.836-0300] {logging_mixin.py:188} INFO - [2023-12-24T17:22:34.835-0300] {dag.py:3033} INFO - Sync 1 DAGs
[2023-12-24T17:22:34.858-0300] {logging_mixin.py:188} INFO - [2023-12-24T17:22:34.858-0300] {dag.py:3820} INFO - Setting next_dagrun for download_rocket_launches to None, run_after=None
[2023-12-24T17:22:34.906-0300] {processor.py:183} INFO - Processing /home/felipe/airflow/dags/launch_rocket.py took 0.117 seconds
[2023-12-24T17:23:26.296-0300] {processor.py:161} INFO - Started process (PID=5275) to work on /home/felipe/airflow/dags/launch_rocket.py
[2023-12-24T17:23:26.298-0300] {processor.py:830} INFO - Processing file /home/felipe/airflow/dags/launch_rocket.py for tasks to queue
[2023-12-24T17:23:26.301-0300] {logging_mixin.py:188} INFO - [2023-12-24T17:23:26.300-0300] {dagbag.py:538} INFO - Filling up the DagBag from /home/felipe/airflow/dags/launch_rocket.py
[2023-12-24T17:23:26.312-0300] {processor.py:840} INFO - DAG(s) 'download_rocket_launches' retrieved from /home/felipe/airflow/dags/launch_rocket.py
[2023-12-24T17:23:26.356-0300] {logging_mixin.py:188} INFO - [2023-12-24T17:23:26.355-0300] {dag.py:3033} INFO - Sync 1 DAGs
[2023-12-24T17:23:26.381-0300] {logging_mixin.py:188} INFO - [2023-12-24T17:23:26.381-0300] {dag.py:3820} INFO - Setting next_dagrun for download_rocket_launches to None, run_after=None
[2023-12-24T17:23:26.433-0300] {processor.py:183} INFO - Processing /home/felipe/airflow/dags/launch_rocket.py took 0.142 seconds
[2023-12-24T17:24:26.805-0300] {processor.py:161} INFO - Started process (PID=5333) to work on /home/felipe/airflow/dags/launch_rocket.py
[2023-12-24T17:24:26.807-0300] {processor.py:830} INFO - Processing file /home/felipe/airflow/dags/launch_rocket.py for tasks to queue
[2023-12-24T17:24:26.809-0300] {logging_mixin.py:188} INFO - [2023-12-24T17:24:26.808-0300] {dagbag.py:538} INFO - Filling up the DagBag from /home/felipe/airflow/dags/launch_rocket.py
[2023-12-24T17:24:26.822-0300] {processor.py:840} INFO - DAG(s) 'download_rocket_launches' retrieved from /home/felipe/airflow/dags/launch_rocket.py
[2023-12-24T17:24:26.859-0300] {logging_mixin.py:188} INFO - [2023-12-24T17:24:26.858-0300] {dag.py:3033} INFO - Sync 1 DAGs
[2023-12-24T17:24:26.907-0300] {logging_mixin.py:188} INFO - [2023-12-24T17:24:26.907-0300] {dag.py:3820} INFO - Setting next_dagrun for download_rocket_launches to None, run_after=None
[2023-12-24T17:24:26.983-0300] {processor.py:183} INFO - Processing /home/felipe/airflow/dags/launch_rocket.py took 0.183 seconds
[2023-12-24T17:24:58.904-0300] {processor.py:161} INFO - Started process (PID=5365) to work on /home/felipe/airflow/dags/launch_rocket.py
[2023-12-24T17:24:58.907-0300] {processor.py:830} INFO - Processing file /home/felipe/airflow/dags/launch_rocket.py for tasks to queue
[2023-12-24T17:24:58.909-0300] {logging_mixin.py:188} INFO - [2023-12-24T17:24:58.909-0300] {dagbag.py:538} INFO - Filling up the DagBag from /home/felipe/airflow/dags/launch_rocket.py
[2023-12-24T17:24:58.931-0300] {processor.py:840} INFO - DAG(s) 'download_rocket_launches' retrieved from /home/felipe/airflow/dags/launch_rocket.py
[2023-12-24T17:24:58.970-0300] {logging_mixin.py:188} INFO - [2023-12-24T17:24:58.970-0300] {dag.py:3033} INFO - Sync 1 DAGs
[2023-12-24T17:24:58.993-0300] {logging_mixin.py:188} INFO - [2023-12-24T17:24:58.992-0300] {dag.py:3820} INFO - Setting next_dagrun for download_rocket_launches to None, run_after=None
[2023-12-24T17:24:59.040-0300] {processor.py:183} INFO - Processing /home/felipe/airflow/dags/launch_rocket.py took 0.147 seconds
[2023-12-24T17:25:51.098-0300] {processor.py:161} INFO - Started process (PID=5414) to work on /home/felipe/airflow/dags/launch_rocket.py
[2023-12-24T17:25:51.100-0300] {processor.py:830} INFO - Processing file /home/felipe/airflow/dags/launch_rocket.py for tasks to queue
[2023-12-24T17:25:51.102-0300] {logging_mixin.py:188} INFO - [2023-12-24T17:25:51.101-0300] {dagbag.py:538} INFO - Filling up the DagBag from /home/felipe/airflow/dags/launch_rocket.py
[2023-12-24T17:25:51.114-0300] {processor.py:840} INFO - DAG(s) 'download_rocket_launches' retrieved from /home/felipe/airflow/dags/launch_rocket.py
[2023-12-24T17:25:51.141-0300] {logging_mixin.py:188} INFO - [2023-12-24T17:25:51.140-0300] {dag.py:3033} INFO - Sync 1 DAGs
[2023-12-24T17:25:51.172-0300] {logging_mixin.py:188} INFO - [2023-12-24T17:25:51.171-0300] {dag.py:3820} INFO - Setting next_dagrun for download_rocket_launches to None, run_after=None
[2023-12-24T17:25:51.241-0300] {processor.py:183} INFO - Processing /home/felipe/airflow/dags/launch_rocket.py took 0.147 seconds
[2023-12-24T17:26:43.886-0300] {processor.py:161} INFO - Started process (PID=5487) to work on /home/felipe/airflow/dags/launch_rocket.py
[2023-12-24T17:26:43.888-0300] {processor.py:830} INFO - Processing file /home/felipe/airflow/dags/launch_rocket.py for tasks to queue
[2023-12-24T17:26:43.890-0300] {logging_mixin.py:188} INFO - [2023-12-24T17:26:43.890-0300] {dagbag.py:538} INFO - Filling up the DagBag from /home/felipe/airflow/dags/launch_rocket.py
[2023-12-24T17:26:43.900-0300] {processor.py:840} INFO - DAG(s) 'download_rocket_launches' retrieved from /home/felipe/airflow/dags/launch_rocket.py
[2023-12-24T17:26:43.928-0300] {logging_mixin.py:188} INFO - [2023-12-24T17:26:43.927-0300] {dag.py:3033} INFO - Sync 1 DAGs
[2023-12-24T17:26:43.950-0300] {logging_mixin.py:188} INFO - [2023-12-24T17:26:43.950-0300] {dag.py:3820} INFO - Setting next_dagrun for download_rocket_launches to None, run_after=None
[2023-12-24T17:26:43.995-0300] {processor.py:183} INFO - Processing /home/felipe/airflow/dags/launch_rocket.py took 0.114 seconds
[2023-12-24T17:27:39.325-0300] {processor.py:161} INFO - Started process (PID=5537) to work on /home/felipe/airflow/dags/launch_rocket.py
[2023-12-24T17:27:39.336-0300] {processor.py:830} INFO - Processing file /home/felipe/airflow/dags/launch_rocket.py for tasks to queue
[2023-12-24T17:27:39.338-0300] {logging_mixin.py:188} INFO - [2023-12-24T17:27:39.337-0300] {dagbag.py:538} INFO - Filling up the DagBag from /home/felipe/airflow/dags/launch_rocket.py
[2023-12-24T17:27:39.352-0300] {processor.py:840} INFO - DAG(s) 'download_rocket_launches' retrieved from /home/felipe/airflow/dags/launch_rocket.py
[2023-12-24T17:27:39.393-0300] {logging_mixin.py:188} INFO - [2023-12-24T17:27:39.392-0300] {dag.py:3033} INFO - Sync 1 DAGs
[2023-12-24T17:27:39.426-0300] {logging_mixin.py:188} INFO - [2023-12-24T17:27:39.426-0300] {dag.py:3820} INFO - Setting next_dagrun for download_rocket_launches to None, run_after=None
[2023-12-24T17:27:39.492-0300] {processor.py:183} INFO - Processing /home/felipe/airflow/dags/launch_rocket.py took 0.173 seconds
[2023-12-24T17:28:36.584-0300] {processor.py:161} INFO - Started process (PID=5587) to work on /home/felipe/airflow/dags/launch_rocket.py
[2023-12-24T17:28:36.587-0300] {processor.py:830} INFO - Processing file /home/felipe/airflow/dags/launch_rocket.py for tasks to queue
[2023-12-24T17:28:36.588-0300] {logging_mixin.py:188} INFO - [2023-12-24T17:28:36.588-0300] {dagbag.py:538} INFO - Filling up the DagBag from /home/felipe/airflow/dags/launch_rocket.py
[2023-12-24T17:28:36.599-0300] {processor.py:840} INFO - DAG(s) 'download_rocket_launches' retrieved from /home/felipe/airflow/dags/launch_rocket.py
[2023-12-24T17:28:36.626-0300] {logging_mixin.py:188} INFO - [2023-12-24T17:28:36.625-0300] {dag.py:3033} INFO - Sync 1 DAGs
[2023-12-24T17:28:36.648-0300] {logging_mixin.py:188} INFO - [2023-12-24T17:28:36.647-0300] {dag.py:3820} INFO - Setting next_dagrun for download_rocket_launches to None, run_after=None
[2023-12-24T17:28:36.697-0300] {processor.py:183} INFO - Processing /home/felipe/airflow/dags/launch_rocket.py took 0.118 seconds
[2023-12-24T17:29:28.746-0300] {processor.py:161} INFO - Started process (PID=5633) to work on /home/felipe/airflow/dags/launch_rocket.py
[2023-12-24T17:29:28.749-0300] {processor.py:830} INFO - Processing file /home/felipe/airflow/dags/launch_rocket.py for tasks to queue
[2023-12-24T17:29:28.751-0300] {logging_mixin.py:188} INFO - [2023-12-24T17:29:28.750-0300] {dagbag.py:538} INFO - Filling up the DagBag from /home/felipe/airflow/dags/launch_rocket.py
[2023-12-24T17:29:28.761-0300] {processor.py:840} INFO - DAG(s) 'download_rocket_launches' retrieved from /home/felipe/airflow/dags/launch_rocket.py
[2023-12-24T17:29:28.788-0300] {logging_mixin.py:188} INFO - [2023-12-24T17:29:28.788-0300] {dag.py:3033} INFO - Sync 1 DAGs
[2023-12-24T17:29:28.815-0300] {logging_mixin.py:188} INFO - [2023-12-24T17:29:28.814-0300] {dag.py:3820} INFO - Setting next_dagrun for download_rocket_launches to None, run_after=None
[2023-12-24T17:29:28.871-0300] {processor.py:183} INFO - Processing /home/felipe/airflow/dags/launch_rocket.py took 0.130 seconds
[2023-12-24T17:30:23.070-0300] {processor.py:161} INFO - Started process (PID=5681) to work on /home/felipe/airflow/dags/launch_rocket.py
[2023-12-24T17:30:23.072-0300] {processor.py:830} INFO - Processing file /home/felipe/airflow/dags/launch_rocket.py for tasks to queue
[2023-12-24T17:30:23.073-0300] {logging_mixin.py:188} INFO - [2023-12-24T17:30:23.073-0300] {dagbag.py:538} INFO - Filling up the DagBag from /home/felipe/airflow/dags/launch_rocket.py
[2023-12-24T17:30:23.083-0300] {processor.py:840} INFO - DAG(s) 'download_rocket_launches' retrieved from /home/felipe/airflow/dags/launch_rocket.py
[2023-12-24T17:30:23.108-0300] {logging_mixin.py:188} INFO - [2023-12-24T17:30:23.108-0300] {dag.py:3033} INFO - Sync 1 DAGs
[2023-12-24T17:30:23.129-0300] {logging_mixin.py:188} INFO - [2023-12-24T17:30:23.128-0300] {dag.py:3820} INFO - Setting next_dagrun for download_rocket_launches to None, run_after=None
[2023-12-24T17:30:23.181-0300] {processor.py:183} INFO - Processing /home/felipe/airflow/dags/launch_rocket.py took 0.116 seconds
[2023-12-24T17:31:18.751-0300] {processor.py:161} INFO - Started process (PID=5736) to work on /home/felipe/airflow/dags/launch_rocket.py
[2023-12-24T17:31:18.753-0300] {processor.py:830} INFO - Processing file /home/felipe/airflow/dags/launch_rocket.py for tasks to queue
[2023-12-24T17:31:18.755-0300] {logging_mixin.py:188} INFO - [2023-12-24T17:31:18.754-0300] {dagbag.py:538} INFO - Filling up the DagBag from /home/felipe/airflow/dags/launch_rocket.py
[2023-12-24T17:31:18.768-0300] {processor.py:840} INFO - DAG(s) 'download_rocket_launches' retrieved from /home/felipe/airflow/dags/launch_rocket.py
[2023-12-24T17:31:18.796-0300] {logging_mixin.py:188} INFO - [2023-12-24T17:31:18.796-0300] {dag.py:3033} INFO - Sync 1 DAGs
[2023-12-24T17:31:18.819-0300] {logging_mixin.py:188} INFO - [2023-12-24T17:31:18.818-0300] {dag.py:3820} INFO - Setting next_dagrun for download_rocket_launches to None, run_after=None
[2023-12-24T17:31:18.873-0300] {processor.py:183} INFO - Processing /home/felipe/airflow/dags/launch_rocket.py took 0.127 seconds
[2023-12-24T17:32:15.385-0300] {processor.py:161} INFO - Started process (PID=5813) to work on /home/felipe/airflow/dags/launch_rocket.py
[2023-12-24T17:32:15.388-0300] {processor.py:830} INFO - Processing file /home/felipe/airflow/dags/launch_rocket.py for tasks to queue
[2023-12-24T17:32:15.390-0300] {logging_mixin.py:188} INFO - [2023-12-24T17:32:15.389-0300] {dagbag.py:538} INFO - Filling up the DagBag from /home/felipe/airflow/dags/launch_rocket.py
[2023-12-24T17:32:15.404-0300] {processor.py:840} INFO - DAG(s) 'download_rocket_launches' retrieved from /home/felipe/airflow/dags/launch_rocket.py
[2023-12-24T17:32:15.436-0300] {logging_mixin.py:188} INFO - [2023-12-24T17:32:15.436-0300] {dag.py:3033} INFO - Sync 1 DAGs
[2023-12-24T17:32:15.473-0300] {logging_mixin.py:188} INFO - [2023-12-24T17:32:15.473-0300] {dag.py:3820} INFO - Setting next_dagrun for download_rocket_launches to None, run_after=None
[2023-12-24T17:32:15.531-0300] {processor.py:183} INFO - Processing /home/felipe/airflow/dags/launch_rocket.py took 0.152 seconds
[2023-12-24T17:33:10.609-0300] {processor.py:161} INFO - Started process (PID=5861) to work on /home/felipe/airflow/dags/launch_rocket.py
[2023-12-24T17:33:10.612-0300] {processor.py:830} INFO - Processing file /home/felipe/airflow/dags/launch_rocket.py for tasks to queue
[2023-12-24T17:33:10.614-0300] {logging_mixin.py:188} INFO - [2023-12-24T17:33:10.613-0300] {dagbag.py:538} INFO - Filling up the DagBag from /home/felipe/airflow/dags/launch_rocket.py
[2023-12-24T17:33:10.625-0300] {processor.py:840} INFO - DAG(s) 'download_rocket_launches' retrieved from /home/felipe/airflow/dags/launch_rocket.py
[2023-12-24T17:33:10.654-0300] {logging_mixin.py:188} INFO - [2023-12-24T17:33:10.653-0300] {dag.py:3033} INFO - Sync 1 DAGs
[2023-12-24T17:33:10.677-0300] {logging_mixin.py:188} INFO - [2023-12-24T17:33:10.676-0300] {dag.py:3820} INFO - Setting next_dagrun for download_rocket_launches to None, run_after=None
[2023-12-24T17:33:10.735-0300] {processor.py:183} INFO - Processing /home/felipe/airflow/dags/launch_rocket.py took 0.130 seconds
[2023-12-24T17:34:03.984-0300] {processor.py:161} INFO - Started process (PID=5909) to work on /home/felipe/airflow/dags/launch_rocket.py
[2023-12-24T17:34:03.988-0300] {processor.py:830} INFO - Processing file /home/felipe/airflow/dags/launch_rocket.py for tasks to queue
[2023-12-24T17:34:03.990-0300] {logging_mixin.py:188} INFO - [2023-12-24T17:34:03.989-0300] {dagbag.py:538} INFO - Filling up the DagBag from /home/felipe/airflow/dags/launch_rocket.py
[2023-12-24T17:34:04.005-0300] {processor.py:840} INFO - DAG(s) 'download_rocket_launches' retrieved from /home/felipe/airflow/dags/launch_rocket.py
[2023-12-24T17:34:04.039-0300] {logging_mixin.py:188} INFO - [2023-12-24T17:34:04.038-0300] {dag.py:3033} INFO - Sync 1 DAGs
[2023-12-24T17:34:04.072-0300] {logging_mixin.py:188} INFO - [2023-12-24T17:34:04.072-0300] {dag.py:3820} INFO - Setting next_dagrun for download_rocket_launches to None, run_after=None
[2023-12-24T17:34:04.118-0300] {processor.py:183} INFO - Processing /home/felipe/airflow/dags/launch_rocket.py took 0.140 seconds
[2023-12-24T17:34:55.569-0300] {processor.py:161} INFO - Started process (PID=5955) to work on /home/felipe/airflow/dags/launch_rocket.py
[2023-12-24T17:34:55.571-0300] {processor.py:830} INFO - Processing file /home/felipe/airflow/dags/launch_rocket.py for tasks to queue
[2023-12-24T17:34:55.572-0300] {logging_mixin.py:188} INFO - [2023-12-24T17:34:55.572-0300] {dagbag.py:538} INFO - Filling up the DagBag from /home/felipe/airflow/dags/launch_rocket.py
[2023-12-24T17:34:55.585-0300] {processor.py:840} INFO - DAG(s) 'download_rocket_launches' retrieved from /home/felipe/airflow/dags/launch_rocket.py
[2023-12-24T17:34:55.611-0300] {logging_mixin.py:188} INFO - [2023-12-24T17:34:55.611-0300] {dag.py:3033} INFO - Sync 1 DAGs
[2023-12-24T17:34:55.633-0300] {logging_mixin.py:188} INFO - [2023-12-24T17:34:55.632-0300] {dag.py:3820} INFO - Setting next_dagrun for download_rocket_launches to None, run_after=None
[2023-12-24T17:34:55.685-0300] {processor.py:183} INFO - Processing /home/felipe/airflow/dags/launch_rocket.py took 0.121 seconds
[2023-12-24T17:35:52.827-0300] {processor.py:161} INFO - Started process (PID=6006) to work on /home/felipe/airflow/dags/launch_rocket.py
[2023-12-24T17:35:52.829-0300] {processor.py:830} INFO - Processing file /home/felipe/airflow/dags/launch_rocket.py for tasks to queue
[2023-12-24T17:35:52.830-0300] {logging_mixin.py:188} INFO - [2023-12-24T17:35:52.830-0300] {dagbag.py:538} INFO - Filling up the DagBag from /home/felipe/airflow/dags/launch_rocket.py
[2023-12-24T17:35:52.841-0300] {processor.py:840} INFO - DAG(s) 'download_rocket_launches' retrieved from /home/felipe/airflow/dags/launch_rocket.py
[2023-12-24T17:35:52.866-0300] {logging_mixin.py:188} INFO - [2023-12-24T17:35:52.865-0300] {dag.py:3033} INFO - Sync 1 DAGs
[2023-12-24T17:35:52.889-0300] {logging_mixin.py:188} INFO - [2023-12-24T17:35:52.888-0300] {dag.py:3820} INFO - Setting next_dagrun for download_rocket_launches to None, run_after=None
[2023-12-24T17:35:52.944-0300] {processor.py:183} INFO - Processing /home/felipe/airflow/dags/launch_rocket.py took 0.121 seconds
[2023-12-24T17:36:51.823-0300] {processor.py:161} INFO - Started process (PID=6094) to work on /home/felipe/airflow/dags/launch_rocket.py
[2023-12-24T17:36:51.826-0300] {processor.py:830} INFO - Processing file /home/felipe/airflow/dags/launch_rocket.py for tasks to queue
[2023-12-24T17:36:51.828-0300] {logging_mixin.py:188} INFO - [2023-12-24T17:36:51.827-0300] {dagbag.py:538} INFO - Filling up the DagBag from /home/felipe/airflow/dags/launch_rocket.py
[2023-12-24T17:36:51.839-0300] {processor.py:840} INFO - DAG(s) 'download_rocket_launches' retrieved from /home/felipe/airflow/dags/launch_rocket.py
[2023-12-24T17:36:51.865-0300] {logging_mixin.py:188} INFO - [2023-12-24T17:36:51.864-0300] {dag.py:3033} INFO - Sync 1 DAGs
[2023-12-24T17:36:51.889-0300] {logging_mixin.py:188} INFO - [2023-12-24T17:36:51.889-0300] {dag.py:3820} INFO - Setting next_dagrun for download_rocket_launches to None, run_after=None
[2023-12-24T17:36:51.937-0300] {processor.py:183} INFO - Processing /home/felipe/airflow/dags/launch_rocket.py took 0.119 seconds
[2023-12-24T17:37:19.267-0300] {processor.py:161} INFO - Started process (PID=6165) to work on /home/felipe/airflow/dags/launch_rocket.py
[2023-12-24T17:37:19.269-0300] {processor.py:830} INFO - Processing file /home/felipe/airflow/dags/launch_rocket.py for tasks to queue
[2023-12-24T17:37:19.270-0300] {logging_mixin.py:188} INFO - [2023-12-24T17:37:19.270-0300] {dagbag.py:538} INFO - Filling up the DagBag from /home/felipe/airflow/dags/launch_rocket.py
[2023-12-24T17:37:19.285-0300] {processor.py:840} INFO - DAG(s) 'download_rocket_launches' retrieved from /home/felipe/airflow/dags/launch_rocket.py
[2023-12-24T17:37:19.321-0300] {logging_mixin.py:188} INFO - [2023-12-24T17:37:19.321-0300] {dag.py:3033} INFO - Sync 1 DAGs
[2023-12-24T17:37:19.353-0300] {logging_mixin.py:188} INFO - [2023-12-24T17:37:19.353-0300] {dag.py:3820} INFO - Setting next_dagrun for download_rocket_launches to None, run_after=None
[2023-12-24T17:37:19.410-0300] {processor.py:183} INFO - Processing /home/felipe/airflow/dags/launch_rocket.py took 0.148 seconds
[2023-12-24T17:38:20.236-0300] {processor.py:161} INFO - Started process (PID=6279) to work on /home/felipe/airflow/dags/launch_rocket.py
[2023-12-24T17:38:20.238-0300] {processor.py:830} INFO - Processing file /home/felipe/airflow/dags/launch_rocket.py for tasks to queue
[2023-12-24T17:38:20.240-0300] {logging_mixin.py:188} INFO - [2023-12-24T17:38:20.239-0300] {dagbag.py:538} INFO - Filling up the DagBag from /home/felipe/airflow/dags/launch_rocket.py
[2023-12-24T17:38:20.251-0300] {processor.py:840} INFO - DAG(s) 'download_rocket_launches' retrieved from /home/felipe/airflow/dags/launch_rocket.py
[2023-12-24T17:38:20.279-0300] {logging_mixin.py:188} INFO - [2023-12-24T17:38:20.278-0300] {dag.py:3033} INFO - Sync 1 DAGs
[2023-12-24T17:38:20.304-0300] {logging_mixin.py:188} INFO - [2023-12-24T17:38:20.304-0300] {dag.py:3820} INFO - Setting next_dagrun for download_rocket_launches to None, run_after=None
[2023-12-24T17:38:20.357-0300] {processor.py:183} INFO - Processing /home/felipe/airflow/dags/launch_rocket.py took 0.126 seconds
[2023-12-24T17:39:18.735-0300] {processor.py:161} INFO - Started process (PID=6536) to work on /home/felipe/airflow/dags/launch_rocket.py
[2023-12-24T17:39:18.737-0300] {processor.py:830} INFO - Processing file /home/felipe/airflow/dags/launch_rocket.py for tasks to queue
[2023-12-24T17:39:18.738-0300] {logging_mixin.py:188} INFO - [2023-12-24T17:39:18.738-0300] {dagbag.py:538} INFO - Filling up the DagBag from /home/felipe/airflow/dags/launch_rocket.py
[2023-12-24T17:39:18.747-0300] {processor.py:840} INFO - DAG(s) 'download_rocket_launches' retrieved from /home/felipe/airflow/dags/launch_rocket.py
[2023-12-24T17:39:18.771-0300] {logging_mixin.py:188} INFO - [2023-12-24T17:39:18.770-0300] {dag.py:3033} INFO - Sync 1 DAGs
[2023-12-24T17:39:18.792-0300] {logging_mixin.py:188} INFO - [2023-12-24T17:39:18.792-0300] {dag.py:3820} INFO - Setting next_dagrun for download_rocket_launches to None, run_after=None
[2023-12-24T17:39:18.835-0300] {processor.py:183} INFO - Processing /home/felipe/airflow/dags/launch_rocket.py took 0.104 seconds
[2023-12-24T17:39:51.291-0300] {processor.py:161} INFO - Started process (PID=6565) to work on /home/felipe/airflow/dags/launch_rocket.py
[2023-12-24T17:39:51.293-0300] {processor.py:830} INFO - Processing file /home/felipe/airflow/dags/launch_rocket.py for tasks to queue
[2023-12-24T17:39:51.295-0300] {logging_mixin.py:188} INFO - [2023-12-24T17:39:51.294-0300] {dagbag.py:538} INFO - Filling up the DagBag from /home/felipe/airflow/dags/launch_rocket.py
[2023-12-24T17:39:51.304-0300] {processor.py:840} INFO - DAG(s) 'download_rocket_launches' retrieved from /home/felipe/airflow/dags/launch_rocket.py
[2023-12-24T17:39:51.328-0300] {logging_mixin.py:188} INFO - [2023-12-24T17:39:51.328-0300] {dag.py:3033} INFO - Sync 1 DAGs
[2023-12-24T17:39:51.349-0300] {logging_mixin.py:188} INFO - [2023-12-24T17:39:51.348-0300] {dag.py:3820} INFO - Setting next_dagrun for download_rocket_launches to None, run_after=None
[2023-12-24T17:39:51.392-0300] {processor.py:183} INFO - Processing /home/felipe/airflow/dags/launch_rocket.py took 0.106 seconds
[2023-12-24T17:40:50.740-0300] {processor.py:161} INFO - Started process (PID=6616) to work on /home/felipe/airflow/dags/launch_rocket.py
[2023-12-24T17:40:50.742-0300] {processor.py:830} INFO - Processing file /home/felipe/airflow/dags/launch_rocket.py for tasks to queue
[2023-12-24T17:40:50.743-0300] {logging_mixin.py:188} INFO - [2023-12-24T17:40:50.743-0300] {dagbag.py:538} INFO - Filling up the DagBag from /home/felipe/airflow/dags/launch_rocket.py
[2023-12-24T17:40:50.752-0300] {processor.py:840} INFO - DAG(s) 'download_rocket_launches' retrieved from /home/felipe/airflow/dags/launch_rocket.py
[2023-12-24T17:40:50.783-0300] {logging_mixin.py:188} INFO - [2023-12-24T17:40:50.782-0300] {dag.py:3033} INFO - Sync 1 DAGs
[2023-12-24T17:40:50.811-0300] {logging_mixin.py:188} INFO - [2023-12-24T17:40:50.811-0300] {dag.py:3820} INFO - Setting next_dagrun for download_rocket_launches to None, run_after=None
[2023-12-24T17:40:50.885-0300] {processor.py:183} INFO - Processing /home/felipe/airflow/dags/launch_rocket.py took 0.150 seconds
[2023-12-24T17:41:43.189-0300] {processor.py:161} INFO - Started process (PID=6666) to work on /home/felipe/airflow/dags/launch_rocket.py
[2023-12-24T17:41:43.191-0300] {processor.py:830} INFO - Processing file /home/felipe/airflow/dags/launch_rocket.py for tasks to queue
[2023-12-24T17:41:43.193-0300] {logging_mixin.py:188} INFO - [2023-12-24T17:41:43.192-0300] {dagbag.py:538} INFO - Filling up the DagBag from /home/felipe/airflow/dags/launch_rocket.py
[2023-12-24T17:41:43.204-0300] {processor.py:840} INFO - DAG(s) 'download_rocket_launches' retrieved from /home/felipe/airflow/dags/launch_rocket.py
[2023-12-24T17:41:43.228-0300] {logging_mixin.py:188} INFO - [2023-12-24T17:41:43.228-0300] {dag.py:3033} INFO - Sync 1 DAGs
[2023-12-24T17:41:43.251-0300] {logging_mixin.py:188} INFO - [2023-12-24T17:41:43.251-0300] {dag.py:3820} INFO - Setting next_dagrun for download_rocket_launches to None, run_after=None
[2023-12-24T17:41:43.301-0300] {processor.py:183} INFO - Processing /home/felipe/airflow/dags/launch_rocket.py took 0.115 seconds
[2023-12-24T17:42:34.724-0300] {processor.py:161} INFO - Started process (PID=6740) to work on /home/felipe/airflow/dags/launch_rocket.py
[2023-12-24T17:42:34.726-0300] {processor.py:830} INFO - Processing file /home/felipe/airflow/dags/launch_rocket.py for tasks to queue
[2023-12-24T17:42:34.727-0300] {logging_mixin.py:188} INFO - [2023-12-24T17:42:34.727-0300] {dagbag.py:538} INFO - Filling up the DagBag from /home/felipe/airflow/dags/launch_rocket.py
[2023-12-24T17:42:34.736-0300] {processor.py:840} INFO - DAG(s) 'download_rocket_launches' retrieved from /home/felipe/airflow/dags/launch_rocket.py
[2023-12-24T17:42:34.759-0300] {logging_mixin.py:188} INFO - [2023-12-24T17:42:34.759-0300] {dag.py:3033} INFO - Sync 1 DAGs
[2023-12-24T17:42:34.781-0300] {logging_mixin.py:188} INFO - [2023-12-24T17:42:34.781-0300] {dag.py:3820} INFO - Setting next_dagrun for download_rocket_launches to None, run_after=None
[2023-12-24T17:42:34.825-0300] {processor.py:183} INFO - Processing /home/felipe/airflow/dags/launch_rocket.py took 0.105 seconds
[2023-12-24T17:43:26.348-0300] {processor.py:161} INFO - Started process (PID=6792) to work on /home/felipe/airflow/dags/launch_rocket.py
[2023-12-24T17:43:26.350-0300] {processor.py:830} INFO - Processing file /home/felipe/airflow/dags/launch_rocket.py for tasks to queue
[2023-12-24T17:43:26.352-0300] {logging_mixin.py:188} INFO - [2023-12-24T17:43:26.352-0300] {dagbag.py:538} INFO - Filling up the DagBag from /home/felipe/airflow/dags/launch_rocket.py
[2023-12-24T17:43:26.364-0300] {processor.py:840} INFO - DAG(s) 'download_rocket_launches' retrieved from /home/felipe/airflow/dags/launch_rocket.py
[2023-12-24T17:43:26.396-0300] {logging_mixin.py:188} INFO - [2023-12-24T17:43:26.395-0300] {dag.py:3033} INFO - Sync 1 DAGs
[2023-12-24T17:43:26.431-0300] {logging_mixin.py:188} INFO - [2023-12-24T17:43:26.430-0300] {dag.py:3820} INFO - Setting next_dagrun for download_rocket_launches to None, run_after=None
[2023-12-24T17:43:26.503-0300] {processor.py:183} INFO - Processing /home/felipe/airflow/dags/launch_rocket.py took 0.161 seconds
[2023-12-24T17:44:27.814-0300] {processor.py:161} INFO - Started process (PID=6845) to work on /home/felipe/airflow/dags/launch_rocket.py
[2023-12-24T17:44:27.816-0300] {processor.py:830} INFO - Processing file /home/felipe/airflow/dags/launch_rocket.py for tasks to queue
[2023-12-24T17:44:27.817-0300] {logging_mixin.py:188} INFO - [2023-12-24T17:44:27.817-0300] {dagbag.py:538} INFO - Filling up the DagBag from /home/felipe/airflow/dags/launch_rocket.py
[2023-12-24T17:44:27.828-0300] {processor.py:840} INFO - DAG(s) 'download_rocket_launches' retrieved from /home/felipe/airflow/dags/launch_rocket.py
[2023-12-24T17:44:27.852-0300] {logging_mixin.py:188} INFO - [2023-12-24T17:44:27.852-0300] {dag.py:3033} INFO - Sync 1 DAGs
[2023-12-24T17:44:27.873-0300] {logging_mixin.py:188} INFO - [2023-12-24T17:44:27.873-0300] {dag.py:3820} INFO - Setting next_dagrun for download_rocket_launches to None, run_after=None
[2023-12-24T17:44:27.918-0300] {processor.py:183} INFO - Processing /home/felipe/airflow/dags/launch_rocket.py took 0.109 seconds
[2023-12-24T17:45:20.722-0300] {processor.py:161} INFO - Started process (PID=6895) to work on /home/felipe/airflow/dags/launch_rocket.py
[2023-12-24T17:45:20.724-0300] {processor.py:830} INFO - Processing file /home/felipe/airflow/dags/launch_rocket.py for tasks to queue
[2023-12-24T17:45:20.725-0300] {logging_mixin.py:188} INFO - [2023-12-24T17:45:20.725-0300] {dagbag.py:538} INFO - Filling up the DagBag from /home/felipe/airflow/dags/launch_rocket.py
[2023-12-24T17:45:20.734-0300] {processor.py:840} INFO - DAG(s) 'download_rocket_launches' retrieved from /home/felipe/airflow/dags/launch_rocket.py
[2023-12-24T17:45:20.758-0300] {logging_mixin.py:188} INFO - [2023-12-24T17:45:20.758-0300] {dag.py:3033} INFO - Sync 1 DAGs
[2023-12-24T17:45:20.778-0300] {logging_mixin.py:188} INFO - [2023-12-24T17:45:20.777-0300] {dag.py:3820} INFO - Setting next_dagrun for download_rocket_launches to None, run_after=None
[2023-12-24T17:45:20.822-0300] {processor.py:183} INFO - Processing /home/felipe/airflow/dags/launch_rocket.py took 0.104 seconds
[2023-12-24T17:46:10.695-0300] {processor.py:161} INFO - Started process (PID=6942) to work on /home/felipe/airflow/dags/launch_rocket.py
[2023-12-24T17:46:10.698-0300] {processor.py:830} INFO - Processing file /home/felipe/airflow/dags/launch_rocket.py for tasks to queue
[2023-12-24T17:46:10.702-0300] {logging_mixin.py:188} INFO - [2023-12-24T17:46:10.701-0300] {dagbag.py:538} INFO - Filling up the DagBag from /home/felipe/airflow/dags/launch_rocket.py
[2023-12-24T17:46:10.712-0300] {processor.py:840} INFO - DAG(s) 'download_rocket_launches' retrieved from /home/felipe/airflow/dags/launch_rocket.py
[2023-12-24T17:46:10.738-0300] {logging_mixin.py:188} INFO - [2023-12-24T17:46:10.738-0300] {dag.py:3033} INFO - Sync 1 DAGs
[2023-12-24T17:46:10.763-0300] {logging_mixin.py:188} INFO - [2023-12-24T17:46:10.763-0300] {dag.py:3820} INFO - Setting next_dagrun for download_rocket_launches to None, run_after=None
[2023-12-24T17:46:10.815-0300] {processor.py:183} INFO - Processing /home/felipe/airflow/dags/launch_rocket.py took 0.125 seconds
[2023-12-24T17:47:04.768-0300] {processor.py:161} INFO - Started process (PID=6991) to work on /home/felipe/airflow/dags/launch_rocket.py
[2023-12-24T17:47:04.770-0300] {processor.py:830} INFO - Processing file /home/felipe/airflow/dags/launch_rocket.py for tasks to queue
[2023-12-24T17:47:04.771-0300] {logging_mixin.py:188} INFO - [2023-12-24T17:47:04.771-0300] {dagbag.py:538} INFO - Filling up the DagBag from /home/felipe/airflow/dags/launch_rocket.py
[2023-12-24T17:47:04.782-0300] {processor.py:840} INFO - DAG(s) 'download_rocket_launches' retrieved from /home/felipe/airflow/dags/launch_rocket.py
[2023-12-24T17:47:04.806-0300] {logging_mixin.py:188} INFO - [2023-12-24T17:47:04.806-0300] {dag.py:3033} INFO - Sync 1 DAGs
[2023-12-24T17:47:04.827-0300] {logging_mixin.py:188} INFO - [2023-12-24T17:47:04.827-0300] {dag.py:3820} INFO - Setting next_dagrun for download_rocket_launches to None, run_after=None
[2023-12-24T17:47:04.882-0300] {processor.py:183} INFO - Processing /home/felipe/airflow/dags/launch_rocket.py took 0.119 seconds
[2023-12-24T17:47:58.068-0300] {processor.py:161} INFO - Started process (PID=7064) to work on /home/felipe/airflow/dags/launch_rocket.py
[2023-12-24T17:47:58.070-0300] {processor.py:830} INFO - Processing file /home/felipe/airflow/dags/launch_rocket.py for tasks to queue
[2023-12-24T17:47:58.072-0300] {logging_mixin.py:188} INFO - [2023-12-24T17:47:58.071-0300] {dagbag.py:538} INFO - Filling up the DagBag from /home/felipe/airflow/dags/launch_rocket.py
[2023-12-24T17:47:58.081-0300] {processor.py:840} INFO - DAG(s) 'download_rocket_launches' retrieved from /home/felipe/airflow/dags/launch_rocket.py
[2023-12-24T17:47:58.104-0300] {logging_mixin.py:188} INFO - [2023-12-24T17:47:58.103-0300] {dag.py:3033} INFO - Sync 1 DAGs
[2023-12-24T17:47:58.123-0300] {logging_mixin.py:188} INFO - [2023-12-24T17:47:58.123-0300] {dag.py:3820} INFO - Setting next_dagrun for download_rocket_launches to None, run_after=None
[2023-12-24T17:47:58.164-0300] {processor.py:183} INFO - Processing /home/felipe/airflow/dags/launch_rocket.py took 0.099 seconds
[2023-12-24T17:48:50.892-0300] {processor.py:161} INFO - Started process (PID=7118) to work on /home/felipe/airflow/dags/launch_rocket.py
[2023-12-24T17:48:50.894-0300] {processor.py:830} INFO - Processing file /home/felipe/airflow/dags/launch_rocket.py for tasks to queue
[2023-12-24T17:48:50.897-0300] {logging_mixin.py:188} INFO - [2023-12-24T17:48:50.896-0300] {dagbag.py:538} INFO - Filling up the DagBag from /home/felipe/airflow/dags/launch_rocket.py
[2023-12-24T17:48:50.907-0300] {processor.py:840} INFO - DAG(s) 'download_rocket_launches' retrieved from /home/felipe/airflow/dags/launch_rocket.py
[2023-12-24T17:48:50.932-0300] {logging_mixin.py:188} INFO - [2023-12-24T17:48:50.932-0300] {dag.py:3033} INFO - Sync 1 DAGs
[2023-12-24T17:48:50.954-0300] {logging_mixin.py:188} INFO - [2023-12-24T17:48:50.953-0300] {dag.py:3820} INFO - Setting next_dagrun for download_rocket_launches to None, run_after=None
[2023-12-24T17:48:51.004-0300] {processor.py:183} INFO - Processing /home/felipe/airflow/dags/launch_rocket.py took 0.116 seconds
[2023-12-24T17:49:44.896-0300] {processor.py:161} INFO - Started process (PID=7165) to work on /home/felipe/airflow/dags/launch_rocket.py
[2023-12-24T17:49:44.906-0300] {processor.py:830} INFO - Processing file /home/felipe/airflow/dags/launch_rocket.py for tasks to queue
[2023-12-24T17:49:44.908-0300] {logging_mixin.py:188} INFO - [2023-12-24T17:49:44.908-0300] {dagbag.py:538} INFO - Filling up the DagBag from /home/felipe/airflow/dags/launch_rocket.py
[2023-12-24T17:49:44.917-0300] {processor.py:840} INFO - DAG(s) 'download_rocket_launches' retrieved from /home/felipe/airflow/dags/launch_rocket.py
[2023-12-24T17:49:44.945-0300] {logging_mixin.py:188} INFO - [2023-12-24T17:49:44.944-0300] {dag.py:3033} INFO - Sync 1 DAGs
[2023-12-24T17:49:44.966-0300] {logging_mixin.py:188} INFO - [2023-12-24T17:49:44.965-0300] {dag.py:3820} INFO - Setting next_dagrun for download_rocket_launches to None, run_after=None
[2023-12-24T17:49:45.018-0300] {processor.py:183} INFO - Processing /home/felipe/airflow/dags/launch_rocket.py took 0.127 seconds
[2023-12-24T17:50:39.241-0300] {processor.py:161} INFO - Started process (PID=7215) to work on /home/felipe/airflow/dags/launch_rocket.py
[2023-12-24T17:50:39.243-0300] {processor.py:830} INFO - Processing file /home/felipe/airflow/dags/launch_rocket.py for tasks to queue
[2023-12-24T17:50:39.245-0300] {logging_mixin.py:188} INFO - [2023-12-24T17:50:39.244-0300] {dagbag.py:538} INFO - Filling up the DagBag from /home/felipe/airflow/dags/launch_rocket.py
[2023-12-24T17:50:39.254-0300] {processor.py:840} INFO - DAG(s) 'download_rocket_launches' retrieved from /home/felipe/airflow/dags/launch_rocket.py
[2023-12-24T17:50:39.277-0300] {logging_mixin.py:188} INFO - [2023-12-24T17:50:39.276-0300] {dag.py:3033} INFO - Sync 1 DAGs
[2023-12-24T17:50:39.296-0300] {logging_mixin.py:188} INFO - [2023-12-24T17:50:39.296-0300] {dag.py:3820} INFO - Setting next_dagrun for download_rocket_launches to None, run_after=None
[2023-12-24T17:50:39.339-0300] {processor.py:183} INFO - Processing /home/felipe/airflow/dags/launch_rocket.py took 0.101 seconds
[2023-12-24T17:51:33.801-0300] {processor.py:161} INFO - Started process (PID=7263) to work on /home/felipe/airflow/dags/launch_rocket.py
[2023-12-24T17:51:33.804-0300] {processor.py:830} INFO - Processing file /home/felipe/airflow/dags/launch_rocket.py for tasks to queue
[2023-12-24T17:51:33.806-0300] {logging_mixin.py:188} INFO - [2023-12-24T17:51:33.805-0300] {dagbag.py:538} INFO - Filling up the DagBag from /home/felipe/airflow/dags/launch_rocket.py
[2023-12-24T17:51:33.815-0300] {processor.py:840} INFO - DAG(s) 'download_rocket_launches' retrieved from /home/felipe/airflow/dags/launch_rocket.py
[2023-12-24T17:51:33.837-0300] {logging_mixin.py:188} INFO - [2023-12-24T17:51:33.837-0300] {dag.py:3033} INFO - Sync 1 DAGs
[2023-12-24T17:51:33.857-0300] {logging_mixin.py:188} INFO - [2023-12-24T17:51:33.857-0300] {dag.py:3820} INFO - Setting next_dagrun for download_rocket_launches to None, run_after=None
[2023-12-24T17:51:33.898-0300] {processor.py:183} INFO - Processing /home/felipe/airflow/dags/launch_rocket.py took 0.101 seconds
[2023-12-24T17:52:27.256-0300] {processor.py:161} INFO - Started process (PID=7337) to work on /home/felipe/airflow/dags/launch_rocket.py
[2023-12-24T17:52:27.258-0300] {processor.py:830} INFO - Processing file /home/felipe/airflow/dags/launch_rocket.py for tasks to queue
[2023-12-24T17:52:27.259-0300] {logging_mixin.py:188} INFO - [2023-12-24T17:52:27.259-0300] {dagbag.py:538} INFO - Filling up the DagBag from /home/felipe/airflow/dags/launch_rocket.py
[2023-12-24T17:52:27.269-0300] {processor.py:840} INFO - DAG(s) 'download_rocket_launches' retrieved from /home/felipe/airflow/dags/launch_rocket.py
[2023-12-24T17:52:27.291-0300] {logging_mixin.py:188} INFO - [2023-12-24T17:52:27.290-0300] {dag.py:3033} INFO - Sync 1 DAGs
[2023-12-24T17:52:27.311-0300] {logging_mixin.py:188} INFO - [2023-12-24T17:52:27.311-0300] {dag.py:3820} INFO - Setting next_dagrun for download_rocket_launches to None, run_after=None
[2023-12-24T17:52:27.355-0300] {processor.py:183} INFO - Processing /home/felipe/airflow/dags/launch_rocket.py took 0.103 seconds
[2023-12-24T17:53:23.080-0300] {processor.py:161} INFO - Started process (PID=7385) to work on /home/felipe/airflow/dags/launch_rocket.py
[2023-12-24T17:53:23.082-0300] {processor.py:830} INFO - Processing file /home/felipe/airflow/dags/launch_rocket.py for tasks to queue
[2023-12-24T17:53:23.084-0300] {logging_mixin.py:188} INFO - [2023-12-24T17:53:23.083-0300] {dagbag.py:538} INFO - Filling up the DagBag from /home/felipe/airflow/dags/launch_rocket.py
[2023-12-24T17:53:23.093-0300] {processor.py:840} INFO - DAG(s) 'download_rocket_launches' retrieved from /home/felipe/airflow/dags/launch_rocket.py
[2023-12-24T17:53:23.116-0300] {logging_mixin.py:188} INFO - [2023-12-24T17:53:23.116-0300] {dag.py:3033} INFO - Sync 1 DAGs
[2023-12-24T17:53:23.136-0300] {logging_mixin.py:188} INFO - [2023-12-24T17:53:23.136-0300] {dag.py:3820} INFO - Setting next_dagrun for download_rocket_launches to None, run_after=None
[2023-12-24T17:53:23.178-0300] {processor.py:183} INFO - Processing /home/felipe/airflow/dags/launch_rocket.py took 0.102 seconds
[2023-12-24T17:54:20.232-0300] {processor.py:161} INFO - Started process (PID=7439) to work on /home/felipe/airflow/dags/launch_rocket.py
[2023-12-24T17:54:20.234-0300] {processor.py:830} INFO - Processing file /home/felipe/airflow/dags/launch_rocket.py for tasks to queue
[2023-12-24T17:54:20.236-0300] {logging_mixin.py:188} INFO - [2023-12-24T17:54:20.235-0300] {dagbag.py:538} INFO - Filling up the DagBag from /home/felipe/airflow/dags/launch_rocket.py
[2023-12-24T17:54:20.246-0300] {processor.py:840} INFO - DAG(s) 'download_rocket_launches' retrieved from /home/felipe/airflow/dags/launch_rocket.py
[2023-12-24T17:54:20.270-0300] {logging_mixin.py:188} INFO - [2023-12-24T17:54:20.269-0300] {dag.py:3033} INFO - Sync 1 DAGs
[2023-12-24T17:54:20.290-0300] {logging_mixin.py:188} INFO - [2023-12-24T17:54:20.289-0300] {dag.py:3820} INFO - Setting next_dagrun for download_rocket_launches to None, run_after=None
[2023-12-24T17:54:20.339-0300] {processor.py:183} INFO - Processing /home/felipe/airflow/dags/launch_rocket.py took 0.110 seconds
[2023-12-24T17:55:14.516-0300] {processor.py:161} INFO - Started process (PID=7487) to work on /home/felipe/airflow/dags/launch_rocket.py
[2023-12-24T17:55:14.519-0300] {processor.py:830} INFO - Processing file /home/felipe/airflow/dags/launch_rocket.py for tasks to queue
[2023-12-24T17:55:14.520-0300] {logging_mixin.py:188} INFO - [2023-12-24T17:55:14.520-0300] {dagbag.py:538} INFO - Filling up the DagBag from /home/felipe/airflow/dags/launch_rocket.py
[2023-12-24T17:55:14.529-0300] {processor.py:840} INFO - DAG(s) 'download_rocket_launches' retrieved from /home/felipe/airflow/dags/launch_rocket.py
[2023-12-24T17:55:14.552-0300] {logging_mixin.py:188} INFO - [2023-12-24T17:55:14.551-0300] {dag.py:3033} INFO - Sync 1 DAGs
[2023-12-24T17:55:14.572-0300] {logging_mixin.py:188} INFO - [2023-12-24T17:55:14.572-0300] {dag.py:3820} INFO - Setting next_dagrun for download_rocket_launches to None, run_after=None
[2023-12-24T17:55:14.613-0300] {processor.py:183} INFO - Processing /home/felipe/airflow/dags/launch_rocket.py took 0.101 seconds
[2023-12-24T17:56:02.138-0300] {processor.py:161} INFO - Started process (PID=7531) to work on /home/felipe/airflow/dags/launch_rocket.py
[2023-12-24T17:56:02.140-0300] {processor.py:830} INFO - Processing file /home/felipe/airflow/dags/launch_rocket.py for tasks to queue
[2023-12-24T17:56:02.142-0300] {logging_mixin.py:188} INFO - [2023-12-24T17:56:02.141-0300] {dagbag.py:538} INFO - Filling up the DagBag from /home/felipe/airflow/dags/launch_rocket.py
[2023-12-24T17:56:02.154-0300] {processor.py:840} INFO - DAG(s) 'download_rocket_launches' retrieved from /home/felipe/airflow/dags/launch_rocket.py
[2023-12-24T17:56:02.176-0300] {logging_mixin.py:188} INFO - [2023-12-24T17:56:02.176-0300] {dag.py:3033} INFO - Sync 1 DAGs
[2023-12-24T17:56:02.196-0300] {logging_mixin.py:188} INFO - [2023-12-24T17:56:02.196-0300] {dag.py:3820} INFO - Setting next_dagrun for download_rocket_launches to None, run_after=None
[2023-12-24T17:56:02.237-0300] {processor.py:183} INFO - Processing /home/felipe/airflow/dags/launch_rocket.py took 0.102 seconds
[2023-12-24T17:56:52.783-0300] {processor.py:161} INFO - Started process (PID=7576) to work on /home/felipe/airflow/dags/launch_rocket.py
[2023-12-24T17:56:52.785-0300] {processor.py:830} INFO - Processing file /home/felipe/airflow/dags/launch_rocket.py for tasks to queue
[2023-12-24T17:56:52.786-0300] {logging_mixin.py:188} INFO - [2023-12-24T17:56:52.786-0300] {dagbag.py:538} INFO - Filling up the DagBag from /home/felipe/airflow/dags/launch_rocket.py
[2023-12-24T17:56:52.795-0300] {processor.py:840} INFO - DAG(s) 'download_rocket_launches' retrieved from /home/felipe/airflow/dags/launch_rocket.py
[2023-12-24T17:56:52.819-0300] {logging_mixin.py:188} INFO - [2023-12-24T17:56:52.818-0300] {dag.py:3033} INFO - Sync 1 DAGs
[2023-12-24T17:56:52.839-0300] {logging_mixin.py:188} INFO - [2023-12-24T17:56:52.838-0300] {dag.py:3820} INFO - Setting next_dagrun for download_rocket_launches to None, run_after=None
[2023-12-24T17:56:52.881-0300] {processor.py:183} INFO - Processing /home/felipe/airflow/dags/launch_rocket.py took 0.102 seconds
[2023-12-24T17:57:43.459-0300] {processor.py:161} INFO - Started process (PID=7650) to work on /home/felipe/airflow/dags/launch_rocket.py
[2023-12-24T17:57:43.461-0300] {processor.py:830} INFO - Processing file /home/felipe/airflow/dags/launch_rocket.py for tasks to queue
[2023-12-24T17:57:43.463-0300] {logging_mixin.py:188} INFO - [2023-12-24T17:57:43.463-0300] {dagbag.py:538} INFO - Filling up the DagBag from /home/felipe/airflow/dags/launch_rocket.py
[2023-12-24T17:57:43.472-0300] {processor.py:840} INFO - DAG(s) 'download_rocket_launches' retrieved from /home/felipe/airflow/dags/launch_rocket.py
[2023-12-24T17:57:43.495-0300] {logging_mixin.py:188} INFO - [2023-12-24T17:57:43.495-0300] {dag.py:3033} INFO - Sync 1 DAGs
[2023-12-24T17:57:43.518-0300] {logging_mixin.py:188} INFO - [2023-12-24T17:57:43.517-0300] {dag.py:3820} INFO - Setting next_dagrun for download_rocket_launches to None, run_after=None
[2023-12-24T17:57:43.558-0300] {processor.py:183} INFO - Processing /home/felipe/airflow/dags/launch_rocket.py took 0.102 seconds
[2023-12-24T17:58:39.233-0300] {processor.py:161} INFO - Started process (PID=7698) to work on /home/felipe/airflow/dags/launch_rocket.py
[2023-12-24T17:58:39.235-0300] {processor.py:830} INFO - Processing file /home/felipe/airflow/dags/launch_rocket.py for tasks to queue
[2023-12-24T17:58:39.237-0300] {logging_mixin.py:188} INFO - [2023-12-24T17:58:39.236-0300] {dagbag.py:538} INFO - Filling up the DagBag from /home/felipe/airflow/dags/launch_rocket.py
[2023-12-24T17:58:39.247-0300] {processor.py:840} INFO - DAG(s) 'download_rocket_launches' retrieved from /home/felipe/airflow/dags/launch_rocket.py
[2023-12-24T17:58:39.269-0300] {logging_mixin.py:188} INFO - [2023-12-24T17:58:39.269-0300] {dag.py:3033} INFO - Sync 1 DAGs
[2023-12-24T17:58:39.289-0300] {logging_mixin.py:188} INFO - [2023-12-24T17:58:39.288-0300] {dag.py:3820} INFO - Setting next_dagrun for download_rocket_launches to None, run_after=None
[2023-12-24T17:58:39.334-0300] {processor.py:183} INFO - Processing /home/felipe/airflow/dags/launch_rocket.py took 0.105 seconds
[2023-12-24T17:59:36.232-0300] {processor.py:161} INFO - Started process (PID=7753) to work on /home/felipe/airflow/dags/launch_rocket.py
[2023-12-24T17:59:36.235-0300] {processor.py:830} INFO - Processing file /home/felipe/airflow/dags/launch_rocket.py for tasks to queue
[2023-12-24T17:59:36.237-0300] {logging_mixin.py:188} INFO - [2023-12-24T17:59:36.236-0300] {dagbag.py:538} INFO - Filling up the DagBag from /home/felipe/airflow/dags/launch_rocket.py
[2023-12-24T17:59:36.245-0300] {processor.py:840} INFO - DAG(s) 'download_rocket_launches' retrieved from /home/felipe/airflow/dags/launch_rocket.py
[2023-12-24T17:59:36.268-0300] {logging_mixin.py:188} INFO - [2023-12-24T17:59:36.267-0300] {dag.py:3033} INFO - Sync 1 DAGs
[2023-12-24T17:59:36.287-0300] {logging_mixin.py:188} INFO - [2023-12-24T17:59:36.287-0300] {dag.py:3820} INFO - Setting next_dagrun for download_rocket_launches to None, run_after=None
[2023-12-24T17:59:36.328-0300] {processor.py:183} INFO - Processing /home/felipe/airflow/dags/launch_rocket.py took 0.100 seconds
[2023-12-24T18:00:28.661-0300] {processor.py:161} INFO - Started process (PID=7798) to work on /home/felipe/airflow/dags/launch_rocket.py
[2023-12-24T18:00:28.665-0300] {processor.py:830} INFO - Processing file /home/felipe/airflow/dags/launch_rocket.py for tasks to queue
[2023-12-24T18:00:28.667-0300] {logging_mixin.py:188} INFO - [2023-12-24T18:00:28.666-0300] {dagbag.py:538} INFO - Filling up the DagBag from /home/felipe/airflow/dags/launch_rocket.py
[2023-12-24T18:00:28.677-0300] {processor.py:840} INFO - DAG(s) 'download_rocket_launches' retrieved from /home/felipe/airflow/dags/launch_rocket.py
[2023-12-24T18:00:28.703-0300] {logging_mixin.py:188} INFO - [2023-12-24T18:00:28.703-0300] {dag.py:3033} INFO - Sync 1 DAGs
[2023-12-24T18:00:28.724-0300] {logging_mixin.py:188} INFO - [2023-12-24T18:00:28.724-0300] {dag.py:3820} INFO - Setting next_dagrun for download_rocket_launches to None, run_after=None
[2023-12-24T18:00:28.775-0300] {processor.py:183} INFO - Processing /home/felipe/airflow/dags/launch_rocket.py took 0.117 seconds
[2023-12-24T18:24:49.476-0300] {processor.py:161} INFO - Started process (PID=7929) to work on /home/felipe/airflow/dags/launch_rocket.py
[2023-12-24T18:24:49.493-0300] {processor.py:830} INFO - Processing file /home/felipe/airflow/dags/launch_rocket.py for tasks to queue
[2023-12-24T18:24:49.496-0300] {logging_mixin.py:188} INFO - [2023-12-24T18:24:49.495-0300] {dagbag.py:538} INFO - Filling up the DagBag from /home/felipe/airflow/dags/launch_rocket.py
[2023-12-24T18:24:49.531-0300] {processor.py:840} INFO - DAG(s) 'download_rocket_launches' retrieved from /home/felipe/airflow/dags/launch_rocket.py
[2023-12-24T18:24:49.642-0300] {logging_mixin.py:188} INFO - [2023-12-24T18:24:49.641-0300] {dag.py:3033} INFO - Sync 1 DAGs
[2023-12-24T18:24:49.743-0300] {logging_mixin.py:188} INFO - [2023-12-24T18:24:49.732-0300] {dag.py:3820} INFO - Setting next_dagrun for download_rocket_launches to None, run_after=None
[2023-12-24T18:24:49.935-0300] {processor.py:183} INFO - Processing /home/felipe/airflow/dags/launch_rocket.py took 0.476 seconds
[2023-12-24T18:25:41.805-0300] {processor.py:161} INFO - Started process (PID=8002) to work on /home/felipe/airflow/dags/launch_rocket.py
[2023-12-24T18:25:41.808-0300] {processor.py:830} INFO - Processing file /home/felipe/airflow/dags/launch_rocket.py for tasks to queue
[2023-12-24T18:25:41.809-0300] {logging_mixin.py:188} INFO - [2023-12-24T18:25:41.809-0300] {dagbag.py:538} INFO - Filling up the DagBag from /home/felipe/airflow/dags/launch_rocket.py
[2023-12-24T18:25:41.821-0300] {processor.py:840} INFO - DAG(s) 'download_rocket_launches' retrieved from /home/felipe/airflow/dags/launch_rocket.py
[2023-12-24T18:25:41.846-0300] {logging_mixin.py:188} INFO - [2023-12-24T18:25:41.845-0300] {dag.py:3033} INFO - Sync 1 DAGs
[2023-12-24T18:25:41.866-0300] {logging_mixin.py:188} INFO - [2023-12-24T18:25:41.866-0300] {dag.py:3820} INFO - Setting next_dagrun for download_rocket_launches to None, run_after=None
[2023-12-24T18:25:41.915-0300] {processor.py:183} INFO - Processing /home/felipe/airflow/dags/launch_rocket.py took 0.114 seconds
[2023-12-24T18:26:36.519-0300] {processor.py:161} INFO - Started process (PID=8053) to work on /home/felipe/airflow/dags/launch_rocket.py
[2023-12-24T18:26:36.522-0300] {processor.py:830} INFO - Processing file /home/felipe/airflow/dags/launch_rocket.py for tasks to queue
[2023-12-24T18:26:36.524-0300] {logging_mixin.py:188} INFO - [2023-12-24T18:26:36.523-0300] {dagbag.py:538} INFO - Filling up the DagBag from /home/felipe/airflow/dags/launch_rocket.py
[2023-12-24T18:26:36.535-0300] {processor.py:840} INFO - DAG(s) 'download_rocket_launches' retrieved from /home/felipe/airflow/dags/launch_rocket.py
[2023-12-24T18:26:36.566-0300] {logging_mixin.py:188} INFO - [2023-12-24T18:26:36.565-0300] {dag.py:3033} INFO - Sync 1 DAGs
[2023-12-24T18:26:36.591-0300] {logging_mixin.py:188} INFO - [2023-12-24T18:26:36.590-0300] {dag.py:3820} INFO - Setting next_dagrun for download_rocket_launches to None, run_after=None
[2023-12-24T18:26:36.649-0300] {processor.py:183} INFO - Processing /home/felipe/airflow/dags/launch_rocket.py took 0.134 seconds
[2023-12-24T18:27:33.425-0300] {processor.py:161} INFO - Started process (PID=8101) to work on /home/felipe/airflow/dags/launch_rocket.py
[2023-12-24T18:27:33.428-0300] {processor.py:830} INFO - Processing file /home/felipe/airflow/dags/launch_rocket.py for tasks to queue
[2023-12-24T18:27:33.430-0300] {logging_mixin.py:188} INFO - [2023-12-24T18:27:33.429-0300] {dagbag.py:538} INFO - Filling up the DagBag from /home/felipe/airflow/dags/launch_rocket.py
[2023-12-24T18:27:33.442-0300] {processor.py:840} INFO - DAG(s) 'download_rocket_launches' retrieved from /home/felipe/airflow/dags/launch_rocket.py
[2023-12-24T18:27:33.472-0300] {logging_mixin.py:188} INFO - [2023-12-24T18:27:33.472-0300] {dag.py:3033} INFO - Sync 1 DAGs
[2023-12-24T18:27:33.497-0300] {logging_mixin.py:188} INFO - [2023-12-24T18:27:33.497-0300] {dag.py:3820} INFO - Setting next_dagrun for download_rocket_launches to None, run_after=None
[2023-12-24T18:27:33.555-0300] {processor.py:183} INFO - Processing /home/felipe/airflow/dags/launch_rocket.py took 0.135 seconds
[2023-12-24T18:28:32.937-0300] {processor.py:161} INFO - Started process (PID=8161) to work on /home/felipe/airflow/dags/launch_rocket.py
[2023-12-24T18:28:32.940-0300] {processor.py:830} INFO - Processing file /home/felipe/airflow/dags/launch_rocket.py for tasks to queue
[2023-12-24T18:28:32.944-0300] {logging_mixin.py:188} INFO - [2023-12-24T18:28:32.942-0300] {dagbag.py:538} INFO - Filling up the DagBag from /home/felipe/airflow/dags/launch_rocket.py
[2023-12-24T18:28:32.958-0300] {processor.py:840} INFO - DAG(s) 'download_rocket_launches' retrieved from /home/felipe/airflow/dags/launch_rocket.py
[2023-12-24T18:28:32.991-0300] {logging_mixin.py:188} INFO - [2023-12-24T18:28:32.991-0300] {dag.py:3033} INFO - Sync 1 DAGs
[2023-12-24T18:28:33.025-0300] {logging_mixin.py:188} INFO - [2023-12-24T18:28:33.024-0300] {dag.py:3820} INFO - Setting next_dagrun for download_rocket_launches to None, run_after=None
[2023-12-24T18:28:33.100-0300] {processor.py:183} INFO - Processing /home/felipe/airflow/dags/launch_rocket.py took 0.168 seconds
[2023-12-24T18:29:03.519-0300] {processor.py:161} INFO - Started process (PID=8187) to work on /home/felipe/airflow/dags/launch_rocket.py
[2023-12-24T18:29:03.523-0300] {processor.py:830} INFO - Processing file /home/felipe/airflow/dags/launch_rocket.py for tasks to queue
[2023-12-24T18:29:03.525-0300] {logging_mixin.py:188} INFO - [2023-12-24T18:29:03.524-0300] {dagbag.py:538} INFO - Filling up the DagBag from /home/felipe/airflow/dags/launch_rocket.py
[2023-12-24T18:29:03.535-0300] {processor.py:840} INFO - DAG(s) 'download_rocket_launches' retrieved from /home/felipe/airflow/dags/launch_rocket.py
[2023-12-24T18:29:03.564-0300] {logging_mixin.py:188} INFO - [2023-12-24T18:29:03.564-0300] {dag.py:3033} INFO - Sync 1 DAGs
[2023-12-24T18:29:03.588-0300] {logging_mixin.py:188} INFO - [2023-12-24T18:29:03.588-0300] {dag.py:3820} INFO - Setting next_dagrun for download_rocket_launches to None, run_after=None
[2023-12-24T18:29:03.657-0300] {processor.py:183} INFO - Processing /home/felipe/airflow/dags/launch_rocket.py took 0.143 seconds
[2023-12-24T18:29:59.807-0300] {processor.py:161} INFO - Started process (PID=8238) to work on /home/felipe/airflow/dags/launch_rocket.py
[2023-12-24T18:29:59.810-0300] {processor.py:830} INFO - Processing file /home/felipe/airflow/dags/launch_rocket.py for tasks to queue
[2023-12-24T18:29:59.812-0300] {logging_mixin.py:188} INFO - [2023-12-24T18:29:59.811-0300] {dagbag.py:538} INFO - Filling up the DagBag from /home/felipe/airflow/dags/launch_rocket.py
[2023-12-24T18:29:59.825-0300] {processor.py:840} INFO - DAG(s) 'download_rocket_launches' retrieved from /home/felipe/airflow/dags/launch_rocket.py
[2023-12-24T18:29:59.856-0300] {logging_mixin.py:188} INFO - [2023-12-24T18:29:59.856-0300] {dag.py:3033} INFO - Sync 1 DAGs
[2023-12-24T18:29:59.894-0300] {logging_mixin.py:188} INFO - [2023-12-24T18:29:59.894-0300] {dag.py:3820} INFO - Setting next_dagrun for download_rocket_launches to None, run_after=None
[2023-12-24T18:29:59.966-0300] {processor.py:183} INFO - Processing /home/felipe/airflow/dags/launch_rocket.py took 0.164 seconds
[2023-12-24T18:30:30.935-0300] {processor.py:161} INFO - Started process (PID=8265) to work on /home/felipe/airflow/dags/launch_rocket.py
[2023-12-24T18:30:30.938-0300] {processor.py:830} INFO - Processing file /home/felipe/airflow/dags/launch_rocket.py for tasks to queue
[2023-12-24T18:30:30.942-0300] {logging_mixin.py:188} INFO - [2023-12-24T18:30:30.940-0300] {dagbag.py:538} INFO - Filling up the DagBag from /home/felipe/airflow/dags/launch_rocket.py
[2023-12-24T18:30:30.955-0300] {processor.py:840} INFO - DAG(s) 'download_rocket_launches' retrieved from /home/felipe/airflow/dags/launch_rocket.py
[2023-12-24T18:30:30.988-0300] {logging_mixin.py:188} INFO - [2023-12-24T18:30:30.987-0300] {dag.py:3033} INFO - Sync 1 DAGs
[2023-12-24T18:30:31.015-0300] {logging_mixin.py:188} INFO - [2023-12-24T18:30:31.014-0300] {dag.py:3820} INFO - Setting next_dagrun for download_rocket_launches to None, run_after=None
[2023-12-24T18:30:31.078-0300] {processor.py:183} INFO - Processing /home/felipe/airflow/dags/launch_rocket.py took 0.149 seconds
[2023-12-24T18:31:01.474-0300] {processor.py:161} INFO - Started process (PID=8320) to work on /home/felipe/airflow/dags/launch_rocket.py
[2023-12-24T18:31:01.477-0300] {processor.py:830} INFO - Processing file /home/felipe/airflow/dags/launch_rocket.py for tasks to queue
[2023-12-24T18:31:01.479-0300] {logging_mixin.py:188} INFO - [2023-12-24T18:31:01.478-0300] {dagbag.py:538} INFO - Filling up the DagBag from /home/felipe/airflow/dags/launch_rocket.py
[2023-12-24T18:31:01.490-0300] {processor.py:840} INFO - DAG(s) 'download_rocket_launches' retrieved from /home/felipe/airflow/dags/launch_rocket.py
[2023-12-24T18:31:01.520-0300] {logging_mixin.py:188} INFO - [2023-12-24T18:31:01.520-0300] {dag.py:3033} INFO - Sync 1 DAGs
[2023-12-24T18:31:01.552-0300] {logging_mixin.py:188} INFO - [2023-12-24T18:31:01.552-0300] {dag.py:3820} INFO - Setting next_dagrun for download_rocket_launches to None, run_after=None
[2023-12-24T18:31:01.621-0300] {processor.py:183} INFO - Processing /home/felipe/airflow/dags/launch_rocket.py took 0.152 seconds
[2023-12-24T18:32:04.023-0300] {processor.py:161} INFO - Started process (PID=8371) to work on /home/felipe/airflow/dags/launch_rocket.py
[2023-12-24T18:32:04.026-0300] {processor.py:830} INFO - Processing file /home/felipe/airflow/dags/launch_rocket.py for tasks to queue
[2023-12-24T18:32:04.028-0300] {logging_mixin.py:188} INFO - [2023-12-24T18:32:04.027-0300] {dagbag.py:538} INFO - Filling up the DagBag from /home/felipe/airflow/dags/launch_rocket.py
[2023-12-24T18:32:04.045-0300] {processor.py:840} INFO - DAG(s) 'download_rocket_launches' retrieved from /home/felipe/airflow/dags/launch_rocket.py
[2023-12-24T18:32:04.287-0300] {logging_mixin.py:188} INFO - [2023-12-24T18:32:04.287-0300] {dag.py:3033} INFO - Sync 1 DAGs
[2023-12-24T18:32:04.354-0300] {logging_mixin.py:188} INFO - [2023-12-24T18:32:04.354-0300] {dag.py:3820} INFO - Setting next_dagrun for download_rocket_launches to 2023-12-10T00:00:00+00:00, run_after=2023-12-11T00:00:00+00:00
[2023-12-24T18:32:04.432-0300] {processor.py:183} INFO - Processing /home/felipe/airflow/dags/launch_rocket.py took 0.413 seconds
[2023-12-24T18:39:21.893-0300] {processor.py:161} INFO - Started process (PID=10854) to work on /home/felipe/airflow/dags/launch_rocket.py
[2023-12-24T18:39:21.895-0300] {processor.py:830} INFO - Processing file /home/felipe/airflow/dags/launch_rocket.py for tasks to queue
[2023-12-24T18:39:21.898-0300] {logging_mixin.py:188} INFO - [2023-12-24T18:39:21.897-0300] {dagbag.py:538} INFO - Filling up the DagBag from /home/felipe/airflow/dags/launch_rocket.py
[2023-12-24T18:39:21.915-0300] {processor.py:840} INFO - DAG(s) 'download_rocket_launches' retrieved from /home/felipe/airflow/dags/launch_rocket.py
[2023-12-24T18:39:21.945-0300] {logging_mixin.py:188} INFO - [2023-12-24T18:39:21.945-0300] {dag.py:3033} INFO - Sync 1 DAGs
[2023-12-24T18:39:21.992-0300] {logging_mixin.py:188} INFO - [2023-12-24T18:39:21.991-0300] {dag.py:3820} INFO - Setting next_dagrun for download_rocket_launches to 2023-12-24T00:00:00+00:00, run_after=2023-12-25T00:00:00+00:00
[2023-12-24T18:39:22.059-0300] {processor.py:183} INFO - Processing /home/felipe/airflow/dags/launch_rocket.py took 0.170 seconds
[2023-12-24T18:40:19.180-0300] {processor.py:161} INFO - Started process (PID=10927) to work on /home/felipe/airflow/dags/launch_rocket.py
[2023-12-24T18:40:19.182-0300] {processor.py:830} INFO - Processing file /home/felipe/airflow/dags/launch_rocket.py for tasks to queue
[2023-12-24T18:40:19.184-0300] {logging_mixin.py:188} INFO - [2023-12-24T18:40:19.183-0300] {dagbag.py:538} INFO - Filling up the DagBag from /home/felipe/airflow/dags/launch_rocket.py
[2023-12-24T18:40:19.201-0300] {processor.py:840} INFO - DAG(s) 'download_rocket_launches' retrieved from /home/felipe/airflow/dags/launch_rocket.py
[2023-12-24T18:40:19.230-0300] {logging_mixin.py:188} INFO - [2023-12-24T18:40:19.230-0300] {dag.py:3033} INFO - Sync 1 DAGs
[2023-12-24T18:40:19.278-0300] {logging_mixin.py:188} INFO - [2023-12-24T18:40:19.277-0300] {dag.py:3820} INFO - Setting next_dagrun for download_rocket_launches to 2023-12-24T00:00:00+00:00, run_after=2023-12-25T00:00:00+00:00
[2023-12-24T18:40:19.337-0300] {processor.py:183} INFO - Processing /home/felipe/airflow/dags/launch_rocket.py took 0.162 seconds
[2023-12-24T18:40:50.764-0300] {processor.py:161} INFO - Started process (PID=10968) to work on /home/felipe/airflow/dags/launch_rocket.py
[2023-12-24T18:40:50.766-0300] {processor.py:830} INFO - Processing file /home/felipe/airflow/dags/launch_rocket.py for tasks to queue
[2023-12-24T18:40:50.768-0300] {logging_mixin.py:188} INFO - [2023-12-24T18:40:50.768-0300] {dagbag.py:538} INFO - Filling up the DagBag from /home/felipe/airflow/dags/launch_rocket.py
[2023-12-24T18:40:50.785-0300] {processor.py:840} INFO - DAG(s) 'download_rocket_launches' retrieved from /home/felipe/airflow/dags/launch_rocket.py
[2023-12-24T18:40:50.814-0300] {logging_mixin.py:188} INFO - [2023-12-24T18:40:50.813-0300] {dag.py:3033} INFO - Sync 1 DAGs
[2023-12-24T18:40:50.857-0300] {logging_mixin.py:188} INFO - [2023-12-24T18:40:50.857-0300] {dag.py:3820} INFO - Setting next_dagrun for download_rocket_launches to 2023-12-24T00:00:00+00:00, run_after=2023-12-25T00:00:00+00:00
[2023-12-24T18:40:50.921-0300] {processor.py:183} INFO - Processing /home/felipe/airflow/dags/launch_rocket.py took 0.162 seconds
[2023-12-24T18:41:21.791-0300] {processor.py:161} INFO - Started process (PID=11007) to work on /home/felipe/airflow/dags/launch_rocket.py
[2023-12-24T18:41:21.794-0300] {processor.py:830} INFO - Processing file /home/felipe/airflow/dags/launch_rocket.py for tasks to queue
[2023-12-24T18:41:21.795-0300] {logging_mixin.py:188} INFO - [2023-12-24T18:41:21.795-0300] {dagbag.py:538} INFO - Filling up the DagBag from /home/felipe/airflow/dags/launch_rocket.py
[2023-12-24T18:41:21.812-0300] {processor.py:840} INFO - DAG(s) 'download_rocket_launches' retrieved from /home/felipe/airflow/dags/launch_rocket.py
[2023-12-24T18:41:21.838-0300] {logging_mixin.py:188} INFO - [2023-12-24T18:41:21.838-0300] {dag.py:3033} INFO - Sync 1 DAGs
[2023-12-24T18:41:21.889-0300] {logging_mixin.py:188} INFO - [2023-12-24T18:41:21.888-0300] {dag.py:3820} INFO - Setting next_dagrun for download_rocket_launches to 2023-12-24T00:00:00+00:00, run_after=2023-12-25T00:00:00+00:00
[2023-12-24T18:41:21.940-0300] {processor.py:183} INFO - Processing /home/felipe/airflow/dags/launch_rocket.py took 0.154 seconds
[2023-12-24T18:42:19.046-0300] {processor.py:161} INFO - Started process (PID=11057) to work on /home/felipe/airflow/dags/launch_rocket.py
[2023-12-24T18:42:19.049-0300] {processor.py:830} INFO - Processing file /home/felipe/airflow/dags/launch_rocket.py for tasks to queue
[2023-12-24T18:42:19.050-0300] {logging_mixin.py:188} INFO - [2023-12-24T18:42:19.050-0300] {dagbag.py:538} INFO - Filling up the DagBag from /home/felipe/airflow/dags/launch_rocket.py
[2023-12-24T18:42:19.065-0300] {processor.py:840} INFO - DAG(s) 'download_rocket_launches' retrieved from /home/felipe/airflow/dags/launch_rocket.py
[2023-12-24T18:42:19.092-0300] {logging_mixin.py:188} INFO - [2023-12-24T18:42:19.091-0300] {dag.py:3033} INFO - Sync 1 DAGs
[2023-12-24T18:42:19.132-0300] {logging_mixin.py:188} INFO - [2023-12-24T18:42:19.131-0300] {dag.py:3820} INFO - Setting next_dagrun for download_rocket_launches to 2023-12-24T00:00:00+00:00, run_after=2023-12-25T00:00:00+00:00
[2023-12-24T18:42:19.179-0300] {processor.py:183} INFO - Processing /home/felipe/airflow/dags/launch_rocket.py took 0.138 seconds
[2023-12-24T18:43:16.585-0300] {processor.py:161} INFO - Started process (PID=11112) to work on /home/felipe/airflow/dags/launch_rocket.py
[2023-12-24T18:43:16.588-0300] {processor.py:830} INFO - Processing file /home/felipe/airflow/dags/launch_rocket.py for tasks to queue
[2023-12-24T18:43:16.590-0300] {logging_mixin.py:188} INFO - [2023-12-24T18:43:16.589-0300] {dagbag.py:538} INFO - Filling up the DagBag from /home/felipe/airflow/dags/launch_rocket.py
[2023-12-24T18:43:16.606-0300] {processor.py:840} INFO - DAG(s) 'download_rocket_launches' retrieved from /home/felipe/airflow/dags/launch_rocket.py
[2023-12-24T18:43:16.634-0300] {logging_mixin.py:188} INFO - [2023-12-24T18:43:16.633-0300] {dag.py:3033} INFO - Sync 1 DAGs
[2023-12-24T18:43:16.680-0300] {logging_mixin.py:188} INFO - [2023-12-24T18:43:16.680-0300] {dag.py:3820} INFO - Setting next_dagrun for download_rocket_launches to 2023-12-24T00:00:00+00:00, run_after=2023-12-25T00:00:00+00:00
[2023-12-24T18:43:16.753-0300] {processor.py:183} INFO - Processing /home/felipe/airflow/dags/launch_rocket.py took 0.173 seconds
[2023-12-24T18:44:07.163-0300] {processor.py:161} INFO - Started process (PID=11159) to work on /home/felipe/airflow/dags/launch_rocket.py
[2023-12-24T18:44:07.165-0300] {processor.py:830} INFO - Processing file /home/felipe/airflow/dags/launch_rocket.py for tasks to queue
[2023-12-24T18:44:07.167-0300] {logging_mixin.py:188} INFO - [2023-12-24T18:44:07.166-0300] {dagbag.py:538} INFO - Filling up the DagBag from /home/felipe/airflow/dags/launch_rocket.py
[2023-12-24T18:44:07.182-0300] {processor.py:840} INFO - DAG(s) 'download_rocket_launches' retrieved from /home/felipe/airflow/dags/launch_rocket.py
[2023-12-24T18:44:07.207-0300] {logging_mixin.py:188} INFO - [2023-12-24T18:44:07.206-0300] {dag.py:3033} INFO - Sync 1 DAGs
[2023-12-24T18:44:07.251-0300] {logging_mixin.py:188} INFO - [2023-12-24T18:44:07.250-0300] {dag.py:3820} INFO - Setting next_dagrun for download_rocket_launches to 2023-12-24T00:00:00+00:00, run_after=2023-12-25T00:00:00+00:00
[2023-12-24T18:44:07.324-0300] {processor.py:183} INFO - Processing /home/felipe/airflow/dags/launch_rocket.py took 0.166 seconds
[2023-12-24T18:44:38.438-0300] {processor.py:161} INFO - Started process (PID=11187) to work on /home/felipe/airflow/dags/launch_rocket.py
[2023-12-24T18:44:38.440-0300] {processor.py:830} INFO - Processing file /home/felipe/airflow/dags/launch_rocket.py for tasks to queue
[2023-12-24T18:44:38.442-0300] {logging_mixin.py:188} INFO - [2023-12-24T18:44:38.442-0300] {dagbag.py:538} INFO - Filling up the DagBag from /home/felipe/airflow/dags/launch_rocket.py
[2023-12-24T18:44:38.465-0300] {processor.py:840} INFO - DAG(s) 'download_rocket_launches' retrieved from /home/felipe/airflow/dags/launch_rocket.py
[2023-12-24T18:44:38.496-0300] {logging_mixin.py:188} INFO - [2023-12-24T18:44:38.496-0300] {dag.py:3033} INFO - Sync 1 DAGs
[2023-12-24T18:44:38.543-0300] {logging_mixin.py:188} INFO - [2023-12-24T18:44:38.543-0300] {dag.py:3820} INFO - Setting next_dagrun for download_rocket_launches to 2023-12-24T00:00:00+00:00, run_after=2023-12-25T00:00:00+00:00
[2023-12-24T18:44:38.607-0300] {processor.py:183} INFO - Processing /home/felipe/airflow/dags/launch_rocket.py took 0.174 seconds
[2023-12-24T18:45:11.776-0300] {processor.py:161} INFO - Started process (PID=11215) to work on /home/felipe/airflow/dags/launch_rocket.py
[2023-12-24T18:45:11.778-0300] {processor.py:830} INFO - Processing file /home/felipe/airflow/dags/launch_rocket.py for tasks to queue
[2023-12-24T18:45:11.781-0300] {logging_mixin.py:188} INFO - [2023-12-24T18:45:11.780-0300] {dagbag.py:538} INFO - Filling up the DagBag from /home/felipe/airflow/dags/launch_rocket.py
[2023-12-24T18:45:11.797-0300] {processor.py:840} INFO - DAG(s) 'download_rocket_launches' retrieved from /home/felipe/airflow/dags/launch_rocket.py
[2023-12-24T18:45:11.824-0300] {logging_mixin.py:188} INFO - [2023-12-24T18:45:11.823-0300] {dag.py:3033} INFO - Sync 1 DAGs
[2023-12-24T18:45:11.868-0300] {logging_mixin.py:188} INFO - [2023-12-24T18:45:11.868-0300] {dag.py:3820} INFO - Setting next_dagrun for download_rocket_launches to 2023-12-24T00:00:00+00:00, run_after=2023-12-25T00:00:00+00:00
[2023-12-24T18:45:11.933-0300] {processor.py:183} INFO - Processing /home/felipe/airflow/dags/launch_rocket.py took 0.162 seconds
[2023-12-24T18:46:08.920-0300] {processor.py:161} INFO - Started process (PID=11293) to work on /home/felipe/airflow/dags/launch_rocket.py
[2023-12-24T18:46:08.924-0300] {processor.py:830} INFO - Processing file /home/felipe/airflow/dags/launch_rocket.py for tasks to queue
[2023-12-24T18:46:08.926-0300] {logging_mixin.py:188} INFO - [2023-12-24T18:46:08.925-0300] {dagbag.py:538} INFO - Filling up the DagBag from /home/felipe/airflow/dags/launch_rocket.py
[2023-12-24T18:46:08.942-0300] {processor.py:840} INFO - DAG(s) 'download_rocket_launches' retrieved from /home/felipe/airflow/dags/launch_rocket.py
[2023-12-24T18:46:08.970-0300] {logging_mixin.py:188} INFO - [2023-12-24T18:46:08.969-0300] {dag.py:3033} INFO - Sync 1 DAGs
[2023-12-24T18:46:09.016-0300] {logging_mixin.py:188} INFO - [2023-12-24T18:46:09.015-0300] {dag.py:3820} INFO - Setting next_dagrun for download_rocket_launches to 2023-12-24T00:00:00+00:00, run_after=2023-12-25T00:00:00+00:00
[2023-12-24T18:46:09.089-0300] {processor.py:183} INFO - Processing /home/felipe/airflow/dags/launch_rocket.py took 0.173 seconds
[2023-12-24T18:47:06.408-0300] {processor.py:161} INFO - Started process (PID=11349) to work on /home/felipe/airflow/dags/launch_rocket.py
[2023-12-24T18:47:06.411-0300] {processor.py:830} INFO - Processing file /home/felipe/airflow/dags/launch_rocket.py for tasks to queue
[2023-12-24T18:47:06.413-0300] {logging_mixin.py:188} INFO - [2023-12-24T18:47:06.412-0300] {dagbag.py:538} INFO - Filling up the DagBag from /home/felipe/airflow/dags/launch_rocket.py
[2023-12-24T18:47:06.428-0300] {processor.py:840} INFO - DAG(s) 'download_rocket_launches' retrieved from /home/felipe/airflow/dags/launch_rocket.py
[2023-12-24T18:47:06.454-0300] {logging_mixin.py:188} INFO - [2023-12-24T18:47:06.453-0300] {dag.py:3033} INFO - Sync 1 DAGs
[2023-12-24T18:47:06.494-0300] {logging_mixin.py:188} INFO - [2023-12-24T18:47:06.494-0300] {dag.py:3820} INFO - Setting next_dagrun for download_rocket_launches to 2023-12-24T00:00:00+00:00, run_after=2023-12-25T00:00:00+00:00
[2023-12-24T18:47:06.542-0300] {processor.py:183} INFO - Processing /home/felipe/airflow/dags/launch_rocket.py took 0.143 seconds
[2023-12-24T18:48:03.230-0300] {processor.py:161} INFO - Started process (PID=11404) to work on /home/felipe/airflow/dags/launch_rocket.py
[2023-12-24T18:48:03.233-0300] {processor.py:830} INFO - Processing file /home/felipe/airflow/dags/launch_rocket.py for tasks to queue
[2023-12-24T18:48:03.235-0300] {logging_mixin.py:188} INFO - [2023-12-24T18:48:03.234-0300] {dagbag.py:538} INFO - Filling up the DagBag from /home/felipe/airflow/dags/launch_rocket.py
[2023-12-24T18:48:03.254-0300] {processor.py:840} INFO - DAG(s) 'download_rocket_launches' retrieved from /home/felipe/airflow/dags/launch_rocket.py
[2023-12-24T18:48:03.282-0300] {logging_mixin.py:188} INFO - [2023-12-24T18:48:03.281-0300] {dag.py:3033} INFO - Sync 1 DAGs
[2023-12-24T18:48:03.328-0300] {logging_mixin.py:188} INFO - [2023-12-24T18:48:03.328-0300] {dag.py:3820} INFO - Setting next_dagrun for download_rocket_launches to 2023-12-24T00:00:00+00:00, run_after=2023-12-25T00:00:00+00:00
[2023-12-24T18:48:03.388-0300] {processor.py:183} INFO - Processing /home/felipe/airflow/dags/launch_rocket.py took 0.162 seconds
[2023-12-24T18:48:37.191-0300] {processor.py:161} INFO - Started process (PID=11435) to work on /home/felipe/airflow/dags/launch_rocket.py
[2023-12-24T18:48:37.199-0300] {processor.py:830} INFO - Processing file /home/felipe/airflow/dags/launch_rocket.py for tasks to queue
[2023-12-24T18:48:37.201-0300] {logging_mixin.py:188} INFO - [2023-12-24T18:48:37.200-0300] {dagbag.py:538} INFO - Filling up the DagBag from /home/felipe/airflow/dags/launch_rocket.py
[2023-12-24T18:48:37.216-0300] {processor.py:840} INFO - DAG(s) 'download_rocket_launches' retrieved from /home/felipe/airflow/dags/launch_rocket.py
[2023-12-24T18:48:37.240-0300] {logging_mixin.py:188} INFO - [2023-12-24T18:48:37.240-0300] {dag.py:3033} INFO - Sync 1 DAGs
[2023-12-24T18:48:37.283-0300] {logging_mixin.py:188} INFO - [2023-12-24T18:48:37.283-0300] {dag.py:3820} INFO - Setting next_dagrun for download_rocket_launches to 2023-12-24T00:00:00+00:00, run_after=2023-12-25T00:00:00+00:00
[2023-12-24T18:48:37.350-0300] {processor.py:183} INFO - Processing /home/felipe/airflow/dags/launch_rocket.py took 0.167 seconds
[2023-12-24T18:49:09.138-0300] {processor.py:161} INFO - Started process (PID=11462) to work on /home/felipe/airflow/dags/launch_rocket.py
[2023-12-24T18:49:09.140-0300] {processor.py:830} INFO - Processing file /home/felipe/airflow/dags/launch_rocket.py for tasks to queue
[2023-12-24T18:49:09.141-0300] {logging_mixin.py:188} INFO - [2023-12-24T18:49:09.141-0300] {dagbag.py:538} INFO - Filling up the DagBag from /home/felipe/airflow/dags/launch_rocket.py
[2023-12-24T18:49:09.156-0300] {processor.py:840} INFO - DAG(s) 'download_rocket_launches' retrieved from /home/felipe/airflow/dags/launch_rocket.py
[2023-12-24T18:49:09.180-0300] {logging_mixin.py:188} INFO - [2023-12-24T18:49:09.179-0300] {dag.py:3033} INFO - Sync 1 DAGs
[2023-12-24T18:49:09.219-0300] {logging_mixin.py:188} INFO - [2023-12-24T18:49:09.219-0300] {dag.py:3820} INFO - Setting next_dagrun for download_rocket_launches to 2023-12-24T00:00:00+00:00, run_after=2023-12-25T00:00:00+00:00
[2023-12-24T18:49:09.266-0300] {processor.py:183} INFO - Processing /home/felipe/airflow/dags/launch_rocket.py took 0.132 seconds
[2023-12-24T18:50:05.394-0300] {processor.py:161} INFO - Started process (PID=11512) to work on /home/felipe/airflow/dags/launch_rocket.py
[2023-12-24T18:50:05.397-0300] {processor.py:830} INFO - Processing file /home/felipe/airflow/dags/launch_rocket.py for tasks to queue
[2023-12-24T18:50:05.398-0300] {logging_mixin.py:188} INFO - [2023-12-24T18:50:05.398-0300] {dagbag.py:538} INFO - Filling up the DagBag from /home/felipe/airflow/dags/launch_rocket.py
[2023-12-24T18:50:05.413-0300] {processor.py:840} INFO - DAG(s) 'download_rocket_launches' retrieved from /home/felipe/airflow/dags/launch_rocket.py
[2023-12-24T18:50:05.438-0300] {logging_mixin.py:188} INFO - [2023-12-24T18:50:05.437-0300] {dag.py:3033} INFO - Sync 1 DAGs
[2023-12-24T18:50:05.479-0300] {logging_mixin.py:188} INFO - [2023-12-24T18:50:05.478-0300] {dag.py:3820} INFO - Setting next_dagrun for download_rocket_launches to 2023-12-24T00:00:00+00:00, run_after=2023-12-25T00:00:00+00:00
[2023-12-24T18:50:05.529-0300] {processor.py:183} INFO - Processing /home/felipe/airflow/dags/launch_rocket.py took 0.139 seconds
[2023-12-24T18:51:00.990-0300] {processor.py:161} INFO - Started process (PID=11587) to work on /home/felipe/airflow/dags/launch_rocket.py
[2023-12-24T18:51:00.992-0300] {processor.py:830} INFO - Processing file /home/felipe/airflow/dags/launch_rocket.py for tasks to queue
[2023-12-24T18:51:00.994-0300] {logging_mixin.py:188} INFO - [2023-12-24T18:51:00.994-0300] {dagbag.py:538} INFO - Filling up the DagBag from /home/felipe/airflow/dags/launch_rocket.py
[2023-12-24T18:51:01.008-0300] {processor.py:840} INFO - DAG(s) 'download_rocket_launches' retrieved from /home/felipe/airflow/dags/launch_rocket.py
[2023-12-24T18:51:01.034-0300] {logging_mixin.py:188} INFO - [2023-12-24T18:51:01.034-0300] {dag.py:3033} INFO - Sync 1 DAGs
[2023-12-24T18:51:01.075-0300] {logging_mixin.py:188} INFO - [2023-12-24T18:51:01.075-0300] {dag.py:3820} INFO - Setting next_dagrun for download_rocket_launches to 2023-12-24T00:00:00+00:00, run_after=2023-12-25T00:00:00+00:00
[2023-12-24T18:51:01.123-0300] {processor.py:183} INFO - Processing /home/felipe/airflow/dags/launch_rocket.py took 0.138 seconds
[2023-12-24T18:51:55.926-0300] {processor.py:161} INFO - Started process (PID=11636) to work on /home/felipe/airflow/dags/launch_rocket.py
[2023-12-24T18:51:55.929-0300] {processor.py:830} INFO - Processing file /home/felipe/airflow/dags/launch_rocket.py for tasks to queue
[2023-12-24T18:51:55.931-0300] {logging_mixin.py:188} INFO - [2023-12-24T18:51:55.930-0300] {dagbag.py:538} INFO - Filling up the DagBag from /home/felipe/airflow/dags/launch_rocket.py
[2023-12-24T18:51:55.945-0300] {processor.py:840} INFO - DAG(s) 'download_rocket_launches' retrieved from /home/felipe/airflow/dags/launch_rocket.py
[2023-12-24T18:51:55.969-0300] {logging_mixin.py:188} INFO - [2023-12-24T18:51:55.969-0300] {dag.py:3033} INFO - Sync 1 DAGs
[2023-12-24T18:51:56.009-0300] {logging_mixin.py:188} INFO - [2023-12-24T18:51:56.008-0300] {dag.py:3820} INFO - Setting next_dagrun for download_rocket_launches to 2023-12-24T00:00:00+00:00, run_after=2023-12-25T00:00:00+00:00
[2023-12-24T18:51:56.057-0300] {processor.py:183} INFO - Processing /home/felipe/airflow/dags/launch_rocket.py took 0.136 seconds
[2023-12-24T18:52:54.465-0300] {processor.py:161} INFO - Started process (PID=11690) to work on /home/felipe/airflow/dags/launch_rocket.py
[2023-12-24T18:52:54.467-0300] {processor.py:830} INFO - Processing file /home/felipe/airflow/dags/launch_rocket.py for tasks to queue
[2023-12-24T18:52:54.469-0300] {logging_mixin.py:188} INFO - [2023-12-24T18:52:54.468-0300] {dagbag.py:538} INFO - Filling up the DagBag from /home/felipe/airflow/dags/launch_rocket.py
[2023-12-24T18:52:54.484-0300] {processor.py:840} INFO - DAG(s) 'download_rocket_launches' retrieved from /home/felipe/airflow/dags/launch_rocket.py
[2023-12-24T18:52:54.509-0300] {logging_mixin.py:188} INFO - [2023-12-24T18:52:54.508-0300] {dag.py:3033} INFO - Sync 1 DAGs
[2023-12-24T18:52:54.549-0300] {logging_mixin.py:188} INFO - [2023-12-24T18:52:54.549-0300] {dag.py:3820} INFO - Setting next_dagrun for download_rocket_launches to 2023-12-24T00:00:00+00:00, run_after=2023-12-25T00:00:00+00:00
[2023-12-24T18:52:54.606-0300] {processor.py:183} INFO - Processing /home/felipe/airflow/dags/launch_rocket.py took 0.145 seconds
[2023-12-24T18:53:52.015-0300] {processor.py:161} INFO - Started process (PID=11739) to work on /home/felipe/airflow/dags/launch_rocket.py
[2023-12-24T18:53:52.017-0300] {processor.py:830} INFO - Processing file /home/felipe/airflow/dags/launch_rocket.py for tasks to queue
[2023-12-24T18:53:52.019-0300] {logging_mixin.py:188} INFO - [2023-12-24T18:53:52.018-0300] {dagbag.py:538} INFO - Filling up the DagBag from /home/felipe/airflow/dags/launch_rocket.py
[2023-12-24T18:53:52.034-0300] {processor.py:840} INFO - DAG(s) 'download_rocket_launches' retrieved from /home/felipe/airflow/dags/launch_rocket.py
[2023-12-24T18:53:52.058-0300] {logging_mixin.py:188} INFO - [2023-12-24T18:53:52.058-0300] {dag.py:3033} INFO - Sync 1 DAGs
[2023-12-24T18:53:52.098-0300] {logging_mixin.py:188} INFO - [2023-12-24T18:53:52.098-0300] {dag.py:3820} INFO - Setting next_dagrun for download_rocket_launches to 2023-12-24T00:00:00+00:00, run_after=2023-12-25T00:00:00+00:00
[2023-12-24T18:53:52.155-0300] {processor.py:183} INFO - Processing /home/felipe/airflow/dags/launch_rocket.py took 0.145 seconds
[2023-12-24T18:54:50.137-0300] {processor.py:161} INFO - Started process (PID=11790) to work on /home/felipe/airflow/dags/launch_rocket.py
[2023-12-24T18:54:50.140-0300] {processor.py:830} INFO - Processing file /home/felipe/airflow/dags/launch_rocket.py for tasks to queue
[2023-12-24T18:54:50.141-0300] {logging_mixin.py:188} INFO - [2023-12-24T18:54:50.141-0300] {dagbag.py:538} INFO - Filling up the DagBag from /home/felipe/airflow/dags/launch_rocket.py
[2023-12-24T18:54:50.156-0300] {processor.py:840} INFO - DAG(s) 'download_rocket_launches' retrieved from /home/felipe/airflow/dags/launch_rocket.py
[2023-12-24T18:54:50.180-0300] {logging_mixin.py:188} INFO - [2023-12-24T18:54:50.180-0300] {dag.py:3033} INFO - Sync 1 DAGs
[2023-12-24T18:54:50.220-0300] {logging_mixin.py:188} INFO - [2023-12-24T18:54:50.220-0300] {dag.py:3820} INFO - Setting next_dagrun for download_rocket_launches to 2023-12-24T00:00:00+00:00, run_after=2023-12-25T00:00:00+00:00
[2023-12-24T18:54:50.266-0300] {processor.py:183} INFO - Processing /home/felipe/airflow/dags/launch_rocket.py took 0.133 seconds
[2023-12-24T18:55:43.758-0300] {processor.py:161} INFO - Started process (PID=11836) to work on /home/felipe/airflow/dags/launch_rocket.py
[2023-12-24T18:55:43.760-0300] {processor.py:830} INFO - Processing file /home/felipe/airflow/dags/launch_rocket.py for tasks to queue
[2023-12-24T18:55:43.761-0300] {logging_mixin.py:188} INFO - [2023-12-24T18:55:43.761-0300] {dagbag.py:538} INFO - Filling up the DagBag from /home/felipe/airflow/dags/launch_rocket.py
[2023-12-24T18:55:43.776-0300] {processor.py:840} INFO - DAG(s) 'download_rocket_launches' retrieved from /home/felipe/airflow/dags/launch_rocket.py
[2023-12-24T18:55:43.800-0300] {logging_mixin.py:188} INFO - [2023-12-24T18:55:43.799-0300] {dag.py:3033} INFO - Sync 1 DAGs
[2023-12-24T18:55:43.843-0300] {logging_mixin.py:188} INFO - [2023-12-24T18:55:43.843-0300] {dag.py:3820} INFO - Setting next_dagrun for download_rocket_launches to 2023-12-24T00:00:00+00:00, run_after=2023-12-25T00:00:00+00:00
[2023-12-24T18:55:43.889-0300] {processor.py:183} INFO - Processing /home/felipe/airflow/dags/launch_rocket.py took 0.135 seconds
