[2023-12-24T18:36:40.468-0300] {taskinstance.py:1957} INFO - Dependencies all met for dep_context=non-requeueable deps ti=<TaskInstance: download_rocket_launches.get_pictures scheduled__2023-12-18T00:00:00+00:00 [queued]>
[2023-12-24T18:36:40.484-0300] {taskinstance.py:1957} INFO - Dependencies all met for dep_context=requeueable deps ti=<TaskInstance: download_rocket_launches.get_pictures scheduled__2023-12-18T00:00:00+00:00 [queued]>
[2023-12-24T18:36:40.484-0300] {taskinstance.py:2171} INFO - Starting attempt 1 of 1
[2023-12-24T18:36:40.529-0300] {taskinstance.py:2192} INFO - Executing <Task(PythonOperator): get_pictures> on 2023-12-18 00:00:00+00:00
[2023-12-24T18:36:40.532-0300] {standard_task_runner.py:60} INFO - Started process 9930 to run task
[2023-12-24T18:36:40.536-0300] {standard_task_runner.py:87} INFO - Running: ['airflow', 'tasks', 'run', 'download_rocket_launches', 'get_pictures', 'scheduled__2023-12-18T00:00:00+00:00', '--job-id', '32', '--raw', '--subdir', 'DAGS_FOLDER/launch_rocket.py', '--cfg-path', '/tmp/tmp62n97vxh']
[2023-12-24T18:36:40.537-0300] {standard_task_runner.py:88} INFO - Job 32: Subtask get_pictures
[2023-12-24T18:36:40.616-0300] {task_command.py:423} INFO - Running <TaskInstance: download_rocket_launches.get_pictures scheduled__2023-12-18T00:00:00+00:00 [running]> on host felipelx.
[2023-12-24T18:36:40.780-0300] {taskinstance.py:2481} INFO - Exporting env vars: AIRFLOW_CTX_DAG_OWNER='airflow' AIRFLOW_CTX_DAG_ID='download_rocket_launches' AIRFLOW_CTX_TASK_ID='get_pictures' AIRFLOW_CTX_EXECUTION_DATE='2023-12-18T00:00:00+00:00' AIRFLOW_CTX_TRY_NUMBER='1' AIRFLOW_CTX_DAG_RUN_ID='scheduled__2023-12-18T00:00:00+00:00'
[2023-12-24T18:36:41.979-0300] {logging_mixin.py:188} INFO - Downloaded https://spacelaunchnow-prod-east.nyc3.digitaloceanspaces.com/media/launch_images/falcon2520925_image_20231223073520.jpeg to /tmp/images/falcon2520925_image_20231223073520.jpeg
[2023-12-24T18:36:43.075-0300] {logging_mixin.py:188} INFO - Downloaded https://spacelaunchnow-prod-east.nyc3.digitaloceanspaces.com/media/launcher_images/kuaizhou_image_20191027094423.jpeg to /tmp/images/kuaizhou_image_20191027094423.jpeg
[2023-12-24T18:36:43.834-0300] {logging_mixin.py:188} INFO - Downloaded https://spacelaunchnow-prod-east.nyc3.digitaloceanspaces.com/media/launcher_images/long2520march252011_image_20190222031217.jpeg to /tmp/images/long2520march252011_image_20190222031217.jpeg
[2023-12-24T18:36:44.896-0300] {logging_mixin.py:188} INFO - Downloaded https://spacelaunchnow-prod-east.nyc3.digitaloceanspaces.com/media/launcher_images/long2520march25203b25202f2520yz-1_image_20200102180729.jpg to /tmp/images/long2520march25203b25202f2520yz-1_image_20200102180729.jpg
[2023-12-24T18:36:46.012-0300] {logging_mixin.py:188} INFO - Downloaded https://spacelaunchnow-prod-east.nyc3.digitaloceanspaces.com/media/launcher_images/soyuz_image_20190222031122.jpeg to /tmp/images/soyuz_image_20190222031122.jpeg
[2023-12-24T18:36:47.026-0300] {logging_mixin.py:188} INFO - Downloaded https://spacelaunchnow-prod-east.nyc3.digitaloceanspaces.com/media/launcher_images/kuaizhou_image_20191027094423.jpeg to /tmp/images/kuaizhou_image_20191027094423.jpeg
[2023-12-24T18:36:48.197-0300] {logging_mixin.py:188} INFO - Downloaded https://spacelaunchnow-prod-east.nyc3.digitaloceanspaces.com/media/launch_images/falcon2520heav_image_20231210135716.jpeg to /tmp/images/falcon2520heav_image_20231210135716.jpeg
[2023-12-24T18:36:49.365-0300] {logging_mixin.py:188} INFO - Downloaded https://spacelaunchnow-prod-east.nyc3.digitaloceanspaces.com/media/launch_images/falcon2520925_image_20231108221042.png to /tmp/images/falcon2520925_image_20231108221042.png
[2023-12-24T18:36:50.520-0300] {logging_mixin.py:188} INFO - Downloaded https://spacelaunchnow-prod-east.nyc3.digitaloceanspaces.com/media/launcher_images/ceres-1_image_20230722081939.jpeg to /tmp/images/ceres-1_image_20230722081939.jpeg
[2023-12-24T18:36:51.677-0300] {logging_mixin.py:188} INFO - Downloaded https://spacelaunchnow-prod-east.nyc3.digitaloceanspaces.com/media/launch_images/falcon2520925_image_20230920071550.png to /tmp/images/falcon2520925_image_20230920071550.png
[2023-12-24T18:36:51.681-0300] {python.py:201} INFO - Done. Returned value was: None
[2023-12-24T18:36:51.691-0300] {taskinstance.py:1138} INFO - Marking task as SUCCESS. dag_id=download_rocket_launches, task_id=get_pictures, execution_date=20231218T000000, start_date=20231224T213640, end_date=20231224T213651
[2023-12-24T18:36:51.768-0300] {local_task_job_runner.py:234} INFO - Task exited with return code 0
[2023-12-24T18:36:51.793-0300] {taskinstance.py:3281} INFO - 1 downstream tasks scheduled from follow-on schedule check
