[2023-12-31T09:35:51.201-0300] {taskinstance.py:1957} INFO - Dependencies all met for dep_context=non-requeueable deps ti=<TaskInstance: download_rocket_launches.get_pictures scheduled__2023-12-30T00:00:00+00:00 [queued]>
[2023-12-31T09:35:51.229-0300] {taskinstance.py:1957} INFO - Dependencies all met for dep_context=requeueable deps ti=<TaskInstance: download_rocket_launches.get_pictures scheduled__2023-12-30T00:00:00+00:00 [queued]>
[2023-12-31T09:35:51.229-0300] {taskinstance.py:2171} INFO - Starting attempt 1 of 1
[2023-12-31T09:35:51.287-0300] {taskinstance.py:2192} INFO - Executing <Task(PythonOperator): get_pictures> on 2023-12-30 00:00:00+00:00
[2023-12-31T09:35:51.296-0300] {standard_task_runner.py:60} INFO - Started process 31813 to run task
[2023-12-31T09:35:51.300-0300] {standard_task_runner.py:87} INFO - Running: ['airflow', 'tasks', 'run', 'download_rocket_launches', 'get_pictures', 'scheduled__2023-12-30T00:00:00+00:00', '--job-id', '67', '--raw', '--subdir', 'DAGS_FOLDER/00_launch_rocket.py', '--cfg-path', '/tmp/tmpwaq3wxa6']
[2023-12-31T09:35:51.301-0300] {standard_task_runner.py:88} INFO - Job 67: Subtask get_pictures
[2023-12-31T09:35:51.469-0300] {task_command.py:423} INFO - Running <TaskInstance: download_rocket_launches.get_pictures scheduled__2023-12-30T00:00:00+00:00 [running]> on host felipelx.
[2023-12-31T09:35:51.839-0300] {taskinstance.py:2481} INFO - Exporting env vars: AIRFLOW_CTX_DAG_OWNER='airflow' AIRFLOW_CTX_DAG_ID='download_rocket_launches' AIRFLOW_CTX_TASK_ID='get_pictures' AIRFLOW_CTX_EXECUTION_DATE='2023-12-30T00:00:00+00:00' AIRFLOW_CTX_TRY_NUMBER='1' AIRFLOW_CTX_DAG_RUN_ID='scheduled__2023-12-30T00:00:00+00:00'
[2023-12-31T09:35:53.278-0300] {logging_mixin.py:188} INFO - Downloaded https://spacelaunchnow-prod-east.nyc3.digitaloceanspaces.com/media/launch_images/pslv-dl252025_image_20231229181114.jpeg to /tmp/images/pslv-dl252025_image_20231229181114.jpeg
[2023-12-31T09:35:54.711-0300] {logging_mixin.py:188} INFO - Downloaded https://spacelaunchnow-prod-east.nyc3.digitaloceanspaces.com/media/launch_images/falcon2520925_image_20230920071550.png to /tmp/images/falcon2520925_image_20230920071550.png
[2023-12-31T09:35:56.208-0300] {logging_mixin.py:188} INFO - Downloaded https://spacelaunchnow-prod-east.nyc3.digitaloceanspaces.com/media/launcher_images/falcon_9_image_20230807133459.jpeg to /tmp/images/falcon_9_image_20230807133459.jpeg
[2023-12-31T09:35:57.370-0300] {logging_mixin.py:188} INFO - Downloaded https://spacelaunchnow-prod-east.nyc3.digitaloceanspaces.com/media/launcher_images/kuaizhou_image_20191027094423.jpeg to /tmp/images/kuaizhou_image_20191027094423.jpeg
[2023-12-31T09:35:58.710-0300] {logging_mixin.py:188} INFO - Downloaded https://spacelaunchnow-prod-east.nyc3.digitaloceanspaces.com/media/launch_images/vulcan2520vc2s_image_20231014170652.jpeg to /tmp/images/vulcan2520vc2s_image_20231014170652.jpeg
[2023-12-31T09:36:00.219-0300] {logging_mixin.py:188} INFO - Downloaded https://spacelaunchnow-prod-east.nyc3.digitaloceanspaces.com/media/launcher_images/zhongke-1a_image_20220912002218.png to /tmp/images/zhongke-1a_image_20220912002218.png
[2023-12-31T09:36:01.851-0300] {logging_mixin.py:188} INFO - Downloaded https://spacelaunchnow-prod-east.nyc3.digitaloceanspaces.com/media/launcher_images/h-iia2520202_image_20190222031201.jpeg to /tmp/images/h-iia2520202_image_20190222031201.jpeg
[2023-12-31T09:36:03.378-0300] {logging_mixin.py:188} INFO - Downloaded https://spacelaunchnow-prod-east.nyc3.digitaloceanspaces.com/media/launcher_images/gslv2520mk2520ii_image_20190825171642.jpg to /tmp/images/gslv2520mk2520ii_image_20190825171642.jpg
[2023-12-31T09:36:04.838-0300] {logging_mixin.py:188} INFO - Downloaded https://spacelaunchnow-prod-east.nyc3.digitaloceanspaces.com/media/launcher_images/long_march_7_image_20210513083007.jpeg to /tmp/images/long_march_7_image_20210513083007.jpeg
[2023-12-31T09:36:06.318-0300] {logging_mixin.py:188} INFO - Downloaded https://spacelaunchnow-prod-east.nyc3.digitaloceanspaces.com/media/launch_images/falcon2520925_image_20210525171042.jpeg to /tmp/images/falcon2520925_image_20210525171042.jpeg
[2023-12-31T09:36:06.321-0300] {python.py:201} INFO - Done. Returned value was: None
[2023-12-31T09:36:06.339-0300] {taskinstance.py:1138} INFO - Marking task as SUCCESS. dag_id=download_rocket_launches, task_id=get_pictures, execution_date=20231230T000000, start_date=20231231T123551, end_date=20231231T123606
[2023-12-31T09:36:06.406-0300] {local_task_job_runner.py:234} INFO - Task exited with return code 0
[2023-12-31T09:36:06.568-0300] {taskinstance.py:3281} INFO - 1 downstream tasks scheduled from follow-on schedule check
