[2023-12-25T06:22:55.363-0300] {processor.py:161} INFO - Started process (PID=12433) to work on /home/felipe/.local/lib/python3.10/site-packages/airflow/example_dags/plugins/event_listener.py
[2023-12-25T06:22:55.366-0300] {processor.py:830} INFO - Processing file /home/felipe/.local/lib/python3.10/site-packages/airflow/example_dags/plugins/event_listener.py for tasks to queue
[2023-12-25T06:22:55.369-0300] {logging_mixin.py:188} INFO - [2023-12-25T06:22:55.368-0300] {dagbag.py:538} INFO - Filling up the DagBag from /home/felipe/.local/lib/python3.10/site-packages/airflow/example_dags/plugins/event_listener.py
[2023-12-25T06:22:55.373-0300] {processor.py:842} WARNING - No viable dags retrieved from /home/felipe/.local/lib/python3.10/site-packages/airflow/example_dags/plugins/event_listener.py
[2023-12-25T06:22:55.397-0300] {processor.py:183} INFO - Processing /home/felipe/.local/lib/python3.10/site-packages/airflow/example_dags/plugins/event_listener.py took 0.040 seconds
[2023-12-25T06:23:53.316-0300] {processor.py:161} INFO - Started process (PID=12486) to work on /home/felipe/.local/lib/python3.10/site-packages/airflow/example_dags/plugins/event_listener.py
[2023-12-25T06:23:53.319-0300] {processor.py:830} INFO - Processing file /home/felipe/.local/lib/python3.10/site-packages/airflow/example_dags/plugins/event_listener.py for tasks to queue
[2023-12-25T06:23:53.320-0300] {logging_mixin.py:188} INFO - [2023-12-25T06:23:53.320-0300] {dagbag.py:538} INFO - Filling up the DagBag from /home/felipe/.local/lib/python3.10/site-packages/airflow/example_dags/plugins/event_listener.py
[2023-12-25T06:23:53.325-0300] {processor.py:842} WARNING - No viable dags retrieved from /home/felipe/.local/lib/python3.10/site-packages/airflow/example_dags/plugins/event_listener.py
[2023-12-25T06:23:53.347-0300] {processor.py:183} INFO - Processing /home/felipe/.local/lib/python3.10/site-packages/airflow/example_dags/plugins/event_listener.py took 0.037 seconds
[2023-12-25T06:24:49.170-0300] {processor.py:161} INFO - Started process (PID=12536) to work on /home/felipe/.local/lib/python3.10/site-packages/airflow/example_dags/plugins/event_listener.py
[2023-12-25T06:24:49.172-0300] {processor.py:830} INFO - Processing file /home/felipe/.local/lib/python3.10/site-packages/airflow/example_dags/plugins/event_listener.py for tasks to queue
[2023-12-25T06:24:49.174-0300] {logging_mixin.py:188} INFO - [2023-12-25T06:24:49.174-0300] {dagbag.py:538} INFO - Filling up the DagBag from /home/felipe/.local/lib/python3.10/site-packages/airflow/example_dags/plugins/event_listener.py
[2023-12-25T06:24:49.179-0300] {processor.py:842} WARNING - No viable dags retrieved from /home/felipe/.local/lib/python3.10/site-packages/airflow/example_dags/plugins/event_listener.py
[2023-12-25T06:24:49.200-0300] {processor.py:183} INFO - Processing /home/felipe/.local/lib/python3.10/site-packages/airflow/example_dags/plugins/event_listener.py took 0.039 seconds
[2023-12-25T06:25:40.449-0300] {processor.py:161} INFO - Started process (PID=12619) to work on /home/felipe/.local/lib/python3.10/site-packages/airflow/example_dags/plugins/event_listener.py
[2023-12-25T06:25:40.451-0300] {processor.py:830} INFO - Processing file /home/felipe/.local/lib/python3.10/site-packages/airflow/example_dags/plugins/event_listener.py for tasks to queue
[2023-12-25T06:25:40.453-0300] {logging_mixin.py:188} INFO - [2023-12-25T06:25:40.452-0300] {dagbag.py:538} INFO - Filling up the DagBag from /home/felipe/.local/lib/python3.10/site-packages/airflow/example_dags/plugins/event_listener.py
[2023-12-25T06:25:40.457-0300] {processor.py:842} WARNING - No viable dags retrieved from /home/felipe/.local/lib/python3.10/site-packages/airflow/example_dags/plugins/event_listener.py
[2023-12-25T06:25:40.474-0300] {processor.py:183} INFO - Processing /home/felipe/.local/lib/python3.10/site-packages/airflow/example_dags/plugins/event_listener.py took 0.029 seconds
[2023-12-25T06:26:33.637-0300] {processor.py:161} INFO - Started process (PID=12676) to work on /home/felipe/.local/lib/python3.10/site-packages/airflow/example_dags/plugins/event_listener.py
[2023-12-25T06:26:33.640-0300] {processor.py:830} INFO - Processing file /home/felipe/.local/lib/python3.10/site-packages/airflow/example_dags/plugins/event_listener.py for tasks to queue
[2023-12-25T06:26:33.642-0300] {logging_mixin.py:188} INFO - [2023-12-25T06:26:33.641-0300] {dagbag.py:538} INFO - Filling up the DagBag from /home/felipe/.local/lib/python3.10/site-packages/airflow/example_dags/plugins/event_listener.py
[2023-12-25T06:26:33.647-0300] {processor.py:842} WARNING - No viable dags retrieved from /home/felipe/.local/lib/python3.10/site-packages/airflow/example_dags/plugins/event_listener.py
[2023-12-25T06:26:33.670-0300] {processor.py:183} INFO - Processing /home/felipe/.local/lib/python3.10/site-packages/airflow/example_dags/plugins/event_listener.py took 0.040 seconds
[2023-12-25T06:27:22.707-0300] {processor.py:161} INFO - Started process (PID=12722) to work on /home/felipe/.local/lib/python3.10/site-packages/airflow/example_dags/plugins/event_listener.py
[2023-12-25T06:27:22.709-0300] {processor.py:830} INFO - Processing file /home/felipe/.local/lib/python3.10/site-packages/airflow/example_dags/plugins/event_listener.py for tasks to queue
[2023-12-25T06:27:22.711-0300] {logging_mixin.py:188} INFO - [2023-12-25T06:27:22.711-0300] {dagbag.py:538} INFO - Filling up the DagBag from /home/felipe/.local/lib/python3.10/site-packages/airflow/example_dags/plugins/event_listener.py
[2023-12-25T06:27:22.717-0300] {processor.py:842} WARNING - No viable dags retrieved from /home/felipe/.local/lib/python3.10/site-packages/airflow/example_dags/plugins/event_listener.py
[2023-12-25T06:27:22.736-0300] {processor.py:183} INFO - Processing /home/felipe/.local/lib/python3.10/site-packages/airflow/example_dags/plugins/event_listener.py took 0.033 seconds
[2023-12-25T06:28:13.211-0300] {processor.py:161} INFO - Started process (PID=12771) to work on /home/felipe/.local/lib/python3.10/site-packages/airflow/example_dags/plugins/event_listener.py
[2023-12-25T06:28:13.213-0300] {processor.py:830} INFO - Processing file /home/felipe/.local/lib/python3.10/site-packages/airflow/example_dags/plugins/event_listener.py for tasks to queue
[2023-12-25T06:28:13.215-0300] {logging_mixin.py:188} INFO - [2023-12-25T06:28:13.214-0300] {dagbag.py:538} INFO - Filling up the DagBag from /home/felipe/.local/lib/python3.10/site-packages/airflow/example_dags/plugins/event_listener.py
[2023-12-25T06:28:13.218-0300] {processor.py:842} WARNING - No viable dags retrieved from /home/felipe/.local/lib/python3.10/site-packages/airflow/example_dags/plugins/event_listener.py
[2023-12-25T06:28:13.236-0300] {processor.py:183} INFO - Processing /home/felipe/.local/lib/python3.10/site-packages/airflow/example_dags/plugins/event_listener.py took 0.030 seconds
[2023-12-25T06:29:06.315-0300] {processor.py:161} INFO - Started process (PID=12817) to work on /home/felipe/.local/lib/python3.10/site-packages/airflow/example_dags/plugins/event_listener.py
[2023-12-25T06:29:06.318-0300] {processor.py:830} INFO - Processing file /home/felipe/.local/lib/python3.10/site-packages/airflow/example_dags/plugins/event_listener.py for tasks to queue
[2023-12-25T06:29:06.320-0300] {logging_mixin.py:188} INFO - [2023-12-25T06:29:06.320-0300] {dagbag.py:538} INFO - Filling up the DagBag from /home/felipe/.local/lib/python3.10/site-packages/airflow/example_dags/plugins/event_listener.py
[2023-12-25T06:29:06.324-0300] {processor.py:842} WARNING - No viable dags retrieved from /home/felipe/.local/lib/python3.10/site-packages/airflow/example_dags/plugins/event_listener.py
[2023-12-25T06:29:06.345-0300] {processor.py:183} INFO - Processing /home/felipe/.local/lib/python3.10/site-packages/airflow/example_dags/plugins/event_listener.py took 0.034 seconds
[2023-12-25T06:29:57.595-0300] {processor.py:161} INFO - Started process (PID=12869) to work on /home/felipe/.local/lib/python3.10/site-packages/airflow/example_dags/plugins/event_listener.py
[2023-12-25T06:29:57.598-0300] {processor.py:830} INFO - Processing file /home/felipe/.local/lib/python3.10/site-packages/airflow/example_dags/plugins/event_listener.py for tasks to queue
[2023-12-25T06:29:57.600-0300] {logging_mixin.py:188} INFO - [2023-12-25T06:29:57.599-0300] {dagbag.py:538} INFO - Filling up the DagBag from /home/felipe/.local/lib/python3.10/site-packages/airflow/example_dags/plugins/event_listener.py
[2023-12-25T06:29:57.604-0300] {processor.py:842} WARNING - No viable dags retrieved from /home/felipe/.local/lib/python3.10/site-packages/airflow/example_dags/plugins/event_listener.py
[2023-12-25T06:29:57.624-0300] {processor.py:183} INFO - Processing /home/felipe/.local/lib/python3.10/site-packages/airflow/example_dags/plugins/event_listener.py took 0.034 seconds
[2023-12-25T06:30:46.567-0300] {processor.py:161} INFO - Started process (PID=12947) to work on /home/felipe/.local/lib/python3.10/site-packages/airflow/example_dags/plugins/event_listener.py
[2023-12-25T06:30:46.570-0300] {processor.py:830} INFO - Processing file /home/felipe/.local/lib/python3.10/site-packages/airflow/example_dags/plugins/event_listener.py for tasks to queue
[2023-12-25T06:30:46.571-0300] {logging_mixin.py:188} INFO - [2023-12-25T06:30:46.571-0300] {dagbag.py:538} INFO - Filling up the DagBag from /home/felipe/.local/lib/python3.10/site-packages/airflow/example_dags/plugins/event_listener.py
[2023-12-25T06:30:46.575-0300] {processor.py:842} WARNING - No viable dags retrieved from /home/felipe/.local/lib/python3.10/site-packages/airflow/example_dags/plugins/event_listener.py
[2023-12-25T06:30:46.595-0300] {processor.py:183} INFO - Processing /home/felipe/.local/lib/python3.10/site-packages/airflow/example_dags/plugins/event_listener.py took 0.038 seconds
[2023-12-25T06:31:41.199-0300] {processor.py:161} INFO - Started process (PID=12992) to work on /home/felipe/.local/lib/python3.10/site-packages/airflow/example_dags/plugins/event_listener.py
[2023-12-25T06:31:41.201-0300] {processor.py:830} INFO - Processing file /home/felipe/.local/lib/python3.10/site-packages/airflow/example_dags/plugins/event_listener.py for tasks to queue
[2023-12-25T06:31:41.202-0300] {logging_mixin.py:188} INFO - [2023-12-25T06:31:41.202-0300] {dagbag.py:538} INFO - Filling up the DagBag from /home/felipe/.local/lib/python3.10/site-packages/airflow/example_dags/plugins/event_listener.py
[2023-12-25T06:31:41.206-0300] {processor.py:842} WARNING - No viable dags retrieved from /home/felipe/.local/lib/python3.10/site-packages/airflow/example_dags/plugins/event_listener.py
[2023-12-25T06:31:41.225-0300] {processor.py:183} INFO - Processing /home/felipe/.local/lib/python3.10/site-packages/airflow/example_dags/plugins/event_listener.py took 0.034 seconds
[2023-12-25T06:32:36.518-0300] {processor.py:161} INFO - Started process (PID=13043) to work on /home/felipe/.local/lib/python3.10/site-packages/airflow/example_dags/plugins/event_listener.py
[2023-12-25T06:32:36.521-0300] {processor.py:830} INFO - Processing file /home/felipe/.local/lib/python3.10/site-packages/airflow/example_dags/plugins/event_listener.py for tasks to queue
[2023-12-25T06:32:36.523-0300] {logging_mixin.py:188} INFO - [2023-12-25T06:32:36.522-0300] {dagbag.py:538} INFO - Filling up the DagBag from /home/felipe/.local/lib/python3.10/site-packages/airflow/example_dags/plugins/event_listener.py
[2023-12-25T06:32:36.527-0300] {processor.py:842} WARNING - No viable dags retrieved from /home/felipe/.local/lib/python3.10/site-packages/airflow/example_dags/plugins/event_listener.py
[2023-12-25T06:32:36.544-0300] {processor.py:183} INFO - Processing /home/felipe/.local/lib/python3.10/site-packages/airflow/example_dags/plugins/event_listener.py took 0.032 seconds
[2023-12-25T06:33:24.799-0300] {processor.py:161} INFO - Started process (PID=13087) to work on /home/felipe/.local/lib/python3.10/site-packages/airflow/example_dags/plugins/event_listener.py
[2023-12-25T06:33:24.801-0300] {processor.py:830} INFO - Processing file /home/felipe/.local/lib/python3.10/site-packages/airflow/example_dags/plugins/event_listener.py for tasks to queue
[2023-12-25T06:33:24.802-0300] {logging_mixin.py:188} INFO - [2023-12-25T06:33:24.802-0300] {dagbag.py:538} INFO - Filling up the DagBag from /home/felipe/.local/lib/python3.10/site-packages/airflow/example_dags/plugins/event_listener.py
[2023-12-25T06:33:24.806-0300] {processor.py:842} WARNING - No viable dags retrieved from /home/felipe/.local/lib/python3.10/site-packages/airflow/example_dags/plugins/event_listener.py
[2023-12-25T06:33:24.823-0300] {processor.py:183} INFO - Processing /home/felipe/.local/lib/python3.10/site-packages/airflow/example_dags/plugins/event_listener.py took 0.029 seconds
[2023-12-25T06:34:17.014-0300] {processor.py:161} INFO - Started process (PID=13134) to work on /home/felipe/.local/lib/python3.10/site-packages/airflow/example_dags/plugins/event_listener.py
[2023-12-25T06:34:17.017-0300] {processor.py:830} INFO - Processing file /home/felipe/.local/lib/python3.10/site-packages/airflow/example_dags/plugins/event_listener.py for tasks to queue
[2023-12-25T06:34:17.019-0300] {logging_mixin.py:188} INFO - [2023-12-25T06:34:17.018-0300] {dagbag.py:538} INFO - Filling up the DagBag from /home/felipe/.local/lib/python3.10/site-packages/airflow/example_dags/plugins/event_listener.py
[2023-12-25T06:34:17.023-0300] {processor.py:842} WARNING - No viable dags retrieved from /home/felipe/.local/lib/python3.10/site-packages/airflow/example_dags/plugins/event_listener.py
[2023-12-25T06:34:17.041-0300] {processor.py:183} INFO - Processing /home/felipe/.local/lib/python3.10/site-packages/airflow/example_dags/plugins/event_listener.py took 0.033 seconds
[2023-12-25T06:35:09.136-0300] {processor.py:161} INFO - Started process (PID=13216) to work on /home/felipe/.local/lib/python3.10/site-packages/airflow/example_dags/plugins/event_listener.py
[2023-12-25T06:35:09.139-0300] {processor.py:830} INFO - Processing file /home/felipe/.local/lib/python3.10/site-packages/airflow/example_dags/plugins/event_listener.py for tasks to queue
[2023-12-25T06:35:09.141-0300] {logging_mixin.py:188} INFO - [2023-12-25T06:35:09.140-0300] {dagbag.py:538} INFO - Filling up the DagBag from /home/felipe/.local/lib/python3.10/site-packages/airflow/example_dags/plugins/event_listener.py
[2023-12-25T06:35:09.145-0300] {processor.py:842} WARNING - No viable dags retrieved from /home/felipe/.local/lib/python3.10/site-packages/airflow/example_dags/plugins/event_listener.py
[2023-12-25T06:35:09.164-0300] {processor.py:183} INFO - Processing /home/felipe/.local/lib/python3.10/site-packages/airflow/example_dags/plugins/event_listener.py took 0.033 seconds
[2023-12-25T06:36:04.548-0300] {processor.py:161} INFO - Started process (PID=13267) to work on /home/felipe/.local/lib/python3.10/site-packages/airflow/example_dags/plugins/event_listener.py
[2023-12-25T06:36:04.552-0300] {processor.py:830} INFO - Processing file /home/felipe/.local/lib/python3.10/site-packages/airflow/example_dags/plugins/event_listener.py for tasks to queue
[2023-12-25T06:36:04.555-0300] {logging_mixin.py:188} INFO - [2023-12-25T06:36:04.554-0300] {dagbag.py:538} INFO - Filling up the DagBag from /home/felipe/.local/lib/python3.10/site-packages/airflow/example_dags/plugins/event_listener.py
[2023-12-25T06:36:04.571-0300] {processor.py:842} WARNING - No viable dags retrieved from /home/felipe/.local/lib/python3.10/site-packages/airflow/example_dags/plugins/event_listener.py
[2023-12-25T06:36:04.655-0300] {processor.py:183} INFO - Processing /home/felipe/.local/lib/python3.10/site-packages/airflow/example_dags/plugins/event_listener.py took 0.124 seconds
[2023-12-25T06:37:03.331-0300] {processor.py:161} INFO - Started process (PID=13319) to work on /home/felipe/.local/lib/python3.10/site-packages/airflow/example_dags/plugins/event_listener.py
[2023-12-25T06:37:03.334-0300] {processor.py:830} INFO - Processing file /home/felipe/.local/lib/python3.10/site-packages/airflow/example_dags/plugins/event_listener.py for tasks to queue
[2023-12-25T06:37:03.335-0300] {logging_mixin.py:188} INFO - [2023-12-25T06:37:03.335-0300] {dagbag.py:538} INFO - Filling up the DagBag from /home/felipe/.local/lib/python3.10/site-packages/airflow/example_dags/plugins/event_listener.py
[2023-12-25T06:37:03.339-0300] {processor.py:842} WARNING - No viable dags retrieved from /home/felipe/.local/lib/python3.10/site-packages/airflow/example_dags/plugins/event_listener.py
[2023-12-25T06:37:03.357-0300] {processor.py:183} INFO - Processing /home/felipe/.local/lib/python3.10/site-packages/airflow/example_dags/plugins/event_listener.py took 0.031 seconds
[2023-12-25T06:38:05.576-0300] {processor.py:161} INFO - Started process (PID=13372) to work on /home/felipe/.local/lib/python3.10/site-packages/airflow/example_dags/plugins/event_listener.py
[2023-12-25T06:38:05.581-0300] {processor.py:830} INFO - Processing file /home/felipe/.local/lib/python3.10/site-packages/airflow/example_dags/plugins/event_listener.py for tasks to queue
[2023-12-25T06:38:05.583-0300] {logging_mixin.py:188} INFO - [2023-12-25T06:38:05.582-0300] {dagbag.py:538} INFO - Filling up the DagBag from /home/felipe/.local/lib/python3.10/site-packages/airflow/example_dags/plugins/event_listener.py
[2023-12-25T06:38:05.587-0300] {processor.py:842} WARNING - No viable dags retrieved from /home/felipe/.local/lib/python3.10/site-packages/airflow/example_dags/plugins/event_listener.py
[2023-12-25T06:38:05.609-0300] {processor.py:183} INFO - Processing /home/felipe/.local/lib/python3.10/site-packages/airflow/example_dags/plugins/event_listener.py took 0.039 seconds
