[2023-12-25T06:22:56.868-0300] {processor.py:161} INFO - Started process (PID=12435) to work on /home/felipe/.local/lib/python3.10/site-packages/airflow/example_dags/plugins/listener_plugin.py
[2023-12-25T06:22:56.870-0300] {processor.py:830} INFO - Processing file /home/felipe/.local/lib/python3.10/site-packages/airflow/example_dags/plugins/listener_plugin.py for tasks to queue
[2023-12-25T06:22:56.871-0300] {logging_mixin.py:188} INFO - [2023-12-25T06:22:56.871-0300] {dagbag.py:538} INFO - Filling up the DagBag from /home/felipe/.local/lib/python3.10/site-packages/airflow/example_dags/plugins/listener_plugin.py
[2023-12-25T06:22:56.875-0300] {processor.py:842} WARNING - No viable dags retrieved from /home/felipe/.local/lib/python3.10/site-packages/airflow/example_dags/plugins/listener_plugin.py
[2023-12-25T06:22:56.893-0300] {processor.py:183} INFO - Processing /home/felipe/.local/lib/python3.10/site-packages/airflow/example_dags/plugins/listener_plugin.py took 0.029 seconds
[2023-12-25T06:23:55.235-0300] {processor.py:161} INFO - Started process (PID=12488) to work on /home/felipe/.local/lib/python3.10/site-packages/airflow/example_dags/plugins/listener_plugin.py
[2023-12-25T06:23:55.238-0300] {processor.py:830} INFO - Processing file /home/felipe/.local/lib/python3.10/site-packages/airflow/example_dags/plugins/listener_plugin.py for tasks to queue
[2023-12-25T06:23:55.241-0300] {logging_mixin.py:188} INFO - [2023-12-25T06:23:55.240-0300] {dagbag.py:538} INFO - Filling up the DagBag from /home/felipe/.local/lib/python3.10/site-packages/airflow/example_dags/plugins/listener_plugin.py
[2023-12-25T06:23:55.245-0300] {processor.py:842} WARNING - No viable dags retrieved from /home/felipe/.local/lib/python3.10/site-packages/airflow/example_dags/plugins/listener_plugin.py
[2023-12-25T06:23:55.265-0300] {processor.py:183} INFO - Processing /home/felipe/.local/lib/python3.10/site-packages/airflow/example_dags/plugins/listener_plugin.py took 0.034 seconds
[2023-12-25T06:24:51.506-0300] {processor.py:161} INFO - Started process (PID=12538) to work on /home/felipe/.local/lib/python3.10/site-packages/airflow/example_dags/plugins/listener_plugin.py
[2023-12-25T06:24:51.508-0300] {processor.py:830} INFO - Processing file /home/felipe/.local/lib/python3.10/site-packages/airflow/example_dags/plugins/listener_plugin.py for tasks to queue
[2023-12-25T06:24:51.509-0300] {logging_mixin.py:188} INFO - [2023-12-25T06:24:51.509-0300] {dagbag.py:538} INFO - Filling up the DagBag from /home/felipe/.local/lib/python3.10/site-packages/airflow/example_dags/plugins/listener_plugin.py
[2023-12-25T06:24:51.514-0300] {processor.py:842} WARNING - No viable dags retrieved from /home/felipe/.local/lib/python3.10/site-packages/airflow/example_dags/plugins/listener_plugin.py
[2023-12-25T06:24:51.530-0300] {processor.py:183} INFO - Processing /home/felipe/.local/lib/python3.10/site-packages/airflow/example_dags/plugins/listener_plugin.py took 0.029 seconds
[2023-12-25T06:25:41.931-0300] {processor.py:161} INFO - Started process (PID=12621) to work on /home/felipe/.local/lib/python3.10/site-packages/airflow/example_dags/plugins/listener_plugin.py
[2023-12-25T06:25:41.933-0300] {processor.py:830} INFO - Processing file /home/felipe/.local/lib/python3.10/site-packages/airflow/example_dags/plugins/listener_plugin.py for tasks to queue
[2023-12-25T06:25:41.935-0300] {logging_mixin.py:188} INFO - [2023-12-25T06:25:41.935-0300] {dagbag.py:538} INFO - Filling up the DagBag from /home/felipe/.local/lib/python3.10/site-packages/airflow/example_dags/plugins/listener_plugin.py
[2023-12-25T06:25:41.940-0300] {processor.py:842} WARNING - No viable dags retrieved from /home/felipe/.local/lib/python3.10/site-packages/airflow/example_dags/plugins/listener_plugin.py
[2023-12-25T06:25:41.956-0300] {processor.py:183} INFO - Processing /home/felipe/.local/lib/python3.10/site-packages/airflow/example_dags/plugins/listener_plugin.py took 0.030 seconds
[2023-12-25T06:26:35.408-0300] {processor.py:161} INFO - Started process (PID=12678) to work on /home/felipe/.local/lib/python3.10/site-packages/airflow/example_dags/plugins/listener_plugin.py
[2023-12-25T06:26:35.411-0300] {processor.py:830} INFO - Processing file /home/felipe/.local/lib/python3.10/site-packages/airflow/example_dags/plugins/listener_plugin.py for tasks to queue
[2023-12-25T06:26:35.413-0300] {logging_mixin.py:188} INFO - [2023-12-25T06:26:35.412-0300] {dagbag.py:538} INFO - Filling up the DagBag from /home/felipe/.local/lib/python3.10/site-packages/airflow/example_dags/plugins/listener_plugin.py
[2023-12-25T06:26:35.417-0300] {processor.py:842} WARNING - No viable dags retrieved from /home/felipe/.local/lib/python3.10/site-packages/airflow/example_dags/plugins/listener_plugin.py
[2023-12-25T06:26:35.434-0300] {processor.py:183} INFO - Processing /home/felipe/.local/lib/python3.10/site-packages/airflow/example_dags/plugins/listener_plugin.py took 0.033 seconds
[2023-12-25T06:27:25.045-0300] {processor.py:161} INFO - Started process (PID=12724) to work on /home/felipe/.local/lib/python3.10/site-packages/airflow/example_dags/plugins/listener_plugin.py
[2023-12-25T06:27:25.050-0300] {processor.py:830} INFO - Processing file /home/felipe/.local/lib/python3.10/site-packages/airflow/example_dags/plugins/listener_plugin.py for tasks to queue
[2023-12-25T06:27:25.052-0300] {logging_mixin.py:188} INFO - [2023-12-25T06:27:25.051-0300] {dagbag.py:538} INFO - Filling up the DagBag from /home/felipe/.local/lib/python3.10/site-packages/airflow/example_dags/plugins/listener_plugin.py
[2023-12-25T06:27:25.058-0300] {processor.py:842} WARNING - No viable dags retrieved from /home/felipe/.local/lib/python3.10/site-packages/airflow/example_dags/plugins/listener_plugin.py
[2023-12-25T06:27:25.092-0300] {processor.py:183} INFO - Processing /home/felipe/.local/lib/python3.10/site-packages/airflow/example_dags/plugins/listener_plugin.py took 0.052 seconds
[2023-12-25T06:28:15.486-0300] {processor.py:161} INFO - Started process (PID=12773) to work on /home/felipe/.local/lib/python3.10/site-packages/airflow/example_dags/plugins/listener_plugin.py
[2023-12-25T06:28:15.489-0300] {processor.py:830} INFO - Processing file /home/felipe/.local/lib/python3.10/site-packages/airflow/example_dags/plugins/listener_plugin.py for tasks to queue
[2023-12-25T06:28:15.491-0300] {logging_mixin.py:188} INFO - [2023-12-25T06:28:15.490-0300] {dagbag.py:538} INFO - Filling up the DagBag from /home/felipe/.local/lib/python3.10/site-packages/airflow/example_dags/plugins/listener_plugin.py
[2023-12-25T06:28:15.507-0300] {processor.py:842} WARNING - No viable dags retrieved from /home/felipe/.local/lib/python3.10/site-packages/airflow/example_dags/plugins/listener_plugin.py
[2023-12-25T06:28:15.542-0300] {processor.py:183} INFO - Processing /home/felipe/.local/lib/python3.10/site-packages/airflow/example_dags/plugins/listener_plugin.py took 0.071 seconds
[2023-12-25T06:29:08.711-0300] {processor.py:161} INFO - Started process (PID=12819) to work on /home/felipe/.local/lib/python3.10/site-packages/airflow/example_dags/plugins/listener_plugin.py
[2023-12-25T06:29:08.715-0300] {processor.py:830} INFO - Processing file /home/felipe/.local/lib/python3.10/site-packages/airflow/example_dags/plugins/listener_plugin.py for tasks to queue
[2023-12-25T06:29:08.718-0300] {logging_mixin.py:188} INFO - [2023-12-25T06:29:08.717-0300] {dagbag.py:538} INFO - Filling up the DagBag from /home/felipe/.local/lib/python3.10/site-packages/airflow/example_dags/plugins/listener_plugin.py
[2023-12-25T06:29:08.724-0300] {processor.py:842} WARNING - No viable dags retrieved from /home/felipe/.local/lib/python3.10/site-packages/airflow/example_dags/plugins/listener_plugin.py
[2023-12-25T06:29:08.752-0300] {processor.py:183} INFO - Processing /home/felipe/.local/lib/python3.10/site-packages/airflow/example_dags/plugins/listener_plugin.py took 0.049 seconds
[2023-12-25T06:29:59.329-0300] {processor.py:161} INFO - Started process (PID=12894) to work on /home/felipe/.local/lib/python3.10/site-packages/airflow/example_dags/plugins/listener_plugin.py
[2023-12-25T06:29:59.331-0300] {processor.py:830} INFO - Processing file /home/felipe/.local/lib/python3.10/site-packages/airflow/example_dags/plugins/listener_plugin.py for tasks to queue
[2023-12-25T06:29:59.333-0300] {logging_mixin.py:188} INFO - [2023-12-25T06:29:59.332-0300] {dagbag.py:538} INFO - Filling up the DagBag from /home/felipe/.local/lib/python3.10/site-packages/airflow/example_dags/plugins/listener_plugin.py
[2023-12-25T06:29:59.337-0300] {processor.py:842} WARNING - No viable dags retrieved from /home/felipe/.local/lib/python3.10/site-packages/airflow/example_dags/plugins/listener_plugin.py
[2023-12-25T06:29:59.354-0300] {processor.py:183} INFO - Processing /home/felipe/.local/lib/python3.10/site-packages/airflow/example_dags/plugins/listener_plugin.py took 0.030 seconds
[2023-12-25T06:30:48.919-0300] {processor.py:161} INFO - Started process (PID=12949) to work on /home/felipe/.local/lib/python3.10/site-packages/airflow/example_dags/plugins/listener_plugin.py
[2023-12-25T06:30:48.922-0300] {processor.py:830} INFO - Processing file /home/felipe/.local/lib/python3.10/site-packages/airflow/example_dags/plugins/listener_plugin.py for tasks to queue
[2023-12-25T06:30:48.925-0300] {logging_mixin.py:188} INFO - [2023-12-25T06:30:48.924-0300] {dagbag.py:538} INFO - Filling up the DagBag from /home/felipe/.local/lib/python3.10/site-packages/airflow/example_dags/plugins/listener_plugin.py
[2023-12-25T06:30:48.934-0300] {processor.py:842} WARNING - No viable dags retrieved from /home/felipe/.local/lib/python3.10/site-packages/airflow/example_dags/plugins/listener_plugin.py
[2023-12-25T06:30:48.955-0300] {processor.py:183} INFO - Processing /home/felipe/.local/lib/python3.10/site-packages/airflow/example_dags/plugins/listener_plugin.py took 0.046 seconds
[2023-12-25T06:31:43.410-0300] {processor.py:161} INFO - Started process (PID=12994) to work on /home/felipe/.local/lib/python3.10/site-packages/airflow/example_dags/plugins/listener_plugin.py
[2023-12-25T06:31:43.413-0300] {processor.py:830} INFO - Processing file /home/felipe/.local/lib/python3.10/site-packages/airflow/example_dags/plugins/listener_plugin.py for tasks to queue
[2023-12-25T06:31:43.416-0300] {logging_mixin.py:188} INFO - [2023-12-25T06:31:43.415-0300] {dagbag.py:538} INFO - Filling up the DagBag from /home/felipe/.local/lib/python3.10/site-packages/airflow/example_dags/plugins/listener_plugin.py
[2023-12-25T06:31:43.422-0300] {processor.py:842} WARNING - No viable dags retrieved from /home/felipe/.local/lib/python3.10/site-packages/airflow/example_dags/plugins/listener_plugin.py
[2023-12-25T06:31:43.447-0300] {processor.py:183} INFO - Processing /home/felipe/.local/lib/python3.10/site-packages/airflow/example_dags/plugins/listener_plugin.py took 0.043 seconds
[2023-12-25T06:32:37.985-0300] {processor.py:161} INFO - Started process (PID=13045) to work on /home/felipe/.local/lib/python3.10/site-packages/airflow/example_dags/plugins/listener_plugin.py
[2023-12-25T06:32:37.987-0300] {processor.py:830} INFO - Processing file /home/felipe/.local/lib/python3.10/site-packages/airflow/example_dags/plugins/listener_plugin.py for tasks to queue
[2023-12-25T06:32:37.989-0300] {logging_mixin.py:188} INFO - [2023-12-25T06:32:37.988-0300] {dagbag.py:538} INFO - Filling up the DagBag from /home/felipe/.local/lib/python3.10/site-packages/airflow/example_dags/plugins/listener_plugin.py
[2023-12-25T06:32:37.993-0300] {processor.py:842} WARNING - No viable dags retrieved from /home/felipe/.local/lib/python3.10/site-packages/airflow/example_dags/plugins/listener_plugin.py
[2023-12-25T06:32:38.014-0300] {processor.py:183} INFO - Processing /home/felipe/.local/lib/python3.10/site-packages/airflow/example_dags/plugins/listener_plugin.py took 0.034 seconds
[2023-12-25T06:33:27.149-0300] {processor.py:161} INFO - Started process (PID=13089) to work on /home/felipe/.local/lib/python3.10/site-packages/airflow/example_dags/plugins/listener_plugin.py
[2023-12-25T06:33:27.151-0300] {processor.py:830} INFO - Processing file /home/felipe/.local/lib/python3.10/site-packages/airflow/example_dags/plugins/listener_plugin.py for tasks to queue
[2023-12-25T06:33:27.153-0300] {logging_mixin.py:188} INFO - [2023-12-25T06:33:27.152-0300] {dagbag.py:538} INFO - Filling up the DagBag from /home/felipe/.local/lib/python3.10/site-packages/airflow/example_dags/plugins/listener_plugin.py
[2023-12-25T06:33:27.158-0300] {processor.py:842} WARNING - No viable dags retrieved from /home/felipe/.local/lib/python3.10/site-packages/airflow/example_dags/plugins/listener_plugin.py
[2023-12-25T06:33:27.175-0300] {processor.py:183} INFO - Processing /home/felipe/.local/lib/python3.10/site-packages/airflow/example_dags/plugins/listener_plugin.py took 0.031 seconds
[2023-12-25T06:34:19.392-0300] {processor.py:161} INFO - Started process (PID=13136) to work on /home/felipe/.local/lib/python3.10/site-packages/airflow/example_dags/plugins/listener_plugin.py
[2023-12-25T06:34:19.395-0300] {processor.py:830} INFO - Processing file /home/felipe/.local/lib/python3.10/site-packages/airflow/example_dags/plugins/listener_plugin.py for tasks to queue
[2023-12-25T06:34:19.397-0300] {logging_mixin.py:188} INFO - [2023-12-25T06:34:19.396-0300] {dagbag.py:538} INFO - Filling up the DagBag from /home/felipe/.local/lib/python3.10/site-packages/airflow/example_dags/plugins/listener_plugin.py
[2023-12-25T06:34:19.404-0300] {processor.py:842} WARNING - No viable dags retrieved from /home/felipe/.local/lib/python3.10/site-packages/airflow/example_dags/plugins/listener_plugin.py
[2023-12-25T06:34:19.432-0300] {processor.py:183} INFO - Processing /home/felipe/.local/lib/python3.10/site-packages/airflow/example_dags/plugins/listener_plugin.py took 0.048 seconds
[2023-12-25T06:35:11.516-0300] {processor.py:161} INFO - Started process (PID=13218) to work on /home/felipe/.local/lib/python3.10/site-packages/airflow/example_dags/plugins/listener_plugin.py
[2023-12-25T06:35:11.519-0300] {processor.py:830} INFO - Processing file /home/felipe/.local/lib/python3.10/site-packages/airflow/example_dags/plugins/listener_plugin.py for tasks to queue
[2023-12-25T06:35:11.521-0300] {logging_mixin.py:188} INFO - [2023-12-25T06:35:11.521-0300] {dagbag.py:538} INFO - Filling up the DagBag from /home/felipe/.local/lib/python3.10/site-packages/airflow/example_dags/plugins/listener_plugin.py
[2023-12-25T06:35:11.526-0300] {processor.py:842} WARNING - No viable dags retrieved from /home/felipe/.local/lib/python3.10/site-packages/airflow/example_dags/plugins/listener_plugin.py
[2023-12-25T06:35:11.547-0300] {processor.py:183} INFO - Processing /home/felipe/.local/lib/python3.10/site-packages/airflow/example_dags/plugins/listener_plugin.py took 0.034 seconds
[2023-12-25T06:36:07.131-0300] {processor.py:161} INFO - Started process (PID=13269) to work on /home/felipe/.local/lib/python3.10/site-packages/airflow/example_dags/plugins/listener_plugin.py
[2023-12-25T06:36:07.134-0300] {processor.py:830} INFO - Processing file /home/felipe/.local/lib/python3.10/site-packages/airflow/example_dags/plugins/listener_plugin.py for tasks to queue
[2023-12-25T06:36:07.136-0300] {logging_mixin.py:188} INFO - [2023-12-25T06:36:07.135-0300] {dagbag.py:538} INFO - Filling up the DagBag from /home/felipe/.local/lib/python3.10/site-packages/airflow/example_dags/plugins/listener_plugin.py
[2023-12-25T06:36:07.140-0300] {processor.py:842} WARNING - No viable dags retrieved from /home/felipe/.local/lib/python3.10/site-packages/airflow/example_dags/plugins/listener_plugin.py
[2023-12-25T06:36:07.162-0300] {processor.py:183} INFO - Processing /home/felipe/.local/lib/python3.10/site-packages/airflow/example_dags/plugins/listener_plugin.py took 0.036 seconds
[2023-12-25T06:37:04.843-0300] {processor.py:161} INFO - Started process (PID=13321) to work on /home/felipe/.local/lib/python3.10/site-packages/airflow/example_dags/plugins/listener_plugin.py
[2023-12-25T06:37:04.846-0300] {processor.py:830} INFO - Processing file /home/felipe/.local/lib/python3.10/site-packages/airflow/example_dags/plugins/listener_plugin.py for tasks to queue
[2023-12-25T06:37:04.848-0300] {logging_mixin.py:188} INFO - [2023-12-25T06:37:04.847-0300] {dagbag.py:538} INFO - Filling up the DagBag from /home/felipe/.local/lib/python3.10/site-packages/airflow/example_dags/plugins/listener_plugin.py
[2023-12-25T06:37:04.855-0300] {processor.py:842} WARNING - No viable dags retrieved from /home/felipe/.local/lib/python3.10/site-packages/airflow/example_dags/plugins/listener_plugin.py
[2023-12-25T06:37:04.880-0300] {processor.py:183} INFO - Processing /home/felipe/.local/lib/python3.10/site-packages/airflow/example_dags/plugins/listener_plugin.py took 0.045 seconds
[2023-12-25T06:38:07.694-0300] {processor.py:161} INFO - Started process (PID=13374) to work on /home/felipe/.local/lib/python3.10/site-packages/airflow/example_dags/plugins/listener_plugin.py
[2023-12-25T06:38:07.709-0300] {processor.py:830} INFO - Processing file /home/felipe/.local/lib/python3.10/site-packages/airflow/example_dags/plugins/listener_plugin.py for tasks to queue
[2023-12-25T06:38:07.722-0300] {logging_mixin.py:188} INFO - [2023-12-25T06:38:07.711-0300] {dagbag.py:538} INFO - Filling up the DagBag from /home/felipe/.local/lib/python3.10/site-packages/airflow/example_dags/plugins/listener_plugin.py
[2023-12-25T06:38:07.742-0300] {processor.py:842} WARNING - No viable dags retrieved from /home/felipe/.local/lib/python3.10/site-packages/airflow/example_dags/plugins/listener_plugin.py
[2023-12-25T06:38:07.851-0300] {processor.py:183} INFO - Processing /home/felipe/.local/lib/python3.10/site-packages/airflow/example_dags/plugins/listener_plugin.py took 0.175 seconds
