[2023-12-24T18:34:26.238-0300] {taskinstance.py:1957} INFO - Dependencies all met for dep_context=non-requeueable deps ti=<TaskInstance: download_rocket_launches.get_pictures scheduled__2023-12-14T00:00:00+00:00 [queued]>
[2023-12-24T18:34:26.252-0300] {taskinstance.py:1957} INFO - Dependencies all met for dep_context=requeueable deps ti=<TaskInstance: download_rocket_launches.get_pictures scheduled__2023-12-14T00:00:00+00:00 [queued]>
[2023-12-24T18:34:26.253-0300] {taskinstance.py:2171} INFO - Starting attempt 1 of 1
[2023-12-24T18:34:26.287-0300] {taskinstance.py:2192} INFO - Executing <Task(PythonOperator): get_pictures> on 2023-12-14 00:00:00+00:00
[2023-12-24T18:34:26.292-0300] {standard_task_runner.py:60} INFO - Started process 9202 to run task
[2023-12-24T18:34:26.296-0300] {standard_task_runner.py:87} INFO - Running: ['airflow', 'tasks', 'run', 'download_rocket_launches', 'get_pictures', 'scheduled__2023-12-14T00:00:00+00:00', '--job-id', '20', '--raw', '--subdir', 'DAGS_FOLDER/launch_rocket.py', '--cfg-path', '/tmp/tmpulqc01vd']
[2023-12-24T18:34:26.297-0300] {standard_task_runner.py:88} INFO - Job 20: Subtask get_pictures
[2023-12-24T18:34:26.368-0300] {task_command.py:423} INFO - Running <TaskInstance: download_rocket_launches.get_pictures scheduled__2023-12-14T00:00:00+00:00 [running]> on host felipelx.
[2023-12-24T18:34:26.490-0300] {taskinstance.py:2481} INFO - Exporting env vars: AIRFLOW_CTX_DAG_OWNER='airflow' AIRFLOW_CTX_DAG_ID='download_rocket_launches' AIRFLOW_CTX_TASK_ID='get_pictures' AIRFLOW_CTX_EXECUTION_DATE='2023-12-14T00:00:00+00:00' AIRFLOW_CTX_TRY_NUMBER='1' AIRFLOW_CTX_DAG_RUN_ID='scheduled__2023-12-14T00:00:00+00:00'
[2023-12-24T18:34:27.559-0300] {logging_mixin.py:188} INFO - Downloaded https://spacelaunchnow-prod-east.nyc3.digitaloceanspaces.com/media/launch_images/falcon2520925_image_20231223073520.jpeg to /tmp/images/falcon2520925_image_20231223073520.jpeg
[2023-12-24T18:34:28.535-0300] {logging_mixin.py:188} INFO - Downloaded https://spacelaunchnow-prod-east.nyc3.digitaloceanspaces.com/media/launcher_images/kuaizhou_image_20191027094423.jpeg to /tmp/images/kuaizhou_image_20191027094423.jpeg
[2023-12-24T18:34:29.303-0300] {logging_mixin.py:188} INFO - Downloaded https://spacelaunchnow-prod-east.nyc3.digitaloceanspaces.com/media/launcher_images/long2520march252011_image_20190222031217.jpeg to /tmp/images/long2520march252011_image_20190222031217.jpeg
[2023-12-24T18:34:30.312-0300] {logging_mixin.py:188} INFO - Downloaded https://spacelaunchnow-prod-east.nyc3.digitaloceanspaces.com/media/launcher_images/long2520march25203b25202f2520yz-1_image_20200102180729.jpg to /tmp/images/long2520march25203b25202f2520yz-1_image_20200102180729.jpg
[2023-12-24T18:34:31.337-0300] {logging_mixin.py:188} INFO - Downloaded https://spacelaunchnow-prod-east.nyc3.digitaloceanspaces.com/media/launcher_images/soyuz_image_20190222031122.jpeg to /tmp/images/soyuz_image_20190222031122.jpeg
[2023-12-24T18:34:32.269-0300] {logging_mixin.py:188} INFO - Downloaded https://spacelaunchnow-prod-east.nyc3.digitaloceanspaces.com/media/launcher_images/kuaizhou_image_20191027094423.jpeg to /tmp/images/kuaizhou_image_20191027094423.jpeg
[2023-12-24T18:34:33.279-0300] {logging_mixin.py:188} INFO - Downloaded https://spacelaunchnow-prod-east.nyc3.digitaloceanspaces.com/media/launch_images/falcon2520heav_image_20231210135716.jpeg to /tmp/images/falcon2520heav_image_20231210135716.jpeg
[2023-12-24T18:34:34.480-0300] {logging_mixin.py:188} INFO - Downloaded https://spacelaunchnow-prod-east.nyc3.digitaloceanspaces.com/media/launch_images/falcon2520925_image_20231108221042.png to /tmp/images/falcon2520925_image_20231108221042.png
[2023-12-24T18:34:35.539-0300] {logging_mixin.py:188} INFO - Downloaded https://spacelaunchnow-prod-east.nyc3.digitaloceanspaces.com/media/launcher_images/ceres-1_image_20230722081939.jpeg to /tmp/images/ceres-1_image_20230722081939.jpeg
[2023-12-24T18:34:36.697-0300] {logging_mixin.py:188} INFO - Downloaded https://spacelaunchnow-prod-east.nyc3.digitaloceanspaces.com/media/launch_images/falcon2520925_image_20230920071550.png to /tmp/images/falcon2520925_image_20230920071550.png
[2023-12-24T18:34:36.701-0300] {python.py:201} INFO - Done. Returned value was: None
[2023-12-24T18:34:36.720-0300] {taskinstance.py:1138} INFO - Marking task as SUCCESS. dag_id=download_rocket_launches, task_id=get_pictures, execution_date=20231214T000000, start_date=20231224T213426, end_date=20231224T213436
[2023-12-24T18:34:36.830-0300] {local_task_job_runner.py:234} INFO - Task exited with return code 0
[2023-12-24T18:34:36.903-0300] {taskinstance.py:3281} INFO - 1 downstream tasks scheduled from follow-on schedule check
