[2023-12-31T09:36:48.536-0300] {processor.py:161} INFO - Started process (PID=32005) to work on /home/felipe/airflow/dags/00_launch_rocket.py
[2023-12-31T09:36:48.537-0300] {processor.py:830} INFO - Processing file /home/felipe/airflow/dags/00_launch_rocket.py for tasks to queue
[2023-12-31T09:36:48.539-0300] {logging_mixin.py:188} INFO - [2023-12-31T09:36:48.538-0300] {dagbag.py:538} INFO - Filling up the DagBag from /home/felipe/airflow/dags/00_launch_rocket.py
[2023-12-31T09:36:48.559-0300] {processor.py:840} INFO - DAG(s) 'download_rocket_launches' retrieved from /home/felipe/airflow/dags/00_launch_rocket.py
[2023-12-31T09:36:48.991-0300] {logging_mixin.py:188} INFO - [2023-12-31T09:36:48.990-0300] {dag.py:3033} INFO - Sync 1 DAGs
[2023-12-31T09:36:49.060-0300] {logging_mixin.py:188} INFO - [2023-12-31T09:36:49.059-0300] {dag.py:3820} INFO - Setting next_dagrun for download_rocket_launches to 2023-12-31T00:00:00+00:00, run_after=2024-01-01T00:00:00+00:00
[2023-12-31T09:36:49.148-0300] {processor.py:183} INFO - Processing /home/felipe/airflow/dags/00_launch_rocket.py took 0.621 seconds
[2023-12-31T09:38:41.098-0300] {processor.py:161} INFO - Started process (PID=32184) to work on /home/felipe/airflow/dags/00_launch_rocket.py
[2023-12-31T09:38:41.100-0300] {processor.py:830} INFO - Processing file /home/felipe/airflow/dags/00_launch_rocket.py for tasks to queue
[2023-12-31T09:38:41.110-0300] {logging_mixin.py:188} INFO - [2023-12-31T09:38:41.109-0300] {dagbag.py:538} INFO - Filling up the DagBag from /home/felipe/airflow/dags/00_launch_rocket.py
[2023-12-31T09:38:41.148-0300] {processor.py:840} INFO - DAG(s) 'download_rocket_launches' retrieved from /home/felipe/airflow/dags/00_launch_rocket.py
[2023-12-31T09:38:41.248-0300] {logging_mixin.py:188} INFO - [2023-12-31T09:38:41.248-0300] {dag.py:3033} INFO - Sync 1 DAGs
[2023-12-31T09:38:41.428-0300] {logging_mixin.py:188} INFO - [2023-12-31T09:38:41.421-0300] {dag.py:3820} INFO - Setting next_dagrun for download_rocket_launches to 2023-12-31T00:00:00+00:00, run_after=2024-01-01T00:00:00+00:00
[2023-12-31T09:38:41.608-0300] {processor.py:183} INFO - Processing /home/felipe/airflow/dags/00_launch_rocket.py took 0.528 seconds
[2023-12-31T09:52:11.157-0300] {processor.py:161} INFO - Started process (PID=32778) to work on /home/felipe/airflow/dags/00_launch_rocket.py
[2023-12-31T09:52:11.167-0300] {processor.py:830} INFO - Processing file /home/felipe/airflow/dags/00_launch_rocket.py for tasks to queue
[2023-12-31T09:52:11.177-0300] {logging_mixin.py:188} INFO - [2023-12-31T09:52:11.169-0300] {dagbag.py:538} INFO - Filling up the DagBag from /home/felipe/airflow/dags/00_launch_rocket.py
[2023-12-31T09:52:11.929-0300] {processor.py:840} INFO - DAG(s) 'download_rocket_launches' retrieved from /home/felipe/airflow/dags/00_launch_rocket.py
[2023-12-31T09:52:12.919-0300] {logging_mixin.py:188} INFO - [2023-12-31T09:52:12.918-0300] {dag.py:3033} INFO - Sync 1 DAGs
[2023-12-31T09:52:13.139-0300] {logging_mixin.py:188} INFO - [2023-12-31T09:52:13.138-0300] {dag.py:3820} INFO - Setting next_dagrun for download_rocket_launches to 2023-12-31T00:00:00+00:00, run_after=2024-01-01T00:00:00+00:00
[2023-12-31T09:52:13.380-0300] {processor.py:183} INFO - Processing /home/felipe/airflow/dags/00_launch_rocket.py took 2.240 seconds
[2023-12-31T09:55:28.717-0300] {processor.py:161} INFO - Started process (PID=32940) to work on /home/felipe/airflow/dags/00_launch_rocket.py
[2023-12-31T09:55:28.728-0300] {processor.py:830} INFO - Processing file /home/felipe/airflow/dags/00_launch_rocket.py for tasks to queue
[2023-12-31T09:55:28.768-0300] {logging_mixin.py:188} INFO - [2023-12-31T09:55:28.758-0300] {dagbag.py:538} INFO - Filling up the DagBag from /home/felipe/airflow/dags/00_launch_rocket.py
[2023-12-31T09:55:28.920-0300] {processor.py:840} INFO - DAG(s) 'download_rocket_launches' retrieved from /home/felipe/airflow/dags/00_launch_rocket.py
[2023-12-31T09:55:29.467-0300] {logging_mixin.py:188} INFO - [2023-12-31T09:55:29.458-0300] {dag.py:3033} INFO - Sync 1 DAGs
[2023-12-31T09:55:30.087-0300] {logging_mixin.py:188} INFO - [2023-12-31T09:55:30.070-0300] {dag.py:3820} INFO - Setting next_dagrun for download_rocket_launches to 2023-12-31T00:00:00+00:00, run_after=2024-01-01T00:00:00+00:00
[2023-12-31T09:55:30.738-0300] {processor.py:183} INFO - Processing /home/felipe/airflow/dags/00_launch_rocket.py took 2.059 seconds
[2023-12-31T10:00:03.536-0300] {processor.py:161} INFO - Started process (PID=33151) to work on /home/felipe/airflow/dags/00_launch_rocket.py
[2023-12-31T10:00:03.539-0300] {processor.py:830} INFO - Processing file /home/felipe/airflow/dags/00_launch_rocket.py for tasks to queue
[2023-12-31T10:00:03.547-0300] {logging_mixin.py:188} INFO - [2023-12-31T10:00:03.540-0300] {dagbag.py:538} INFO - Filling up the DagBag from /home/felipe/airflow/dags/00_launch_rocket.py
[2023-12-31T10:00:03.588-0300] {processor.py:840} INFO - DAG(s) 'download_rocket_launches' retrieved from /home/felipe/airflow/dags/00_launch_rocket.py
[2023-12-31T10:00:03.659-0300] {logging_mixin.py:188} INFO - [2023-12-31T10:00:03.659-0300] {dag.py:3033} INFO - Sync 1 DAGs
[2023-12-31T10:00:03.807-0300] {logging_mixin.py:188} INFO - [2023-12-31T10:00:03.807-0300] {dag.py:3820} INFO - Setting next_dagrun for download_rocket_launches to 2023-12-31T00:00:00+00:00, run_after=2024-01-01T00:00:00+00:00
[2023-12-31T10:00:03.919-0300] {processor.py:183} INFO - Processing /home/felipe/airflow/dags/00_launch_rocket.py took 0.403 seconds
[2023-12-31T10:01:29.906-0300] {processor.py:161} INFO - Started process (PID=33288) to work on /home/felipe/airflow/dags/00_launch_rocket.py
[2023-12-31T10:01:29.908-0300] {processor.py:830} INFO - Processing file /home/felipe/airflow/dags/00_launch_rocket.py for tasks to queue
[2023-12-31T10:01:29.916-0300] {logging_mixin.py:188} INFO - [2023-12-31T10:01:29.910-0300] {dagbag.py:538} INFO - Filling up the DagBag from /home/felipe/airflow/dags/00_launch_rocket.py
[2023-12-31T10:01:29.958-0300] {processor.py:840} INFO - DAG(s) 'download_rocket_launches' retrieved from /home/felipe/airflow/dags/00_launch_rocket.py
[2023-12-31T10:01:30.048-0300] {logging_mixin.py:188} INFO - [2023-12-31T10:01:30.048-0300] {dag.py:3033} INFO - Sync 1 DAGs
[2023-12-31T10:01:30.178-0300] {logging_mixin.py:188} INFO - [2023-12-31T10:01:30.178-0300] {dag.py:3820} INFO - Setting next_dagrun for download_rocket_launches to 2023-12-31T00:00:00+00:00, run_after=2024-01-01T00:00:00+00:00
[2023-12-31T10:01:30.316-0300] {processor.py:183} INFO - Processing /home/felipe/airflow/dags/00_launch_rocket.py took 0.427 seconds
[2023-12-31T10:02:37.498-0300] {processor.py:161} INFO - Started process (PID=33346) to work on /home/felipe/airflow/dags/00_launch_rocket.py
[2023-12-31T10:02:37.507-0300] {processor.py:830} INFO - Processing file /home/felipe/airflow/dags/00_launch_rocket.py for tasks to queue
[2023-12-31T10:02:37.508-0300] {logging_mixin.py:188} INFO - [2023-12-31T10:02:37.508-0300] {dagbag.py:538} INFO - Filling up the DagBag from /home/felipe/airflow/dags/00_launch_rocket.py
[2023-12-31T10:02:37.548-0300] {processor.py:840} INFO - DAG(s) 'download_rocket_launches' retrieved from /home/felipe/airflow/dags/00_launch_rocket.py
[2023-12-31T10:02:37.627-0300] {logging_mixin.py:188} INFO - [2023-12-31T10:02:37.627-0300] {dag.py:3033} INFO - Sync 1 DAGs
[2023-12-31T10:02:37.746-0300] {logging_mixin.py:188} INFO - [2023-12-31T10:02:37.740-0300] {dag.py:3820} INFO - Setting next_dagrun for download_rocket_launches to 2023-12-31T00:00:00+00:00, run_after=2024-01-01T00:00:00+00:00
[2023-12-31T10:02:37.866-0300] {processor.py:183} INFO - Processing /home/felipe/airflow/dags/00_launch_rocket.py took 0.379 seconds
[2023-12-31T10:03:43.756-0300] {processor.py:161} INFO - Started process (PID=33418) to work on /home/felipe/airflow/dags/00_launch_rocket.py
[2023-12-31T10:03:43.759-0300] {processor.py:830} INFO - Processing file /home/felipe/airflow/dags/00_launch_rocket.py for tasks to queue
[2023-12-31T10:03:43.767-0300] {logging_mixin.py:188} INFO - [2023-12-31T10:03:43.760-0300] {dagbag.py:538} INFO - Filling up the DagBag from /home/felipe/airflow/dags/00_launch_rocket.py
[2023-12-31T10:03:43.806-0300] {processor.py:840} INFO - DAG(s) 'download_rocket_launches' retrieved from /home/felipe/airflow/dags/00_launch_rocket.py
[2023-12-31T10:03:43.879-0300] {logging_mixin.py:188} INFO - [2023-12-31T10:03:43.879-0300] {dag.py:3033} INFO - Sync 1 DAGs
[2023-12-31T10:03:43.990-0300] {logging_mixin.py:188} INFO - [2023-12-31T10:03:43.989-0300] {dag.py:3820} INFO - Setting next_dagrun for download_rocket_launches to 2023-12-31T00:00:00+00:00, run_after=2024-01-01T00:00:00+00:00
[2023-12-31T10:03:44.119-0300] {processor.py:183} INFO - Processing /home/felipe/airflow/dags/00_launch_rocket.py took 0.379 seconds
[2023-12-31T10:04:55.778-0300] {processor.py:161} INFO - Started process (PID=33504) to work on /home/felipe/airflow/dags/00_launch_rocket.py
[2023-12-31T10:04:55.786-0300] {processor.py:830} INFO - Processing file /home/felipe/airflow/dags/00_launch_rocket.py for tasks to queue
[2023-12-31T10:04:55.788-0300] {logging_mixin.py:188} INFO - [2023-12-31T10:04:55.787-0300] {dagbag.py:538} INFO - Filling up the DagBag from /home/felipe/airflow/dags/00_launch_rocket.py
[2023-12-31T10:04:55.829-0300] {processor.py:840} INFO - DAG(s) 'download_rocket_launches' retrieved from /home/felipe/airflow/dags/00_launch_rocket.py
[2023-12-31T10:04:55.906-0300] {logging_mixin.py:188} INFO - [2023-12-31T10:04:55.900-0300] {dag.py:3033} INFO - Sync 1 DAGs
[2023-12-31T10:04:56.057-0300] {logging_mixin.py:188} INFO - [2023-12-31T10:04:56.057-0300] {dag.py:3820} INFO - Setting next_dagrun for download_rocket_launches to 2023-12-31T00:00:00+00:00, run_after=2024-01-01T00:00:00+00:00
[2023-12-31T10:04:56.248-0300] {processor.py:183} INFO - Processing /home/felipe/airflow/dags/00_launch_rocket.py took 0.481 seconds
[2023-12-31T10:06:07.077-0300] {processor.py:161} INFO - Started process (PID=33584) to work on /home/felipe/airflow/dags/00_launch_rocket.py
[2023-12-31T10:06:07.079-0300] {processor.py:830} INFO - Processing file /home/felipe/airflow/dags/00_launch_rocket.py for tasks to queue
[2023-12-31T10:06:07.088-0300] {logging_mixin.py:188} INFO - [2023-12-31T10:06:07.087-0300] {dagbag.py:538} INFO - Filling up the DagBag from /home/felipe/airflow/dags/00_launch_rocket.py
[2023-12-31T10:06:07.147-0300] {processor.py:840} INFO - DAG(s) 'download_rocket_launches' retrieved from /home/felipe/airflow/dags/00_launch_rocket.py
[2023-12-31T10:06:07.249-0300] {logging_mixin.py:188} INFO - [2023-12-31T10:06:07.249-0300] {dag.py:3033} INFO - Sync 1 DAGs
[2023-12-31T10:06:07.387-0300] {logging_mixin.py:188} INFO - [2023-12-31T10:06:07.386-0300] {dag.py:3820} INFO - Setting next_dagrun for download_rocket_launches to 2023-12-31T00:00:00+00:00, run_after=2024-01-01T00:00:00+00:00
[2023-12-31T10:06:07.528-0300] {processor.py:183} INFO - Processing /home/felipe/airflow/dags/00_launch_rocket.py took 0.469 seconds
[2023-12-31T10:07:17.629-0300] {processor.py:161} INFO - Started process (PID=33699) to work on /home/felipe/airflow/dags/00_launch_rocket.py
[2023-12-31T10:07:17.638-0300] {processor.py:830} INFO - Processing file /home/felipe/airflow/dags/00_launch_rocket.py for tasks to queue
[2023-12-31T10:07:17.639-0300] {logging_mixin.py:188} INFO - [2023-12-31T10:07:17.639-0300] {dagbag.py:538} INFO - Filling up the DagBag from /home/felipe/airflow/dags/00_launch_rocket.py
[2023-12-31T10:07:17.687-0300] {processor.py:840} INFO - DAG(s) 'download_rocket_launches' retrieved from /home/felipe/airflow/dags/00_launch_rocket.py
[2023-12-31T10:07:17.759-0300] {logging_mixin.py:188} INFO - [2023-12-31T10:07:17.758-0300] {dag.py:3033} INFO - Sync 1 DAGs
[2023-12-31T10:07:17.879-0300] {logging_mixin.py:188} INFO - [2023-12-31T10:07:17.879-0300] {dag.py:3820} INFO - Setting next_dagrun for download_rocket_launches to 2023-12-31T00:00:00+00:00, run_after=2024-01-01T00:00:00+00:00
[2023-12-31T10:07:18.019-0300] {processor.py:183} INFO - Processing /home/felipe/airflow/dags/00_launch_rocket.py took 0.401 seconds
[2023-12-31T10:08:30.320-0300] {processor.py:161} INFO - Started process (PID=33779) to work on /home/felipe/airflow/dags/00_launch_rocket.py
[2023-12-31T10:08:30.328-0300] {processor.py:830} INFO - Processing file /home/felipe/airflow/dags/00_launch_rocket.py for tasks to queue
[2023-12-31T10:08:30.336-0300] {logging_mixin.py:188} INFO - [2023-12-31T10:08:30.329-0300] {dagbag.py:538} INFO - Filling up the DagBag from /home/felipe/airflow/dags/00_launch_rocket.py
[2023-12-31T10:08:30.378-0300] {processor.py:840} INFO - DAG(s) 'download_rocket_launches' retrieved from /home/felipe/airflow/dags/00_launch_rocket.py
[2023-12-31T10:08:30.459-0300] {logging_mixin.py:188} INFO - [2023-12-31T10:08:30.458-0300] {dag.py:3033} INFO - Sync 1 DAGs
[2023-12-31T10:08:30.578-0300] {logging_mixin.py:188} INFO - [2023-12-31T10:08:30.578-0300] {dag.py:3820} INFO - Setting next_dagrun for download_rocket_launches to 2023-12-31T00:00:00+00:00, run_after=2024-01-01T00:00:00+00:00
[2023-12-31T10:08:30.728-0300] {processor.py:183} INFO - Processing /home/felipe/airflow/dags/00_launch_rocket.py took 0.420 seconds
[2023-12-31T11:29:08.224-0300] {processor.py:161} INFO - Started process (PID=33978) to work on /home/felipe/airflow/dags/00_launch_rocket.py
[2023-12-31T11:29:08.255-0300] {processor.py:830} INFO - Processing file /home/felipe/airflow/dags/00_launch_rocket.py for tasks to queue
[2023-12-31T11:29:08.264-0300] {logging_mixin.py:188} INFO - [2023-12-31T11:29:08.256-0300] {dagbag.py:538} INFO - Filling up the DagBag from /home/felipe/airflow/dags/00_launch_rocket.py
[2023-12-31T11:29:08.325-0300] {processor.py:840} INFO - DAG(s) 'download_rocket_launches' retrieved from /home/felipe/airflow/dags/00_launch_rocket.py
[2023-12-31T11:29:08.424-0300] {logging_mixin.py:188} INFO - [2023-12-31T11:29:08.417-0300] {dag.py:3033} INFO - Sync 1 DAGs
[2023-12-31T11:29:08.595-0300] {logging_mixin.py:188} INFO - [2023-12-31T11:29:08.595-0300] {dag.py:3820} INFO - Setting next_dagrun for download_rocket_launches to 2023-12-31T00:00:00+00:00, run_after=2024-01-01T00:00:00+00:00
[2023-12-31T11:29:08.767-0300] {processor.py:183} INFO - Processing /home/felipe/airflow/dags/00_launch_rocket.py took 0.560 seconds
[2023-12-31T11:30:57.845-0300] {processor.py:161} INFO - Started process (PID=34242) to work on /home/felipe/airflow/dags/00_launch_rocket.py
[2023-12-31T11:30:57.854-0300] {processor.py:830} INFO - Processing file /home/felipe/airflow/dags/00_launch_rocket.py for tasks to queue
[2023-12-31T11:30:57.856-0300] {logging_mixin.py:188} INFO - [2023-12-31T11:30:57.856-0300] {dagbag.py:538} INFO - Filling up the DagBag from /home/felipe/airflow/dags/00_launch_rocket.py
[2023-12-31T11:30:57.916-0300] {processor.py:840} INFO - DAG(s) 'download_rocket_launches' retrieved from /home/felipe/airflow/dags/00_launch_rocket.py
[2023-12-31T11:30:58.015-0300] {logging_mixin.py:188} INFO - [2023-12-31T11:30:58.015-0300] {dag.py:3033} INFO - Sync 1 DAGs
[2023-12-31T11:30:58.185-0300] {logging_mixin.py:188} INFO - [2023-12-31T11:30:58.185-0300] {dag.py:3820} INFO - Setting next_dagrun for download_rocket_launches to 2023-12-31T00:00:00+00:00, run_after=2024-01-01T00:00:00+00:00
[2023-12-31T11:30:58.396-0300] {processor.py:183} INFO - Processing /home/felipe/airflow/dags/00_launch_rocket.py took 0.570 seconds
[2023-12-31T11:32:27.416-0300] {processor.py:161} INFO - Started process (PID=34347) to work on /home/felipe/airflow/dags/00_launch_rocket.py
[2023-12-31T11:32:27.425-0300] {processor.py:830} INFO - Processing file /home/felipe/airflow/dags/00_launch_rocket.py for tasks to queue
[2023-12-31T11:32:27.434-0300] {logging_mixin.py:188} INFO - [2023-12-31T11:32:27.427-0300] {dagbag.py:538} INFO - Filling up the DagBag from /home/felipe/airflow/dags/00_launch_rocket.py
[2023-12-31T11:32:27.487-0300] {processor.py:840} INFO - DAG(s) 'download_rocket_launches' retrieved from /home/felipe/airflow/dags/00_launch_rocket.py
[2023-12-31T11:32:27.647-0300] {logging_mixin.py:188} INFO - [2023-12-31T11:32:27.646-0300] {dag.py:3033} INFO - Sync 1 DAGs
[2023-12-31T11:32:27.806-0300] {logging_mixin.py:188} INFO - [2023-12-31T11:32:27.805-0300] {dag.py:3820} INFO - Setting next_dagrun for download_rocket_launches to 2023-12-31T00:00:00+00:00, run_after=2024-01-01T00:00:00+00:00
[2023-12-31T11:32:27.994-0300] {processor.py:183} INFO - Processing /home/felipe/airflow/dags/00_launch_rocket.py took 0.589 seconds
[2023-12-31T11:33:57.216-0300] {processor.py:161} INFO - Started process (PID=34449) to work on /home/felipe/airflow/dags/00_launch_rocket.py
[2023-12-31T11:33:57.225-0300] {processor.py:830} INFO - Processing file /home/felipe/airflow/dags/00_launch_rocket.py for tasks to queue
[2023-12-31T11:33:57.237-0300] {logging_mixin.py:188} INFO - [2023-12-31T11:33:57.226-0300] {dagbag.py:538} INFO - Filling up the DagBag from /home/felipe/airflow/dags/00_launch_rocket.py
[2023-12-31T11:33:57.286-0300] {processor.py:840} INFO - DAG(s) 'download_rocket_launches' retrieved from /home/felipe/airflow/dags/00_launch_rocket.py
[2023-12-31T11:33:57.395-0300] {logging_mixin.py:188} INFO - [2023-12-31T11:33:57.395-0300] {dag.py:3033} INFO - Sync 1 DAGs
[2023-12-31T11:33:57.535-0300] {logging_mixin.py:188} INFO - [2023-12-31T11:33:57.534-0300] {dag.py:3820} INFO - Setting next_dagrun for download_rocket_launches to 2023-12-31T00:00:00+00:00, run_after=2024-01-01T00:00:00+00:00
[2023-12-31T11:33:57.686-0300] {processor.py:183} INFO - Processing /home/felipe/airflow/dags/00_launch_rocket.py took 0.481 seconds
[2023-12-31T11:35:19.716-0300] {processor.py:161} INFO - Started process (PID=34567) to work on /home/felipe/airflow/dags/00_launch_rocket.py
[2023-12-31T11:35:19.724-0300] {processor.py:830} INFO - Processing file /home/felipe/airflow/dags/00_launch_rocket.py for tasks to queue
[2023-12-31T11:35:19.726-0300] {logging_mixin.py:188} INFO - [2023-12-31T11:35:19.725-0300] {dagbag.py:538} INFO - Filling up the DagBag from /home/felipe/airflow/dags/00_launch_rocket.py
[2023-12-31T11:35:19.775-0300] {processor.py:840} INFO - DAG(s) 'download_rocket_launches' retrieved from /home/felipe/airflow/dags/00_launch_rocket.py
[2023-12-31T11:35:19.865-0300] {logging_mixin.py:188} INFO - [2023-12-31T11:35:19.864-0300] {dag.py:3033} INFO - Sync 1 DAGs
[2023-12-31T11:35:20.037-0300] {logging_mixin.py:188} INFO - [2023-12-31T11:35:20.036-0300] {dag.py:3820} INFO - Setting next_dagrun for download_rocket_launches to 2023-12-31T00:00:00+00:00, run_after=2024-01-01T00:00:00+00:00
[2023-12-31T11:35:20.214-0300] {processor.py:183} INFO - Processing /home/felipe/airflow/dags/00_launch_rocket.py took 0.509 seconds
[2023-12-31T11:36:43.536-0300] {processor.py:161} INFO - Started process (PID=34662) to work on /home/felipe/airflow/dags/00_launch_rocket.py
[2023-12-31T11:36:43.544-0300] {processor.py:830} INFO - Processing file /home/felipe/airflow/dags/00_launch_rocket.py for tasks to queue
[2023-12-31T11:36:43.546-0300] {logging_mixin.py:188} INFO - [2023-12-31T11:36:43.545-0300] {dagbag.py:538} INFO - Filling up the DagBag from /home/felipe/airflow/dags/00_launch_rocket.py
[2023-12-31T11:36:43.597-0300] {processor.py:840} INFO - DAG(s) 'download_rocket_launches' retrieved from /home/felipe/airflow/dags/00_launch_rocket.py
[2023-12-31T11:36:43.686-0300] {logging_mixin.py:188} INFO - [2023-12-31T11:36:43.686-0300] {dag.py:3033} INFO - Sync 1 DAGs
[2023-12-31T11:36:43.845-0300] {logging_mixin.py:188} INFO - [2023-12-31T11:36:43.845-0300] {dag.py:3820} INFO - Setting next_dagrun for download_rocket_launches to 2023-12-31T00:00:00+00:00, run_after=2024-01-01T00:00:00+00:00
[2023-12-31T11:36:44.006-0300] {processor.py:183} INFO - Processing /home/felipe/airflow/dags/00_launch_rocket.py took 0.482 seconds
[2023-12-31T11:38:08.064-0300] {processor.py:161} INFO - Started process (PID=34751) to work on /home/felipe/airflow/dags/00_launch_rocket.py
[2023-12-31T11:38:08.074-0300] {processor.py:830} INFO - Processing file /home/felipe/airflow/dags/00_launch_rocket.py for tasks to queue
[2023-12-31T11:38:08.076-0300] {logging_mixin.py:188} INFO - [2023-12-31T11:38:08.075-0300] {dagbag.py:538} INFO - Filling up the DagBag from /home/felipe/airflow/dags/00_launch_rocket.py
[2023-12-31T11:38:08.126-0300] {processor.py:840} INFO - DAG(s) 'download_rocket_launches' retrieved from /home/felipe/airflow/dags/00_launch_rocket.py
[2023-12-31T11:38:08.226-0300] {logging_mixin.py:188} INFO - [2023-12-31T11:38:08.226-0300] {dag.py:3033} INFO - Sync 1 DAGs
[2023-12-31T11:38:08.375-0300] {logging_mixin.py:188} INFO - [2023-12-31T11:38:08.374-0300] {dag.py:3820} INFO - Setting next_dagrun for download_rocket_launches to 2023-12-31T00:00:00+00:00, run_after=2024-01-01T00:00:00+00:00
[2023-12-31T11:38:08.544-0300] {processor.py:183} INFO - Processing /home/felipe/airflow/dags/00_launch_rocket.py took 0.500 seconds
[2023-12-31T11:39:28.895-0300] {processor.py:161} INFO - Started process (PID=34840) to work on /home/felipe/airflow/dags/00_launch_rocket.py
[2023-12-31T11:39:28.904-0300] {processor.py:830} INFO - Processing file /home/felipe/airflow/dags/00_launch_rocket.py for tasks to queue
[2023-12-31T11:39:28.906-0300] {logging_mixin.py:188} INFO - [2023-12-31T11:39:28.905-0300] {dagbag.py:538} INFO - Filling up the DagBag from /home/felipe/airflow/dags/00_launch_rocket.py
[2023-12-31T11:39:28.964-0300] {processor.py:840} INFO - DAG(s) 'download_rocket_launches' retrieved from /home/felipe/airflow/dags/00_launch_rocket.py
[2023-12-31T11:39:29.084-0300] {logging_mixin.py:188} INFO - [2023-12-31T11:39:29.076-0300] {dag.py:3033} INFO - Sync 1 DAGs
[2023-12-31T11:39:29.246-0300] {logging_mixin.py:188} INFO - [2023-12-31T11:39:29.245-0300] {dag.py:3820} INFO - Setting next_dagrun for download_rocket_launches to 2023-12-31T00:00:00+00:00, run_after=2024-01-01T00:00:00+00:00
[2023-12-31T11:39:29.466-0300] {processor.py:183} INFO - Processing /home/felipe/airflow/dags/00_launch_rocket.py took 0.582 seconds
[2023-12-31T11:40:52.744-0300] {processor.py:161} INFO - Started process (PID=34960) to work on /home/felipe/airflow/dags/00_launch_rocket.py
[2023-12-31T11:40:52.755-0300] {processor.py:830} INFO - Processing file /home/felipe/airflow/dags/00_launch_rocket.py for tasks to queue
[2023-12-31T11:40:52.764-0300] {logging_mixin.py:188} INFO - [2023-12-31T11:40:52.756-0300] {dagbag.py:538} INFO - Filling up the DagBag from /home/felipe/airflow/dags/00_launch_rocket.py
[2023-12-31T11:40:52.816-0300] {processor.py:840} INFO - DAG(s) 'download_rocket_launches' retrieved from /home/felipe/airflow/dags/00_launch_rocket.py
[2023-12-31T11:40:52.915-0300] {logging_mixin.py:188} INFO - [2023-12-31T11:40:52.915-0300] {dag.py:3033} INFO - Sync 1 DAGs
[2023-12-31T11:40:53.075-0300] {logging_mixin.py:188} INFO - [2023-12-31T11:40:53.075-0300] {dag.py:3820} INFO - Setting next_dagrun for download_rocket_launches to 2023-12-31T00:00:00+00:00, run_after=2024-01-01T00:00:00+00:00
[2023-12-31T11:40:53.256-0300] {processor.py:183} INFO - Processing /home/felipe/airflow/dags/00_launch_rocket.py took 0.532 seconds
[2023-12-31T11:42:27.485-0300] {processor.py:161} INFO - Started process (PID=35066) to work on /home/felipe/airflow/dags/00_launch_rocket.py
[2023-12-31T11:42:27.494-0300] {processor.py:830} INFO - Processing file /home/felipe/airflow/dags/00_launch_rocket.py for tasks to queue
[2023-12-31T11:42:27.496-0300] {logging_mixin.py:188} INFO - [2023-12-31T11:42:27.495-0300] {dagbag.py:538} INFO - Filling up the DagBag from /home/felipe/airflow/dags/00_launch_rocket.py
[2023-12-31T11:42:27.565-0300] {processor.py:840} INFO - DAG(s) 'download_rocket_launches' retrieved from /home/felipe/airflow/dags/00_launch_rocket.py
[2023-12-31T11:42:27.676-0300] {logging_mixin.py:188} INFO - [2023-12-31T11:42:27.676-0300] {dag.py:3033} INFO - Sync 1 DAGs
[2023-12-31T11:42:27.876-0300] {logging_mixin.py:188} INFO - [2023-12-31T11:42:27.875-0300] {dag.py:3820} INFO - Setting next_dagrun for download_rocket_launches to 2023-12-31T00:00:00+00:00, run_after=2024-01-01T00:00:00+00:00
[2023-12-31T11:42:28.114-0300] {processor.py:183} INFO - Processing /home/felipe/airflow/dags/00_launch_rocket.py took 0.648 seconds
[2023-12-31T11:44:03.176-0300] {processor.py:161} INFO - Started process (PID=35178) to work on /home/felipe/airflow/dags/00_launch_rocket.py
[2023-12-31T11:44:03.185-0300] {processor.py:830} INFO - Processing file /home/felipe/airflow/dags/00_launch_rocket.py for tasks to queue
[2023-12-31T11:44:03.195-0300] {logging_mixin.py:188} INFO - [2023-12-31T11:44:03.194-0300] {dagbag.py:538} INFO - Filling up the DagBag from /home/felipe/airflow/dags/00_launch_rocket.py
[2023-12-31T11:44:03.256-0300] {processor.py:840} INFO - DAG(s) 'download_rocket_launches' retrieved from /home/felipe/airflow/dags/00_launch_rocket.py
[2023-12-31T11:44:03.396-0300] {logging_mixin.py:188} INFO - [2023-12-31T11:44:03.395-0300] {dag.py:3033} INFO - Sync 1 DAGs
[2023-12-31T11:44:03.665-0300] {logging_mixin.py:188} INFO - [2023-12-31T11:44:03.665-0300] {dag.py:3820} INFO - Setting next_dagrun for download_rocket_launches to 2023-12-31T00:00:00+00:00, run_after=2024-01-01T00:00:00+00:00
[2023-12-31T11:44:03.895-0300] {processor.py:183} INFO - Processing /home/felipe/airflow/dags/00_launch_rocket.py took 0.739 seconds
[2023-12-31T11:45:44.276-0300] {processor.py:161} INFO - Started process (PID=35309) to work on /home/felipe/airflow/dags/00_launch_rocket.py
[2023-12-31T11:45:44.286-0300] {processor.py:830} INFO - Processing file /home/felipe/airflow/dags/00_launch_rocket.py for tasks to queue
[2023-12-31T11:45:44.296-0300] {logging_mixin.py:188} INFO - [2023-12-31T11:45:44.295-0300] {dagbag.py:538} INFO - Filling up the DagBag from /home/felipe/airflow/dags/00_launch_rocket.py
[2023-12-31T11:45:44.365-0300] {processor.py:840} INFO - DAG(s) 'download_rocket_launches' retrieved from /home/felipe/airflow/dags/00_launch_rocket.py
[2023-12-31T11:45:44.505-0300] {logging_mixin.py:188} INFO - [2023-12-31T11:45:44.505-0300] {dag.py:3033} INFO - Sync 1 DAGs
[2023-12-31T11:45:44.726-0300] {logging_mixin.py:188} INFO - [2023-12-31T11:45:44.725-0300] {dag.py:3820} INFO - Setting next_dagrun for download_rocket_launches to 2023-12-31T00:00:00+00:00, run_after=2024-01-01T00:00:00+00:00
[2023-12-31T11:45:44.924-0300] {processor.py:183} INFO - Processing /home/felipe/airflow/dags/00_launch_rocket.py took 0.669 seconds
[2023-12-31T11:47:21.166-0300] {processor.py:161} INFO - Started process (PID=35445) to work on /home/felipe/airflow/dags/00_launch_rocket.py
[2023-12-31T11:47:21.176-0300] {processor.py:830} INFO - Processing file /home/felipe/airflow/dags/00_launch_rocket.py for tasks to queue
[2023-12-31T11:47:21.194-0300] {logging_mixin.py:188} INFO - [2023-12-31T11:47:21.185-0300] {dagbag.py:538} INFO - Filling up the DagBag from /home/felipe/airflow/dags/00_launch_rocket.py
[2023-12-31T11:47:21.276-0300] {processor.py:840} INFO - DAG(s) 'download_rocket_launches' retrieved from /home/felipe/airflow/dags/00_launch_rocket.py
[2023-12-31T11:47:21.435-0300] {logging_mixin.py:188} INFO - [2023-12-31T11:47:21.435-0300] {dag.py:3033} INFO - Sync 1 DAGs
[2023-12-31T11:47:21.665-0300] {logging_mixin.py:188} INFO - [2023-12-31T11:47:21.665-0300] {dag.py:3820} INFO - Setting next_dagrun for download_rocket_launches to 2023-12-31T00:00:00+00:00, run_after=2024-01-01T00:00:00+00:00
[2023-12-31T11:47:21.894-0300] {processor.py:183} INFO - Processing /home/felipe/airflow/dags/00_launch_rocket.py took 0.758 seconds
[2023-12-31T11:49:35.426-0300] {processor.py:161} INFO - Started process (PID=35598) to work on /home/felipe/airflow/dags/00_launch_rocket.py
[2023-12-31T11:49:35.446-0300] {processor.py:830} INFO - Processing file /home/felipe/airflow/dags/00_launch_rocket.py for tasks to queue
[2023-12-31T11:49:35.455-0300] {logging_mixin.py:188} INFO - [2023-12-31T11:49:35.455-0300] {dagbag.py:538} INFO - Filling up the DagBag from /home/felipe/airflow/dags/00_launch_rocket.py
[2023-12-31T11:49:35.525-0300] {processor.py:840} INFO - DAG(s) 'download_rocket_launches' retrieved from /home/felipe/airflow/dags/00_launch_rocket.py
[2023-12-31T11:49:35.645-0300] {logging_mixin.py:188} INFO - [2023-12-31T11:49:35.645-0300] {dag.py:3033} INFO - Sync 1 DAGs
[2023-12-31T11:49:35.925-0300] {logging_mixin.py:188} INFO - [2023-12-31T11:49:35.925-0300] {dag.py:3820} INFO - Setting next_dagrun for download_rocket_launches to 2023-12-31T00:00:00+00:00, run_after=2024-01-01T00:00:00+00:00
[2023-12-31T11:49:36.235-0300] {processor.py:183} INFO - Processing /home/felipe/airflow/dags/00_launch_rocket.py took 0.829 seconds
[2023-12-31T11:51:45.865-0300] {processor.py:161} INFO - Started process (PID=35746) to work on /home/felipe/airflow/dags/00_launch_rocket.py
[2023-12-31T11:51:45.876-0300] {processor.py:830} INFO - Processing file /home/felipe/airflow/dags/00_launch_rocket.py for tasks to queue
[2023-12-31T11:51:45.895-0300] {logging_mixin.py:188} INFO - [2023-12-31T11:51:45.894-0300] {dagbag.py:538} INFO - Filling up the DagBag from /home/felipe/airflow/dags/00_launch_rocket.py
[2023-12-31T11:51:45.986-0300] {processor.py:840} INFO - DAG(s) 'download_rocket_launches' retrieved from /home/felipe/airflow/dags/00_launch_rocket.py
[2023-12-31T11:51:46.176-0300] {logging_mixin.py:188} INFO - [2023-12-31T11:51:46.175-0300] {dag.py:3033} INFO - Sync 1 DAGs
[2023-12-31T11:51:46.504-0300] {logging_mixin.py:188} INFO - [2023-12-31T11:51:46.496-0300] {dag.py:3820} INFO - Setting next_dagrun for download_rocket_launches to 2023-12-31T00:00:00+00:00, run_after=2024-01-01T00:00:00+00:00
[2023-12-31T11:51:46.874-0300] {processor.py:183} INFO - Processing /home/felipe/airflow/dags/00_launch_rocket.py took 1.029 seconds
[2023-12-31T11:54:29.716-0300] {processor.py:161} INFO - Started process (PID=35876) to work on /home/felipe/airflow/dags/00_launch_rocket.py
[2023-12-31T11:54:29.734-0300] {processor.py:830} INFO - Processing file /home/felipe/airflow/dags/00_launch_rocket.py for tasks to queue
[2023-12-31T11:54:29.735-0300] {logging_mixin.py:188} INFO - [2023-12-31T11:54:29.735-0300] {dagbag.py:538} INFO - Filling up the DagBag from /home/felipe/airflow/dags/00_launch_rocket.py
[2023-12-31T11:54:29.814-0300] {processor.py:840} INFO - DAG(s) 'download_rocket_launches' retrieved from /home/felipe/airflow/dags/00_launch_rocket.py
[2023-12-31T11:54:29.994-0300] {logging_mixin.py:188} INFO - [2023-12-31T11:54:29.986-0300] {dag.py:3033} INFO - Sync 1 DAGs
[2023-12-31T11:54:30.255-0300] {logging_mixin.py:188} INFO - [2023-12-31T11:54:30.255-0300] {dag.py:3820} INFO - Setting next_dagrun for download_rocket_launches to 2023-12-31T00:00:00+00:00, run_after=2024-01-01T00:00:00+00:00
[2023-12-31T11:54:30.504-0300] {processor.py:183} INFO - Processing /home/felipe/airflow/dags/00_launch_rocket.py took 0.810 seconds
[2023-12-31T11:56:20.585-0300] {processor.py:161} INFO - Started process (PID=36017) to work on /home/felipe/airflow/dags/00_launch_rocket.py
[2023-12-31T11:56:20.595-0300] {processor.py:830} INFO - Processing file /home/felipe/airflow/dags/00_launch_rocket.py for tasks to queue
[2023-12-31T11:56:20.604-0300] {logging_mixin.py:188} INFO - [2023-12-31T11:56:20.604-0300] {dagbag.py:538} INFO - Filling up the DagBag from /home/felipe/airflow/dags/00_launch_rocket.py
[2023-12-31T11:56:20.675-0300] {processor.py:840} INFO - DAG(s) 'download_rocket_launches' retrieved from /home/felipe/airflow/dags/00_launch_rocket.py
[2023-12-31T11:56:20.805-0300] {logging_mixin.py:188} INFO - [2023-12-31T11:56:20.805-0300] {dag.py:3033} INFO - Sync 1 DAGs
[2023-12-31T11:56:21.045-0300] {logging_mixin.py:188} INFO - [2023-12-31T11:56:21.044-0300] {dag.py:3820} INFO - Setting next_dagrun for download_rocket_launches to 2023-12-31T00:00:00+00:00, run_after=2024-01-01T00:00:00+00:00
[2023-12-31T11:56:21.304-0300] {processor.py:183} INFO - Processing /home/felipe/airflow/dags/00_launch_rocket.py took 0.739 seconds
[2023-12-31T11:58:06.195-0300] {processor.py:161} INFO - Started process (PID=36116) to work on /home/felipe/airflow/dags/00_launch_rocket.py
[2023-12-31T11:58:06.206-0300] {processor.py:830} INFO - Processing file /home/felipe/airflow/dags/00_launch_rocket.py for tasks to queue
[2023-12-31T11:58:06.216-0300] {logging_mixin.py:188} INFO - [2023-12-31T11:58:06.215-0300] {dagbag.py:538} INFO - Filling up the DagBag from /home/felipe/airflow/dags/00_launch_rocket.py
[2023-12-31T11:58:06.365-0300] {processor.py:840} INFO - DAG(s) 'download_rocket_launches' retrieved from /home/felipe/airflow/dags/00_launch_rocket.py
[2023-12-31T11:58:06.575-0300] {logging_mixin.py:188} INFO - [2023-12-31T11:58:06.575-0300] {dag.py:3033} INFO - Sync 1 DAGs
[2023-12-31T11:58:06.854-0300] {logging_mixin.py:188} INFO - [2023-12-31T11:58:06.845-0300] {dag.py:3820} INFO - Setting next_dagrun for download_rocket_launches to 2023-12-31T00:00:00+00:00, run_after=2024-01-01T00:00:00+00:00
[2023-12-31T11:58:07.135-0300] {processor.py:183} INFO - Processing /home/felipe/airflow/dags/00_launch_rocket.py took 0.969 seconds
[2023-12-31T11:59:51.985-0300] {processor.py:161} INFO - Started process (PID=36221) to work on /home/felipe/airflow/dags/00_launch_rocket.py
[2023-12-31T11:59:51.994-0300] {processor.py:830} INFO - Processing file /home/felipe/airflow/dags/00_launch_rocket.py for tasks to queue
[2023-12-31T11:59:52.004-0300] {logging_mixin.py:188} INFO - [2023-12-31T11:59:51.995-0300] {dagbag.py:538} INFO - Filling up the DagBag from /home/felipe/airflow/dags/00_launch_rocket.py
[2023-12-31T11:59:52.085-0300] {processor.py:840} INFO - DAG(s) 'download_rocket_launches' retrieved from /home/felipe/airflow/dags/00_launch_rocket.py
[2023-12-31T11:59:52.246-0300] {logging_mixin.py:188} INFO - [2023-12-31T11:59:52.245-0300] {dag.py:3033} INFO - Sync 1 DAGs
[2023-12-31T11:59:52.474-0300] {logging_mixin.py:188} INFO - [2023-12-31T11:59:52.466-0300] {dag.py:3820} INFO - Setting next_dagrun for download_rocket_launches to 2023-12-31T00:00:00+00:00, run_after=2024-01-01T00:00:00+00:00
[2023-12-31T11:59:52.765-0300] {processor.py:183} INFO - Processing /home/felipe/airflow/dags/00_launch_rocket.py took 0.800 seconds
[2023-12-31T12:01:41.845-0300] {processor.py:161} INFO - Started process (PID=36353) to work on /home/felipe/airflow/dags/00_launch_rocket.py
[2023-12-31T12:01:41.854-0300] {processor.py:830} INFO - Processing file /home/felipe/airflow/dags/00_launch_rocket.py for tasks to queue
[2023-12-31T12:01:41.864-0300] {logging_mixin.py:188} INFO - [2023-12-31T12:01:41.855-0300] {dagbag.py:538} INFO - Filling up the DagBag from /home/felipe/airflow/dags/00_launch_rocket.py
[2023-12-31T12:01:42.005-0300] {processor.py:840} INFO - DAG(s) 'download_rocket_launches' retrieved from /home/felipe/airflow/dags/00_launch_rocket.py
[2023-12-31T12:01:42.184-0300] {logging_mixin.py:188} INFO - [2023-12-31T12:01:42.184-0300] {dag.py:3033} INFO - Sync 1 DAGs
[2023-12-31T12:01:42.425-0300] {logging_mixin.py:188} INFO - [2023-12-31T12:01:42.424-0300] {dag.py:3820} INFO - Setting next_dagrun for download_rocket_launches to 2023-12-31T00:00:00+00:00, run_after=2024-01-01T00:00:00+00:00
[2023-12-31T12:01:42.724-0300] {processor.py:183} INFO - Processing /home/felipe/airflow/dags/00_launch_rocket.py took 0.909 seconds
[2023-12-31T12:03:43.064-0300] {processor.py:161} INFO - Started process (PID=36466) to work on /home/felipe/airflow/dags/00_launch_rocket.py
[2023-12-31T12:03:43.075-0300] {processor.py:830} INFO - Processing file /home/felipe/airflow/dags/00_launch_rocket.py for tasks to queue
[2023-12-31T12:03:43.095-0300] {logging_mixin.py:188} INFO - [2023-12-31T12:03:43.085-0300] {dagbag.py:538} INFO - Filling up the DagBag from /home/felipe/airflow/dags/00_launch_rocket.py
[2023-12-31T12:03:43.235-0300] {processor.py:840} INFO - DAG(s) 'download_rocket_launches' retrieved from /home/felipe/airflow/dags/00_launch_rocket.py
[2023-12-31T12:03:43.445-0300] {logging_mixin.py:188} INFO - [2023-12-31T12:03:43.444-0300] {dag.py:3033} INFO - Sync 1 DAGs
[2023-12-31T12:03:43.795-0300] {logging_mixin.py:188} INFO - [2023-12-31T12:03:43.794-0300] {dag.py:3820} INFO - Setting next_dagrun for download_rocket_launches to 2023-12-31T00:00:00+00:00, run_after=2024-01-01T00:00:00+00:00
[2023-12-31T12:03:44.174-0300] {processor.py:183} INFO - Processing /home/felipe/airflow/dags/00_launch_rocket.py took 1.139 seconds
[2023-12-31T12:07:11.475-0300] {processor.py:161} INFO - Started process (PID=36733) to work on /home/felipe/airflow/dags/00_launch_rocket.py
[2023-12-31T12:07:11.494-0300] {processor.py:830} INFO - Processing file /home/felipe/airflow/dags/00_launch_rocket.py for tasks to queue
[2023-12-31T12:07:11.504-0300] {logging_mixin.py:188} INFO - [2023-12-31T12:07:11.495-0300] {dagbag.py:538} INFO - Filling up the DagBag from /home/felipe/airflow/dags/00_launch_rocket.py
[2023-12-31T12:07:11.705-0300] {processor.py:840} INFO - DAG(s) 'download_rocket_launches' retrieved from /home/felipe/airflow/dags/00_launch_rocket.py
[2023-12-31T12:07:12.075-0300] {logging_mixin.py:188} INFO - [2023-12-31T12:07:12.074-0300] {dag.py:3033} INFO - Sync 1 DAGs
[2023-12-31T12:07:12.755-0300] {logging_mixin.py:188} INFO - [2023-12-31T12:07:12.754-0300] {dag.py:3820} INFO - Setting next_dagrun for download_rocket_launches to 2023-12-31T00:00:00+00:00, run_after=2024-01-01T00:00:00+00:00
[2023-12-31T12:07:13.405-0300] {processor.py:183} INFO - Processing /home/felipe/airflow/dags/00_launch_rocket.py took 1.961 seconds
[2023-12-31T12:10:48.964-0300] {processor.py:161} INFO - Started process (PID=37130) to work on /home/felipe/airflow/dags/00_launch_rocket.py
[2023-12-31T12:10:48.995-0300] {processor.py:830} INFO - Processing file /home/felipe/airflow/dags/00_launch_rocket.py for tasks to queue
[2023-12-31T12:10:49.014-0300] {logging_mixin.py:188} INFO - [2023-12-31T12:10:49.005-0300] {dagbag.py:538} INFO - Filling up the DagBag from /home/felipe/airflow/dags/00_launch_rocket.py
[2023-12-31T12:10:50.784-0300] {processor.py:840} INFO - DAG(s) 'download_rocket_launches' retrieved from /home/felipe/airflow/dags/00_launch_rocket.py
[2023-12-31T12:10:51.144-0300] {logging_mixin.py:188} INFO - [2023-12-31T12:10:51.134-0300] {dag.py:3033} INFO - Sync 1 DAGs
[2023-12-31T12:10:51.644-0300] {logging_mixin.py:188} INFO - [2023-12-31T12:10:51.635-0300] {dag.py:3820} INFO - Setting next_dagrun for download_rocket_launches to 2023-12-31T00:00:00+00:00, run_after=2024-01-01T00:00:00+00:00
[2023-12-31T12:10:52.154-0300] {processor.py:183} INFO - Processing /home/felipe/airflow/dags/00_launch_rocket.py took 3.280 seconds
[2023-12-31T12:11:56.905-0300] {processor.py:161} INFO - Started process (PID=37220) to work on /home/felipe/airflow/dags/00_launch_rocket.py
[2023-12-31T12:11:56.934-0300] {processor.py:830} INFO - Processing file /home/felipe/airflow/dags/00_launch_rocket.py for tasks to queue
[2023-12-31T12:11:56.954-0300] {logging_mixin.py:188} INFO - [2023-12-31T12:11:56.944-0300] {dagbag.py:538} INFO - Filling up the DagBag from /home/felipe/airflow/dags/00_launch_rocket.py
[2023-12-31T12:11:57.165-0300] {processor.py:840} INFO - DAG(s) 'download_rocket_launches' retrieved from /home/felipe/airflow/dags/00_launch_rocket.py
[2023-12-31T12:11:57.705-0300] {logging_mixin.py:188} INFO - [2023-12-31T12:11:57.704-0300] {dag.py:3033} INFO - Sync 1 DAGs
[2023-12-31T12:11:58.334-0300] {logging_mixin.py:188} INFO - [2023-12-31T12:11:58.325-0300] {dag.py:3820} INFO - Setting next_dagrun for download_rocket_launches to 2023-12-31T00:00:00+00:00, run_after=2024-01-01T00:00:00+00:00
[2023-12-31T12:11:58.875-0300] {processor.py:183} INFO - Processing /home/felipe/airflow/dags/00_launch_rocket.py took 2.031 seconds
[2023-12-31T12:12:56.335-0300] {processor.py:161} INFO - Started process (PID=37299) to work on /home/felipe/airflow/dags/00_launch_rocket.py
[2023-12-31T12:12:56.364-0300] {processor.py:830} INFO - Processing file /home/felipe/airflow/dags/00_launch_rocket.py for tasks to queue
[2023-12-31T12:12:56.384-0300] {logging_mixin.py:188} INFO - [2023-12-31T12:12:56.374-0300] {dagbag.py:538} INFO - Filling up the DagBag from /home/felipe/airflow/dags/00_launch_rocket.py
[2023-12-31T12:12:56.624-0300] {processor.py:840} INFO - DAG(s) 'download_rocket_launches' retrieved from /home/felipe/airflow/dags/00_launch_rocket.py
[2023-12-31T12:12:56.914-0300] {logging_mixin.py:188} INFO - [2023-12-31T12:12:56.914-0300] {dag.py:3033} INFO - Sync 1 DAGs
[2023-12-31T12:12:57.454-0300] {logging_mixin.py:188} INFO - [2023-12-31T12:12:57.445-0300] {dag.py:3820} INFO - Setting next_dagrun for download_rocket_launches to 2023-12-31T00:00:00+00:00, run_after=2024-01-01T00:00:00+00:00
[2023-12-31T12:12:57.924-0300] {processor.py:183} INFO - Processing /home/felipe/airflow/dags/00_launch_rocket.py took 1.620 seconds
[2023-12-31T12:14:01.974-0300] {processor.py:161} INFO - Started process (PID=37383) to work on /home/felipe/airflow/dags/00_launch_rocket.py
[2023-12-31T12:14:01.994-0300] {processor.py:830} INFO - Processing file /home/felipe/airflow/dags/00_launch_rocket.py for tasks to queue
[2023-12-31T12:14:02.014-0300] {logging_mixin.py:188} INFO - [2023-12-31T12:14:02.004-0300] {dagbag.py:538} INFO - Filling up the DagBag from /home/felipe/airflow/dags/00_launch_rocket.py
[2023-12-31T12:14:02.235-0300] {processor.py:840} INFO - DAG(s) 'download_rocket_launches' retrieved from /home/felipe/airflow/dags/00_launch_rocket.py
[2023-12-31T12:14:02.734-0300] {logging_mixin.py:188} INFO - [2023-12-31T12:14:02.734-0300] {dag.py:3033} INFO - Sync 1 DAGs
[2023-12-31T12:14:03.254-0300] {logging_mixin.py:188} INFO - [2023-12-31T12:14:03.245-0300] {dag.py:3820} INFO - Setting next_dagrun for download_rocket_launches to 2023-12-31T00:00:00+00:00, run_after=2024-01-01T00:00:00+00:00
[2023-12-31T12:14:03.715-0300] {processor.py:183} INFO - Processing /home/felipe/airflow/dags/00_launch_rocket.py took 1.780 seconds
[2023-12-31T12:15:17.854-0300] {processor.py:161} INFO - Started process (PID=37509) to work on /home/felipe/airflow/dags/00_launch_rocket.py
[2023-12-31T12:15:17.884-0300] {processor.py:830} INFO - Processing file /home/felipe/airflow/dags/00_launch_rocket.py for tasks to queue
[2023-12-31T12:15:17.905-0300] {logging_mixin.py:188} INFO - [2023-12-31T12:15:17.895-0300] {dagbag.py:538} INFO - Filling up the DagBag from /home/felipe/airflow/dags/00_launch_rocket.py
[2023-12-31T12:15:18.154-0300] {processor.py:840} INFO - DAG(s) 'download_rocket_launches' retrieved from /home/felipe/airflow/dags/00_launch_rocket.py
[2023-12-31T12:15:18.544-0300] {logging_mixin.py:188} INFO - [2023-12-31T12:15:18.544-0300] {dag.py:3033} INFO - Sync 1 DAGs
[2023-12-31T12:15:18.985-0300] {logging_mixin.py:188} INFO - [2023-12-31T12:15:18.975-0300] {dag.py:3820} INFO - Setting next_dagrun for download_rocket_launches to 2023-12-31T00:00:00+00:00, run_after=2024-01-01T00:00:00+00:00
[2023-12-31T12:15:19.524-0300] {processor.py:183} INFO - Processing /home/felipe/airflow/dags/00_launch_rocket.py took 1.720 seconds
[2023-12-31T12:16:27.935-0300] {processor.py:161} INFO - Started process (PID=37598) to work on /home/felipe/airflow/dags/00_launch_rocket.py
[2023-12-31T12:16:27.964-0300] {processor.py:830} INFO - Processing file /home/felipe/airflow/dags/00_launch_rocket.py for tasks to queue
[2023-12-31T12:16:27.985-0300] {logging_mixin.py:188} INFO - [2023-12-31T12:16:27.975-0300] {dagbag.py:538} INFO - Filling up the DagBag from /home/felipe/airflow/dags/00_launch_rocket.py
[2023-12-31T12:16:28.295-0300] {processor.py:840} INFO - DAG(s) 'download_rocket_launches' retrieved from /home/felipe/airflow/dags/00_launch_rocket.py
[2023-12-31T12:16:28.694-0300] {logging_mixin.py:188} INFO - [2023-12-31T12:16:28.694-0300] {dag.py:3033} INFO - Sync 1 DAGs
[2023-12-31T12:16:29.304-0300] {logging_mixin.py:188} INFO - [2023-12-31T12:16:29.294-0300] {dag.py:3820} INFO - Setting next_dagrun for download_rocket_launches to 2023-12-31T00:00:00+00:00, run_after=2024-01-01T00:00:00+00:00
[2023-12-31T12:16:29.835-0300] {processor.py:183} INFO - Processing /home/felipe/airflow/dags/00_launch_rocket.py took 1.931 seconds
[2023-12-31T12:17:42.124-0300] {processor.py:161} INFO - Started process (PID=37698) to work on /home/felipe/airflow/dags/00_launch_rocket.py
[2023-12-31T12:17:42.144-0300] {processor.py:830} INFO - Processing file /home/felipe/airflow/dags/00_launch_rocket.py for tasks to queue
[2023-12-31T12:17:42.154-0300] {logging_mixin.py:188} INFO - [2023-12-31T12:17:42.154-0300] {dagbag.py:538} INFO - Filling up the DagBag from /home/felipe/airflow/dags/00_launch_rocket.py
[2023-12-31T12:17:42.345-0300] {processor.py:840} INFO - DAG(s) 'download_rocket_launches' retrieved from /home/felipe/airflow/dags/00_launch_rocket.py
[2023-12-31T12:17:42.784-0300] {logging_mixin.py:188} INFO - [2023-12-31T12:17:42.774-0300] {dag.py:3033} INFO - Sync 1 DAGs
[2023-12-31T12:17:43.184-0300] {logging_mixin.py:188} INFO - [2023-12-31T12:17:43.175-0300] {dag.py:3820} INFO - Setting next_dagrun for download_rocket_launches to 2023-12-31T00:00:00+00:00, run_after=2024-01-01T00:00:00+00:00
[2023-12-31T12:17:43.604-0300] {processor.py:183} INFO - Processing /home/felipe/airflow/dags/00_launch_rocket.py took 1.519 seconds
[2023-12-31T12:19:09.494-0300] {processor.py:161} INFO - Started process (PID=37806) to work on /home/felipe/airflow/dags/00_launch_rocket.py
[2023-12-31T12:19:10.034-0300] {processor.py:830} INFO - Processing file /home/felipe/airflow/dags/00_launch_rocket.py for tasks to queue
[2023-12-31T12:19:10.124-0300] {logging_mixin.py:188} INFO - [2023-12-31T12:19:10.075-0300] {dagbag.py:538} INFO - Filling up the DagBag from /home/felipe/airflow/dags/00_launch_rocket.py
[2023-12-31T12:24:59.760-0300] {processor.py:840} INFO - DAG(s) 'download_rocket_launches' retrieved from /home/felipe/airflow/dags/00_launch_rocket.py
[2023-12-31T12:25:02.150-0300] {logging_mixin.py:188} INFO - [2023-12-31T12:25:02.130-0300] {dag.py:3033} INFO - Sync 1 DAGs
[2023-12-31T12:25:04.680-0300] {logging_mixin.py:188} INFO - [2023-12-31T12:25:04.631-0300] {dag.py:3820} INFO - Setting next_dagrun for download_rocket_launches to 2023-12-31T00:00:00+00:00, run_after=2024-01-01T00:00:00+00:00
[2023-12-31T12:25:07.081-0300] {processor.py:183} INFO - Processing /home/felipe/airflow/dags/00_launch_rocket.py took 9.260 seconds
[2023-12-31T12:27:03.311-0300] {processor.py:161} INFO - Started process (PID=38023) to work on /home/felipe/airflow/dags/00_launch_rocket.py
[2023-12-31T12:27:03.341-0300] {processor.py:830} INFO - Processing file /home/felipe/airflow/dags/00_launch_rocket.py for tasks to queue
[2023-12-31T12:27:03.381-0300] {logging_mixin.py:188} INFO - [2023-12-31T12:27:03.370-0300] {dagbag.py:538} INFO - Filling up the DagBag from /home/felipe/airflow/dags/00_launch_rocket.py
[2023-12-31T12:27:03.741-0300] {processor.py:840} INFO - DAG(s) 'download_rocket_launches' retrieved from /home/felipe/airflow/dags/00_launch_rocket.py
[2023-12-31T12:27:04.321-0300] {logging_mixin.py:188} INFO - [2023-12-31T12:27:04.320-0300] {dag.py:3033} INFO - Sync 1 DAGs
[2023-12-31T12:27:04.970-0300] {logging_mixin.py:188} INFO - [2023-12-31T12:27:04.961-0300] {dag.py:3820} INFO - Setting next_dagrun for download_rocket_launches to 2023-12-31T00:00:00+00:00, run_after=2024-01-01T00:00:00+00:00
[2023-12-31T12:27:05.541-0300] {processor.py:183} INFO - Processing /home/felipe/airflow/dags/00_launch_rocket.py took 2.300 seconds
[2023-12-31T12:28:19.751-0300] {processor.py:161} INFO - Started process (PID=38095) to work on /home/felipe/airflow/dags/00_launch_rocket.py
[2023-12-31T12:28:19.781-0300] {processor.py:830} INFO - Processing file /home/felipe/airflow/dags/00_launch_rocket.py for tasks to queue
[2023-12-31T12:28:19.801-0300] {logging_mixin.py:188} INFO - [2023-12-31T12:28:19.791-0300] {dagbag.py:538} INFO - Filling up the DagBag from /home/felipe/airflow/dags/00_launch_rocket.py
[2023-12-31T12:28:20.171-0300] {processor.py:840} INFO - DAG(s) 'download_rocket_launches' retrieved from /home/felipe/airflow/dags/00_launch_rocket.py
[2023-12-31T12:28:20.701-0300] {logging_mixin.py:188} INFO - [2023-12-31T12:28:20.691-0300] {dag.py:3033} INFO - Sync 1 DAGs
[2023-12-31T12:28:21.341-0300] {logging_mixin.py:188} INFO - [2023-12-31T12:28:21.340-0300] {dag.py:3820} INFO - Setting next_dagrun for download_rocket_launches to 2023-12-31T00:00:00+00:00, run_after=2024-01-01T00:00:00+00:00
[2023-12-31T12:28:21.920-0300] {processor.py:183} INFO - Processing /home/felipe/airflow/dags/00_launch_rocket.py took 2.219 seconds
[2023-12-31T12:29:24.921-0300] {processor.py:161} INFO - Started process (PID=38142) to work on /home/felipe/airflow/dags/00_launch_rocket.py
[2023-12-31T12:29:24.951-0300] {processor.py:830} INFO - Processing file /home/felipe/airflow/dags/00_launch_rocket.py for tasks to queue
[2023-12-31T12:29:24.980-0300] {logging_mixin.py:188} INFO - [2023-12-31T12:29:24.970-0300] {dagbag.py:538} INFO - Filling up the DagBag from /home/felipe/airflow/dags/00_launch_rocket.py
[2023-12-31T12:29:25.350-0300] {processor.py:840} INFO - DAG(s) 'download_rocket_launches' retrieved from /home/felipe/airflow/dags/00_launch_rocket.py
[2023-12-31T12:29:25.941-0300] {logging_mixin.py:188} INFO - [2023-12-31T12:29:25.940-0300] {dag.py:3033} INFO - Sync 1 DAGs
[2023-12-31T12:29:26.550-0300] {logging_mixin.py:188} INFO - [2023-12-31T12:29:26.541-0300] {dag.py:3820} INFO - Setting next_dagrun for download_rocket_launches to 2023-12-31T00:00:00+00:00, run_after=2024-01-01T00:00:00+00:00
[2023-12-31T12:29:27.141-0300] {processor.py:183} INFO - Processing /home/felipe/airflow/dags/00_launch_rocket.py took 2.280 seconds
[2023-12-31T12:30:43.950-0300] {processor.py:161} INFO - Started process (PID=38220) to work on /home/felipe/airflow/dags/00_launch_rocket.py
[2023-12-31T12:30:43.970-0300] {processor.py:830} INFO - Processing file /home/felipe/airflow/dags/00_launch_rocket.py for tasks to queue
[2023-12-31T12:30:43.990-0300] {logging_mixin.py:188} INFO - [2023-12-31T12:30:43.981-0300] {dagbag.py:538} INFO - Filling up the DagBag from /home/felipe/airflow/dags/00_launch_rocket.py
[2023-12-31T12:30:44.360-0300] {processor.py:840} INFO - DAG(s) 'download_rocket_launches' retrieved from /home/felipe/airflow/dags/00_launch_rocket.py
[2023-12-31T12:30:44.951-0300] {logging_mixin.py:188} INFO - [2023-12-31T12:30:44.941-0300] {dag.py:3033} INFO - Sync 1 DAGs
[2023-12-31T12:30:45.561-0300] {logging_mixin.py:188} INFO - [2023-12-31T12:30:45.551-0300] {dag.py:3820} INFO - Setting next_dagrun for download_rocket_launches to 2023-12-31T00:00:00+00:00, run_after=2024-01-01T00:00:00+00:00
[2023-12-31T12:30:46.211-0300] {processor.py:183} INFO - Processing /home/felipe/airflow/dags/00_launch_rocket.py took 2.320 seconds
[2023-12-31T12:32:01.121-0300] {processor.py:161} INFO - Started process (PID=38274) to work on /home/felipe/airflow/dags/00_launch_rocket.py
[2023-12-31T12:32:01.141-0300] {processor.py:830} INFO - Processing file /home/felipe/airflow/dags/00_launch_rocket.py for tasks to queue
[2023-12-31T12:32:01.170-0300] {logging_mixin.py:188} INFO - [2023-12-31T12:32:01.160-0300] {dagbag.py:538} INFO - Filling up the DagBag from /home/felipe/airflow/dags/00_launch_rocket.py
[2023-12-31T12:32:01.491-0300] {processor.py:840} INFO - DAG(s) 'download_rocket_launches' retrieved from /home/felipe/airflow/dags/00_launch_rocket.py
[2023-12-31T12:32:02.091-0300] {logging_mixin.py:188} INFO - [2023-12-31T12:32:02.090-0300] {dag.py:3033} INFO - Sync 1 DAGs
[2023-12-31T12:32:02.751-0300] {logging_mixin.py:188} INFO - [2023-12-31T12:32:02.750-0300] {dag.py:3820} INFO - Setting next_dagrun for download_rocket_launches to 2023-12-31T00:00:00+00:00, run_after=2024-01-01T00:00:00+00:00
[2023-12-31T12:32:03.410-0300] {processor.py:183} INFO - Processing /home/felipe/airflow/dags/00_launch_rocket.py took 2.350 seconds
[2023-12-31T12:33:30.610-0300] {processor.py:161} INFO - Started process (PID=38331) to work on /home/felipe/airflow/dags/00_launch_rocket.py
[2023-12-31T12:33:30.631-0300] {processor.py:830} INFO - Processing file /home/felipe/airflow/dags/00_launch_rocket.py for tasks to queue
[2023-12-31T12:33:30.660-0300] {logging_mixin.py:188} INFO - [2023-12-31T12:33:30.650-0300] {dagbag.py:538} INFO - Filling up the DagBag from /home/felipe/airflow/dags/00_launch_rocket.py
[2023-12-31T12:33:31.090-0300] {processor.py:840} INFO - DAG(s) 'download_rocket_launches' retrieved from /home/felipe/airflow/dags/00_launch_rocket.py
[2023-12-31T12:33:31.670-0300] {logging_mixin.py:188} INFO - [2023-12-31T12:33:31.660-0300] {dag.py:3033} INFO - Sync 1 DAGs
[2023-12-31T12:33:32.291-0300] {logging_mixin.py:188} INFO - [2023-12-31T12:33:32.281-0300] {dag.py:3820} INFO - Setting next_dagrun for download_rocket_launches to 2023-12-31T00:00:00+00:00, run_after=2024-01-01T00:00:00+00:00
[2023-12-31T12:33:33.030-0300] {processor.py:183} INFO - Processing /home/felipe/airflow/dags/00_launch_rocket.py took 2.500 seconds
[2023-12-31T12:34:59.710-0300] {processor.py:161} INFO - Started process (PID=38385) to work on /home/felipe/airflow/dags/00_launch_rocket.py
[2023-12-31T12:34:59.731-0300] {processor.py:830} INFO - Processing file /home/felipe/airflow/dags/00_launch_rocket.py for tasks to queue
[2023-12-31T12:34:59.781-0300] {logging_mixin.py:188} INFO - [2023-12-31T12:34:59.761-0300] {dagbag.py:538} INFO - Filling up the DagBag from /home/felipe/airflow/dags/00_launch_rocket.py
[2023-12-31T12:35:00.240-0300] {processor.py:840} INFO - DAG(s) 'download_rocket_launches' retrieved from /home/felipe/airflow/dags/00_launch_rocket.py
[2023-12-31T12:35:00.980-0300] {logging_mixin.py:188} INFO - [2023-12-31T12:35:00.970-0300] {dag.py:3033} INFO - Sync 1 DAGs
[2023-12-31T12:35:01.831-0300] {logging_mixin.py:188} INFO - [2023-12-31T12:35:01.821-0300] {dag.py:3820} INFO - Setting next_dagrun for download_rocket_launches to 2023-12-31T00:00:00+00:00, run_after=2024-01-01T00:00:00+00:00
[2023-12-31T12:35:02.681-0300] {processor.py:183} INFO - Processing /home/felipe/airflow/dags/00_launch_rocket.py took 3.050 seconds
[2023-12-31T12:36:51.501-0300] {processor.py:161} INFO - Started process (PID=38475) to work on /home/felipe/airflow/dags/00_launch_rocket.py
[2023-12-31T12:36:51.540-0300] {processor.py:830} INFO - Processing file /home/felipe/airflow/dags/00_launch_rocket.py for tasks to queue
[2023-12-31T12:36:51.590-0300] {logging_mixin.py:188} INFO - [2023-12-31T12:36:51.561-0300] {dagbag.py:538} INFO - Filling up the DagBag from /home/felipe/airflow/dags/00_launch_rocket.py
[2023-12-31T12:36:52.110-0300] {processor.py:840} INFO - DAG(s) 'download_rocket_launches' retrieved from /home/felipe/airflow/dags/00_launch_rocket.py
[2023-12-31T12:36:52.960-0300] {logging_mixin.py:188} INFO - [2023-12-31T12:36:52.950-0300] {dag.py:3033} INFO - Sync 1 DAGs
[2023-12-31T12:36:54.000-0300] {logging_mixin.py:188} INFO - [2023-12-31T12:36:53.990-0300] {dag.py:3820} INFO - Setting next_dagrun for download_rocket_launches to 2023-12-31T00:00:00+00:00, run_after=2024-01-01T00:00:00+00:00
[2023-12-31T12:36:55.070-0300] {processor.py:183} INFO - Processing /home/felipe/airflow/dags/00_launch_rocket.py took 3.690 seconds
[2023-12-31T12:47:14.428-0300] {processor.py:161} INFO - Started process (PID=38762) to work on /home/felipe/airflow/dags/00_launch_rocket.py
[2023-12-31T12:47:14.488-0300] {processor.py:830} INFO - Processing file /home/felipe/airflow/dags/00_launch_rocket.py for tasks to queue
[2023-12-31T12:47:14.558-0300] {logging_mixin.py:188} INFO - [2023-12-31T12:47:14.538-0300] {dagbag.py:538} INFO - Filling up the DagBag from /home/felipe/airflow/dags/00_launch_rocket.py
[2023-12-31T12:47:15.548-0300] {processor.py:840} INFO - DAG(s) 'download_rocket_launches' retrieved from /home/felipe/airflow/dags/00_launch_rocket.py
[2023-12-31T12:47:16.868-0300] {logging_mixin.py:188} INFO - [2023-12-31T12:47:16.858-0300] {dag.py:3033} INFO - Sync 1 DAGs
[2023-12-31T12:47:18.667-0300] {logging_mixin.py:188} INFO - [2023-12-31T12:47:18.648-0300] {dag.py:3820} INFO - Setting next_dagrun for download_rocket_launches to 2023-12-31T00:00:00+00:00, run_after=2024-01-01T00:00:00+00:00
[2023-12-31T12:47:20.278-0300] {processor.py:183} INFO - Processing /home/felipe/airflow/dags/00_launch_rocket.py took 6.090 seconds
