[2023-12-31T09:35:40.650-0300] {processor.py:161} INFO - Started process (PID=31803) to work on /home/felipe/airflow/dags/14_chapter4_print_context.py
[2023-12-31T09:35:40.657-0300] {processor.py:830} INFO - Processing file /home/felipe/airflow/dags/14_chapter4_print_context.py for tasks to queue
[2023-12-31T09:35:40.659-0300] {logging_mixin.py:188} INFO - [2023-12-31T09:35:40.658-0300] {dagbag.py:538} INFO - Filling up the DagBag from /home/felipe/airflow/dags/14_chapter4_print_context.py
[2023-12-31T09:35:40.679-0300] {processor.py:840} INFO - DAG(s) 'chapter4_print_context' retrieved from /home/felipe/airflow/dags/14_chapter4_print_context.py
[2023-12-31T09:35:41.069-0300] {logging_mixin.py:188} INFO - [2023-12-31T09:35:41.069-0300] {dag.py:3033} INFO - Sync 1 DAGs
[2023-12-31T09:35:41.129-0300] {logging_mixin.py:188} INFO - [2023-12-31T09:35:41.128-0300] {dag.py:3820} INFO - Setting next_dagrun for chapter4_print_context to 2023-12-28T00:00:00+00:00, run_after=2023-12-29T00:00:00+00:00
[2023-12-31T09:35:41.221-0300] {processor.py:183} INFO - Processing /home/felipe/airflow/dags/14_chapter4_print_context.py took 0.582 seconds
[2023-12-31T09:38:18.170-0300] {processor.py:161} INFO - Started process (PID=32158) to work on /home/felipe/airflow/dags/14_chapter4_print_context.py
[2023-12-31T09:38:18.186-0300] {processor.py:830} INFO - Processing file /home/felipe/airflow/dags/14_chapter4_print_context.py for tasks to queue
[2023-12-31T09:38:18.198-0300] {logging_mixin.py:188} INFO - [2023-12-31T09:38:18.189-0300] {dagbag.py:538} INFO - Filling up the DagBag from /home/felipe/airflow/dags/14_chapter4_print_context.py
[2023-12-31T09:38:18.270-0300] {processor.py:840} INFO - DAG(s) 'chapter4_print_context' retrieved from /home/felipe/airflow/dags/14_chapter4_print_context.py
[2023-12-31T09:38:18.417-0300] {logging_mixin.py:188} INFO - [2023-12-31T09:38:18.411-0300] {dag.py:3033} INFO - Sync 1 DAGs
[2023-12-31T09:38:18.698-0300] {logging_mixin.py:188} INFO - [2023-12-31T09:38:18.697-0300] {dag.py:3820} INFO - Setting next_dagrun for chapter4_print_context to 2023-12-28T00:00:00+00:00, run_after=2023-12-29T00:00:00+00:00
[2023-12-31T09:38:19.027-0300] {processor.py:183} INFO - Processing /home/felipe/airflow/dags/14_chapter4_print_context.py took 0.876 seconds
[2023-12-31T09:51:37.417-0300] {processor.py:161} INFO - Started process (PID=32752) to work on /home/felipe/airflow/dags/14_chapter4_print_context.py
[2023-12-31T09:51:37.438-0300] {processor.py:830} INFO - Processing file /home/felipe/airflow/dags/14_chapter4_print_context.py for tasks to queue
[2023-12-31T09:51:37.470-0300] {logging_mixin.py:188} INFO - [2023-12-31T09:51:37.459-0300] {dagbag.py:538} INFO - Filling up the DagBag from /home/felipe/airflow/dags/14_chapter4_print_context.py
[2023-12-31T09:51:37.859-0300] {processor.py:840} INFO - DAG(s) 'chapter4_print_context' retrieved from /home/felipe/airflow/dags/14_chapter4_print_context.py
[2023-12-31T09:51:47.487-0300] {logging_mixin.py:188} INFO - [2023-12-31T09:51:47.479-0300] {dag.py:3033} INFO - Sync 1 DAGs
[2023-12-31T09:51:48.078-0300] {logging_mixin.py:188} INFO - [2023-12-31T09:51:48.077-0300] {dag.py:3820} INFO - Setting next_dagrun for chapter4_print_context to 2023-12-28T00:00:00+00:00, run_after=2023-12-29T00:00:00+00:00
[2023-12-31T09:51:48.430-0300] {processor.py:183} INFO - Processing /home/felipe/airflow/dags/14_chapter4_print_context.py took 11.082 seconds
[2023-12-31T09:55:06.949-0300] {processor.py:161} INFO - Started process (PID=32914) to work on /home/felipe/airflow/dags/14_chapter4_print_context.py
[2023-12-31T09:55:06.967-0300] {processor.py:830} INFO - Processing file /home/felipe/airflow/dags/14_chapter4_print_context.py for tasks to queue
[2023-12-31T09:55:06.978-0300] {logging_mixin.py:188} INFO - [2023-12-31T09:55:06.970-0300] {dagbag.py:538} INFO - Filling up the DagBag from /home/felipe/airflow/dags/14_chapter4_print_context.py
[2023-12-31T09:55:07.118-0300] {processor.py:840} INFO - DAG(s) 'chapter4_print_context' retrieved from /home/felipe/airflow/dags/14_chapter4_print_context.py
[2023-12-31T09:55:07.389-0300] {logging_mixin.py:188} INFO - [2023-12-31T09:55:07.388-0300] {dag.py:3033} INFO - Sync 1 DAGs
[2023-12-31T09:55:07.768-0300] {logging_mixin.py:188} INFO - [2023-12-31T09:55:07.767-0300] {dag.py:3820} INFO - Setting next_dagrun for chapter4_print_context to 2023-12-28T00:00:00+00:00, run_after=2023-12-29T00:00:00+00:00
[2023-12-31T09:55:08.119-0300] {processor.py:183} INFO - Processing /home/felipe/airflow/dags/14_chapter4_print_context.py took 1.199 seconds
[2023-12-31T09:59:45.639-0300] {processor.py:161} INFO - Started process (PID=33131) to work on /home/felipe/airflow/dags/14_chapter4_print_context.py
[2023-12-31T09:59:45.647-0300] {processor.py:830} INFO - Processing file /home/felipe/airflow/dags/14_chapter4_print_context.py for tasks to queue
[2023-12-31T09:59:45.649-0300] {logging_mixin.py:188} INFO - [2023-12-31T09:59:45.648-0300] {dagbag.py:538} INFO - Filling up the DagBag from /home/felipe/airflow/dags/14_chapter4_print_context.py
[2023-12-31T09:59:45.689-0300] {processor.py:840} INFO - DAG(s) 'chapter4_print_context' retrieved from /home/felipe/airflow/dags/14_chapter4_print_context.py
[2023-12-31T09:59:45.778-0300] {logging_mixin.py:188} INFO - [2023-12-31T09:59:45.777-0300] {dag.py:3033} INFO - Sync 1 DAGs
[2023-12-31T09:59:45.880-0300] {logging_mixin.py:188} INFO - [2023-12-31T09:59:45.879-0300] {dag.py:3820} INFO - Setting next_dagrun for chapter4_print_context to 2023-12-28T00:00:00+00:00, run_after=2023-12-29T00:00:00+00:00
[2023-12-31T09:59:46.007-0300] {processor.py:183} INFO - Processing /home/felipe/airflow/dags/14_chapter4_print_context.py took 0.378 seconds
[2023-12-31T10:01:13.058-0300] {processor.py:161} INFO - Started process (PID=33232) to work on /home/felipe/airflow/dags/14_chapter4_print_context.py
[2023-12-31T10:01:13.067-0300] {processor.py:830} INFO - Processing file /home/felipe/airflow/dags/14_chapter4_print_context.py for tasks to queue
[2023-12-31T10:01:13.068-0300] {logging_mixin.py:188} INFO - [2023-12-31T10:01:13.068-0300] {dagbag.py:538} INFO - Filling up the DagBag from /home/felipe/airflow/dags/14_chapter4_print_context.py
[2023-12-31T10:01:13.110-0300] {processor.py:840} INFO - DAG(s) 'chapter4_print_context' retrieved from /home/felipe/airflow/dags/14_chapter4_print_context.py
[2023-12-31T10:01:13.200-0300] {logging_mixin.py:188} INFO - [2023-12-31T10:01:13.199-0300] {dag.py:3033} INFO - Sync 1 DAGs
[2023-12-31T10:01:13.337-0300] {logging_mixin.py:188} INFO - [2023-12-31T10:01:13.336-0300] {dag.py:3820} INFO - Setting next_dagrun for chapter4_print_context to 2023-12-28T00:00:00+00:00, run_after=2023-12-29T00:00:00+00:00
[2023-12-31T10:01:13.480-0300] {processor.py:183} INFO - Processing /home/felipe/airflow/dags/14_chapter4_print_context.py took 0.432 seconds
[2023-12-31T10:02:21.216-0300] {processor.py:161} INFO - Started process (PID=33332) to work on /home/felipe/airflow/dags/14_chapter4_print_context.py
[2023-12-31T10:02:21.236-0300] {processor.py:830} INFO - Processing file /home/felipe/airflow/dags/14_chapter4_print_context.py for tasks to queue
[2023-12-31T10:02:21.239-0300] {logging_mixin.py:188} INFO - [2023-12-31T10:02:21.238-0300] {dagbag.py:538} INFO - Filling up the DagBag from /home/felipe/airflow/dags/14_chapter4_print_context.py
[2023-12-31T10:02:21.298-0300] {processor.py:840} INFO - DAG(s) 'chapter4_print_context' retrieved from /home/felipe/airflow/dags/14_chapter4_print_context.py
[2023-12-31T10:02:21.370-0300] {logging_mixin.py:188} INFO - [2023-12-31T10:02:21.369-0300] {dag.py:3033} INFO - Sync 1 DAGs
[2023-12-31T10:02:21.506-0300] {logging_mixin.py:188} INFO - [2023-12-31T10:02:21.498-0300] {dag.py:3820} INFO - Setting next_dagrun for chapter4_print_context to 2023-12-28T00:00:00+00:00, run_after=2023-12-29T00:00:00+00:00
[2023-12-31T10:02:21.657-0300] {processor.py:183} INFO - Processing /home/felipe/airflow/dags/14_chapter4_print_context.py took 0.459 seconds
[2023-12-31T10:03:27.539-0300] {processor.py:161} INFO - Started process (PID=33396) to work on /home/felipe/airflow/dags/14_chapter4_print_context.py
[2023-12-31T10:03:27.548-0300] {processor.py:830} INFO - Processing file /home/felipe/airflow/dags/14_chapter4_print_context.py for tasks to queue
[2023-12-31T10:03:27.549-0300] {logging_mixin.py:188} INFO - [2023-12-31T10:03:27.549-0300] {dagbag.py:538} INFO - Filling up the DagBag from /home/felipe/airflow/dags/14_chapter4_print_context.py
[2023-12-31T10:03:27.587-0300] {processor.py:840} INFO - DAG(s) 'chapter4_print_context' retrieved from /home/felipe/airflow/dags/14_chapter4_print_context.py
[2023-12-31T10:03:27.658-0300] {logging_mixin.py:188} INFO - [2023-12-31T10:03:27.657-0300] {dag.py:3033} INFO - Sync 1 DAGs
[2023-12-31T10:03:27.776-0300] {logging_mixin.py:188} INFO - [2023-12-31T10:03:27.769-0300] {dag.py:3820} INFO - Setting next_dagrun for chapter4_print_context to 2023-12-28T00:00:00+00:00, run_after=2023-12-29T00:00:00+00:00
[2023-12-31T10:03:27.908-0300] {processor.py:183} INFO - Processing /home/felipe/airflow/dags/14_chapter4_print_context.py took 0.379 seconds
[2023-12-31T10:04:37.289-0300] {processor.py:161} INFO - Started process (PID=33481) to work on /home/felipe/airflow/dags/14_chapter4_print_context.py
[2023-12-31T10:04:37.298-0300] {processor.py:830} INFO - Processing file /home/felipe/airflow/dags/14_chapter4_print_context.py for tasks to queue
[2023-12-31T10:04:37.307-0300] {logging_mixin.py:188} INFO - [2023-12-31T10:04:37.300-0300] {dagbag.py:538} INFO - Filling up the DagBag from /home/felipe/airflow/dags/14_chapter4_print_context.py
[2023-12-31T10:04:37.367-0300] {processor.py:840} INFO - DAG(s) 'chapter4_print_context' retrieved from /home/felipe/airflow/dags/14_chapter4_print_context.py
[2023-12-31T10:04:37.447-0300] {logging_mixin.py:188} INFO - [2023-12-31T10:04:37.439-0300] {dag.py:3033} INFO - Sync 1 DAGs
[2023-12-31T10:04:37.559-0300] {logging_mixin.py:188} INFO - [2023-12-31T10:04:37.558-0300] {dag.py:3820} INFO - Setting next_dagrun for chapter4_print_context to 2023-12-28T00:00:00+00:00, run_after=2023-12-29T00:00:00+00:00
[2023-12-31T10:04:37.688-0300] {processor.py:183} INFO - Processing /home/felipe/airflow/dags/14_chapter4_print_context.py took 0.409 seconds
[2023-12-31T10:05:48.297-0300] {processor.py:161} INFO - Started process (PID=33564) to work on /home/felipe/airflow/dags/14_chapter4_print_context.py
[2023-12-31T10:05:48.299-0300] {processor.py:830} INFO - Processing file /home/felipe/airflow/dags/14_chapter4_print_context.py for tasks to queue
[2023-12-31T10:05:48.307-0300] {logging_mixin.py:188} INFO - [2023-12-31T10:05:48.307-0300] {dagbag.py:538} INFO - Filling up the DagBag from /home/felipe/airflow/dags/14_chapter4_print_context.py
[2023-12-31T10:05:48.339-0300] {processor.py:840} INFO - DAG(s) 'chapter4_print_context' retrieved from /home/felipe/airflow/dags/14_chapter4_print_context.py
[2023-12-31T10:05:48.417-0300] {logging_mixin.py:188} INFO - [2023-12-31T10:05:48.417-0300] {dag.py:3033} INFO - Sync 1 DAGs
[2023-12-31T10:05:48.548-0300] {logging_mixin.py:188} INFO - [2023-12-31T10:05:48.548-0300] {dag.py:3820} INFO - Setting next_dagrun for chapter4_print_context to 2023-12-28T00:00:00+00:00, run_after=2023-12-29T00:00:00+00:00
[2023-12-31T10:05:48.668-0300] {processor.py:183} INFO - Processing /home/felipe/airflow/dags/14_chapter4_print_context.py took 0.390 seconds
[2023-12-31T10:06:59.468-0300] {processor.py:161} INFO - Started process (PID=33673) to work on /home/felipe/airflow/dags/14_chapter4_print_context.py
[2023-12-31T10:06:59.477-0300] {processor.py:830} INFO - Processing file /home/felipe/airflow/dags/14_chapter4_print_context.py for tasks to queue
[2023-12-31T10:06:59.479-0300] {logging_mixin.py:188} INFO - [2023-12-31T10:06:59.478-0300] {dagbag.py:538} INFO - Filling up the DagBag from /home/felipe/airflow/dags/14_chapter4_print_context.py
[2023-12-31T10:06:59.526-0300] {processor.py:840} INFO - DAG(s) 'chapter4_print_context' retrieved from /home/felipe/airflow/dags/14_chapter4_print_context.py
[2023-12-31T10:06:59.607-0300] {logging_mixin.py:188} INFO - [2023-12-31T10:06:59.606-0300] {dag.py:3033} INFO - Sync 1 DAGs
[2023-12-31T10:06:59.717-0300] {logging_mixin.py:188} INFO - [2023-12-31T10:06:59.717-0300] {dag.py:3820} INFO - Setting next_dagrun for chapter4_print_context to 2023-12-28T00:00:00+00:00, run_after=2023-12-29T00:00:00+00:00
[2023-12-31T10:06:59.846-0300] {processor.py:183} INFO - Processing /home/felipe/airflow/dags/14_chapter4_print_context.py took 0.389 seconds
[2023-12-31T10:08:11.916-0300] {processor.py:161} INFO - Started process (PID=33757) to work on /home/felipe/airflow/dags/14_chapter4_print_context.py
[2023-12-31T10:08:11.918-0300] {processor.py:830} INFO - Processing file /home/felipe/airflow/dags/14_chapter4_print_context.py for tasks to queue
[2023-12-31T10:08:11.927-0300] {logging_mixin.py:188} INFO - [2023-12-31T10:08:11.919-0300] {dagbag.py:538} INFO - Filling up the DagBag from /home/felipe/airflow/dags/14_chapter4_print_context.py
[2023-12-31T10:08:11.967-0300] {processor.py:840} INFO - DAG(s) 'chapter4_print_context' retrieved from /home/felipe/airflow/dags/14_chapter4_print_context.py
[2023-12-31T10:08:12.037-0300] {logging_mixin.py:188} INFO - [2023-12-31T10:08:12.037-0300] {dag.py:3033} INFO - Sync 1 DAGs
[2023-12-31T10:08:12.157-0300] {logging_mixin.py:188} INFO - [2023-12-31T10:08:12.149-0300] {dag.py:3820} INFO - Setting next_dagrun for chapter4_print_context to 2023-12-28T00:00:00+00:00, run_after=2023-12-29T00:00:00+00:00
[2023-12-31T10:08:12.297-0300] {processor.py:183} INFO - Processing /home/felipe/airflow/dags/14_chapter4_print_context.py took 0.400 seconds
[2023-12-31T11:28:37.757-0300] {processor.py:161} INFO - Started process (PID=33942) to work on /home/felipe/airflow/dags/14_chapter4_print_context.py
[2023-12-31T11:28:37.775-0300] {processor.py:830} INFO - Processing file /home/felipe/airflow/dags/14_chapter4_print_context.py for tasks to queue
[2023-12-31T11:28:37.794-0300] {logging_mixin.py:188} INFO - [2023-12-31T11:28:37.777-0300] {dagbag.py:538} INFO - Filling up the DagBag from /home/felipe/airflow/dags/14_chapter4_print_context.py
[2023-12-31T11:28:37.946-0300] {processor.py:840} INFO - DAG(s) 'chapter4_print_context' retrieved from /home/felipe/airflow/dags/14_chapter4_print_context.py
[2023-12-31T11:28:38.065-0300] {logging_mixin.py:188} INFO - [2023-12-31T11:28:38.064-0300] {dag.py:3033} INFO - Sync 1 DAGs
[2023-12-31T11:28:38.325-0300] {logging_mixin.py:188} INFO - [2023-12-31T11:28:38.324-0300] {dag.py:3820} INFO - Setting next_dagrun for chapter4_print_context to 2023-12-28T00:00:00+00:00, run_after=2023-12-29T00:00:00+00:00
[2023-12-31T11:28:38.586-0300] {processor.py:183} INFO - Processing /home/felipe/airflow/dags/14_chapter4_print_context.py took 0.842 seconds
[2023-12-31T11:30:36.715-0300] {processor.py:161} INFO - Started process (PID=34213) to work on /home/felipe/airflow/dags/14_chapter4_print_context.py
[2023-12-31T11:30:36.724-0300] {processor.py:830} INFO - Processing file /home/felipe/airflow/dags/14_chapter4_print_context.py for tasks to queue
[2023-12-31T11:30:36.726-0300] {logging_mixin.py:188} INFO - [2023-12-31T11:30:36.725-0300] {dagbag.py:538} INFO - Filling up the DagBag from /home/felipe/airflow/dags/14_chapter4_print_context.py
[2023-12-31T11:30:36.776-0300] {processor.py:840} INFO - DAG(s) 'chapter4_print_context' retrieved from /home/felipe/airflow/dags/14_chapter4_print_context.py
[2023-12-31T11:30:36.855-0300] {logging_mixin.py:188} INFO - [2023-12-31T11:30:36.855-0300] {dag.py:3033} INFO - Sync 1 DAGs
[2023-12-31T11:30:37.015-0300] {logging_mixin.py:188} INFO - [2023-12-31T11:30:37.015-0300] {dag.py:3820} INFO - Setting next_dagrun for chapter4_print_context to 2023-12-28T00:00:00+00:00, run_after=2023-12-29T00:00:00+00:00
[2023-12-31T11:30:37.204-0300] {processor.py:183} INFO - Processing /home/felipe/airflow/dags/14_chapter4_print_context.py took 0.499 seconds
[2023-12-31T11:32:08.424-0300] {processor.py:161} INFO - Started process (PID=34327) to work on /home/felipe/airflow/dags/14_chapter4_print_context.py
[2023-12-31T11:32:08.426-0300] {processor.py:830} INFO - Processing file /home/felipe/airflow/dags/14_chapter4_print_context.py for tasks to queue
[2023-12-31T11:32:08.435-0300] {logging_mixin.py:188} INFO - [2023-12-31T11:32:08.434-0300] {dagbag.py:538} INFO - Filling up the DagBag from /home/felipe/airflow/dags/14_chapter4_print_context.py
[2023-12-31T11:32:08.477-0300] {processor.py:840} INFO - DAG(s) 'chapter4_print_context' retrieved from /home/felipe/airflow/dags/14_chapter4_print_context.py
[2023-12-31T11:32:08.575-0300] {logging_mixin.py:188} INFO - [2023-12-31T11:32:08.575-0300] {dag.py:3033} INFO - Sync 1 DAGs
[2023-12-31T11:32:08.706-0300] {logging_mixin.py:188} INFO - [2023-12-31T11:32:08.705-0300] {dag.py:3820} INFO - Setting next_dagrun for chapter4_print_context to 2023-12-28T00:00:00+00:00, run_after=2023-12-29T00:00:00+00:00
[2023-12-31T11:32:08.855-0300] {processor.py:183} INFO - Processing /home/felipe/airflow/dags/14_chapter4_print_context.py took 0.450 seconds
[2023-12-31T11:33:37.994-0300] {processor.py:161} INFO - Started process (PID=34421) to work on /home/felipe/airflow/dags/14_chapter4_print_context.py
[2023-12-31T11:33:37.996-0300] {processor.py:830} INFO - Processing file /home/felipe/airflow/dags/14_chapter4_print_context.py for tasks to queue
[2023-12-31T11:33:38.006-0300] {logging_mixin.py:188} INFO - [2023-12-31T11:33:38.005-0300] {dagbag.py:538} INFO - Filling up the DagBag from /home/felipe/airflow/dags/14_chapter4_print_context.py
[2023-12-31T11:33:38.084-0300] {processor.py:840} INFO - DAG(s) 'chapter4_print_context' retrieved from /home/felipe/airflow/dags/14_chapter4_print_context.py
[2023-12-31T11:33:38.215-0300] {logging_mixin.py:188} INFO - [2023-12-31T11:33:38.215-0300] {dag.py:3033} INFO - Sync 1 DAGs
[2023-12-31T11:33:38.436-0300] {logging_mixin.py:188} INFO - [2023-12-31T11:33:38.435-0300] {dag.py:3820} INFO - Setting next_dagrun for chapter4_print_context to 2023-12-28T00:00:00+00:00, run_after=2023-12-29T00:00:00+00:00
[2023-12-31T11:33:38.725-0300] {processor.py:183} INFO - Processing /home/felipe/airflow/dags/14_chapter4_print_context.py took 0.768 seconds
[2023-12-31T11:35:01.544-0300] {processor.py:161} INFO - Started process (PID=34518) to work on /home/felipe/airflow/dags/14_chapter4_print_context.py
[2023-12-31T11:35:01.546-0300] {processor.py:830} INFO - Processing file /home/felipe/airflow/dags/14_chapter4_print_context.py for tasks to queue
[2023-12-31T11:35:01.555-0300] {logging_mixin.py:188} INFO - [2023-12-31T11:35:01.554-0300] {dagbag.py:538} INFO - Filling up the DagBag from /home/felipe/airflow/dags/14_chapter4_print_context.py
[2023-12-31T11:35:01.596-0300] {processor.py:840} INFO - DAG(s) 'chapter4_print_context' retrieved from /home/felipe/airflow/dags/14_chapter4_print_context.py
[2023-12-31T11:35:01.676-0300] {logging_mixin.py:188} INFO - [2023-12-31T11:35:01.675-0300] {dag.py:3033} INFO - Sync 1 DAGs
[2023-12-31T11:35:01.814-0300] {logging_mixin.py:188} INFO - [2023-12-31T11:35:01.807-0300] {dag.py:3820} INFO - Setting next_dagrun for chapter4_print_context to 2023-12-28T00:00:00+00:00, run_after=2023-12-29T00:00:00+00:00
[2023-12-31T11:35:01.995-0300] {processor.py:183} INFO - Processing /home/felipe/airflow/dags/14_chapter4_print_context.py took 0.470 seconds
[2023-12-31T11:36:24.326-0300] {processor.py:161} INFO - Started process (PID=34634) to work on /home/felipe/airflow/dags/14_chapter4_print_context.py
[2023-12-31T11:36:24.344-0300] {processor.py:830} INFO - Processing file /home/felipe/airflow/dags/14_chapter4_print_context.py for tasks to queue
[2023-12-31T11:36:24.345-0300] {logging_mixin.py:188} INFO - [2023-12-31T11:36:24.345-0300] {dagbag.py:538} INFO - Filling up the DagBag from /home/felipe/airflow/dags/14_chapter4_print_context.py
[2023-12-31T11:36:24.394-0300] {processor.py:840} INFO - DAG(s) 'chapter4_print_context' retrieved from /home/felipe/airflow/dags/14_chapter4_print_context.py
[2023-12-31T11:36:24.467-0300] {logging_mixin.py:188} INFO - [2023-12-31T11:36:24.466-0300] {dag.py:3033} INFO - Sync 1 DAGs
[2023-12-31T11:36:24.605-0300] {logging_mixin.py:188} INFO - [2023-12-31T11:36:24.605-0300] {dag.py:3820} INFO - Setting next_dagrun for chapter4_print_context to 2023-12-28T00:00:00+00:00, run_after=2023-12-29T00:00:00+00:00
[2023-12-31T11:36:24.894-0300] {processor.py:183} INFO - Processing /home/felipe/airflow/dags/14_chapter4_print_context.py took 0.579 seconds
[2023-12-31T11:37:48.234-0300] {processor.py:161} INFO - Started process (PID=34729) to work on /home/felipe/airflow/dags/14_chapter4_print_context.py
[2023-12-31T11:37:48.236-0300] {processor.py:830} INFO - Processing file /home/felipe/airflow/dags/14_chapter4_print_context.py for tasks to queue
[2023-12-31T11:37:48.244-0300] {logging_mixin.py:188} INFO - [2023-12-31T11:37:48.244-0300] {dagbag.py:538} INFO - Filling up the DagBag from /home/felipe/airflow/dags/14_chapter4_print_context.py
[2023-12-31T11:37:48.286-0300] {processor.py:840} INFO - DAG(s) 'chapter4_print_context' retrieved from /home/felipe/airflow/dags/14_chapter4_print_context.py
[2023-12-31T11:37:48.396-0300] {logging_mixin.py:188} INFO - [2023-12-31T11:37:48.395-0300] {dag.py:3033} INFO - Sync 1 DAGs
[2023-12-31T11:37:48.585-0300] {logging_mixin.py:188} INFO - [2023-12-31T11:37:48.585-0300] {dag.py:3820} INFO - Setting next_dagrun for chapter4_print_context to 2023-12-28T00:00:00+00:00, run_after=2023-12-29T00:00:00+00:00
[2023-12-31T11:37:48.735-0300] {processor.py:183} INFO - Processing /home/felipe/airflow/dags/14_chapter4_print_context.py took 0.520 seconds
[2023-12-31T11:39:10.085-0300] {processor.py:161} INFO - Started process (PID=34818) to work on /home/felipe/airflow/dags/14_chapter4_print_context.py
[2023-12-31T11:39:10.094-0300] {processor.py:830} INFO - Processing file /home/felipe/airflow/dags/14_chapter4_print_context.py for tasks to queue
[2023-12-31T11:39:10.096-0300] {logging_mixin.py:188} INFO - [2023-12-31T11:39:10.095-0300] {dagbag.py:538} INFO - Filling up the DagBag from /home/felipe/airflow/dags/14_chapter4_print_context.py
[2023-12-31T11:39:10.145-0300] {processor.py:840} INFO - DAG(s) 'chapter4_print_context' retrieved from /home/felipe/airflow/dags/14_chapter4_print_context.py
[2023-12-31T11:39:10.255-0300] {logging_mixin.py:188} INFO - [2023-12-31T11:39:10.254-0300] {dag.py:3033} INFO - Sync 1 DAGs
[2023-12-31T11:39:10.436-0300] {logging_mixin.py:188} INFO - [2023-12-31T11:39:10.436-0300] {dag.py:3820} INFO - Setting next_dagrun for chapter4_print_context to 2023-12-28T00:00:00+00:00, run_after=2023-12-29T00:00:00+00:00
[2023-12-31T11:39:10.626-0300] {processor.py:183} INFO - Processing /home/felipe/airflow/dags/14_chapter4_print_context.py took 0.560 seconds
[2023-12-31T11:40:33.316-0300] {processor.py:161} INFO - Started process (PID=34934) to work on /home/felipe/airflow/dags/14_chapter4_print_context.py
[2023-12-31T11:40:33.326-0300] {processor.py:830} INFO - Processing file /home/felipe/airflow/dags/14_chapter4_print_context.py for tasks to queue
[2023-12-31T11:40:33.335-0300] {logging_mixin.py:188} INFO - [2023-12-31T11:40:33.334-0300] {dagbag.py:538} INFO - Filling up the DagBag from /home/felipe/airflow/dags/14_chapter4_print_context.py
[2023-12-31T11:40:33.394-0300] {processor.py:840} INFO - DAG(s) 'chapter4_print_context' retrieved from /home/felipe/airflow/dags/14_chapter4_print_context.py
[2023-12-31T11:40:33.485-0300] {logging_mixin.py:188} INFO - [2023-12-31T11:40:33.484-0300] {dag.py:3033} INFO - Sync 1 DAGs
[2023-12-31T11:40:33.776-0300] {logging_mixin.py:188} INFO - [2023-12-31T11:40:33.776-0300] {dag.py:3820} INFO - Setting next_dagrun for chapter4_print_context to 2023-12-28T00:00:00+00:00, run_after=2023-12-29T00:00:00+00:00
[2023-12-31T11:40:33.986-0300] {processor.py:183} INFO - Processing /home/felipe/airflow/dags/14_chapter4_print_context.py took 0.682 seconds
[2023-12-31T11:42:06.686-0300] {processor.py:161} INFO - Started process (PID=35040) to work on /home/felipe/airflow/dags/14_chapter4_print_context.py
[2023-12-31T11:42:06.696-0300] {processor.py:830} INFO - Processing file /home/felipe/airflow/dags/14_chapter4_print_context.py for tasks to queue
[2023-12-31T11:42:06.705-0300] {logging_mixin.py:188} INFO - [2023-12-31T11:42:06.704-0300] {dagbag.py:538} INFO - Filling up the DagBag from /home/felipe/airflow/dags/14_chapter4_print_context.py
[2023-12-31T11:42:06.755-0300] {processor.py:840} INFO - DAG(s) 'chapter4_print_context' retrieved from /home/felipe/airflow/dags/14_chapter4_print_context.py
[2023-12-31T11:42:06.846-0300] {logging_mixin.py:188} INFO - [2023-12-31T11:42:06.845-0300] {dag.py:3033} INFO - Sync 1 DAGs
[2023-12-31T11:42:07.016-0300] {logging_mixin.py:188} INFO - [2023-12-31T11:42:07.016-0300] {dag.py:3820} INFO - Setting next_dagrun for chapter4_print_context to 2023-12-28T00:00:00+00:00, run_after=2023-12-29T00:00:00+00:00
[2023-12-31T11:42:07.195-0300] {processor.py:183} INFO - Processing /home/felipe/airflow/dags/14_chapter4_print_context.py took 0.529 seconds
[2023-12-31T11:43:41.975-0300] {processor.py:161} INFO - Started process (PID=35150) to work on /home/felipe/airflow/dags/14_chapter4_print_context.py
[2023-12-31T11:43:41.984-0300] {processor.py:830} INFO - Processing file /home/felipe/airflow/dags/14_chapter4_print_context.py for tasks to queue
[2023-12-31T11:43:41.994-0300] {logging_mixin.py:188} INFO - [2023-12-31T11:43:41.986-0300] {dagbag.py:538} INFO - Filling up the DagBag from /home/felipe/airflow/dags/14_chapter4_print_context.py
[2023-12-31T11:43:42.064-0300] {processor.py:840} INFO - DAG(s) 'chapter4_print_context' retrieved from /home/felipe/airflow/dags/14_chapter4_print_context.py
[2023-12-31T11:43:42.174-0300] {logging_mixin.py:188} INFO - [2023-12-31T11:43:42.174-0300] {dag.py:3033} INFO - Sync 1 DAGs
[2023-12-31T11:43:42.374-0300] {logging_mixin.py:188} INFO - [2023-12-31T11:43:42.374-0300] {dag.py:3820} INFO - Setting next_dagrun for chapter4_print_context to 2023-12-28T00:00:00+00:00, run_after=2023-12-29T00:00:00+00:00
[2023-12-31T11:43:42.656-0300] {processor.py:183} INFO - Processing /home/felipe/airflow/dags/14_chapter4_print_context.py took 0.702 seconds
[2023-12-31T11:45:23.455-0300] {processor.py:161} INFO - Started process (PID=35289) to work on /home/felipe/airflow/dags/14_chapter4_print_context.py
[2023-12-31T11:45:23.475-0300] {processor.py:830} INFO - Processing file /home/felipe/airflow/dags/14_chapter4_print_context.py for tasks to queue
[2023-12-31T11:45:23.486-0300] {logging_mixin.py:188} INFO - [2023-12-31T11:45:23.485-0300] {dagbag.py:538} INFO - Filling up the DagBag from /home/felipe/airflow/dags/14_chapter4_print_context.py
[2023-12-31T11:45:23.556-0300] {processor.py:840} INFO - DAG(s) 'chapter4_print_context' retrieved from /home/felipe/airflow/dags/14_chapter4_print_context.py
[2023-12-31T11:45:23.684-0300] {logging_mixin.py:188} INFO - [2023-12-31T11:45:23.676-0300] {dag.py:3033} INFO - Sync 1 DAGs
[2023-12-31T11:45:23.915-0300] {logging_mixin.py:188} INFO - [2023-12-31T11:45:23.915-0300] {dag.py:3820} INFO - Setting next_dagrun for chapter4_print_context to 2023-12-28T00:00:00+00:00, run_after=2023-12-29T00:00:00+00:00
[2023-12-31T11:45:24.154-0300] {processor.py:183} INFO - Processing /home/felipe/airflow/dags/14_chapter4_print_context.py took 0.729 seconds
[2023-12-31T11:47:00.456-0300] {processor.py:161} INFO - Started process (PID=35405) to work on /home/felipe/airflow/dags/14_chapter4_print_context.py
[2023-12-31T11:47:00.466-0300] {processor.py:830} INFO - Processing file /home/felipe/airflow/dags/14_chapter4_print_context.py for tasks to queue
[2023-12-31T11:47:00.475-0300] {logging_mixin.py:188} INFO - [2023-12-31T11:47:00.475-0300] {dagbag.py:538} INFO - Filling up the DagBag from /home/felipe/airflow/dags/14_chapter4_print_context.py
[2023-12-31T11:47:00.554-0300] {processor.py:840} INFO - DAG(s) 'chapter4_print_context' retrieved from /home/felipe/airflow/dags/14_chapter4_print_context.py
[2023-12-31T11:47:00.694-0300] {logging_mixin.py:188} INFO - [2023-12-31T11:47:00.686-0300] {dag.py:3033} INFO - Sync 1 DAGs
[2023-12-31T11:47:00.885-0300] {logging_mixin.py:188} INFO - [2023-12-31T11:47:00.885-0300] {dag.py:3820} INFO - Setting next_dagrun for chapter4_print_context to 2023-12-28T00:00:00+00:00, run_after=2023-12-29T00:00:00+00:00
[2023-12-31T11:47:01.076-0300] {processor.py:183} INFO - Processing /home/felipe/airflow/dags/14_chapter4_print_context.py took 0.642 seconds
[2023-12-31T11:49:10.686-0300] {processor.py:161} INFO - Started process (PID=35572) to work on /home/felipe/airflow/dags/14_chapter4_print_context.py
[2023-12-31T11:49:10.696-0300] {processor.py:830} INFO - Processing file /home/felipe/airflow/dags/14_chapter4_print_context.py for tasks to queue
[2023-12-31T11:49:10.714-0300] {logging_mixin.py:188} INFO - [2023-12-31T11:49:10.705-0300] {dagbag.py:538} INFO - Filling up the DagBag from /home/felipe/airflow/dags/14_chapter4_print_context.py
[2023-12-31T11:49:10.825-0300] {processor.py:840} INFO - DAG(s) 'chapter4_print_context' retrieved from /home/felipe/airflow/dags/14_chapter4_print_context.py
[2023-12-31T11:49:10.964-0300] {logging_mixin.py:188} INFO - [2023-12-31T11:49:10.964-0300] {dag.py:3033} INFO - Sync 1 DAGs
[2023-12-31T11:49:11.155-0300] {logging_mixin.py:188} INFO - [2023-12-31T11:49:11.154-0300] {dag.py:3820} INFO - Setting next_dagrun for chapter4_print_context to 2023-12-28T00:00:00+00:00, run_after=2023-12-29T00:00:00+00:00
[2023-12-31T11:49:11.404-0300] {processor.py:183} INFO - Processing /home/felipe/airflow/dags/14_chapter4_print_context.py took 0.730 seconds
[2023-12-31T11:51:18.575-0300] {processor.py:161} INFO - Started process (PID=35717) to work on /home/felipe/airflow/dags/14_chapter4_print_context.py
[2023-12-31T11:51:18.595-0300] {processor.py:830} INFO - Processing file /home/felipe/airflow/dags/14_chapter4_print_context.py for tasks to queue
[2023-12-31T11:51:18.624-0300] {logging_mixin.py:188} INFO - [2023-12-31T11:51:18.614-0300] {dagbag.py:538} INFO - Filling up the DagBag from /home/felipe/airflow/dags/14_chapter4_print_context.py
[2023-12-31T11:51:18.755-0300] {processor.py:840} INFO - DAG(s) 'chapter4_print_context' retrieved from /home/felipe/airflow/dags/14_chapter4_print_context.py
[2023-12-31T11:51:18.934-0300] {logging_mixin.py:188} INFO - [2023-12-31T11:51:18.925-0300] {dag.py:3033} INFO - Sync 1 DAGs
[2023-12-31T11:51:19.305-0300] {logging_mixin.py:188} INFO - [2023-12-31T11:51:19.304-0300] {dag.py:3820} INFO - Setting next_dagrun for chapter4_print_context to 2023-12-28T00:00:00+00:00, run_after=2023-12-29T00:00:00+00:00
[2023-12-31T11:51:20.245-0300] {processor.py:183} INFO - Processing /home/felipe/airflow/dags/14_chapter4_print_context.py took 1.709 seconds
[2023-12-31T11:54:03.714-0300] {processor.py:161} INFO - Started process (PID=35852) to work on /home/felipe/airflow/dags/14_chapter4_print_context.py
[2023-12-31T11:54:03.726-0300] {processor.py:830} INFO - Processing file /home/felipe/airflow/dags/14_chapter4_print_context.py for tasks to queue
[2023-12-31T11:54:03.744-0300] {logging_mixin.py:188} INFO - [2023-12-31T11:54:03.735-0300] {dagbag.py:538} INFO - Filling up the DagBag from /home/felipe/airflow/dags/14_chapter4_print_context.py
[2023-12-31T11:54:03.844-0300] {processor.py:840} INFO - DAG(s) 'chapter4_print_context' retrieved from /home/felipe/airflow/dags/14_chapter4_print_context.py
[2023-12-31T11:54:04.005-0300] {logging_mixin.py:188} INFO - [2023-12-31T11:54:04.004-0300] {dag.py:3033} INFO - Sync 1 DAGs
[2023-12-31T11:54:04.314-0300] {logging_mixin.py:188} INFO - [2023-12-31T11:54:04.305-0300] {dag.py:3820} INFO - Setting next_dagrun for chapter4_print_context to 2023-12-28T00:00:00+00:00, run_after=2023-12-29T00:00:00+00:00
[2023-12-31T11:54:04.684-0300] {processor.py:183} INFO - Processing /home/felipe/airflow/dags/14_chapter4_print_context.py took 1.009 seconds
[2023-12-31T11:55:59.645-0300] {processor.py:161} INFO - Started process (PID=35991) to work on /home/felipe/airflow/dags/14_chapter4_print_context.py
[2023-12-31T11:55:59.655-0300] {processor.py:830} INFO - Processing file /home/felipe/airflow/dags/14_chapter4_print_context.py for tasks to queue
[2023-12-31T11:55:59.664-0300] {logging_mixin.py:188} INFO - [2023-12-31T11:55:59.664-0300] {dagbag.py:538} INFO - Filling up the DagBag from /home/felipe/airflow/dags/14_chapter4_print_context.py
[2023-12-31T11:55:59.735-0300] {processor.py:840} INFO - DAG(s) 'chapter4_print_context' retrieved from /home/felipe/airflow/dags/14_chapter4_print_context.py
[2023-12-31T11:55:59.855-0300] {logging_mixin.py:188} INFO - [2023-12-31T11:55:59.855-0300] {dag.py:3033} INFO - Sync 1 DAGs
[2023-12-31T11:56:00.114-0300] {logging_mixin.py:188} INFO - [2023-12-31T11:56:00.106-0300] {dag.py:3820} INFO - Setting next_dagrun for chapter4_print_context to 2023-12-28T00:00:00+00:00, run_after=2023-12-29T00:00:00+00:00
[2023-12-31T11:56:00.365-0300] {processor.py:183} INFO - Processing /home/felipe/airflow/dags/14_chapter4_print_context.py took 0.740 seconds
[2023-12-31T11:57:44.044-0300] {processor.py:161} INFO - Started process (PID=36094) to work on /home/felipe/airflow/dags/14_chapter4_print_context.py
[2023-12-31T11:57:44.054-0300] {processor.py:830} INFO - Processing file /home/felipe/airflow/dags/14_chapter4_print_context.py for tasks to queue
[2023-12-31T11:57:44.065-0300] {logging_mixin.py:188} INFO - [2023-12-31T11:57:44.064-0300] {dagbag.py:538} INFO - Filling up the DagBag from /home/felipe/airflow/dags/14_chapter4_print_context.py
[2023-12-31T11:57:44.184-0300] {processor.py:840} INFO - DAG(s) 'chapter4_print_context' retrieved from /home/felipe/airflow/dags/14_chapter4_print_context.py
[2023-12-31T11:57:44.374-0300] {logging_mixin.py:188} INFO - [2023-12-31T11:57:44.374-0300] {dag.py:3033} INFO - Sync 1 DAGs
[2023-12-31T11:57:44.626-0300] {logging_mixin.py:188} INFO - [2023-12-31T11:57:44.625-0300] {dag.py:3820} INFO - Setting next_dagrun for chapter4_print_context to 2023-12-28T00:00:00+00:00, run_after=2023-12-29T00:00:00+00:00
[2023-12-31T11:57:44.955-0300] {processor.py:183} INFO - Processing /home/felipe/airflow/dags/14_chapter4_print_context.py took 0.941 seconds
[2023-12-31T11:59:30.415-0300] {processor.py:161} INFO - Started process (PID=36201) to work on /home/felipe/airflow/dags/14_chapter4_print_context.py
[2023-12-31T11:59:30.425-0300] {processor.py:830} INFO - Processing file /home/felipe/airflow/dags/14_chapter4_print_context.py for tasks to queue
[2023-12-31T11:59:30.435-0300] {logging_mixin.py:188} INFO - [2023-12-31T11:59:30.434-0300] {dagbag.py:538} INFO - Filling up the DagBag from /home/felipe/airflow/dags/14_chapter4_print_context.py
[2023-12-31T11:59:30.515-0300] {processor.py:840} INFO - DAG(s) 'chapter4_print_context' retrieved from /home/felipe/airflow/dags/14_chapter4_print_context.py
[2023-12-31T11:59:30.675-0300] {logging_mixin.py:188} INFO - [2023-12-31T11:59:30.675-0300] {dag.py:3033} INFO - Sync 1 DAGs
[2023-12-31T11:59:30.934-0300] {logging_mixin.py:188} INFO - [2023-12-31T11:59:30.934-0300] {dag.py:3820} INFO - Setting next_dagrun for chapter4_print_context to 2023-12-28T00:00:00+00:00, run_after=2023-12-29T00:00:00+00:00
[2023-12-31T11:59:31.234-0300] {processor.py:183} INFO - Processing /home/felipe/airflow/dags/14_chapter4_print_context.py took 0.849 seconds
[2023-12-31T12:01:18.794-0300] {processor.py:161} INFO - Started process (PID=36331) to work on /home/felipe/airflow/dags/14_chapter4_print_context.py
[2023-12-31T12:01:18.805-0300] {processor.py:830} INFO - Processing file /home/felipe/airflow/dags/14_chapter4_print_context.py for tasks to queue
[2023-12-31T12:01:18.815-0300] {logging_mixin.py:188} INFO - [2023-12-31T12:01:18.814-0300] {dagbag.py:538} INFO - Filling up the DagBag from /home/felipe/airflow/dags/14_chapter4_print_context.py
[2023-12-31T12:01:18.905-0300] {processor.py:840} INFO - DAG(s) 'chapter4_print_context' retrieved from /home/felipe/airflow/dags/14_chapter4_print_context.py
[2023-12-31T12:01:19.055-0300] {logging_mixin.py:188} INFO - [2023-12-31T12:01:19.055-0300] {dag.py:3033} INFO - Sync 1 DAGs
[2023-12-31T12:01:19.305-0300] {logging_mixin.py:188} INFO - [2023-12-31T12:01:19.305-0300] {dag.py:3820} INFO - Setting next_dagrun for chapter4_print_context to 2023-12-28T00:00:00+00:00, run_after=2023-12-29T00:00:00+00:00
[2023-12-31T12:01:19.594-0300] {processor.py:183} INFO - Processing /home/felipe/airflow/dags/14_chapter4_print_context.py took 0.830 seconds
[2023-12-31T12:03:17.134-0300] {processor.py:161} INFO - Started process (PID=36438) to work on /home/felipe/airflow/dags/14_chapter4_print_context.py
[2023-12-31T12:03:17.145-0300] {processor.py:830} INFO - Processing file /home/felipe/airflow/dags/14_chapter4_print_context.py for tasks to queue
[2023-12-31T12:03:17.155-0300] {logging_mixin.py:188} INFO - [2023-12-31T12:03:17.155-0300] {dagbag.py:538} INFO - Filling up the DagBag from /home/felipe/airflow/dags/14_chapter4_print_context.py
[2023-12-31T12:03:17.255-0300] {processor.py:840} INFO - DAG(s) 'chapter4_print_context' retrieved from /home/felipe/airflow/dags/14_chapter4_print_context.py
[2023-12-31T12:03:17.404-0300] {logging_mixin.py:188} INFO - [2023-12-31T12:03:17.395-0300] {dag.py:3033} INFO - Sync 1 DAGs
[2023-12-31T12:03:17.665-0300] {logging_mixin.py:188} INFO - [2023-12-31T12:03:17.665-0300] {dag.py:3820} INFO - Setting next_dagrun for chapter4_print_context to 2023-12-28T00:00:00+00:00, run_after=2023-12-29T00:00:00+00:00
[2023-12-31T12:03:18.005-0300] {processor.py:183} INFO - Processing /home/felipe/airflow/dags/14_chapter4_print_context.py took 0.900 seconds
[2023-12-31T12:06:31.724-0300] {processor.py:161} INFO - Started process (PID=36678) to work on /home/felipe/airflow/dags/14_chapter4_print_context.py
[2023-12-31T12:06:31.744-0300] {processor.py:830} INFO - Processing file /home/felipe/airflow/dags/14_chapter4_print_context.py for tasks to queue
[2023-12-31T12:06:31.765-0300] {logging_mixin.py:188} INFO - [2023-12-31T12:06:31.755-0300] {dagbag.py:538} INFO - Filling up the DagBag from /home/felipe/airflow/dags/14_chapter4_print_context.py
[2023-12-31T12:06:32.005-0300] {processor.py:840} INFO - DAG(s) 'chapter4_print_context' retrieved from /home/felipe/airflow/dags/14_chapter4_print_context.py
[2023-12-31T12:06:32.755-0300] {logging_mixin.py:188} INFO - [2023-12-31T12:06:32.754-0300] {dag.py:3033} INFO - Sync 1 DAGs
[2023-12-31T12:06:33.664-0300] {logging_mixin.py:188} INFO - [2023-12-31T12:06:33.654-0300] {dag.py:3820} INFO - Setting next_dagrun for chapter4_print_context to 2023-12-28T00:00:00+00:00, run_after=2023-12-29T00:00:00+00:00
[2023-12-31T12:06:34.604-0300] {processor.py:183} INFO - Processing /home/felipe/airflow/dags/14_chapter4_print_context.py took 2.939 seconds
[2023-12-31T12:09:55.535-0300] {processor.py:161} INFO - Started process (PID=37061) to work on /home/felipe/airflow/dags/14_chapter4_print_context.py
[2023-12-31T12:09:55.564-0300] {processor.py:830} INFO - Processing file /home/felipe/airflow/dags/14_chapter4_print_context.py for tasks to queue
[2023-12-31T12:09:55.585-0300] {logging_mixin.py:188} INFO - [2023-12-31T12:09:55.575-0300] {dagbag.py:538} INFO - Filling up the DagBag from /home/felipe/airflow/dags/14_chapter4_print_context.py
[2023-12-31T12:09:55.935-0300] {processor.py:840} INFO - DAG(s) 'chapter4_print_context' retrieved from /home/felipe/airflow/dags/14_chapter4_print_context.py
[2023-12-31T12:09:58.094-0300] {logging_mixin.py:188} INFO - [2023-12-31T12:09:58.085-0300] {dag.py:3033} INFO - Sync 1 DAGs
[2023-12-31T12:09:58.465-0300] {logging_mixin.py:188} INFO - [2023-12-31T12:09:58.464-0300] {dag.py:3820} INFO - Setting next_dagrun for chapter4_print_context to 2023-12-28T00:00:00+00:00, run_after=2023-12-29T00:00:00+00:00
[2023-12-31T12:09:58.894-0300] {processor.py:183} INFO - Processing /home/felipe/airflow/dags/14_chapter4_print_context.py took 3.419 seconds
[2023-12-31T12:11:19.024-0300] {processor.py:161} INFO - Started process (PID=37165) to work on /home/felipe/airflow/dags/14_chapter4_print_context.py
[2023-12-31T12:11:19.044-0300] {processor.py:830} INFO - Processing file /home/felipe/airflow/dags/14_chapter4_print_context.py for tasks to queue
[2023-12-31T12:11:19.054-0300] {logging_mixin.py:188} INFO - [2023-12-31T12:11:19.045-0300] {dagbag.py:538} INFO - Filling up the DagBag from /home/felipe/airflow/dags/14_chapter4_print_context.py
[2023-12-31T12:11:19.234-0300] {processor.py:840} INFO - DAG(s) 'chapter4_print_context' retrieved from /home/felipe/airflow/dags/14_chapter4_print_context.py
[2023-12-31T12:11:19.675-0300] {logging_mixin.py:188} INFO - [2023-12-31T12:11:19.674-0300] {dag.py:3033} INFO - Sync 1 DAGs
[2023-12-31T12:11:20.234-0300] {logging_mixin.py:188} INFO - [2023-12-31T12:11:20.225-0300] {dag.py:3820} INFO - Setting next_dagrun for chapter4_print_context to 2023-12-28T00:00:00+00:00, run_after=2023-12-29T00:00:00+00:00
[2023-12-31T12:11:20.725-0300] {processor.py:183} INFO - Processing /home/felipe/airflow/dags/14_chapter4_print_context.py took 1.741 seconds
[2023-12-31T12:12:09.184-0300] {processor.py:161} INFO - Started process (PID=37236) to work on /home/felipe/airflow/dags/14_chapter4_print_context.py
[2023-12-31T12:12:09.194-0300] {processor.py:830} INFO - Processing file /home/felipe/airflow/dags/14_chapter4_print_context.py for tasks to queue
[2023-12-31T12:12:09.205-0300] {logging_mixin.py:188} INFO - [2023-12-31T12:12:09.204-0300] {dagbag.py:538} INFO - Filling up the DagBag from /home/felipe/airflow/dags/14_chapter4_print_context.py
[2023-12-31T12:12:09.414-0300] {processor.py:840} INFO - DAG(s) 'chapter4_print_context' retrieved from /home/felipe/airflow/dags/14_chapter4_print_context.py
[2023-12-31T12:12:09.714-0300] {logging_mixin.py:188} INFO - [2023-12-31T12:12:09.714-0300] {dag.py:3033} INFO - Sync 1 DAGs
[2023-12-31T12:12:10.085-0300] {logging_mixin.py:188} INFO - [2023-12-31T12:12:10.084-0300] {dag.py:3820} INFO - Setting next_dagrun for chapter4_print_context to 2023-12-28T00:00:00+00:00, run_after=2023-12-29T00:00:00+00:00
[2023-12-31T12:12:10.515-0300] {processor.py:183} INFO - Processing /home/felipe/airflow/dags/14_chapter4_print_context.py took 1.380 seconds
[2023-12-31T12:13:05.424-0300] {processor.py:161} INFO - Started process (PID=37310) to work on /home/felipe/airflow/dags/14_chapter4_print_context.py
[2023-12-31T12:13:05.454-0300] {processor.py:830} INFO - Processing file /home/felipe/airflow/dags/14_chapter4_print_context.py for tasks to queue
[2023-12-31T12:13:05.484-0300] {logging_mixin.py:188} INFO - [2023-12-31T12:13:05.474-0300] {dagbag.py:538} INFO - Filling up the DagBag from /home/felipe/airflow/dags/14_chapter4_print_context.py
[2023-12-31T12:13:05.755-0300] {processor.py:840} INFO - DAG(s) 'chapter4_print_context' retrieved from /home/felipe/airflow/dags/14_chapter4_print_context.py
[2023-12-31T12:13:06.174-0300] {logging_mixin.py:188} INFO - [2023-12-31T12:13:06.174-0300] {dag.py:3033} INFO - Sync 1 DAGs
[2023-12-31T12:13:06.744-0300] {logging_mixin.py:188} INFO - [2023-12-31T12:13:06.734-0300] {dag.py:3820} INFO - Setting next_dagrun for chapter4_print_context to 2023-12-28T00:00:00+00:00, run_after=2023-12-29T00:00:00+00:00
[2023-12-31T12:13:07.254-0300] {processor.py:183} INFO - Processing /home/felipe/airflow/dags/14_chapter4_print_context.py took 1.900 seconds
[2023-12-31T12:13:47.934-0300] {processor.py:161} INFO - Started process (PID=37365) to work on /home/felipe/airflow/dags/14_chapter4_print_context.py
[2023-12-31T12:13:47.944-0300] {processor.py:830} INFO - Processing file /home/felipe/airflow/dags/14_chapter4_print_context.py for tasks to queue
[2023-12-31T12:13:47.964-0300] {logging_mixin.py:188} INFO - [2023-12-31T12:13:47.955-0300] {dagbag.py:538} INFO - Filling up the DagBag from /home/felipe/airflow/dags/14_chapter4_print_context.py
[2023-12-31T12:13:48.175-0300] {processor.py:840} INFO - DAG(s) 'chapter4_print_context' retrieved from /home/felipe/airflow/dags/14_chapter4_print_context.py
[2023-12-31T12:13:48.524-0300] {logging_mixin.py:188} INFO - [2023-12-31T12:13:48.514-0300] {dag.py:3033} INFO - Sync 1 DAGs
[2023-12-31T12:13:48.984-0300] {logging_mixin.py:188} INFO - [2023-12-31T12:13:48.975-0300] {dag.py:3820} INFO - Setting next_dagrun for chapter4_print_context to 2023-12-28T00:00:00+00:00, run_after=2023-12-29T00:00:00+00:00
[2023-12-31T12:13:49.414-0300] {processor.py:183} INFO - Processing /home/felipe/airflow/dags/14_chapter4_print_context.py took 1.520 seconds
[2023-12-31T12:14:34.085-0300] {processor.py:161} INFO - Started process (PID=37453) to work on /home/felipe/airflow/dags/14_chapter4_print_context.py
[2023-12-31T12:14:34.114-0300] {processor.py:830} INFO - Processing file /home/felipe/airflow/dags/14_chapter4_print_context.py for tasks to queue
[2023-12-31T12:14:34.154-0300] {logging_mixin.py:188} INFO - [2023-12-31T12:14:34.144-0300] {dagbag.py:538} INFO - Filling up the DagBag from /home/felipe/airflow/dags/14_chapter4_print_context.py
[2023-12-31T12:14:34.605-0300] {processor.py:840} INFO - DAG(s) 'chapter4_print_context' retrieved from /home/felipe/airflow/dags/14_chapter4_print_context.py
[2023-12-31T12:14:35.364-0300] {logging_mixin.py:188} INFO - [2023-12-31T12:14:35.354-0300] {dag.py:3033} INFO - Sync 1 DAGs
[2023-12-31T12:14:36.474-0300] {logging_mixin.py:188} INFO - [2023-12-31T12:14:36.464-0300] {dag.py:3820} INFO - Setting next_dagrun for chapter4_print_context to 2023-12-28T00:00:00+00:00, run_after=2023-12-29T00:00:00+00:00
[2023-12-31T12:14:37.264-0300] {processor.py:183} INFO - Processing /home/felipe/airflow/dags/14_chapter4_print_context.py took 3.270 seconds
[2023-12-31T12:15:27.274-0300] {processor.py:161} INFO - Started process (PID=37524) to work on /home/felipe/airflow/dags/14_chapter4_print_context.py
[2023-12-31T12:15:27.294-0300] {processor.py:830} INFO - Processing file /home/felipe/airflow/dags/14_chapter4_print_context.py for tasks to queue
[2023-12-31T12:15:27.304-0300] {logging_mixin.py:188} INFO - [2023-12-31T12:15:27.304-0300] {dagbag.py:538} INFO - Filling up the DagBag from /home/felipe/airflow/dags/14_chapter4_print_context.py
[2023-12-31T12:15:27.494-0300] {processor.py:840} INFO - DAG(s) 'chapter4_print_context' retrieved from /home/felipe/airflow/dags/14_chapter4_print_context.py
[2023-12-31T12:15:27.875-0300] {logging_mixin.py:188} INFO - [2023-12-31T12:15:27.874-0300] {dag.py:3033} INFO - Sync 1 DAGs
[2023-12-31T12:15:28.214-0300] {logging_mixin.py:188} INFO - [2023-12-31T12:15:28.205-0300] {dag.py:3820} INFO - Setting next_dagrun for chapter4_print_context to 2023-12-28T00:00:00+00:00, run_after=2023-12-29T00:00:00+00:00
[2023-12-31T12:15:28.645-0300] {processor.py:183} INFO - Processing /home/felipe/airflow/dags/14_chapter4_print_context.py took 1.420 seconds
[2023-12-31T12:16:15.634-0300] {processor.py:161} INFO - Started process (PID=37584) to work on /home/felipe/airflow/dags/14_chapter4_print_context.py
[2023-12-31T12:16:15.654-0300] {processor.py:830} INFO - Processing file /home/felipe/airflow/dags/14_chapter4_print_context.py for tasks to queue
[2023-12-31T12:16:15.674-0300] {logging_mixin.py:188} INFO - [2023-12-31T12:16:15.664-0300] {dagbag.py:538} INFO - Filling up the DagBag from /home/felipe/airflow/dags/14_chapter4_print_context.py
[2023-12-31T12:16:15.904-0300] {processor.py:840} INFO - DAG(s) 'chapter4_print_context' retrieved from /home/felipe/airflow/dags/14_chapter4_print_context.py
[2023-12-31T12:16:16.364-0300] {logging_mixin.py:188} INFO - [2023-12-31T12:16:16.364-0300] {dag.py:3033} INFO - Sync 1 DAGs
[2023-12-31T12:16:16.934-0300] {logging_mixin.py:188} INFO - [2023-12-31T12:16:16.925-0300] {dag.py:3820} INFO - Setting next_dagrun for chapter4_print_context to 2023-12-28T00:00:00+00:00, run_after=2023-12-29T00:00:00+00:00
[2023-12-31T12:16:17.424-0300] {processor.py:183} INFO - Processing /home/felipe/airflow/dags/14_chapter4_print_context.py took 1.830 seconds
[2023-12-31T12:17:00.434-0300] {processor.py:161} INFO - Started process (PID=37639) to work on /home/felipe/airflow/dags/14_chapter4_print_context.py
[2023-12-31T12:17:00.455-0300] {processor.py:830} INFO - Processing file /home/felipe/airflow/dags/14_chapter4_print_context.py for tasks to queue
[2023-12-31T12:17:00.474-0300] {logging_mixin.py:188} INFO - [2023-12-31T12:17:00.465-0300] {dagbag.py:538} INFO - Filling up the DagBag from /home/felipe/airflow/dags/14_chapter4_print_context.py
[2023-12-31T12:17:00.684-0300] {processor.py:840} INFO - DAG(s) 'chapter4_print_context' retrieved from /home/felipe/airflow/dags/14_chapter4_print_context.py
[2023-12-31T12:17:01.024-0300] {logging_mixin.py:188} INFO - [2023-12-31T12:17:01.014-0300] {dag.py:3033} INFO - Sync 1 DAGs
[2023-12-31T12:17:01.455-0300] {logging_mixin.py:188} INFO - [2023-12-31T12:17:01.454-0300] {dag.py:3820} INFO - Setting next_dagrun for chapter4_print_context to 2023-12-28T00:00:00+00:00, run_after=2023-12-29T00:00:00+00:00
[2023-12-31T12:17:01.935-0300] {processor.py:183} INFO - Processing /home/felipe/airflow/dags/14_chapter4_print_context.py took 1.571 seconds
[2023-12-31T12:17:51.514-0300] {processor.py:161} INFO - Started process (PID=37710) to work on /home/felipe/airflow/dags/14_chapter4_print_context.py
[2023-12-31T12:17:51.554-0300] {processor.py:830} INFO - Processing file /home/felipe/airflow/dags/14_chapter4_print_context.py for tasks to queue
[2023-12-31T12:17:51.594-0300] {logging_mixin.py:188} INFO - [2023-12-31T12:17:51.574-0300] {dagbag.py:538} INFO - Filling up the DagBag from /home/felipe/airflow/dags/14_chapter4_print_context.py
[2023-12-31T12:17:51.875-0300] {processor.py:840} INFO - DAG(s) 'chapter4_print_context' retrieved from /home/felipe/airflow/dags/14_chapter4_print_context.py
[2023-12-31T12:17:52.334-0300] {logging_mixin.py:188} INFO - [2023-12-31T12:17:52.325-0300] {dag.py:3033} INFO - Sync 1 DAGs
[2023-12-31T12:17:52.885-0300] {logging_mixin.py:188} INFO - [2023-12-31T12:17:52.884-0300] {dag.py:3820} INFO - Setting next_dagrun for chapter4_print_context to 2023-12-28T00:00:00+00:00, run_after=2023-12-29T00:00:00+00:00
[2023-12-31T12:17:53.484-0300] {processor.py:183} INFO - Processing /home/felipe/airflow/dags/14_chapter4_print_context.py took 2.020 seconds
[2023-12-31T12:18:45.555-0300] {processor.py:161} INFO - Started process (PID=37779) to work on /home/felipe/airflow/dags/14_chapter4_print_context.py
[2023-12-31T12:18:45.584-0300] {processor.py:830} INFO - Processing file /home/felipe/airflow/dags/14_chapter4_print_context.py for tasks to queue
[2023-12-31T12:18:45.595-0300] {logging_mixin.py:188} INFO - [2023-12-31T12:18:45.594-0300] {dagbag.py:538} INFO - Filling up the DagBag from /home/felipe/airflow/dags/14_chapter4_print_context.py
[2023-12-31T12:18:45.804-0300] {processor.py:840} INFO - DAG(s) 'chapter4_print_context' retrieved from /home/felipe/airflow/dags/14_chapter4_print_context.py
[2023-12-31T12:18:46.264-0300] {logging_mixin.py:188} INFO - [2023-12-31T12:18:46.255-0300] {dag.py:3033} INFO - Sync 1 DAGs
[2023-12-31T12:18:46.714-0300] {logging_mixin.py:188} INFO - [2023-12-31T12:18:46.714-0300] {dag.py:3820} INFO - Setting next_dagrun for chapter4_print_context to 2023-12-28T00:00:00+00:00, run_after=2023-12-29T00:00:00+00:00
[2023-12-31T12:18:47.194-0300] {processor.py:183} INFO - Processing /home/felipe/airflow/dags/14_chapter4_print_context.py took 1.689 seconds
[2023-12-31T12:25:44.331-0300] {processor.py:161} INFO - Started process (PID=37955) to work on /home/felipe/airflow/dags/14_chapter4_print_context.py
[2023-12-31T12:25:44.361-0300] {processor.py:830} INFO - Processing file /home/felipe/airflow/dags/14_chapter4_print_context.py for tasks to queue
[2023-12-31T12:25:44.391-0300] {logging_mixin.py:188} INFO - [2023-12-31T12:25:44.380-0300] {dagbag.py:538} INFO - Filling up the DagBag from /home/felipe/airflow/dags/14_chapter4_print_context.py
[2023-12-31T12:25:44.751-0300] {processor.py:840} INFO - DAG(s) 'chapter4_print_context' retrieved from /home/felipe/airflow/dags/14_chapter4_print_context.py
[2023-12-31T12:25:45.501-0300] {logging_mixin.py:188} INFO - [2023-12-31T12:25:45.491-0300] {dag.py:3033} INFO - Sync 1 DAGs
[2023-12-31T12:25:46.311-0300] {logging_mixin.py:188} INFO - [2023-12-31T12:25:46.310-0300] {dag.py:3820} INFO - Setting next_dagrun for chapter4_print_context to 2023-12-28T00:00:00+00:00, run_after=2023-12-29T00:00:00+00:00
[2023-12-31T12:25:47.590-0300] {processor.py:183} INFO - Processing /home/felipe/airflow/dags/14_chapter4_print_context.py took 3.320 seconds
[2023-12-31T12:26:53.881-0300] {processor.py:161} INFO - Started process (PID=38009) to work on /home/felipe/airflow/dags/14_chapter4_print_context.py
[2023-12-31T12:26:53.901-0300] {processor.py:830} INFO - Processing file /home/felipe/airflow/dags/14_chapter4_print_context.py for tasks to queue
[2023-12-31T12:26:53.940-0300] {logging_mixin.py:188} INFO - [2023-12-31T12:26:53.930-0300] {dagbag.py:538} INFO - Filling up the DagBag from /home/felipe/airflow/dags/14_chapter4_print_context.py
[2023-12-31T12:26:54.281-0300] {processor.py:840} INFO - DAG(s) 'chapter4_print_context' retrieved from /home/felipe/airflow/dags/14_chapter4_print_context.py
[2023-12-31T12:26:54.831-0300] {logging_mixin.py:188} INFO - [2023-12-31T12:26:54.830-0300] {dag.py:3033} INFO - Sync 1 DAGs
[2023-12-31T12:26:55.361-0300] {logging_mixin.py:188} INFO - [2023-12-31T12:26:55.361-0300] {dag.py:3820} INFO - Setting next_dagrun for chapter4_print_context to 2023-12-28T00:00:00+00:00, run_after=2023-12-29T00:00:00+00:00
[2023-12-31T12:26:56.021-0300] {processor.py:183} INFO - Processing /home/felipe/airflow/dags/14_chapter4_print_context.py took 2.220 seconds
[2023-12-31T12:28:09.660-0300] {processor.py:161} INFO - Started process (PID=38086) to work on /home/felipe/airflow/dags/14_chapter4_print_context.py
[2023-12-31T12:28:09.691-0300] {processor.py:830} INFO - Processing file /home/felipe/airflow/dags/14_chapter4_print_context.py for tasks to queue
[2023-12-31T12:28:09.721-0300] {logging_mixin.py:188} INFO - [2023-12-31T12:28:09.711-0300] {dagbag.py:538} INFO - Filling up the DagBag from /home/felipe/airflow/dags/14_chapter4_print_context.py
[2023-12-31T12:28:10.121-0300] {processor.py:840} INFO - DAG(s) 'chapter4_print_context' retrieved from /home/felipe/airflow/dags/14_chapter4_print_context.py
[2023-12-31T12:28:10.600-0300] {logging_mixin.py:188} INFO - [2023-12-31T12:28:10.591-0300] {dag.py:3033} INFO - Sync 1 DAGs
[2023-12-31T12:28:11.301-0300] {logging_mixin.py:188} INFO - [2023-12-31T12:28:11.301-0300] {dag.py:3820} INFO - Setting next_dagrun for chapter4_print_context to 2023-12-28T00:00:00+00:00, run_after=2023-12-29T00:00:00+00:00
[2023-12-31T12:28:11.921-0300] {processor.py:183} INFO - Processing /home/felipe/airflow/dags/14_chapter4_print_context.py took 2.329 seconds
[2023-12-31T12:29:15.101-0300] {processor.py:161} INFO - Started process (PID=38133) to work on /home/felipe/airflow/dags/14_chapter4_print_context.py
[2023-12-31T12:29:15.130-0300] {processor.py:830} INFO - Processing file /home/felipe/airflow/dags/14_chapter4_print_context.py for tasks to queue
[2023-12-31T12:29:15.160-0300] {logging_mixin.py:188} INFO - [2023-12-31T12:29:15.141-0300] {dagbag.py:538} INFO - Filling up the DagBag from /home/felipe/airflow/dags/14_chapter4_print_context.py
[2023-12-31T12:29:15.481-0300] {processor.py:840} INFO - DAG(s) 'chapter4_print_context' retrieved from /home/felipe/airflow/dags/14_chapter4_print_context.py
[2023-12-31T12:29:16.030-0300] {logging_mixin.py:188} INFO - [2023-12-31T12:29:16.021-0300] {dag.py:3033} INFO - Sync 1 DAGs
[2023-12-31T12:29:16.651-0300] {logging_mixin.py:188} INFO - [2023-12-31T12:29:16.650-0300] {dag.py:3820} INFO - Setting next_dagrun for chapter4_print_context to 2023-12-28T00:00:00+00:00, run_after=2023-12-29T00:00:00+00:00
[2023-12-31T12:29:17.220-0300] {processor.py:183} INFO - Processing /home/felipe/airflow/dags/14_chapter4_print_context.py took 2.180 seconds
[2023-12-31T12:30:31.431-0300] {processor.py:161} INFO - Started process (PID=38216) to work on /home/felipe/airflow/dags/14_chapter4_print_context.py
[2023-12-31T12:30:31.461-0300] {processor.py:830} INFO - Processing file /home/felipe/airflow/dags/14_chapter4_print_context.py for tasks to queue
[2023-12-31T12:30:31.481-0300] {logging_mixin.py:188} INFO - [2023-12-31T12:30:31.480-0300] {dagbag.py:538} INFO - Filling up the DagBag from /home/felipe/airflow/dags/14_chapter4_print_context.py
[2023-12-31T12:30:31.781-0300] {processor.py:840} INFO - DAG(s) 'chapter4_print_context' retrieved from /home/felipe/airflow/dags/14_chapter4_print_context.py
[2023-12-31T12:30:32.281-0300] {logging_mixin.py:188} INFO - [2023-12-31T12:30:32.280-0300] {dag.py:3033} INFO - Sync 1 DAGs
[2023-12-31T12:30:32.820-0300] {logging_mixin.py:188} INFO - [2023-12-31T12:30:32.811-0300] {dag.py:3820} INFO - Setting next_dagrun for chapter4_print_context to 2023-12-28T00:00:00+00:00, run_after=2023-12-29T00:00:00+00:00
[2023-12-31T12:30:33.370-0300] {processor.py:183} INFO - Processing /home/felipe/airflow/dags/14_chapter4_print_context.py took 2.019 seconds
[2023-12-31T12:31:48.431-0300] {processor.py:161} INFO - Started process (PID=38264) to work on /home/felipe/airflow/dags/14_chapter4_print_context.py
[2023-12-31T12:31:48.451-0300] {processor.py:830} INFO - Processing file /home/felipe/airflow/dags/14_chapter4_print_context.py for tasks to queue
[2023-12-31T12:31:48.471-0300] {logging_mixin.py:188} INFO - [2023-12-31T12:31:48.470-0300] {dagbag.py:538} INFO - Filling up the DagBag from /home/felipe/airflow/dags/14_chapter4_print_context.py
[2023-12-31T12:31:48.811-0300] {processor.py:840} INFO - DAG(s) 'chapter4_print_context' retrieved from /home/felipe/airflow/dags/14_chapter4_print_context.py
[2023-12-31T12:31:49.490-0300] {logging_mixin.py:188} INFO - [2023-12-31T12:31:49.481-0300] {dag.py:3033} INFO - Sync 1 DAGs
[2023-12-31T12:31:50.060-0300] {logging_mixin.py:188} INFO - [2023-12-31T12:31:50.050-0300] {dag.py:3820} INFO - Setting next_dagrun for chapter4_print_context to 2023-12-28T00:00:00+00:00, run_after=2023-12-29T00:00:00+00:00
[2023-12-31T12:31:50.711-0300] {processor.py:183} INFO - Processing /home/felipe/airflow/dags/14_chapter4_print_context.py took 2.340 seconds
[2023-12-31T12:33:13.430-0300] {processor.py:161} INFO - Started process (PID=38318) to work on /home/felipe/airflow/dags/14_chapter4_print_context.py
[2023-12-31T12:33:13.451-0300] {processor.py:830} INFO - Processing file /home/felipe/airflow/dags/14_chapter4_print_context.py for tasks to queue
[2023-12-31T12:33:13.480-0300] {logging_mixin.py:188} INFO - [2023-12-31T12:33:13.461-0300] {dagbag.py:538} INFO - Filling up the DagBag from /home/felipe/airflow/dags/14_chapter4_print_context.py
[2023-12-31T12:33:13.811-0300] {processor.py:840} INFO - DAG(s) 'chapter4_print_context' retrieved from /home/felipe/airflow/dags/14_chapter4_print_context.py
[2023-12-31T12:33:14.490-0300] {logging_mixin.py:188} INFO - [2023-12-31T12:33:14.480-0300] {dag.py:3033} INFO - Sync 1 DAGs
[2023-12-31T12:33:15.261-0300] {logging_mixin.py:188} INFO - [2023-12-31T12:33:15.260-0300] {dag.py:3820} INFO - Setting next_dagrun for chapter4_print_context to 2023-12-28T00:00:00+00:00, run_after=2023-12-29T00:00:00+00:00
[2023-12-31T12:33:16.030-0300] {processor.py:183} INFO - Processing /home/felipe/airflow/dags/14_chapter4_print_context.py took 2.680 seconds
[2023-12-31T12:34:40.231-0300] {processor.py:161} INFO - Started process (PID=38374) to work on /home/felipe/airflow/dags/14_chapter4_print_context.py
[2023-12-31T12:34:40.251-0300] {processor.py:830} INFO - Processing file /home/felipe/airflow/dags/14_chapter4_print_context.py for tasks to queue
[2023-12-31T12:34:40.290-0300] {logging_mixin.py:188} INFO - [2023-12-31T12:34:40.271-0300] {dagbag.py:538} INFO - Filling up the DagBag from /home/felipe/airflow/dags/14_chapter4_print_context.py
[2023-12-31T12:34:40.671-0300] {processor.py:840} INFO - DAG(s) 'chapter4_print_context' retrieved from /home/felipe/airflow/dags/14_chapter4_print_context.py
[2023-12-31T12:34:41.381-0300] {logging_mixin.py:188} INFO - [2023-12-31T12:34:41.371-0300] {dag.py:3033} INFO - Sync 1 DAGs
[2023-12-31T12:34:42.131-0300] {logging_mixin.py:188} INFO - [2023-12-31T12:34:42.121-0300] {dag.py:3820} INFO - Setting next_dagrun for chapter4_print_context to 2023-12-28T00:00:00+00:00, run_after=2023-12-29T00:00:00+00:00
[2023-12-31T12:34:42.981-0300] {processor.py:183} INFO - Processing /home/felipe/airflow/dags/14_chapter4_print_context.py took 2.840 seconds
[2023-12-31T12:36:28.530-0300] {processor.py:161} INFO - Started process (PID=38463) to work on /home/felipe/airflow/dags/14_chapter4_print_context.py
[2023-12-31T12:36:28.551-0300] {processor.py:830} INFO - Processing file /home/felipe/airflow/dags/14_chapter4_print_context.py for tasks to queue
[2023-12-31T12:36:28.590-0300] {logging_mixin.py:188} INFO - [2023-12-31T12:36:28.571-0300] {dagbag.py:538} INFO - Filling up the DagBag from /home/felipe/airflow/dags/14_chapter4_print_context.py
[2023-12-31T12:36:29.020-0300] {processor.py:840} INFO - DAG(s) 'chapter4_print_context' retrieved from /home/felipe/airflow/dags/14_chapter4_print_context.py
[2023-12-31T12:36:29.820-0300] {logging_mixin.py:188} INFO - [2023-12-31T12:36:29.810-0300] {dag.py:3033} INFO - Sync 1 DAGs
[2023-12-31T12:36:30.630-0300] {logging_mixin.py:188} INFO - [2023-12-31T12:36:30.621-0300] {dag.py:3820} INFO - Setting next_dagrun for chapter4_print_context to 2023-12-28T00:00:00+00:00, run_after=2023-12-29T00:00:00+00:00
[2023-12-31T12:36:31.510-0300] {processor.py:183} INFO - Processing /home/felipe/airflow/dags/14_chapter4_print_context.py took 3.060 seconds
[2023-12-31T12:46:01.388-0300] {processor.py:161} INFO - Started process (PID=38700) to work on /home/felipe/airflow/dags/14_chapter4_print_context.py
[2023-12-31T12:46:01.438-0300] {processor.py:830} INFO - Processing file /home/felipe/airflow/dags/14_chapter4_print_context.py for tasks to queue
[2023-12-31T12:46:01.517-0300] {logging_mixin.py:188} INFO - [2023-12-31T12:46:01.488-0300] {dagbag.py:538} INFO - Filling up the DagBag from /home/felipe/airflow/dags/14_chapter4_print_context.py
[2023-12-31T12:46:02.538-0300] {processor.py:840} INFO - DAG(s) 'chapter4_print_context' retrieved from /home/felipe/airflow/dags/14_chapter4_print_context.py
[2023-12-31T12:46:04.438-0300] {logging_mixin.py:188} INFO - [2023-12-31T12:46:04.418-0300] {dag.py:3033} INFO - Sync 1 DAGs
[2023-12-31T12:46:06.658-0300] {logging_mixin.py:188} INFO - [2023-12-31T12:46:06.637-0300] {dag.py:3820} INFO - Setting next_dagrun for chapter4_print_context to 2023-12-28T00:00:00+00:00, run_after=2023-12-29T00:00:00+00:00
[2023-12-31T12:46:08.518-0300] {processor.py:183} INFO - Processing /home/felipe/airflow/dags/14_chapter4_print_context.py took 7.290 seconds
[2023-12-31T12:48:20.798-0300] {processor.py:161} INFO - Started process (PID=38794) to work on /home/felipe/airflow/dags/14_chapter4_print_context.py
[2023-12-31T12:48:20.858-0300] {processor.py:830} INFO - Processing file /home/felipe/airflow/dags/14_chapter4_print_context.py for tasks to queue
[2023-12-31T12:48:20.938-0300] {logging_mixin.py:188} INFO - [2023-12-31T12:48:20.907-0300] {dagbag.py:538} INFO - Filling up the DagBag from /home/felipe/airflow/dags/14_chapter4_print_context.py
[2023-12-31T12:48:21.857-0300] {processor.py:840} INFO - DAG(s) 'chapter4_print_context' retrieved from /home/felipe/airflow/dags/14_chapter4_print_context.py
[2023-12-31T12:48:23.468-0300] {logging_mixin.py:188} INFO - [2023-12-31T12:48:23.448-0300] {dag.py:3033} INFO - Sync 1 DAGs
[2023-12-31T12:48:26.188-0300] {logging_mixin.py:188} INFO - [2023-12-31T12:48:26.157-0300] {dag.py:3820} INFO - Setting next_dagrun for chapter4_print_context to 2023-12-28T00:00:00+00:00, run_after=2023-12-29T00:00:00+00:00
[2023-12-31T12:48:28.458-0300] {processor.py:183} INFO - Processing /home/felipe/airflow/dags/14_chapter4_print_context.py took 7.870 seconds
[2023-12-31T12:52:24.338-0300] {processor.py:161} INFO - Started process (PID=38898) to work on /home/felipe/airflow/dags/14_chapter4_print_context.py
[2023-12-31T12:52:24.548-0300] {processor.py:830} INFO - Processing file /home/felipe/airflow/dags/14_chapter4_print_context.py for tasks to queue
[2023-12-31T12:52:24.777-0300] {logging_mixin.py:188} INFO - [2023-12-31T12:52:24.707-0300] {dagbag.py:538} INFO - Filling up the DagBag from /home/felipe/airflow/dags/14_chapter4_print_context.py
[2023-12-31T12:52:27.948-0300] {processor.py:840} INFO - DAG(s) 'chapter4_print_context' retrieved from /home/felipe/airflow/dags/14_chapter4_print_context.py
[2023-12-31T12:52:34.057-0300] {logging_mixin.py:188} INFO - [2023-12-31T12:52:33.997-0300] {dag.py:3033} INFO - Sync 1 DAGs
[2023-12-31T12:52:44.418-0300] {logging_mixin.py:188} INFO - [2023-12-31T12:52:44.377-0300] {dag.py:3820} INFO - Setting next_dagrun for chapter4_print_context to 2023-12-28T00:00:00+00:00, run_after=2023-12-29T00:00:00+00:00
[2023-12-31T12:52:48.887-0300] {processor.py:183} INFO - Processing /home/felipe/airflow/dags/14_chapter4_print_context.py took 25.310 seconds
