[2023-12-31T09:31:31.187-0300] {processor.py:161} INFO - Started process (PID=31620) to work on /home/felipe/airflow/dags/16_provide_template.py
[2023-12-31T09:31:31.188-0300] {processor.py:830} INFO - Processing file /home/felipe/airflow/dags/16_provide_template.py for tasks to queue
[2023-12-31T09:31:31.189-0300] {logging_mixin.py:188} INFO - [2023-12-31T09:31:31.189-0300] {dagbag.py:538} INFO - Filling up the DagBag from /home/felipe/airflow/dags/16_provide_template.py
[2023-12-31T09:31:31.226-0300] {processor.py:840} INFO - DAG(s) 'stocksense' retrieved from /home/felipe/airflow/dags/16_provide_template.py
[2023-12-31T09:31:31.860-0300] {logging_mixin.py:188} INFO - [2023-12-31T09:31:31.859-0300] {dag.py:3033} INFO - Sync 1 DAGs
[2023-12-31T09:31:31.921-0300] {logging_mixin.py:188} INFO - [2023-12-31T09:31:31.920-0300] {dag.py:3820} INFO - Setting next_dagrun for stocksense to 2023-12-30T00:00:00+00:00, run_after=2023-12-30T01:00:00+00:00
[2023-12-31T09:31:32.020-0300] {processor.py:183} INFO - Processing /home/felipe/airflow/dags/16_provide_template.py took 0.842 seconds
[2023-12-31T09:34:36.699-0300] {processor.py:161} INFO - Started process (PID=31753) to work on /home/felipe/airflow/dags/16_provide_template.py
[2023-12-31T09:34:36.707-0300] {processor.py:830} INFO - Processing file /home/felipe/airflow/dags/16_provide_template.py for tasks to queue
[2023-12-31T09:34:36.709-0300] {logging_mixin.py:188} INFO - [2023-12-31T09:34:36.709-0300] {dagbag.py:538} INFO - Filling up the DagBag from /home/felipe/airflow/dags/16_provide_template.py
[2023-12-31T09:34:36.730-0300] {processor.py:840} INFO - DAG(s) 'stocksense' retrieved from /home/felipe/airflow/dags/16_provide_template.py
[2023-12-31T09:34:37.141-0300] {logging_mixin.py:188} INFO - [2023-12-31T09:34:37.140-0300] {dag.py:3033} INFO - Sync 1 DAGs
[2023-12-31T09:34:37.216-0300] {logging_mixin.py:188} INFO - [2023-12-31T09:34:37.211-0300] {dag.py:3820} INFO - Setting next_dagrun for stocksense to 2023-12-30T00:00:00+00:00, run_after=2023-12-30T01:00:00+00:00
[2023-12-31T09:34:37.298-0300] {processor.py:183} INFO - Processing /home/felipe/airflow/dags/16_provide_template.py took 0.609 seconds
[2023-12-31T09:38:10.987-0300] {processor.py:161} INFO - Started process (PID=32148) to work on /home/felipe/airflow/dags/16_provide_template.py
[2023-12-31T09:38:10.989-0300] {processor.py:830} INFO - Processing file /home/felipe/airflow/dags/16_provide_template.py for tasks to queue
[2023-12-31T09:38:10.997-0300] {logging_mixin.py:188} INFO - [2023-12-31T09:38:10.990-0300] {dagbag.py:538} INFO - Filling up the DagBag from /home/felipe/airflow/dags/16_provide_template.py
[2023-12-31T09:38:11.018-0300] {processor.py:840} INFO - DAG(s) 'stocksense' retrieved from /home/felipe/airflow/dags/16_provide_template.py
[2023-12-31T09:38:11.081-0300] {logging_mixin.py:188} INFO - [2023-12-31T09:38:11.080-0300] {dag.py:3033} INFO - Sync 1 DAGs
[2023-12-31T09:38:11.179-0300] {logging_mixin.py:188} INFO - [2023-12-31T09:38:11.179-0300] {dag.py:3820} INFO - Setting next_dagrun for stocksense to 2023-12-30T00:00:00+00:00, run_after=2023-12-30T01:00:00+00:00
[2023-12-31T09:38:11.297-0300] {processor.py:183} INFO - Processing /home/felipe/airflow/dags/16_provide_template.py took 0.327 seconds
[2023-12-31T09:39:43.759-0300] {processor.py:161} INFO - Started process (PID=32241) to work on /home/felipe/airflow/dags/16_provide_template.py
[2023-12-31T09:39:43.767-0300] {processor.py:830} INFO - Processing file /home/felipe/airflow/dags/16_provide_template.py for tasks to queue
[2023-12-31T09:39:43.770-0300] {logging_mixin.py:188} INFO - [2023-12-31T09:39:43.769-0300] {dagbag.py:538} INFO - Filling up the DagBag from /home/felipe/airflow/dags/16_provide_template.py
[2023-12-31T09:39:43.808-0300] {processor.py:840} INFO - DAG(s) 'stocksense' retrieved from /home/felipe/airflow/dags/16_provide_template.py
[2023-12-31T09:39:44.458-0300] {logging_mixin.py:188} INFO - [2023-12-31T09:39:44.458-0300] {dag.py:3033} INFO - Sync 1 DAGs
[2023-12-31T09:39:44.577-0300] {logging_mixin.py:188} INFO - [2023-12-31T09:39:44.576-0300] {dag.py:3820} INFO - Setting next_dagrun for stocksense to 2023-12-30T00:00:00+00:00, run_after=2023-12-30T01:00:00+00:00
[2023-12-31T09:39:44.697-0300] {processor.py:183} INFO - Processing /home/felipe/airflow/dags/16_provide_template.py took 0.959 seconds
[2023-12-31T09:51:08.227-0300] {processor.py:161} INFO - Started process (PID=32701) to work on /home/felipe/airflow/dags/16_provide_template.py
[2023-12-31T09:51:08.248-0300] {processor.py:830} INFO - Processing file /home/felipe/airflow/dags/16_provide_template.py for tasks to queue
[2023-12-31T09:51:08.260-0300] {logging_mixin.py:188} INFO - [2023-12-31T09:51:08.258-0300] {dagbag.py:538} INFO - Filling up the DagBag from /home/felipe/airflow/dags/16_provide_template.py
[2023-12-31T09:51:08.450-0300] {processor.py:840} INFO - DAG(s) 'stocksense' retrieved from /home/felipe/airflow/dags/16_provide_template.py
[2023-12-31T09:51:14.699-0300] {logging_mixin.py:188} INFO - [2023-12-31T09:51:14.697-0300] {dag.py:3033} INFO - Sync 1 DAGs
[2023-12-31T09:51:15.357-0300] {logging_mixin.py:188} INFO - [2023-12-31T09:51:15.349-0300] {dag.py:3820} INFO - Setting next_dagrun for stocksense to 2023-12-30T00:00:00+00:00, run_after=2023-12-30T01:00:00+00:00
[2023-12-31T09:51:15.969-0300] {processor.py:183} INFO - Processing /home/felipe/airflow/dags/16_provide_template.py took 7.799 seconds
[2023-12-31T09:54:59.947-0300] {processor.py:161} INFO - Started process (PID=32908) to work on /home/felipe/airflow/dags/16_provide_template.py
[2023-12-31T09:54:59.950-0300] {processor.py:830} INFO - Processing file /home/felipe/airflow/dags/16_provide_template.py for tasks to queue
[2023-12-31T09:54:59.959-0300] {logging_mixin.py:188} INFO - [2023-12-31T09:54:59.958-0300] {dagbag.py:538} INFO - Filling up the DagBag from /home/felipe/airflow/dags/16_provide_template.py
[2023-12-31T09:55:00.040-0300] {processor.py:840} INFO - DAG(s) 'stocksense' retrieved from /home/felipe/airflow/dags/16_provide_template.py
[2023-12-31T09:55:00.169-0300] {logging_mixin.py:188} INFO - [2023-12-31T09:55:00.169-0300] {dag.py:3033} INFO - Sync 1 DAGs
[2023-12-31T09:55:00.359-0300] {logging_mixin.py:188} INFO - [2023-12-31T09:55:00.358-0300] {dag.py:3820} INFO - Setting next_dagrun for stocksense to 2023-12-30T00:00:00+00:00, run_after=2023-12-30T01:00:00+00:00
[2023-12-31T09:55:00.567-0300] {processor.py:183} INFO - Processing /home/felipe/airflow/dags/16_provide_template.py took 0.639 seconds
[2023-12-31T09:59:39.476-0300] {processor.py:161} INFO - Started process (PID=33121) to work on /home/felipe/airflow/dags/16_provide_template.py
[2023-12-31T09:59:39.478-0300] {processor.py:830} INFO - Processing file /home/felipe/airflow/dags/16_provide_template.py for tasks to queue
[2023-12-31T09:59:39.487-0300] {logging_mixin.py:188} INFO - [2023-12-31T09:59:39.480-0300] {dagbag.py:538} INFO - Filling up the DagBag from /home/felipe/airflow/dags/16_provide_template.py
[2023-12-31T09:59:39.519-0300] {processor.py:840} INFO - DAG(s) 'stocksense' retrieved from /home/felipe/airflow/dags/16_provide_template.py
[2023-12-31T09:59:40.050-0300] {logging_mixin.py:188} INFO - [2023-12-31T09:59:40.049-0300] {dag.py:3033} INFO - Sync 1 DAGs
[2023-12-31T09:59:40.148-0300] {logging_mixin.py:188} INFO - [2023-12-31T09:59:40.148-0300] {dag.py:3820} INFO - Setting next_dagrun for stocksense to 2023-12-30T00:00:00+00:00, run_after=2023-12-30T01:00:00+00:00
[2023-12-31T09:59:40.317-0300] {processor.py:183} INFO - Processing /home/felipe/airflow/dags/16_provide_template.py took 0.858 seconds
[2023-12-31T10:01:06.387-0300] {processor.py:161} INFO - Started process (PID=33228) to work on /home/felipe/airflow/dags/16_provide_template.py
[2023-12-31T10:01:06.389-0300] {processor.py:830} INFO - Processing file /home/felipe/airflow/dags/16_provide_template.py for tasks to queue
[2023-12-31T10:01:06.398-0300] {logging_mixin.py:188} INFO - [2023-12-31T10:01:06.397-0300] {dagbag.py:538} INFO - Filling up the DagBag from /home/felipe/airflow/dags/16_provide_template.py
[2023-12-31T10:01:06.449-0300] {processor.py:840} INFO - DAG(s) 'stocksense' retrieved from /home/felipe/airflow/dags/16_provide_template.py
[2023-12-31T10:01:06.548-0300] {logging_mixin.py:188} INFO - [2023-12-31T10:01:06.548-0300] {dag.py:3033} INFO - Sync 1 DAGs
[2023-12-31T10:01:06.670-0300] {logging_mixin.py:188} INFO - [2023-12-31T10:01:06.669-0300] {dag.py:3820} INFO - Setting next_dagrun for stocksense to 2023-12-30T00:00:00+00:00, run_after=2023-12-30T01:00:00+00:00
[2023-12-31T10:01:06.800-0300] {processor.py:183} INFO - Processing /home/felipe/airflow/dags/16_provide_template.py took 0.431 seconds
[2023-12-31T10:02:15.648-0300] {processor.py:161} INFO - Started process (PID=33328) to work on /home/felipe/airflow/dags/16_provide_template.py
[2023-12-31T10:02:15.657-0300] {processor.py:830} INFO - Processing file /home/felipe/airflow/dags/16_provide_template.py for tasks to queue
[2023-12-31T10:02:15.659-0300] {logging_mixin.py:188} INFO - [2023-12-31T10:02:15.658-0300] {dagbag.py:538} INFO - Filling up the DagBag from /home/felipe/airflow/dags/16_provide_template.py
[2023-12-31T10:02:15.698-0300] {processor.py:840} INFO - DAG(s) 'stocksense' retrieved from /home/felipe/airflow/dags/16_provide_template.py
[2023-12-31T10:02:16.169-0300] {logging_mixin.py:188} INFO - [2023-12-31T10:02:16.169-0300] {dag.py:3033} INFO - Sync 1 DAGs
[2023-12-31T10:02:16.267-0300] {logging_mixin.py:188} INFO - [2023-12-31T10:02:16.266-0300] {dag.py:3820} INFO - Setting next_dagrun for stocksense to 2023-12-30T00:00:00+00:00, run_after=2023-12-30T01:00:00+00:00
[2023-12-31T10:02:16.389-0300] {processor.py:183} INFO - Processing /home/felipe/airflow/dags/16_provide_template.py took 0.752 seconds
[2023-12-31T10:03:20.560-0300] {processor.py:161} INFO - Started process (PID=33392) to work on /home/felipe/airflow/dags/16_provide_template.py
[2023-12-31T10:03:20.568-0300] {processor.py:830} INFO - Processing file /home/felipe/airflow/dags/16_provide_template.py for tasks to queue
[2023-12-31T10:03:20.570-0300] {logging_mixin.py:188} INFO - [2023-12-31T10:03:20.569-0300] {dagbag.py:538} INFO - Filling up the DagBag from /home/felipe/airflow/dags/16_provide_template.py
[2023-12-31T10:03:20.608-0300] {processor.py:840} INFO - DAG(s) 'stocksense' retrieved from /home/felipe/airflow/dags/16_provide_template.py
[2023-12-31T10:03:20.678-0300] {logging_mixin.py:188} INFO - [2023-12-31T10:03:20.678-0300] {dag.py:3033} INFO - Sync 1 DAGs
[2023-12-31T10:03:20.789-0300] {logging_mixin.py:188} INFO - [2023-12-31T10:03:20.789-0300] {dag.py:3820} INFO - Setting next_dagrun for stocksense to 2023-12-30T00:00:00+00:00, run_after=2023-12-30T01:00:00+00:00
[2023-12-31T10:03:20.916-0300] {processor.py:183} INFO - Processing /home/felipe/airflow/dags/16_provide_template.py took 0.367 seconds
[2023-12-31T10:04:31.408-0300] {processor.py:161} INFO - Started process (PID=33474) to work on /home/felipe/airflow/dags/16_provide_template.py
[2023-12-31T10:04:31.417-0300] {processor.py:830} INFO - Processing file /home/felipe/airflow/dags/16_provide_template.py for tasks to queue
[2023-12-31T10:04:31.418-0300] {logging_mixin.py:188} INFO - [2023-12-31T10:04:31.418-0300] {dagbag.py:538} INFO - Filling up the DagBag from /home/felipe/airflow/dags/16_provide_template.py
[2023-12-31T10:04:31.458-0300] {processor.py:840} INFO - DAG(s) 'stocksense' retrieved from /home/felipe/airflow/dags/16_provide_template.py
[2023-12-31T10:04:31.929-0300] {logging_mixin.py:188} INFO - [2023-12-31T10:04:31.929-0300] {dag.py:3033} INFO - Sync 1 DAGs
[2023-12-31T10:04:32.047-0300] {logging_mixin.py:188} INFO - [2023-12-31T10:04:32.046-0300] {dag.py:3820} INFO - Setting next_dagrun for stocksense to 2023-12-30T00:00:00+00:00, run_after=2023-12-30T01:00:00+00:00
[2023-12-31T10:04:32.169-0300] {processor.py:183} INFO - Processing /home/felipe/airflow/dags/16_provide_template.py took 0.772 seconds
[2023-12-31T10:05:42.447-0300] {processor.py:161} INFO - Started process (PID=33557) to work on /home/felipe/airflow/dags/16_provide_template.py
[2023-12-31T10:05:42.456-0300] {processor.py:830} INFO - Processing file /home/felipe/airflow/dags/16_provide_template.py for tasks to queue
[2023-12-31T10:05:42.458-0300] {logging_mixin.py:188} INFO - [2023-12-31T10:05:42.457-0300] {dagbag.py:538} INFO - Filling up the DagBag from /home/felipe/airflow/dags/16_provide_template.py
[2023-12-31T10:05:42.499-0300] {processor.py:840} INFO - DAG(s) 'stocksense' retrieved from /home/felipe/airflow/dags/16_provide_template.py
[2023-12-31T10:05:42.578-0300] {logging_mixin.py:188} INFO - [2023-12-31T10:05:42.578-0300] {dag.py:3033} INFO - Sync 1 DAGs
[2023-12-31T10:05:42.709-0300] {logging_mixin.py:188} INFO - [2023-12-31T10:05:42.708-0300] {dag.py:3820} INFO - Setting next_dagrun for stocksense to 2023-12-30T00:00:00+00:00, run_after=2023-12-30T01:00:00+00:00
[2023-12-31T10:05:42.837-0300] {processor.py:183} INFO - Processing /home/felipe/airflow/dags/16_provide_template.py took 0.408 seconds
[2023-12-31T10:06:52.998-0300] {processor.py:161} INFO - Started process (PID=33669) to work on /home/felipe/airflow/dags/16_provide_template.py
[2023-12-31T10:06:53.006-0300] {processor.py:830} INFO - Processing file /home/felipe/airflow/dags/16_provide_template.py for tasks to queue
[2023-12-31T10:06:53.008-0300] {logging_mixin.py:188} INFO - [2023-12-31T10:06:53.007-0300] {dagbag.py:538} INFO - Filling up the DagBag from /home/felipe/airflow/dags/16_provide_template.py
[2023-12-31T10:06:53.057-0300] {processor.py:840} INFO - DAG(s) 'stocksense' retrieved from /home/felipe/airflow/dags/16_provide_template.py
[2023-12-31T10:06:53.547-0300] {logging_mixin.py:188} INFO - [2023-12-31T10:06:53.546-0300] {dag.py:3033} INFO - Sync 1 DAGs
[2023-12-31T10:06:53.639-0300] {logging_mixin.py:188} INFO - [2023-12-31T10:06:53.639-0300] {dag.py:3820} INFO - Setting next_dagrun for stocksense to 2023-12-30T00:00:00+00:00, run_after=2023-12-30T01:00:00+00:00
[2023-12-31T10:06:53.808-0300] {processor.py:183} INFO - Processing /home/felipe/airflow/dags/16_provide_template.py took 0.821 seconds
[2023-12-31T10:08:05.168-0300] {processor.py:161} INFO - Started process (PID=33747) to work on /home/felipe/airflow/dags/16_provide_template.py
[2023-12-31T10:08:05.177-0300] {processor.py:830} INFO - Processing file /home/felipe/airflow/dags/16_provide_template.py for tasks to queue
[2023-12-31T10:08:05.178-0300] {logging_mixin.py:188} INFO - [2023-12-31T10:08:05.178-0300] {dagbag.py:538} INFO - Filling up the DagBag from /home/felipe/airflow/dags/16_provide_template.py
[2023-12-31T10:08:05.218-0300] {processor.py:840} INFO - DAG(s) 'stocksense' retrieved from /home/felipe/airflow/dags/16_provide_template.py
[2023-12-31T10:08:05.287-0300] {logging_mixin.py:188} INFO - [2023-12-31T10:08:05.287-0300] {dag.py:3033} INFO - Sync 1 DAGs
[2023-12-31T10:08:05.399-0300] {logging_mixin.py:188} INFO - [2023-12-31T10:08:05.398-0300] {dag.py:3820} INFO - Setting next_dagrun for stocksense to 2023-12-30T00:00:00+00:00, run_after=2023-12-30T01:00:00+00:00
[2023-12-31T10:08:05.529-0300] {processor.py:183} INFO - Processing /home/felipe/airflow/dags/16_provide_template.py took 0.372 seconds
[2023-12-31T11:28:27.937-0300] {processor.py:161} INFO - Started process (PID=33930) to work on /home/felipe/airflow/dags/16_provide_template.py
[2023-12-31T11:28:27.955-0300] {processor.py:830} INFO - Processing file /home/felipe/airflow/dags/16_provide_template.py for tasks to queue
[2023-12-31T11:28:27.964-0300] {logging_mixin.py:188} INFO - [2023-12-31T11:28:27.957-0300] {dagbag.py:538} INFO - Filling up the DagBag from /home/felipe/airflow/dags/16_provide_template.py
[2023-12-31T11:28:28.084-0300] {processor.py:840} INFO - DAG(s) 'stocksense' retrieved from /home/felipe/airflow/dags/16_provide_template.py
[2023-12-31T11:28:29.705-0300] {logging_mixin.py:188} INFO - [2023-12-31T11:28:29.704-0300] {dag.py:3033} INFO - Sync 1 DAGs
[2023-12-31T11:28:29.936-0300] {logging_mixin.py:188} INFO - [2023-12-31T11:28:29.936-0300] {dag.py:3820} INFO - Setting next_dagrun for stocksense to 2023-12-30T00:00:00+00:00, run_after=2023-12-30T01:00:00+00:00
[2023-12-31T11:28:30.206-0300] {processor.py:183} INFO - Processing /home/felipe/airflow/dags/16_provide_template.py took 2.300 seconds
[2023-12-31T11:30:29.657-0300] {processor.py:161} INFO - Started process (PID=34197) to work on /home/felipe/airflow/dags/16_provide_template.py
[2023-12-31T11:30:29.695-0300] {processor.py:830} INFO - Processing file /home/felipe/airflow/dags/16_provide_template.py for tasks to queue
[2023-12-31T11:30:29.697-0300] {logging_mixin.py:188} INFO - [2023-12-31T11:30:29.696-0300] {dagbag.py:538} INFO - Filling up the DagBag from /home/felipe/airflow/dags/16_provide_template.py
[2023-12-31T11:30:29.745-0300] {processor.py:840} INFO - DAG(s) 'stocksense' retrieved from /home/felipe/airflow/dags/16_provide_template.py
[2023-12-31T11:30:29.826-0300] {logging_mixin.py:188} INFO - [2023-12-31T11:30:29.825-0300] {dag.py:3033} INFO - Sync 1 DAGs
[2023-12-31T11:30:29.974-0300] {logging_mixin.py:188} INFO - [2023-12-31T11:30:29.966-0300] {dag.py:3820} INFO - Setting next_dagrun for stocksense to 2023-12-30T00:00:00+00:00, run_after=2023-12-30T01:00:00+00:00
[2023-12-31T11:30:30.174-0300] {processor.py:183} INFO - Processing /home/felipe/airflow/dags/16_provide_template.py took 0.528 seconds
[2023-12-31T11:32:00.865-0300] {processor.py:161} INFO - Started process (PID=34317) to work on /home/felipe/airflow/dags/16_provide_template.py
[2023-12-31T11:32:00.874-0300] {processor.py:830} INFO - Processing file /home/felipe/airflow/dags/16_provide_template.py for tasks to queue
[2023-12-31T11:32:00.876-0300] {logging_mixin.py:188} INFO - [2023-12-31T11:32:00.875-0300] {dagbag.py:538} INFO - Filling up the DagBag from /home/felipe/airflow/dags/16_provide_template.py
[2023-12-31T11:32:00.925-0300] {processor.py:840} INFO - DAG(s) 'stocksense' retrieved from /home/felipe/airflow/dags/16_provide_template.py
[2023-12-31T11:32:01.565-0300] {logging_mixin.py:188} INFO - [2023-12-31T11:32:01.564-0300] {dag.py:3033} INFO - Sync 1 DAGs
[2023-12-31T11:32:01.685-0300] {logging_mixin.py:188} INFO - [2023-12-31T11:32:01.685-0300] {dag.py:3820} INFO - Setting next_dagrun for stocksense to 2023-12-30T00:00:00+00:00, run_after=2023-12-30T01:00:00+00:00
[2023-12-31T11:32:01.854-0300] {processor.py:183} INFO - Processing /home/felipe/airflow/dags/16_provide_template.py took 1.000 seconds
[2023-12-31T11:33:29.577-0300] {processor.py:161} INFO - Started process (PID=34415) to work on /home/felipe/airflow/dags/16_provide_template.py
[2023-12-31T11:33:29.594-0300] {processor.py:830} INFO - Processing file /home/felipe/airflow/dags/16_provide_template.py for tasks to queue
[2023-12-31T11:33:29.597-0300] {logging_mixin.py:188} INFO - [2023-12-31T11:33:29.596-0300] {dagbag.py:538} INFO - Filling up the DagBag from /home/felipe/airflow/dags/16_provide_template.py
[2023-12-31T11:33:29.656-0300] {processor.py:840} INFO - DAG(s) 'stocksense' retrieved from /home/felipe/airflow/dags/16_provide_template.py
[2023-12-31T11:33:29.786-0300] {logging_mixin.py:188} INFO - [2023-12-31T11:33:29.786-0300] {dag.py:3033} INFO - Sync 1 DAGs
[2023-12-31T11:33:30.006-0300] {logging_mixin.py:188} INFO - [2023-12-31T11:33:30.005-0300] {dag.py:3820} INFO - Setting next_dagrun for stocksense to 2023-12-30T00:00:00+00:00, run_after=2023-12-30T01:00:00+00:00
[2023-12-31T11:33:30.227-0300] {processor.py:183} INFO - Processing /home/felipe/airflow/dags/16_provide_template.py took 0.680 seconds
[2023-12-31T11:34:55.244-0300] {processor.py:161} INFO - Started process (PID=34508) to work on /home/felipe/airflow/dags/16_provide_template.py
[2023-12-31T11:34:55.246-0300] {processor.py:830} INFO - Processing file /home/felipe/airflow/dags/16_provide_template.py for tasks to queue
[2023-12-31T11:34:55.255-0300] {logging_mixin.py:188} INFO - [2023-12-31T11:34:55.254-0300] {dagbag.py:538} INFO - Filling up the DagBag from /home/felipe/airflow/dags/16_provide_template.py
[2023-12-31T11:34:55.315-0300] {processor.py:840} INFO - DAG(s) 'stocksense' retrieved from /home/felipe/airflow/dags/16_provide_template.py
[2023-12-31T11:34:55.885-0300] {logging_mixin.py:188} INFO - [2023-12-31T11:34:55.885-0300] {dag.py:3033} INFO - Sync 1 DAGs
[2023-12-31T11:34:56.024-0300] {logging_mixin.py:188} INFO - [2023-12-31T11:34:56.016-0300] {dag.py:3820} INFO - Setting next_dagrun for stocksense to 2023-12-30T00:00:00+00:00, run_after=2023-12-30T01:00:00+00:00
[2023-12-31T11:34:56.206-0300] {processor.py:183} INFO - Processing /home/felipe/airflow/dags/16_provide_template.py took 0.980 seconds
[2023-12-31T11:36:18.106-0300] {processor.py:161} INFO - Started process (PID=34630) to work on /home/felipe/airflow/dags/16_provide_template.py
[2023-12-31T11:36:18.124-0300] {processor.py:830} INFO - Processing file /home/felipe/airflow/dags/16_provide_template.py for tasks to queue
[2023-12-31T11:36:18.125-0300] {logging_mixin.py:188} INFO - [2023-12-31T11:36:18.125-0300] {dagbag.py:538} INFO - Filling up the DagBag from /home/felipe/airflow/dags/16_provide_template.py
[2023-12-31T11:36:18.174-0300] {processor.py:840} INFO - DAG(s) 'stocksense' retrieved from /home/felipe/airflow/dags/16_provide_template.py
[2023-12-31T11:36:18.265-0300] {logging_mixin.py:188} INFO - [2023-12-31T11:36:18.264-0300] {dag.py:3033} INFO - Sync 1 DAGs
[2023-12-31T11:36:18.426-0300] {logging_mixin.py:188} INFO - [2023-12-31T11:36:18.426-0300] {dag.py:3820} INFO - Setting next_dagrun for stocksense to 2023-12-30T00:00:00+00:00, run_after=2023-12-30T01:00:00+00:00
[2023-12-31T11:36:18.606-0300] {processor.py:183} INFO - Processing /home/felipe/airflow/dags/16_provide_template.py took 0.511 seconds
[2023-12-31T11:37:40.866-0300] {processor.py:161} INFO - Started process (PID=34719) to work on /home/felipe/airflow/dags/16_provide_template.py
[2023-12-31T11:37:40.875-0300] {processor.py:830} INFO - Processing file /home/felipe/airflow/dags/16_provide_template.py for tasks to queue
[2023-12-31T11:37:40.884-0300] {logging_mixin.py:188} INFO - [2023-12-31T11:37:40.876-0300] {dagbag.py:538} INFO - Filling up the DagBag from /home/felipe/airflow/dags/16_provide_template.py
[2023-12-31T11:37:40.947-0300] {processor.py:840} INFO - DAG(s) 'stocksense' retrieved from /home/felipe/airflow/dags/16_provide_template.py
[2023-12-31T11:37:41.566-0300] {logging_mixin.py:188} INFO - [2023-12-31T11:37:41.565-0300] {dag.py:3033} INFO - Sync 1 DAGs
[2023-12-31T11:37:41.725-0300] {logging_mixin.py:188} INFO - [2023-12-31T11:37:41.725-0300] {dag.py:3820} INFO - Setting next_dagrun for stocksense to 2023-12-30T00:00:00+00:00, run_after=2023-12-30T01:00:00+00:00
[2023-12-31T11:37:41.886-0300] {processor.py:183} INFO - Processing /home/felipe/airflow/dags/16_provide_template.py took 1.032 seconds
[2023-12-31T11:39:02.216-0300] {processor.py:161} INFO - Started process (PID=34808) to work on /home/felipe/airflow/dags/16_provide_template.py
[2023-12-31T11:39:02.225-0300] {processor.py:830} INFO - Processing file /home/felipe/airflow/dags/16_provide_template.py for tasks to queue
[2023-12-31T11:39:02.244-0300] {logging_mixin.py:188} INFO - [2023-12-31T11:39:02.226-0300] {dagbag.py:538} INFO - Filling up the DagBag from /home/felipe/airflow/dags/16_provide_template.py
[2023-12-31T11:39:02.304-0300] {processor.py:840} INFO - DAG(s) 'stocksense' retrieved from /home/felipe/airflow/dags/16_provide_template.py
[2023-12-31T11:39:02.424-0300] {logging_mixin.py:188} INFO - [2023-12-31T11:39:02.416-0300] {dag.py:3033} INFO - Sync 1 DAGs
[2023-12-31T11:39:02.595-0300] {logging_mixin.py:188} INFO - [2023-12-31T11:39:02.594-0300] {dag.py:3820} INFO - Setting next_dagrun for stocksense to 2023-12-30T00:00:00+00:00, run_after=2023-12-30T01:00:00+00:00
[2023-12-31T11:39:02.816-0300] {processor.py:183} INFO - Processing /home/felipe/airflow/dags/16_provide_template.py took 0.611 seconds
[2023-12-31T11:40:26.285-0300] {processor.py:161} INFO - Started process (PID=34930) to work on /home/felipe/airflow/dags/16_provide_template.py
[2023-12-31T11:40:26.294-0300] {processor.py:830} INFO - Processing file /home/felipe/airflow/dags/16_provide_template.py for tasks to queue
[2023-12-31T11:40:26.296-0300] {logging_mixin.py:188} INFO - [2023-12-31T11:40:26.295-0300] {dagbag.py:538} INFO - Filling up the DagBag from /home/felipe/airflow/dags/16_provide_template.py
[2023-12-31T11:40:26.365-0300] {processor.py:840} INFO - DAG(s) 'stocksense' retrieved from /home/felipe/airflow/dags/16_provide_template.py
[2023-12-31T11:40:27.005-0300] {logging_mixin.py:188} INFO - [2023-12-31T11:40:27.004-0300] {dag.py:3033} INFO - Sync 1 DAGs
[2023-12-31T11:40:27.156-0300] {logging_mixin.py:188} INFO - [2023-12-31T11:40:27.156-0300] {dag.py:3820} INFO - Setting next_dagrun for stocksense to 2023-12-30T00:00:00+00:00, run_after=2023-12-30T01:00:00+00:00
[2023-12-31T11:40:27.376-0300] {processor.py:183} INFO - Processing /home/felipe/airflow/dags/16_provide_template.py took 1.110 seconds
[2023-12-31T11:41:58.486-0300] {processor.py:161} INFO - Started process (PID=35029) to work on /home/felipe/airflow/dags/16_provide_template.py
[2023-12-31T11:41:58.504-0300] {processor.py:830} INFO - Processing file /home/felipe/airflow/dags/16_provide_template.py for tasks to queue
[2023-12-31T11:41:58.514-0300] {logging_mixin.py:188} INFO - [2023-12-31T11:41:58.506-0300] {dagbag.py:538} INFO - Filling up the DagBag from /home/felipe/airflow/dags/16_provide_template.py
[2023-12-31T11:41:58.624-0300] {processor.py:840} INFO - DAG(s) 'stocksense' retrieved from /home/felipe/airflow/dags/16_provide_template.py
[2023-12-31T11:41:58.825-0300] {logging_mixin.py:188} INFO - [2023-12-31T11:41:58.824-0300] {dag.py:3033} INFO - Sync 1 DAGs
[2023-12-31T11:41:59.146-0300] {logging_mixin.py:188} INFO - [2023-12-31T11:41:59.146-0300] {dag.py:3820} INFO - Setting next_dagrun for stocksense to 2023-12-30T00:00:00+00:00, run_after=2023-12-30T01:00:00+00:00
[2023-12-31T11:41:59.464-0300] {processor.py:183} INFO - Processing /home/felipe/airflow/dags/16_provide_template.py took 1.028 seconds
[2023-12-31T11:43:32.965-0300] {processor.py:161} INFO - Started process (PID=35143) to work on /home/felipe/airflow/dags/16_provide_template.py
[2023-12-31T11:43:32.974-0300] {processor.py:830} INFO - Processing file /home/felipe/airflow/dags/16_provide_template.py for tasks to queue
[2023-12-31T11:43:32.976-0300] {logging_mixin.py:188} INFO - [2023-12-31T11:43:32.975-0300] {dagbag.py:538} INFO - Filling up the DagBag from /home/felipe/airflow/dags/16_provide_template.py
[2023-12-31T11:43:33.036-0300] {processor.py:840} INFO - DAG(s) 'stocksense' retrieved from /home/felipe/airflow/dags/16_provide_template.py
[2023-12-31T11:43:33.956-0300] {logging_mixin.py:188} INFO - [2023-12-31T11:43:33.955-0300] {dag.py:3033} INFO - Sync 1 DAGs
[2023-12-31T11:43:34.164-0300] {logging_mixin.py:188} INFO - [2023-12-31T11:43:34.156-0300] {dag.py:3820} INFO - Setting next_dagrun for stocksense to 2023-12-30T00:00:00+00:00, run_after=2023-12-30T01:00:00+00:00
[2023-12-31T11:43:34.926-0300] {processor.py:183} INFO - Processing /home/felipe/airflow/dags/16_provide_template.py took 1.981 seconds
[2023-12-31T11:45:14.844-0300] {processor.py:161} INFO - Started process (PID=35279) to work on /home/felipe/airflow/dags/16_provide_template.py
[2023-12-31T11:45:14.854-0300] {processor.py:830} INFO - Processing file /home/felipe/airflow/dags/16_provide_template.py for tasks to queue
[2023-12-31T11:45:14.864-0300] {logging_mixin.py:188} INFO - [2023-12-31T11:45:14.856-0300] {dagbag.py:538} INFO - Filling up the DagBag from /home/felipe/airflow/dags/16_provide_template.py
[2023-12-31T11:45:14.934-0300] {processor.py:840} INFO - DAG(s) 'stocksense' retrieved from /home/felipe/airflow/dags/16_provide_template.py
[2023-12-31T11:45:15.044-0300] {logging_mixin.py:188} INFO - [2023-12-31T11:45:15.044-0300] {dag.py:3033} INFO - Sync 1 DAGs
[2023-12-31T11:45:15.256-0300] {logging_mixin.py:188} INFO - [2023-12-31T11:45:15.255-0300] {dag.py:3820} INFO - Setting next_dagrun for stocksense to 2023-12-30T00:00:00+00:00, run_after=2023-12-30T01:00:00+00:00
[2023-12-31T11:45:15.515-0300] {processor.py:183} INFO - Processing /home/felipe/airflow/dags/16_provide_template.py took 0.690 seconds
[2023-12-31T11:46:52.136-0300] {processor.py:161} INFO - Started process (PID=35389) to work on /home/felipe/airflow/dags/16_provide_template.py
[2023-12-31T11:46:52.146-0300] {processor.py:830} INFO - Processing file /home/felipe/airflow/dags/16_provide_template.py for tasks to queue
[2023-12-31T11:46:52.156-0300] {logging_mixin.py:188} INFO - [2023-12-31T11:46:52.155-0300] {dagbag.py:538} INFO - Filling up the DagBag from /home/felipe/airflow/dags/16_provide_template.py
[2023-12-31T11:46:52.246-0300] {processor.py:840} INFO - DAG(s) 'stocksense' retrieved from /home/felipe/airflow/dags/16_provide_template.py
[2023-12-31T11:46:53.114-0300] {logging_mixin.py:188} INFO - [2023-12-31T11:46:53.106-0300] {dag.py:3033} INFO - Sync 1 DAGs
[2023-12-31T11:46:53.275-0300] {logging_mixin.py:188} INFO - [2023-12-31T11:46:53.275-0300] {dag.py:3820} INFO - Setting next_dagrun for stocksense to 2023-12-30T00:00:00+00:00, run_after=2023-12-30T01:00:00+00:00
[2023-12-31T11:46:53.495-0300] {processor.py:183} INFO - Processing /home/felipe/airflow/dags/16_provide_template.py took 1.380 seconds
[2023-12-31T11:49:00.124-0300] {processor.py:161} INFO - Started process (PID=35559) to work on /home/felipe/airflow/dags/16_provide_template.py
[2023-12-31T11:49:00.145-0300] {processor.py:830} INFO - Processing file /home/felipe/airflow/dags/16_provide_template.py for tasks to queue
[2023-12-31T11:49:00.164-0300] {logging_mixin.py:188} INFO - [2023-12-31T11:49:00.155-0300] {dagbag.py:538} INFO - Filling up the DagBag from /home/felipe/airflow/dags/16_provide_template.py
[2023-12-31T11:49:00.275-0300] {processor.py:840} INFO - DAG(s) 'stocksense' retrieved from /home/felipe/airflow/dags/16_provide_template.py
[2023-12-31T11:49:00.444-0300] {logging_mixin.py:188} INFO - [2023-12-31T11:49:00.436-0300] {dag.py:3033} INFO - Sync 1 DAGs
[2023-12-31T11:49:00.695-0300] {logging_mixin.py:188} INFO - [2023-12-31T11:49:00.694-0300] {dag.py:3820} INFO - Setting next_dagrun for stocksense to 2023-12-30T00:00:00+00:00, run_after=2023-12-30T01:00:00+00:00
[2023-12-31T11:49:00.935-0300] {processor.py:183} INFO - Processing /home/felipe/airflow/dags/16_provide_template.py took 0.850 seconds
[2023-12-31T11:51:07.264-0300] {processor.py:161} INFO - Started process (PID=35713) to work on /home/felipe/airflow/dags/16_provide_template.py
[2023-12-31T11:51:07.275-0300] {processor.py:830} INFO - Processing file /home/felipe/airflow/dags/16_provide_template.py for tasks to queue
[2023-12-31T11:51:07.306-0300] {logging_mixin.py:188} INFO - [2023-12-31T11:51:07.286-0300] {dagbag.py:538} INFO - Filling up the DagBag from /home/felipe/airflow/dags/16_provide_template.py
[2023-12-31T11:51:07.556-0300] {processor.py:840} INFO - DAG(s) 'stocksense' retrieved from /home/felipe/airflow/dags/16_provide_template.py
[2023-12-31T11:51:09.625-0300] {logging_mixin.py:188} INFO - [2023-12-31T11:51:09.624-0300] {dag.py:3033} INFO - Sync 1 DAGs
[2023-12-31T11:51:10.084-0300] {logging_mixin.py:188} INFO - [2023-12-31T11:51:10.076-0300] {dag.py:3820} INFO - Setting next_dagrun for stocksense to 2023-12-30T00:00:00+00:00, run_after=2023-12-30T01:00:00+00:00
[2023-12-31T11:51:10.684-0300] {processor.py:183} INFO - Processing /home/felipe/airflow/dags/16_provide_template.py took 3.510 seconds
[2023-12-31T11:53:53.634-0300] {processor.py:161} INFO - Started process (PID=35840) to work on /home/felipe/airflow/dags/16_provide_template.py
[2023-12-31T11:53:53.644-0300] {processor.py:830} INFO - Processing file /home/felipe/airflow/dags/16_provide_template.py for tasks to queue
[2023-12-31T11:53:53.654-0300] {logging_mixin.py:188} INFO - [2023-12-31T11:53:53.646-0300] {dagbag.py:538} INFO - Filling up the DagBag from /home/felipe/airflow/dags/16_provide_template.py
[2023-12-31T11:53:53.744-0300] {processor.py:840} INFO - DAG(s) 'stocksense' retrieved from /home/felipe/airflow/dags/16_provide_template.py
[2023-12-31T11:53:53.895-0300] {logging_mixin.py:188} INFO - [2023-12-31T11:53:53.894-0300] {dag.py:3033} INFO - Sync 1 DAGs
[2023-12-31T11:53:54.165-0300] {logging_mixin.py:188} INFO - [2023-12-31T11:53:54.164-0300] {dag.py:3820} INFO - Setting next_dagrun for stocksense to 2023-12-30T00:00:00+00:00, run_after=2023-12-30T01:00:00+00:00
[2023-12-31T11:53:54.534-0300] {processor.py:183} INFO - Processing /home/felipe/airflow/dags/16_provide_template.py took 0.921 seconds
[2023-12-31T11:55:50.655-0300] {processor.py:161} INFO - Started process (PID=35981) to work on /home/felipe/airflow/dags/16_provide_template.py
[2023-12-31T11:55:50.665-0300] {processor.py:830} INFO - Processing file /home/felipe/airflow/dags/16_provide_template.py for tasks to queue
[2023-12-31T11:55:50.675-0300] {logging_mixin.py:188} INFO - [2023-12-31T11:55:50.674-0300] {dagbag.py:538} INFO - Filling up the DagBag from /home/felipe/airflow/dags/16_provide_template.py
[2023-12-31T11:55:50.765-0300] {processor.py:840} INFO - DAG(s) 'stocksense' retrieved from /home/felipe/airflow/dags/16_provide_template.py
[2023-12-31T11:55:51.655-0300] {logging_mixin.py:188} INFO - [2023-12-31T11:55:51.654-0300] {dag.py:3033} INFO - Sync 1 DAGs
[2023-12-31T11:55:51.916-0300] {logging_mixin.py:188} INFO - [2023-12-31T11:55:51.915-0300] {dag.py:3820} INFO - Setting next_dagrun for stocksense to 2023-12-30T00:00:00+00:00, run_after=2023-12-30T01:00:00+00:00
[2023-12-31T11:55:52.265-0300] {processor.py:183} INFO - Processing /home/felipe/airflow/dags/16_provide_template.py took 1.630 seconds
[2023-12-31T11:57:35.345-0300] {processor.py:161} INFO - Started process (PID=36084) to work on /home/felipe/airflow/dags/16_provide_template.py
[2023-12-31T11:57:35.364-0300] {processor.py:830} INFO - Processing file /home/felipe/airflow/dags/16_provide_template.py for tasks to queue
[2023-12-31T11:57:35.374-0300] {logging_mixin.py:188} INFO - [2023-12-31T11:57:35.365-0300] {dagbag.py:538} INFO - Filling up the DagBag from /home/felipe/airflow/dags/16_provide_template.py
[2023-12-31T11:57:35.454-0300] {processor.py:840} INFO - DAG(s) 'stocksense' retrieved from /home/felipe/airflow/dags/16_provide_template.py
[2023-12-31T11:57:35.584-0300] {logging_mixin.py:188} INFO - [2023-12-31T11:57:35.584-0300] {dag.py:3033} INFO - Sync 1 DAGs
[2023-12-31T11:57:35.845-0300] {logging_mixin.py:188} INFO - [2023-12-31T11:57:35.845-0300] {dag.py:3820} INFO - Setting next_dagrun for stocksense to 2023-12-30T00:00:00+00:00, run_after=2023-12-30T01:00:00+00:00
[2023-12-31T11:57:36.175-0300] {processor.py:183} INFO - Processing /home/felipe/airflow/dags/16_provide_template.py took 0.850 seconds
[2023-12-31T11:59:21.435-0300] {processor.py:161} INFO - Started process (PID=36191) to work on /home/felipe/airflow/dags/16_provide_template.py
[2023-12-31T11:59:21.445-0300] {processor.py:830} INFO - Processing file /home/felipe/airflow/dags/16_provide_template.py for tasks to queue
[2023-12-31T11:59:21.455-0300] {logging_mixin.py:188} INFO - [2023-12-31T11:59:21.454-0300] {dagbag.py:538} INFO - Filling up the DagBag from /home/felipe/airflow/dags/16_provide_template.py
[2023-12-31T11:59:21.565-0300] {processor.py:840} INFO - DAG(s) 'stocksense' retrieved from /home/felipe/airflow/dags/16_provide_template.py
[2023-12-31T11:59:22.624-0300] {logging_mixin.py:188} INFO - [2023-12-31T11:59:22.615-0300] {dag.py:3033} INFO - Sync 1 DAGs
[2023-12-31T11:59:22.824-0300] {logging_mixin.py:188} INFO - [2023-12-31T11:59:22.824-0300] {dag.py:3820} INFO - Setting next_dagrun for stocksense to 2023-12-30T00:00:00+00:00, run_after=2023-12-30T01:00:00+00:00
[2023-12-31T11:59:23.075-0300] {processor.py:183} INFO - Processing /home/felipe/airflow/dags/16_provide_template.py took 1.661 seconds
[2023-12-31T12:01:08.875-0300] {processor.py:161} INFO - Started process (PID=36321) to work on /home/felipe/airflow/dags/16_provide_template.py
[2023-12-31T12:01:08.885-0300] {processor.py:830} INFO - Processing file /home/felipe/airflow/dags/16_provide_template.py for tasks to queue
[2023-12-31T12:01:08.895-0300] {logging_mixin.py:188} INFO - [2023-12-31T12:01:08.894-0300] {dagbag.py:538} INFO - Filling up the DagBag from /home/felipe/airflow/dags/16_provide_template.py
[2023-12-31T12:01:08.975-0300] {processor.py:840} INFO - DAG(s) 'stocksense' retrieved from /home/felipe/airflow/dags/16_provide_template.py
[2023-12-31T12:01:09.154-0300] {logging_mixin.py:188} INFO - [2023-12-31T12:01:09.145-0300] {dag.py:3033} INFO - Sync 1 DAGs
[2023-12-31T12:01:09.416-0300] {logging_mixin.py:188} INFO - [2023-12-31T12:01:09.415-0300] {dag.py:3820} INFO - Setting next_dagrun for stocksense to 2023-12-30T00:00:00+00:00, run_after=2023-12-30T01:00:00+00:00
[2023-12-31T12:01:09.744-0300] {processor.py:183} INFO - Processing /home/felipe/airflow/dags/16_provide_template.py took 0.890 seconds
[2023-12-31T12:03:05.945-0300] {processor.py:161} INFO - Started process (PID=36428) to work on /home/felipe/airflow/dags/16_provide_template.py
[2023-12-31T12:03:05.964-0300] {processor.py:830} INFO - Processing file /home/felipe/airflow/dags/16_provide_template.py for tasks to queue
[2023-12-31T12:03:05.974-0300] {logging_mixin.py:188} INFO - [2023-12-31T12:03:05.974-0300] {dagbag.py:538} INFO - Filling up the DagBag from /home/felipe/airflow/dags/16_provide_template.py
[2023-12-31T12:03:06.085-0300] {processor.py:840} INFO - DAG(s) 'stocksense' retrieved from /home/felipe/airflow/dags/16_provide_template.py
[2023-12-31T12:03:07.435-0300] {logging_mixin.py:188} INFO - [2023-12-31T12:03:07.434-0300] {dag.py:3033} INFO - Sync 1 DAGs
[2023-12-31T12:03:07.755-0300] {logging_mixin.py:188} INFO - [2023-12-31T12:03:07.755-0300] {dag.py:3820} INFO - Setting next_dagrun for stocksense to 2023-12-30T00:00:00+00:00, run_after=2023-12-30T01:00:00+00:00
[2023-12-31T12:03:08.105-0300] {processor.py:183} INFO - Processing /home/felipe/airflow/dags/16_provide_template.py took 2.190 seconds
[2023-12-31T12:06:13.154-0300] {processor.py:161} INFO - Started process (PID=36659) to work on /home/felipe/airflow/dags/16_provide_template.py
[2023-12-31T12:06:13.184-0300] {processor.py:830} INFO - Processing file /home/felipe/airflow/dags/16_provide_template.py for tasks to queue
[2023-12-31T12:06:13.215-0300] {logging_mixin.py:188} INFO - [2023-12-31T12:06:13.205-0300] {dagbag.py:538} INFO - Filling up the DagBag from /home/felipe/airflow/dags/16_provide_template.py
[2023-12-31T12:06:13.504-0300] {processor.py:840} INFO - DAG(s) 'stocksense' retrieved from /home/felipe/airflow/dags/16_provide_template.py
[2023-12-31T12:06:13.944-0300] {logging_mixin.py:188} INFO - [2023-12-31T12:06:13.924-0300] {dag.py:3033} INFO - Sync 1 DAGs
[2023-12-31T12:06:14.494-0300] {logging_mixin.py:188} INFO - [2023-12-31T12:06:14.494-0300] {dag.py:3820} INFO - Setting next_dagrun for stocksense to 2023-12-30T00:00:00+00:00, run_after=2023-12-30T01:00:00+00:00
[2023-12-31T12:06:15.085-0300] {processor.py:183} INFO - Processing /home/felipe/airflow/dags/16_provide_template.py took 2.001 seconds
[2023-12-31T12:09:31.074-0300] {processor.py:161} INFO - Started process (PID=37038) to work on /home/felipe/airflow/dags/16_provide_template.py
[2023-12-31T12:09:31.105-0300] {processor.py:830} INFO - Processing file /home/felipe/airflow/dags/16_provide_template.py for tasks to queue
[2023-12-31T12:09:31.125-0300] {logging_mixin.py:188} INFO - [2023-12-31T12:09:31.115-0300] {dagbag.py:538} INFO - Filling up the DagBag from /home/felipe/airflow/dags/16_provide_template.py
[2023-12-31T12:09:31.525-0300] {processor.py:840} INFO - DAG(s) 'stocksense' retrieved from /home/felipe/airflow/dags/16_provide_template.py
[2023-12-31T12:09:36.185-0300] {logging_mixin.py:188} INFO - [2023-12-31T12:09:36.184-0300] {dag.py:3033} INFO - Sync 1 DAGs
[2023-12-31T12:09:36.625-0300] {logging_mixin.py:188} INFO - [2023-12-31T12:09:36.615-0300] {dag.py:3820} INFO - Setting next_dagrun for stocksense to 2023-12-30T00:00:00+00:00, run_after=2023-12-30T01:00:00+00:00
[2023-12-31T12:09:37.275-0300] {processor.py:183} INFO - Processing /home/felipe/airflow/dags/16_provide_template.py took 6.259 seconds
[2023-12-31T12:10:57.925-0300] {processor.py:161} INFO - Started process (PID=37141) to work on /home/felipe/airflow/dags/16_provide_template.py
[2023-12-31T12:10:57.944-0300] {processor.py:830} INFO - Processing file /home/felipe/airflow/dags/16_provide_template.py for tasks to queue
[2023-12-31T12:10:57.954-0300] {logging_mixin.py:188} INFO - [2023-12-31T12:10:57.954-0300] {dagbag.py:538} INFO - Filling up the DagBag from /home/felipe/airflow/dags/16_provide_template.py
[2023-12-31T12:10:59.475-0300] {processor.py:840} INFO - DAG(s) 'stocksense' retrieved from /home/felipe/airflow/dags/16_provide_template.py
[2023-12-31T12:10:59.734-0300] {logging_mixin.py:188} INFO - [2023-12-31T12:10:59.725-0300] {dag.py:3033} INFO - Sync 1 DAGs
[2023-12-31T12:11:00.034-0300] {logging_mixin.py:188} INFO - [2023-12-31T12:11:00.034-0300] {dag.py:3820} INFO - Setting next_dagrun for stocksense to 2023-12-30T00:00:00+00:00, run_after=2023-12-30T01:00:00+00:00
[2023-12-31T12:11:00.454-0300] {processor.py:183} INFO - Processing /home/felipe/airflow/dags/16_provide_template.py took 2.570 seconds
[2023-12-31T12:11:39.114-0300] {processor.py:161} INFO - Started process (PID=37195) to work on /home/felipe/airflow/dags/16_provide_template.py
[2023-12-31T12:11:39.124-0300] {processor.py:830} INFO - Processing file /home/felipe/airflow/dags/16_provide_template.py for tasks to queue
[2023-12-31T12:11:39.135-0300] {logging_mixin.py:188} INFO - [2023-12-31T12:11:39.134-0300] {dagbag.py:538} INFO - Filling up the DagBag from /home/felipe/airflow/dags/16_provide_template.py
[2023-12-31T12:11:39.324-0300] {processor.py:840} INFO - DAG(s) 'stocksense' retrieved from /home/felipe/airflow/dags/16_provide_template.py
[2023-12-31T12:11:41.394-0300] {logging_mixin.py:188} INFO - [2023-12-31T12:11:41.394-0300] {dag.py:3033} INFO - Sync 1 DAGs
[2023-12-31T12:11:41.754-0300] {logging_mixin.py:188} INFO - [2023-12-31T12:11:41.745-0300] {dag.py:3820} INFO - Setting next_dagrun for stocksense to 2023-12-30T00:00:00+00:00, run_after=2023-12-30T01:00:00+00:00
[2023-12-31T12:11:42.144-0300] {processor.py:183} INFO - Processing /home/felipe/airflow/dags/16_provide_template.py took 3.060 seconds
[2023-12-31T12:12:23.265-0300] {processor.py:161} INFO - Started process (PID=37256) to work on /home/felipe/airflow/dags/16_provide_template.py
[2023-12-31T12:12:23.285-0300] {processor.py:830} INFO - Processing file /home/felipe/airflow/dags/16_provide_template.py for tasks to queue
[2023-12-31T12:12:23.305-0300] {logging_mixin.py:188} INFO - [2023-12-31T12:12:23.304-0300] {dagbag.py:538} INFO - Filling up the DagBag from /home/felipe/airflow/dags/16_provide_template.py
[2023-12-31T12:12:23.544-0300] {processor.py:840} INFO - DAG(s) 'stocksense' retrieved from /home/felipe/airflow/dags/16_provide_template.py
[2023-12-31T12:12:23.934-0300] {logging_mixin.py:188} INFO - [2023-12-31T12:12:23.925-0300] {dag.py:3033} INFO - Sync 1 DAGs
[2023-12-31T12:12:24.584-0300] {logging_mixin.py:188} INFO - [2023-12-31T12:12:24.574-0300] {dag.py:3820} INFO - Setting next_dagrun for stocksense to 2023-12-30T00:00:00+00:00, run_after=2023-12-30T01:00:00+00:00
[2023-12-31T12:12:25.215-0300] {processor.py:183} INFO - Processing /home/felipe/airflow/dags/16_provide_template.py took 2.020 seconds
[2023-12-31T12:13:02.275-0300] {processor.py:161} INFO - Started process (PID=37304) to work on /home/felipe/airflow/dags/16_provide_template.py
[2023-12-31T12:13:02.294-0300] {processor.py:830} INFO - Processing file /home/felipe/airflow/dags/16_provide_template.py for tasks to queue
[2023-12-31T12:13:02.314-0300] {logging_mixin.py:188} INFO - [2023-12-31T12:13:02.305-0300] {dagbag.py:538} INFO - Filling up the DagBag from /home/felipe/airflow/dags/16_provide_template.py
[2023-12-31T12:13:02.504-0300] {processor.py:840} INFO - DAG(s) 'stocksense' retrieved from /home/felipe/airflow/dags/16_provide_template.py
[2023-12-31T12:13:02.594-0300] {logging_mixin.py:188} INFO - [2023-12-31T12:13:02.594-0300] {dag.py:3033} INFO - Sync 1 DAGs
[2023-12-31T12:13:02.974-0300] {logging_mixin.py:188} INFO - [2023-12-31T12:13:02.965-0300] {dag.py:3820} INFO - Setting next_dagrun for stocksense to 2023-12-30T00:00:00+00:00, run_after=2023-12-30T01:00:00+00:00
[2023-12-31T12:13:03.424-0300] {processor.py:183} INFO - Processing /home/felipe/airflow/dags/16_provide_template.py took 1.190 seconds
[2023-12-31T12:13:44.724-0300] {processor.py:161} INFO - Started process (PID=37361) to work on /home/felipe/airflow/dags/16_provide_template.py
[2023-12-31T12:13:44.745-0300] {processor.py:830} INFO - Processing file /home/felipe/airflow/dags/16_provide_template.py for tasks to queue
[2023-12-31T12:13:44.774-0300] {logging_mixin.py:188} INFO - [2023-12-31T12:13:44.764-0300] {dagbag.py:538} INFO - Filling up the DagBag from /home/felipe/airflow/dags/16_provide_template.py
[2023-12-31T12:13:44.974-0300] {processor.py:840} INFO - DAG(s) 'stocksense' retrieved from /home/felipe/airflow/dags/16_provide_template.py
[2023-12-31T12:13:45.085-0300] {logging_mixin.py:188} INFO - [2023-12-31T12:13:45.084-0300] {dag.py:3033} INFO - Sync 1 DAGs
[2023-12-31T12:13:45.535-0300] {logging_mixin.py:188} INFO - [2023-12-31T12:13:45.534-0300] {dag.py:3820} INFO - Setting next_dagrun for stocksense to 2023-12-30T00:00:00+00:00, run_after=2023-12-30T01:00:00+00:00
[2023-12-31T12:13:46.024-0300] {processor.py:183} INFO - Processing /home/felipe/airflow/dags/16_provide_template.py took 1.341 seconds
[2023-12-31T12:14:30.215-0300] {processor.py:161} INFO - Started process (PID=37449) to work on /home/felipe/airflow/dags/16_provide_template.py
[2023-12-31T12:14:30.244-0300] {processor.py:830} INFO - Processing file /home/felipe/airflow/dags/16_provide_template.py for tasks to queue
[2023-12-31T12:14:30.274-0300] {logging_mixin.py:188} INFO - [2023-12-31T12:14:30.264-0300] {dagbag.py:538} INFO - Filling up the DagBag from /home/felipe/airflow/dags/16_provide_template.py
[2023-12-31T12:14:30.515-0300] {processor.py:840} INFO - DAG(s) 'stocksense' retrieved from /home/felipe/airflow/dags/16_provide_template.py
[2023-12-31T12:14:30.655-0300] {logging_mixin.py:188} INFO - [2023-12-31T12:14:30.654-0300] {dag.py:3033} INFO - Sync 1 DAGs
[2023-12-31T12:14:31.264-0300] {logging_mixin.py:188} INFO - [2023-12-31T12:14:31.255-0300] {dag.py:3820} INFO - Setting next_dagrun for stocksense to 2023-12-30T00:00:00+00:00, run_after=2023-12-30T01:00:00+00:00
[2023-12-31T12:14:31.795-0300] {processor.py:183} INFO - Processing /home/felipe/airflow/dags/16_provide_template.py took 1.630 seconds
[2023-12-31T12:15:24.024-0300] {processor.py:161} INFO - Started process (PID=37517) to work on /home/felipe/airflow/dags/16_provide_template.py
[2023-12-31T12:15:24.044-0300] {processor.py:830} INFO - Processing file /home/felipe/airflow/dags/16_provide_template.py for tasks to queue
[2023-12-31T12:15:24.055-0300] {logging_mixin.py:188} INFO - [2023-12-31T12:15:24.054-0300] {dagbag.py:538} INFO - Filling up the DagBag from /home/felipe/airflow/dags/16_provide_template.py
[2023-12-31T12:15:24.314-0300] {processor.py:840} INFO - DAG(s) 'stocksense' retrieved from /home/felipe/airflow/dags/16_provide_template.py
[2023-12-31T12:15:24.425-0300] {logging_mixin.py:188} INFO - [2023-12-31T12:15:24.424-0300] {dag.py:3033} INFO - Sync 1 DAGs
[2023-12-31T12:15:25.024-0300] {logging_mixin.py:188} INFO - [2023-12-31T12:15:25.024-0300] {dag.py:3820} INFO - Setting next_dagrun for stocksense to 2023-12-30T00:00:00+00:00, run_after=2023-12-30T01:00:00+00:00
[2023-12-31T12:15:25.554-0300] {processor.py:183} INFO - Processing /home/felipe/airflow/dags/16_provide_template.py took 1.590 seconds
[2023-12-31T12:16:12.195-0300] {processor.py:161} INFO - Started process (PID=37580) to work on /home/felipe/airflow/dags/16_provide_template.py
[2023-12-31T12:16:12.215-0300] {processor.py:830} INFO - Processing file /home/felipe/airflow/dags/16_provide_template.py for tasks to queue
[2023-12-31T12:16:12.245-0300] {logging_mixin.py:188} INFO - [2023-12-31T12:16:12.234-0300] {dagbag.py:538} INFO - Filling up the DagBag from /home/felipe/airflow/dags/16_provide_template.py
[2023-12-31T12:16:12.634-0300] {processor.py:840} INFO - DAG(s) 'stocksense' retrieved from /home/felipe/airflow/dags/16_provide_template.py
[2023-12-31T12:16:12.824-0300] {logging_mixin.py:188} INFO - [2023-12-31T12:16:12.814-0300] {dag.py:3033} INFO - Sync 1 DAGs
[2023-12-31T12:16:13.215-0300] {logging_mixin.py:188} INFO - [2023-12-31T12:16:13.214-0300] {dag.py:3820} INFO - Setting next_dagrun for stocksense to 2023-12-30T00:00:00+00:00, run_after=2023-12-30T01:00:00+00:00
[2023-12-31T12:16:13.684-0300] {processor.py:183} INFO - Processing /home/felipe/airflow/dags/16_provide_template.py took 1.540 seconds
[2023-12-31T12:16:56.864-0300] {processor.py:161} INFO - Started process (PID=37635) to work on /home/felipe/airflow/dags/16_provide_template.py
[2023-12-31T12:16:56.875-0300] {processor.py:830} INFO - Processing file /home/felipe/airflow/dags/16_provide_template.py for tasks to queue
[2023-12-31T12:16:56.894-0300] {logging_mixin.py:188} INFO - [2023-12-31T12:16:56.885-0300] {dagbag.py:538} INFO - Filling up the DagBag from /home/felipe/airflow/dags/16_provide_template.py
[2023-12-31T12:16:57.165-0300] {processor.py:840} INFO - DAG(s) 'stocksense' retrieved from /home/felipe/airflow/dags/16_provide_template.py
[2023-12-31T12:16:57.325-0300] {logging_mixin.py:188} INFO - [2023-12-31T12:16:57.324-0300] {dag.py:3033} INFO - Sync 1 DAGs
[2023-12-31T12:16:57.734-0300] {logging_mixin.py:188} INFO - [2023-12-31T12:16:57.725-0300] {dag.py:3820} INFO - Setting next_dagrun for stocksense to 2023-12-30T00:00:00+00:00, run_after=2023-12-30T01:00:00+00:00
[2023-12-31T12:16:58.254-0300] {processor.py:183} INFO - Processing /home/felipe/airflow/dags/16_provide_template.py took 1.439 seconds
[2023-12-31T12:17:47.974-0300] {processor.py:161} INFO - Started process (PID=37703) to work on /home/felipe/airflow/dags/16_provide_template.py
[2023-12-31T12:17:47.984-0300] {processor.py:830} INFO - Processing file /home/felipe/airflow/dags/16_provide_template.py for tasks to queue
[2023-12-31T12:17:48.004-0300] {logging_mixin.py:188} INFO - [2023-12-31T12:17:47.995-0300] {dagbag.py:538} INFO - Filling up the DagBag from /home/felipe/airflow/dags/16_provide_template.py
[2023-12-31T12:17:48.244-0300] {processor.py:840} INFO - DAG(s) 'stocksense' retrieved from /home/felipe/airflow/dags/16_provide_template.py
[2023-12-31T12:17:48.404-0300] {logging_mixin.py:188} INFO - [2023-12-31T12:17:48.394-0300] {dag.py:3033} INFO - Sync 1 DAGs
[2023-12-31T12:17:48.894-0300] {logging_mixin.py:188} INFO - [2023-12-31T12:17:48.894-0300] {dag.py:3820} INFO - Setting next_dagrun for stocksense to 2023-12-30T00:00:00+00:00, run_after=2023-12-30T01:00:00+00:00
[2023-12-31T12:17:49.594-0300] {processor.py:183} INFO - Processing /home/felipe/airflow/dags/16_provide_template.py took 1.679 seconds
[2023-12-31T12:18:41.935-0300] {processor.py:161} INFO - Started process (PID=37775) to work on /home/felipe/airflow/dags/16_provide_template.py
[2023-12-31T12:18:41.964-0300] {processor.py:830} INFO - Processing file /home/felipe/airflow/dags/16_provide_template.py for tasks to queue
[2023-12-31T12:18:41.984-0300] {logging_mixin.py:188} INFO - [2023-12-31T12:18:41.974-0300] {dagbag.py:538} INFO - Filling up the DagBag from /home/felipe/airflow/dags/16_provide_template.py
[2023-12-31T12:18:42.314-0300] {processor.py:840} INFO - DAG(s) 'stocksense' retrieved from /home/felipe/airflow/dags/16_provide_template.py
[2023-12-31T12:18:42.434-0300] {logging_mixin.py:188} INFO - [2023-12-31T12:18:42.434-0300] {dag.py:3033} INFO - Sync 1 DAGs
[2023-12-31T12:18:43.034-0300] {logging_mixin.py:188} INFO - [2023-12-31T12:18:43.034-0300] {dag.py:3820} INFO - Setting next_dagrun for stocksense to 2023-12-30T00:00:00+00:00, run_after=2023-12-30T01:00:00+00:00
[2023-12-31T12:18:43.624-0300] {processor.py:183} INFO - Processing /home/felipe/airflow/dags/16_provide_template.py took 1.760 seconds
[2023-12-31T12:25:20.991-0300] {processor.py:161} INFO - Started process (PID=37907) to work on /home/felipe/airflow/dags/16_provide_template.py
[2023-12-31T12:25:21.030-0300] {processor.py:830} INFO - Processing file /home/felipe/airflow/dags/16_provide_template.py for tasks to queue
[2023-12-31T12:25:21.060-0300] {logging_mixin.py:188} INFO - [2023-12-31T12:25:21.041-0300] {dagbag.py:538} INFO - Filling up the DagBag from /home/felipe/airflow/dags/16_provide_template.py
[2023-12-31T12:25:21.490-0300] {processor.py:840} INFO - DAG(s) 'stocksense' retrieved from /home/felipe/airflow/dags/16_provide_template.py
[2023-12-31T12:25:25.070-0300] {logging_mixin.py:188} INFO - [2023-12-31T12:25:25.061-0300] {dag.py:3033} INFO - Sync 1 DAGs
[2023-12-31T12:25:25.851-0300] {logging_mixin.py:188} INFO - [2023-12-31T12:25:25.841-0300] {dag.py:3820} INFO - Setting next_dagrun for stocksense to 2023-12-30T00:00:00+00:00, run_after=2023-12-30T01:00:00+00:00
[2023-12-31T12:25:26.561-0300] {processor.py:183} INFO - Processing /home/felipe/airflow/dags/16_provide_template.py took 5.650 seconds
[2023-12-31T12:26:35.041-0300] {processor.py:161} INFO - Started process (PID=37993) to work on /home/felipe/airflow/dags/16_provide_template.py
[2023-12-31T12:26:35.071-0300] {processor.py:830} INFO - Processing file /home/felipe/airflow/dags/16_provide_template.py for tasks to queue
[2023-12-31T12:26:35.091-0300] {logging_mixin.py:188} INFO - [2023-12-31T12:26:35.081-0300] {dagbag.py:538} INFO - Filling up the DagBag from /home/felipe/airflow/dags/16_provide_template.py
[2023-12-31T12:26:35.410-0300] {processor.py:840} INFO - DAG(s) 'stocksense' retrieved from /home/felipe/airflow/dags/16_provide_template.py
[2023-12-31T12:26:36.080-0300] {logging_mixin.py:188} INFO - [2023-12-31T12:26:36.070-0300] {dag.py:3033} INFO - Sync 1 DAGs
[2023-12-31T12:26:36.751-0300] {logging_mixin.py:188} INFO - [2023-12-31T12:26:36.741-0300] {dag.py:3820} INFO - Setting next_dagrun for stocksense to 2023-12-30T00:00:00+00:00, run_after=2023-12-30T01:00:00+00:00
[2023-12-31T12:26:37.510-0300] {processor.py:183} INFO - Processing /home/felipe/airflow/dags/16_provide_template.py took 2.531 seconds
[2023-12-31T12:27:44.600-0300] {processor.py:161} INFO - Started process (PID=38069) to work on /home/felipe/airflow/dags/16_provide_template.py
[2023-12-31T12:27:44.621-0300] {processor.py:830} INFO - Processing file /home/felipe/airflow/dags/16_provide_template.py for tasks to queue
[2023-12-31T12:27:44.641-0300] {logging_mixin.py:188} INFO - [2023-12-31T12:27:44.631-0300] {dagbag.py:538} INFO - Filling up the DagBag from /home/felipe/airflow/dags/16_provide_template.py
[2023-12-31T12:27:44.921-0300] {processor.py:840} INFO - DAG(s) 'stocksense' retrieved from /home/felipe/airflow/dags/16_provide_template.py
[2023-12-31T12:27:47.850-0300] {logging_mixin.py:188} INFO - [2023-12-31T12:27:47.831-0300] {dag.py:3033} INFO - Sync 1 DAGs
[2023-12-31T12:27:48.601-0300] {logging_mixin.py:188} INFO - [2023-12-31T12:27:48.600-0300] {dag.py:3820} INFO - Setting next_dagrun for stocksense to 2023-12-30T00:00:00+00:00, run_after=2023-12-30T01:00:00+00:00
[2023-12-31T12:27:49.341-0300] {processor.py:183} INFO - Processing /home/felipe/airflow/dags/16_provide_template.py took 4.800 seconds
[2023-12-31T12:28:25.530-0300] {processor.py:161} INFO - Started process (PID=38097) to work on /home/felipe/airflow/dags/16_provide_template.py
[2023-12-31T12:28:25.551-0300] {processor.py:830} INFO - Processing file /home/felipe/airflow/dags/16_provide_template.py for tasks to queue
[2023-12-31T12:28:25.571-0300] {logging_mixin.py:188} INFO - [2023-12-31T12:28:25.570-0300] {dagbag.py:538} INFO - Filling up the DagBag from /home/felipe/airflow/dags/16_provide_template.py
[2023-12-31T12:28:25.861-0300] {processor.py:840} INFO - DAG(s) 'stocksense' retrieved from /home/felipe/airflow/dags/16_provide_template.py
[2023-12-31T12:28:26.391-0300] {logging_mixin.py:188} INFO - [2023-12-31T12:28:26.390-0300] {dag.py:3033} INFO - Sync 1 DAGs
[2023-12-31T12:28:27.081-0300] {logging_mixin.py:188} INFO - [2023-12-31T12:28:27.071-0300] {dag.py:3820} INFO - Setting next_dagrun for stocksense to 2023-12-30T00:00:00+00:00, run_after=2023-12-30T01:00:00+00:00
[2023-12-31T12:28:27.711-0300] {processor.py:183} INFO - Processing /home/felipe/airflow/dags/16_provide_template.py took 2.250 seconds
[2023-12-31T12:29:32.400-0300] {processor.py:161} INFO - Started process (PID=38144) to work on /home/felipe/airflow/dags/16_provide_template.py
[2023-12-31T12:29:32.421-0300] {processor.py:830} INFO - Processing file /home/felipe/airflow/dags/16_provide_template.py for tasks to queue
[2023-12-31T12:29:32.450-0300] {logging_mixin.py:188} INFO - [2023-12-31T12:29:32.431-0300] {dagbag.py:538} INFO - Filling up the DagBag from /home/felipe/airflow/dags/16_provide_template.py
[2023-12-31T12:29:32.750-0300] {processor.py:840} INFO - DAG(s) 'stocksense' retrieved from /home/felipe/airflow/dags/16_provide_template.py
[2023-12-31T12:29:35.511-0300] {logging_mixin.py:188} INFO - [2023-12-31T12:29:35.510-0300] {dag.py:3033} INFO - Sync 1 DAGs
[2023-12-31T12:29:36.021-0300] {logging_mixin.py:188} INFO - [2023-12-31T12:29:36.020-0300] {dag.py:3820} INFO - Setting next_dagrun for stocksense to 2023-12-30T00:00:00+00:00, run_after=2023-12-30T01:00:00+00:00
[2023-12-31T12:29:36.631-0300] {processor.py:183} INFO - Processing /home/felipe/airflow/dags/16_provide_template.py took 4.300 seconds
[2023-12-31T12:30:13.860-0300] {processor.py:161} INFO - Started process (PID=38179) to work on /home/felipe/airflow/dags/16_provide_template.py
[2023-12-31T12:30:13.880-0300] {processor.py:830} INFO - Processing file /home/felipe/airflow/dags/16_provide_template.py for tasks to queue
[2023-12-31T12:30:13.900-0300] {logging_mixin.py:188} INFO - [2023-12-31T12:30:13.891-0300] {dagbag.py:538} INFO - Filling up the DagBag from /home/felipe/airflow/dags/16_provide_template.py
[2023-12-31T12:30:14.180-0300] {processor.py:840} INFO - DAG(s) 'stocksense' retrieved from /home/felipe/airflow/dags/16_provide_template.py
[2023-12-31T12:30:14.741-0300] {logging_mixin.py:188} INFO - [2023-12-31T12:30:14.731-0300] {dag.py:3033} INFO - Sync 1 DAGs
[2023-12-31T12:30:15.290-0300] {logging_mixin.py:188} INFO - [2023-12-31T12:30:15.281-0300] {dag.py:3820} INFO - Setting next_dagrun for stocksense to 2023-12-30T00:00:00+00:00, run_after=2023-12-30T01:00:00+00:00
[2023-12-31T12:30:15.931-0300] {processor.py:183} INFO - Processing /home/felipe/airflow/dags/16_provide_template.py took 2.130 seconds
[2023-12-31T12:30:51.131-0300] {processor.py:161} INFO - Started process (PID=38228) to work on /home/felipe/airflow/dags/16_provide_template.py
[2023-12-31T12:30:51.161-0300] {processor.py:830} INFO - Processing file /home/felipe/airflow/dags/16_provide_template.py for tasks to queue
[2023-12-31T12:30:51.181-0300] {logging_mixin.py:188} INFO - [2023-12-31T12:30:51.171-0300] {dagbag.py:538} INFO - Filling up the DagBag from /home/felipe/airflow/dags/16_provide_template.py
[2023-12-31T12:30:51.520-0300] {processor.py:840} INFO - DAG(s) 'stocksense' retrieved from /home/felipe/airflow/dags/16_provide_template.py
[2023-12-31T12:30:54.161-0300] {logging_mixin.py:188} INFO - [2023-12-31T12:30:54.151-0300] {dag.py:3033} INFO - Sync 1 DAGs
[2023-12-31T12:30:54.720-0300] {logging_mixin.py:188} INFO - [2023-12-31T12:30:54.711-0300] {dag.py:3820} INFO - Setting next_dagrun for stocksense to 2023-12-30T00:00:00+00:00, run_after=2023-12-30T01:00:00+00:00
[2023-12-31T12:30:55.371-0300] {processor.py:183} INFO - Processing /home/felipe/airflow/dags/16_provide_template.py took 4.290 seconds
[2023-12-31T12:31:29.511-0300] {processor.py:161} INFO - Started process (PID=38254) to work on /home/felipe/airflow/dags/16_provide_template.py
[2023-12-31T12:31:29.531-0300] {processor.py:830} INFO - Processing file /home/felipe/airflow/dags/16_provide_template.py for tasks to queue
[2023-12-31T12:31:29.551-0300] {logging_mixin.py:188} INFO - [2023-12-31T12:31:29.550-0300] {dagbag.py:538} INFO - Filling up the DagBag from /home/felipe/airflow/dags/16_provide_template.py
[2023-12-31T12:31:29.911-0300] {processor.py:840} INFO - DAG(s) 'stocksense' retrieved from /home/felipe/airflow/dags/16_provide_template.py
[2023-12-31T12:31:30.470-0300] {logging_mixin.py:188} INFO - [2023-12-31T12:31:30.461-0300] {dag.py:3033} INFO - Sync 1 DAGs
[2023-12-31T12:31:31.070-0300] {logging_mixin.py:188} INFO - [2023-12-31T12:31:31.061-0300] {dag.py:3820} INFO - Setting next_dagrun for stocksense to 2023-12-30T00:00:00+00:00, run_after=2023-12-30T01:00:00+00:00
[2023-12-31T12:31:31.821-0300] {processor.py:183} INFO - Processing /home/felipe/airflow/dags/16_provide_template.py took 2.380 seconds
[2023-12-31T12:32:08.321-0300] {processor.py:161} INFO - Started process (PID=38276) to work on /home/felipe/airflow/dags/16_provide_template.py
[2023-12-31T12:32:08.380-0300] {processor.py:830} INFO - Processing file /home/felipe/airflow/dags/16_provide_template.py for tasks to queue
[2023-12-31T12:32:08.431-0300] {logging_mixin.py:188} INFO - [2023-12-31T12:32:08.400-0300] {dagbag.py:538} INFO - Filling up the DagBag from /home/felipe/airflow/dags/16_provide_template.py
[2023-12-31T12:32:08.881-0300] {processor.py:840} INFO - DAG(s) 'stocksense' retrieved from /home/felipe/airflow/dags/16_provide_template.py
[2023-12-31T12:32:13.480-0300] {logging_mixin.py:188} INFO - [2023-12-31T12:32:13.461-0300] {dag.py:3033} INFO - Sync 1 DAGs
[2023-12-31T12:32:14.320-0300] {logging_mixin.py:188} INFO - [2023-12-31T12:32:14.310-0300] {dag.py:3820} INFO - Setting next_dagrun for stocksense to 2023-12-30T00:00:00+00:00, run_after=2023-12-30T01:00:00+00:00
[2023-12-31T12:32:15.130-0300] {processor.py:183} INFO - Processing /home/felipe/airflow/dags/16_provide_template.py took 6.880 seconds
[2023-12-31T12:32:51.930-0300] {processor.py:161} INFO - Started process (PID=38308) to work on /home/felipe/airflow/dags/16_provide_template.py
[2023-12-31T12:32:51.960-0300] {processor.py:830} INFO - Processing file /home/felipe/airflow/dags/16_provide_template.py for tasks to queue
[2023-12-31T12:32:51.981-0300] {logging_mixin.py:188} INFO - [2023-12-31T12:32:51.971-0300] {dagbag.py:538} INFO - Filling up the DagBag from /home/felipe/airflow/dags/16_provide_template.py
[2023-12-31T12:32:52.320-0300] {processor.py:840} INFO - DAG(s) 'stocksense' retrieved from /home/felipe/airflow/dags/16_provide_template.py
[2023-12-31T12:32:52.890-0300] {logging_mixin.py:188} INFO - [2023-12-31T12:32:52.881-0300] {dag.py:3033} INFO - Sync 1 DAGs
[2023-12-31T12:32:53.461-0300] {logging_mixin.py:188} INFO - [2023-12-31T12:32:53.460-0300] {dag.py:3820} INFO - Setting next_dagrun for stocksense to 2023-12-30T00:00:00+00:00, run_after=2023-12-30T01:00:00+00:00
[2023-12-31T12:32:54.190-0300] {processor.py:183} INFO - Processing /home/felipe/airflow/dags/16_provide_template.py took 2.339 seconds
[2023-12-31T12:33:38.711-0300] {processor.py:161} INFO - Started process (PID=38339) to work on /home/felipe/airflow/dags/16_provide_template.py
[2023-12-31T12:33:38.741-0300] {processor.py:830} INFO - Processing file /home/felipe/airflow/dags/16_provide_template.py for tasks to queue
[2023-12-31T12:33:38.770-0300] {logging_mixin.py:188} INFO - [2023-12-31T12:33:38.760-0300] {dagbag.py:538} INFO - Filling up the DagBag from /home/felipe/airflow/dags/16_provide_template.py
[2023-12-31T12:33:39.210-0300] {processor.py:840} INFO - DAG(s) 'stocksense' retrieved from /home/felipe/airflow/dags/16_provide_template.py
[2023-12-31T12:33:42.720-0300] {logging_mixin.py:188} INFO - [2023-12-31T12:33:42.711-0300] {dag.py:3033} INFO - Sync 1 DAGs
[2023-12-31T12:33:43.501-0300] {logging_mixin.py:188} INFO - [2023-12-31T12:33:43.491-0300] {dag.py:3820} INFO - Setting next_dagrun for stocksense to 2023-12-30T00:00:00+00:00, run_after=2023-12-30T01:00:00+00:00
[2023-12-31T12:33:44.501-0300] {processor.py:183} INFO - Processing /home/felipe/airflow/dags/16_provide_template.py took 5.841 seconds
[2023-12-31T12:34:23.341-0300] {processor.py:161} INFO - Started process (PID=38363) to work on /home/felipe/airflow/dags/16_provide_template.py
[2023-12-31T12:34:23.371-0300] {processor.py:830} INFO - Processing file /home/felipe/airflow/dags/16_provide_template.py for tasks to queue
[2023-12-31T12:34:23.420-0300] {logging_mixin.py:188} INFO - [2023-12-31T12:34:23.400-0300] {dagbag.py:538} INFO - Filling up the DagBag from /home/felipe/airflow/dags/16_provide_template.py
[2023-12-31T12:34:23.771-0300] {processor.py:840} INFO - DAG(s) 'stocksense' retrieved from /home/felipe/airflow/dags/16_provide_template.py
[2023-12-31T12:34:24.391-0300] {logging_mixin.py:188} INFO - [2023-12-31T12:34:24.371-0300] {dag.py:3033} INFO - Sync 1 DAGs
[2023-12-31T12:34:25.110-0300] {logging_mixin.py:188} INFO - [2023-12-31T12:34:25.100-0300] {dag.py:3820} INFO - Setting next_dagrun for stocksense to 2023-12-30T00:00:00+00:00, run_after=2023-12-30T01:00:00+00:00
[2023-12-31T12:34:25.850-0300] {processor.py:183} INFO - Processing /home/felipe/airflow/dags/16_provide_template.py took 2.640 seconds
[2023-12-31T12:35:08.570-0300] {processor.py:161} INFO - Started process (PID=38390) to work on /home/felipe/airflow/dags/16_provide_template.py
[2023-12-31T12:35:08.600-0300] {processor.py:830} INFO - Processing file /home/felipe/airflow/dags/16_provide_template.py for tasks to queue
[2023-12-31T12:35:08.630-0300] {logging_mixin.py:188} INFO - [2023-12-31T12:35:08.620-0300] {dagbag.py:538} INFO - Filling up the DagBag from /home/felipe/airflow/dags/16_provide_template.py
[2023-12-31T12:35:09.020-0300] {processor.py:840} INFO - DAG(s) 'stocksense' retrieved from /home/felipe/airflow/dags/16_provide_template.py
[2023-12-31T12:35:12.551-0300] {logging_mixin.py:188} INFO - [2023-12-31T12:35:12.550-0300] {dag.py:3033} INFO - Sync 1 DAGs
[2023-12-31T12:35:13.350-0300] {logging_mixin.py:188} INFO - [2023-12-31T12:35:13.341-0300] {dag.py:3820} INFO - Setting next_dagrun for stocksense to 2023-12-30T00:00:00+00:00, run_after=2023-12-30T01:00:00+00:00
[2023-12-31T12:35:14.241-0300] {processor.py:183} INFO - Processing /home/felipe/airflow/dags/16_provide_template.py took 5.770 seconds
[2023-12-31T12:36:05.381-0300] {processor.py:161} INFO - Started process (PID=38453) to work on /home/felipe/airflow/dags/16_provide_template.py
[2023-12-31T12:36:05.430-0300] {processor.py:830} INFO - Processing file /home/felipe/airflow/dags/16_provide_template.py for tasks to queue
[2023-12-31T12:36:05.470-0300] {logging_mixin.py:188} INFO - [2023-12-31T12:36:05.451-0300] {dagbag.py:538} INFO - Filling up the DagBag from /home/felipe/airflow/dags/16_provide_template.py
[2023-12-31T12:36:05.840-0300] {processor.py:840} INFO - DAG(s) 'stocksense' retrieved from /home/felipe/airflow/dags/16_provide_template.py
[2023-12-31T12:36:06.501-0300] {logging_mixin.py:188} INFO - [2023-12-31T12:36:06.500-0300] {dag.py:3033} INFO - Sync 1 DAGs
[2023-12-31T12:36:07.330-0300] {logging_mixin.py:188} INFO - [2023-12-31T12:36:07.311-0300] {dag.py:3820} INFO - Setting next_dagrun for stocksense to 2023-12-30T00:00:00+00:00, run_after=2023-12-30T01:00:00+00:00
[2023-12-31T12:36:08.360-0300] {processor.py:183} INFO - Processing /home/felipe/airflow/dags/16_provide_template.py took 3.080 seconds
[2023-12-31T12:37:02.290-0300] {processor.py:161} INFO - Started process (PID=38485) to work on /home/felipe/airflow/dags/16_provide_template.py
[2023-12-31T12:37:02.331-0300] {processor.py:830} INFO - Processing file /home/felipe/airflow/dags/16_provide_template.py for tasks to queue
[2023-12-31T12:37:02.380-0300] {logging_mixin.py:188} INFO - [2023-12-31T12:37:02.361-0300] {dagbag.py:538} INFO - Filling up the DagBag from /home/felipe/airflow/dags/16_provide_template.py
[2023-12-31T12:37:03.130-0300] {processor.py:840} INFO - DAG(s) 'stocksense' retrieved from /home/felipe/airflow/dags/16_provide_template.py
[2023-12-31T12:37:10.530-0300] {logging_mixin.py:188} INFO - [2023-12-31T12:37:10.520-0300] {dag.py:3033} INFO - Sync 1 DAGs
[2023-12-31T12:37:11.770-0300] {logging_mixin.py:188} INFO - [2023-12-31T12:37:11.760-0300] {dag.py:3820} INFO - Setting next_dagrun for stocksense to 2023-12-30T00:00:00+00:00, run_after=2023-12-30T01:00:00+00:00
[2023-12-31T12:37:13.261-0300] {processor.py:183} INFO - Processing /home/felipe/airflow/dags/16_provide_template.py took 11.150 seconds
[2023-12-31T12:38:16.991-0300] {processor.py:161} INFO - Started process (PID=38524) to work on /home/felipe/airflow/dags/16_provide_template.py
[2023-12-31T12:38:17.050-0300] {processor.py:830} INFO - Processing file /home/felipe/airflow/dags/16_provide_template.py for tasks to queue
[2023-12-31T12:38:17.090-0300] {logging_mixin.py:188} INFO - [2023-12-31T12:38:17.070-0300] {dagbag.py:538} INFO - Filling up the DagBag from /home/felipe/airflow/dags/16_provide_template.py
[2023-12-31T12:38:17.720-0300] {processor.py:840} INFO - DAG(s) 'stocksense' retrieved from /home/felipe/airflow/dags/16_provide_template.py
[2023-12-31T12:38:18.600-0300] {logging_mixin.py:188} INFO - [2023-12-31T12:38:18.590-0300] {dag.py:3033} INFO - Sync 1 DAGs
[2023-12-31T12:38:20.970-0300] {logging_mixin.py:188} INFO - [2023-12-31T12:38:20.960-0300] {dag.py:3820} INFO - Setting next_dagrun for stocksense to 2023-12-30T00:00:00+00:00, run_after=2023-12-30T01:00:00+00:00
[2023-12-31T12:44:56.598-0300] {processor.py:183} INFO - Processing /home/felipe/airflow/dags/16_provide_template.py took 10.790 seconds
[2023-12-31T12:47:33.018-0300] {processor.py:161} INFO - Started process (PID=38772) to work on /home/felipe/airflow/dags/16_provide_template.py
[2023-12-31T12:47:33.078-0300] {processor.py:830} INFO - Processing file /home/felipe/airflow/dags/16_provide_template.py for tasks to queue
[2023-12-31T12:47:33.158-0300] {logging_mixin.py:188} INFO - [2023-12-31T12:47:33.138-0300] {dagbag.py:538} INFO - Filling up the DagBag from /home/felipe/airflow/dags/16_provide_template.py
[2023-12-31T12:47:34.087-0300] {processor.py:840} INFO - DAG(s) 'stocksense' retrieved from /home/felipe/airflow/dags/16_provide_template.py
[2023-12-31T12:47:42.057-0300] {logging_mixin.py:188} INFO - [2023-12-31T12:47:42.038-0300] {dag.py:3033} INFO - Sync 1 DAGs
[2023-12-31T12:47:43.638-0300] {logging_mixin.py:188} INFO - [2023-12-31T12:47:43.618-0300] {dag.py:3820} INFO - Setting next_dagrun for stocksense to 2023-12-30T00:00:00+00:00, run_after=2023-12-30T01:00:00+00:00
[2023-12-31T12:47:45.358-0300] {processor.py:183} INFO - Processing /home/felipe/airflow/dags/16_provide_template.py took 12.560 seconds
[2023-12-31T12:50:06.288-0300] {processor.py:161} INFO - Started process (PID=38840) to work on /home/felipe/airflow/dags/16_provide_template.py
[2023-12-31T12:50:06.408-0300] {processor.py:830} INFO - Processing file /home/felipe/airflow/dags/16_provide_template.py for tasks to queue
[2023-12-31T12:50:06.608-0300] {logging_mixin.py:188} INFO - [2023-12-31T12:50:06.517-0300] {dagbag.py:538} INFO - Filling up the DagBag from /home/felipe/airflow/dags/16_provide_template.py
[2023-12-31T12:50:08.408-0300] {processor.py:840} INFO - DAG(s) 'stocksense' retrieved from /home/felipe/airflow/dags/16_provide_template.py
[2023-12-31T12:50:11.747-0300] {logging_mixin.py:188} INFO - [2023-12-31T12:50:11.718-0300] {dag.py:3033} INFO - Sync 1 DAGs
[2023-12-31T12:50:15.288-0300] {logging_mixin.py:188} INFO - [2023-12-31T12:50:15.258-0300] {dag.py:3820} INFO - Setting next_dagrun for stocksense to 2023-12-30T00:00:00+00:00, run_after=2023-12-30T01:00:00+00:00
[2023-12-31T12:50:18.188-0300] {processor.py:183} INFO - Processing /home/felipe/airflow/dags/16_provide_template.py took 12.370 seconds
