[2023-12-31T09:32:17.128-0300] {processor.py:161} INFO - Started process (PID=31651) to work on /home/felipe/airflow/dags/18_creating_table.py
[2023-12-31T09:32:17.129-0300] {processor.py:830} INFO - Processing file /home/felipe/airflow/dags/18_creating_table.py for tasks to queue
[2023-12-31T09:32:17.131-0300] {logging_mixin.py:188} INFO - [2023-12-31T09:32:17.130-0300] {dagbag.py:538} INFO - Filling up the DagBag from /home/felipe/airflow/dags/18_creating_table.py
[2023-12-31T09:32:17.181-0300] {processor.py:840} INFO - DAG(s) 'stocksense' retrieved from /home/felipe/airflow/dags/18_creating_table.py
[2023-12-31T09:32:17.786-0300] {logging_mixin.py:188} INFO - [2023-12-31T09:32:17.781-0300] {dag.py:3033} INFO - Sync 1 DAGs
[2023-12-31T09:32:17.848-0300] {logging_mixin.py:188} INFO - [2023-12-31T09:32:17.848-0300] {dag.py:3820} INFO - Setting next_dagrun for stocksense to 2023-12-30T00:00:00+00:00, run_after=2023-12-30T01:00:00+00:00
[2023-12-31T09:32:17.937-0300] {processor.py:183} INFO - Processing /home/felipe/airflow/dags/18_creating_table.py took 0.817 seconds
[2023-12-31T09:34:48.740-0300] {processor.py:161} INFO - Started process (PID=31766) to work on /home/felipe/airflow/dags/18_creating_table.py
[2023-12-31T09:34:48.747-0300] {processor.py:830} INFO - Processing file /home/felipe/airflow/dags/18_creating_table.py for tasks to queue
[2023-12-31T09:34:48.749-0300] {logging_mixin.py:188} INFO - [2023-12-31T09:34:48.748-0300] {dagbag.py:538} INFO - Filling up the DagBag from /home/felipe/airflow/dags/18_creating_table.py
[2023-12-31T09:34:48.770-0300] {processor.py:840} INFO - DAG(s) 'stocksense' retrieved from /home/felipe/airflow/dags/18_creating_table.py
[2023-12-31T09:34:48.798-0300] {logging_mixin.py:188} INFO - [2023-12-31T09:34:48.797-0300] {dag.py:3033} INFO - Sync 1 DAGs
[2023-12-31T09:34:48.868-0300] {logging_mixin.py:188} INFO - [2023-12-31T09:34:48.868-0300] {dag.py:3820} INFO - Setting next_dagrun for stocksense to 2023-12-30T00:00:00+00:00, run_after=2023-12-30T01:00:00+00:00
[2023-12-31T09:34:48.960-0300] {processor.py:183} INFO - Processing /home/felipe/airflow/dags/18_creating_table.py took 0.230 seconds
[2023-12-31T09:38:12.556-0300] {processor.py:161} INFO - Started process (PID=32149) to work on /home/felipe/airflow/dags/18_creating_table.py
[2023-12-31T09:38:12.558-0300] {processor.py:830} INFO - Processing file /home/felipe/airflow/dags/18_creating_table.py for tasks to queue
[2023-12-31T09:38:12.560-0300] {logging_mixin.py:188} INFO - [2023-12-31T09:38:12.559-0300] {dagbag.py:538} INFO - Filling up the DagBag from /home/felipe/airflow/dags/18_creating_table.py
[2023-12-31T09:38:12.580-0300] {processor.py:840} INFO - DAG(s) 'stocksense' retrieved from /home/felipe/airflow/dags/18_creating_table.py
[2023-12-31T09:38:13.290-0300] {logging_mixin.py:188} INFO - [2023-12-31T09:38:13.290-0300] {dag.py:3033} INFO - Sync 1 DAGs
[2023-12-31T09:38:13.390-0300] {logging_mixin.py:188} INFO - [2023-12-31T09:38:13.389-0300] {dag.py:3820} INFO - Setting next_dagrun for stocksense to 2023-12-30T00:00:00+00:00, run_after=2023-12-30T01:00:00+00:00
[2023-12-31T09:38:13.569-0300] {processor.py:183} INFO - Processing /home/felipe/airflow/dags/18_creating_table.py took 1.022 seconds
[2023-12-31T09:39:45.567-0300] {processor.py:161} INFO - Started process (PID=32242) to work on /home/felipe/airflow/dags/18_creating_table.py
[2023-12-31T09:39:45.569-0300] {processor.py:830} INFO - Processing file /home/felipe/airflow/dags/18_creating_table.py for tasks to queue
[2023-12-31T09:39:45.570-0300] {logging_mixin.py:188} INFO - [2023-12-31T09:39:45.570-0300] {dagbag.py:538} INFO - Filling up the DagBag from /home/felipe/airflow/dags/18_creating_table.py
[2023-12-31T09:39:45.597-0300] {processor.py:840} INFO - DAG(s) 'stocksense' retrieved from /home/felipe/airflow/dags/18_creating_table.py
[2023-12-31T09:39:45.621-0300] {logging_mixin.py:188} INFO - [2023-12-31T09:39:45.620-0300] {dag.py:3033} INFO - Sync 1 DAGs
[2023-12-31T09:39:45.717-0300] {logging_mixin.py:188} INFO - [2023-12-31T09:39:45.717-0300] {dag.py:3820} INFO - Setting next_dagrun for stocksense to 2023-12-30T00:00:00+00:00, run_after=2023-12-30T01:00:00+00:00
[2023-12-31T09:39:45.840-0300] {processor.py:183} INFO - Processing /home/felipe/airflow/dags/18_creating_table.py took 0.290 seconds
[2023-12-31T09:51:22.519-0300] {processor.py:161} INFO - Started process (PID=32738) to work on /home/felipe/airflow/dags/18_creating_table.py
[2023-12-31T09:51:22.588-0300] {processor.py:830} INFO - Processing file /home/felipe/airflow/dags/18_creating_table.py for tasks to queue
[2023-12-31T09:51:22.638-0300] {logging_mixin.py:188} INFO - [2023-12-31T09:51:22.620-0300] {dagbag.py:538} INFO - Filling up the DagBag from /home/felipe/airflow/dags/18_creating_table.py
[2023-12-31T09:51:23.160-0300] {processor.py:840} INFO - DAG(s) 'stocksense' retrieved from /home/felipe/airflow/dags/18_creating_table.py
[2023-12-31T09:51:23.667-0300] {logging_mixin.py:188} INFO - [2023-12-31T09:51:23.649-0300] {dag.py:3033} INFO - Sync 1 DAGs
[2023-12-31T09:51:27.868-0300] {logging_mixin.py:188} INFO - [2023-12-31T09:51:27.867-0300] {dag.py:3820} INFO - Setting next_dagrun for stocksense to 2023-12-30T00:00:00+00:00, run_after=2023-12-30T01:00:00+00:00
[2023-12-31T09:51:28.290-0300] {processor.py:183} INFO - Processing /home/felipe/airflow/dags/18_creating_table.py took 5.864 seconds
[2023-12-31T09:55:01.479-0300] {processor.py:161} INFO - Started process (PID=32909) to work on /home/felipe/airflow/dags/18_creating_table.py
[2023-12-31T09:55:01.488-0300] {processor.py:830} INFO - Processing file /home/felipe/airflow/dags/18_creating_table.py for tasks to queue
[2023-12-31T09:55:01.489-0300] {logging_mixin.py:188} INFO - [2023-12-31T09:55:01.488-0300] {dagbag.py:538} INFO - Filling up the DagBag from /home/felipe/airflow/dags/18_creating_table.py
[2023-12-31T09:55:01.537-0300] {processor.py:840} INFO - DAG(s) 'stocksense' retrieved from /home/felipe/airflow/dags/18_creating_table.py
[2023-12-31T09:55:02.348-0300] {logging_mixin.py:188} INFO - [2023-12-31T09:55:02.347-0300] {dag.py:3033} INFO - Sync 1 DAGs
[2023-12-31T09:55:02.539-0300] {logging_mixin.py:188} INFO - [2023-12-31T09:55:02.538-0300] {dag.py:3820} INFO - Setting next_dagrun for stocksense to 2023-12-30T00:00:00+00:00, run_after=2023-12-30T01:00:00+00:00
[2023-12-31T09:55:02.760-0300] {processor.py:183} INFO - Processing /home/felipe/airflow/dags/18_creating_table.py took 1.293 seconds
[2023-12-31T09:59:40.900-0300] {processor.py:161} INFO - Started process (PID=33122) to work on /home/felipe/airflow/dags/18_creating_table.py
[2023-12-31T09:59:40.909-0300] {processor.py:830} INFO - Processing file /home/felipe/airflow/dags/18_creating_table.py for tasks to queue
[2023-12-31T09:59:40.918-0300] {logging_mixin.py:188} INFO - [2023-12-31T09:59:40.917-0300] {dagbag.py:538} INFO - Filling up the DagBag from /home/felipe/airflow/dags/18_creating_table.py
[2023-12-31T09:59:40.987-0300] {processor.py:840} INFO - DAG(s) 'stocksense' retrieved from /home/felipe/airflow/dags/18_creating_table.py
[2023-12-31T09:59:41.048-0300] {logging_mixin.py:188} INFO - [2023-12-31T09:59:41.047-0300] {dag.py:3033} INFO - Sync 1 DAGs
[2023-12-31T09:59:41.228-0300] {logging_mixin.py:188} INFO - [2023-12-31T09:59:41.228-0300] {dag.py:3820} INFO - Setting next_dagrun for stocksense to 2023-12-30T00:00:00+00:00, run_after=2023-12-30T01:00:00+00:00
[2023-12-31T09:59:41.427-0300] {processor.py:183} INFO - Processing /home/felipe/airflow/dags/18_creating_table.py took 0.539 seconds
[2023-12-31T10:01:08.068-0300] {processor.py:161} INFO - Started process (PID=33229) to work on /home/felipe/airflow/dags/18_creating_table.py
[2023-12-31T10:01:08.077-0300] {processor.py:830} INFO - Processing file /home/felipe/airflow/dags/18_creating_table.py for tasks to queue
[2023-12-31T10:01:08.079-0300] {logging_mixin.py:188} INFO - [2023-12-31T10:01:08.078-0300] {dagbag.py:538} INFO - Filling up the DagBag from /home/felipe/airflow/dags/18_creating_table.py
[2023-12-31T10:01:08.118-0300] {processor.py:840} INFO - DAG(s) 'stocksense' retrieved from /home/felipe/airflow/dags/18_creating_table.py
[2023-12-31T10:01:08.578-0300] {logging_mixin.py:188} INFO - [2023-12-31T10:01:08.577-0300] {dag.py:3033} INFO - Sync 1 DAGs
[2023-12-31T10:01:08.668-0300] {logging_mixin.py:188} INFO - [2023-12-31T10:01:08.668-0300] {dag.py:3820} INFO - Setting next_dagrun for stocksense to 2023-12-30T00:00:00+00:00, run_after=2023-12-30T01:00:00+00:00
[2023-12-31T10:01:08.817-0300] {processor.py:183} INFO - Processing /home/felipe/airflow/dags/18_creating_table.py took 0.768 seconds
[2023-12-31T10:02:17.589-0300] {processor.py:161} INFO - Started process (PID=33329) to work on /home/felipe/airflow/dags/18_creating_table.py
[2023-12-31T10:02:17.599-0300] {processor.py:830} INFO - Processing file /home/felipe/airflow/dags/18_creating_table.py for tasks to queue
[2023-12-31T10:02:17.606-0300] {logging_mixin.py:188} INFO - [2023-12-31T10:02:17.600-0300] {dagbag.py:538} INFO - Filling up the DagBag from /home/felipe/airflow/dags/18_creating_table.py
[2023-12-31T10:02:17.646-0300] {processor.py:840} INFO - DAG(s) 'stocksense' retrieved from /home/felipe/airflow/dags/18_creating_table.py
[2023-12-31T10:02:17.678-0300] {logging_mixin.py:188} INFO - [2023-12-31T10:02:17.677-0300] {dag.py:3033} INFO - Sync 1 DAGs
[2023-12-31T10:02:17.786-0300] {logging_mixin.py:188} INFO - [2023-12-31T10:02:17.780-0300] {dag.py:3820} INFO - Setting next_dagrun for stocksense to 2023-12-30T00:00:00+00:00, run_after=2023-12-30T01:00:00+00:00
[2023-12-31T10:02:17.927-0300] {processor.py:183} INFO - Processing /home/felipe/airflow/dags/18_creating_table.py took 0.348 seconds
[2023-12-31T10:03:22.206-0300] {processor.py:161} INFO - Started process (PID=33393) to work on /home/felipe/airflow/dags/18_creating_table.py
[2023-12-31T10:03:22.208-0300] {processor.py:830} INFO - Processing file /home/felipe/airflow/dags/18_creating_table.py for tasks to queue
[2023-12-31T10:03:22.217-0300] {logging_mixin.py:188} INFO - [2023-12-31T10:03:22.209-0300] {dagbag.py:538} INFO - Filling up the DagBag from /home/felipe/airflow/dags/18_creating_table.py
[2023-12-31T10:03:22.267-0300] {processor.py:840} INFO - DAG(s) 'stocksense' retrieved from /home/felipe/airflow/dags/18_creating_table.py
[2023-12-31T10:03:22.868-0300] {logging_mixin.py:188} INFO - [2023-12-31T10:03:22.868-0300] {dag.py:3033} INFO - Sync 1 DAGs
[2023-12-31T10:03:22.999-0300] {logging_mixin.py:188} INFO - [2023-12-31T10:03:22.998-0300] {dag.py:3820} INFO - Setting next_dagrun for stocksense to 2023-12-30T00:00:00+00:00, run_after=2023-12-30T01:00:00+00:00
[2023-12-31T10:03:23.158-0300] {processor.py:183} INFO - Processing /home/felipe/airflow/dags/18_creating_table.py took 0.969 seconds
[2023-12-31T10:04:32.506-0300] {processor.py:161} INFO - Started process (PID=33475) to work on /home/felipe/airflow/dags/18_creating_table.py
[2023-12-31T10:04:32.509-0300] {processor.py:830} INFO - Processing file /home/felipe/airflow/dags/18_creating_table.py for tasks to queue
[2023-12-31T10:04:32.516-0300] {logging_mixin.py:188} INFO - [2023-12-31T10:04:32.510-0300] {dagbag.py:538} INFO - Filling up the DagBag from /home/felipe/airflow/dags/18_creating_table.py
[2023-12-31T10:04:32.558-0300] {processor.py:840} INFO - DAG(s) 'stocksense' retrieved from /home/felipe/airflow/dags/18_creating_table.py
[2023-12-31T10:04:32.589-0300] {logging_mixin.py:188} INFO - [2023-12-31T10:04:32.588-0300] {dag.py:3033} INFO - Sync 1 DAGs
[2023-12-31T10:04:32.699-0300] {logging_mixin.py:188} INFO - [2023-12-31T10:04:32.698-0300] {dag.py:3820} INFO - Setting next_dagrun for stocksense to 2023-12-30T00:00:00+00:00, run_after=2023-12-30T01:00:00+00:00
[2023-12-31T10:04:32.819-0300] {processor.py:183} INFO - Processing /home/felipe/airflow/dags/18_creating_table.py took 0.330 seconds
[2023-12-31T10:05:43.308-0300] {processor.py:161} INFO - Started process (PID=33561) to work on /home/felipe/airflow/dags/18_creating_table.py
[2023-12-31T10:05:43.316-0300] {processor.py:830} INFO - Processing file /home/felipe/airflow/dags/18_creating_table.py for tasks to queue
[2023-12-31T10:05:43.318-0300] {logging_mixin.py:188} INFO - [2023-12-31T10:05:43.317-0300] {dagbag.py:538} INFO - Filling up the DagBag from /home/felipe/airflow/dags/18_creating_table.py
[2023-12-31T10:05:43.359-0300] {processor.py:840} INFO - DAG(s) 'stocksense' retrieved from /home/felipe/airflow/dags/18_creating_table.py
[2023-12-31T10:05:43.818-0300] {logging_mixin.py:188} INFO - [2023-12-31T10:05:43.817-0300] {dag.py:3033} INFO - Sync 1 DAGs
[2023-12-31T10:05:43.918-0300] {logging_mixin.py:188} INFO - [2023-12-31T10:05:43.918-0300] {dag.py:3820} INFO - Setting next_dagrun for stocksense to 2023-12-30T00:00:00+00:00, run_after=2023-12-30T01:00:00+00:00
[2023-12-31T10:05:44.048-0300] {processor.py:183} INFO - Processing /home/felipe/airflow/dags/18_creating_table.py took 0.751 seconds
[2023-12-31T10:06:54.749-0300] {processor.py:161} INFO - Started process (PID=33670) to work on /home/felipe/airflow/dags/18_creating_table.py
[2023-12-31T10:06:54.758-0300] {processor.py:830} INFO - Processing file /home/felipe/airflow/dags/18_creating_table.py for tasks to queue
[2023-12-31T10:06:54.767-0300] {logging_mixin.py:188} INFO - [2023-12-31T10:06:54.760-0300] {dagbag.py:538} INFO - Filling up the DagBag from /home/felipe/airflow/dags/18_creating_table.py
[2023-12-31T10:06:54.807-0300] {processor.py:840} INFO - DAG(s) 'stocksense' retrieved from /home/felipe/airflow/dags/18_creating_table.py
[2023-12-31T10:06:54.857-0300] {logging_mixin.py:188} INFO - [2023-12-31T10:06:54.856-0300] {dag.py:3033} INFO - Sync 1 DAGs
[2023-12-31T10:06:54.968-0300] {logging_mixin.py:188} INFO - [2023-12-31T10:06:54.967-0300] {dag.py:3820} INFO - Setting next_dagrun for stocksense to 2023-12-30T00:00:00+00:00, run_after=2023-12-30T01:00:00+00:00
[2023-12-31T10:06:55.107-0300] {processor.py:183} INFO - Processing /home/felipe/airflow/dags/18_creating_table.py took 0.368 seconds
[2023-12-31T10:08:06.827-0300] {processor.py:161} INFO - Started process (PID=33754) to work on /home/felipe/airflow/dags/18_creating_table.py
[2023-12-31T10:08:06.839-0300] {processor.py:830} INFO - Processing file /home/felipe/airflow/dags/18_creating_table.py for tasks to queue
[2023-12-31T10:08:06.847-0300] {logging_mixin.py:188} INFO - [2023-12-31T10:08:06.847-0300] {dagbag.py:538} INFO - Filling up the DagBag from /home/felipe/airflow/dags/18_creating_table.py
[2023-12-31T10:08:06.898-0300] {processor.py:840} INFO - DAG(s) 'stocksense' retrieved from /home/felipe/airflow/dags/18_creating_table.py
[2023-12-31T10:08:07.416-0300] {logging_mixin.py:188} INFO - [2023-12-31T10:08:07.409-0300] {dag.py:3033} INFO - Sync 1 DAGs
[2023-12-31T10:08:07.528-0300] {logging_mixin.py:188} INFO - [2023-12-31T10:08:07.527-0300] {dag.py:3820} INFO - Setting next_dagrun for stocksense to 2023-12-30T00:00:00+00:00, run_after=2023-12-30T01:00:00+00:00
[2023-12-31T10:08:07.657-0300] {processor.py:183} INFO - Processing /home/felipe/airflow/dags/18_creating_table.py took 0.849 seconds
[2023-12-31T11:28:31.554-0300] {processor.py:161} INFO - Started process (PID=33931) to work on /home/felipe/airflow/dags/18_creating_table.py
[2023-12-31T11:28:31.557-0300] {processor.py:830} INFO - Processing file /home/felipe/airflow/dags/18_creating_table.py for tasks to queue
[2023-12-31T11:28:31.566-0300] {logging_mixin.py:188} INFO - [2023-12-31T11:28:31.565-0300] {dagbag.py:538} INFO - Filling up the DagBag from /home/felipe/airflow/dags/18_creating_table.py
[2023-12-31T11:28:31.627-0300] {processor.py:840} INFO - DAG(s) 'stocksense' retrieved from /home/felipe/airflow/dags/18_creating_table.py
[2023-12-31T11:28:31.687-0300] {logging_mixin.py:188} INFO - [2023-12-31T11:28:31.686-0300] {dag.py:3033} INFO - Sync 1 DAGs
[2023-12-31T11:28:31.956-0300] {logging_mixin.py:188} INFO - [2023-12-31T11:28:31.955-0300] {dag.py:3820} INFO - Setting next_dagrun for stocksense to 2023-12-30T00:00:00+00:00, run_after=2023-12-30T01:00:00+00:00
[2023-12-31T11:28:32.264-0300] {processor.py:183} INFO - Processing /home/felipe/airflow/dags/18_creating_table.py took 0.722 seconds
[2023-12-31T11:30:31.606-0300] {processor.py:161} INFO - Started process (PID=34201) to work on /home/felipe/airflow/dags/18_creating_table.py
[2023-12-31T11:30:31.616-0300] {processor.py:830} INFO - Processing file /home/felipe/airflow/dags/18_creating_table.py for tasks to queue
[2023-12-31T11:30:31.626-0300] {logging_mixin.py:188} INFO - [2023-12-31T11:30:31.625-0300] {dagbag.py:538} INFO - Filling up the DagBag from /home/felipe/airflow/dags/18_creating_table.py
[2023-12-31T11:30:31.704-0300] {processor.py:840} INFO - DAG(s) 'stocksense' retrieved from /home/felipe/airflow/dags/18_creating_table.py
[2023-12-31T11:30:32.434-0300] {logging_mixin.py:188} INFO - [2023-12-31T11:30:32.426-0300] {dag.py:3033} INFO - Sync 1 DAGs
[2023-12-31T11:30:32.576-0300] {logging_mixin.py:188} INFO - [2023-12-31T11:30:32.575-0300] {dag.py:3820} INFO - Setting next_dagrun for stocksense to 2023-12-30T00:00:00+00:00, run_after=2023-12-30T01:00:00+00:00
[2023-12-31T11:30:32.775-0300] {processor.py:183} INFO - Processing /home/felipe/airflow/dags/18_creating_table.py took 1.180 seconds
[2023-12-31T11:32:03.214-0300] {processor.py:161} INFO - Started process (PID=34318) to work on /home/felipe/airflow/dags/18_creating_table.py
[2023-12-31T11:32:03.216-0300] {processor.py:830} INFO - Processing file /home/felipe/airflow/dags/18_creating_table.py for tasks to queue
[2023-12-31T11:32:03.224-0300] {logging_mixin.py:188} INFO - [2023-12-31T11:32:03.217-0300] {dagbag.py:538} INFO - Filling up the DagBag from /home/felipe/airflow/dags/18_creating_table.py
[2023-12-31T11:32:03.286-0300] {processor.py:840} INFO - DAG(s) 'stocksense' retrieved from /home/felipe/airflow/dags/18_creating_table.py
[2023-12-31T11:32:03.347-0300] {logging_mixin.py:188} INFO - [2023-12-31T11:32:03.346-0300] {dag.py:3033} INFO - Sync 1 DAGs
[2023-12-31T11:32:03.537-0300] {logging_mixin.py:188} INFO - [2023-12-31T11:32:03.536-0300] {dag.py:3820} INFO - Setting next_dagrun for stocksense to 2023-12-30T00:00:00+00:00, run_after=2023-12-30T01:00:00+00:00
[2023-12-31T11:32:03.696-0300] {processor.py:183} INFO - Processing /home/felipe/airflow/dags/18_creating_table.py took 0.500 seconds
[2023-12-31T11:33:31.577-0300] {processor.py:161} INFO - Started process (PID=34416) to work on /home/felipe/airflow/dags/18_creating_table.py
[2023-12-31T11:33:31.594-0300] {processor.py:830} INFO - Processing file /home/felipe/airflow/dags/18_creating_table.py for tasks to queue
[2023-12-31T11:33:31.604-0300] {logging_mixin.py:188} INFO - [2023-12-31T11:33:31.596-0300] {dagbag.py:538} INFO - Filling up the DagBag from /home/felipe/airflow/dags/18_creating_table.py
[2023-12-31T11:33:31.694-0300] {processor.py:840} INFO - DAG(s) 'stocksense' retrieved from /home/felipe/airflow/dags/18_creating_table.py
[2023-12-31T11:33:32.584-0300] {logging_mixin.py:188} INFO - [2023-12-31T11:33:32.577-0300] {dag.py:3033} INFO - Sync 1 DAGs
[2023-12-31T11:33:32.744-0300] {logging_mixin.py:188} INFO - [2023-12-31T11:33:32.736-0300] {dag.py:3820} INFO - Setting next_dagrun for stocksense to 2023-12-30T00:00:00+00:00, run_after=2023-12-30T01:00:00+00:00
[2023-12-31T11:33:32.946-0300] {processor.py:183} INFO - Processing /home/felipe/airflow/dags/18_creating_table.py took 1.382 seconds
[2023-12-31T11:34:57.495-0300] {processor.py:161} INFO - Started process (PID=34512) to work on /home/felipe/airflow/dags/18_creating_table.py
[2023-12-31T11:34:57.504-0300] {processor.py:830} INFO - Processing file /home/felipe/airflow/dags/18_creating_table.py for tasks to queue
[2023-12-31T11:34:57.506-0300] {logging_mixin.py:188} INFO - [2023-12-31T11:34:57.505-0300] {dagbag.py:538} INFO - Filling up the DagBag from /home/felipe/airflow/dags/18_creating_table.py
[2023-12-31T11:34:57.556-0300] {processor.py:840} INFO - DAG(s) 'stocksense' retrieved from /home/felipe/airflow/dags/18_creating_table.py
[2023-12-31T11:34:57.615-0300] {logging_mixin.py:188} INFO - [2023-12-31T11:34:57.614-0300] {dag.py:3033} INFO - Sync 1 DAGs
[2023-12-31T11:34:57.845-0300] {logging_mixin.py:188} INFO - [2023-12-31T11:34:57.844-0300] {dag.py:3820} INFO - Setting next_dagrun for stocksense to 2023-12-30T00:00:00+00:00, run_after=2023-12-30T01:00:00+00:00
[2023-12-31T11:34:58.046-0300] {processor.py:183} INFO - Processing /home/felipe/airflow/dags/18_creating_table.py took 0.570 seconds
[2023-12-31T11:36:19.356-0300] {processor.py:161} INFO - Started process (PID=34631) to work on /home/felipe/airflow/dags/18_creating_table.py
[2023-12-31T11:36:19.364-0300] {processor.py:830} INFO - Processing file /home/felipe/airflow/dags/18_creating_table.py for tasks to queue
[2023-12-31T11:36:19.366-0300] {logging_mixin.py:188} INFO - [2023-12-31T11:36:19.365-0300] {dagbag.py:538} INFO - Filling up the DagBag from /home/felipe/airflow/dags/18_creating_table.py
[2023-12-31T11:36:19.416-0300] {processor.py:840} INFO - DAG(s) 'stocksense' retrieved from /home/felipe/airflow/dags/18_creating_table.py
[2023-12-31T11:36:20.076-0300] {logging_mixin.py:188} INFO - [2023-12-31T11:36:20.075-0300] {dag.py:3033} INFO - Sync 1 DAGs
[2023-12-31T11:36:20.225-0300] {logging_mixin.py:188} INFO - [2023-12-31T11:36:20.225-0300] {dag.py:3820} INFO - Setting next_dagrun for stocksense to 2023-12-30T00:00:00+00:00, run_after=2023-12-30T01:00:00+00:00
[2023-12-31T11:36:20.396-0300] {processor.py:183} INFO - Processing /home/felipe/airflow/dags/18_creating_table.py took 1.051 seconds
[2023-12-31T11:37:43.314-0300] {processor.py:161} INFO - Started process (PID=34720) to work on /home/felipe/airflow/dags/18_creating_table.py
[2023-12-31T11:37:43.317-0300] {processor.py:830} INFO - Processing file /home/felipe/airflow/dags/18_creating_table.py for tasks to queue
[2023-12-31T11:37:43.326-0300] {logging_mixin.py:188} INFO - [2023-12-31T11:37:43.325-0300] {dagbag.py:538} INFO - Filling up the DagBag from /home/felipe/airflow/dags/18_creating_table.py
[2023-12-31T11:37:43.376-0300] {processor.py:840} INFO - DAG(s) 'stocksense' retrieved from /home/felipe/airflow/dags/18_creating_table.py
[2023-12-31T11:37:43.417-0300] {logging_mixin.py:188} INFO - [2023-12-31T11:37:43.416-0300] {dag.py:3033} INFO - Sync 1 DAGs
[2023-12-31T11:37:43.596-0300] {logging_mixin.py:188} INFO - [2023-12-31T11:37:43.595-0300] {dag.py:3820} INFO - Setting next_dagrun for stocksense to 2023-12-30T00:00:00+00:00, run_after=2023-12-30T01:00:00+00:00
[2023-12-31T11:37:43.805-0300] {processor.py:183} INFO - Processing /home/felipe/airflow/dags/18_creating_table.py took 0.510 seconds
[2023-12-31T11:39:04.234-0300] {processor.py:161} INFO - Started process (PID=34809) to work on /home/felipe/airflow/dags/18_creating_table.py
[2023-12-31T11:39:04.236-0300] {processor.py:830} INFO - Processing file /home/felipe/airflow/dags/18_creating_table.py for tasks to queue
[2023-12-31T11:39:04.245-0300] {logging_mixin.py:188} INFO - [2023-12-31T11:39:04.244-0300] {dagbag.py:538} INFO - Filling up the DagBag from /home/felipe/airflow/dags/18_creating_table.py
[2023-12-31T11:39:04.325-0300] {processor.py:840} INFO - DAG(s) 'stocksense' retrieved from /home/felipe/airflow/dags/18_creating_table.py
[2023-12-31T11:39:05.096-0300] {logging_mixin.py:188} INFO - [2023-12-31T11:39:05.096-0300] {dag.py:3033} INFO - Sync 1 DAGs
[2023-12-31T11:39:05.265-0300] {logging_mixin.py:188} INFO - [2023-12-31T11:39:05.265-0300] {dag.py:3820} INFO - Setting next_dagrun for stocksense to 2023-12-30T00:00:00+00:00, run_after=2023-12-30T01:00:00+00:00
[2023-12-31T11:39:05.494-0300] {processor.py:183} INFO - Processing /home/felipe/airflow/dags/18_creating_table.py took 1.278 seconds
[2023-12-31T11:40:28.456-0300] {processor.py:161} INFO - Started process (PID=34931) to work on /home/felipe/airflow/dags/18_creating_table.py
[2023-12-31T11:40:28.464-0300] {processor.py:830} INFO - Processing file /home/felipe/airflow/dags/18_creating_table.py for tasks to queue
[2023-12-31T11:40:28.466-0300] {logging_mixin.py:188} INFO - [2023-12-31T11:40:28.465-0300] {dagbag.py:538} INFO - Filling up the DagBag from /home/felipe/airflow/dags/18_creating_table.py
[2023-12-31T11:40:28.515-0300] {processor.py:840} INFO - DAG(s) 'stocksense' retrieved from /home/felipe/airflow/dags/18_creating_table.py
[2023-12-31T11:40:28.574-0300] {logging_mixin.py:188} INFO - [2023-12-31T11:40:28.566-0300] {dag.py:3033} INFO - Sync 1 DAGs
[2023-12-31T11:40:28.726-0300] {logging_mixin.py:188} INFO - [2023-12-31T11:40:28.725-0300] {dag.py:3820} INFO - Setting next_dagrun for stocksense to 2023-12-30T00:00:00+00:00, run_after=2023-12-30T01:00:00+00:00
[2023-12-31T11:40:28.926-0300] {processor.py:183} INFO - Processing /home/felipe/airflow/dags/18_creating_table.py took 0.482 seconds
[2023-12-31T11:42:00.145-0300] {processor.py:161} INFO - Started process (PID=35033) to work on /home/felipe/airflow/dags/18_creating_table.py
[2023-12-31T11:42:00.155-0300] {processor.py:830} INFO - Processing file /home/felipe/airflow/dags/18_creating_table.py for tasks to queue
[2023-12-31T11:42:00.164-0300] {logging_mixin.py:188} INFO - [2023-12-31T11:42:00.156-0300] {dagbag.py:538} INFO - Filling up the DagBag from /home/felipe/airflow/dags/18_creating_table.py
[2023-12-31T11:42:00.244-0300] {processor.py:840} INFO - DAG(s) 'stocksense' retrieved from /home/felipe/airflow/dags/18_creating_table.py
[2023-12-31T11:42:01.604-0300] {logging_mixin.py:188} INFO - [2023-12-31T11:42:01.596-0300] {dag.py:3033} INFO - Sync 1 DAGs
[2023-12-31T11:42:01.866-0300] {logging_mixin.py:188} INFO - [2023-12-31T11:42:01.866-0300] {dag.py:3820} INFO - Setting next_dagrun for stocksense to 2023-12-30T00:00:00+00:00, run_after=2023-12-30T01:00:00+00:00
[2023-12-31T11:42:02.296-0300] {processor.py:183} INFO - Processing /home/felipe/airflow/dags/18_creating_table.py took 2.180 seconds
[2023-12-31T11:43:36.454-0300] {processor.py:161} INFO - Started process (PID=35147) to work on /home/felipe/airflow/dags/18_creating_table.py
[2023-12-31T11:43:36.465-0300] {processor.py:830} INFO - Processing file /home/felipe/airflow/dags/18_creating_table.py for tasks to queue
[2023-12-31T11:43:36.475-0300] {logging_mixin.py:188} INFO - [2023-12-31T11:43:36.474-0300] {dagbag.py:538} INFO - Filling up the DagBag from /home/felipe/airflow/dags/18_creating_table.py
[2023-12-31T11:43:36.565-0300] {processor.py:840} INFO - DAG(s) 'stocksense' retrieved from /home/felipe/airflow/dags/18_creating_table.py
[2023-12-31T11:43:36.634-0300] {logging_mixin.py:188} INFO - [2023-12-31T11:43:36.626-0300] {dag.py:3033} INFO - Sync 1 DAGs
[2023-12-31T11:43:36.856-0300] {logging_mixin.py:188} INFO - [2023-12-31T11:43:36.855-0300] {dag.py:3820} INFO - Setting next_dagrun for stocksense to 2023-12-30T00:00:00+00:00, run_after=2023-12-30T01:00:00+00:00
[2023-12-31T11:43:37.125-0300] {processor.py:183} INFO - Processing /home/felipe/airflow/dags/18_creating_table.py took 0.699 seconds
[2023-12-31T11:45:16.856-0300] {processor.py:161} INFO - Started process (PID=35280) to work on /home/felipe/airflow/dags/18_creating_table.py
[2023-12-31T11:45:16.875-0300] {processor.py:830} INFO - Processing file /home/felipe/airflow/dags/18_creating_table.py for tasks to queue
[2023-12-31T11:45:16.884-0300] {logging_mixin.py:188} INFO - [2023-12-31T11:45:16.876-0300] {dagbag.py:538} INFO - Filling up the DagBag from /home/felipe/airflow/dags/18_creating_table.py
[2023-12-31T11:45:16.966-0300] {processor.py:840} INFO - DAG(s) 'stocksense' retrieved from /home/felipe/airflow/dags/18_creating_table.py
[2023-12-31T11:45:17.945-0300] {logging_mixin.py:188} INFO - [2023-12-31T11:45:17.944-0300] {dag.py:3033} INFO - Sync 1 DAGs
[2023-12-31T11:45:18.134-0300] {logging_mixin.py:188} INFO - [2023-12-31T11:45:18.134-0300] {dag.py:3820} INFO - Setting next_dagrun for stocksense to 2023-12-30T00:00:00+00:00, run_after=2023-12-30T01:00:00+00:00
[2023-12-31T11:45:18.356-0300] {processor.py:183} INFO - Processing /home/felipe/airflow/dags/18_creating_table.py took 1.520 seconds
[2023-12-31T11:46:54.964-0300] {processor.py:161} INFO - Started process (PID=35399) to work on /home/felipe/airflow/dags/18_creating_table.py
[2023-12-31T11:46:54.974-0300] {processor.py:830} INFO - Processing file /home/felipe/airflow/dags/18_creating_table.py for tasks to queue
[2023-12-31T11:46:54.975-0300] {logging_mixin.py:188} INFO - [2023-12-31T11:46:54.975-0300] {dagbag.py:538} INFO - Filling up the DagBag from /home/felipe/airflow/dags/18_creating_table.py
[2023-12-31T11:46:55.054-0300] {processor.py:840} INFO - DAG(s) 'stocksense' retrieved from /home/felipe/airflow/dags/18_creating_table.py
[2023-12-31T11:46:55.106-0300] {logging_mixin.py:188} INFO - [2023-12-31T11:46:55.105-0300] {dag.py:3033} INFO - Sync 1 DAGs
[2023-12-31T11:46:55.276-0300] {logging_mixin.py:188} INFO - [2023-12-31T11:46:55.276-0300] {dag.py:3820} INFO - Setting next_dagrun for stocksense to 2023-12-30T00:00:00+00:00, run_after=2023-12-30T01:00:00+00:00
[2023-12-31T11:46:55.485-0300] {processor.py:183} INFO - Processing /home/felipe/airflow/dags/18_creating_table.py took 0.541 seconds
[2023-12-31T11:49:02.244-0300] {processor.py:161} INFO - Started process (PID=35563) to work on /home/felipe/airflow/dags/18_creating_table.py
[2023-12-31T11:49:02.254-0300] {processor.py:830} INFO - Processing file /home/felipe/airflow/dags/18_creating_table.py for tasks to queue
[2023-12-31T11:49:02.255-0300] {logging_mixin.py:188} INFO - [2023-12-31T11:49:02.255-0300] {dagbag.py:538} INFO - Filling up the DagBag from /home/felipe/airflow/dags/18_creating_table.py
[2023-12-31T11:49:02.334-0300] {processor.py:840} INFO - DAG(s) 'stocksense' retrieved from /home/felipe/airflow/dags/18_creating_table.py
[2023-12-31T11:49:03.486-0300] {logging_mixin.py:188} INFO - [2023-12-31T11:49:03.485-0300] {dag.py:3033} INFO - Sync 1 DAGs
[2023-12-31T11:49:03.746-0300] {logging_mixin.py:188} INFO - [2023-12-31T11:49:03.745-0300] {dag.py:3820} INFO - Setting next_dagrun for stocksense to 2023-12-30T00:00:00+00:00, run_after=2023-12-30T01:00:00+00:00
[2023-12-31T11:49:04.034-0300] {processor.py:183} INFO - Processing /home/felipe/airflow/dags/18_creating_table.py took 1.802 seconds
[2023-12-31T11:51:11.956-0300] {processor.py:161} INFO - Started process (PID=35714) to work on /home/felipe/airflow/dags/18_creating_table.py
[2023-12-31T11:51:11.966-0300] {processor.py:830} INFO - Processing file /home/felipe/airflow/dags/18_creating_table.py for tasks to queue
[2023-12-31T11:51:11.975-0300] {logging_mixin.py:188} INFO - [2023-12-31T11:51:11.975-0300] {dagbag.py:538} INFO - Filling up the DagBag from /home/felipe/airflow/dags/18_creating_table.py
[2023-12-31T11:51:12.084-0300] {processor.py:840} INFO - DAG(s) 'stocksense' retrieved from /home/felipe/airflow/dags/18_creating_table.py
[2023-12-31T11:51:12.174-0300] {logging_mixin.py:188} INFO - [2023-12-31T11:51:12.166-0300] {dag.py:3033} INFO - Sync 1 DAGs
[2023-12-31T11:51:12.496-0300] {logging_mixin.py:188} INFO - [2023-12-31T11:51:12.494-0300] {dag.py:3820} INFO - Setting next_dagrun for stocksense to 2023-12-30T00:00:00+00:00, run_after=2023-12-30T01:00:00+00:00
[2023-12-31T11:51:12.905-0300] {processor.py:183} INFO - Processing /home/felipe/airflow/dags/18_creating_table.py took 0.969 seconds
[2023-12-31T11:53:56.095-0300] {processor.py:161} INFO - Started process (PID=35841) to work on /home/felipe/airflow/dags/18_creating_table.py
[2023-12-31T11:53:56.104-0300] {processor.py:830} INFO - Processing file /home/felipe/airflow/dags/18_creating_table.py for tasks to queue
[2023-12-31T11:53:56.106-0300] {logging_mixin.py:188} INFO - [2023-12-31T11:53:56.105-0300] {dagbag.py:538} INFO - Filling up the DagBag from /home/felipe/airflow/dags/18_creating_table.py
[2023-12-31T11:53:56.195-0300] {processor.py:840} INFO - DAG(s) 'stocksense' retrieved from /home/felipe/airflow/dags/18_creating_table.py
[2023-12-31T11:53:57.346-0300] {logging_mixin.py:188} INFO - [2023-12-31T11:53:57.345-0300] {dag.py:3033} INFO - Sync 1 DAGs
[2023-12-31T11:53:57.535-0300] {logging_mixin.py:188} INFO - [2023-12-31T11:53:57.535-0300] {dag.py:3820} INFO - Setting next_dagrun for stocksense to 2023-12-30T00:00:00+00:00, run_after=2023-12-30T01:00:00+00:00
[2023-12-31T11:53:57.854-0300] {processor.py:183} INFO - Processing /home/felipe/airflow/dags/18_creating_table.py took 1.798 seconds
[2023-12-31T11:55:53.856-0300] {processor.py:161} INFO - Started process (PID=35988) to work on /home/felipe/airflow/dags/18_creating_table.py
[2023-12-31T11:55:53.865-0300] {processor.py:830} INFO - Processing file /home/felipe/airflow/dags/18_creating_table.py for tasks to queue
[2023-12-31T11:55:53.875-0300] {logging_mixin.py:188} INFO - [2023-12-31T11:55:53.874-0300] {dagbag.py:538} INFO - Filling up the DagBag from /home/felipe/airflow/dags/18_creating_table.py
[2023-12-31T11:55:53.964-0300] {processor.py:840} INFO - DAG(s) 'stocksense' retrieved from /home/felipe/airflow/dags/18_creating_table.py
[2023-12-31T11:55:54.034-0300] {logging_mixin.py:188} INFO - [2023-12-31T11:55:54.026-0300] {dag.py:3033} INFO - Sync 1 DAGs
[2023-12-31T11:55:54.246-0300] {logging_mixin.py:188} INFO - [2023-12-31T11:55:54.245-0300] {dag.py:3820} INFO - Setting next_dagrun for stocksense to 2023-12-30T00:00:00+00:00, run_after=2023-12-30T01:00:00+00:00
[2023-12-31T11:55:54.535-0300] {processor.py:183} INFO - Processing /home/felipe/airflow/dags/18_creating_table.py took 0.700 seconds
[2023-12-31T11:57:37.665-0300] {processor.py:161} INFO - Started process (PID=36085) to work on /home/felipe/airflow/dags/18_creating_table.py
[2023-12-31T11:57:37.675-0300] {processor.py:830} INFO - Processing file /home/felipe/airflow/dags/18_creating_table.py for tasks to queue
[2023-12-31T11:57:37.684-0300] {logging_mixin.py:188} INFO - [2023-12-31T11:57:37.684-0300] {dagbag.py:538} INFO - Filling up the DagBag from /home/felipe/airflow/dags/18_creating_table.py
[2023-12-31T11:57:37.765-0300] {processor.py:840} INFO - DAG(s) 'stocksense' retrieved from /home/felipe/airflow/dags/18_creating_table.py
[2023-12-31T11:57:38.744-0300] {logging_mixin.py:188} INFO - [2023-12-31T11:57:38.735-0300] {dag.py:3033} INFO - Sync 1 DAGs
[2023-12-31T11:57:38.925-0300] {logging_mixin.py:188} INFO - [2023-12-31T11:57:38.924-0300] {dag.py:3820} INFO - Setting next_dagrun for stocksense to 2023-12-30T00:00:00+00:00, run_after=2023-12-30T01:00:00+00:00
[2023-12-31T11:57:39.165-0300] {processor.py:183} INFO - Processing /home/felipe/airflow/dags/18_creating_table.py took 1.520 seconds
[2023-12-31T11:59:24.425-0300] {processor.py:161} INFO - Started process (PID=36192) to work on /home/felipe/airflow/dags/18_creating_table.py
[2023-12-31T11:59:24.435-0300] {processor.py:830} INFO - Processing file /home/felipe/airflow/dags/18_creating_table.py for tasks to queue
[2023-12-31T11:59:24.445-0300] {logging_mixin.py:188} INFO - [2023-12-31T11:59:24.444-0300] {dagbag.py:538} INFO - Filling up the DagBag from /home/felipe/airflow/dags/18_creating_table.py
[2023-12-31T11:59:24.515-0300] {processor.py:840} INFO - DAG(s) 'stocksense' retrieved from /home/felipe/airflow/dags/18_creating_table.py
[2023-12-31T11:59:24.594-0300] {logging_mixin.py:188} INFO - [2023-12-31T11:59:24.594-0300] {dag.py:3033} INFO - Sync 1 DAGs
[2023-12-31T11:59:24.805-0300] {logging_mixin.py:188} INFO - [2023-12-31T11:59:24.804-0300] {dag.py:3820} INFO - Setting next_dagrun for stocksense to 2023-12-30T00:00:00+00:00, run_after=2023-12-30T01:00:00+00:00
[2023-12-31T11:59:25.064-0300] {processor.py:183} INFO - Processing /home/felipe/airflow/dags/18_creating_table.py took 0.660 seconds
[2023-12-31T12:01:11.264-0300] {processor.py:161} INFO - Started process (PID=36322) to work on /home/felipe/airflow/dags/18_creating_table.py
[2023-12-31T12:01:11.274-0300] {processor.py:830} INFO - Processing file /home/felipe/airflow/dags/18_creating_table.py for tasks to queue
[2023-12-31T12:01:11.284-0300] {logging_mixin.py:188} INFO - [2023-12-31T12:01:11.275-0300] {dagbag.py:538} INFO - Filling up the DagBag from /home/felipe/airflow/dags/18_creating_table.py
[2023-12-31T12:01:11.365-0300] {processor.py:840} INFO - DAG(s) 'stocksense' retrieved from /home/felipe/airflow/dags/18_creating_table.py
[2023-12-31T12:01:12.555-0300] {logging_mixin.py:188} INFO - [2023-12-31T12:01:12.554-0300] {dag.py:3033} INFO - Sync 1 DAGs
[2023-12-31T12:01:12.814-0300] {logging_mixin.py:188} INFO - [2023-12-31T12:01:12.805-0300] {dag.py:3820} INFO - Setting next_dagrun for stocksense to 2023-12-30T00:00:00+00:00, run_after=2023-12-30T01:00:00+00:00
[2023-12-31T12:01:13.145-0300] {processor.py:183} INFO - Processing /home/felipe/airflow/dags/18_creating_table.py took 1.921 seconds
[2023-12-31T12:03:09.835-0300] {processor.py:161} INFO - Started process (PID=36435) to work on /home/felipe/airflow/dags/18_creating_table.py
[2023-12-31T12:03:09.854-0300] {processor.py:830} INFO - Processing file /home/felipe/airflow/dags/18_creating_table.py for tasks to queue
[2023-12-31T12:03:09.864-0300] {logging_mixin.py:188} INFO - [2023-12-31T12:03:09.855-0300] {dagbag.py:538} INFO - Filling up the DagBag from /home/felipe/airflow/dags/18_creating_table.py
[2023-12-31T12:03:09.975-0300] {processor.py:840} INFO - DAG(s) 'stocksense' retrieved from /home/felipe/airflow/dags/18_creating_table.py
[2023-12-31T12:03:10.075-0300] {logging_mixin.py:188} INFO - [2023-12-31T12:03:10.065-0300] {dag.py:3033} INFO - Sync 1 DAGs
[2023-12-31T12:03:10.475-0300] {logging_mixin.py:188} INFO - [2023-12-31T12:03:10.475-0300] {dag.py:3820} INFO - Setting next_dagrun for stocksense to 2023-12-30T00:00:00+00:00, run_after=2023-12-30T01:00:00+00:00
[2023-12-31T12:03:10.864-0300] {processor.py:183} INFO - Processing /home/felipe/airflow/dags/18_creating_table.py took 1.061 seconds
[2023-12-31T12:06:17.014-0300] {processor.py:161} INFO - Started process (PID=36666) to work on /home/felipe/airflow/dags/18_creating_table.py
[2023-12-31T12:06:17.035-0300] {processor.py:830} INFO - Processing file /home/felipe/airflow/dags/18_creating_table.py for tasks to queue
[2023-12-31T12:06:17.054-0300] {logging_mixin.py:188} INFO - [2023-12-31T12:06:17.045-0300] {dagbag.py:538} INFO - Filling up the DagBag from /home/felipe/airflow/dags/18_creating_table.py
[2023-12-31T12:06:17.324-0300] {processor.py:840} INFO - DAG(s) 'stocksense' retrieved from /home/felipe/airflow/dags/18_creating_table.py
[2023-12-31T12:06:20.745-0300] {logging_mixin.py:188} INFO - [2023-12-31T12:06:20.744-0300] {dag.py:3033} INFO - Sync 1 DAGs
[2023-12-31T12:06:21.255-0300] {logging_mixin.py:188} INFO - [2023-12-31T12:06:21.254-0300] {dag.py:3820} INFO - Setting next_dagrun for stocksense to 2023-12-30T00:00:00+00:00, run_after=2023-12-30T01:00:00+00:00
[2023-12-31T12:06:21.975-0300] {processor.py:183} INFO - Processing /home/felipe/airflow/dags/18_creating_table.py took 5.020 seconds
[2023-12-31T12:09:41.495-0300] {processor.py:161} INFO - Started process (PID=37042) to work on /home/felipe/airflow/dags/18_creating_table.py
[2023-12-31T12:09:41.524-0300] {processor.py:830} INFO - Processing file /home/felipe/airflow/dags/18_creating_table.py for tasks to queue
[2023-12-31T12:09:41.545-0300] {logging_mixin.py:188} INFO - [2023-12-31T12:09:41.535-0300] {dagbag.py:538} INFO - Filling up the DagBag from /home/felipe/airflow/dags/18_creating_table.py
[2023-12-31T12:09:41.784-0300] {processor.py:840} INFO - DAG(s) 'stocksense' retrieved from /home/felipe/airflow/dags/18_creating_table.py
[2023-12-31T12:09:43.565-0300] {logging_mixin.py:188} INFO - [2023-12-31T12:09:43.564-0300] {dag.py:3033} INFO - Sync 1 DAGs
[2023-12-31T12:09:43.984-0300] {logging_mixin.py:188} INFO - [2023-12-31T12:09:43.975-0300] {dag.py:3820} INFO - Setting next_dagrun for stocksense to 2023-12-30T00:00:00+00:00, run_after=2023-12-30T01:00:00+00:00
[2023-12-31T12:09:44.445-0300] {processor.py:183} INFO - Processing /home/felipe/airflow/dags/18_creating_table.py took 2.981 seconds
[2023-12-31T12:11:02.345-0300] {processor.py:161} INFO - Started process (PID=37145) to work on /home/felipe/airflow/dags/18_creating_table.py
[2023-12-31T12:11:02.364-0300] {processor.py:830} INFO - Processing file /home/felipe/airflow/dags/18_creating_table.py for tasks to queue
[2023-12-31T12:11:02.374-0300] {logging_mixin.py:188} INFO - [2023-12-31T12:11:02.374-0300] {dagbag.py:538} INFO - Filling up the DagBag from /home/felipe/airflow/dags/18_creating_table.py
[2023-12-31T12:11:03.854-0300] {processor.py:840} INFO - DAG(s) 'stocksense' retrieved from /home/felipe/airflow/dags/18_creating_table.py
[2023-12-31T12:11:06.735-0300] {logging_mixin.py:188} INFO - [2023-12-31T12:11:06.734-0300] {dag.py:3033} INFO - Sync 1 DAGs
[2023-12-31T12:11:07.194-0300] {logging_mixin.py:188} INFO - [2023-12-31T12:11:07.185-0300] {dag.py:3820} INFO - Setting next_dagrun for stocksense to 2023-12-30T00:00:00+00:00, run_after=2023-12-30T01:00:00+00:00
[2023-12-31T12:11:07.785-0300] {processor.py:183} INFO - Processing /home/felipe/airflow/dags/18_creating_table.py took 5.500 seconds
[2023-12-31T12:12:00.654-0300] {processor.py:161} INFO - Started process (PID=37221) to work on /home/felipe/airflow/dags/18_creating_table.py
[2023-12-31T12:12:00.664-0300] {processor.py:830} INFO - Processing file /home/felipe/airflow/dags/18_creating_table.py for tasks to queue
[2023-12-31T12:12:00.675-0300] {logging_mixin.py:188} INFO - [2023-12-31T12:12:00.674-0300] {dagbag.py:538} INFO - Filling up the DagBag from /home/felipe/airflow/dags/18_creating_table.py
[2023-12-31T12:12:00.845-0300] {processor.py:840} INFO - DAG(s) 'stocksense' retrieved from /home/felipe/airflow/dags/18_creating_table.py
[2023-12-31T12:12:00.984-0300] {logging_mixin.py:188} INFO - [2023-12-31T12:12:00.984-0300] {dag.py:3033} INFO - Sync 1 DAGs
[2023-12-31T12:12:01.334-0300] {logging_mixin.py:188} INFO - [2023-12-31T12:12:01.324-0300] {dag.py:3820} INFO - Setting next_dagrun for stocksense to 2023-12-30T00:00:00+00:00, run_after=2023-12-30T01:00:00+00:00
[2023-12-31T12:12:01.735-0300] {processor.py:183} INFO - Processing /home/felipe/airflow/dags/18_creating_table.py took 1.120 seconds
[2023-12-31T12:12:40.035-0300] {processor.py:161} INFO - Started process (PID=37278) to work on /home/felipe/airflow/dags/18_creating_table.py
[2023-12-31T12:12:40.054-0300] {processor.py:830} INFO - Processing file /home/felipe/airflow/dags/18_creating_table.py for tasks to queue
[2023-12-31T12:12:40.064-0300] {logging_mixin.py:188} INFO - [2023-12-31T12:12:40.064-0300] {dagbag.py:538} INFO - Filling up the DagBag from /home/felipe/airflow/dags/18_creating_table.py
[2023-12-31T12:12:40.234-0300] {processor.py:840} INFO - DAG(s) 'stocksense' retrieved from /home/felipe/airflow/dags/18_creating_table.py
[2023-12-31T12:12:42.075-0300] {logging_mixin.py:188} INFO - [2023-12-31T12:12:42.074-0300] {dag.py:3033} INFO - Sync 1 DAGs
[2023-12-31T12:12:42.444-0300] {logging_mixin.py:188} INFO - [2023-12-31T12:12:42.434-0300] {dag.py:3820} INFO - Setting next_dagrun for stocksense to 2023-12-30T00:00:00+00:00, run_after=2023-12-30T01:00:00+00:00
[2023-12-31T12:12:42.925-0300] {processor.py:183} INFO - Processing /home/felipe/airflow/dags/18_creating_table.py took 2.920 seconds
[2023-12-31T12:13:19.555-0300] {processor.py:161} INFO - Started process (PID=37326) to work on /home/felipe/airflow/dags/18_creating_table.py
[2023-12-31T12:13:19.584-0300] {processor.py:830} INFO - Processing file /home/felipe/airflow/dags/18_creating_table.py for tasks to queue
[2023-12-31T12:13:19.594-0300] {logging_mixin.py:188} INFO - [2023-12-31T12:13:19.594-0300] {dagbag.py:538} INFO - Filling up the DagBag from /home/felipe/airflow/dags/18_creating_table.py
[2023-12-31T12:13:19.815-0300] {processor.py:840} INFO - DAG(s) 'stocksense' retrieved from /home/felipe/airflow/dags/18_creating_table.py
[2023-12-31T12:13:20.184-0300] {logging_mixin.py:188} INFO - [2023-12-31T12:13:20.174-0300] {dag.py:3033} INFO - Sync 1 DAGs
[2023-12-31T12:13:20.594-0300] {logging_mixin.py:188} INFO - [2023-12-31T12:13:20.585-0300] {dag.py:3820} INFO - Setting next_dagrun for stocksense to 2023-12-30T00:00:00+00:00, run_after=2023-12-30T01:00:00+00:00
[2023-12-31T12:13:21.064-0300] {processor.py:183} INFO - Processing /home/felipe/airflow/dags/18_creating_table.py took 1.550 seconds
[2023-12-31T12:14:05.024-0300] {processor.py:161} INFO - Started process (PID=37387) to work on /home/felipe/airflow/dags/18_creating_table.py
[2023-12-31T12:14:05.044-0300] {processor.py:830} INFO - Processing file /home/felipe/airflow/dags/18_creating_table.py for tasks to queue
[2023-12-31T12:14:05.064-0300] {logging_mixin.py:188} INFO - [2023-12-31T12:14:05.055-0300] {dagbag.py:538} INFO - Filling up the DagBag from /home/felipe/airflow/dags/18_creating_table.py
[2023-12-31T12:14:05.344-0300] {processor.py:840} INFO - DAG(s) 'stocksense' retrieved from /home/felipe/airflow/dags/18_creating_table.py
[2023-12-31T12:14:07.505-0300] {logging_mixin.py:188} INFO - [2023-12-31T12:14:07.504-0300] {dag.py:3033} INFO - Sync 1 DAGs
[2023-12-31T12:14:07.924-0300] {logging_mixin.py:188} INFO - [2023-12-31T12:14:07.924-0300] {dag.py:3820} INFO - Setting next_dagrun for stocksense to 2023-12-30T00:00:00+00:00, run_after=2023-12-30T01:00:00+00:00
[2023-12-31T12:14:08.534-0300] {processor.py:183} INFO - Processing /home/felipe/airflow/dags/18_creating_table.py took 3.560 seconds
[2023-12-31T12:14:53.845-0300] {processor.py:161} INFO - Started process (PID=37480) to work on /home/felipe/airflow/dags/18_creating_table.py
[2023-12-31T12:14:53.864-0300] {processor.py:830} INFO - Processing file /home/felipe/airflow/dags/18_creating_table.py for tasks to queue
[2023-12-31T12:14:53.884-0300] {logging_mixin.py:188} INFO - [2023-12-31T12:14:53.874-0300] {dagbag.py:538} INFO - Filling up the DagBag from /home/felipe/airflow/dags/18_creating_table.py
[2023-12-31T12:14:54.144-0300] {processor.py:840} INFO - DAG(s) 'stocksense' retrieved from /home/felipe/airflow/dags/18_creating_table.py
[2023-12-31T12:14:54.624-0300] {logging_mixin.py:188} INFO - [2023-12-31T12:14:54.615-0300] {dag.py:3033} INFO - Sync 1 DAGs
[2023-12-31T12:14:55.114-0300] {logging_mixin.py:188} INFO - [2023-12-31T12:14:55.104-0300] {dag.py:3820} INFO - Setting next_dagrun for stocksense to 2023-12-30T00:00:00+00:00, run_after=2023-12-30T01:00:00+00:00
[2023-12-31T12:14:55.735-0300] {processor.py:183} INFO - Processing /home/felipe/airflow/dags/18_creating_table.py took 1.940 seconds
[2023-12-31T12:15:46.605-0300] {processor.py:161} INFO - Started process (PID=37547) to work on /home/felipe/airflow/dags/18_creating_table.py
[2023-12-31T12:15:46.624-0300] {processor.py:830} INFO - Processing file /home/felipe/airflow/dags/18_creating_table.py for tasks to queue
[2023-12-31T12:15:46.635-0300] {logging_mixin.py:188} INFO - [2023-12-31T12:15:46.634-0300] {dagbag.py:538} INFO - Filling up the DagBag from /home/felipe/airflow/dags/18_creating_table.py
[2023-12-31T12:15:46.864-0300] {processor.py:840} INFO - DAG(s) 'stocksense' retrieved from /home/felipe/airflow/dags/18_creating_table.py
[2023-12-31T12:15:48.994-0300] {logging_mixin.py:188} INFO - [2023-12-31T12:15:48.994-0300] {dag.py:3033} INFO - Sync 1 DAGs
[2023-12-31T12:15:49.334-0300] {logging_mixin.py:188} INFO - [2023-12-31T12:15:49.334-0300] {dag.py:3820} INFO - Setting next_dagrun for stocksense to 2023-12-30T00:00:00+00:00, run_after=2023-12-30T01:00:00+00:00
[2023-12-31T12:15:49.765-0300] {processor.py:183} INFO - Processing /home/felipe/airflow/dags/18_creating_table.py took 3.201 seconds
[2023-12-31T12:16:31.774-0300] {processor.py:161} INFO - Started process (PID=37608) to work on /home/felipe/airflow/dags/18_creating_table.py
[2023-12-31T12:16:31.794-0300] {processor.py:830} INFO - Processing file /home/felipe/airflow/dags/18_creating_table.py for tasks to queue
[2023-12-31T12:16:31.814-0300] {logging_mixin.py:188} INFO - [2023-12-31T12:16:31.804-0300] {dagbag.py:538} INFO - Filling up the DagBag from /home/felipe/airflow/dags/18_creating_table.py
[2023-12-31T12:16:32.045-0300] {processor.py:840} INFO - DAG(s) 'stocksense' retrieved from /home/felipe/airflow/dags/18_creating_table.py
[2023-12-31T12:16:32.484-0300] {logging_mixin.py:188} INFO - [2023-12-31T12:16:32.484-0300] {dag.py:3033} INFO - Sync 1 DAGs
[2023-12-31T12:16:32.874-0300] {logging_mixin.py:188} INFO - [2023-12-31T12:16:32.874-0300] {dag.py:3820} INFO - Setting next_dagrun for stocksense to 2023-12-30T00:00:00+00:00, run_after=2023-12-30T01:00:00+00:00
[2023-12-31T12:16:33.325-0300] {processor.py:183} INFO - Processing /home/felipe/airflow/dags/18_creating_table.py took 1.610 seconds
[2023-12-31T12:17:20.244-0300] {processor.py:161} INFO - Started process (PID=37673) to work on /home/felipe/airflow/dags/18_creating_table.py
[2023-12-31T12:17:20.264-0300] {processor.py:830} INFO - Processing file /home/felipe/airflow/dags/18_creating_table.py for tasks to queue
[2023-12-31T12:17:20.284-0300] {logging_mixin.py:188} INFO - [2023-12-31T12:17:20.275-0300] {dagbag.py:538} INFO - Filling up the DagBag from /home/felipe/airflow/dags/18_creating_table.py
[2023-12-31T12:17:20.524-0300] {processor.py:840} INFO - DAG(s) 'stocksense' retrieved from /home/felipe/airflow/dags/18_creating_table.py
[2023-12-31T12:17:22.664-0300] {logging_mixin.py:188} INFO - [2023-12-31T12:17:22.664-0300] {dag.py:3033} INFO - Sync 1 DAGs
[2023-12-31T12:17:23.094-0300] {logging_mixin.py:188} INFO - [2023-12-31T12:17:23.085-0300] {dag.py:3820} INFO - Setting next_dagrun for stocksense to 2023-12-30T00:00:00+00:00, run_after=2023-12-30T01:00:00+00:00
[2023-12-31T12:17:23.575-0300] {processor.py:183} INFO - Processing /home/felipe/airflow/dags/18_creating_table.py took 3.371 seconds
[2023-12-31T12:18:13.204-0300] {processor.py:161} INFO - Started process (PID=37736) to work on /home/felipe/airflow/dags/18_creating_table.py
[2023-12-31T12:18:13.225-0300] {processor.py:830} INFO - Processing file /home/felipe/airflow/dags/18_creating_table.py for tasks to queue
[2023-12-31T12:18:13.255-0300] {logging_mixin.py:188} INFO - [2023-12-31T12:18:13.254-0300] {dagbag.py:538} INFO - Filling up the DagBag from /home/felipe/airflow/dags/18_creating_table.py
[2023-12-31T12:18:13.624-0300] {processor.py:840} INFO - DAG(s) 'stocksense' retrieved from /home/felipe/airflow/dags/18_creating_table.py
[2023-12-31T12:18:14.294-0300] {logging_mixin.py:188} INFO - [2023-12-31T12:18:14.294-0300] {dag.py:3033} INFO - Sync 1 DAGs
[2023-12-31T12:18:14.954-0300] {logging_mixin.py:188} INFO - [2023-12-31T12:18:14.945-0300] {dag.py:3820} INFO - Setting next_dagrun for stocksense to 2023-12-30T00:00:00+00:00, run_after=2023-12-30T01:00:00+00:00
[2023-12-31T12:18:15.594-0300] {processor.py:183} INFO - Processing /home/felipe/airflow/dags/18_creating_table.py took 2.450 seconds
[2023-12-31T12:25:30.751-0300] {processor.py:161} INFO - Started process (PID=37948) to work on /home/felipe/airflow/dags/18_creating_table.py
[2023-12-31T12:25:30.781-0300] {processor.py:830} INFO - Processing file /home/felipe/airflow/dags/18_creating_table.py for tasks to queue
[2023-12-31T12:25:30.821-0300] {logging_mixin.py:188} INFO - [2023-12-31T12:25:30.801-0300] {dagbag.py:538} INFO - Filling up the DagBag from /home/felipe/airflow/dags/18_creating_table.py
[2023-12-31T12:25:31.321-0300] {processor.py:840} INFO - DAG(s) 'stocksense' retrieved from /home/felipe/airflow/dags/18_creating_table.py
[2023-12-31T12:25:31.561-0300] {logging_mixin.py:188} INFO - [2023-12-31T12:25:31.551-0300] {dag.py:3033} INFO - Sync 1 DAGs
[2023-12-31T12:25:32.481-0300] {logging_mixin.py:188} INFO - [2023-12-31T12:25:32.471-0300] {dag.py:3820} INFO - Setting next_dagrun for stocksense to 2023-12-30T00:00:00+00:00, run_after=2023-12-30T01:00:00+00:00
[2023-12-31T12:25:33.621-0300] {processor.py:183} INFO - Processing /home/felipe/airflow/dags/18_creating_table.py took 2.970 seconds
[2023-12-31T12:26:39.850-0300] {processor.py:161} INFO - Started process (PID=37994) to work on /home/felipe/airflow/dags/18_creating_table.py
[2023-12-31T12:26:39.880-0300] {processor.py:830} INFO - Processing file /home/felipe/airflow/dags/18_creating_table.py for tasks to queue
[2023-12-31T12:26:39.910-0300] {logging_mixin.py:188} INFO - [2023-12-31T12:26:39.900-0300] {dagbag.py:538} INFO - Filling up the DagBag from /home/felipe/airflow/dags/18_creating_table.py
[2023-12-31T12:26:40.281-0300] {processor.py:840} INFO - DAG(s) 'stocksense' retrieved from /home/felipe/airflow/dags/18_creating_table.py
[2023-12-31T12:26:43.221-0300] {logging_mixin.py:188} INFO - [2023-12-31T12:26:43.211-0300] {dag.py:3033} INFO - Sync 1 DAGs
[2023-12-31T12:26:43.851-0300] {logging_mixin.py:188} INFO - [2023-12-31T12:26:43.841-0300] {dag.py:3820} INFO - Setting next_dagrun for stocksense to 2023-12-30T00:00:00+00:00, run_after=2023-12-30T01:00:00+00:00
[2023-12-31T12:26:44.540-0300] {processor.py:183} INFO - Processing /home/felipe/airflow/dags/18_creating_table.py took 4.750 seconds
[2023-12-31T12:27:51.751-0300] {processor.py:161} INFO - Started process (PID=38071) to work on /home/felipe/airflow/dags/18_creating_table.py
[2023-12-31T12:27:51.771-0300] {processor.py:830} INFO - Processing file /home/felipe/airflow/dags/18_creating_table.py for tasks to queue
[2023-12-31T12:27:51.791-0300] {logging_mixin.py:188} INFO - [2023-12-31T12:27:51.790-0300] {dagbag.py:538} INFO - Filling up the DagBag from /home/felipe/airflow/dags/18_creating_table.py
[2023-12-31T12:27:52.141-0300] {processor.py:840} INFO - DAG(s) 'stocksense' retrieved from /home/felipe/airflow/dags/18_creating_table.py
[2023-12-31T12:27:52.361-0300] {logging_mixin.py:188} INFO - [2023-12-31T12:27:52.351-0300] {dag.py:3033} INFO - Sync 1 DAGs
[2023-12-31T12:27:53.161-0300] {logging_mixin.py:188} INFO - [2023-12-31T12:27:53.160-0300] {dag.py:3820} INFO - Setting next_dagrun for stocksense to 2023-12-30T00:00:00+00:00, run_after=2023-12-30T01:00:00+00:00
[2023-12-31T12:27:53.881-0300] {processor.py:183} INFO - Processing /home/felipe/airflow/dags/18_creating_table.py took 2.200 seconds
[2023-12-31T12:29:00.560-0300] {processor.py:161} INFO - Started process (PID=38124) to work on /home/felipe/airflow/dags/18_creating_table.py
[2023-12-31T12:29:00.581-0300] {processor.py:830} INFO - Processing file /home/felipe/airflow/dags/18_creating_table.py for tasks to queue
[2023-12-31T12:29:00.620-0300] {logging_mixin.py:188} INFO - [2023-12-31T12:29:00.610-0300] {dagbag.py:538} INFO - Filling up the DagBag from /home/felipe/airflow/dags/18_creating_table.py
[2023-12-31T12:29:01.001-0300] {processor.py:840} INFO - DAG(s) 'stocksense' retrieved from /home/felipe/airflow/dags/18_creating_table.py
[2023-12-31T12:29:04.590-0300] {logging_mixin.py:188} INFO - [2023-12-31T12:29:04.581-0300] {dag.py:3033} INFO - Sync 1 DAGs
[2023-12-31T12:29:05.210-0300] {logging_mixin.py:188} INFO - [2023-12-31T12:29:05.201-0300] {dag.py:3820} INFO - Setting next_dagrun for stocksense to 2023-12-30T00:00:00+00:00, run_after=2023-12-30T01:00:00+00:00
[2023-12-31T12:29:05.821-0300] {processor.py:183} INFO - Processing /home/felipe/airflow/dags/18_creating_table.py took 5.330 seconds
[2023-12-31T12:30:17.200-0300] {processor.py:161} INFO - Started process (PID=38180) to work on /home/felipe/airflow/dags/18_creating_table.py
[2023-12-31T12:30:17.221-0300] {processor.py:830} INFO - Processing file /home/felipe/airflow/dags/18_creating_table.py for tasks to queue
[2023-12-31T12:30:17.241-0300] {logging_mixin.py:188} INFO - [2023-12-31T12:30:17.231-0300] {dagbag.py:538} INFO - Filling up the DagBag from /home/felipe/airflow/dags/18_creating_table.py
[2023-12-31T12:30:17.521-0300] {processor.py:840} INFO - DAG(s) 'stocksense' retrieved from /home/felipe/airflow/dags/18_creating_table.py
[2023-12-31T12:30:20.460-0300] {logging_mixin.py:188} INFO - [2023-12-31T12:30:20.451-0300] {dag.py:3033} INFO - Sync 1 DAGs
[2023-12-31T12:30:20.981-0300] {logging_mixin.py:188} INFO - [2023-12-31T12:30:20.980-0300] {dag.py:3820} INFO - Setting next_dagrun for stocksense to 2023-12-30T00:00:00+00:00, run_after=2023-12-30T01:00:00+00:00
[2023-12-31T12:30:21.611-0300] {processor.py:183} INFO - Processing /home/felipe/airflow/dags/18_creating_table.py took 4.470 seconds
[2023-12-31T12:31:34.241-0300] {processor.py:161} INFO - Started process (PID=38255) to work on /home/felipe/airflow/dags/18_creating_table.py
[2023-12-31T12:31:34.261-0300] {processor.py:830} INFO - Processing file /home/felipe/airflow/dags/18_creating_table.py for tasks to queue
[2023-12-31T12:31:34.281-0300] {logging_mixin.py:188} INFO - [2023-12-31T12:31:34.280-0300] {dagbag.py:538} INFO - Filling up the DagBag from /home/felipe/airflow/dags/18_creating_table.py
[2023-12-31T12:31:34.571-0300] {processor.py:840} INFO - DAG(s) 'stocksense' retrieved from /home/felipe/airflow/dags/18_creating_table.py
[2023-12-31T12:31:37.751-0300] {logging_mixin.py:188} INFO - [2023-12-31T12:31:37.750-0300] {dag.py:3033} INFO - Sync 1 DAGs
[2023-12-31T12:31:38.301-0300] {logging_mixin.py:188} INFO - [2023-12-31T12:31:38.300-0300] {dag.py:3820} INFO - Setting next_dagrun for stocksense to 2023-12-30T00:00:00+00:00, run_after=2023-12-30T01:00:00+00:00
[2023-12-31T12:31:38.940-0300] {processor.py:183} INFO - Processing /home/felipe/airflow/dags/18_creating_table.py took 4.760 seconds
[2023-12-31T12:32:56.710-0300] {processor.py:161} INFO - Started process (PID=38309) to work on /home/felipe/airflow/dags/18_creating_table.py
[2023-12-31T12:32:56.731-0300] {processor.py:830} INFO - Processing file /home/felipe/airflow/dags/18_creating_table.py for tasks to queue
[2023-12-31T12:32:56.760-0300] {logging_mixin.py:188} INFO - [2023-12-31T12:32:56.750-0300] {dagbag.py:538} INFO - Filling up the DagBag from /home/felipe/airflow/dags/18_creating_table.py
[2023-12-31T12:32:57.100-0300] {processor.py:840} INFO - DAG(s) 'stocksense' retrieved from /home/felipe/airflow/dags/18_creating_table.py
[2023-12-31T12:33:00.830-0300] {logging_mixin.py:188} INFO - [2023-12-31T12:33:00.820-0300] {dag.py:3033} INFO - Sync 1 DAGs
[2023-12-31T12:33:01.471-0300] {logging_mixin.py:188} INFO - [2023-12-31T12:33:01.470-0300] {dag.py:3820} INFO - Setting next_dagrun for stocksense to 2023-12-30T00:00:00+00:00, run_after=2023-12-30T01:00:00+00:00
[2023-12-31T12:33:02.380-0300] {processor.py:183} INFO - Processing /home/felipe/airflow/dags/18_creating_table.py took 5.740 seconds
[2023-12-31T12:33:47.681-0300] {processor.py:161} INFO - Started process (PID=38340) to work on /home/felipe/airflow/dags/18_creating_table.py
[2023-12-31T12:33:47.720-0300] {processor.py:830} INFO - Processing file /home/felipe/airflow/dags/18_creating_table.py for tasks to queue
[2023-12-31T12:33:47.760-0300] {logging_mixin.py:188} INFO - [2023-12-31T12:33:47.741-0300] {dagbag.py:538} INFO - Filling up the DagBag from /home/felipe/airflow/dags/18_creating_table.py
[2023-12-31T12:33:48.170-0300] {processor.py:840} INFO - DAG(s) 'stocksense' retrieved from /home/felipe/airflow/dags/18_creating_table.py
[2023-12-31T12:33:48.351-0300] {logging_mixin.py:188} INFO - [2023-12-31T12:33:48.341-0300] {dag.py:3033} INFO - Sync 1 DAGs
[2023-12-31T12:33:49.061-0300] {logging_mixin.py:188} INFO - [2023-12-31T12:33:49.060-0300] {dag.py:3820} INFO - Setting next_dagrun for stocksense to 2023-12-30T00:00:00+00:00, run_after=2023-12-30T01:00:00+00:00
[2023-12-31T12:33:49.880-0300] {processor.py:183} INFO - Processing /home/felipe/airflow/dags/18_creating_table.py took 2.310 seconds
[2023-12-31T12:35:17.801-0300] {processor.py:161} INFO - Started process (PID=38394) to work on /home/felipe/airflow/dags/18_creating_table.py
[2023-12-31T12:35:17.840-0300] {processor.py:830} INFO - Processing file /home/felipe/airflow/dags/18_creating_table.py for tasks to queue
[2023-12-31T12:35:17.861-0300] {logging_mixin.py:188} INFO - [2023-12-31T12:35:17.851-0300] {dagbag.py:538} INFO - Filling up the DagBag from /home/felipe/airflow/dags/18_creating_table.py
[2023-12-31T12:35:18.241-0300] {processor.py:840} INFO - DAG(s) 'stocksense' retrieved from /home/felipe/airflow/dags/18_creating_table.py
[2023-12-31T12:35:18.440-0300] {logging_mixin.py:188} INFO - [2023-12-31T12:35:18.431-0300] {dag.py:3033} INFO - Sync 1 DAGs
[2023-12-31T12:35:19.210-0300] {logging_mixin.py:188} INFO - [2023-12-31T12:35:19.200-0300] {dag.py:3820} INFO - Setting next_dagrun for stocksense to 2023-12-30T00:00:00+00:00, run_after=2023-12-30T01:00:00+00:00
[2023-12-31T12:35:20.260-0300] {processor.py:183} INFO - Processing /home/felipe/airflow/dags/18_creating_table.py took 2.530 seconds
[2023-12-31T12:36:10.301-0300] {processor.py:161} INFO - Started process (PID=38454) to work on /home/felipe/airflow/dags/18_creating_table.py
[2023-12-31T12:36:10.341-0300] {processor.py:830} INFO - Processing file /home/felipe/airflow/dags/18_creating_table.py for tasks to queue
[2023-12-31T12:36:10.381-0300] {logging_mixin.py:188} INFO - [2023-12-31T12:36:10.361-0300] {dagbag.py:538} INFO - Filling up the DagBag from /home/felipe/airflow/dags/18_creating_table.py
[2023-12-31T12:36:10.840-0300] {processor.py:840} INFO - DAG(s) 'stocksense' retrieved from /home/felipe/airflow/dags/18_creating_table.py
[2023-12-31T12:36:14.700-0300] {logging_mixin.py:188} INFO - [2023-12-31T12:36:14.690-0300] {dag.py:3033} INFO - Sync 1 DAGs
[2023-12-31T12:36:15.590-0300] {logging_mixin.py:188} INFO - [2023-12-31T12:36:15.571-0300] {dag.py:3820} INFO - Setting next_dagrun for stocksense to 2023-12-30T00:00:00+00:00, run_after=2023-12-30T01:00:00+00:00
[2023-12-31T12:36:16.580-0300] {processor.py:183} INFO - Processing /home/felipe/airflow/dags/18_creating_table.py took 6.390 seconds
[2023-12-31T12:37:17.350-0300] {processor.py:161} INFO - Started process (PID=38492) to work on /home/felipe/airflow/dags/18_creating_table.py
[2023-12-31T12:37:17.400-0300] {processor.py:830} INFO - Processing file /home/felipe/airflow/dags/18_creating_table.py for tasks to queue
[2023-12-31T12:37:17.441-0300] {logging_mixin.py:188} INFO - [2023-12-31T12:37:17.430-0300] {dagbag.py:538} INFO - Filling up the DagBag from /home/felipe/airflow/dags/18_creating_table.py
[2023-12-31T12:37:18.070-0300] {processor.py:840} INFO - DAG(s) 'stocksense' retrieved from /home/felipe/airflow/dags/18_creating_table.py
[2023-12-31T12:37:18.440-0300] {logging_mixin.py:188} INFO - [2023-12-31T12:37:18.430-0300] {dag.py:3033} INFO - Sync 1 DAGs
[2023-12-31T12:37:19.741-0300] {logging_mixin.py:188} INFO - [2023-12-31T12:37:19.730-0300] {dag.py:3820} INFO - Setting next_dagrun for stocksense to 2023-12-30T00:00:00+00:00, run_after=2023-12-30T01:00:00+00:00
[2023-12-31T12:37:20.880-0300] {processor.py:183} INFO - Processing /home/felipe/airflow/dags/18_creating_table.py took 3.660 seconds
[2023-12-31T12:45:18.308-0300] {processor.py:161} INFO - Started process (PID=38656) to work on /home/felipe/airflow/dags/18_creating_table.py
[2023-12-31T12:45:18.407-0300] {processor.py:830} INFO - Processing file /home/felipe/airflow/dags/18_creating_table.py for tasks to queue
[2023-12-31T12:45:18.568-0300] {logging_mixin.py:188} INFO - [2023-12-31T12:45:18.508-0300] {dagbag.py:538} INFO - Filling up the DagBag from /home/felipe/airflow/dags/18_creating_table.py
[2023-12-31T12:45:20.388-0300] {processor.py:840} INFO - DAG(s) 'stocksense' retrieved from /home/felipe/airflow/dags/18_creating_table.py
[2023-12-31T12:45:31.708-0300] {logging_mixin.py:188} INFO - [2023-12-31T12:45:31.688-0300] {dag.py:3033} INFO - Sync 1 DAGs
[2023-12-31T12:45:33.998-0300] {logging_mixin.py:188} INFO - [2023-12-31T12:45:33.978-0300] {dag.py:3820} INFO - Setting next_dagrun for stocksense to 2023-12-30T00:00:00+00:00, run_after=2023-12-30T01:00:00+00:00
[2023-12-31T12:45:36.268-0300] {processor.py:183} INFO - Processing /home/felipe/airflow/dags/18_creating_table.py took 18.220 seconds
[2023-12-31T12:47:50.198-0300] {processor.py:161} INFO - Started process (PID=38781) to work on /home/felipe/airflow/dags/18_creating_table.py
[2023-12-31T12:47:50.258-0300] {processor.py:830} INFO - Processing file /home/felipe/airflow/dags/18_creating_table.py for tasks to queue
[2023-12-31T12:47:50.308-0300] {logging_mixin.py:188} INFO - [2023-12-31T12:47:50.288-0300] {dagbag.py:538} INFO - Filling up the DagBag from /home/felipe/airflow/dags/18_creating_table.py
[2023-12-31T12:47:51.078-0300] {processor.py:840} INFO - DAG(s) 'stocksense' retrieved from /home/felipe/airflow/dags/18_creating_table.py
[2023-12-31T12:47:51.478-0300] {logging_mixin.py:188} INFO - [2023-12-31T12:47:51.468-0300] {dag.py:3033} INFO - Sync 1 DAGs
[2023-12-31T12:47:53.008-0300] {logging_mixin.py:188} INFO - [2023-12-31T12:47:52.998-0300] {dag.py:3820} INFO - Setting next_dagrun for stocksense to 2023-12-30T00:00:00+00:00, run_after=2023-12-30T01:00:00+00:00
[2023-12-31T12:47:55.277-0300] {processor.py:183} INFO - Processing /home/felipe/airflow/dags/18_creating_table.py took 5.200 seconds
[2023-12-31T12:50:31.208-0300] {processor.py:161} INFO - Started process (PID=38851) to work on /home/felipe/airflow/dags/18_creating_table.py
[2023-12-31T12:50:31.298-0300] {processor.py:830} INFO - Processing file /home/felipe/airflow/dags/18_creating_table.py for tasks to queue
[2023-12-31T12:50:31.447-0300] {logging_mixin.py:188} INFO - [2023-12-31T12:50:31.387-0300] {dagbag.py:538} INFO - Filling up the DagBag from /home/felipe/airflow/dags/18_creating_table.py
[2023-12-31T12:50:33.047-0300] {processor.py:840} INFO - DAG(s) 'stocksense' retrieved from /home/felipe/airflow/dags/18_creating_table.py
[2023-12-31T12:50:48.848-0300] {logging_mixin.py:188} INFO - [2023-12-31T12:50:48.798-0300] {dag.py:3033} INFO - Sync 1 DAGs
[2023-12-31T12:50:53.418-0300] {logging_mixin.py:188} INFO - [2023-12-31T12:50:53.387-0300] {dag.py:3820} INFO - Setting next_dagrun for stocksense to 2023-12-30T00:00:00+00:00, run_after=2023-12-30T01:00:00+00:00
[2023-12-31T12:50:57.318-0300] {processor.py:183} INFO - Processing /home/felipe/airflow/dags/18_creating_table.py took 26.470 seconds
